INFO     [2021-06-01 03:13:44,123]: *** sta1-wlan0: Started flexible_sdn.py
INFO     [2021-06-01 03:13:44,125]: *** sta1: Interface: sta1-wlan0, Scan-interface: sta1-wlan1
INFO     [2021-06-01 03:13:44,159]: *** sta3-wlan0: Started flexible_sdn.py
INFO     [2021-06-01 03:13:44,160]: *** sta3: Interface: sta3-wlan0, Scan-interface: sta3-wlan1
INFO     [2021-06-01 03:15:58,790]: *** sta3-wlan1: Scanner started. Searching for ap1-ssid with interval 3.0
INFO     [2021-06-01 03:15:59,793]: *** sta1-wlan1: Scanner started. Searching for ap1-ssid with interval 3.0
INFO     [2021-06-01 03:16:01,797]: *** sta3-wlan1: Scanning for ap1-ssid
INFO     [2021-06-01 03:16:02,794]: *** sta1-wlan1: Scanning for ap1-ssid
INFO     [2021-06-01 03:16:02,821]: *** sta3-wlan1: Scan detected ap1-ssid in range (signal: -87.0 / -80.0)
INFO     [2021-06-01 03:16:03,825]: *** sta3-wlan1: Scan detected ap1-ssid in range (signal: -87.0 / -80.0)
INFO     [2021-06-01 03:16:03,826]: *** sta1-wlan1: Scan detected ap1-ssid in range (signal: -89.0 / -80.0)
INFO     [2021-06-01 03:16:04,842]: *** sta3-wlan1: Scan detected ap1-ssid in range (signal: -87.0 / -80.0)
INFO     [2021-06-01 03:16:04,848]: *** sta1-wlan1: Scan detected ap1-ssid in range (signal: -89.0 / -80.0)
INFO     [2021-06-01 03:16:05,848]: *** sta3-wlan1: Scan detected ap1-ssid in range (signal: -87.0 / -80.0)
INFO     [2021-06-01 03:16:05,853]: *** sta1-wlan1: Scan detected ap1-ssid in range (signal: -89.0 / -80.0)
INFO     [2021-06-01 03:16:06,854]: *** sta3-wlan1: Scan detected ap1-ssid in range (signal: -87.0 / -80.0)
INFO     [2021-06-01 03:16:06,857]: *** sta1-wlan1: Scan detected ap1-ssid in range (signal: -89.0 / -80.0)
INFO     [2021-06-01 03:16:07,858]: *** sta3-wlan1: Scan detected ap1-ssid in range (signal: -87.0 / -80.0)
INFO     [2021-06-01 03:16:07,864]: *** sta1-wlan1: Scan detected ap1-ssid in range (signal: -89.0 / -80.0)
INFO     [2021-06-01 03:16:08,862]: *** sta3-wlan1: Scan detected ap1-ssid in range (signal: -87.0 / -80.0)
INFO     [2021-06-01 03:16:08,879]: *** sta1-wlan1: Scan detected ap1-ssid in range (signal: -89.0 / -80.0)
INFO     [2021-06-01 03:16:09,250]: *** sta3-wlan1: Scanning for ap1-ssid
INFO     [2021-06-01 03:16:09,867]: *** sta3-wlan1: Scan detected ap1-ssid in range (signal: -87.0 / -80.0)
INFO     [2021-06-01 03:16:09,898]: *** sta1-wlan1: Scan detected ap1-ssid in range (signal: -89.0 / -80.0)
INFO     [2021-06-01 03:16:10,370]: *** sta1-wlan1: Scanning for ap1-ssid
INFO     [2021-06-01 03:16:10,872]: *** sta3-wlan1: Scan detected ap1-ssid in range (signal: -87.0 / -80.0)
INFO     [2021-06-01 03:16:10,954]: *** sta1-wlan1: Scan detected ap1-ssid in range (signal: -89.0 / -80.0)
INFO     [2021-06-01 03:16:11,876]: *** sta3-wlan1: Scan detected ap1-ssid in range (signal: -87.0 / -80.0)
INFO     [2021-06-01 03:16:11,960]: *** sta1-wlan1: Scan detected ap1-ssid in range (signal: -89.0 / -80.0)
INFO     [2021-06-01 03:16:12,880]: *** sta3-wlan1: Scan detected ap1-ssid in range (signal: -87.0 / -80.0)
INFO     [2021-06-01 03:16:12,966]: *** sta1-wlan1: Scan detected ap1-ssid in range (signal: -89.0 / -80.0)
INFO     [2021-06-01 03:16:13,885]: *** sta3-wlan1: Scan detected ap1-ssid in range (signal: -87.0 / -80.0)
INFO     [2021-06-01 03:16:13,971]: *** sta1-wlan1: Scan detected ap1-ssid in range (signal: -89.0 / -80.0)
INFO     [2021-06-01 03:16:14,890]: *** sta3-wlan1: Scan detected ap1-ssid in range (signal: -87.0 / -80.0)
INFO     [2021-06-01 03:16:14,989]: *** sta1-wlan1: Scan detected ap1-ssid in range (signal: -89.0 / -80.0)
INFO     [2021-06-01 03:16:15,895]: *** sta3-wlan1: Scan detected ap1-ssid in range (signal: -87.0 / -80.0)
INFO     [2021-06-01 03:16:15,994]: *** sta1-wlan1: Scan detected ap1-ssid in range (signal: -89.0 / -80.0)
INFO     [2021-06-01 03:16:16,093]: *** sta3-wlan1: Scanning for ap1-ssid
INFO     [2021-06-01 03:16:16,912]: *** sta3-wlan1: Scan detected ap1-ssid in range (signal: -88.0 / -80.0)
INFO     [2021-06-01 03:16:17,000]: *** sta1-wlan1: Scan detected ap1-ssid in range (signal: -89.0 / -80.0)
INFO     [2021-06-01 03:16:17,198]: *** sta1-wlan1: Scanning for ap1-ssid
INFO     [2021-06-01 03:16:17,917]: *** sta3-wlan1: Scan detected ap1-ssid in range (signal: -88.0 / -80.0)
INFO     [2021-06-01 03:16:18,056]: *** sta1-wlan1: Scan detected ap1-ssid in range (signal: -88.0 / -80.0)
INFO     [2021-06-01 03:16:18,924]: *** sta3-wlan1: Scan detected ap1-ssid in range (signal: -88.0 / -80.0)
INFO     [2021-06-01 03:16:19,062]: *** sta1-wlan1: Scan detected ap1-ssid in range (signal: -88.0 / -80.0)
INFO     [2021-06-01 03:16:19,930]: *** sta3-wlan1: Scan detected ap1-ssid in range (signal: -88.0 / -80.0)
INFO     [2021-06-01 03:16:20,072]: *** sta1-wlan1: Scan detected ap1-ssid in range (signal: -88.0 / -80.0)
INFO     [2021-06-01 03:16:20,935]: *** sta3-wlan1: Scan detected ap1-ssid in range (signal: -88.0 / -80.0)
INFO     [2021-06-01 03:16:21,088]: *** sta1-wlan1: Scan detected ap1-ssid in range (signal: -88.0 / -80.0)
INFO     [2021-06-01 03:16:21,940]: *** sta3-wlan1: Scan detected ap1-ssid in range (signal: -88.0 / -80.0)
INFO     [2021-06-01 03:16:22,096]: *** sta1-wlan1: Scan detected ap1-ssid in range (signal: -88.0 / -80.0)
INFO     [2021-06-01 03:16:22,948]: *** sta3-wlan1: Scan detected ap1-ssid in range (signal: -88.0 / -80.0)
INFO     [2021-06-01 03:16:23,105]: *** sta1-wlan1: Scan detected ap1-ssid in range (signal: -88.0 / -80.0)
INFO     [2021-06-01 03:16:23,203]: *** sta3-wlan1: Scanning for ap1-ssid
INFO     [2021-06-01 03:16:24,140]: *** sta3-wlan1: Scan detected ap1-ssid in range (signal: -90.0 / -80.0)
INFO     [2021-06-01 03:16:24,140]: *** sta1-wlan1: Scan detected ap1-ssid in range (signal: -88.0 / -80.0)
INFO     [2021-06-01 03:16:24,465]: *** sta1-wlan1: Scanning for ap1-ssid
INFO     [2021-06-01 03:16:25,157]: *** sta3-wlan1: Scan detected ap1-ssid in range (signal: -90.0 / -80.0)
INFO     [2021-06-01 03:16:25,157]: *** sta1-wlan1: Scan detected ap1-ssid in range (signal: -90.0 / -80.0)
INFO     [2021-06-01 03:16:26,160]: *** sta1-wlan1: Scan detected ap1-ssid in range (signal: -90.0 / -80.0)
INFO     [2021-06-01 03:16:26,161]: *** sta3-wlan1: Scan detected ap1-ssid in range (signal: -90.0 / -80.0)
INFO     [2021-06-01 03:16:27,165]: *** sta3-wlan1: Scan detected ap1-ssid in range (signal: -90.0 / -80.0)
INFO     [2021-06-01 03:16:27,167]: *** sta1-wlan1: Scan detected ap1-ssid in range (signal: -90.0 / -80.0)
INFO     [2021-06-01 03:16:28,175]: *** sta3-wlan1: Scan detected ap1-ssid in range (signal: -90.0 / -80.0)
INFO     [2021-06-01 03:16:28,175]: *** sta1-wlan1: Scan detected ap1-ssid in range (signal: -90.0 / -80.0)
INFO     [2021-06-01 03:16:29,180]: *** sta3-wlan1: Scan detected ap1-ssid in range (signal: -90.0 / -80.0)
INFO     [2021-06-01 03:16:29,180]: *** sta1-wlan1: Scan detected ap1-ssid in range (signal: -90.0 / -80.0)
INFO     [2021-06-01 03:16:30,186]: *** sta3-wlan1: Scan detected ap1-ssid in range (signal: -90.0 / -80.0)
INFO     [2021-06-01 03:16:30,187]: *** sta1-wlan1: Scan detected ap1-ssid in range (signal: -90.0 / -80.0)
INFO     [2021-06-01 03:16:30,330]: *** sta3-wlan1: Scanning for ap1-ssid
INFO     [2021-06-01 03:16:31,191]: *** sta3-wlan1: Scan detected ap1-ssid in range (signal: -90.0 / -80.0)
INFO     [2021-06-01 03:16:31,193]: *** sta1-wlan1: Scan detected ap1-ssid in range (signal: -90.0 / -80.0)
INFO     [2021-06-01 03:16:31,238]: *** sta1-wlan1: Scanning for ap1-ssid
INFO     [2021-06-01 03:16:32,210]: *** sta1-wlan1: Scan detected ap1-ssid in range (signal: -90.0 / -80.0)
INFO     [2021-06-01 03:16:32,220]: *** sta3-wlan1: Scan detected ap1-ssid in range (signal: -90.0 / -80.0)
INFO     [2021-06-01 03:16:33,215]: *** sta1-wlan1: Scan detected ap1-ssid in range (signal: -90.0 / -80.0)
INFO     [2021-06-01 03:16:33,225]: *** sta3-wlan1: Scan detected ap1-ssid in range (signal: -90.0 / -80.0)
INFO     [2021-06-01 03:16:34,220]: *** sta1-wlan1: Scan detected ap1-ssid in range (signal: -90.0 / -80.0)
INFO     [2021-06-01 03:16:34,230]: *** sta3-wlan1: Scan detected ap1-ssid in range (signal: -90.0 / -80.0)
INFO     [2021-06-01 03:16:35,225]: *** sta1-wlan1: Scan detected ap1-ssid in range (signal: -90.0 / -80.0)
INFO     [2021-06-01 03:16:35,233]: *** sta3-wlan1: Scan detected ap1-ssid in range (signal: -90.0 / -80.0)
INFO     [2021-06-01 03:16:36,241]: *** sta1-wlan1: Scan detected ap1-ssid in range (signal: -90.0 / -80.0)
INFO     [2021-06-01 03:16:36,246]: *** sta3-wlan1: Scan detected ap1-ssid in range (signal: -90.0 / -80.0)
INFO     [2021-06-01 03:16:37,248]: *** sta1-wlan1: Scan detected ap1-ssid in range (signal: -90.0 / -80.0)
INFO     [2021-06-01 03:16:37,251]: *** sta3-wlan1: Scan detected ap1-ssid in range (signal: -90.0 / -80.0)
INFO     [2021-06-01 03:16:37,490]: *** sta3-wlan1: Scanning for ap1-ssid
INFO     [2021-06-01 03:16:38,042]: *** sta1-wlan1: Scanning for ap1-ssid
INFO     [2021-06-01 03:16:38,253]: *** sta1-wlan1: Scan detected ap1-ssid in range (signal: -88.0 / -80.0)
INFO     [2021-06-01 03:16:38,256]: *** sta3-wlan1: Scan detected ap1-ssid in range (signal: -90.0 / -80.0)
INFO     [2021-06-01 03:16:39,259]: *** sta1-wlan1: Scan detected ap1-ssid in range (signal: -88.0 / -80.0)
INFO     [2021-06-01 03:16:39,262]: *** sta3-wlan1: Scan detected ap1-ssid in range (signal: -90.0 / -80.0)
INFO     [2021-06-01 03:16:40,265]: *** sta1-wlan1: Scan detected ap1-ssid in range (signal: -88.0 / -80.0)
INFO     [2021-06-01 03:16:40,267]: *** sta3-wlan1: Scan detected ap1-ssid in range (signal: -90.0 / -80.0)
INFO     [2021-06-01 03:16:41,270]: *** sta1-wlan1: Scan detected ap1-ssid in range (signal: -88.0 / -80.0)
INFO     [2021-06-01 03:16:41,272]: *** sta3-wlan1: Scan detected ap1-ssid in range (signal: -90.0 / -80.0)
INFO     [2021-06-01 03:16:42,277]: *** sta1-wlan1: Scan detected ap1-ssid in range (signal: -88.0 / -80.0)
INFO     [2021-06-01 03:16:42,277]: *** sta3-wlan1: Scan detected ap1-ssid in range (signal: -90.0 / -80.0)
INFO     [2021-06-01 03:16:43,292]: *** sta3-wlan1: Scan detected ap1-ssid in range (signal: -90.0 / -80.0)
INFO     [2021-06-01 03:16:43,294]: *** sta1-wlan1: Scan detected ap1-ssid in range (signal: -88.0 / -80.0)
INFO     [2021-06-01 03:16:44,238]: *** sta3-wlan1: Scanning for ap1-ssid
INFO     [2021-06-01 03:16:44,297]: *** sta3-wlan1: Scan detected ap1-ssid in range (signal: -90.0 / -80.0)
INFO     [2021-06-01 03:16:44,299]: *** sta1-wlan1: Scan detected ap1-ssid in range (signal: -88.0 / -80.0)
INFO     [2021-06-01 03:16:44,823]: *** sta1-wlan1: Scanning for ap1-ssid
INFO     [2021-06-01 03:16:45,302]: *** sta3-wlan1: Scan detected ap1-ssid in range (signal: -90.0 / -80.0)
INFO     [2021-06-01 03:16:45,303]: *** sta1-wlan1: Scan detected ap1-ssid in range (signal: -88.0 / -80.0)
INFO     [2021-06-01 03:16:46,309]: *** sta3-wlan1: Scan detected ap1-ssid in range (signal: -90.0 / -80.0)
INFO     [2021-06-01 03:16:46,309]: *** sta1-wlan1: Scan detected ap1-ssid in range (signal: -88.0 / -80.0)
INFO     [2021-06-01 03:16:47,314]: *** sta3-wlan1: Scan detected ap1-ssid in range (signal: -90.0 / -80.0)
INFO     [2021-06-01 03:16:47,314]: *** sta1-wlan1: Scan detected ap1-ssid in range (signal: -88.0 / -80.0)
INFO     [2021-06-01 03:16:48,325]: *** sta3-wlan1: Scan detected ap1-ssid in range (signal: -90.0 / -80.0)
INFO     [2021-06-01 03:16:48,328]: *** sta1-wlan1: Scan detected ap1-ssid in range (signal: -88.0 / -80.0)
INFO     [2021-06-01 03:16:49,332]: *** sta3-wlan1: Scan detected ap1-ssid in range (signal: -90.0 / -80.0)
INFO     [2021-06-01 03:16:49,336]: *** sta1-wlan1: Scan detected ap1-ssid in range (signal: -88.0 / -80.0)
INFO     [2021-06-01 03:16:50,340]: *** sta3-wlan1: Scan detected ap1-ssid in range (signal: -90.0 / -80.0)
INFO     [2021-06-01 03:16:50,340]: *** sta1-wlan1: Scan detected ap1-ssid in range (signal: -88.0 / -80.0)
INFO     [2021-06-01 03:16:51,044]: *** sta3-wlan1: Scanning for ap1-ssid
INFO     [2021-06-01 03:16:51,346]: *** sta3-wlan1: Scan detected ap1-ssid in range (signal: -90.0 / -80.0)
INFO     [2021-06-01 03:16:51,347]: *** sta1-wlan1: Scan detected ap1-ssid in range (signal: -88.0 / -80.0)
INFO     [2021-06-01 03:16:51,715]: *** sta1-wlan1: Scanning for ap1-ssid
INFO     [2021-06-01 03:16:52,352]: *** sta3-wlan1: Scan detected ap1-ssid in range (signal: -90.0 / -80.0)
INFO     [2021-06-01 03:16:52,353]: *** sta1-wlan1: Scan detected ap1-ssid in range (signal: -88.0 / -80.0)
INFO     [2021-06-01 03:16:53,360]: *** sta1-wlan1: Scan detected ap1-ssid in range (signal: -88.0 / -80.0)
INFO     [2021-06-01 03:16:53,361]: *** sta3-wlan1: Scan detected ap1-ssid in range (signal: -90.0 / -80.0)
INFO     [2021-06-01 03:16:54,364]: *** sta1-wlan1: Scan detected ap1-ssid in range (signal: -88.0 / -80.0)
INFO     [2021-06-01 03:16:54,367]: *** sta3-wlan1: Scan detected ap1-ssid in range (signal: -90.0 / -80.0)
INFO     [2021-06-01 03:16:55,370]: *** sta1-wlan1: Scan detected ap1-ssid in range (signal: -88.0 / -80.0)
INFO     [2021-06-01 03:16:55,372]: *** sta3-wlan1: Scan detected ap1-ssid in range (signal: -90.0 / -80.0)
INFO     [2021-06-01 03:16:56,374]: *** sta1-wlan1: Scan detected ap1-ssid in range (signal: -88.0 / -80.0)
INFO     [2021-06-01 03:16:56,377]: *** sta3-wlan1: Scan detected ap1-ssid in range (signal: -90.0 / -80.0)
INFO     [2021-06-01 03:16:57,380]: *** sta1-wlan1: Scan detected ap1-ssid in range (signal: -88.0 / -80.0)
INFO     [2021-06-01 03:16:57,385]: *** sta3-wlan1: Scan detected ap1-ssid in range (signal: -90.0 / -80.0)
INFO     [2021-06-01 03:16:57,782]: *** sta3-wlan1: Scanning for ap1-ssid
INFO     [2021-06-01 03:16:58,385]: *** sta1-wlan1: Scan detected ap1-ssid in range (signal: -88.0 / -80.0)
INFO     [2021-06-01 03:16:58,393]: *** sta3-wlan1: Scan detected ap1-ssid in range (signal: -90.0 / -80.0)
INFO     [2021-06-01 03:16:58,467]: *** sta1-wlan1: Scanning for ap1-ssid
INFO     [2021-06-01 03:16:59,388]: *** sta1-wlan1: Scan detected ap1-ssid in range (signal: -88.0 / -80.0)
INFO     [2021-06-01 03:16:59,397]: *** sta3-wlan1: Scan detected ap1-ssid in range (signal: -90.0 / -80.0)
INFO     [2021-06-01 03:17:00,398]: *** sta1-wlan1: Scan detected ap1-ssid in range (signal: -88.0 / -80.0)
INFO     [2021-06-01 03:17:00,403]: *** sta3-wlan1: Scan detected ap1-ssid in range (signal: -90.0 / -80.0)
INFO     [2021-06-01 03:17:01,405]: *** sta1-wlan1: Scan detected ap1-ssid in range (signal: -88.0 / -80.0)
INFO     [2021-06-01 03:17:01,408]: *** sta3-wlan1: Scan detected ap1-ssid in range (signal: -90.0 / -80.0)
INFO     [2021-06-01 03:17:02,411]: *** sta1-wlan1: Scan detected ap1-ssid in range (signal: -88.0 / -80.0)
INFO     [2021-06-01 03:17:02,413]: *** sta3-wlan1: Scan detected ap1-ssid in range (signal: -90.0 / -80.0)
INFO     [2021-06-01 03:17:03,415]: *** sta1-wlan1: Scan detected ap1-ssid in range (signal: -88.0 / -80.0)
INFO     [2021-06-01 03:17:03,418]: *** sta3-wlan1: Scan detected ap1-ssid in range (signal: -90.0 / -80.0)
INFO     [2021-06-01 03:17:04,419]: *** sta1-wlan1: Scan detected ap1-ssid in range (signal: -88.0 / -80.0)
INFO     [2021-06-01 03:17:04,421]: *** sta3-wlan1: Scan detected ap1-ssid in range (signal: -90.0 / -80.0)
INFO     [2021-06-01 03:17:04,558]: *** sta3-wlan1: Scanning for ap1-ssid
INFO     [2021-06-01 03:17:05,238]: *** sta1-wlan1: Scanning for ap1-ssid
INFO     [2021-06-01 03:17:05,424]: *** sta1-wlan1: Scan detected ap1-ssid in range (signal: -88.0 / -80.0)
INFO     [2021-06-01 03:17:05,428]: *** sta3-wlan1: Scan detected ap1-ssid in range (signal: -90.0 / -80.0)
INFO     [2021-06-01 03:17:06,431]: *** sta1-wlan1: Scan detected ap1-ssid in range (signal: -88.0 / -80.0)
INFO     [2021-06-01 03:17:06,433]: *** sta3-wlan1: Scan detected ap1-ssid in range (signal: -90.0 / -80.0)
INFO     [2021-06-01 03:17:07,436]: *** sta1-wlan1: Scan detected ap1-ssid in range (signal: -88.0 / -80.0)
INFO     [2021-06-01 03:17:07,438]: *** sta3-wlan1: Scan detected ap1-ssid in range (signal: -90.0 / -80.0)
INFO     [2021-06-01 03:17:08,440]: *** sta1-wlan1: Scan detected ap1-ssid in range (signal: -88.0 / -80.0)
INFO     [2021-06-01 03:17:08,444]: *** sta3-wlan1: Scan detected ap1-ssid in range (signal: -90.0 / -80.0)
INFO     [2021-06-01 03:17:09,445]: *** sta1-wlan1: Scan detected ap1-ssid in range (signal: -88.0 / -80.0)
INFO     [2021-06-01 03:17:09,449]: *** sta3-wlan1: Scan detected ap1-ssid in range (signal: -90.0 / -80.0)
INFO     [2021-06-01 03:17:10,449]: *** sta1-wlan1: Scan detected ap1-ssid in range (signal: -88.0 / -80.0)
INFO     [2021-06-01 03:17:10,454]: *** sta3-wlan1: Scan detected ap1-ssid in range (signal: -90.0 / -80.0)
INFO     [2021-06-01 03:17:11,310]: *** sta3-wlan1: Scanning for ap1-ssid
INFO     [2021-06-01 03:17:11,455]: *** sta1-wlan1: Scan detected ap1-ssid in range (signal: -88.0 / -80.0)
INFO     [2021-06-01 03:17:11,998]: *** sta1-wlan1: Scanning for ap1-ssid
INFO     [2021-06-01 03:17:18,103]: *** sta3-wlan1: Scanning for ap1-ssid
INFO     [2021-06-01 03:17:18,790]: *** sta1-wlan1: Scanning for ap1-ssid
INFO     [2021-06-01 03:17:24,907]: *** sta3-wlan1: Scanning for ap1-ssid
INFO     [2021-06-01 03:17:25,554]: *** sta1-wlan1: Scanning for ap1-ssid
INFO     [2021-06-01 03:17:31,679]: *** sta3-wlan1: Scanning for ap1-ssid
INFO     [2021-06-01 03:17:32,321]: *** sta1-wlan1: Scanning for ap1-ssid
INFO     [2021-06-01 03:17:38,449]: *** sta3-wlan1: Scanning for ap1-ssid
INFO     [2021-06-01 03:17:39,098]: *** sta1-wlan1: Scanning for ap1-ssid
INFO     [2021-06-01 03:17:45,207]: *** sta3-wlan1: Scanning for ap1-ssid
INFO     [2021-06-01 03:17:45,862]: *** sta1-wlan1: Scanning for ap1-ssid
INFO     [2021-06-01 03:17:46,700]: *** sta1-wlan1: Scan detected ap1-ssid in range (signal: -90.0 / -80.0)
INFO     [2021-06-01 03:17:47,704]: *** sta1-wlan1: Scan detected ap1-ssid in range (signal: -90.0 / -80.0)
INFO     [2021-06-01 03:17:48,710]: *** sta1-wlan1: Scan detected ap1-ssid in range (signal: -90.0 / -80.0)
INFO     [2021-06-01 03:17:49,718]: *** sta1-wlan1: Scan detected ap1-ssid in range (signal: -90.0 / -80.0)
INFO     [2021-06-01 03:17:50,731]: *** sta1-wlan1: Scan detected ap1-ssid in range (signal: -90.0 / -80.0)
INFO     [2021-06-01 03:17:51,737]: *** sta1-wlan1: Scan detected ap1-ssid in range (signal: -90.0 / -80.0)
INFO     [2021-06-01 03:17:51,962]: *** sta3-wlan1: Scanning for ap1-ssid
INFO     [2021-06-01 03:17:52,610]: *** sta1-wlan1: Scanning for ap1-ssid
INFO     [2021-06-01 03:17:52,742]: *** sta1-wlan1: Scan detected ap1-ssid in range (signal: -90.0 / -80.0)
INFO     [2021-06-01 03:17:53,746]: *** sta1-wlan1: Scan detected ap1-ssid in range (signal: -90.0 / -80.0)
INFO     [2021-06-01 03:17:54,755]: *** sta1-wlan1: Scan detected ap1-ssid in range (signal: -90.0 / -80.0)
INFO     [2021-06-01 03:17:55,769]: *** sta1-wlan1: Scan detected ap1-ssid in range (signal: -90.0 / -80.0)
INFO     [2021-06-01 03:17:56,784]: *** sta1-wlan1: Scan detected ap1-ssid in range (signal: -90.0 / -80.0)
INFO     [2021-06-01 03:17:57,791]: *** sta1-wlan1: Scan detected ap1-ssid in range (signal: -90.0 / -80.0)
INFO     [2021-06-01 03:17:58,800]: *** sta1-wlan1: Scan detected ap1-ssid in range (signal: -90.0 / -80.0)
INFO     [2021-06-01 03:17:58,814]: *** sta3-wlan1: Scanning for ap1-ssid
INFO     [2021-06-01 03:17:59,490]: *** sta1-wlan1: Scanning for ap1-ssid
INFO     [2021-06-01 03:17:59,804]: *** sta1-wlan1: Scan detected ap1-ssid in range (signal: -90.0 / -80.0)
INFO     [2021-06-01 03:18:00,810]: *** sta1-wlan1: Scan detected ap1-ssid in range (signal: -90.0 / -80.0)
INFO     [2021-06-01 03:18:01,817]: *** sta1-wlan1: Scan detected ap1-ssid in range (signal: -90.0 / -80.0)
INFO     [2021-06-01 03:18:02,822]: *** sta1-wlan1: Scan detected ap1-ssid in range (signal: -90.0 / -80.0)
INFO     [2021-06-01 03:18:03,827]: *** sta1-wlan1: Scan detected ap1-ssid in range (signal: -90.0 / -80.0)
INFO     [2021-06-01 03:18:04,834]: *** sta1-wlan1: Scan detected ap1-ssid in range (signal: -90.0 / -80.0)
INFO     [2021-06-01 03:18:05,581]: *** sta3-wlan1: Scanning for ap1-ssid
INFO     [2021-06-01 03:18:05,839]: *** sta1-wlan1: Scan detected ap1-ssid in range (signal: -90.0 / -80.0)
INFO     [2021-06-01 03:18:06,254]: *** sta1-wlan1: Scanning for ap1-ssid
INFO     [2021-06-01 03:18:06,844]: *** sta1-wlan1: Scan detected ap1-ssid in range (signal: -90.0 / -80.0)
INFO     [2021-06-01 03:18:07,849]: *** sta1-wlan1: Scan detected ap1-ssid in range (signal: -90.0 / -80.0)
INFO     [2021-06-01 03:18:08,854]: *** sta1-wlan1: Scan detected ap1-ssid in range (signal: -90.0 / -80.0)
INFO     [2021-06-01 03:18:09,860]: *** sta1-wlan1: Scan detected ap1-ssid in range (signal: -90.0 / -80.0)
INFO     [2021-06-01 03:18:10,875]: *** sta1-wlan1: Scan detected ap1-ssid in range (signal: -90.0 / -80.0)
INFO     [2021-06-01 03:18:11,880]: *** sta1-wlan1: Scan detected ap1-ssid in range (signal: -90.0 / -80.0)
INFO     [2021-06-01 03:18:12,350]: *** sta3-wlan1: Scanning for ap1-ssid
INFO     [2021-06-01 03:18:12,886]: *** sta1-wlan1: Scan detected ap1-ssid in range (signal: -90.0 / -80.0)
INFO     [2021-06-01 03:18:13,009]: *** sta1-wlan1: Scanning for ap1-ssid
INFO     [2021-06-01 03:18:13,890]: *** sta1-wlan1: Scan detected ap1-ssid in range (signal: -90.0 / -80.0)
INFO     [2021-06-01 03:18:14,902]: *** sta1-wlan1: Scan detected ap1-ssid in range (signal: -90.0 / -80.0)
INFO     [2021-06-01 03:18:19,101]: *** sta3-wlan1: Scanning for ap1-ssid
INFO     [2021-06-01 03:18:19,766]: *** sta1-wlan1: Scanning for ap1-ssid
INFO     [2021-06-01 03:18:25,849]: *** sta3-wlan1: Scanning for ap1-ssid
INFO     [2021-06-01 03:18:26,511]: *** sta1-wlan1: Scanning for ap1-ssid
INFO     [2021-06-01 03:18:32,583]: *** sta3-wlan1: Scanning for ap1-ssid
INFO     [2021-06-01 03:18:32,968]: *** sta3-wlan1: Scan detected ap1-ssid in range (signal: -89.0 / -80.0)
INFO     [2021-06-01 03:18:33,252]: *** sta1-wlan1: Scanning for ap1-ssid
INFO     [2021-06-01 03:18:33,974]: *** sta3-wlan1: Scan detected ap1-ssid in range (signal: -89.0 / -80.0)
INFO     [2021-06-01 03:18:34,979]: *** sta3-wlan1: Scan detected ap1-ssid in range (signal: -89.0 / -80.0)
INFO     [2021-06-01 03:18:35,983]: *** sta3-wlan1: Scan detected ap1-ssid in range (signal: -89.0 / -80.0)
INFO     [2021-06-01 03:18:36,988]: *** sta3-wlan1: Scan detected ap1-ssid in range (signal: -89.0 / -80.0)
INFO     [2021-06-01 03:18:37,993]: *** sta3-wlan1: Scan detected ap1-ssid in range (signal: -89.0 / -80.0)
INFO     [2021-06-01 03:18:38,997]: *** sta3-wlan1: Scan detected ap1-ssid in range (signal: -89.0 / -80.0)
INFO     [2021-06-01 03:18:39,322]: *** sta3-wlan1: Scanning for ap1-ssid
INFO     [2021-06-01 03:18:39,986]: *** sta1-wlan1: Scanning for ap1-ssid
INFO     [2021-06-01 03:18:40,003]: *** sta3-wlan1: Scan detected ap1-ssid in range (signal: -89.0 / -80.0)
INFO     [2021-06-01 03:18:41,010]: *** sta3-wlan1: Scan detected ap1-ssid in range (signal: -89.0 / -80.0)
INFO     [2021-06-01 03:18:42,013]: *** sta3-wlan1: Scan detected ap1-ssid in range (signal: -89.0 / -80.0)
INFO     [2021-06-01 03:18:43,018]: *** sta3-wlan1: Scan detected ap1-ssid in range (signal: -89.0 / -80.0)
INFO     [2021-06-01 03:18:44,108]: *** sta3-wlan1: Scan detected ap1-ssid in range (signal: -89.0 / -80.0)
INFO     [2021-06-01 03:18:45,116]: *** sta3-wlan1: Scan detected ap1-ssid in range (signal: -89.0 / -80.0)
INFO     [2021-06-01 03:18:46,111]: *** sta3-wlan1: Scanning for ap1-ssid
INFO     [2021-06-01 03:18:46,121]: *** sta3-wlan1: Scan detected ap1-ssid in range (signal: -89.0 / -80.0)
INFO     [2021-06-01 03:18:46,783]: *** sta1-wlan1: Scanning for ap1-ssid
INFO     [2021-06-01 03:18:47,127]: *** sta3-wlan1: Scan detected ap1-ssid in range (signal: -89.0 / -80.0)
INFO     [2021-06-01 03:18:48,134]: *** sta3-wlan1: Scan detected ap1-ssid in range (signal: -89.0 / -80.0)
INFO     [2021-06-01 03:18:49,142]: *** sta3-wlan1: Scan detected ap1-ssid in range (signal: -89.0 / -80.0)
INFO     [2021-06-01 03:18:50,149]: *** sta3-wlan1: Scan detected ap1-ssid in range (signal: -89.0 / -80.0)
INFO     [2021-06-01 03:18:51,156]: *** sta3-wlan1: Scan detected ap1-ssid in range (signal: -89.0 / -80.0)
INFO     [2021-06-01 03:18:52,161]: *** sta3-wlan1: Scan detected ap1-ssid in range (signal: -89.0 / -80.0)
INFO     [2021-06-01 03:18:52,937]: *** sta3-wlan1: Scanning for ap1-ssid
INFO     [2021-06-01 03:18:53,166]: *** sta3-wlan1: Scan detected ap1-ssid in range (signal: -89.0 / -80.0)
INFO     [2021-06-01 03:18:53,723]: *** sta1-wlan1: Scanning for ap1-ssid
INFO     [2021-06-01 03:18:54,171]: *** sta3-wlan1: Scan detected ap1-ssid in range (signal: -89.0 / -80.0)
INFO     [2021-06-01 03:18:55,183]: *** sta3-wlan1: Scan detected ap1-ssid in range (signal: -89.0 / -80.0)
INFO     [2021-06-01 03:18:56,187]: *** sta3-wlan1: Scan detected ap1-ssid in range (signal: -89.0 / -80.0)
INFO     [2021-06-01 03:18:57,193]: *** sta3-wlan1: Scan detected ap1-ssid in range (signal: -89.0 / -80.0)
INFO     [2021-06-01 03:18:58,203]: *** sta3-wlan1: Scan detected ap1-ssid in range (signal: -89.0 / -80.0)
INFO     [2021-06-01 03:18:59,211]: *** sta3-wlan1: Scan detected ap1-ssid in range (signal: -89.0 / -80.0)
INFO     [2021-06-01 03:18:59,700]: *** sta3-wlan1: Scanning for ap1-ssid
INFO     [2021-06-01 03:19:00,216]: *** sta3-wlan1: Scan detected ap1-ssid in range (signal: -89.0 / -80.0)
INFO     [2021-06-01 03:19:00,497]: *** sta1-wlan1: Scanning for ap1-ssid
INFO     [2021-06-01 03:19:01,222]: *** sta3-wlan1: Scan detected ap1-ssid in range (signal: -89.0 / -80.0)
INFO     [2021-06-01 03:19:02,226]: *** sta3-wlan1: Scan detected ap1-ssid in range (signal: -89.0 / -80.0)
INFO     [2021-06-01 03:19:06,473]: *** sta3-wlan1: Scanning for ap1-ssid
INFO     [2021-06-01 03:19:07,270]: *** sta1-wlan1: Scanning for ap1-ssid
INFO     [2021-06-01 03:19:13,246]: *** sta3-wlan1: Scanning for ap1-ssid
INFO     [2021-06-01 03:19:14,082]: *** sta1-wlan1: Scanning for ap1-ssid
INFO     [2021-06-01 03:19:20,079]: *** sta3-wlan1: Scanning for ap1-ssid
INFO     [2021-06-01 03:19:20,862]: *** sta1-wlan1: Scanning for ap1-ssid
INFO     [2021-06-01 03:19:27,038]: *** sta3-wlan1: Scanning for ap1-ssid
INFO     [2021-06-01 03:19:27,713]: *** sta1-wlan1: Scanning for ap1-ssid
INFO     [2021-06-01 03:19:33,872]: *** sta3-wlan1: Scanning for ap1-ssid
INFO     [2021-06-01 03:19:34,551]: *** sta1-wlan1: Scanning for ap1-ssid
INFO     [2021-06-01 03:19:40,651]: *** sta3-wlan1: Scanning for ap1-ssid
INFO     [2021-06-01 03:19:41,351]: *** sta1-wlan1: Scanning for ap1-ssid
INFO     [2021-06-01 03:19:47,443]: *** sta3-wlan1: Scanning for ap1-ssid
INFO     [2021-06-01 03:19:48,215]: *** sta1-wlan1: Scanning for ap1-ssid
INFO     [2021-06-01 03:19:54,616]: *** sta3-wlan1: Scanning for ap1-ssid
INFO     [2021-06-01 03:19:55,291]: *** sta1-wlan1: Scanning for ap1-ssid
INFO     [2021-06-01 03:19:55,582]: *** sta1-wlan1: Scan detected ap1-ssid in range (signal: -87.0 / -80.0)
INFO     [2021-06-01 03:19:56,587]: *** sta1-wlan1: Scan detected ap1-ssid in range (signal: -87.0 / -80.0)
INFO     [2021-06-01 03:19:57,594]: *** sta1-wlan1: Scan detected ap1-ssid in range (signal: -87.0 / -80.0)
INFO     [2021-06-01 03:19:58,599]: *** sta1-wlan1: Scan detected ap1-ssid in range (signal: -87.0 / -80.0)
INFO     [2021-06-01 03:19:59,604]: *** sta1-wlan1: Scan detected ap1-ssid in range (signal: -87.0 / -80.0)
INFO     [2021-06-01 03:20:00,610]: *** sta1-wlan1: Scan detected ap1-ssid in range (signal: -87.0 / -80.0)
INFO     [2021-06-01 03:20:01,622]: *** sta1-wlan1: Scan detected ap1-ssid in range (signal: -87.0 / -80.0)
INFO     [2021-06-01 03:20:01,738]: *** sta3-wlan1: Scanning for ap1-ssid
INFO     [2021-06-01 03:20:02,518]: *** sta1-wlan1: Scanning for ap1-ssid
INFO     [2021-06-01 03:20:02,627]: *** sta3-wlan1: Scan detected ap1-ssid in range (signal: -90.0 / -80.0)
INFO     [2021-06-01 03:20:02,628]: *** sta1-wlan1: Scan detected ap1-ssid in range (signal: -87.0 / -80.0)
INFO     [2021-06-01 03:20:03,636]: *** sta3-wlan1: Scan detected ap1-ssid in range (signal: -90.0 / -80.0)
INFO     [2021-06-01 03:20:03,639]: *** sta1-wlan1: Scan detected ap1-ssid in range (signal: -87.0 / -80.0)
INFO     [2021-06-01 03:20:04,642]: *** sta3-wlan1: Scan detected ap1-ssid in range (signal: -90.0 / -80.0)
INFO     [2021-06-01 03:20:04,643]: *** sta1-wlan1: Scan detected ap1-ssid in range (signal: -87.0 / -80.0)
INFO     [2021-06-01 03:20:05,652]: *** sta3-wlan1: Scan detected ap1-ssid in range (signal: -90.0 / -80.0)
INFO     [2021-06-01 03:20:05,654]: *** sta1-wlan1: Scan detected ap1-ssid in range (signal: -87.0 / -80.0)
INFO     [2021-06-01 03:20:06,657]: *** sta3-wlan1: Scan detected ap1-ssid in range (signal: -90.0 / -80.0)
INFO     [2021-06-01 03:20:06,661]: *** sta1-wlan1: Scan detected ap1-ssid in range (signal: -87.0 / -80.0)
INFO     [2021-06-01 03:20:07,663]: *** sta3-wlan1: Scan detected ap1-ssid in range (signal: -90.0 / -80.0)
INFO     [2021-06-01 03:20:07,666]: *** sta1-wlan1: Scan detected ap1-ssid in range (signal: -87.0 / -80.0)
INFO     [2021-06-01 03:20:08,582]: *** sta3-wlan1: Scanning for ap1-ssid
INFO     [2021-06-01 03:20:08,669]: *** sta3-wlan1: Scan detected ap1-ssid in range (signal: -90.0 / -80.0)
INFO     [2021-06-01 03:20:08,671]: *** sta1-wlan1: Scan detected ap1-ssid in range (signal: -87.0 / -80.0)
INFO     [2021-06-01 03:20:09,358]: *** sta1-wlan1: Scanning for ap1-ssid
INFO     [2021-06-01 03:20:09,674]: *** sta3-wlan1: Scan detected ap1-ssid in range (signal: -90.0 / -80.0)
INFO     [2021-06-01 03:20:09,676]: *** sta1-wlan1: Scan detected ap1-ssid in range (signal: -87.0 / -80.0)
INFO     [2021-06-01 03:20:10,678]: *** sta3-wlan1: Scan detected ap1-ssid in range (signal: -90.0 / -80.0)
INFO     [2021-06-01 03:20:10,681]: *** sta1-wlan1: Scan detected ap1-ssid in range (signal: -87.0 / -80.0)
INFO     [2021-06-01 03:20:11,685]: *** sta3-wlan1: Scan detected ap1-ssid in range (signal: -90.0 / -80.0)
INFO     [2021-06-01 03:20:11,685]: *** sta1-wlan1: Scan detected ap1-ssid in range (signal: -87.0 / -80.0)
INFO     [2021-06-01 03:20:12,689]: *** sta3-wlan1: Scan detected ap1-ssid in range (signal: -90.0 / -80.0)
INFO     [2021-06-01 03:20:12,692]: *** sta1-wlan1: Scan detected ap1-ssid in range (signal: -87.0 / -80.0)
INFO     [2021-06-01 03:20:13,694]: *** sta3-wlan1: Scan detected ap1-ssid in range (signal: -90.0 / -80.0)
INFO     [2021-06-01 03:20:13,697]: *** sta1-wlan1: Scan detected ap1-ssid in range (signal: -87.0 / -80.0)
INFO     [2021-06-01 03:20:14,697]: *** sta3-wlan1: Scan detected ap1-ssid in range (signal: -90.0 / -80.0)
INFO     [2021-06-01 03:20:14,701]: *** sta1-wlan1: Scan detected ap1-ssid in range (signal: -87.0 / -80.0)
INFO     [2021-06-01 03:20:15,334]: *** sta3-wlan1: Scanning for ap1-ssid
INFO     [2021-06-01 03:20:15,701]: *** sta3-wlan1: Scan detected ap1-ssid in range (signal: -90.0 / -80.0)
INFO     [2021-06-01 03:20:15,706]: *** sta1-wlan1: Scan detected ap1-ssid in range (signal: -87.0 / -80.0)
INFO     [2021-06-01 03:20:16,106]: *** sta1-wlan1: Scanning for ap1-ssid
INFO     [2021-06-01 03:20:16,706]: *** sta3-wlan1: Scan detected ap1-ssid in range (signal: -90.0 / -80.0)
INFO     [2021-06-01 03:20:16,711]: *** sta1-wlan1: Scan detected ap1-ssid in range (signal: -87.0 / -80.0)
INFO     [2021-06-01 03:20:17,711]: *** sta3-wlan1: Scan detected ap1-ssid in range (signal: -90.0 / -80.0)
INFO     [2021-06-01 03:20:17,716]: *** sta1-wlan1: Scan detected ap1-ssid in range (signal: -87.0 / -80.0)
INFO     [2021-06-01 03:20:18,716]: *** sta3-wlan1: Scan detected ap1-ssid in range (signal: -90.0 / -80.0)
INFO     [2021-06-01 03:20:18,720]: *** sta1-wlan1: Scan detected ap1-ssid in range (signal: -87.0 / -80.0)
INFO     [2021-06-01 03:20:19,721]: *** sta3-wlan1: Scan detected ap1-ssid in range (signal: -90.0 / -80.0)
INFO     [2021-06-01 03:20:19,726]: *** sta1-wlan1: Scan detected ap1-ssid in range (signal: -87.0 / -80.0)
INFO     [2021-06-01 03:20:20,730]: *** sta3-wlan1: Scan detected ap1-ssid in range (signal: -90.0 / -80.0)
INFO     [2021-06-01 03:20:20,732]: *** sta1-wlan1: Scan detected ap1-ssid in range (signal: -87.0 / -80.0)
INFO     [2021-06-01 03:20:21,735]: *** sta3-wlan1: Scan detected ap1-ssid in range (signal: -90.0 / -80.0)
INFO     [2021-06-01 03:20:21,737]: *** sta1-wlan1: Scan detected ap1-ssid in range (signal: -87.0 / -80.0)
INFO     [2021-06-01 03:20:22,106]: *** sta3-wlan1: Scanning for ap1-ssid
INFO     [2021-06-01 03:20:22,750]: *** sta3-wlan1: Scan detected ap1-ssid in range (signal: -89.0 / -80.0)
INFO     [2021-06-01 03:20:22,751]: *** sta1-wlan1: Scan detected ap1-ssid in range (signal: -87.0 / -80.0)
INFO     [2021-06-01 03:20:22,860]: *** sta1-wlan1: Scanning for ap1-ssid
INFO     [2021-06-01 03:20:23,757]: *** sta3-wlan1: Scan detected ap1-ssid in range (signal: -89.0 / -80.0)
INFO     [2021-06-01 03:20:23,757]: *** sta1-wlan1: Scan detected ap1-ssid in range (signal: -87.0 / -80.0)
INFO     [2021-06-01 03:20:24,766]: *** sta3-wlan1: Scan detected ap1-ssid in range (signal: -89.0 / -80.0)
INFO     [2021-06-01 03:20:24,767]: *** sta1-wlan1: Scan detected ap1-ssid in range (signal: -87.0 / -80.0)
INFO     [2021-06-01 03:20:25,771]: *** sta3-wlan1: Scan detected ap1-ssid in range (signal: -89.0 / -80.0)
INFO     [2021-06-01 03:20:26,775]: *** sta3-wlan1: Scan detected ap1-ssid in range (signal: -89.0 / -80.0)
INFO     [2021-06-01 03:20:27,783]: *** sta3-wlan1: Scan detected ap1-ssid in range (signal: -89.0 / -80.0)
INFO     [2021-06-01 03:20:28,788]: *** sta3-wlan1: Scan detected ap1-ssid in range (signal: -89.0 / -80.0)
INFO     [2021-06-01 03:20:28,915]: *** sta3-wlan1: Scanning for ap1-ssid
INFO     [2021-06-01 03:20:29,667]: *** sta1-wlan1: Scanning for ap1-ssid
INFO     [2021-06-01 03:20:29,803]: *** sta3-wlan1: Scan detected ap1-ssid in range (signal: -90.0 / -80.0)
INFO     [2021-06-01 03:20:30,810]: *** sta3-wlan1: Scan detected ap1-ssid in range (signal: -90.0 / -80.0)
INFO     [2021-06-01 03:20:31,815]: *** sta3-wlan1: Scan detected ap1-ssid in range (signal: -90.0 / -80.0)
INFO     [2021-06-01 03:20:32,821]: *** sta3-wlan1: Scan detected ap1-ssid in range (signal: -90.0 / -80.0)
INFO     [2021-06-01 03:20:33,824]: *** sta3-wlan1: Scan detected ap1-ssid in range (signal: -90.0 / -80.0)
INFO     [2021-06-01 03:20:34,842]: *** sta3-wlan1: Scan detected ap1-ssid in range (signal: -90.0 / -80.0)
INFO     [2021-06-01 03:20:35,845]: *** sta3-wlan1: Scanning for ap1-ssid
INFO     [2021-06-01 03:20:35,850]: *** sta3-wlan1: Scan detected ap1-ssid in range (signal: -90.0 / -80.0)
INFO     [2021-06-01 03:20:36,723]: *** sta1-wlan1: Scanning for ap1-ssid
INFO     [2021-06-01 03:20:36,856]: *** sta3-wlan1: Scan detected ap1-ssid in range (signal: -90.0 / -80.0)
INFO     [2021-06-01 03:20:37,861]: *** sta3-wlan1: Scan detected ap1-ssid in range (signal: -90.0 / -80.0)
INFO     [2021-06-01 03:20:38,865]: *** sta3-wlan1: Scan detected ap1-ssid in range (signal: -90.0 / -80.0)
INFO     [2021-06-01 03:20:39,869]: *** sta3-wlan1: Scan detected ap1-ssid in range (signal: -90.0 / -80.0)
INFO     [2021-06-01 03:20:40,874]: *** sta3-wlan1: Scan detected ap1-ssid in range (signal: -90.0 / -80.0)
INFO     [2021-06-01 03:20:41,878]: *** sta3-wlan1: Scan detected ap1-ssid in range (signal: -90.0 / -80.0)
INFO     [2021-06-01 03:20:42,790]: *** sta3-wlan1: Scanning for ap1-ssid
INFO     [2021-06-01 03:20:42,890]: *** sta3-wlan1: Scan detected ap1-ssid in range (signal: -90.0 / -80.0)
INFO     [2021-06-01 03:20:43,510]: *** sta1-wlan1: Scanning for ap1-ssid
INFO     [2021-06-01 03:20:43,895]: *** sta3-wlan1: Scan detected ap1-ssid in range (signal: -90.0 / -80.0)
INFO     [2021-06-01 03:20:44,910]: *** sta3-wlan1: Scan detected ap1-ssid in range (signal: -90.0 / -80.0)
INFO     [2021-06-01 03:20:45,926]: *** sta3-wlan1: Scan detected ap1-ssid in range (signal: -90.0 / -80.0)
INFO     [2021-06-01 03:20:46,935]: *** sta3-wlan1: Scan detected ap1-ssid in range (signal: -90.0 / -80.0)
INFO     [2021-06-01 03:20:47,971]: *** sta3-wlan1: Scan detected ap1-ssid in range (signal: -90.0 / -80.0)
INFO     [2021-06-01 03:20:48,979]: *** sta3-wlan1: Scan detected ap1-ssid in range (signal: -90.0 / -80.0)
INFO     [2021-06-01 03:20:49,559]: *** sta3-wlan1: Scanning for ap1-ssid
INFO     [2021-06-01 03:20:49,984]: *** sta3-wlan1: Scan detected ap1-ssid in range (signal: -90.0 / -80.0)
INFO     [2021-06-01 03:20:50,318]: *** sta1-wlan1: Scanning for ap1-ssid
INFO     [2021-06-01 03:20:50,989]: *** sta3-wlan1: Scan detected ap1-ssid in range (signal: -90.0 / -80.0)
INFO     [2021-06-01 03:20:52,006]: *** sta3-wlan1: Scan detected ap1-ssid in range (signal: -90.0 / -80.0)
INFO     [2021-06-01 03:20:53,012]: *** sta3-wlan1: Scan detected ap1-ssid in range (signal: -90.0 / -80.0)
INFO     [2021-06-01 03:20:54,016]: *** sta3-wlan1: Scan detected ap1-ssid in range (signal: -90.0 / -80.0)
INFO     [2021-06-01 03:20:55,021]: *** sta3-wlan1: Scan detected ap1-ssid in range (signal: -90.0 / -80.0)
INFO     [2021-06-01 03:20:56,025]: *** sta3-wlan1: Scan detected ap1-ssid in range (signal: -90.0 / -80.0)
INFO     [2021-06-01 03:20:56,396]: *** sta3-wlan1: Scanning for ap1-ssid
INFO     [2021-06-01 03:20:57,029]: *** sta3-wlan1: Scan detected ap1-ssid in range (signal: -90.0 / -80.0)
INFO     [2021-06-01 03:20:57,116]: *** sta1-wlan1: Scanning for ap1-ssid
INFO     [2021-06-01 03:20:58,042]: *** sta3-wlan1: Scan detected ap1-ssid in range (signal: -90.0 / -80.0)
INFO     [2021-06-01 03:20:59,048]: *** sta3-wlan1: Scan detected ap1-ssid in range (signal: -90.0 / -80.0)
INFO     [2021-06-01 03:21:00,052]: *** sta3-wlan1: Scan detected ap1-ssid in range (signal: -90.0 / -80.0)
INFO     [2021-06-01 03:21:01,058]: *** sta3-wlan1: Scan detected ap1-ssid in range (signal: -90.0 / -80.0)
INFO     [2021-06-01 03:21:02,066]: *** sta3-wlan1: Scan detected ap1-ssid in range (signal: -90.0 / -80.0)
INFO     [2021-06-01 03:21:03,079]: *** sta3-wlan1: Scan detected ap1-ssid in range (signal: -90.0 / -80.0)
INFO     [2021-06-01 03:21:03,482]: *** sta3-wlan1: Scanning for ap1-ssid
INFO     [2021-06-01 03:21:04,026]: *** sta1-wlan1: Scanning for ap1-ssid
INFO     [2021-06-01 03:21:04,070]: *** sta1-wlan1: Scan detected ap1-ssid in range (signal: -90.0 / -80.0)
INFO     [2021-06-01 03:21:04,085]: *** sta3-wlan1: Scan detected ap1-ssid in range (signal: -90.0 / -80.0)
INFO     [2021-06-01 03:21:05,075]: *** sta1-wlan1: Scan detected ap1-ssid in range (signal: -90.0 / -80.0)
INFO     [2021-06-01 03:21:05,089]: *** sta3-wlan1: Scan detected ap1-ssid in range (signal: -90.0 / -80.0)
INFO     [2021-06-01 03:21:06,080]: *** sta1-wlan1: Scan detected ap1-ssid in range (signal: -90.0 / -80.0)
INFO     [2021-06-01 03:21:06,094]: *** sta3-wlan1: Scan detected ap1-ssid in range (signal: -90.0 / -80.0)
INFO     [2021-06-01 03:21:07,085]: *** sta1-wlan1: Scan detected ap1-ssid in range (signal: -90.0 / -80.0)
INFO     [2021-06-01 03:21:07,098]: *** sta3-wlan1: Scan detected ap1-ssid in range (signal: -90.0 / -80.0)
INFO     [2021-06-01 03:21:08,090]: *** sta1-wlan1: Scan detected ap1-ssid in range (signal: -90.0 / -80.0)
INFO     [2021-06-01 03:21:08,102]: *** sta3-wlan1: Scan detected ap1-ssid in range (signal: -90.0 / -80.0)
INFO     [2021-06-01 03:21:09,095]: *** sta1-wlan1: Scan detected ap1-ssid in range (signal: -90.0 / -80.0)
INFO     [2021-06-01 03:21:09,106]: *** sta3-wlan1: Scan detected ap1-ssid in range (signal: -90.0 / -80.0)
INFO     [2021-06-01 03:21:10,099]: *** sta1-wlan1: Scan detected ap1-ssid in range (signal: -90.0 / -80.0)
INFO     [2021-06-01 03:21:10,112]: *** sta3-wlan1: Scan detected ap1-ssid in range (signal: -90.0 / -80.0)
INFO     [2021-06-01 03:21:10,260]: *** sta3-wlan1: Scanning for ap1-ssid
INFO     [2021-06-01 03:21:10,783]: *** sta1-wlan1: Scanning for ap1-ssid
INFO     [2021-06-01 03:21:11,105]: *** sta1-wlan1: Scan detected ap1-ssid in range (signal: -90.0 / -80.0)
INFO     [2021-06-01 03:21:11,117]: *** sta3-wlan1: Scan detected ap1-ssid in range (signal: -90.0 / -80.0)
INFO     [2021-06-01 03:21:12,110]: *** sta1-wlan1: Scan detected ap1-ssid in range (signal: -90.0 / -80.0)
INFO     [2021-06-01 03:21:12,122]: *** sta3-wlan1: Scan detected ap1-ssid in range (signal: -90.0 / -80.0)
INFO     [2021-06-01 03:21:13,114]: *** sta1-wlan1: Scan detected ap1-ssid in range (signal: -90.0 / -80.0)
INFO     [2021-06-01 03:21:13,126]: *** sta3-wlan1: Scan detected ap1-ssid in range (signal: -90.0 / -80.0)
INFO     [2021-06-01 03:21:14,126]: *** sta1-wlan1: Scan detected ap1-ssid in range (signal: -90.0 / -80.0)
INFO     [2021-06-01 03:21:14,130]: *** sta3-wlan1: Scan detected ap1-ssid in range (signal: -90.0 / -80.0)
INFO     [2021-06-01 03:21:15,132]: *** sta1-wlan1: Scan detected ap1-ssid in range (signal: -90.0 / -80.0)
INFO     [2021-06-01 03:21:15,134]: *** sta3-wlan1: Scan detected ap1-ssid in range (signal: -90.0 / -80.0)
INFO     [2021-06-01 03:21:16,138]: *** sta1-wlan1: Scan detected ap1-ssid in range (signal: -90.0 / -80.0)
INFO     [2021-06-01 03:21:16,141]: *** sta3-wlan1: Scan detected ap1-ssid in range (signal: -90.0 / -80.0)
INFO     [2021-06-01 03:21:17,022]: *** sta3-wlan1: Scanning for ap1-ssid
INFO     [2021-06-01 03:21:17,143]: *** sta1-wlan1: Scan detected ap1-ssid in range (signal: -90.0 / -80.0)
INFO     [2021-06-01 03:21:17,146]: *** sta3-wlan1: Scan detected ap1-ssid in range (signal: -90.0 / -80.0)
INFO     [2021-06-01 03:21:17,580]: *** sta1-wlan1: Scanning for ap1-ssid
INFO     [2021-06-01 03:21:18,148]: *** sta1-wlan1: Scan detected ap1-ssid in range (signal: -90.0 / -80.0)
INFO     [2021-06-01 03:21:18,149]: *** sta3-wlan1: Scan detected ap1-ssid in range (signal: -90.0 / -80.0)
INFO     [2021-06-01 03:21:19,155]: *** sta1-wlan1: Scan detected ap1-ssid in range (signal: -90.0 / -80.0)
INFO     [2021-06-01 03:21:19,156]: *** sta3-wlan1: Scan detected ap1-ssid in range (signal: -90.0 / -80.0)
INFO     [2021-06-01 03:21:20,162]: *** sta3-wlan1: Scan detected ap1-ssid in range (signal: -90.0 / -80.0)
INFO     [2021-06-01 03:21:20,162]: *** sta1-wlan1: Scan detected ap1-ssid in range (signal: -90.0 / -80.0)
INFO     [2021-06-01 03:21:21,171]: *** sta1-wlan1: Scan detected ap1-ssid in range (signal: -90.0 / -80.0)
INFO     [2021-06-01 03:21:21,172]: *** sta3-wlan1: Scan detected ap1-ssid in range (signal: -90.0 / -80.0)
INFO     [2021-06-01 03:21:22,175]: *** sta1-wlan1: Scan detected ap1-ssid in range (signal: -90.0 / -80.0)
INFO     [2021-06-01 03:21:22,177]: *** sta3-wlan1: Scan detected ap1-ssid in range (signal: -90.0 / -80.0)
INFO     [2021-06-01 03:21:23,181]: *** sta1-wlan1: Scan detected ap1-ssid in range (signal: -90.0 / -80.0)
INFO     [2021-06-01 03:21:23,183]: *** sta3-wlan1: Scan detected ap1-ssid in range (signal: -90.0 / -80.0)
INFO     [2021-06-01 03:21:23,837]: *** sta3-wlan1: Scanning for ap1-ssid
INFO     [2021-06-01 03:21:24,192]: *** sta1-wlan1: Scan detected ap1-ssid in range (signal: -90.0 / -80.0)
INFO     [2021-06-01 03:21:24,196]: *** sta3-wlan1: Scan detected ap1-ssid in range (signal: -90.0 / -80.0)
INFO     [2021-06-01 03:21:24,555]: *** sta1-wlan1: Scanning for ap1-ssid
INFO     [2021-06-01 03:21:25,201]: *** sta3-wlan1: Scan detected ap1-ssid in range (signal: -90.0 / -80.0)
INFO     [2021-06-01 03:21:25,202]: *** sta1-wlan1: Scan detected ap1-ssid in range (signal: -90.0 / -80.0)
INFO     [2021-06-01 03:21:26,208]: *** sta3-wlan1: Scan detected ap1-ssid in range (signal: -90.0 / -80.0)
INFO     [2021-06-01 03:21:26,213]: *** sta1-wlan1: Scan detected ap1-ssid in range (signal: -90.0 / -80.0)
INFO     [2021-06-01 03:21:27,218]: *** sta3-wlan1: Scan detected ap1-ssid in range (signal: -90.0 / -80.0)
INFO     [2021-06-01 03:21:27,218]: *** sta1-wlan1: Scan detected ap1-ssid in range (signal: -90.0 / -80.0)
INFO     [2021-06-01 03:21:28,223]: *** sta1-wlan1: Scan detected ap1-ssid in range (signal: -90.0 / -80.0)
INFO     [2021-06-01 03:21:28,225]: *** sta3-wlan1: Scan detected ap1-ssid in range (signal: -90.0 / -80.0)
INFO     [2021-06-01 03:21:29,231]: *** sta3-wlan1: Scan detected ap1-ssid in range (signal: -90.0 / -80.0)
INFO     [2021-06-01 03:21:29,232]: *** sta1-wlan1: Scan detected ap1-ssid in range (signal: -90.0 / -80.0)
INFO     [2021-06-01 03:21:30,241]: *** sta1-wlan1: Scan detected ap1-ssid in range (signal: -90.0 / -80.0)
INFO     [2021-06-01 03:21:30,241]: *** sta3-wlan1: Scan detected ap1-ssid in range (signal: -90.0 / -80.0)
INFO     [2021-06-01 03:21:31,248]: *** sta1-wlan1: Scan detected ap1-ssid in range (signal: -90.0 / -80.0)
INFO     [2021-06-01 03:21:31,248]: *** sta3-wlan1: Scan detected ap1-ssid in range (signal: -90.0 / -80.0)
INFO     [2021-06-01 03:21:31,452]: *** sta3-wlan1: Scanning for ap1-ssid
INFO     [2021-06-01 03:21:31,902]: *** sta1-wlan1: Scanning for ap1-ssid
INFO     [2021-06-01 03:21:32,254]: *** sta3-wlan1: Scan detected ap1-ssid in range (signal: -90.0 / -80.0)
INFO     [2021-06-01 03:21:32,256]: *** sta1-wlan1: Scan detected ap1-ssid in range (signal: -87.0 / -80.0)
INFO     [2021-06-01 03:21:33,258]: *** sta3-wlan1: Scan detected ap1-ssid in range (signal: -90.0 / -80.0)
INFO     [2021-06-01 03:21:33,260]: *** sta1-wlan1: Scan detected ap1-ssid in range (signal: -87.0 / -80.0)
INFO     [2021-06-01 03:21:34,263]: *** sta3-wlan1: Scan detected ap1-ssid in range (signal: -90.0 / -80.0)
INFO     [2021-06-01 03:21:34,267]: *** sta1-wlan1: Scan detected ap1-ssid in range (signal: -87.0 / -80.0)
INFO     [2021-06-01 03:21:35,270]: *** sta3-wlan1: Scan detected ap1-ssid in range (signal: -90.0 / -80.0)
INFO     [2021-06-01 03:21:35,273]: *** sta1-wlan1: Scan detected ap1-ssid in range (signal: -87.0 / -80.0)
INFO     [2021-06-01 03:21:36,276]: *** sta3-wlan1: Scan detected ap1-ssid in range (signal: -90.0 / -80.0)
INFO     [2021-06-01 03:21:36,278]: *** sta1-wlan1: Scan detected ap1-ssid in range (signal: -87.0 / -80.0)
INFO     [2021-06-01 03:21:37,285]: *** sta3-wlan1: Scan detected ap1-ssid in range (signal: -90.0 / -80.0)
INFO     [2021-06-01 03:21:37,287]: *** sta1-wlan1: Scan detected ap1-ssid in range (signal: -87.0 / -80.0)
INFO     [2021-06-01 03:21:38,218]: *** sta3-wlan1: Scanning for ap1-ssid
INFO     [2021-06-01 03:21:38,292]: *** sta3-wlan1: Scan detected ap1-ssid in range (signal: -90.0 / -80.0)
INFO     [2021-06-01 03:21:38,295]: *** sta1-wlan1: Scan detected ap1-ssid in range (signal: -87.0 / -80.0)
INFO     [2021-06-01 03:21:38,663]: *** sta1-wlan1: Scanning for ap1-ssid
INFO     [2021-06-01 03:21:39,304]: *** sta1-wlan1: Scan detected ap1-ssid in range (signal: -87.0 / -80.0)
INFO     [2021-06-01 03:21:39,305]: *** sta3-wlan1: Scan detected ap1-ssid in range (signal: -90.0 / -80.0)
INFO     [2021-06-01 03:21:40,311]: *** sta1-wlan1: Scan detected ap1-ssid in range (signal: -87.0 / -80.0)
INFO     [2021-06-01 03:21:40,311]: *** sta3-wlan1: Scan detected ap1-ssid in range (signal: -90.0 / -80.0)
INFO     [2021-06-01 03:21:41,315]: *** sta1-wlan1: Scan detected ap1-ssid in range (signal: -87.0 / -80.0)
INFO     [2021-06-01 03:21:41,317]: *** sta3-wlan1: Scan detected ap1-ssid in range (signal: -90.0 / -80.0)
INFO     [2021-06-01 03:21:42,320]: *** sta1-wlan1: Scan detected ap1-ssid in range (signal: -87.0 / -80.0)
INFO     [2021-06-01 03:21:42,322]: *** sta3-wlan1: Scan detected ap1-ssid in range (signal: -90.0 / -80.0)
INFO     [2021-06-01 03:21:43,327]: *** sta1-wlan1: Scan detected ap1-ssid in range (signal: -87.0 / -80.0)
INFO     [2021-06-01 03:21:43,328]: *** sta3-wlan1: Scan detected ap1-ssid in range (signal: -90.0 / -80.0)
INFO     [2021-06-01 03:21:44,332]: *** sta1-wlan1: Scan detected ap1-ssid in range (signal: -87.0 / -80.0)
INFO     [2021-06-01 03:21:44,333]: *** sta3-wlan1: Scan detected ap1-ssid in range (signal: -90.0 / -80.0)
INFO     [2021-06-01 03:21:44,964]: *** sta3-wlan1: Scanning for ap1-ssid
INFO     [2021-06-01 03:21:45,338]: *** sta1-wlan1: Scan detected ap1-ssid in range (signal: -87.0 / -80.0)
INFO     [2021-06-01 03:21:45,343]: *** sta3-wlan1: Scan detected ap1-ssid in range (signal: -88.0 / -80.0)
INFO     [2021-06-01 03:21:45,411]: *** sta1-wlan1: Scanning for ap1-ssid
INFO     [2021-06-01 03:21:46,343]: *** sta1-wlan1: Scan detected ap1-ssid in range (signal: -88.0 / -80.0)
INFO     [2021-06-01 03:21:46,348]: *** sta3-wlan1: Scan detected ap1-ssid in range (signal: -88.0 / -80.0)
INFO     [2021-06-01 03:21:47,348]: *** sta1-wlan1: Scan detected ap1-ssid in range (signal: -88.0 / -80.0)
INFO     [2021-06-01 03:21:47,354]: *** sta3-wlan1: Scan detected ap1-ssid in range (signal: -88.0 / -80.0)
INFO     [2021-06-01 03:21:48,353]: *** sta1-wlan1: Scan detected ap1-ssid in range (signal: -88.0 / -80.0)
INFO     [2021-06-01 03:21:48,358]: *** sta3-wlan1: Scan detected ap1-ssid in range (signal: -88.0 / -80.0)
INFO     [2021-06-01 03:21:48,931]: *** sta3-wlan1: Scanning for ap1-ssid
INFO     [2021-06-01 03:21:48,931]: *** sta1-wlan1: Scanning for ap1-ssid
INFO     [2021-06-01 03:21:49,369]: *** sta1-wlan1: Scan detected ap1-ssid in range (signal: -88.0 / -80.0)
INFO     [2021-06-01 03:21:49,373]: *** sta3-wlan1: Scan detected ap1-ssid in range (signal: -88.0 / -80.0)
INFO     [2021-06-01 03:21:50,374]: *** sta1-wlan1: Scan detected ap1-ssid in range (signal: -88.0 / -80.0)
INFO     [2021-06-01 03:21:50,382]: *** sta3-wlan1: Scan detected ap1-ssid in range (signal: -88.0 / -80.0)
INFO     [2021-06-01 03:21:51,379]: *** sta1-wlan1: Scan detected ap1-ssid in range (signal: -88.0 / -80.0)
INFO     [2021-06-01 03:21:51,386]: *** sta3-wlan1: Scan detected ap1-ssid in range (signal: -88.0 / -80.0)
INFO     [2021-06-01 03:21:51,938]: *** sta1-wlan1: Scanning for ap1-ssid
INFO     [2021-06-01 03:21:52,383]: *** sta1-wlan1: Scan detected ap1-ssid in range (signal: -87.0 / -80.0)
INFO     [2021-06-01 03:21:52,390]: *** sta3-wlan1: Scan detected ap1-ssid in range (signal: -88.0 / -80.0)
INFO     [2021-06-01 03:21:53,388]: *** sta1-wlan1: Scan detected ap1-ssid in range (signal: -87.0 / -80.0)
INFO     [2021-06-01 03:21:53,394]: *** sta3-wlan1: Scan detected ap1-ssid in range (signal: -88.0 / -80.0)
INFO     [2021-06-01 03:21:54,396]: *** sta1-wlan1: Scan detected ap1-ssid in range (signal: -87.0 / -80.0)
INFO     [2021-06-01 03:21:54,400]: *** sta3-wlan1: Scan detected ap1-ssid in range (signal: -88.0 / -80.0)
INFO     [2021-06-01 03:21:55,400]: *** sta1-wlan1: Scan detected ap1-ssid in range (signal: -87.0 / -80.0)
INFO     [2021-06-01 03:21:55,404]: *** sta3-wlan1: Scan detected ap1-ssid in range (signal: -88.0 / -80.0)
INFO     [2021-06-01 03:21:55,746]: *** sta3-wlan1: Scanning for ap1-ssid
INFO     [2021-06-01 03:21:56,406]: *** sta1-wlan1: Scan detected ap1-ssid in range (signal: -87.0 / -80.0)
INFO     [2021-06-01 03:21:56,412]: *** sta3-wlan1: Scan detected ap1-ssid in range (signal: -88.0 / -80.0)
INFO     [2021-06-01 03:21:57,410]: *** sta1-wlan1: Scan detected ap1-ssid in range (signal: -87.0 / -80.0)
INFO     [2021-06-01 03:21:58,417]: *** sta1-wlan1: Scan detected ap1-ssid in range (signal: -87.0 / -80.0)
INFO     [2021-06-01 03:21:58,420]: *** sta3-wlan1: Scan detected ap1-ssid in range (signal: -88.0 / -80.0)
INFO     [2021-06-01 03:21:58,713]: *** sta1-wlan1: Scanning for ap1-ssid
INFO     [2021-06-01 03:21:59,423]: *** sta1-wlan1: Scan detected ap1-ssid in range (signal: -83.0 / -80.0)
INFO     [2021-06-01 03:21:59,425]: *** sta3-wlan1: Scan detected ap1-ssid in range (signal: -88.0 / -80.0)
INFO     [2021-06-01 03:22:00,428]: *** sta1-wlan1: Scan detected ap1-ssid in range (signal: -83.0 / -80.0)
INFO     [2021-06-01 03:22:00,431]: *** sta3-wlan1: Scan detected ap1-ssid in range (signal: -88.0 / -80.0)
INFO     [2021-06-01 03:22:01,441]: *** sta3-wlan1: Scan detected ap1-ssid in range (signal: -88.0 / -80.0)
INFO     [2021-06-01 03:22:01,442]: *** sta1-wlan1: Scan detected ap1-ssid in range (signal: -83.0 / -80.0)
INFO     [2021-06-01 03:22:02,457]: *** sta3-wlan1: Scan detected ap1-ssid in range (signal: -88.0 / -80.0)
INFO     [2021-06-01 03:22:02,458]: *** sta1-wlan1: Scan detected ap1-ssid in range (signal: -83.0 / -80.0)
INFO     [2021-06-01 03:22:02,486]: *** sta3-wlan1: Scanning for ap1-ssid
INFO     [2021-06-01 03:22:03,568]: *** sta1-wlan1: Scan detected ap1-ssid in range (signal: -83.0 / -80.0)
INFO     [2021-06-01 03:22:03,569]: *** sta3-wlan1: Scan detected ap1-ssid in range (signal: -86.0 / -80.0)
INFO     [2021-06-01 03:22:04,574]: *** sta3-wlan1: Scan detected ap1-ssid in range (signal: -86.0 / -80.0)
INFO     [2021-06-01 03:22:04,576]: *** sta1-wlan1: Scan detected ap1-ssid in range (signal: -83.0 / -80.0)
INFO     [2021-06-01 03:22:05,568]: *** sta1-wlan1: Scanning for ap1-ssid
INFO     [2021-06-01 03:22:05,580]: *** sta3-wlan1: Scan detected ap1-ssid in range (signal: -86.0 / -80.0)
INFO     [2021-06-01 03:22:05,580]: *** sta1-wlan1: Scan detected ap1-ssid in range (signal: -83.0 / -80.0)
INFO     [2021-06-01 03:22:06,588]: *** sta3-wlan1: Scan detected ap1-ssid in range (signal: -89.0 / -80.0)
INFO     [2021-06-01 03:22:06,590]: *** sta1-wlan1: Scan detected ap1-ssid in range (signal: -88.0 / -80.0)
INFO     [2021-06-01 03:22:07,610]: *** sta3-wlan1: Scan detected ap1-ssid in range (signal: -89.0 / -80.0)
INFO     [2021-06-01 03:22:07,615]: *** sta1-wlan1: Scan detected ap1-ssid in range (signal: -88.0 / -80.0)
INFO     [2021-06-01 03:22:08,617]: *** sta3-wlan1: Scan detected ap1-ssid in range (signal: -89.0 / -80.0)
INFO     [2021-06-01 03:22:08,620]: *** sta1-wlan1: Scan detected ap1-ssid in range (signal: -88.0 / -80.0)
INFO     [2021-06-01 03:22:09,556]: *** sta3-wlan1: Scanning for ap1-ssid
INFO     [2021-06-01 03:22:09,625]: *** sta3-wlan1: Scan detected ap1-ssid in range (signal: -87.0 / -80.0)
INFO     [2021-06-01 03:22:09,626]: *** sta1-wlan1: Scan detected ap1-ssid in range (signal: -88.0 / -80.0)
INFO     [2021-06-01 03:22:10,630]: *** sta1-wlan1: Scan detected ap1-ssid in range (signal: -88.0 / -80.0)
INFO     [2021-06-01 03:22:10,631]: *** sta3-wlan1: Scan detected ap1-ssid in range (signal: -87.0 / -80.0)
INFO     [2021-06-01 03:22:11,636]: *** sta3-wlan1: Scan detected ap1-ssid in range (signal: -87.0 / -80.0)
INFO     [2021-06-01 03:22:11,637]: *** sta1-wlan1: Scan detected ap1-ssid in range (signal: -88.0 / -80.0)
INFO     [2021-06-01 03:22:12,638]: *** sta1-wlan1: Scanning for ap1-ssid
INFO     [2021-06-01 03:22:12,641]: *** sta1-wlan1: Scan detected ap1-ssid in range (signal: -88.0 / -80.0)
INFO     [2021-06-01 03:22:12,641]: *** sta3-wlan1: Scan detected ap1-ssid in range (signal: -87.0 / -80.0)
INFO     [2021-06-01 03:22:13,647]: *** sta1-wlan1: Scan detected ap1-ssid in range (signal: -87.0 / -80.0)
INFO     [2021-06-01 03:22:13,648]: *** sta3-wlan1: Scan detected ap1-ssid in range (signal: -87.0 / -80.0)
INFO     [2021-06-01 03:22:14,653]: *** sta1-wlan1: Scan detected ap1-ssid in range (signal: -87.0 / -80.0)
INFO     [2021-06-01 03:22:15,658]: *** sta1-wlan1: Scan detected ap1-ssid in range (signal: -87.0 / -80.0)
INFO     [2021-06-01 03:22:16,386]: *** sta3-wlan1: Scanning for ap1-ssid
INFO     [2021-06-01 03:22:16,664]: *** sta1-wlan1: Scan detected ap1-ssid in range (signal: -87.0 / -80.0)
INFO     [2021-06-01 03:22:17,681]: *** sta1-wlan1: Scan detected ap1-ssid in range (signal: -87.0 / -80.0)
INFO     [2021-06-01 03:22:18,685]: *** sta1-wlan1: Scan detected ap1-ssid in range (signal: -87.0 / -80.0)
INFO     [2021-06-01 03:22:19,433]: *** sta1-wlan1: Scanning for ap1-ssid
INFO     [2021-06-01 03:22:19,690]: *** sta1-wlan1: Scan detected ap1-ssid in range (signal: -89.0 / -80.0)
INFO     [2021-06-01 03:22:20,698]: *** sta1-wlan1: Scan detected ap1-ssid in range (signal: -89.0 / -80.0)
INFO     [2021-06-01 03:22:21,705]: *** sta1-wlan1: Scan detected ap1-ssid in range (signal: -89.0 / -80.0)
INFO     [2021-06-01 03:22:22,716]: *** sta1-wlan1: Scan detected ap1-ssid in range (signal: -89.0 / -80.0)
INFO     [2021-06-01 03:22:23,165]: *** sta3-wlan1: Scanning for ap1-ssid
INFO     [2021-06-01 03:22:23,722]: *** sta1-wlan1: Scan detected ap1-ssid in range (signal: -89.0 / -80.0)
INFO     [2021-06-01 03:22:24,730]: *** sta1-wlan1: Scan detected ap1-ssid in range (signal: -89.0 / -80.0)
INFO     [2021-06-01 03:22:25,734]: *** sta1-wlan1: Scan detected ap1-ssid in range (signal: -89.0 / -80.0)
INFO     [2021-06-01 03:22:26,268]: *** sta1-wlan1: Scanning for ap1-ssid
INFO     [2021-06-01 03:22:26,722]: *** sta3-wlan1: Scan detected ap1-ssid in range (signal: -86.0 / -80.0)
INFO     [2021-06-01 03:22:26,740]: *** sta1-wlan1: Scan detected ap1-ssid in range (signal: -87.0 / -80.0)
INFO     [2021-06-01 03:22:27,738]: *** sta3-wlan1: Scan detected ap1-ssid in range (signal: -89.0 / -80.0)
INFO     [2021-06-01 03:22:27,745]: *** sta1-wlan1: Scan detected ap1-ssid in range (signal: -87.0 / -80.0)
INFO     [2021-06-01 03:22:28,751]: *** sta1-wlan1: Scan detected ap1-ssid in range (signal: -87.0 / -80.0)
INFO     [2021-06-01 03:22:29,757]: *** sta1-wlan1: Scan detected ap1-ssid in range (signal: -87.0 / -80.0)
INFO     [2021-06-01 03:22:30,478]: *** sta3-wlan1: Scanning for ap1-ssid
INFO     [2021-06-01 03:22:30,807]: *** sta1-wlan1: Scan detected ap1-ssid in range (signal: -87.0 / -80.0)
INFO     [2021-06-01 03:22:31,814]: *** sta1-wlan1: Scan detected ap1-ssid in range (signal: -87.0 / -80.0)
INFO     [2021-06-01 03:22:32,825]: *** sta1-wlan1: Scan detected ap1-ssid in range (signal: -87.0 / -80.0)
INFO     [2021-06-01 03:22:33,210]: *** sta1-wlan1: Scanning for ap1-ssid
INFO     [2021-06-01 03:22:33,830]: *** sta1-wlan1: Scan detected ap1-ssid in range (signal: -86.0 / -80.0)
INFO     [2021-06-01 03:22:34,835]: *** sta1-wlan1: Scan detected ap1-ssid in range (signal: -86.0 / -80.0)
INFO     [2021-06-01 03:22:35,841]: *** sta1-wlan1: Scan detected ap1-ssid in range (signal: -86.0 / -80.0)
INFO     [2021-06-01 03:22:36,847]: *** sta1-wlan1: Scan detected ap1-ssid in range (signal: -86.0 / -80.0)
INFO     [2021-06-01 03:22:37,540]: *** sta3-wlan1: Scanning for ap1-ssid
INFO     [2021-06-01 03:22:37,853]: *** sta1-wlan1: Scan detected ap1-ssid in range (signal: -86.0 / -80.0)
INFO     [2021-06-01 03:22:38,857]: *** sta1-wlan1: Scan detected ap1-ssid in range (signal: -86.0 / -80.0)
INFO     [2021-06-01 03:22:39,862]: *** sta1-wlan1: Scan detected ap1-ssid in range (signal: -86.0 / -80.0)
INFO     [2021-06-01 03:22:40,532]: *** sta1-wlan1: Scanning for ap1-ssid
INFO     [2021-06-01 03:22:40,866]: *** sta1-wlan1: Scan detected ap1-ssid in range (signal: -88.0 / -80.0)
INFO     [2021-06-01 03:22:41,874]: *** sta1-wlan1: Scan detected ap1-ssid in range (signal: -88.0 / -80.0)
INFO     [2021-06-01 03:22:42,882]: *** sta1-wlan1: Scan detected ap1-ssid in range (signal: -88.0 / -80.0)
INFO     [2021-06-01 03:22:43,886]: *** sta1-wlan1: Scan detected ap1-ssid in range (signal: -88.0 / -80.0)
INFO     [2021-06-01 03:22:44,754]: *** sta3-wlan1: Scanning for ap1-ssid
INFO     [2021-06-01 03:22:44,892]: *** sta1-wlan1: Scan detected ap1-ssid in range (signal: -88.0 / -80.0)
INFO     [2021-06-01 03:22:45,903]: *** sta1-wlan1: Scan detected ap1-ssid in range (signal: -88.0 / -80.0)
INFO     [2021-06-01 03:22:46,909]: *** sta1-wlan1: Scan detected ap1-ssid in range (signal: -88.0 / -80.0)
INFO     [2021-06-01 03:22:47,297]: *** sta1-wlan1: Scanning for ap1-ssid
INFO     [2021-06-01 03:22:47,914]: *** sta1-wlan1: Scan detected ap1-ssid in range (signal: -84.0 / -80.0)
INFO     [2021-06-01 03:22:48,918]: *** sta1-wlan1: Scan detected ap1-ssid in range (signal: -84.0 / -80.0)
INFO     [2021-06-01 03:22:49,924]: *** sta1-wlan1: Scan detected ap1-ssid in range (signal: -84.0 / -80.0)
INFO     [2021-06-01 03:22:50,939]: *** sta1-wlan1: Scan detected ap1-ssid in range (signal: -84.0 / -80.0)
INFO     [2021-06-01 03:22:51,608]: *** sta3-wlan1: Scanning for ap1-ssid
INFO     [2021-06-01 03:22:51,944]: *** sta1-wlan1: Scan detected ap1-ssid in range (signal: -84.0 / -80.0)
INFO     [2021-06-01 03:22:52,951]: *** sta1-wlan1: Scan detected ap1-ssid in range (signal: -84.0 / -80.0)
INFO     [2021-06-01 03:22:53,956]: *** sta1-wlan1: Scan detected ap1-ssid in range (signal: -84.0 / -80.0)
INFO     [2021-06-01 03:22:54,614]: *** sta1-wlan1: Scanning for ap1-ssid
INFO     [2021-06-01 03:22:54,961]: *** sta1-wlan1: Scan detected ap1-ssid in range (signal: -83.0 / -80.0)
INFO     [2021-06-01 03:22:55,978]: *** sta1-wlan1: Scan detected ap1-ssid in range (signal: -83.0 / -80.0)
INFO     [2021-06-01 03:22:56,984]: *** sta1-wlan1: Scan detected ap1-ssid in range (signal: -83.0 / -80.0)
INFO     [2021-06-01 03:22:57,989]: *** sta1-wlan1: Scan detected ap1-ssid in range (signal: -83.0 / -80.0)
INFO     [2021-06-01 03:22:58,490]: *** sta3-wlan1: Scanning for ap1-ssid
INFO     [2021-06-01 03:22:58,994]: *** sta1-wlan1: Scan detected ap1-ssid in range (signal: -83.0 / -80.0)
INFO     [2021-06-01 03:23:00,005]: *** sta1-wlan1: Scan detected ap1-ssid in range (signal: -83.0 / -80.0)
INFO     [2021-06-01 03:23:01,017]: *** sta1-wlan1: Scan detected ap1-ssid in range (signal: -83.0 / -80.0)
INFO     [2021-06-01 03:23:01,395]: *** sta1-wlan1: Scanning for ap1-ssid
INFO     [2021-06-01 03:23:02,022]: *** sta1-wlan1: Scan detected ap1-ssid in range (signal: -87.0 / -80.0)
INFO     [2021-06-01 03:23:03,027]: *** sta1-wlan1: Scan detected ap1-ssid in range (signal: -87.0 / -80.0)
INFO     [2021-06-01 03:23:04,032]: *** sta1-wlan1: Scan detected ap1-ssid in range (signal: -87.0 / -80.0)
INFO     [2021-06-01 03:23:05,038]: *** sta1-wlan1: Scan detected ap1-ssid in range (signal: -87.0 / -80.0)
INFO     [2021-06-01 03:23:05,594]: *** sta3-wlan1: Scanning for ap1-ssid
INFO     [2021-06-01 03:23:06,041]: *** sta1-wlan1: Scan detected ap1-ssid in range (signal: -87.0 / -80.0)
INFO     [2021-06-01 03:23:07,046]: *** sta1-wlan1: Scan detected ap1-ssid in range (signal: -87.0 / -80.0)
INFO     [2021-06-01 03:23:08,051]: *** sta1-wlan1: Scan detected ap1-ssid in range (signal: -87.0 / -80.0)
INFO     [2021-06-01 03:23:08,804]: *** sta1-wlan1: Scanning for ap1-ssid
INFO     [2021-06-01 03:23:09,056]: *** sta1-wlan1: Scan detected ap1-ssid in range (signal: -81.0 / -80.0)
INFO     [2021-06-01 03:23:10,059]: *** sta1-wlan1: Scan detected ap1-ssid in range (signal: -81.0 / -80.0)
INFO     [2021-06-01 03:23:11,065]: *** sta1-wlan1: Scan detected ap1-ssid in range (signal: -81.0 / -80.0)
INFO     [2021-06-01 03:23:12,078]: *** sta1-wlan1: Scan detected ap1-ssid in range (signal: -81.0 / -80.0)
INFO     [2021-06-01 03:23:12,355]: *** sta3-wlan1: Scanning for ap1-ssid
INFO     [2021-06-01 03:23:13,083]: *** sta1-wlan1: Scan detected ap1-ssid in range (signal: -81.0 / -80.0)
INFO     [2021-06-01 03:23:14,095]: *** sta1-wlan1: Scan detected ap1-ssid in range (signal: -81.0 / -80.0)
INFO     [2021-06-01 03:23:15,100]: *** sta1-wlan1: Scan detected ap1-ssid in range (signal: -81.0 / -80.0)
INFO     [2021-06-01 03:23:15,613]: *** sta1-wlan1: Scanning for ap1-ssid
INFO     [2021-06-01 03:23:16,170]: *** sta1-wlan1: Scan detected ap1-ssid in range (signal: -79.0 / -80.0)
INFO     [2021-06-01 03:23:19,278]: *** sta3-wlan1: Scanning for ap1-ssid
INFO     [2021-06-01 03:23:19,922]: *** sta1-wlan0: Connected interface to ap1-ssid
INFO     [2021-06-01 03:23:26,091]: *** sta3-wlan1: Scanning for ap1-ssid
INFO     [2021-06-01 03:23:32,868]: *** sta3-wlan1: Scanning for ap1-ssid
INFO     [2021-06-01 03:23:39,896]: *** sta3-wlan1: Scanning for ap1-ssid
INFO     [2021-06-01 03:23:46,767]: *** sta3-wlan1: Scanning for ap1-ssid
INFO     [2021-06-01 03:23:46,783]: *** sta1-wlan1: Scanner started. Searching for ap1-ssid with interval 3.0
