INFO     [2021-05-31 07:12:33,345]: *** sta1-wlan0: Started flexible_sdn.py
INFO     [2021-05-31 07:12:33,352]: *** sta1: Interface: sta1-wlan0, Scan-interface: sta1-wlan1
INFO     [2021-05-31 07:12:33,354]: *** sta3-wlan0: Started flexible_sdn.py
INFO     [2021-05-31 07:12:33,357]: *** sta3: Interface: sta3-wlan0, Scan-interface: sta3-wlan1
INFO     [2021-05-31 07:14:43,878]: *** sta1-wlan1: Scanner started. Searching for ap1-ssid with interval 3.0
INFO     [2021-05-31 07:14:46,894]: *** sta1-wlan1: Scanning for ap1-ssid
INFO     [2021-05-31 07:14:47,903]: *** sta1-wlan1: Scan detected ap1-ssid in range (signal: -86.0 / -80.0)
INFO     [2021-05-31 07:14:48,907]: *** sta1-wlan1: Scan detected ap1-ssid in range (signal: -86.0 / -80.0)
INFO     [2021-05-31 07:14:49,928]: *** sta1-wlan1: Scan detected ap1-ssid in range (signal: -86.0 / -80.0)
INFO     [2021-05-31 07:14:50,937]: *** sta1-wlan1: Scan detected ap1-ssid in range (signal: -86.0 / -80.0)
INFO     [2021-05-31 07:14:51,942]: *** sta1-wlan1: Scan detected ap1-ssid in range (signal: -86.0 / -80.0)
INFO     [2021-05-31 07:14:52,956]: *** sta1-wlan1: Scan detected ap1-ssid in range (signal: -86.0 / -80.0)
INFO     [2021-05-31 07:14:53,806]: *** sta1-wlan1: Scanning for ap1-ssid
INFO     [2021-05-31 07:14:53,988]: *** sta1-wlan1: Scan detected ap1-ssid in range (signal: -88.0 / -80.0)
INFO     [2021-05-31 07:14:55,006]: *** sta1-wlan1: Scan detected ap1-ssid in range (signal: -88.0 / -80.0)
INFO     [2021-05-31 07:14:56,010]: *** sta1-wlan1: Scan detected ap1-ssid in range (signal: -88.0 / -80.0)
INFO     [2021-05-31 07:14:57,017]: *** sta1-wlan1: Scan detected ap1-ssid in range (signal: -88.0 / -80.0)
INFO     [2021-05-31 07:14:58,018]: *** sta3-wlan1: Scanner started. Searching for ap1-ssid with interval 3.0
INFO     [2021-05-31 07:14:58,024]: *** sta1-wlan1: Scan detected ap1-ssid in range (signal: -88.0 / -80.0)
INFO     [2021-05-31 07:14:59,031]: *** sta1-wlan1: Scan detected ap1-ssid in range (signal: -88.0 / -80.0)
INFO     [2021-05-31 07:15:00,041]: *** sta1-wlan1: Scan detected ap1-ssid in range (signal: -88.0 / -80.0)
INFO     [2021-05-31 07:15:00,677]: *** sta1-wlan1: Scanning for ap1-ssid
INFO     [2021-05-31 07:15:01,021]: *** sta3-wlan1: Scanning for ap1-ssid
INFO     [2021-05-31 07:15:01,052]: *** sta1-wlan1: Scan detected ap1-ssid in range (signal: -88.0 / -80.0)
INFO     [2021-05-31 07:15:02,057]: *** sta1-wlan1: Scan detected ap1-ssid in range (signal: -88.0 / -80.0)
INFO     [2021-05-31 07:15:03,063]: *** sta1-wlan1: Scan detected ap1-ssid in range (signal: -88.0 / -80.0)
INFO     [2021-05-31 07:15:04,084]: *** sta1-wlan1: Scan detected ap1-ssid in range (signal: -88.0 / -80.0)
INFO     [2021-05-31 07:15:05,089]: *** sta1-wlan1: Scan detected ap1-ssid in range (signal: -88.0 / -80.0)
INFO     [2021-05-31 07:15:06,094]: *** sta1-wlan1: Scan detected ap1-ssid in range (signal: -88.0 / -80.0)
INFO     [2021-05-31 07:15:07,099]: *** sta1-wlan1: Scan detected ap1-ssid in range (signal: -88.0 / -80.0)
INFO     [2021-05-31 07:15:07,432]: *** sta1-wlan1: Scanning for ap1-ssid
INFO     [2021-05-31 07:15:07,796]: *** sta3-wlan1: Scanning for ap1-ssid
INFO     [2021-05-31 07:15:08,102]: *** sta3-wlan1: Scan detected ap1-ssid in range (signal: -88.0 / -80.0)
INFO     [2021-05-31 07:15:08,107]: *** sta1-wlan1: Scan detected ap1-ssid in range (signal: -88.0 / -80.0)
INFO     [2021-05-31 07:15:09,107]: *** sta3-wlan1: Scan detected ap1-ssid in range (signal: -88.0 / -80.0)
INFO     [2021-05-31 07:15:09,112]: *** sta1-wlan1: Scan detected ap1-ssid in range (signal: -88.0 / -80.0)
INFO     [2021-05-31 07:15:10,111]: *** sta3-wlan1: Scan detected ap1-ssid in range (signal: -88.0 / -80.0)
INFO     [2021-05-31 07:15:10,117]: *** sta1-wlan1: Scan detected ap1-ssid in range (signal: -88.0 / -80.0)
INFO     [2021-05-31 07:15:11,116]: *** sta3-wlan1: Scan detected ap1-ssid in range (signal: -88.0 / -80.0)
INFO     [2021-05-31 07:15:11,122]: *** sta1-wlan1: Scan detected ap1-ssid in range (signal: -88.0 / -80.0)
INFO     [2021-05-31 07:15:12,132]: *** sta3-wlan1: Scan detected ap1-ssid in range (signal: -88.0 / -80.0)
INFO     [2021-05-31 07:15:12,138]: *** sta1-wlan1: Scan detected ap1-ssid in range (signal: -88.0 / -80.0)
INFO     [2021-05-31 07:15:13,141]: *** sta3-wlan1: Scan detected ap1-ssid in range (signal: -88.0 / -80.0)
INFO     [2021-05-31 07:15:13,143]: *** sta1-wlan1: Scan detected ap1-ssid in range (signal: -88.0 / -80.0)
INFO     [2021-05-31 07:15:14,148]: *** sta3-wlan1: Scan detected ap1-ssid in range (signal: -88.0 / -80.0)
INFO     [2021-05-31 07:15:14,150]: *** sta1-wlan1: Scan detected ap1-ssid in range (signal: -88.0 / -80.0)
INFO     [2021-05-31 07:15:14,173]: *** sta1-wlan1: Scanning for ap1-ssid
INFO     [2021-05-31 07:15:14,558]: *** sta3-wlan1: Scanning for ap1-ssid
INFO     [2021-05-31 07:15:15,154]: *** sta3-wlan1: Scan detected ap1-ssid in range (signal: -89.0 / -80.0)
INFO     [2021-05-31 07:15:15,156]: *** sta1-wlan1: Scan detected ap1-ssid in range (signal: -90.0 / -80.0)
INFO     [2021-05-31 07:15:16,158]: *** sta3-wlan1: Scan detected ap1-ssid in range (signal: -89.0 / -80.0)
INFO     [2021-05-31 07:15:16,160]: *** sta1-wlan1: Scan detected ap1-ssid in range (signal: -90.0 / -80.0)
INFO     [2021-05-31 07:15:17,162]: *** sta3-wlan1: Scan detected ap1-ssid in range (signal: -89.0 / -80.0)
INFO     [2021-05-31 07:15:17,165]: *** sta1-wlan1: Scan detected ap1-ssid in range (signal: -90.0 / -80.0)
INFO     [2021-05-31 07:15:18,169]: *** sta3-wlan1: Scan detected ap1-ssid in range (signal: -89.0 / -80.0)
INFO     [2021-05-31 07:15:18,172]: *** sta1-wlan1: Scan detected ap1-ssid in range (signal: -90.0 / -80.0)
INFO     [2021-05-31 07:15:19,174]: *** sta3-wlan1: Scan detected ap1-ssid in range (signal: -89.0 / -80.0)
INFO     [2021-05-31 07:15:19,176]: *** sta1-wlan1: Scan detected ap1-ssid in range (signal: -90.0 / -80.0)
INFO     [2021-05-31 07:15:20,181]: *** sta3-wlan1: Scan detected ap1-ssid in range (signal: -89.0 / -80.0)
INFO     [2021-05-31 07:15:20,181]: *** sta1-wlan1: Scan detected ap1-ssid in range (signal: -90.0 / -80.0)
INFO     [2021-05-31 07:15:20,937]: *** sta1-wlan1: Scanning for ap1-ssid
INFO     [2021-05-31 07:15:21,192]: *** sta1-wlan1: Scan detected ap1-ssid in range (signal: -90.0 / -80.0)
INFO     [2021-05-31 07:15:21,195]: *** sta3-wlan1: Scan detected ap1-ssid in range (signal: -89.0 / -80.0)
INFO     [2021-05-31 07:15:21,321]: *** sta3-wlan1: Scanning for ap1-ssid
INFO     [2021-05-31 07:15:22,203]: *** sta1-wlan1: Scan detected ap1-ssid in range (signal: -90.0 / -80.0)
INFO     [2021-05-31 07:15:22,204]: *** sta3-wlan1: Scan detected ap1-ssid in range (signal: -89.0 / -80.0)
INFO     [2021-05-31 07:15:23,208]: *** sta1-wlan1: Scan detected ap1-ssid in range (signal: -90.0 / -80.0)
INFO     [2021-05-31 07:15:23,210]: *** sta3-wlan1: Scan detected ap1-ssid in range (signal: -89.0 / -80.0)
INFO     [2021-05-31 07:15:24,213]: *** sta1-wlan1: Scan detected ap1-ssid in range (signal: -90.0 / -80.0)
INFO     [2021-05-31 07:15:24,215]: *** sta3-wlan1: Scan detected ap1-ssid in range (signal: -89.0 / -80.0)
INFO     [2021-05-31 07:15:25,222]: *** sta1-wlan1: Scan detected ap1-ssid in range (signal: -90.0 / -80.0)
INFO     [2021-05-31 07:15:25,222]: *** sta3-wlan1: Scan detected ap1-ssid in range (signal: -89.0 / -80.0)
INFO     [2021-05-31 07:15:26,227]: *** sta3-wlan1: Scan detected ap1-ssid in range (signal: -89.0 / -80.0)
INFO     [2021-05-31 07:15:26,228]: *** sta1-wlan1: Scan detected ap1-ssid in range (signal: -90.0 / -80.0)
INFO     [2021-05-31 07:15:27,232]: *** sta3-wlan1: Scan detected ap1-ssid in range (signal: -89.0 / -80.0)
INFO     [2021-05-31 07:15:27,233]: *** sta1-wlan1: Scan detected ap1-ssid in range (signal: -90.0 / -80.0)
INFO     [2021-05-31 07:15:27,782]: *** sta1-wlan1: Scanning for ap1-ssid
INFO     [2021-05-31 07:15:28,234]: *** sta3-wlan1: Scanning for ap1-ssid
INFO     [2021-05-31 07:15:28,247]: *** sta3-wlan1: Scan detected ap1-ssid in range (signal: -89.0 / -80.0)
INFO     [2021-05-31 07:15:28,248]: *** sta1-wlan1: Scan detected ap1-ssid in range (signal: -87.0 / -80.0)
INFO     [2021-05-31 07:15:29,252]: *** sta3-wlan1: Scan detected ap1-ssid in range (signal: -89.0 / -80.0)
INFO     [2021-05-31 07:15:29,255]: *** sta1-wlan1: Scan detected ap1-ssid in range (signal: -87.0 / -80.0)
INFO     [2021-05-31 07:15:30,261]: *** sta3-wlan1: Scan detected ap1-ssid in range (signal: -89.0 / -80.0)
INFO     [2021-05-31 07:15:30,262]: *** sta1-wlan1: Scan detected ap1-ssid in range (signal: -87.0 / -80.0)
INFO     [2021-05-31 07:15:31,268]: *** sta1-wlan1: Scan detected ap1-ssid in range (signal: -87.0 / -80.0)
INFO     [2021-05-31 07:15:31,268]: *** sta3-wlan1: Scan detected ap1-ssid in range (signal: -89.0 / -80.0)
INFO     [2021-05-31 07:15:32,274]: *** sta1-wlan1: Scan detected ap1-ssid in range (signal: -87.0 / -80.0)
INFO     [2021-05-31 07:15:32,275]: *** sta3-wlan1: Scan detected ap1-ssid in range (signal: -89.0 / -80.0)
INFO     [2021-05-31 07:15:33,286]: *** sta1-wlan1: Scan detected ap1-ssid in range (signal: -87.0 / -80.0)
INFO     [2021-05-31 07:15:33,287]: *** sta3-wlan1: Scan detected ap1-ssid in range (signal: -89.0 / -80.0)
INFO     [2021-05-31 07:15:34,291]: *** sta1-wlan1: Scan detected ap1-ssid in range (signal: -87.0 / -80.0)
INFO     [2021-05-31 07:15:34,292]: *** sta3-wlan1: Scan detected ap1-ssid in range (signal: -89.0 / -80.0)
INFO     [2021-05-31 07:15:34,608]: *** sta1-wlan1: Scanning for ap1-ssid
INFO     [2021-05-31 07:15:35,058]: *** sta3-wlan1: Scanning for ap1-ssid
INFO     [2021-05-31 07:15:35,296]: *** sta1-wlan1: Scan detected ap1-ssid in range (signal: -87.0 / -80.0)
INFO     [2021-05-31 07:15:35,300]: *** sta3-wlan1: Scan detected ap1-ssid in range (signal: -89.0 / -80.0)
INFO     [2021-05-31 07:15:36,302]: *** sta1-wlan1: Scan detected ap1-ssid in range (signal: -87.0 / -80.0)
INFO     [2021-05-31 07:15:36,306]: *** sta3-wlan1: Scan detected ap1-ssid in range (signal: -89.0 / -80.0)
INFO     [2021-05-31 07:15:37,307]: *** sta1-wlan1: Scan detected ap1-ssid in range (signal: -87.0 / -80.0)
INFO     [2021-05-31 07:15:37,311]: *** sta3-wlan1: Scan detected ap1-ssid in range (signal: -89.0 / -80.0)
INFO     [2021-05-31 07:15:38,325]: *** sta1-wlan1: Scan detected ap1-ssid in range (signal: -87.0 / -80.0)
INFO     [2021-05-31 07:15:38,326]: *** sta3-wlan1: Scan detected ap1-ssid in range (signal: -89.0 / -80.0)
INFO     [2021-05-31 07:15:39,426]: *** sta3-wlan1: Scan detected ap1-ssid in range (signal: -89.0 / -80.0)
INFO     [2021-05-31 07:15:39,428]: *** sta1-wlan1: Scan detected ap1-ssid in range (signal: -87.0 / -80.0)
INFO     [2021-05-31 07:15:40,468]: *** sta1-wlan1: Scan detected ap1-ssid in range (signal: -87.0 / -80.0)
INFO     [2021-05-31 07:15:40,470]: *** sta3-wlan1: Scan detected ap1-ssid in range (signal: -89.0 / -80.0)
INFO     [2021-05-31 07:15:41,434]: *** sta1-wlan1: Scanning for ap1-ssid
INFO     [2021-05-31 07:15:41,479]: *** sta1-wlan1: Scan detected ap1-ssid in range (signal: -87.0 / -80.0)
INFO     [2021-05-31 07:15:41,481]: *** sta3-wlan1: Scan detected ap1-ssid in range (signal: -89.0 / -80.0)
INFO     [2021-05-31 07:15:41,907]: *** sta3-wlan1: Scanning for ap1-ssid
INFO     [2021-05-31 07:15:42,489]: *** sta1-wlan1: Scan detected ap1-ssid in range (signal: -87.0 / -80.0)
INFO     [2021-05-31 07:15:42,492]: *** sta3-wlan1: Scan detected ap1-ssid in range (signal: -89.0 / -80.0)
INFO     [2021-05-31 07:15:43,498]: *** sta1-wlan1: Scan detected ap1-ssid in range (signal: -87.0 / -80.0)
INFO     [2021-05-31 07:15:43,499]: *** sta3-wlan1: Scan detected ap1-ssid in range (signal: -89.0 / -80.0)
INFO     [2021-05-31 07:15:44,504]: *** sta1-wlan1: Scan detected ap1-ssid in range (signal: -87.0 / -80.0)
INFO     [2021-05-31 07:15:44,506]: *** sta3-wlan1: Scan detected ap1-ssid in range (signal: -89.0 / -80.0)
INFO     [2021-05-31 07:15:45,514]: *** sta1-wlan1: Scan detected ap1-ssid in range (signal: -87.0 / -80.0)
INFO     [2021-05-31 07:15:45,515]: *** sta3-wlan1: Scan detected ap1-ssid in range (signal: -89.0 / -80.0)
INFO     [2021-05-31 07:15:46,518]: *** sta1-wlan1: Scan detected ap1-ssid in range (signal: -87.0 / -80.0)
INFO     [2021-05-31 07:15:46,519]: *** sta3-wlan1: Scan detected ap1-ssid in range (signal: -89.0 / -80.0)
INFO     [2021-05-31 07:15:47,529]: *** sta3-wlan1: Scan detected ap1-ssid in range (signal: -89.0 / -80.0)
INFO     [2021-05-31 07:15:47,529]: *** sta1-wlan1: Scan detected ap1-ssid in range (signal: -87.0 / -80.0)
INFO     [2021-05-31 07:15:48,556]: *** sta1-wlan1: Scan detected ap1-ssid in range (signal: -87.0 / -80.0)
INFO     [2021-05-31 07:15:48,854]: *** sta1-wlan1: Scanning for ap1-ssid
INFO     [2021-05-31 07:15:49,001]: *** sta3-wlan1: Scanning for ap1-ssid
INFO     [2021-05-31 07:15:49,563]: *** sta1-wlan1: Scan detected ap1-ssid in range (signal: -90.0 / -80.0)
INFO     [2021-05-31 07:15:50,567]: *** sta1-wlan1: Scan detected ap1-ssid in range (signal: -90.0 / -80.0)
INFO     [2021-05-31 07:15:51,574]: *** sta1-wlan1: Scan detected ap1-ssid in range (signal: -90.0 / -80.0)
INFO     [2021-05-31 07:15:52,589]: *** sta1-wlan1: Scan detected ap1-ssid in range (signal: -90.0 / -80.0)
INFO     [2021-05-31 07:15:53,593]: *** sta1-wlan1: Scan detected ap1-ssid in range (signal: -90.0 / -80.0)
INFO     [2021-05-31 07:15:54,599]: *** sta1-wlan1: Scan detected ap1-ssid in range (signal: -90.0 / -80.0)
INFO     [2021-05-31 07:15:55,614]: *** sta1-wlan1: Scan detected ap1-ssid in range (signal: -90.0 / -80.0)
INFO     [2021-05-31 07:15:55,806]: *** sta1-wlan1: Scanning for ap1-ssid
INFO     [2021-05-31 07:15:55,925]: *** sta3-wlan1: Scanning for ap1-ssid
INFO     [2021-05-31 07:15:56,623]: *** sta1-wlan1: Scan detected ap1-ssid in range (signal: -86.0 / -80.0)
INFO     [2021-05-31 07:15:57,628]: *** sta1-wlan1: Scan detected ap1-ssid in range (signal: -86.0 / -80.0)
INFO     [2021-05-31 07:15:58,632]: *** sta1-wlan1: Scan detected ap1-ssid in range (signal: -86.0 / -80.0)
INFO     [2021-05-31 07:15:59,649]: *** sta1-wlan1: Scan detected ap1-ssid in range (signal: -86.0 / -80.0)
INFO     [2021-05-31 07:16:00,653]: *** sta1-wlan1: Scan detected ap1-ssid in range (signal: -86.0 / -80.0)
INFO     [2021-05-31 07:16:01,661]: *** sta1-wlan1: Scan detected ap1-ssid in range (signal: -86.0 / -80.0)
INFO     [2021-05-31 07:16:02,590]: *** sta1-wlan1: Scanning for ap1-ssid
INFO     [2021-05-31 07:16:02,669]: *** sta1-wlan1: Scan detected ap1-ssid in range (signal: -86.0 / -80.0)
INFO     [2021-05-31 07:16:02,704]: *** sta3-wlan1: Scanning for ap1-ssid
INFO     [2021-05-31 07:16:03,675]: *** sta1-wlan1: Scan detected ap1-ssid in range (signal: -86.0 / -80.0)
INFO     [2021-05-31 07:16:04,679]: *** sta1-wlan1: Scan detected ap1-ssid in range (signal: -86.0 / -80.0)
INFO     [2021-05-31 07:16:05,695]: *** sta1-wlan1: Scan detected ap1-ssid in range (signal: -86.0 / -80.0)
INFO     [2021-05-31 07:16:06,701]: *** sta1-wlan1: Scan detected ap1-ssid in range (signal: -86.0 / -80.0)
INFO     [2021-05-31 07:16:07,705]: *** sta1-wlan1: Scan detected ap1-ssid in range (signal: -86.0 / -80.0)
INFO     [2021-05-31 07:16:08,713]: *** sta1-wlan1: Scan detected ap1-ssid in range (signal: -86.0 / -80.0)
INFO     [2021-05-31 07:16:09,409]: *** sta1-wlan1: Scanning for ap1-ssid
INFO     [2021-05-31 07:16:09,490]: *** sta3-wlan1: Scanning for ap1-ssid
INFO     [2021-05-31 07:16:09,715]: *** sta3-wlan1: Scan detected ap1-ssid in range (signal: -89.0 / -80.0)
INFO     [2021-05-31 07:16:09,718]: *** sta1-wlan1: Scan detected ap1-ssid in range (signal: -86.0 / -80.0)
INFO     [2021-05-31 07:16:10,720]: *** sta3-wlan1: Scan detected ap1-ssid in range (signal: -89.0 / -80.0)
INFO     [2021-05-31 07:16:10,723]: *** sta1-wlan1: Scan detected ap1-ssid in range (signal: -86.0 / -80.0)
INFO     [2021-05-31 07:16:11,726]: *** sta3-wlan1: Scan detected ap1-ssid in range (signal: -89.0 / -80.0)
INFO     [2021-05-31 07:16:11,728]: *** sta1-wlan1: Scan detected ap1-ssid in range (signal: -86.0 / -80.0)
INFO     [2021-05-31 07:16:12,731]: *** sta3-wlan1: Scan detected ap1-ssid in range (signal: -89.0 / -80.0)
INFO     [2021-05-31 07:16:12,734]: *** sta1-wlan1: Scan detected ap1-ssid in range (signal: -86.0 / -80.0)
INFO     [2021-05-31 07:16:13,737]: *** sta3-wlan1: Scan detected ap1-ssid in range (signal: -89.0 / -80.0)
INFO     [2021-05-31 07:16:13,740]: *** sta1-wlan1: Scan detected ap1-ssid in range (signal: -86.0 / -80.0)
INFO     [2021-05-31 07:16:14,742]: *** sta3-wlan1: Scan detected ap1-ssid in range (signal: -89.0 / -80.0)
INFO     [2021-05-31 07:16:14,745]: *** sta1-wlan1: Scan detected ap1-ssid in range (signal: -86.0 / -80.0)
INFO     [2021-05-31 07:16:15,749]: *** sta3-wlan1: Scan detected ap1-ssid in range (signal: -89.0 / -80.0)
INFO     [2021-05-31 07:16:15,751]: *** sta1-wlan1: Scan detected ap1-ssid in range (signal: -86.0 / -80.0)
INFO     [2021-05-31 07:16:16,190]: *** sta1-wlan1: Scanning for ap1-ssid
INFO     [2021-05-31 07:16:16,243]: *** sta3-wlan1: Scanning for ap1-ssid
INFO     [2021-05-31 07:16:16,754]: *** sta3-wlan1: Scan detected ap1-ssid in range (signal: -89.0 / -80.0)
INFO     [2021-05-31 07:16:16,757]: *** sta1-wlan1: Scan detected ap1-ssid in range (signal: -89.0 / -80.0)
INFO     [2021-05-31 07:16:17,760]: *** sta3-wlan1: Scan detected ap1-ssid in range (signal: -89.0 / -80.0)
INFO     [2021-05-31 07:16:17,761]: *** sta1-wlan1: Scan detected ap1-ssid in range (signal: -89.0 / -80.0)
INFO     [2021-05-31 07:16:18,764]: *** sta3-wlan1: Scan detected ap1-ssid in range (signal: -89.0 / -80.0)
INFO     [2021-05-31 07:16:18,766]: *** sta1-wlan1: Scan detected ap1-ssid in range (signal: -89.0 / -80.0)
INFO     [2021-05-31 07:16:19,769]: *** sta3-wlan1: Scan detected ap1-ssid in range (signal: -89.0 / -80.0)
INFO     [2021-05-31 07:16:19,771]: *** sta1-wlan1: Scan detected ap1-ssid in range (signal: -89.0 / -80.0)
INFO     [2021-05-31 07:16:20,777]: *** sta1-wlan1: Scan detected ap1-ssid in range (signal: -89.0 / -80.0)
INFO     [2021-05-31 07:16:20,780]: *** sta3-wlan1: Scan detected ap1-ssid in range (signal: -89.0 / -80.0)
INFO     [2021-05-31 07:16:21,783]: *** sta1-wlan1: Scan detected ap1-ssid in range (signal: -89.0 / -80.0)
INFO     [2021-05-31 07:16:21,785]: *** sta3-wlan1: Scan detected ap1-ssid in range (signal: -89.0 / -80.0)
INFO     [2021-05-31 07:16:22,789]: *** sta1-wlan1: Scan detected ap1-ssid in range (signal: -89.0 / -80.0)
INFO     [2021-05-31 07:16:22,790]: *** sta3-wlan1: Scan detected ap1-ssid in range (signal: -89.0 / -80.0)
INFO     [2021-05-31 07:16:23,022]: *** sta1-wlan1: Scanning for ap1-ssid
INFO     [2021-05-31 07:16:23,050]: *** sta3-wlan1: Scanning for ap1-ssid
INFO     [2021-05-31 07:16:23,809]: *** sta1-wlan1: Scan detected ap1-ssid in range (signal: -89.0 / -80.0)
INFO     [2021-05-31 07:16:23,809]: *** sta3-wlan1: Scan detected ap1-ssid in range (signal: -89.0 / -80.0)
INFO     [2021-05-31 07:16:24,815]: *** sta3-wlan1: Scan detected ap1-ssid in range (signal: -89.0 / -80.0)
INFO     [2021-05-31 07:16:24,815]: *** sta1-wlan1: Scan detected ap1-ssid in range (signal: -89.0 / -80.0)
INFO     [2021-05-31 07:16:25,827]: *** sta1-wlan1: Scan detected ap1-ssid in range (signal: -89.0 / -80.0)
INFO     [2021-05-31 07:16:25,828]: *** sta3-wlan1: Scan detected ap1-ssid in range (signal: -89.0 / -80.0)
INFO     [2021-05-31 07:16:26,838]: *** sta3-wlan1: Scan detected ap1-ssid in range (signal: -89.0 / -80.0)
INFO     [2021-05-31 07:16:26,839]: *** sta1-wlan1: Scan detected ap1-ssid in range (signal: -89.0 / -80.0)
INFO     [2021-05-31 07:16:27,852]: *** sta3-wlan1: Scan detected ap1-ssid in range (signal: -89.0 / -80.0)
INFO     [2021-05-31 07:16:27,853]: *** sta1-wlan1: Scan detected ap1-ssid in range (signal: -89.0 / -80.0)
INFO     [2021-05-31 07:16:28,856]: *** sta3-wlan1: Scan detected ap1-ssid in range (signal: -89.0 / -80.0)
INFO     [2021-05-31 07:16:28,857]: *** sta1-wlan1: Scan detected ap1-ssid in range (signal: -89.0 / -80.0)
INFO     [2021-05-31 07:16:29,866]: *** sta3-wlan1: Scan detected ap1-ssid in range (signal: -89.0 / -80.0)
INFO     [2021-05-31 07:16:29,868]: *** sta1-wlan1: Scan detected ap1-ssid in range (signal: -89.0 / -80.0)
INFO     [2021-05-31 07:16:29,918]: *** sta3-wlan1: Scanning for ap1-ssid
INFO     [2021-05-31 07:16:29,918]: *** sta1-wlan1: Scanning for ap1-ssid
INFO     [2021-05-31 07:16:30,872]: *** sta3-wlan1: Scan detected ap1-ssid in range (signal: -89.0 / -80.0)
INFO     [2021-05-31 07:16:30,874]: *** sta1-wlan1: Scan detected ap1-ssid in range (signal: -89.0 / -80.0)
INFO     [2021-05-31 07:16:31,879]: *** sta3-wlan1: Scan detected ap1-ssid in range (signal: -89.0 / -80.0)
INFO     [2021-05-31 07:16:31,879]: *** sta1-wlan1: Scan detected ap1-ssid in range (signal: -89.0 / -80.0)
INFO     [2021-05-31 07:16:32,885]: *** sta3-wlan1: Scan detected ap1-ssid in range (signal: -89.0 / -80.0)
INFO     [2021-05-31 07:16:32,886]: *** sta1-wlan1: Scan detected ap1-ssid in range (signal: -89.0 / -80.0)
INFO     [2021-05-31 07:16:33,893]: *** sta3-wlan1: Scan detected ap1-ssid in range (signal: -89.0 / -80.0)
INFO     [2021-05-31 07:16:33,893]: *** sta1-wlan1: Scan detected ap1-ssid in range (signal: -89.0 / -80.0)
INFO     [2021-05-31 07:16:34,899]: *** sta3-wlan1: Scan detected ap1-ssid in range (signal: -89.0 / -80.0)
INFO     [2021-05-31 07:16:34,900]: *** sta1-wlan1: Scan detected ap1-ssid in range (signal: -89.0 / -80.0)
INFO     [2021-05-31 07:16:35,905]: *** sta3-wlan1: Scan detected ap1-ssid in range (signal: -89.0 / -80.0)
INFO     [2021-05-31 07:16:35,907]: *** sta1-wlan1: Scan detected ap1-ssid in range (signal: -89.0 / -80.0)
INFO     [2021-05-31 07:16:36,797]: *** sta1-wlan1: Scanning for ap1-ssid
INFO     [2021-05-31 07:16:36,798]: *** sta3-wlan1: Scanning for ap1-ssid
INFO     [2021-05-31 07:16:36,912]: *** sta3-wlan1: Scan detected ap1-ssid in range (signal: -89.0 / -80.0)
INFO     [2021-05-31 07:16:36,914]: *** sta1-wlan1: Scan detected ap1-ssid in range (signal: -89.0 / -80.0)
INFO     [2021-05-31 07:16:37,918]: *** sta3-wlan1: Scan detected ap1-ssid in range (signal: -89.0 / -80.0)
INFO     [2021-05-31 07:16:37,919]: *** sta1-wlan1: Scan detected ap1-ssid in range (signal: -89.0 / -80.0)
INFO     [2021-05-31 07:16:38,924]: *** sta3-wlan1: Scan detected ap1-ssid in range (signal: -89.0 / -80.0)
INFO     [2021-05-31 07:16:38,926]: *** sta1-wlan1: Scan detected ap1-ssid in range (signal: -89.0 / -80.0)
INFO     [2021-05-31 07:16:39,931]: *** sta1-wlan1: Scan detected ap1-ssid in range (signal: -89.0 / -80.0)
INFO     [2021-05-31 07:16:40,940]: *** sta1-wlan1: Scan detected ap1-ssid in range (signal: -89.0 / -80.0)
INFO     [2021-05-31 07:16:41,945]: *** sta1-wlan1: Scan detected ap1-ssid in range (signal: -89.0 / -80.0)
INFO     [2021-05-31 07:16:42,949]: *** sta1-wlan1: Scan detected ap1-ssid in range (signal: -89.0 / -80.0)
INFO     [2021-05-31 07:16:43,669]: *** sta1-wlan1: Scanning for ap1-ssid
INFO     [2021-05-31 07:16:43,670]: *** sta3-wlan1: Scanning for ap1-ssid
INFO     [2021-05-31 07:16:43,954]: *** sta1-wlan1: Scan detected ap1-ssid in range (signal: -89.0 / -80.0)
INFO     [2021-05-31 07:16:44,959]: *** sta1-wlan1: Scan detected ap1-ssid in range (signal: -89.0 / -80.0)
INFO     [2021-05-31 07:16:45,964]: *** sta1-wlan1: Scan detected ap1-ssid in range (signal: -89.0 / -80.0)
INFO     [2021-05-31 07:16:50,443]: *** sta3-wlan1: Scanning for ap1-ssid
INFO     [2021-05-31 07:16:50,443]: *** sta1-wlan1: Scanning for ap1-ssid
INFO     [2021-05-31 07:16:57,193]: *** sta1-wlan1: Scanning for ap1-ssid
INFO     [2021-05-31 07:16:57,193]: *** sta3-wlan1: Scanning for ap1-ssid
INFO     [2021-05-31 07:17:04,062]: *** sta1-wlan1: Scanning for ap1-ssid
INFO     [2021-05-31 07:17:04,062]: *** sta3-wlan1: Scanning for ap1-ssid
INFO     [2021-05-31 07:17:10,796]: *** sta1-wlan1: Scanning for ap1-ssid
INFO     [2021-05-31 07:17:10,797]: *** sta3-wlan1: Scanning for ap1-ssid
INFO     [2021-05-31 07:17:17,789]: *** sta3-wlan1: Scanning for ap1-ssid
INFO     [2021-05-31 07:17:17,789]: *** sta1-wlan1: Scanning for ap1-ssid
INFO     [2021-05-31 07:17:24,577]: *** sta3-wlan1: Scanning for ap1-ssid
INFO     [2021-05-31 07:17:24,577]: *** sta1-wlan1: Scanning for ap1-ssid
INFO     [2021-05-31 07:17:31,413]: *** sta1-wlan1: Scanning for ap1-ssid
INFO     [2021-05-31 07:17:31,413]: *** sta3-wlan1: Scanning for ap1-ssid
INFO     [2021-05-31 07:17:38,233]: *** sta3-wlan1: Scanning for ap1-ssid
INFO     [2021-05-31 07:17:38,233]: *** sta1-wlan1: Scanning for ap1-ssid
INFO     [2021-05-31 07:17:45,008]: *** sta1-wlan1: Scanning for ap1-ssid
INFO     [2021-05-31 07:17:45,009]: *** sta3-wlan1: Scanning for ap1-ssid
INFO     [2021-05-31 07:17:52,556]: *** sta1-wlan1: Scanning for ap1-ssid
INFO     [2021-05-31 07:17:52,559]: *** sta3-wlan1: Scanning for ap1-ssid
INFO     [2021-05-31 07:17:59,421]: *** sta1-wlan1: Scanning for ap1-ssid
INFO     [2021-05-31 07:17:59,421]: *** sta3-wlan1: Scanning for ap1-ssid
INFO     [2021-05-31 07:18:06,444]: *** sta3-wlan1: Scanning for ap1-ssid
INFO     [2021-05-31 07:18:06,444]: *** sta1-wlan1: Scanning for ap1-ssid
INFO     [2021-05-31 07:18:06,537]: *** sta1-wlan1: Scan detected ap1-ssid in range (signal: -86.0 / -80.0)
INFO     [2021-05-31 07:18:07,545]: *** sta1-wlan1: Scan detected ap1-ssid in range (signal: -86.0 / -80.0)
INFO     [2021-05-31 07:18:08,551]: *** sta1-wlan1: Scan detected ap1-ssid in range (signal: -86.0 / -80.0)
INFO     [2021-05-31 07:18:09,556]: *** sta1-wlan1: Scan detected ap1-ssid in range (signal: -86.0 / -80.0)
INFO     [2021-05-31 07:18:10,563]: *** sta1-wlan1: Scan detected ap1-ssid in range (signal: -86.0 / -80.0)
INFO     [2021-05-31 07:18:11,568]: *** sta1-wlan1: Scan detected ap1-ssid in range (signal: -86.0 / -80.0)
INFO     [2021-05-31 07:18:12,573]: *** sta1-wlan1: Scan detected ap1-ssid in range (signal: -86.0 / -80.0)
INFO     [2021-05-31 07:18:13,238]: *** sta1-wlan1: Scanning for ap1-ssid
INFO     [2021-05-31 07:18:13,238]: *** sta3-wlan1: Scanning for ap1-ssid
INFO     [2021-05-31 07:18:13,580]: *** sta1-wlan1: Scan detected ap1-ssid in range (signal: -89.0 / -80.0)
INFO     [2021-05-31 07:18:14,585]: *** sta1-wlan1: Scan detected ap1-ssid in range (signal: -89.0 / -80.0)
INFO     [2021-05-31 07:18:15,591]: *** sta1-wlan1: Scan detected ap1-ssid in range (signal: -89.0 / -80.0)
INFO     [2021-05-31 07:18:16,597]: *** sta1-wlan1: Scan detected ap1-ssid in range (signal: -89.0 / -80.0)
INFO     [2021-05-31 07:18:17,606]: *** sta1-wlan1: Scan detected ap1-ssid in range (signal: -89.0 / -80.0)
INFO     [2021-05-31 07:18:18,621]: *** sta1-wlan1: Scan detected ap1-ssid in range (signal: -89.0 / -80.0)
INFO     [2021-05-31 07:18:19,627]: *** sta1-wlan1: Scan detected ap1-ssid in range (signal: -89.0 / -80.0)
INFO     [2021-05-31 07:18:20,046]: *** sta1-wlan1: Scanning for ap1-ssid
INFO     [2021-05-31 07:18:20,047]: *** sta3-wlan1: Scanning for ap1-ssid
INFO     [2021-05-31 07:18:20,631]: *** sta1-wlan1: Scan detected ap1-ssid in range (signal: -89.0 / -80.0)
INFO     [2021-05-31 07:18:21,636]: *** sta1-wlan1: Scan detected ap1-ssid in range (signal: -89.0 / -80.0)
INFO     [2021-05-31 07:18:22,647]: *** sta1-wlan1: Scan detected ap1-ssid in range (signal: -89.0 / -80.0)
INFO     [2021-05-31 07:18:23,652]: *** sta1-wlan1: Scan detected ap1-ssid in range (signal: -89.0 / -80.0)
INFO     [2021-05-31 07:18:24,657]: *** sta1-wlan1: Scan detected ap1-ssid in range (signal: -89.0 / -80.0)
INFO     [2021-05-31 07:18:25,731]: *** sta1-wlan1: Scan detected ap1-ssid in range (signal: -89.0 / -80.0)
INFO     [2021-05-31 07:18:26,763]: *** sta1-wlan1: Scan detected ap1-ssid in range (signal: -89.0 / -80.0)
INFO     [2021-05-31 07:18:26,937]: *** sta1-wlan1: Scanning for ap1-ssid
INFO     [2021-05-31 07:18:26,938]: *** sta3-wlan1: Scanning for ap1-ssid
INFO     [2021-05-31 07:18:27,779]: *** sta1-wlan1: Scan detected ap1-ssid in range (signal: -89.0 / -80.0)
INFO     [2021-05-31 07:18:28,803]: *** sta1-wlan1: Scan detected ap1-ssid in range (signal: -89.0 / -80.0)
INFO     [2021-05-31 07:18:29,809]: *** sta1-wlan1: Scan detected ap1-ssid in range (signal: -89.0 / -80.0)
INFO     [2021-05-31 07:18:30,816]: *** sta1-wlan1: Scan detected ap1-ssid in range (signal: -89.0 / -80.0)
INFO     [2021-05-31 07:18:31,827]: *** sta1-wlan1: Scan detected ap1-ssid in range (signal: -89.0 / -80.0)
INFO     [2021-05-31 07:18:32,833]: *** sta1-wlan1: Scan detected ap1-ssid in range (signal: -89.0 / -80.0)
INFO     [2021-05-31 07:18:33,838]: *** sta1-wlan1: Scan detected ap1-ssid in range (signal: -89.0 / -80.0)
INFO     [2021-05-31 07:18:34,851]: *** sta1-wlan1: Scan detected ap1-ssid in range (signal: -89.0 / -80.0)
INFO     [2021-05-31 07:18:35,360]: *** sta1-wlan1: Scanning for ap1-ssid
INFO     [2021-05-31 07:18:35,360]: *** sta3-wlan1: Scanning for ap1-ssid
INFO     [2021-05-31 07:18:35,858]: *** sta1-wlan1: Scan detected ap1-ssid in range (signal: -89.0 / -80.0)
INFO     [2021-05-31 07:18:35,860]: *** sta3-wlan1: Scan detected ap1-ssid in range (signal: -88.0 / -80.0)
INFO     [2021-05-31 07:18:36,864]: *** sta1-wlan1: Scan detected ap1-ssid in range (signal: -89.0 / -80.0)
INFO     [2021-05-31 07:18:36,866]: *** sta3-wlan1: Scan detected ap1-ssid in range (signal: -88.0 / -80.0)
INFO     [2021-05-31 07:18:37,869]: *** sta1-wlan1: Scan detected ap1-ssid in range (signal: -89.0 / -80.0)
INFO     [2021-05-31 07:18:37,872]: *** sta3-wlan1: Scan detected ap1-ssid in range (signal: -88.0 / -80.0)
INFO     [2021-05-31 07:18:38,877]: *** sta1-wlan1: Scan detected ap1-ssid in range (signal: -89.0 / -80.0)
INFO     [2021-05-31 07:18:38,879]: *** sta3-wlan1: Scan detected ap1-ssid in range (signal: -88.0 / -80.0)
INFO     [2021-05-31 07:18:39,884]: *** sta1-wlan1: Scan detected ap1-ssid in range (signal: -89.0 / -80.0)
INFO     [2021-05-31 07:18:39,886]: *** sta3-wlan1: Scan detected ap1-ssid in range (signal: -88.0 / -80.0)
INFO     [2021-05-31 07:18:40,889]: *** sta1-wlan1: Scan detected ap1-ssid in range (signal: -89.0 / -80.0)
INFO     [2021-05-31 07:18:40,892]: *** sta3-wlan1: Scan detected ap1-ssid in range (signal: -88.0 / -80.0)
INFO     [2021-05-31 07:18:41,900]: *** sta3-wlan1: Scan detected ap1-ssid in range (signal: -88.0 / -80.0)
INFO     [2021-05-31 07:18:41,902]: *** sta1-wlan1: Scan detected ap1-ssid in range (signal: -89.0 / -80.0)
INFO     [2021-05-31 07:18:42,170]: *** sta1-wlan1: Scanning for ap1-ssid
INFO     [2021-05-31 07:18:42,171]: *** sta3-wlan1: Scanning for ap1-ssid
INFO     [2021-05-31 07:18:42,915]: *** sta3-wlan1: Scan detected ap1-ssid in range (signal: -90.0 / -80.0)
INFO     [2021-05-31 07:18:42,916]: *** sta1-wlan1: Scan detected ap1-ssid in range (signal: -89.0 / -80.0)
INFO     [2021-05-31 07:18:43,923]: *** sta3-wlan1: Scan detected ap1-ssid in range (signal: -90.0 / -80.0)
INFO     [2021-05-31 07:18:44,928]: *** sta3-wlan1: Scan detected ap1-ssid in range (signal: -90.0 / -80.0)
INFO     [2021-05-31 07:18:45,933]: *** sta3-wlan1: Scan detected ap1-ssid in range (signal: -90.0 / -80.0)
INFO     [2021-05-31 07:18:46,938]: *** sta3-wlan1: Scan detected ap1-ssid in range (signal: -90.0 / -80.0)
INFO     [2021-05-31 07:18:47,942]: *** sta3-wlan1: Scan detected ap1-ssid in range (signal: -90.0 / -80.0)
INFO     [2021-05-31 07:18:48,951]: *** sta3-wlan1: Scan detected ap1-ssid in range (signal: -90.0 / -80.0)
INFO     [2021-05-31 07:18:49,330]: *** sta1-wlan1: Scanning for ap1-ssid
INFO     [2021-05-31 07:18:49,449]: *** sta3-wlan1: Scanning for ap1-ssid
INFO     [2021-05-31 07:18:49,962]: *** sta3-wlan1: Scan detected ap1-ssid in range (signal: -90.0 / -80.0)
INFO     [2021-05-31 07:18:50,968]: *** sta3-wlan1: Scan detected ap1-ssid in range (signal: -90.0 / -80.0)
INFO     [2021-05-31 07:18:51,974]: *** sta3-wlan1: Scan detected ap1-ssid in range (signal: -90.0 / -80.0)
INFO     [2021-05-31 07:18:52,979]: *** sta3-wlan1: Scan detected ap1-ssid in range (signal: -90.0 / -80.0)
INFO     [2021-05-31 07:18:53,983]: *** sta3-wlan1: Scan detected ap1-ssid in range (signal: -90.0 / -80.0)
INFO     [2021-05-31 07:18:54,989]: *** sta3-wlan1: Scan detected ap1-ssid in range (signal: -90.0 / -80.0)
INFO     [2021-05-31 07:18:55,995]: *** sta3-wlan1: Scan detected ap1-ssid in range (signal: -90.0 / -80.0)
INFO     [2021-05-31 07:18:56,114]: *** sta1-wlan1: Scanning for ap1-ssid
INFO     [2021-05-31 07:18:56,283]: *** sta3-wlan1: Scanning for ap1-ssid
INFO     [2021-05-31 07:18:57,035]: *** sta1-wlan1: Scan detected ap1-ssid in range (signal: -90.0 / -80.0)
INFO     [2021-05-31 07:18:57,042]: *** sta3-wlan1: Scan detected ap1-ssid in range (signal: -90.0 / -80.0)
INFO     [2021-05-31 07:18:58,040]: *** sta1-wlan1: Scan detected ap1-ssid in range (signal: -90.0 / -80.0)
INFO     [2021-05-31 07:18:58,048]: *** sta3-wlan1: Scan detected ap1-ssid in range (signal: -90.0 / -80.0)
INFO     [2021-05-31 07:18:59,045]: *** sta1-wlan1: Scan detected ap1-ssid in range (signal: -90.0 / -80.0)
INFO     [2021-05-31 07:18:59,053]: *** sta3-wlan1: Scan detected ap1-ssid in range (signal: -90.0 / -80.0)
INFO     [2021-05-31 07:19:00,051]: *** sta1-wlan1: Scan detected ap1-ssid in range (signal: -90.0 / -80.0)
INFO     [2021-05-31 07:19:00,057]: *** sta3-wlan1: Scan detected ap1-ssid in range (signal: -90.0 / -80.0)
INFO     [2021-05-31 07:19:01,056]: *** sta1-wlan1: Scan detected ap1-ssid in range (signal: -90.0 / -80.0)
INFO     [2021-05-31 07:19:01,061]: *** sta3-wlan1: Scan detected ap1-ssid in range (signal: -90.0 / -80.0)
INFO     [2021-05-31 07:19:02,062]: *** sta1-wlan1: Scan detected ap1-ssid in range (signal: -90.0 / -80.0)
INFO     [2021-05-31 07:19:02,067]: *** sta3-wlan1: Scan detected ap1-ssid in range (signal: -90.0 / -80.0)
INFO     [2021-05-31 07:19:03,067]: *** sta1-wlan1: Scan detected ap1-ssid in range (signal: -90.0 / -80.0)
INFO     [2021-05-31 07:19:03,072]: *** sta3-wlan1: Scan detected ap1-ssid in range (signal: -90.0 / -80.0)
INFO     [2021-05-31 07:19:03,435]: *** sta1-wlan1: Scanning for ap1-ssid
INFO     [2021-05-31 07:19:03,436]: *** sta3-wlan1: Scanning for ap1-ssid
INFO     [2021-05-31 07:19:04,077]: *** sta1-wlan1: Scan detected ap1-ssid in range (signal: -90.0 / -80.0)
INFO     [2021-05-31 07:19:04,081]: *** sta3-wlan1: Scan detected ap1-ssid in range (signal: -90.0 / -80.0)
INFO     [2021-05-31 07:19:05,082]: *** sta1-wlan1: Scan detected ap1-ssid in range (signal: -90.0 / -80.0)
INFO     [2021-05-31 07:19:05,085]: *** sta3-wlan1: Scan detected ap1-ssid in range (signal: -90.0 / -80.0)
INFO     [2021-05-31 07:19:06,087]: *** sta1-wlan1: Scan detected ap1-ssid in range (signal: -90.0 / -80.0)
INFO     [2021-05-31 07:19:06,089]: *** sta3-wlan1: Scan detected ap1-ssid in range (signal: -90.0 / -80.0)
INFO     [2021-05-31 07:19:07,094]: *** sta1-wlan1: Scan detected ap1-ssid in range (signal: -90.0 / -80.0)
INFO     [2021-05-31 07:19:07,095]: *** sta3-wlan1: Scan detected ap1-ssid in range (signal: -90.0 / -80.0)
INFO     [2021-05-31 07:19:08,106]: *** sta1-wlan1: Scan detected ap1-ssid in range (signal: -90.0 / -80.0)
INFO     [2021-05-31 07:19:08,107]: *** sta3-wlan1: Scan detected ap1-ssid in range (signal: -90.0 / -80.0)
INFO     [2021-05-31 07:19:09,113]: *** sta3-wlan1: Scan detected ap1-ssid in range (signal: -90.0 / -80.0)
INFO     [2021-05-31 07:19:09,113]: *** sta1-wlan1: Scan detected ap1-ssid in range (signal: -90.0 / -80.0)
INFO     [2021-05-31 07:19:10,122]: *** sta3-wlan1: Scan detected ap1-ssid in range (signal: -90.0 / -80.0)
INFO     [2021-05-31 07:19:10,123]: *** sta1-wlan1: Scan detected ap1-ssid in range (signal: -90.0 / -80.0)
INFO     [2021-05-31 07:19:10,200]: *** sta1-wlan1: Scanning for ap1-ssid
INFO     [2021-05-31 07:19:10,201]: *** sta3-wlan1: Scanning for ap1-ssid
INFO     [2021-05-31 07:19:11,131]: *** sta1-wlan1: Scan detected ap1-ssid in range (signal: -90.0 / -80.0)
INFO     [2021-05-31 07:19:11,131]: *** sta3-wlan1: Scan detected ap1-ssid in range (signal: -90.0 / -80.0)
INFO     [2021-05-31 07:19:12,138]: *** sta3-wlan1: Scan detected ap1-ssid in range (signal: -90.0 / -80.0)
INFO     [2021-05-31 07:19:12,138]: *** sta1-wlan1: Scan detected ap1-ssid in range (signal: -90.0 / -80.0)
INFO     [2021-05-31 07:19:13,149]: *** sta1-wlan1: Scan detected ap1-ssid in range (signal: -90.0 / -80.0)
INFO     [2021-05-31 07:19:14,154]: *** sta1-wlan1: Scan detected ap1-ssid in range (signal: -90.0 / -80.0)
INFO     [2021-05-31 07:19:15,159]: *** sta1-wlan1: Scan detected ap1-ssid in range (signal: -90.0 / -80.0)
INFO     [2021-05-31 07:19:16,165]: *** sta1-wlan1: Scan detected ap1-ssid in range (signal: -90.0 / -80.0)
INFO     [2021-05-31 07:19:17,126]: *** sta3-wlan1: Scanning for ap1-ssid
INFO     [2021-05-31 07:19:17,127]: *** sta1-wlan1: Scanning for ap1-ssid
INFO     [2021-05-31 07:19:17,169]: *** sta1-wlan1: Scan detected ap1-ssid in range (signal: -90.0 / -80.0)
INFO     [2021-05-31 07:19:18,174]: *** sta1-wlan1: Scan detected ap1-ssid in range (signal: -90.0 / -80.0)
INFO     [2021-05-31 07:19:19,180]: *** sta1-wlan1: Scan detected ap1-ssid in range (signal: -90.0 / -80.0)
INFO     [2021-05-31 07:19:20,184]: *** sta1-wlan1: Scan detected ap1-ssid in range (signal: -90.0 / -80.0)
INFO     [2021-05-31 07:19:21,199]: *** sta1-wlan1: Scan detected ap1-ssid in range (signal: -90.0 / -80.0)
INFO     [2021-05-31 07:19:22,204]: *** sta1-wlan1: Scan detected ap1-ssid in range (signal: -90.0 / -80.0)
INFO     [2021-05-31 07:19:23,212]: *** sta1-wlan1: Scan detected ap1-ssid in range (signal: -90.0 / -80.0)
INFO     [2021-05-31 07:19:23,918]: *** sta3-wlan1: Scanning for ap1-ssid
INFO     [2021-05-31 07:19:23,918]: *** sta1-wlan1: Scanning for ap1-ssid
INFO     [2021-05-31 07:19:24,217]: *** sta1-wlan1: Scan detected ap1-ssid in range (signal: -90.0 / -80.0)
INFO     [2021-05-31 07:19:25,222]: *** sta1-wlan1: Scan detected ap1-ssid in range (signal: -90.0 / -80.0)
INFO     [2021-05-31 07:19:30,705]: *** sta3-wlan1: Scanning for ap1-ssid
INFO     [2021-05-31 07:19:30,707]: *** sta1-wlan1: Scanning for ap1-ssid
INFO     [2021-05-31 07:19:37,539]: *** sta1-wlan1: Scanning for ap1-ssid
INFO     [2021-05-31 07:19:37,542]: *** sta3-wlan1: Scanning for ap1-ssid
INFO     [2021-05-31 07:19:44,353]: *** sta3-wlan1: Scanning for ap1-ssid
INFO     [2021-05-31 07:19:44,354]: *** sta1-wlan1: Scanning for ap1-ssid
INFO     [2021-05-31 07:19:45,391]: *** sta3-wlan1: Scan detected ap1-ssid in range (signal: -90.0 / -80.0)
INFO     [2021-05-31 07:19:46,397]: *** sta3-wlan1: Scan detected ap1-ssid in range (signal: -90.0 / -80.0)
INFO     [2021-05-31 07:19:47,403]: *** sta3-wlan1: Scan detected ap1-ssid in range (signal: -90.0 / -80.0)
INFO     [2021-05-31 07:19:48,409]: *** sta3-wlan1: Scan detected ap1-ssid in range (signal: -90.0 / -80.0)
INFO     [2021-05-31 07:19:49,414]: *** sta3-wlan1: Scan detected ap1-ssid in range (signal: -90.0 / -80.0)
INFO     [2021-05-31 07:19:50,421]: *** sta3-wlan1: Scan detected ap1-ssid in range (signal: -90.0 / -80.0)
INFO     [2021-05-31 07:19:51,132]: *** sta1-wlan1: Scanning for ap1-ssid
INFO     [2021-05-31 07:19:51,132]: *** sta3-wlan1: Scanning for ap1-ssid
INFO     [2021-05-31 07:19:51,426]: *** sta3-wlan1: Scan detected ap1-ssid in range (signal: -90.0 / -80.0)
INFO     [2021-05-31 07:19:52,432]: *** sta3-wlan1: Scan detected ap1-ssid in range (signal: -90.0 / -80.0)
INFO     [2021-05-31 07:19:53,437]: *** sta3-wlan1: Scan detected ap1-ssid in range (signal: -90.0 / -80.0)
INFO     [2021-05-31 07:19:54,443]: *** sta3-wlan1: Scan detected ap1-ssid in range (signal: -90.0 / -80.0)
INFO     [2021-05-31 07:19:55,447]: *** sta3-wlan1: Scan detected ap1-ssid in range (signal: -90.0 / -80.0)
INFO     [2021-05-31 07:19:56,456]: *** sta3-wlan1: Scan detected ap1-ssid in range (signal: -90.0 / -80.0)
INFO     [2021-05-31 07:19:57,462]: *** sta3-wlan1: Scan detected ap1-ssid in range (signal: -90.0 / -80.0)
INFO     [2021-05-31 07:19:58,013]: *** sta1-wlan1: Scanning for ap1-ssid
INFO     [2021-05-31 07:19:58,014]: *** sta3-wlan1: Scanning for ap1-ssid
INFO     [2021-05-31 07:19:58,468]: *** sta3-wlan1: Scan detected ap1-ssid in range (signal: -90.0 / -80.0)
INFO     [2021-05-31 07:19:59,473]: *** sta3-wlan1: Scan detected ap1-ssid in range (signal: -90.0 / -80.0)
INFO     [2021-05-31 07:20:00,478]: *** sta3-wlan1: Scan detected ap1-ssid in range (signal: -90.0 / -80.0)
INFO     [2021-05-31 07:20:01,527]: *** sta3-wlan1: Scan detected ap1-ssid in range (signal: -90.0 / -80.0)
INFO     [2021-05-31 07:20:02,532]: *** sta3-wlan1: Scan detected ap1-ssid in range (signal: -90.0 / -80.0)
INFO     [2021-05-31 07:20:03,536]: *** sta3-wlan1: Scan detected ap1-ssid in range (signal: -90.0 / -80.0)
INFO     [2021-05-31 07:20:04,541]: *** sta3-wlan1: Scan detected ap1-ssid in range (signal: -90.0 / -80.0)
INFO     [2021-05-31 07:20:04,995]: *** sta3-wlan1: Scanning for ap1-ssid
INFO     [2021-05-31 07:20:04,997]: *** sta1-wlan1: Scanning for ap1-ssid
INFO     [2021-05-31 07:20:05,548]: *** sta3-wlan1: Scan detected ap1-ssid in range (signal: -90.0 / -80.0)
INFO     [2021-05-31 07:20:06,553]: *** sta3-wlan1: Scan detected ap1-ssid in range (signal: -90.0 / -80.0)
INFO     [2021-05-31 07:20:07,562]: *** sta3-wlan1: Scan detected ap1-ssid in range (signal: -90.0 / -80.0)
INFO     [2021-05-31 07:20:08,567]: *** sta3-wlan1: Scan detected ap1-ssid in range (signal: -90.0 / -80.0)
INFO     [2021-05-31 07:20:09,571]: *** sta3-wlan1: Scan detected ap1-ssid in range (signal: -90.0 / -80.0)
INFO     [2021-05-31 07:20:10,578]: *** sta3-wlan1: Scan detected ap1-ssid in range (signal: -90.0 / -80.0)
INFO     [2021-05-31 07:20:11,585]: *** sta3-wlan1: Scan detected ap1-ssid in range (signal: -90.0 / -80.0)
INFO     [2021-05-31 07:20:11,827]: *** sta3-wlan1: Scanning for ap1-ssid
INFO     [2021-05-31 07:20:11,827]: *** sta1-wlan1: Scanning for ap1-ssid
INFO     [2021-05-31 07:20:12,591]: *** sta3-wlan1: Scan detected ap1-ssid in range (signal: -90.0 / -80.0)
INFO     [2021-05-31 07:20:13,597]: *** sta3-wlan1: Scan detected ap1-ssid in range (signal: -90.0 / -80.0)
INFO     [2021-05-31 07:20:18,643]: *** sta3-wlan1: Scanning for ap1-ssid
INFO     [2021-05-31 07:20:18,643]: *** sta1-wlan1: Scanning for ap1-ssid
INFO     [2021-05-31 07:20:25,437]: *** sta3-wlan1: Scanning for ap1-ssid
INFO     [2021-05-31 07:20:25,438]: *** sta1-wlan1: Scanning for ap1-ssid
INFO     [2021-05-31 07:20:32,426]: *** sta1-wlan1: Scanning for ap1-ssid
INFO     [2021-05-31 07:20:32,426]: *** sta3-wlan1: Scanning for ap1-ssid
INFO     [2021-05-31 07:20:39,221]: *** sta1-wlan1: Scanning for ap1-ssid
INFO     [2021-05-31 07:20:39,221]: *** sta3-wlan1: Scanning for ap1-ssid
INFO     [2021-05-31 07:20:39,752]: *** sta1-wlan1: Scan detected ap1-ssid in range (signal: -88.0 / -80.0)
INFO     [2021-05-31 07:20:39,755]: *** sta3-wlan1: Scan detected ap1-ssid in range (signal: -89.0 / -80.0)
INFO     [2021-05-31 07:20:40,759]: *** sta3-wlan1: Scan detected ap1-ssid in range (signal: -89.0 / -80.0)
INFO     [2021-05-31 07:20:40,760]: *** sta1-wlan1: Scan detected ap1-ssid in range (signal: -88.0 / -80.0)
INFO     [2021-05-31 07:20:41,765]: *** sta3-wlan1: Scan detected ap1-ssid in range (signal: -89.0 / -80.0)
INFO     [2021-05-31 07:20:41,768]: *** sta1-wlan1: Scan detected ap1-ssid in range (signal: -88.0 / -80.0)
INFO     [2021-05-31 07:20:42,237]: *** sta3-wlan1: Scanning for ap1-ssid
INFO     [2021-05-31 07:20:42,769]: *** sta3-wlan1: Scan detected ap1-ssid in range (signal: -89.0 / -80.0)
INFO     [2021-05-31 07:20:42,773]: *** sta1-wlan1: Scan detected ap1-ssid in range (signal: -88.0 / -80.0)
INFO     [2021-05-31 07:20:43,776]: *** sta3-wlan1: Scan detected ap1-ssid in range (signal: -89.0 / -80.0)
INFO     [2021-05-31 07:20:43,780]: *** sta1-wlan1: Scan detected ap1-ssid in range (signal: -88.0 / -80.0)
INFO     [2021-05-31 07:20:44,782]: *** sta3-wlan1: Scan detected ap1-ssid in range (signal: -89.0 / -80.0)
INFO     [2021-05-31 07:20:44,786]: *** sta1-wlan1: Scan detected ap1-ssid in range (signal: -88.0 / -80.0)
INFO     [2021-05-31 07:20:45,242]: *** sta3-wlan1: Scanning for ap1-ssid
INFO     [2021-05-31 07:20:45,787]: *** sta3-wlan1: Scan detected ap1-ssid in range (signal: -89.0 / -80.0)
INFO     [2021-05-31 07:20:45,791]: *** sta1-wlan1: Scan detected ap1-ssid in range (signal: -88.0 / -80.0)
INFO     [2021-05-31 07:20:45,989]: *** sta1-wlan1: Scanning for ap1-ssid
INFO     [2021-05-31 07:20:46,795]: *** sta3-wlan1: Scan detected ap1-ssid in range (signal: -89.0 / -80.0)
INFO     [2021-05-31 07:20:46,796]: *** sta1-wlan1: Scan detected ap1-ssid in range (signal: -85.0 / -80.0)
INFO     [2021-05-31 07:20:47,799]: *** sta3-wlan1: Scan detected ap1-ssid in range (signal: -89.0 / -80.0)
INFO     [2021-05-31 07:20:47,800]: *** sta1-wlan1: Scan detected ap1-ssid in range (signal: -85.0 / -80.0)
INFO     [2021-05-31 07:20:48,806]: *** sta1-wlan1: Scan detected ap1-ssid in range (signal: -85.0 / -80.0)
INFO     [2021-05-31 07:20:48,808]: *** sta3-wlan1: Scan detected ap1-ssid in range (signal: -89.0 / -80.0)
INFO     [2021-05-31 07:20:49,813]: *** sta1-wlan1: Scan detected ap1-ssid in range (signal: -89.0 / -80.0)
INFO     [2021-05-31 07:20:49,813]: *** sta3-wlan1: Scan detected ap1-ssid in range (signal: -89.0 / -80.0)
INFO     [2021-05-31 07:20:50,818]: *** sta1-wlan1: Scan detected ap1-ssid in range (signal: -89.0 / -80.0)
INFO     [2021-05-31 07:20:51,823]: *** sta1-wlan1: Scan detected ap1-ssid in range (signal: -89.0 / -80.0)
INFO     [2021-05-31 07:20:52,030]: *** sta3-wlan1: Scanning for ap1-ssid
INFO     [2021-05-31 07:20:52,737]: *** sta1-wlan1: Scanning for ap1-ssid
INFO     [2021-05-31 07:20:52,828]: *** sta1-wlan1: Scan detected ap1-ssid in range (signal: -89.0 / -80.0)
INFO     [2021-05-31 07:20:53,833]: *** sta1-wlan1: Scan detected ap1-ssid in range (signal: -89.0 / -80.0)
INFO     [2021-05-31 07:20:54,838]: *** sta1-wlan1: Scan detected ap1-ssid in range (signal: -89.0 / -80.0)
INFO     [2021-05-31 07:20:55,838]: *** sta3-wlan1: Scan detected ap1-ssid in range (signal: -89.0 / -80.0)
INFO     [2021-05-31 07:20:55,843]: *** sta1-wlan1: Scan detected ap1-ssid in range (signal: -89.0 / -80.0)
INFO     [2021-05-31 07:20:56,843]: *** sta3-wlan1: Scan detected ap1-ssid in range (signal: -89.0 / -80.0)
INFO     [2021-05-31 07:20:56,848]: *** sta1-wlan1: Scan detected ap1-ssid in range (signal: -87.0 / -80.0)
INFO     [2021-05-31 07:20:57,849]: *** sta3-wlan1: Scan detected ap1-ssid in range (signal: -89.0 / -80.0)
INFO     [2021-05-31 07:20:57,853]: *** sta1-wlan1: Scan detected ap1-ssid in range (signal: -87.0 / -80.0)
INFO     [2021-05-31 07:20:58,855]: *** sta3-wlan1: Scan detected ap1-ssid in range (signal: -89.0 / -80.0)
INFO     [2021-05-31 07:20:58,857]: *** sta1-wlan1: Scan detected ap1-ssid in range (signal: -87.0 / -80.0)
INFO     [2021-05-31 07:20:58,894]: *** sta3-wlan1: Scanning for ap1-ssid
INFO     [2021-05-31 07:20:59,575]: *** sta1-wlan1: Scanning for ap1-ssid
INFO     [2021-05-31 07:20:59,860]: *** sta3-wlan1: Scan detected ap1-ssid in range (signal: -88.0 / -80.0)
INFO     [2021-05-31 07:20:59,862]: *** sta1-wlan1: Scan detected ap1-ssid in range (signal: -87.0 / -80.0)
INFO     [2021-05-31 07:21:00,899]: *** sta3-wlan1: Scan detected ap1-ssid in range (signal: -88.0 / -80.0)
INFO     [2021-05-31 07:21:00,899]: *** sta1-wlan1: Scan detected ap1-ssid in range (signal: -87.0 / -80.0)
INFO     [2021-05-31 07:21:01,904]: *** sta3-wlan1: Scan detected ap1-ssid in range (signal: -88.0 / -80.0)
INFO     [2021-05-31 07:21:01,905]: *** sta1-wlan1: Scan detected ap1-ssid in range (signal: -87.0 / -80.0)
INFO     [2021-05-31 07:21:02,912]: *** sta3-wlan1: Scan detected ap1-ssid in range (signal: -88.0 / -80.0)
INFO     [2021-05-31 07:21:02,914]: *** sta1-wlan1: Scan detected ap1-ssid in range (signal: -87.0 / -80.0)
INFO     [2021-05-31 07:21:03,920]: *** sta3-wlan1: Scan detected ap1-ssid in range (signal: -88.0 / -80.0)
INFO     [2021-05-31 07:21:03,922]: *** sta1-wlan1: Scan detected ap1-ssid in range (signal: -87.0 / -80.0)
INFO     [2021-05-31 07:21:04,924]: *** sta3-wlan1: Scan detected ap1-ssid in range (signal: -88.0 / -80.0)
INFO     [2021-05-31 07:21:04,928]: *** sta1-wlan1: Scan detected ap1-ssid in range (signal: -87.0 / -80.0)
INFO     [2021-05-31 07:21:05,738]: *** sta3-wlan1: Scanning for ap1-ssid
INFO     [2021-05-31 07:21:05,930]: *** sta3-wlan1: Scan detected ap1-ssid in range (signal: -88.0 / -80.0)
INFO     [2021-05-31 07:21:05,933]: *** sta1-wlan1: Scan detected ap1-ssid in range (signal: -87.0 / -80.0)
INFO     [2021-05-31 07:21:06,449]: *** sta1-wlan1: Scanning for ap1-ssid
INFO     [2021-05-31 07:21:06,935]: *** sta3-wlan1: Scan detected ap1-ssid in range (signal: -88.0 / -80.0)
INFO     [2021-05-31 07:21:06,939]: *** sta1-wlan1: Scan detected ap1-ssid in range (signal: -89.0 / -80.0)
INFO     [2021-05-31 07:21:07,940]: *** sta3-wlan1: Scan detected ap1-ssid in range (signal: -88.0 / -80.0)
INFO     [2021-05-31 07:21:07,944]: *** sta1-wlan1: Scan detected ap1-ssid in range (signal: -89.0 / -80.0)
INFO     [2021-05-31 07:21:08,945]: *** sta3-wlan1: Scan detected ap1-ssid in range (signal: -88.0 / -80.0)
INFO     [2021-05-31 07:21:08,949]: *** sta1-wlan1: Scan detected ap1-ssid in range (signal: -89.0 / -80.0)
INFO     [2021-05-31 07:21:09,951]: *** sta3-wlan1: Scan detected ap1-ssid in range (signal: -88.0 / -80.0)
INFO     [2021-05-31 07:21:09,954]: *** sta1-wlan1: Scan detected ap1-ssid in range (signal: -89.0 / -80.0)
INFO     [2021-05-31 07:21:10,958]: *** sta3-wlan1: Scan detected ap1-ssid in range (signal: -88.0 / -80.0)
INFO     [2021-05-31 07:21:10,961]: *** sta1-wlan1: Scan detected ap1-ssid in range (signal: -89.0 / -80.0)
INFO     [2021-05-31 07:21:11,963]: *** sta3-wlan1: Scan detected ap1-ssid in range (signal: -88.0 / -80.0)
INFO     [2021-05-31 07:21:11,967]: *** sta1-wlan1: Scan detected ap1-ssid in range (signal: -89.0 / -80.0)
INFO     [2021-05-31 07:21:12,541]: *** sta3-wlan1: Scanning for ap1-ssid
INFO     [2021-05-31 07:21:12,972]: *** sta1-wlan1: Scan detected ap1-ssid in range (signal: -89.0 / -80.0)
INFO     [2021-05-31 07:21:13,242]: *** sta1-wlan1: Scanning for ap1-ssid
INFO     [2021-05-31 07:21:13,991]: *** sta1-wlan1: Scan detected ap1-ssid in range (signal: -84.0 / -80.0)
INFO     [2021-05-31 07:21:14,984]: *** sta3-wlan1: Scan detected ap1-ssid in range (signal: -85.0 / -80.0)
INFO     [2021-05-31 07:21:14,997]: *** sta1-wlan1: Scan detected ap1-ssid in range (signal: -84.0 / -80.0)
INFO     [2021-05-31 07:21:15,989]: *** sta3-wlan1: Scan detected ap1-ssid in range (signal: -85.0 / -80.0)
INFO     [2021-05-31 07:21:16,002]: *** sta1-wlan1: Scan detected ap1-ssid in range (signal: -84.0 / -80.0)
INFO     [2021-05-31 07:21:16,996]: *** sta3-wlan1: Scan detected ap1-ssid in range (signal: -85.0 / -80.0)
INFO     [2021-05-31 07:21:17,007]: *** sta1-wlan1: Scan detected ap1-ssid in range (signal: -84.0 / -80.0)
INFO     [2021-05-31 07:21:18,013]: *** sta3-wlan1: Scan detected ap1-ssid in range (signal: -85.0 / -80.0)
INFO     [2021-05-31 07:21:18,020]: *** sta1-wlan1: Scan detected ap1-ssid in range (signal: -84.0 / -80.0)
INFO     [2021-05-31 07:21:19,039]: *** sta3-wlan1: Scan detected ap1-ssid in range (signal: -85.0 / -80.0)
INFO     [2021-05-31 07:21:19,042]: *** sta1-wlan1: Scan detected ap1-ssid in range (signal: -84.0 / -80.0)
INFO     [2021-05-31 07:21:19,442]: *** sta3-wlan1: Scanning for ap1-ssid
INFO     [2021-05-31 07:21:20,014]: *** sta1-wlan1: Scanning for ap1-ssid
INFO     [2021-05-31 07:21:20,049]: *** sta1-wlan1: Scan detected ap1-ssid in range (signal: -86.0 / -80.0)
INFO     [2021-05-31 07:21:21,063]: *** sta1-wlan1: Scan detected ap1-ssid in range (signal: -86.0 / -80.0)
INFO     [2021-05-31 07:21:22,070]: *** sta1-wlan1: Scan detected ap1-ssid in range (signal: -86.0 / -80.0)
INFO     [2021-05-31 07:21:23,078]: *** sta1-wlan1: Scan detected ap1-ssid in range (signal: -86.0 / -80.0)
INFO     [2021-05-31 07:21:24,091]: *** sta1-wlan1: Scan detected ap1-ssid in range (signal: -86.0 / -80.0)
INFO     [2021-05-31 07:21:25,097]: *** sta1-wlan1: Scan detected ap1-ssid in range (signal: -86.0 / -80.0)
INFO     [2021-05-31 07:21:26,102]: *** sta1-wlan1: Scan detected ap1-ssid in range (signal: -86.0 / -80.0)
INFO     [2021-05-31 07:21:26,293]: *** sta3-wlan1: Scanning for ap1-ssid
INFO     [2021-05-31 07:21:26,834]: *** sta1-wlan1: Scanning for ap1-ssid
INFO     [2021-05-31 07:21:27,105]: *** sta1-wlan1: Scan detected ap1-ssid in range (signal: -90.0 / -80.0)
INFO     [2021-05-31 07:21:28,113]: *** sta1-wlan1: Scan detected ap1-ssid in range (signal: -90.0 / -80.0)
INFO     [2021-05-31 07:21:29,117]: *** sta1-wlan1: Scan detected ap1-ssid in range (signal: -90.0 / -80.0)
INFO     [2021-05-31 07:21:30,131]: *** sta1-wlan1: Scan detected ap1-ssid in range (signal: -90.0 / -80.0)
INFO     [2021-05-31 07:21:31,137]: *** sta1-wlan1: Scan detected ap1-ssid in range (signal: -85.0 / -80.0)
INFO     [2021-05-31 07:21:32,141]: *** sta1-wlan1: Scan detected ap1-ssid in range (signal: -85.0 / -80.0)
INFO     [2021-05-31 07:21:33,154]: *** sta1-wlan1: Scan detected ap1-ssid in range (signal: -85.0 / -80.0)
INFO     [2021-05-31 07:21:33,340]: *** sta3-wlan1: Scanning for ap1-ssid
INFO     [2021-05-31 07:21:34,017]: *** sta1-wlan1: Scanning for ap1-ssid
INFO     [2021-05-31 07:21:34,159]: *** sta1-wlan1: Scan detected ap1-ssid in range (signal: -86.0 / -80.0)
INFO     [2021-05-31 07:21:35,165]: *** sta1-wlan1: Scan detected ap1-ssid in range (signal: -86.0 / -80.0)
INFO     [2021-05-31 07:21:36,170]: *** sta1-wlan1: Scan detected ap1-ssid in range (signal: -86.0 / -80.0)
INFO     [2021-05-31 07:21:37,175]: *** sta1-wlan1: Scan detected ap1-ssid in range (signal: -86.0 / -80.0)
INFO     [2021-05-31 07:21:38,181]: *** sta1-wlan1: Scan detected ap1-ssid in range (signal: -86.0 / -80.0)
INFO     [2021-05-31 07:21:39,190]: *** sta1-wlan1: Scan detected ap1-ssid in range (signal: -86.0 / -80.0)
INFO     [2021-05-31 07:21:40,197]: *** sta1-wlan1: Scan detected ap1-ssid in range (signal: -86.0 / -80.0)
INFO     [2021-05-31 07:21:40,351]: *** sta3-wlan1: Scanning for ap1-ssid
INFO     [2021-05-31 07:21:41,026]: *** sta1-wlan1: Scanning for ap1-ssid
INFO     [2021-05-31 07:21:41,201]: *** sta1-wlan1: Scan detected ap1-ssid in range (signal: -87.0 / -80.0)
INFO     [2021-05-31 07:21:42,211]: *** sta1-wlan1: Scan detected ap1-ssid in range (signal: -87.0 / -80.0)
INFO     [2021-05-31 07:21:43,220]: *** sta1-wlan1: Scan detected ap1-ssid in range (signal: -87.0 / -80.0)
INFO     [2021-05-31 07:21:44,230]: *** sta1-wlan1: Scan detected ap1-ssid in range (signal: -87.0 / -80.0)
INFO     [2021-05-31 07:21:45,235]: *** sta1-wlan1: Scan detected ap1-ssid in range (signal: -87.0 / -80.0)
INFO     [2021-05-31 07:21:46,242]: *** sta1-wlan1: Scan detected ap1-ssid in range (signal: -87.0 / -80.0)
INFO     [2021-05-31 07:21:47,090]: *** sta3-wlan1: Scanning for ap1-ssid
INFO     [2021-05-31 07:21:47,248]: *** sta1-wlan1: Scan detected ap1-ssid in range (signal: -87.0 / -80.0)
INFO     [2021-05-31 07:21:47,767]: *** sta1-wlan1: Scanning for ap1-ssid
INFO     [2021-05-31 07:21:48,254]: *** sta1-wlan1: Scan detected ap1-ssid in range (signal: -84.0 / -80.0)
INFO     [2021-05-31 07:21:49,268]: *** sta1-wlan1: Scan detected ap1-ssid in range (signal: -84.0 / -80.0)
INFO     [2021-05-31 07:21:50,274]: *** sta1-wlan1: Scan detected ap1-ssid in range (signal: -84.0 / -80.0)
INFO     [2021-05-31 07:21:51,280]: *** sta1-wlan1: Scan detected ap1-ssid in range (signal: -84.0 / -80.0)
INFO     [2021-05-31 07:21:52,290]: *** sta1-wlan1: Scan detected ap1-ssid in range (signal: -84.0 / -80.0)
INFO     [2021-05-31 07:21:53,295]: *** sta1-wlan1: Scan detected ap1-ssid in range (signal: -84.0 / -80.0)
INFO     [2021-05-31 07:21:53,845]: *** sta3-wlan1: Scanning for ap1-ssid
INFO     [2021-05-31 07:21:54,301]: *** sta1-wlan1: Scan detected ap1-ssid in range (signal: -84.0 / -80.0)
INFO     [2021-05-31 07:21:54,566]: *** sta1-wlan1: Scanning for ap1-ssid
INFO     [2021-05-31 07:21:55,306]: *** sta1-wlan1: Scan detected ap1-ssid in range (signal: -85.0 / -80.0)
INFO     [2021-05-31 07:21:56,317]: *** sta1-wlan1: Scan detected ap1-ssid in range (signal: -85.0 / -80.0)
INFO     [2021-05-31 07:21:57,322]: *** sta1-wlan1: Scan detected ap1-ssid in range (signal: -85.0 / -80.0)
INFO     [2021-05-31 07:21:58,332]: *** sta1-wlan1: Scan detected ap1-ssid in range (signal: -85.0 / -80.0)
INFO     [2021-05-31 07:21:59,337]: *** sta1-wlan1: Scan detected ap1-ssid in range (signal: -85.0 / -80.0)
INFO     [2021-05-31 07:22:00,341]: *** sta1-wlan1: Scan detected ap1-ssid in range (signal: -85.0 / -80.0)
INFO     [2021-05-31 07:22:00,635]: *** sta3-wlan1: Scanning for ap1-ssid
INFO     [2021-05-31 07:22:01,348]: *** sta1-wlan1: Scan detected ap1-ssid in range (signal: -85.0 / -80.0)
INFO     [2021-05-31 07:22:01,353]: *** sta1-wlan1: Scanning for ap1-ssid
INFO     [2021-05-31 07:22:02,353]: *** sta1-wlan1: Scan detected ap1-ssid in range (signal: -80.0 / -80.0)
INFO     [2021-05-31 07:22:06,129]: *** sta1-wlan0: Connected interface to ap1-ssid
INFO     [2021-05-31 07:22:07,524]: *** sta3-wlan1: Scanning for ap1-ssid
INFO     [2021-05-31 07:22:14,298]: *** sta3-wlan1: Scanning for ap1-ssid
INFO     [2021-05-31 07:22:21,057]: *** sta3-wlan1: Scanning for ap1-ssid
INFO     [2021-05-31 07:22:27,866]: *** sta3-wlan1: Scanning for ap1-ssid
INFO     [2021-05-31 07:22:35,086]: *** sta3-wlan1: Scanning for ap1-ssid
INFO     [2021-05-31 07:22:42,100]: *** sta3-wlan1: Scanning for ap1-ssid
INFO     [2021-05-31 07:22:49,050]: *** sta3-wlan1: Scanning for ap1-ssid
INFO     [2021-05-31 07:22:55,927]: *** sta3-wlan1: Scanning for ap1-ssid
INFO     [2021-05-31 07:23:03,127]: *** sta3-wlan1: Scanning for ap1-ssid
INFO     [2021-05-31 07:23:10,219]: *** sta3-wlan1: Scanning for ap1-ssid
INFO     [2021-05-31 07:23:17,105]: *** sta3-wlan1: Scanning for ap1-ssid
INFO     [2021-05-31 07:23:23,962]: *** sta3-wlan1: Scanning for ap1-ssid
INFO     [2021-05-31 07:23:30,810]: *** sta3-wlan1: Scanning for ap1-ssid
INFO     [2021-05-31 07:23:37,748]: *** sta3-wlan1: Scanning for ap1-ssid
INFO     [2021-05-31 07:23:44,577]: *** sta3-wlan1: Scanning for ap1-ssid
INFO     [2021-05-31 07:23:51,426]: *** sta3-wlan1: Scanning for ap1-ssid
INFO     [2021-05-31 07:23:58,454]: *** sta3-wlan1: Scanning for ap1-ssid
INFO     [2021-05-31 07:24:05,388]: *** sta3-wlan1: Scanning for ap1-ssid
INFO     [2021-05-31 07:24:12,241]: *** sta3-wlan1: Scanning for ap1-ssid
INFO     [2021-05-31 07:24:19,126]: *** sta3-wlan1: Scanning for ap1-ssid
INFO     [2021-05-31 07:24:26,339]: *** sta3-wlan1: Scanning for ap1-ssid
INFO     [2021-05-31 07:24:34,123]: *** sta3-wlan1: Scanning for ap1-ssid
INFO     [2021-05-31 07:24:41,616]: *** sta3-wlan1: Scanning for ap1-ssid
INFO     [2021-05-31 07:24:48,954]: *** sta3-wlan1: Scanning for ap1-ssid
INFO     [2021-05-31 07:24:56,066]: *** sta3-wlan1: Scanning for ap1-ssid
INFO     [2021-05-31 07:25:03,027]: *** sta3-wlan1: Scanning for ap1-ssid
INFO     [2021-05-31 07:25:10,279]: *** sta3-wlan1: Scanning for ap1-ssid
INFO     [2021-05-31 07:25:18,009]: *** sta3-wlan1: Scanning for ap1-ssid
INFO     [2021-05-31 07:25:24,912]: *** sta3-wlan1: Scanning for ap1-ssid
INFO     [2021-05-31 07:25:31,884]: *** sta3-wlan1: Scanning for ap1-ssid
INFO     [2021-05-31 07:25:39,034]: *** sta3-wlan1: Scanning for ap1-ssid
INFO     [2021-05-31 07:25:46,124]: *** sta3-wlan1: Scanning for ap1-ssid
INFO     [2021-05-31 07:25:53,042]: *** sta3-wlan1: Scanning for ap1-ssid
INFO     [2021-05-31 07:26:00,118]: *** sta3-wlan1: Scanning for ap1-ssid
INFO     [2021-05-31 07:26:07,363]: *** sta3-wlan1: Scanning for ap1-ssid
INFO     [2021-05-31 07:26:14,479]: *** sta3-wlan1: Scanning for ap1-ssid
INFO     [2021-05-31 07:26:21,321]: *** sta3-wlan1: Scanning for ap1-ssid
INFO     [2021-05-31 07:26:28,450]: *** sta3-wlan1: Scanning for ap1-ssid
INFO     [2021-05-31 07:26:35,538]: *** sta3-wlan1: Scanning for ap1-ssid
INFO     [2021-05-31 07:26:42,788]: *** sta3-wlan1: Scanning for ap1-ssid
INFO     [2021-05-31 07:26:49,750]: *** sta3-wlan1: Scanning for ap1-ssid
INFO     [2021-05-31 07:26:56,680]: *** sta3-wlan1: Scanning for ap1-ssid
INFO     [2021-05-31 07:27:03,880]: *** sta3-wlan1: Scanning for ap1-ssid
INFO     [2021-05-31 07:27:10,727]: *** sta3-wlan1: Scanning for ap1-ssid
INFO     [2021-05-31 07:27:18,574]: *** sta3-wlan1: Scanning for ap1-ssid
INFO     [2021-05-31 07:27:25,585]: *** sta3-wlan1: Scanning for ap1-ssid
INFO     [2021-05-31 07:27:32,747]: *** sta3-wlan1: Scanning for ap1-ssid
INFO     [2021-05-31 07:27:39,541]: *** sta3-wlan1: Scanning for ap1-ssid
INFO     [2021-05-31 07:27:46,411]: *** sta3-wlan1: Scanning for ap1-ssid
INFO     [2021-05-31 07:27:53,358]: *** sta3-wlan1: Scanning for ap1-ssid
INFO     [2021-05-31 07:28:00,224]: *** sta3-wlan1: Scanning for ap1-ssid
INFO     [2021-05-31 07:28:07,041]: *** sta3-wlan1: Scanning for ap1-ssid
INFO     [2021-05-31 07:28:14,089]: *** sta3-wlan1: Scanning for ap1-ssid
INFO     [2021-05-31 07:28:21,111]: *** sta3-wlan1: Scanning for ap1-ssid
INFO     [2021-05-31 07:28:27,947]: *** sta3-wlan1: Scanning for ap1-ssid
INFO     [2021-05-31 07:28:34,826]: *** sta3-wlan1: Scanning for ap1-ssid
INFO     [2021-05-31 07:28:42,009]: *** sta3-wlan1: Scanning for ap1-ssid
INFO     [2021-05-31 07:28:49,093]: *** sta3-wlan1: Scanning for ap1-ssid
INFO     [2021-05-31 07:28:55,979]: *** sta3-wlan1: Scanning for ap1-ssid
INFO     [2021-05-31 07:29:02,842]: *** sta3-wlan1: Scanning for ap1-ssid
INFO     [2021-05-31 07:29:09,591]: *** sta3-wlan1: Scanning for ap1-ssid
INFO     [2021-05-31 07:29:16,400]: *** sta3-wlan1: Scanning for ap1-ssid
INFO     [2021-05-31 07:29:23,511]: *** sta3-wlan1: Scanning for ap1-ssid
INFO     [2021-05-31 07:29:30,392]: *** sta3-wlan1: Scanning for ap1-ssid
INFO     [2021-05-31 07:29:37,595]: *** sta3-wlan1: Scanning for ap1-ssid
INFO     [2021-05-31 07:29:44,560]: *** sta3-wlan1: Scanning for ap1-ssid
INFO     [2021-05-31 07:29:51,766]: *** sta3-wlan1: Scanning for ap1-ssid
