INFO     [2021-05-31 04:07:15,993]: *** sta1-wlan0: Started flexible_sdn.py
INFO     [2021-05-31 04:07:15,997]: *** sta1: Interface: sta1-wlan0, Scan-interface: sta1-wlan1
INFO     [2021-05-31 04:09:49,961]: *** sta1-wlan1: Scanner started. Searching for ap1-ssid with interval 2.0
INFO     [2021-05-31 04:09:49,966]: *** sta1-wlan0: Set type to ibss
INFO     [2021-05-31 04:09:49,969]: *** sta1-wlan0: Set ip link up
INFO     [2021-05-31 04:09:49,970]: *** sta1-wlan0: Join ibss adhocNet
INFO     [2021-05-31 04:09:51,961]: *** sta1-wlan1: Scanning for ap1-ssid
INFO     [2021-05-31 04:09:57,728]: *** sta1-wlan1: Scanning for ap1-ssid
INFO     [2021-05-31 04:09:59,507]: *** sta1-wlan0: Starting OLSR
INFO     [2021-05-31 04:09:59,518]: *** sta1-wlan0: Started olsrd in the background (PID: )
INFO     [2021-05-31 04:10:00,541]: *** sta1-wlan1: Scan detected ap1-ssid in range (signal: -89.0 / -85.0)
INFO     [2021-05-31 04:10:01,546]: *** sta1-wlan1: Scan detected ap1-ssid in range (signal: -89.0 / -85.0)
INFO     [2021-05-31 04:10:02,549]: *** sta1-wlan1: Scan detected ap1-ssid in range (signal: -89.0 / -85.0)
INFO     [2021-05-31 04:10:03,515]: *** sta1-wlan1: Scanning for ap1-ssid
INFO     [2021-05-31 04:10:03,560]: *** sta1-wlan1: Scan detected ap1-ssid in range (signal: -90.0 / -85.0)
INFO     [2021-05-31 04:10:04,565]: *** sta1-wlan1: Scan detected ap1-ssid in range (signal: -90.0 / -85.0)
INFO     [2021-05-31 04:10:05,572]: *** sta1-wlan1: Scan detected ap1-ssid in range (signal: -90.0 / -85.0)
INFO     [2021-05-31 04:10:06,587]: *** sta1-wlan1: Scan detected ap1-ssid in range (signal: -90.0 / -85.0)
INFO     [2021-05-31 04:10:07,593]: *** sta1-wlan1: Scan detected ap1-ssid in range (signal: -90.0 / -85.0)
INFO     [2021-05-31 04:10:08,601]: *** sta1-wlan1: Scan detected ap1-ssid in range (signal: -90.0 / -85.0)
INFO     [2021-05-31 04:10:09,293]: *** sta1-wlan1: Scanning for ap1-ssid
INFO     [2021-05-31 04:10:09,607]: *** sta1-wlan1: Scan detected ap1-ssid in range (signal: -90.0 / -85.0)
INFO     [2021-05-31 04:10:10,623]: *** sta1-wlan1: Scan detected ap1-ssid in range (signal: -90.0 / -85.0)
INFO     [2021-05-31 04:10:11,634]: *** sta1-wlan1: Scan detected ap1-ssid in range (signal: -90.0 / -85.0)
INFO     [2021-05-31 04:10:12,640]: *** sta1-wlan1: Scan detected ap1-ssid in range (signal: -90.0 / -85.0)
INFO     [2021-05-31 04:10:13,645]: *** sta1-wlan1: Scan detected ap1-ssid in range (signal: -90.0 / -85.0)
INFO     [2021-05-31 04:10:14,650]: *** sta1-wlan1: Scan detected ap1-ssid in range (signal: -90.0 / -85.0)
INFO     [2021-05-31 04:10:15,104]: *** sta1-wlan1: Scanning for ap1-ssid
INFO     [2021-05-31 04:10:15,654]: *** sta1-wlan1: Scan detected ap1-ssid in range (signal: -90.0 / -85.0)
INFO     [2021-05-31 04:10:16,659]: *** sta1-wlan1: Scan detected ap1-ssid in range (signal: -90.0 / -85.0)
INFO     [2021-05-31 04:10:17,664]: *** sta1-wlan1: Scan detected ap1-ssid in range (signal: -90.0 / -85.0)
INFO     [2021-05-31 04:10:18,668]: *** sta1-wlan1: Scan detected ap1-ssid in range (signal: -90.0 / -85.0)
INFO     [2021-05-31 04:10:19,675]: *** sta1-wlan1: Scan detected ap1-ssid in range (signal: -90.0 / -85.0)
INFO     [2021-05-31 04:10:20,680]: *** sta1-wlan1: Scan detected ap1-ssid in range (signal: -90.0 / -85.0)
INFO     [2021-05-31 04:10:20,868]: *** sta1-wlan1: Scanning for ap1-ssid
INFO     [2021-05-31 04:10:21,686]: *** sta1-wlan1: Scan detected ap1-ssid in range (signal: -90.0 / -85.0)
INFO     [2021-05-31 04:10:22,690]: *** sta1-wlan1: Scan detected ap1-ssid in range (signal: -90.0 / -85.0)
INFO     [2021-05-31 04:10:23,693]: *** sta1-wlan1: Scan detected ap1-ssid in range (signal: -90.0 / -85.0)
INFO     [2021-05-31 04:10:24,699]: *** sta1-wlan1: Scan detected ap1-ssid in range (signal: -90.0 / -85.0)
INFO     [2021-05-31 04:10:25,705]: *** sta1-wlan1: Scan detected ap1-ssid in range (signal: -90.0 / -85.0)
INFO     [2021-05-31 04:10:26,641]: *** sta1-wlan1: Scanning for ap1-ssid
INFO     [2021-05-31 04:10:26,710]: *** sta1-wlan1: Scan detected ap1-ssid in range (signal: -90.0 / -85.0)
INFO     [2021-05-31 04:10:27,721]: *** sta1-wlan1: Scan detected ap1-ssid in range (signal: -90.0 / -85.0)
INFO     [2021-05-31 04:10:28,731]: *** sta1-wlan1: Scan detected ap1-ssid in range (signal: -90.0 / -85.0)
INFO     [2021-05-31 04:10:29,736]: *** sta1-wlan1: Scan detected ap1-ssid in range (signal: -90.0 / -85.0)
INFO     [2021-05-31 04:10:30,745]: *** sta1-wlan1: Scan detected ap1-ssid in range (signal: -90.0 / -85.0)
INFO     [2021-05-31 04:10:31,752]: *** sta1-wlan1: Scan detected ap1-ssid in range (signal: -90.0 / -85.0)
INFO     [2021-05-31 04:10:32,417]: *** sta1-wlan1: Scanning for ap1-ssid
INFO     [2021-05-31 04:10:32,755]: *** sta1-wlan1: Scan detected ap1-ssid in range (signal: -90.0 / -85.0)
INFO     [2021-05-31 04:10:33,760]: *** sta1-wlan1: Scan detected ap1-ssid in range (signal: -90.0 / -85.0)
INFO     [2021-05-31 04:10:34,770]: *** sta1-wlan1: Scan detected ap1-ssid in range (signal: -90.0 / -85.0)
INFO     [2021-05-31 04:10:35,775]: *** sta1-wlan1: Scan detected ap1-ssid in range (signal: -90.0 / -85.0)
INFO     [2021-05-31 04:10:36,781]: *** sta1-wlan1: Scan detected ap1-ssid in range (signal: -90.0 / -85.0)
INFO     [2021-05-31 04:10:38,220]: *** sta1-wlan1: Scanning for ap1-ssid
INFO     [2021-05-31 04:10:43,993]: *** sta1-wlan1: Scanning for ap1-ssid
INFO     [2021-05-31 04:10:49,770]: *** sta1-wlan1: Scanning for ap1-ssid
INFO     [2021-05-31 04:10:55,566]: *** sta1-wlan1: Scanning for ap1-ssid
INFO     [2021-05-31 04:11:01,388]: *** sta1-wlan1: Scanning for ap1-ssid
INFO     [2021-05-31 04:11:07,204]: *** sta1-wlan1: Scanning for ap1-ssid
INFO     [2021-05-31 04:11:12,968]: *** sta1-wlan1: Scanning for ap1-ssid
INFO     [2021-05-31 04:11:18,905]: *** sta1-wlan1: Scanning for ap1-ssid
INFO     [2021-05-31 04:11:24,680]: *** sta1-wlan1: Scanning for ap1-ssid
INFO     [2021-05-31 04:11:30,472]: *** sta1-wlan1: Scanning for ap1-ssid
INFO     [2021-05-31 04:11:36,258]: *** sta1-wlan1: Scanning for ap1-ssid
INFO     [2021-05-31 04:11:42,256]: *** sta1-wlan1: Scanning for ap1-ssid
INFO     [2021-05-31 04:11:48,097]: *** sta1-wlan1: Scanning for ap1-ssid
INFO     [2021-05-31 04:11:53,963]: *** sta1-wlan1: Scanning for ap1-ssid
INFO     [2021-05-31 04:11:59,730]: *** sta1-wlan1: Scanning for ap1-ssid
INFO     [2021-05-31 04:12:05,498]: *** sta1-wlan1: Scanning for ap1-ssid
INFO     [2021-05-31 04:12:11,278]: *** sta1-wlan1: Scanning for ap1-ssid
INFO     [2021-05-31 04:12:17,024]: *** sta1-wlan1: Scanning for ap1-ssid
INFO     [2021-05-31 04:12:22,800]: *** sta1-wlan1: Scanning for ap1-ssid
INFO     [2021-05-31 04:12:28,629]: *** sta1-wlan1: Scanning for ap1-ssid
INFO     [2021-05-31 04:12:34,428]: *** sta1-wlan1: Scanning for ap1-ssid
INFO     [2021-05-31 04:12:34,546]: *** sta1-wlan1: Scan detected ap1-ssid in range (signal: -86.0 / -85.0)
INFO     [2021-05-31 04:12:35,551]: *** sta1-wlan1: Scan detected ap1-ssid in range (signal: -86.0 / -85.0)
INFO     [2021-05-31 04:12:36,558]: *** sta1-wlan1: Scan detected ap1-ssid in range (signal: -86.0 / -85.0)
INFO     [2021-05-31 04:12:37,562]: *** sta1-wlan1: Scan detected ap1-ssid in range (signal: -86.0 / -85.0)
INFO     [2021-05-31 04:12:38,567]: *** sta1-wlan1: Scan detected ap1-ssid in range (signal: -86.0 / -85.0)
INFO     [2021-05-31 04:12:39,575]: *** sta1-wlan1: Scan detected ap1-ssid in range (signal: -86.0 / -85.0)
INFO     [2021-05-31 04:12:40,273]: *** sta1-wlan1: Scanning for ap1-ssid
INFO     [2021-05-31 04:12:40,580]: *** sta1-wlan1: Scan detected ap1-ssid in range (signal: -86.0 / -85.0)
INFO     [2021-05-31 04:12:41,585]: *** sta1-wlan1: Scan detected ap1-ssid in range (signal: -86.0 / -85.0)
INFO     [2021-05-31 04:12:42,591]: *** sta1-wlan1: Scan detected ap1-ssid in range (signal: -86.0 / -85.0)
INFO     [2021-05-31 04:12:43,596]: *** sta1-wlan1: Scan detected ap1-ssid in range (signal: -86.0 / -85.0)
INFO     [2021-05-31 04:12:44,602]: *** sta1-wlan1: Scan detected ap1-ssid in range (signal: -86.0 / -85.0)
INFO     [2021-05-31 04:12:45,609]: *** sta1-wlan1: Scan detected ap1-ssid in range (signal: -86.0 / -85.0)
INFO     [2021-05-31 04:12:46,043]: *** sta1-wlan1: Scanning for ap1-ssid
INFO     [2021-05-31 04:12:46,614]: *** sta1-wlan1: Scan detected ap1-ssid in range (signal: -90.0 / -85.0)
INFO     [2021-05-31 04:12:47,623]: *** sta1-wlan1: Scan detected ap1-ssid in range (signal: -90.0 / -85.0)
INFO     [2021-05-31 04:12:48,629]: *** sta1-wlan1: Scan detected ap1-ssid in range (signal: -90.0 / -85.0)
INFO     [2021-05-31 04:12:49,635]: *** sta1-wlan1: Scan detected ap1-ssid in range (signal: -90.0 / -85.0)
INFO     [2021-05-31 04:12:50,645]: *** sta1-wlan1: Scan detected ap1-ssid in range (signal: -90.0 / -85.0)
INFO     [2021-05-31 04:12:51,651]: *** sta1-wlan1: Scan detected ap1-ssid in range (signal: -90.0 / -85.0)
INFO     [2021-05-31 04:12:51,823]: *** sta1-wlan1: Scanning for ap1-ssid
INFO     [2021-05-31 04:12:52,698]: *** sta1-wlan1: Scan detected ap1-ssid in range (signal: -90.0 / -85.0)
INFO     [2021-05-31 04:12:53,703]: *** sta1-wlan1: Scan detected ap1-ssid in range (signal: -90.0 / -85.0)
INFO     [2021-05-31 04:12:54,707]: *** sta1-wlan1: Scan detected ap1-ssid in range (signal: -90.0 / -85.0)
INFO     [2021-05-31 04:12:55,713]: *** sta1-wlan1: Scan detected ap1-ssid in range (signal: -90.0 / -85.0)
INFO     [2021-05-31 04:12:56,723]: *** sta1-wlan1: Scan detected ap1-ssid in range (signal: -90.0 / -85.0)
INFO     [2021-05-31 04:12:57,637]: *** sta1-wlan1: Scanning for ap1-ssid
INFO     [2021-05-31 04:12:57,732]: *** sta1-wlan1: Scan detected ap1-ssid in range (signal: -90.0 / -85.0)
INFO     [2021-05-31 04:12:58,758]: *** sta1-wlan1: Scan detected ap1-ssid in range (signal: -90.0 / -85.0)
INFO     [2021-05-31 04:12:59,779]: *** sta1-wlan1: Scan detected ap1-ssid in range (signal: -90.0 / -85.0)
INFO     [2021-05-31 04:13:00,798]: *** sta1-wlan1: Scan detected ap1-ssid in range (signal: -90.0 / -85.0)
INFO     [2021-05-31 04:13:01,804]: *** sta1-wlan1: Scan detected ap1-ssid in range (signal: -90.0 / -85.0)
INFO     [2021-05-31 04:13:02,821]: *** sta1-wlan1: Scan detected ap1-ssid in range (signal: -90.0 / -85.0)
INFO     [2021-05-31 04:13:03,605]: *** sta1-wlan1: Scanning for ap1-ssid
INFO     [2021-05-31 04:13:03,832]: *** sta1-wlan1: Scan detected ap1-ssid in range (signal: -90.0 / -85.0)
INFO     [2021-05-31 04:13:04,838]: *** sta1-wlan1: Scan detected ap1-ssid in range (signal: -90.0 / -85.0)
INFO     [2021-05-31 04:13:05,842]: *** sta1-wlan1: Scan detected ap1-ssid in range (signal: -90.0 / -85.0)
INFO     [2021-05-31 04:13:06,849]: *** sta1-wlan1: Scan detected ap1-ssid in range (signal: -90.0 / -85.0)
INFO     [2021-05-31 04:13:07,870]: *** sta1-wlan1: Scan detected ap1-ssid in range (signal: -90.0 / -85.0)
INFO     [2021-05-31 04:13:08,877]: *** sta1-wlan1: Scan detected ap1-ssid in range (signal: -90.0 / -85.0)
INFO     [2021-05-31 04:13:09,733]: *** sta1-wlan1: Scanning for ap1-ssid
INFO     [2021-05-31 04:13:09,882]: *** sta1-wlan1: Scan detected ap1-ssid in range (signal: -90.0 / -85.0)
INFO     [2021-05-31 04:13:10,892]: *** sta1-wlan1: Scan detected ap1-ssid in range (signal: -90.0 / -85.0)
INFO     [2021-05-31 04:13:11,897]: *** sta1-wlan1: Scan detected ap1-ssid in range (signal: -90.0 / -85.0)
INFO     [2021-05-31 04:13:12,901]: *** sta1-wlan1: Scan detected ap1-ssid in range (signal: -90.0 / -85.0)
INFO     [2021-05-31 04:13:13,905]: *** sta1-wlan1: Scan detected ap1-ssid in range (signal: -90.0 / -85.0)
INFO     [2021-05-31 04:13:14,911]: *** sta1-wlan1: Scan detected ap1-ssid in range (signal: -90.0 / -85.0)
INFO     [2021-05-31 04:13:15,558]: *** sta1-wlan1: Scanning for ap1-ssid
INFO     [2021-05-31 04:13:15,915]: *** sta1-wlan1: Scan detected ap1-ssid in range (signal: -90.0 / -85.0)
INFO     [2021-05-31 04:13:21,317]: *** sta1-wlan1: Scanning for ap1-ssid
INFO     [2021-05-31 04:13:27,248]: *** sta1-wlan1: Scanning for ap1-ssid
INFO     [2021-05-31 04:13:33,262]: *** sta1-wlan1: Scanning for ap1-ssid
INFO     [2021-05-31 04:13:39,051]: *** sta1-wlan1: Scanning for ap1-ssid
INFO     [2021-05-31 04:13:44,796]: *** sta1-wlan1: Scanning for ap1-ssid
INFO     [2021-05-31 04:13:50,568]: *** sta1-wlan1: Scanning for ap1-ssid
INFO     [2021-05-31 04:13:56,445]: *** sta1-wlan1: Scanning for ap1-ssid
INFO     [2021-05-31 04:14:02,212]: *** sta1-wlan1: Scanning for ap1-ssid
INFO     [2021-05-31 04:14:07,996]: *** sta1-wlan1: Scanning for ap1-ssid
INFO     [2021-05-31 04:14:13,812]: *** sta1-wlan1: Scanning for ap1-ssid
INFO     [2021-05-31 04:14:19,640]: *** sta1-wlan1: Scanning for ap1-ssid
INFO     [2021-05-31 04:14:20,410]: *** sta1-wlan1: Scan detected ap1-ssid in range (signal: -90.0 / -85.0)
INFO     [2021-05-31 04:14:21,416]: *** sta1-wlan1: Scan detected ap1-ssid in range (signal: -90.0 / -85.0)
INFO     [2021-05-31 04:14:22,423]: *** sta1-wlan1: Scan detected ap1-ssid in range (signal: -90.0 / -85.0)
INFO     [2021-05-31 04:14:23,428]: *** sta1-wlan1: Scan detected ap1-ssid in range (signal: -90.0 / -85.0)
INFO     [2021-05-31 04:14:24,448]: *** sta1-wlan1: Scan detected ap1-ssid in range (signal: -90.0 / -85.0)
INFO     [2021-05-31 04:14:25,414]: *** sta1-wlan1: Scanning for ap1-ssid
INFO     [2021-05-31 04:14:25,461]: *** sta1-wlan1: Scan detected ap1-ssid in range (signal: -90.0 / -85.0)
INFO     [2021-05-31 04:14:26,467]: *** sta1-wlan1: Scan detected ap1-ssid in range (signal: -90.0 / -85.0)
INFO     [2021-05-31 04:14:27,472]: *** sta1-wlan1: Scan detected ap1-ssid in range (signal: -90.0 / -85.0)
INFO     [2021-05-31 04:14:28,489]: *** sta1-wlan1: Scan detected ap1-ssid in range (signal: -90.0 / -85.0)
INFO     [2021-05-31 04:14:29,495]: *** sta1-wlan1: Scan detected ap1-ssid in range (signal: -90.0 / -85.0)
INFO     [2021-05-31 04:14:30,501]: *** sta1-wlan1: Scan detected ap1-ssid in range (signal: -90.0 / -85.0)
INFO     [2021-05-31 04:14:31,358]: *** sta1-wlan1: Scanning for ap1-ssid
INFO     [2021-05-31 04:14:31,512]: *** sta1-wlan1: Scan detected ap1-ssid in range (signal: -90.0 / -85.0)
INFO     [2021-05-31 04:14:32,517]: *** sta1-wlan1: Scan detected ap1-ssid in range (signal: -90.0 / -85.0)
INFO     [2021-05-31 04:14:33,531]: *** sta1-wlan1: Scan detected ap1-ssid in range (signal: -90.0 / -85.0)
INFO     [2021-05-31 04:14:34,537]: *** sta1-wlan1: Scan detected ap1-ssid in range (signal: -90.0 / -85.0)
INFO     [2021-05-31 04:14:35,543]: *** sta1-wlan1: Scan detected ap1-ssid in range (signal: -90.0 / -85.0)
INFO     [2021-05-31 04:14:36,550]: *** sta1-wlan1: Scan detected ap1-ssid in range (signal: -90.0 / -85.0)
INFO     [2021-05-31 04:14:37,352]: *** sta1-wlan1: Scanning for ap1-ssid
INFO     [2021-05-31 04:14:37,557]: *** sta1-wlan1: Scan detected ap1-ssid in range (signal: -90.0 / -85.0)
INFO     [2021-05-31 04:14:38,563]: *** sta1-wlan1: Scan detected ap1-ssid in range (signal: -90.0 / -85.0)
INFO     [2021-05-31 04:14:39,569]: *** sta1-wlan1: Scan detected ap1-ssid in range (signal: -90.0 / -85.0)
INFO     [2021-05-31 04:14:40,573]: *** sta1-wlan1: Scan detected ap1-ssid in range (signal: -90.0 / -85.0)
INFO     [2021-05-31 04:14:41,581]: *** sta1-wlan1: Scan detected ap1-ssid in range (signal: -90.0 / -85.0)
INFO     [2021-05-31 04:14:42,586]: *** sta1-wlan1: Scan detected ap1-ssid in range (signal: -90.0 / -85.0)
INFO     [2021-05-31 04:14:43,147]: *** sta1-wlan1: Scanning for ap1-ssid
INFO     [2021-05-31 04:14:43,592]: *** sta1-wlan1: Scan detected ap1-ssid in range (signal: -90.0 / -85.0)
INFO     [2021-05-31 04:14:44,597]: *** sta1-wlan1: Scan detected ap1-ssid in range (signal: -90.0 / -85.0)
INFO     [2021-05-31 04:14:45,603]: *** sta1-wlan1: Scan detected ap1-ssid in range (signal: -90.0 / -85.0)
INFO     [2021-05-31 04:14:46,609]: *** sta1-wlan1: Scan detected ap1-ssid in range (signal: -90.0 / -85.0)
INFO     [2021-05-31 04:14:47,618]: *** sta1-wlan1: Scan detected ap1-ssid in range (signal: -90.0 / -85.0)
INFO     [2021-05-31 04:14:48,625]: *** sta1-wlan1: Scan detected ap1-ssid in range (signal: -90.0 / -85.0)
INFO     [2021-05-31 04:14:48,977]: *** sta1-wlan1: Scanning for ap1-ssid
INFO     [2021-05-31 04:14:49,631]: *** sta1-wlan1: Scan detected ap1-ssid in range (signal: -90.0 / -85.0)
INFO     [2021-05-31 04:14:50,639]: *** sta1-wlan1: Scan detected ap1-ssid in range (signal: -90.0 / -85.0)
INFO     [2021-05-31 04:14:51,651]: *** sta1-wlan1: Scan detected ap1-ssid in range (signal: -90.0 / -85.0)
INFO     [2021-05-31 04:14:52,659]: *** sta1-wlan1: Scan detected ap1-ssid in range (signal: -90.0 / -85.0)
INFO     [2021-05-31 04:14:53,673]: *** sta1-wlan1: Scan detected ap1-ssid in range (signal: -90.0 / -85.0)
INFO     [2021-05-31 04:14:54,678]: *** sta1-wlan1: Scan detected ap1-ssid in range (signal: -90.0 / -85.0)
INFO     [2021-05-31 04:14:55,136]: *** sta1-wlan1: Scanning for ap1-ssid
INFO     [2021-05-31 04:14:55,685]: *** sta1-wlan1: Scan detected ap1-ssid in range (signal: -88.0 / -85.0)
INFO     [2021-05-31 04:14:56,691]: *** sta1-wlan1: Scan detected ap1-ssid in range (signal: -88.0 / -85.0)
INFO     [2021-05-31 04:14:57,706]: *** sta1-wlan1: Scan detected ap1-ssid in range (signal: -88.0 / -85.0)
INFO     [2021-05-31 04:14:58,717]: *** sta1-wlan1: Scan detected ap1-ssid in range (signal: -88.0 / -85.0)
INFO     [2021-05-31 04:14:59,723]: *** sta1-wlan1: Scan detected ap1-ssid in range (signal: -88.0 / -85.0)
INFO     [2021-05-31 04:15:00,727]: *** sta1-wlan1: Scan detected ap1-ssid in range (signal: -88.0 / -85.0)
INFO     [2021-05-31 04:15:00,971]: *** sta1-wlan1: Scanning for ap1-ssid
INFO     [2021-05-31 04:15:01,732]: *** sta1-wlan1: Scan detected ap1-ssid in range (signal: -88.0 / -85.0)
INFO     [2021-05-31 04:15:02,736]: *** sta1-wlan1: Scan detected ap1-ssid in range (signal: -88.0 / -85.0)
INFO     [2021-05-31 04:15:03,754]: *** sta1-wlan1: Scan detected ap1-ssid in range (signal: -88.0 / -85.0)
INFO     [2021-05-31 04:15:04,760]: *** sta1-wlan1: Scan detected ap1-ssid in range (signal: -88.0 / -85.0)
INFO     [2021-05-31 04:15:05,764]: *** sta1-wlan1: Scan detected ap1-ssid in range (signal: -88.0 / -85.0)
INFO     [2021-05-31 04:15:06,725]: *** sta1-wlan1: Scanning for ap1-ssid
INFO     [2021-05-31 04:15:06,770]: *** sta1-wlan1: Scan detected ap1-ssid in range (signal: -90.0 / -85.0)
INFO     [2021-05-31 04:15:07,774]: *** sta1-wlan1: Scan detected ap1-ssid in range (signal: -90.0 / -85.0)
INFO     [2021-05-31 04:15:08,779]: *** sta1-wlan1: Scan detected ap1-ssid in range (signal: -90.0 / -85.0)
INFO     [2021-05-31 04:15:09,787]: *** sta1-wlan1: Scan detected ap1-ssid in range (signal: -90.0 / -85.0)
INFO     [2021-05-31 04:15:10,793]: *** sta1-wlan1: Scan detected ap1-ssid in range (signal: -90.0 / -85.0)
INFO     [2021-05-31 04:15:11,799]: *** sta1-wlan1: Scan detected ap1-ssid in range (signal: -90.0 / -85.0)
INFO     [2021-05-31 04:15:12,502]: *** sta1-wlan1: Scanning for ap1-ssid
INFO     [2021-05-31 04:15:12,804]: *** sta1-wlan1: Scan detected ap1-ssid in range (signal: -90.0 / -85.0)
INFO     [2021-05-31 04:15:13,809]: *** sta1-wlan1: Scan detected ap1-ssid in range (signal: -90.0 / -85.0)
INFO     [2021-05-31 04:15:14,814]: *** sta1-wlan1: Scan detected ap1-ssid in range (signal: -90.0 / -85.0)
INFO     [2021-05-31 04:15:15,821]: *** sta1-wlan1: Scan detected ap1-ssid in range (signal: -90.0 / -85.0)
INFO     [2021-05-31 04:15:16,828]: *** sta1-wlan1: Scan detected ap1-ssid in range (signal: -90.0 / -85.0)
INFO     [2021-05-31 04:15:17,833]: *** sta1-wlan1: Scan detected ap1-ssid in range (signal: -90.0 / -85.0)
INFO     [2021-05-31 04:15:18,314]: *** sta1-wlan1: Scanning for ap1-ssid
INFO     [2021-05-31 04:15:18,840]: *** sta1-wlan1: Scan detected ap1-ssid in range (signal: -88.0 / -85.0)
INFO     [2021-05-31 04:15:19,846]: *** sta1-wlan1: Scan detected ap1-ssid in range (signal: -88.0 / -85.0)
INFO     [2021-05-31 04:15:20,853]: *** sta1-wlan1: Scan detected ap1-ssid in range (signal: -88.0 / -85.0)
INFO     [2021-05-31 04:15:21,859]: *** sta1-wlan1: Scan detected ap1-ssid in range (signal: -88.0 / -85.0)
INFO     [2021-05-31 04:15:22,864]: *** sta1-wlan1: Scan detected ap1-ssid in range (signal: -88.0 / -85.0)
INFO     [2021-05-31 04:15:23,873]: *** sta1-wlan1: Scan detected ap1-ssid in range (signal: -88.0 / -85.0)
INFO     [2021-05-31 04:15:24,109]: *** sta1-wlan1: Scanning for ap1-ssid
INFO     [2021-05-31 04:15:24,880]: *** sta1-wlan1: Scan detected ap1-ssid in range (signal: -89.0 / -85.0)
INFO     [2021-05-31 04:15:25,894]: *** sta1-wlan1: Scan detected ap1-ssid in range (signal: -89.0 / -85.0)
INFO     [2021-05-31 04:15:26,899]: *** sta1-wlan1: Scan detected ap1-ssid in range (signal: -89.0 / -85.0)
INFO     [2021-05-31 04:15:27,911]: *** sta1-wlan1: Scan detected ap1-ssid in range (signal: -90.0 / -85.0)
INFO     [2021-05-31 04:15:28,917]: *** sta1-wlan1: Scan detected ap1-ssid in range (signal: -90.0 / -85.0)
INFO     [2021-05-31 04:15:29,893]: *** sta1-wlan1: Scanning for ap1-ssid
INFO     [2021-05-31 04:15:29,921]: *** sta1-wlan1: Scan detected ap1-ssid in range (signal: -90.0 / -85.0)
INFO     [2021-05-31 04:15:30,930]: *** sta1-wlan1: Scan detected ap1-ssid in range (signal: -90.0 / -85.0)
INFO     [2021-05-31 04:15:31,937]: *** sta1-wlan1: Scan detected ap1-ssid in range (signal: -90.0 / -85.0)
INFO     [2021-05-31 04:15:32,946]: *** sta1-wlan1: Scan detected ap1-ssid in range (signal: -90.0 / -85.0)
INFO     [2021-05-31 04:15:33,952]: *** sta1-wlan1: Scan detected ap1-ssid in range (signal: -90.0 / -85.0)
INFO     [2021-05-31 04:15:34,959]: *** sta1-wlan1: Scan detected ap1-ssid in range (signal: -90.0 / -85.0)
INFO     [2021-05-31 04:15:35,674]: *** sta1-wlan1: Scanning for ap1-ssid
INFO     [2021-05-31 04:15:35,968]: *** sta1-wlan1: Scan detected ap1-ssid in range (signal: -90.0 / -85.0)
INFO     [2021-05-31 04:15:36,975]: *** sta1-wlan1: Scan detected ap1-ssid in range (signal: -90.0 / -85.0)
INFO     [2021-05-31 04:15:37,980]: *** sta1-wlan1: Scan detected ap1-ssid in range (signal: -90.0 / -85.0)
INFO     [2021-05-31 04:15:38,985]: *** sta1-wlan1: Scan detected ap1-ssid in range (signal: -90.0 / -85.0)
INFO     [2021-05-31 04:15:39,989]: *** sta1-wlan1: Scan detected ap1-ssid in range (signal: -90.0 / -85.0)
INFO     [2021-05-31 04:15:40,996]: *** sta1-wlan1: Scan detected ap1-ssid in range (signal: -90.0 / -85.0)
INFO     [2021-05-31 04:15:41,419]: *** sta1-wlan1: Scanning for ap1-ssid
INFO     [2021-05-31 04:15:42,002]: *** sta1-wlan1: Scan detected ap1-ssid in range (signal: -89.0 / -85.0)
INFO     [2021-05-31 04:15:43,009]: *** sta1-wlan1: Scan detected ap1-ssid in range (signal: -89.0 / -85.0)
INFO     [2021-05-31 04:15:44,015]: *** sta1-wlan1: Scan detected ap1-ssid in range (signal: -89.0 / -85.0)
INFO     [2021-05-31 04:15:45,019]: *** sta1-wlan1: Scan detected ap1-ssid in range (signal: -89.0 / -85.0)
INFO     [2021-05-31 04:15:46,025]: *** sta1-wlan1: Scan detected ap1-ssid in range (signal: -89.0 / -85.0)
INFO     [2021-05-31 04:15:47,029]: *** sta1-wlan1: Scan detected ap1-ssid in range (signal: -89.0 / -85.0)
INFO     [2021-05-31 04:15:47,345]: *** sta1-wlan1: Scanning for ap1-ssid
INFO     [2021-05-31 04:15:48,037]: *** sta1-wlan1: Scan detected ap1-ssid in range (signal: -89.0 / -85.0)
INFO     [2021-05-31 04:15:49,048]: *** sta1-wlan1: Scan detected ap1-ssid in range (signal: -89.0 / -85.0)
INFO     [2021-05-31 04:15:50,054]: *** sta1-wlan1: Scan detected ap1-ssid in range (signal: -89.0 / -85.0)
INFO     [2021-05-31 04:15:51,058]: *** sta1-wlan1: Scan detected ap1-ssid in range (signal: -89.0 / -85.0)
INFO     [2021-05-31 04:15:52,067]: *** sta1-wlan1: Scan detected ap1-ssid in range (signal: -88.0 / -85.0)
INFO     [2021-05-31 04:15:53,150]: *** sta1-wlan1: Scan detected ap1-ssid in range (signal: -88.0 / -85.0)
INFO     [2021-05-31 04:15:53,406]: *** sta1-wlan1: Scanning for ap1-ssid
INFO     [2021-05-31 04:15:54,158]: *** sta1-wlan1: Scan detected ap1-ssid in range (signal: -86.0 / -85.0)
INFO     [2021-05-31 04:15:55,164]: *** sta1-wlan1: Scan detected ap1-ssid in range (signal: -86.0 / -85.0)
INFO     [2021-05-31 04:15:56,169]: *** sta1-wlan1: Scan detected ap1-ssid in range (signal: -86.0 / -85.0)
INFO     [2021-05-31 04:15:57,175]: *** sta1-wlan1: Scan detected ap1-ssid in range (signal: -86.0 / -85.0)
INFO     [2021-05-31 04:15:58,181]: *** sta1-wlan1: Scan detected ap1-ssid in range (signal: -86.0 / -85.0)
INFO     [2021-05-31 04:15:59,181]: *** sta1-wlan1: Scanning for ap1-ssid
INFO     [2021-05-31 04:15:59,188]: *** sta1-wlan1: Scan detected ap1-ssid in range (signal: -86.0 / -85.0)
INFO     [2021-05-31 04:16:00,193]: *** sta1-wlan1: Scan detected ap1-ssid in range (signal: -90.0 / -85.0)
INFO     [2021-05-31 04:16:01,199]: *** sta1-wlan1: Scan detected ap1-ssid in range (signal: -90.0 / -85.0)
INFO     [2021-05-31 04:16:02,205]: *** sta1-wlan1: Scan detected ap1-ssid in range (signal: -90.0 / -85.0)
INFO     [2021-05-31 04:16:03,210]: *** sta1-wlan1: Scan detected ap1-ssid in range (signal: -90.0 / -85.0)
INFO     [2021-05-31 04:16:04,216]: *** sta1-wlan1: Scan detected ap1-ssid in range (signal: -90.0 / -85.0)
INFO     [2021-05-31 04:16:04,974]: *** sta1-wlan1: Scanning for ap1-ssid
INFO     [2021-05-31 04:16:05,222]: *** sta1-wlan1: Scan detected ap1-ssid in range (signal: -83.0 / -85.0)
INFO     [2021-05-31 04:16:05,222]: *** sta1-wlan0: OLSR runnning: Killing olsrd process (PID: 98134)
INFO     [2021-05-31 04:16:05,222]: *** sta1-wlan0: Killed given olsrd process (PID: 98134)
INFO     [2021-05-31 04:16:05,246]: *** sta1-wlan0: IBSS leave completed
INFO     [2021-05-31 04:16:05,248]: *** sta1-wlan0: Set type to managed
INFO     [2021-05-31 04:16:09,024]: *** sta1-wlan0: Connected interface to ap1-ssid
