INFO     [2021-06-02 05:02:35,710]: *** sta1-wlan0: Started flexible_sdn.py
INFO     [2021-06-02 05:02:35,712]: *** sta1: Interface: sta1-wlan0, Scan-interface: sta1-wlan1
INFO     [2021-06-02 05:02:35,749]: *** sta3-wlan0: Started flexible_sdn.py
INFO     [2021-06-02 05:02:35,754]: *** sta3: Interface: sta3-wlan0, Scan-interface: sta3-wlan1
INFO     [2021-06-02 05:05:01,003]: *** sta1-wlan1: Scanner started. Searching for ap1-ssid with interval 3.0
INFO     [2021-06-02 05:05:01,992]: *** sta3-wlan1: Scanner started. Searching for ap1-ssid with interval 3.0
INFO     [2021-06-02 05:05:04,006]: *** sta1-wlan1: Scanning for ap1-ssid
INFO     [2021-06-02 05:05:04,995]: *** sta3-wlan1: Scanning for ap1-ssid
INFO     [2021-06-02 05:05:06,009]: *** sta3-wlan1: Scan detected ap1-ssid in range (signal: -88.0 / -75.0)
INFO     [2021-06-02 05:05:07,016]: *** sta3-wlan1: Scan detected ap1-ssid in range (signal: -88.0 / -75.0)
INFO     [2021-06-02 05:05:08,021]: *** sta3-wlan1: Scan detected ap1-ssid in range (signal: -88.0 / -75.0)
INFO     [2021-06-02 05:05:09,026]: *** sta3-wlan1: Scan detected ap1-ssid in range (signal: -88.0 / -75.0)
INFO     [2021-06-02 05:05:10,035]: *** sta3-wlan1: Scan detected ap1-ssid in range (signal: -88.0 / -75.0)
INFO     [2021-06-02 05:05:10,792]: *** sta1-wlan1: Scanning for ap1-ssid
INFO     [2021-06-02 05:05:11,042]: *** sta3-wlan1: Scan detected ap1-ssid in range (signal: -88.0 / -75.0)
INFO     [2021-06-02 05:05:11,066]: *** sta1-wlan1: Scan detected ap1-ssid in range (signal: -89.0 / -75.0)
INFO     [2021-06-02 05:05:11,825]: *** sta3-wlan1: Scanning for ap1-ssid
INFO     [2021-06-02 05:05:12,049]: *** sta3-wlan1: Scan detected ap1-ssid in range (signal: -89.0 / -75.0)
INFO     [2021-06-02 05:05:12,071]: *** sta1-wlan1: Scan detected ap1-ssid in range (signal: -89.0 / -75.0)
INFO     [2021-06-02 05:05:13,055]: *** sta3-wlan1: Scan detected ap1-ssid in range (signal: -89.0 / -75.0)
INFO     [2021-06-02 05:05:13,086]: *** sta1-wlan1: Scan detected ap1-ssid in range (signal: -89.0 / -75.0)
INFO     [2021-06-02 05:05:14,060]: *** sta3-wlan1: Scan detected ap1-ssid in range (signal: -89.0 / -75.0)
INFO     [2021-06-02 05:05:14,090]: *** sta1-wlan1: Scan detected ap1-ssid in range (signal: -89.0 / -75.0)
INFO     [2021-06-02 05:05:15,065]: *** sta3-wlan1: Scan detected ap1-ssid in range (signal: -89.0 / -75.0)
INFO     [2021-06-02 05:05:15,095]: *** sta1-wlan1: Scan detected ap1-ssid in range (signal: -89.0 / -75.0)
INFO     [2021-06-02 05:05:16,069]: *** sta3-wlan1: Scan detected ap1-ssid in range (signal: -90.0 / -75.0)
INFO     [2021-06-02 05:05:16,099]: *** sta1-wlan1: Scan detected ap1-ssid in range (signal: -89.0 / -75.0)
INFO     [2021-06-02 05:05:17,074]: *** sta3-wlan1: Scan detected ap1-ssid in range (signal: -90.0 / -75.0)
INFO     [2021-06-02 05:05:17,110]: *** sta1-wlan1: Scan detected ap1-ssid in range (signal: -89.0 / -75.0)
INFO     [2021-06-02 05:05:17,577]: *** sta1-wlan1: Scanning for ap1-ssid
INFO     [2021-06-02 05:05:18,078]: *** sta3-wlan1: Scan detected ap1-ssid in range (signal: -90.0 / -75.0)
INFO     [2021-06-02 05:05:18,114]: *** sta1-wlan1: Scan detected ap1-ssid in range (signal: -90.0 / -75.0)
INFO     [2021-06-02 05:05:18,588]: *** sta3-wlan1: Scanning for ap1-ssid
INFO     [2021-06-02 05:05:19,083]: *** sta3-wlan1: Scan detected ap1-ssid in range (signal: -90.0 / -75.0)
INFO     [2021-06-02 05:05:19,118]: *** sta1-wlan1: Scan detected ap1-ssid in range (signal: -90.0 / -75.0)
INFO     [2021-06-02 05:05:20,088]: *** sta3-wlan1: Scan detected ap1-ssid in range (signal: -90.0 / -75.0)
INFO     [2021-06-02 05:05:20,122]: *** sta1-wlan1: Scan detected ap1-ssid in range (signal: -90.0 / -75.0)
INFO     [2021-06-02 05:05:21,092]: *** sta3-wlan1: Scan detected ap1-ssid in range (signal: -90.0 / -75.0)
INFO     [2021-06-02 05:05:21,126]: *** sta1-wlan1: Scan detected ap1-ssid in range (signal: -90.0 / -75.0)
INFO     [2021-06-02 05:05:22,097]: *** sta3-wlan1: Scan detected ap1-ssid in range (signal: -90.0 / -75.0)
INFO     [2021-06-02 05:05:22,137]: *** sta1-wlan1: Scan detected ap1-ssid in range (signal: -90.0 / -75.0)
INFO     [2021-06-02 05:05:23,101]: *** sta3-wlan1: Scan detected ap1-ssid in range (signal: -90.0 / -75.0)
INFO     [2021-06-02 05:05:23,144]: *** sta1-wlan1: Scan detected ap1-ssid in range (signal: -90.0 / -75.0)
INFO     [2021-06-02 05:05:24,107]: *** sta3-wlan1: Scan detected ap1-ssid in range (signal: -90.0 / -75.0)
INFO     [2021-06-02 05:05:24,157]: *** sta1-wlan1: Scan detected ap1-ssid in range (signal: -90.0 / -75.0)
INFO     [2021-06-02 05:05:24,406]: *** sta1-wlan1: Scanning for ap1-ssid
INFO     [2021-06-02 05:05:25,118]: *** sta3-wlan1: Scan detected ap1-ssid in range (signal: -90.0 / -75.0)
INFO     [2021-06-02 05:05:25,164]: *** sta1-wlan1: Scan detected ap1-ssid in range (signal: -90.0 / -75.0)
INFO     [2021-06-02 05:05:25,579]: *** sta3-wlan1: Scanning for ap1-ssid
INFO     [2021-06-02 05:05:26,122]: *** sta3-wlan1: Scan detected ap1-ssid in range (signal: -87.0 / -75.0)
INFO     [2021-06-02 05:05:26,176]: *** sta1-wlan1: Scan detected ap1-ssid in range (signal: -90.0 / -75.0)
INFO     [2021-06-02 05:05:27,126]: *** sta3-wlan1: Scan detected ap1-ssid in range (signal: -87.0 / -75.0)
INFO     [2021-06-02 05:05:27,182]: *** sta1-wlan1: Scan detected ap1-ssid in range (signal: -90.0 / -75.0)
INFO     [2021-06-02 05:05:28,131]: *** sta3-wlan1: Scan detected ap1-ssid in range (signal: -87.0 / -75.0)
INFO     [2021-06-02 05:05:28,195]: *** sta1-wlan1: Scan detected ap1-ssid in range (signal: -90.0 / -75.0)
INFO     [2021-06-02 05:05:29,135]: *** sta3-wlan1: Scan detected ap1-ssid in range (signal: -87.0 / -75.0)
INFO     [2021-06-02 05:05:29,202]: *** sta1-wlan1: Scan detected ap1-ssid in range (signal: -90.0 / -75.0)
INFO     [2021-06-02 05:05:30,141]: *** sta3-wlan1: Scan detected ap1-ssid in range (signal: -87.0 / -75.0)
INFO     [2021-06-02 05:05:30,207]: *** sta1-wlan1: Scan detected ap1-ssid in range (signal: -90.0 / -75.0)
INFO     [2021-06-02 05:05:31,146]: *** sta3-wlan1: Scan detected ap1-ssid in range (signal: -87.0 / -75.0)
INFO     [2021-06-02 05:05:31,212]: *** sta1-wlan1: Scan detected ap1-ssid in range (signal: -90.0 / -75.0)
INFO     [2021-06-02 05:05:31,755]: *** sta1-wlan1: Scanning for ap1-ssid
INFO     [2021-06-02 05:05:32,158]: *** sta3-wlan1: Scan detected ap1-ssid in range (signal: -87.0 / -75.0)
INFO     [2021-06-02 05:05:32,218]: *** sta1-wlan1: Scan detected ap1-ssid in range (signal: -90.0 / -75.0)
INFO     [2021-06-02 05:05:32,648]: *** sta3-wlan1: Scanning for ap1-ssid
INFO     [2021-06-02 05:05:33,163]: *** sta3-wlan1: Scan detected ap1-ssid in range (signal: -87.0 / -75.0)
INFO     [2021-06-02 05:05:33,223]: *** sta1-wlan1: Scan detected ap1-ssid in range (signal: -90.0 / -75.0)
INFO     [2021-06-02 05:05:34,394]: *** sta1-wlan1: Scan detected ap1-ssid in range (signal: -90.0 / -75.0)
INFO     [2021-06-02 05:05:34,395]: *** sta3-wlan1: Scan detected ap1-ssid in range (signal: -87.0 / -75.0)
INFO     [2021-06-02 05:05:35,398]: *** sta1-wlan1: Scan detected ap1-ssid in range (signal: -90.0 / -75.0)
INFO     [2021-06-02 05:05:35,401]: *** sta3-wlan1: Scan detected ap1-ssid in range (signal: -87.0 / -75.0)
INFO     [2021-06-02 05:05:36,403]: *** sta1-wlan1: Scan detected ap1-ssid in range (signal: -90.0 / -75.0)
INFO     [2021-06-02 05:05:36,408]: *** sta3-wlan1: Scan detected ap1-ssid in range (signal: -87.0 / -75.0)
INFO     [2021-06-02 05:05:37,408]: *** sta1-wlan1: Scan detected ap1-ssid in range (signal: -90.0 / -75.0)
INFO     [2021-06-02 05:05:37,413]: *** sta3-wlan1: Scan detected ap1-ssid in range (signal: -87.0 / -75.0)
INFO     [2021-06-02 05:05:38,417]: *** sta3-wlan1: Scan detected ap1-ssid in range (signal: -87.0 / -75.0)
INFO     [2021-06-02 05:05:38,419]: *** sta1-wlan1: Scan detected ap1-ssid in range (signal: -90.0 / -75.0)
INFO     [2021-06-02 05:05:38,883]: *** sta1-wlan1: Scanning for ap1-ssid
INFO     [2021-06-02 05:05:39,425]: *** sta1-wlan1: Scan detected ap1-ssid in range (signal: -89.0 / -75.0)
INFO     [2021-06-02 05:05:39,425]: *** sta3-wlan1: Scan detected ap1-ssid in range (signal: -87.0 / -75.0)
INFO     [2021-06-02 05:05:39,911]: *** sta3-wlan1: Scanning for ap1-ssid
INFO     [2021-06-02 05:05:40,432]: *** sta1-wlan1: Scan detected ap1-ssid in range (signal: -89.0 / -75.0)
INFO     [2021-06-02 05:05:40,434]: *** sta3-wlan1: Scan detected ap1-ssid in range (signal: -87.0 / -75.0)
INFO     [2021-06-02 05:05:41,445]: *** sta1-wlan1: Scan detected ap1-ssid in range (signal: -89.0 / -75.0)
INFO     [2021-06-02 05:05:41,450]: *** sta3-wlan1: Scan detected ap1-ssid in range (signal: -87.0 / -75.0)
INFO     [2021-06-02 05:05:42,451]: *** sta1-wlan1: Scan detected ap1-ssid in range (signal: -89.0 / -75.0)
INFO     [2021-06-02 05:05:42,458]: *** sta3-wlan1: Scan detected ap1-ssid in range (signal: -87.0 / -75.0)
INFO     [2021-06-02 05:05:43,457]: *** sta1-wlan1: Scan detected ap1-ssid in range (signal: -89.0 / -75.0)
INFO     [2021-06-02 05:05:43,463]: *** sta3-wlan1: Scan detected ap1-ssid in range (signal: -87.0 / -75.0)
INFO     [2021-06-02 05:05:44,462]: *** sta1-wlan1: Scan detected ap1-ssid in range (signal: -89.0 / -75.0)
INFO     [2021-06-02 05:05:44,467]: *** sta3-wlan1: Scan detected ap1-ssid in range (signal: -87.0 / -75.0)
INFO     [2021-06-02 05:05:45,468]: *** sta1-wlan1: Scan detected ap1-ssid in range (signal: -89.0 / -75.0)
INFO     [2021-06-02 05:05:45,472]: *** sta3-wlan1: Scan detected ap1-ssid in range (signal: -87.0 / -75.0)
INFO     [2021-06-02 05:05:45,706]: *** sta1-wlan1: Scanning for ap1-ssid
INFO     [2021-06-02 05:05:46,474]: *** sta1-wlan1: Scan detected ap1-ssid in range (signal: -89.0 / -75.0)
INFO     [2021-06-02 05:05:46,480]: *** sta3-wlan1: Scan detected ap1-ssid in range (signal: -87.0 / -75.0)
INFO     [2021-06-02 05:05:46,693]: *** sta3-wlan1: Scanning for ap1-ssid
INFO     [2021-06-02 05:05:47,488]: *** sta1-wlan1: Scan detected ap1-ssid in range (signal: -89.0 / -75.0)
INFO     [2021-06-02 05:05:47,490]: *** sta3-wlan1: Scan detected ap1-ssid in range (signal: -87.0 / -75.0)
INFO     [2021-06-02 05:05:48,494]: *** sta3-wlan1: Scan detected ap1-ssid in range (signal: -87.0 / -75.0)
INFO     [2021-06-02 05:05:48,494]: *** sta1-wlan1: Scan detected ap1-ssid in range (signal: -89.0 / -75.0)
INFO     [2021-06-02 05:05:49,498]: *** sta3-wlan1: Scan detected ap1-ssid in range (signal: -87.0 / -75.0)
INFO     [2021-06-02 05:05:49,500]: *** sta1-wlan1: Scan detected ap1-ssid in range (signal: -89.0 / -75.0)
INFO     [2021-06-02 05:05:50,503]: *** sta3-wlan1: Scan detected ap1-ssid in range (signal: -87.0 / -75.0)
INFO     [2021-06-02 05:05:50,506]: *** sta1-wlan1: Scan detected ap1-ssid in range (signal: -89.0 / -75.0)
INFO     [2021-06-02 05:05:51,512]: *** sta3-wlan1: Scan detected ap1-ssid in range (signal: -87.0 / -75.0)
INFO     [2021-06-02 05:05:51,512]: *** sta1-wlan1: Scan detected ap1-ssid in range (signal: -89.0 / -75.0)
INFO     [2021-06-02 05:05:52,517]: *** sta1-wlan1: Scan detected ap1-ssid in range (signal: -89.0 / -75.0)
INFO     [2021-06-02 05:05:52,517]: *** sta3-wlan1: Scan detected ap1-ssid in range (signal: -87.0 / -75.0)
INFO     [2021-06-02 05:05:52,999]: *** sta1-wlan1: Scanning for ap1-ssid
INFO     [2021-06-02 05:05:53,522]: *** sta1-wlan1: Scan detected ap1-ssid in range (signal: -89.0 / -75.0)
INFO     [2021-06-02 05:05:53,522]: *** sta3-wlan1: Scan detected ap1-ssid in range (signal: -87.0 / -75.0)
INFO     [2021-06-02 05:05:54,179]: *** sta3-wlan1: Scanning for ap1-ssid
INFO     [2021-06-02 05:05:54,532]: *** sta1-wlan1: Scan detected ap1-ssid in range (signal: -89.0 / -75.0)
INFO     [2021-06-02 05:05:54,534]: *** sta3-wlan1: Scan detected ap1-ssid in range (signal: -87.0 / -75.0)
INFO     [2021-06-02 05:05:55,543]: *** sta1-wlan1: Scan detected ap1-ssid in range (signal: -89.0 / -75.0)
INFO     [2021-06-02 05:05:55,546]: *** sta3-wlan1: Scan detected ap1-ssid in range (signal: -87.0 / -75.0)
INFO     [2021-06-02 05:05:56,554]: *** sta3-wlan1: Scan detected ap1-ssid in range (signal: -87.0 / -75.0)
INFO     [2021-06-02 05:05:56,557]: *** sta1-wlan1: Scan detected ap1-ssid in range (signal: -89.0 / -75.0)
INFO     [2021-06-02 05:05:57,568]: *** sta1-wlan1: Scan detected ap1-ssid in range (signal: -89.0 / -75.0)
INFO     [2021-06-02 05:05:57,569]: *** sta3-wlan1: Scan detected ap1-ssid in range (signal: -87.0 / -75.0)
INFO     [2021-06-02 05:05:58,576]: *** sta1-wlan1: Scan detected ap1-ssid in range (signal: -89.0 / -75.0)
INFO     [2021-06-02 05:05:58,576]: *** sta3-wlan1: Scan detected ap1-ssid in range (signal: -87.0 / -75.0)
INFO     [2021-06-02 05:05:59,581]: *** sta3-wlan1: Scan detected ap1-ssid in range (signal: -87.0 / -75.0)
INFO     [2021-06-02 05:05:59,582]: *** sta1-wlan1: Scan detected ap1-ssid in range (signal: -89.0 / -75.0)
INFO     [2021-06-02 05:05:59,875]: *** sta1-wlan1: Scanning for ap1-ssid
INFO     [2021-06-02 05:06:00,593]: *** sta1-wlan1: Scan detected ap1-ssid in range (signal: -89.0 / -75.0)
INFO     [2021-06-02 05:06:01,003]: *** sta3-wlan1: Scanning for ap1-ssid
INFO     [2021-06-02 05:06:01,598]: *** sta3-wlan1: Scan detected ap1-ssid in range (signal: -90.0 / -75.0)
INFO     [2021-06-02 05:06:01,600]: *** sta1-wlan1: Scan detected ap1-ssid in range (signal: -89.0 / -75.0)
INFO     [2021-06-02 05:06:02,616]: *** sta3-wlan1: Scan detected ap1-ssid in range (signal: -90.0 / -75.0)
INFO     [2021-06-02 05:06:02,632]: *** sta1-wlan1: Scan detected ap1-ssid in range (signal: -89.0 / -75.0)
INFO     [2021-06-02 05:06:03,621]: *** sta3-wlan1: Scan detected ap1-ssid in range (signal: -90.0 / -75.0)
INFO     [2021-06-02 05:06:03,642]: *** sta1-wlan1: Scan detected ap1-ssid in range (signal: -89.0 / -75.0)
INFO     [2021-06-02 05:06:04,630]: *** sta3-wlan1: Scan detected ap1-ssid in range (signal: -90.0 / -75.0)
INFO     [2021-06-02 05:06:04,646]: *** sta1-wlan1: Scan detected ap1-ssid in range (signal: -89.0 / -75.0)
INFO     [2021-06-02 05:06:05,635]: *** sta3-wlan1: Scan detected ap1-ssid in range (signal: -90.0 / -75.0)
INFO     [2021-06-02 05:06:05,650]: *** sta1-wlan1: Scan detected ap1-ssid in range (signal: -89.0 / -75.0)
INFO     [2021-06-02 05:06:06,642]: *** sta3-wlan1: Scan detected ap1-ssid in range (signal: -90.0 / -75.0)
INFO     [2021-06-02 05:06:06,663]: *** sta1-wlan1: Scan detected ap1-ssid in range (signal: -89.0 / -75.0)
INFO     [2021-06-02 05:06:07,328]: *** sta1-wlan1: Scanning for ap1-ssid
INFO     [2021-06-02 05:06:07,647]: *** sta3-wlan1: Scan detected ap1-ssid in range (signal: -90.0 / -75.0)
INFO     [2021-06-02 05:06:07,670]: *** sta1-wlan1: Scan detected ap1-ssid in range (signal: -89.0 / -75.0)
INFO     [2021-06-02 05:06:08,651]: *** sta3-wlan1: Scan detected ap1-ssid in range (signal: -90.0 / -75.0)
INFO     [2021-06-02 05:06:08,675]: *** sta1-wlan1: Scan detected ap1-ssid in range (signal: -89.0 / -75.0)
INFO     [2021-06-02 05:06:08,767]: *** sta3-wlan1: Scanning for ap1-ssid
INFO     [2021-06-02 05:06:09,656]: *** sta3-wlan1: Scan detected ap1-ssid in range (signal: -90.0 / -75.0)
INFO     [2021-06-02 05:06:10,660]: *** sta3-wlan1: Scan detected ap1-ssid in range (signal: -90.0 / -75.0)
INFO     [2021-06-02 05:06:11,667]: *** sta3-wlan1: Scan detected ap1-ssid in range (signal: -90.0 / -75.0)
INFO     [2021-06-02 05:06:12,673]: *** sta3-wlan1: Scan detected ap1-ssid in range (signal: -90.0 / -75.0)
INFO     [2021-06-02 05:06:13,678]: *** sta3-wlan1: Scan detected ap1-ssid in range (signal: -90.0 / -75.0)
INFO     [2021-06-02 05:06:14,315]: *** sta1-wlan1: Scanning for ap1-ssid
INFO     [2021-06-02 05:06:14,683]: *** sta3-wlan1: Scan detected ap1-ssid in range (signal: -90.0 / -75.0)
INFO     [2021-06-02 05:06:15,690]: *** sta3-wlan1: Scan detected ap1-ssid in range (signal: -90.0 / -75.0)
INFO     [2021-06-02 05:06:15,773]: *** sta3-wlan1: Scanning for ap1-ssid
INFO     [2021-06-02 05:06:16,696]: *** sta3-wlan1: Scan detected ap1-ssid in range (signal: -90.0 / -75.0)
INFO     [2021-06-02 05:06:17,700]: *** sta3-wlan1: Scan detected ap1-ssid in range (signal: -90.0 / -75.0)
INFO     [2021-06-02 05:06:18,706]: *** sta3-wlan1: Scan detected ap1-ssid in range (signal: -90.0 / -75.0)
INFO     [2021-06-02 05:06:19,719]: *** sta3-wlan1: Scan detected ap1-ssid in range (signal: -90.0 / -75.0)
INFO     [2021-06-02 05:06:20,726]: *** sta3-wlan1: Scan detected ap1-ssid in range (signal: -90.0 / -75.0)
INFO     [2021-06-02 05:06:21,094]: *** sta1-wlan1: Scanning for ap1-ssid
INFO     [2021-06-02 05:06:21,730]: *** sta3-wlan1: Scan detected ap1-ssid in range (signal: -90.0 / -75.0)
INFO     [2021-06-02 05:06:21,796]: *** sta1-wlan1: Scan detected ap1-ssid in range (signal: -90.0 / -75.0)
INFO     [2021-06-02 05:06:22,603]: *** sta3-wlan1: Scanning for ap1-ssid
INFO     [2021-06-02 05:06:22,734]: *** sta3-wlan1: Scan detected ap1-ssid in range (signal: -90.0 / -75.0)
INFO     [2021-06-02 05:06:22,802]: *** sta1-wlan1: Scan detected ap1-ssid in range (signal: -90.0 / -75.0)
INFO     [2021-06-02 05:06:23,742]: *** sta3-wlan1: Scan detected ap1-ssid in range (signal: -90.0 / -75.0)
INFO     [2021-06-02 05:06:23,811]: *** sta1-wlan1: Scan detected ap1-ssid in range (signal: -90.0 / -75.0)
INFO     [2021-06-02 05:06:24,758]: *** sta3-wlan1: Scan detected ap1-ssid in range (signal: -90.0 / -75.0)
INFO     [2021-06-02 05:06:24,816]: *** sta1-wlan1: Scan detected ap1-ssid in range (signal: -90.0 / -75.0)
INFO     [2021-06-02 05:06:25,763]: *** sta3-wlan1: Scan detected ap1-ssid in range (signal: -90.0 / -75.0)
INFO     [2021-06-02 05:06:25,830]: *** sta1-wlan1: Scan detected ap1-ssid in range (signal: -90.0 / -75.0)
INFO     [2021-06-02 05:06:26,768]: *** sta3-wlan1: Scan detected ap1-ssid in range (signal: -90.0 / -75.0)
INFO     [2021-06-02 05:06:26,835]: *** sta1-wlan1: Scan detected ap1-ssid in range (signal: -90.0 / -75.0)
INFO     [2021-06-02 05:06:27,774]: *** sta3-wlan1: Scan detected ap1-ssid in range (signal: -90.0 / -75.0)
INFO     [2021-06-02 05:06:27,849]: *** sta1-wlan1: Scan detected ap1-ssid in range (signal: -90.0 / -75.0)
INFO     [2021-06-02 05:06:27,902]: *** sta1-wlan1: Scanning for ap1-ssid
INFO     [2021-06-02 05:06:28,779]: *** sta3-wlan1: Scan detected ap1-ssid in range (signal: -90.0 / -75.0)
INFO     [2021-06-02 05:06:28,854]: *** sta1-wlan1: Scan detected ap1-ssid in range (signal: -90.0 / -75.0)
INFO     [2021-06-02 05:06:29,407]: *** sta3-wlan1: Scanning for ap1-ssid
INFO     [2021-06-02 05:06:29,785]: *** sta3-wlan1: Scan detected ap1-ssid in range (signal: -90.0 / -75.0)
INFO     [2021-06-02 05:06:29,858]: *** sta1-wlan1: Scan detected ap1-ssid in range (signal: -90.0 / -75.0)
INFO     [2021-06-02 05:06:30,790]: *** sta3-wlan1: Scan detected ap1-ssid in range (signal: -90.0 / -75.0)
INFO     [2021-06-02 05:06:30,864]: *** sta1-wlan1: Scan detected ap1-ssid in range (signal: -90.0 / -75.0)
INFO     [2021-06-02 05:06:31,882]: *** sta1-wlan1: Scan detected ap1-ssid in range (signal: -90.0 / -75.0)
INFO     [2021-06-02 05:06:32,888]: *** sta1-wlan1: Scan detected ap1-ssid in range (signal: -90.0 / -75.0)
INFO     [2021-06-02 05:06:33,893]: *** sta1-wlan1: Scan detected ap1-ssid in range (signal: -90.0 / -75.0)
INFO     [2021-06-02 05:06:34,667]: *** sta1-wlan1: Scanning for ap1-ssid
INFO     [2021-06-02 05:06:34,897]: *** sta1-wlan1: Scan detected ap1-ssid in range (signal: -90.0 / -75.0)
INFO     [2021-06-02 05:06:35,904]: *** sta1-wlan1: Scan detected ap1-ssid in range (signal: -90.0 / -75.0)
INFO     [2021-06-02 05:06:36,158]: *** sta3-wlan1: Scanning for ap1-ssid
INFO     [2021-06-02 05:06:36,910]: *** sta1-wlan1: Scan detected ap1-ssid in range (signal: -90.0 / -75.0)
INFO     [2021-06-02 05:06:37,919]: *** sta1-wlan1: Scan detected ap1-ssid in range (signal: -90.0 / -75.0)
INFO     [2021-06-02 05:06:38,929]: *** sta1-wlan1: Scan detected ap1-ssid in range (signal: -90.0 / -75.0)
INFO     [2021-06-02 05:06:39,936]: *** sta1-wlan1: Scan detected ap1-ssid in range (signal: -90.0 / -75.0)
INFO     [2021-06-02 05:06:40,947]: *** sta1-wlan1: Scan detected ap1-ssid in range (signal: -90.0 / -75.0)
INFO     [2021-06-02 05:06:41,483]: *** sta1-wlan1: Scanning for ap1-ssid
INFO     [2021-06-02 05:06:41,952]: *** sta1-wlan1: Scan detected ap1-ssid in range (signal: -90.0 / -75.0)
INFO     [2021-06-02 05:06:42,960]: *** sta1-wlan1: Scan detected ap1-ssid in range (signal: -90.0 / -75.0)
INFO     [2021-06-02 05:06:43,155]: *** sta3-wlan1: Scanning for ap1-ssid
INFO     [2021-06-02 05:06:43,979]: *** sta1-wlan1: Scan detected ap1-ssid in range (signal: -90.0 / -75.0)
INFO     [2021-06-02 05:06:44,985]: *** sta1-wlan1: Scan detected ap1-ssid in range (signal: -90.0 / -75.0)
INFO     [2021-06-02 05:06:45,990]: *** sta1-wlan1: Scan detected ap1-ssid in range (signal: -90.0 / -75.0)
INFO     [2021-06-02 05:06:46,995]: *** sta1-wlan1: Scan detected ap1-ssid in range (signal: -90.0 / -75.0)
INFO     [2021-06-02 05:06:48,000]: *** sta1-wlan1: Scan detected ap1-ssid in range (signal: -90.0 / -75.0)
INFO     [2021-06-02 05:06:48,319]: *** sta1-wlan1: Scanning for ap1-ssid
INFO     [2021-06-02 05:06:49,005]: *** sta1-wlan1: Scan detected ap1-ssid in range (signal: -90.0 / -75.0)
INFO     [2021-06-02 05:06:50,010]: *** sta1-wlan1: Scan detected ap1-ssid in range (signal: -90.0 / -75.0)
INFO     [2021-06-02 05:06:50,200]: *** sta3-wlan1: Scanning for ap1-ssid
INFO     [2021-06-02 05:06:51,026]: *** sta1-wlan1: Scan detected ap1-ssid in range (signal: -90.0 / -75.0)
INFO     [2021-06-02 05:06:52,031]: *** sta1-wlan1: Scan detected ap1-ssid in range (signal: -90.0 / -75.0)
INFO     [2021-06-02 05:06:53,051]: *** sta1-wlan1: Scan detected ap1-ssid in range (signal: -90.0 / -75.0)
INFO     [2021-06-02 05:06:54,057]: *** sta1-wlan1: Scan detected ap1-ssid in range (signal: -90.0 / -75.0)
INFO     [2021-06-02 05:06:55,155]: *** sta1-wlan1: Scanning for ap1-ssid
INFO     [2021-06-02 05:06:57,242]: *** sta3-wlan1: Scanning for ap1-ssid
INFO     [2021-06-02 05:07:02,951]: *** sta1-wlan1: Scanning for ap1-ssid
INFO     [2021-06-02 05:07:05,014]: *** sta3-wlan1: Scanning for ap1-ssid
INFO     [2021-06-02 05:07:09,968]: *** sta1-wlan1: Scanning for ap1-ssid
INFO     [2021-06-02 05:07:11,821]: *** sta3-wlan1: Scanning for ap1-ssid
INFO     [2021-06-02 05:07:16,713]: *** sta1-wlan1: Scanning for ap1-ssid
INFO     [2021-06-02 05:07:18,571]: *** sta3-wlan1: Scanning for ap1-ssid
INFO     [2021-06-02 05:07:23,458]: *** sta1-wlan1: Scanning for ap1-ssid
INFO     [2021-06-02 05:07:25,317]: *** sta3-wlan1: Scanning for ap1-ssid
INFO     [2021-06-02 05:07:25,614]: *** sta3-wlan1: Scan detected ap1-ssid in range (signal: -89.0 / -75.0)
INFO     [2021-06-02 05:07:26,617]: *** sta3-wlan1: Scan detected ap1-ssid in range (signal: -89.0 / -75.0)
INFO     [2021-06-02 05:07:27,623]: *** sta3-wlan1: Scan detected ap1-ssid in range (signal: -89.0 / -75.0)
INFO     [2021-06-02 05:07:28,628]: *** sta3-wlan1: Scan detected ap1-ssid in range (signal: -89.0 / -75.0)
INFO     [2021-06-02 05:07:29,632]: *** sta3-wlan1: Scan detected ap1-ssid in range (signal: -89.0 / -75.0)
INFO     [2021-06-02 05:07:30,239]: *** sta1-wlan1: Scanning for ap1-ssid
INFO     [2021-06-02 05:07:30,637]: *** sta3-wlan1: Scan detected ap1-ssid in range (signal: -89.0 / -75.0)
INFO     [2021-06-02 05:07:31,643]: *** sta3-wlan1: Scan detected ap1-ssid in range (signal: -89.0 / -75.0)
INFO     [2021-06-02 05:07:32,123]: *** sta3-wlan1: Scanning for ap1-ssid
INFO     [2021-06-02 05:07:32,650]: *** sta3-wlan1: Scan detected ap1-ssid in range (signal: -89.0 / -75.0)
INFO     [2021-06-02 05:07:33,656]: *** sta3-wlan1: Scan detected ap1-ssid in range (signal: -89.0 / -75.0)
INFO     [2021-06-02 05:07:34,661]: *** sta3-wlan1: Scan detected ap1-ssid in range (signal: -89.0 / -75.0)
INFO     [2021-06-02 05:07:35,666]: *** sta3-wlan1: Scan detected ap1-ssid in range (signal: -89.0 / -75.0)
INFO     [2021-06-02 05:07:36,670]: *** sta3-wlan1: Scan detected ap1-ssid in range (signal: -89.0 / -75.0)
INFO     [2021-06-02 05:07:36,995]: *** sta1-wlan1: Scanning for ap1-ssid
INFO     [2021-06-02 05:07:37,675]: *** sta3-wlan1: Scan detected ap1-ssid in range (signal: -89.0 / -75.0)
INFO     [2021-06-02 05:07:38,680]: *** sta3-wlan1: Scan detected ap1-ssid in range (signal: -89.0 / -75.0)
INFO     [2021-06-02 05:07:38,903]: *** sta3-wlan1: Scanning for ap1-ssid
INFO     [2021-06-02 05:07:39,685]: *** sta3-wlan1: Scan detected ap1-ssid in range (signal: -89.0 / -75.0)
INFO     [2021-06-02 05:07:40,691]: *** sta3-wlan1: Scan detected ap1-ssid in range (signal: -89.0 / -75.0)
INFO     [2021-06-02 05:07:41,698]: *** sta3-wlan1: Scan detected ap1-ssid in range (signal: -89.0 / -75.0)
INFO     [2021-06-02 05:07:42,702]: *** sta3-wlan1: Scan detected ap1-ssid in range (signal: -89.0 / -75.0)
INFO     [2021-06-02 05:07:43,706]: *** sta3-wlan1: Scan detected ap1-ssid in range (signal: -89.0 / -75.0)
INFO     [2021-06-02 05:07:43,779]: *** sta1-wlan1: Scanning for ap1-ssid
INFO     [2021-06-02 05:07:44,718]: *** sta3-wlan1: Scan detected ap1-ssid in range (signal: -89.0 / -75.0)
INFO     [2021-06-02 05:07:45,666]: *** sta3-wlan1: Scanning for ap1-ssid
INFO     [2021-06-02 05:07:45,723]: *** sta3-wlan1: Scan detected ap1-ssid in range (signal: -89.0 / -75.0)
INFO     [2021-06-02 05:07:46,728]: *** sta3-wlan1: Scan detected ap1-ssid in range (signal: -89.0 / -75.0)
INFO     [2021-06-02 05:07:47,739]: *** sta3-wlan1: Scan detected ap1-ssid in range (signal: -89.0 / -75.0)
INFO     [2021-06-02 05:07:48,744]: *** sta3-wlan1: Scan detected ap1-ssid in range (signal: -89.0 / -75.0)
INFO     [2021-06-02 05:07:49,757]: *** sta3-wlan1: Scan detected ap1-ssid in range (signal: -89.0 / -75.0)
INFO     [2021-06-02 05:07:50,543]: *** sta1-wlan1: Scanning for ap1-ssid
INFO     [2021-06-02 05:07:50,762]: *** sta3-wlan1: Scan detected ap1-ssid in range (signal: -89.0 / -75.0)
INFO     [2021-06-02 05:07:51,768]: *** sta3-wlan1: Scan detected ap1-ssid in range (signal: -89.0 / -75.0)
INFO     [2021-06-02 05:07:52,435]: *** sta3-wlan1: Scanning for ap1-ssid
INFO     [2021-06-02 05:07:52,777]: *** sta3-wlan1: Scan detected ap1-ssid in range (signal: -89.0 / -75.0)
INFO     [2021-06-02 05:07:53,782]: *** sta3-wlan1: Scan detected ap1-ssid in range (signal: -89.0 / -75.0)
INFO     [2021-06-02 05:07:54,787]: *** sta3-wlan1: Scan detected ap1-ssid in range (signal: -89.0 / -75.0)
INFO     [2021-06-02 05:07:57,397]: *** sta1-wlan1: Scanning for ap1-ssid
INFO     [2021-06-02 05:07:57,808]: *** sta1-wlan1: Scan detected ap1-ssid in range (signal: -88.0 / -75.0)
INFO     [2021-06-02 05:07:58,812]: *** sta1-wlan1: Scan detected ap1-ssid in range (signal: -88.0 / -75.0)
INFO     [2021-06-02 05:07:59,266]: *** sta3-wlan1: Scanning for ap1-ssid
INFO     [2021-06-02 05:07:59,817]: *** sta1-wlan1: Scan detected ap1-ssid in range (signal: -88.0 / -75.0)
INFO     [2021-06-02 05:08:00,823]: *** sta1-wlan1: Scan detected ap1-ssid in range (signal: -88.0 / -75.0)
INFO     [2021-06-02 05:08:01,827]: *** sta1-wlan1: Scan detected ap1-ssid in range (signal: -88.0 / -75.0)
INFO     [2021-06-02 05:08:02,832]: *** sta1-wlan1: Scan detected ap1-ssid in range (signal: -88.0 / -75.0)
INFO     [2021-06-02 05:08:03,851]: *** sta1-wlan1: Scan detected ap1-ssid in range (signal: -88.0 / -75.0)
INFO     [2021-06-02 05:08:04,268]: *** sta1-wlan1: Scanning for ap1-ssid
INFO     [2021-06-02 05:08:04,857]: *** sta1-wlan1: Scan detected ap1-ssid in range (signal: -88.0 / -75.0)
INFO     [2021-06-02 05:08:05,862]: *** sta1-wlan1: Scan detected ap1-ssid in range (signal: -88.0 / -75.0)
INFO     [2021-06-02 05:08:06,032]: *** sta3-wlan1: Scanning for ap1-ssid
INFO     [2021-06-02 05:08:06,859]: *** sta3-wlan1: Scan detected ap1-ssid in range (signal: -90.0 / -75.0)
INFO     [2021-06-02 05:08:06,865]: *** sta1-wlan1: Scan detected ap1-ssid in range (signal: -88.0 / -75.0)
INFO     [2021-06-02 05:08:07,868]: *** sta3-wlan1: Scan detected ap1-ssid in range (signal: -90.0 / -75.0)
INFO     [2021-06-02 05:08:07,872]: *** sta1-wlan1: Scan detected ap1-ssid in range (signal: -88.0 / -75.0)
INFO     [2021-06-02 05:08:08,873]: *** sta3-wlan1: Scan detected ap1-ssid in range (signal: -90.0 / -75.0)
INFO     [2021-06-02 05:08:08,881]: *** sta1-wlan1: Scan detected ap1-ssid in range (signal: -88.0 / -75.0)
INFO     [2021-06-02 05:08:09,879]: *** sta3-wlan1: Scan detected ap1-ssid in range (signal: -90.0 / -75.0)
INFO     [2021-06-02 05:08:09,886]: *** sta1-wlan1: Scan detected ap1-ssid in range (signal: -88.0 / -75.0)
INFO     [2021-06-02 05:08:10,888]: *** sta3-wlan1: Scan detected ap1-ssid in range (signal: -90.0 / -75.0)
INFO     [2021-06-02 05:08:10,895]: *** sta1-wlan1: Scan detected ap1-ssid in range (signal: -88.0 / -75.0)
INFO     [2021-06-02 05:08:11,063]: *** sta1-wlan1: Scanning for ap1-ssid
INFO     [2021-06-02 05:08:11,894]: *** sta3-wlan1: Scan detected ap1-ssid in range (signal: -90.0 / -75.0)
INFO     [2021-06-02 05:08:11,902]: *** sta1-wlan1: Scan detected ap1-ssid in range (signal: -88.0 / -75.0)
INFO     [2021-06-02 05:08:12,814]: *** sta3-wlan1: Scanning for ap1-ssid
INFO     [2021-06-02 05:08:12,900]: *** sta3-wlan1: Scan detected ap1-ssid in range (signal: -89.0 / -75.0)
INFO     [2021-06-02 05:08:12,907]: *** sta1-wlan1: Scan detected ap1-ssid in range (signal: -88.0 / -75.0)
INFO     [2021-06-02 05:08:13,909]: *** sta3-wlan1: Scan detected ap1-ssid in range (signal: -89.0 / -75.0)
INFO     [2021-06-02 05:08:13,915]: *** sta1-wlan1: Scan detected ap1-ssid in range (signal: -88.0 / -75.0)
INFO     [2021-06-02 05:08:14,914]: *** sta3-wlan1: Scan detected ap1-ssid in range (signal: -89.0 / -75.0)
INFO     [2021-06-02 05:08:14,920]: *** sta1-wlan1: Scan detected ap1-ssid in range (signal: -88.0 / -75.0)
INFO     [2021-06-02 05:08:15,919]: *** sta3-wlan1: Scan detected ap1-ssid in range (signal: -89.0 / -75.0)
INFO     [2021-06-02 05:08:15,925]: *** sta1-wlan1: Scan detected ap1-ssid in range (signal: -88.0 / -75.0)
INFO     [2021-06-02 05:08:16,924]: *** sta3-wlan1: Scan detected ap1-ssid in range (signal: -89.0 / -75.0)
INFO     [2021-06-02 05:08:16,935]: *** sta1-wlan1: Scan detected ap1-ssid in range (signal: -88.0 / -75.0)
INFO     [2021-06-02 05:08:17,816]: *** sta1-wlan1: Scanning for ap1-ssid
INFO     [2021-06-02 05:08:17,929]: *** sta3-wlan1: Scan detected ap1-ssid in range (signal: -89.0 / -75.0)
INFO     [2021-06-02 05:08:17,950]: *** sta1-wlan1: Scan detected ap1-ssid in range (signal: -90.0 / -75.0)
INFO     [2021-06-02 05:08:18,938]: *** sta3-wlan1: Scan detected ap1-ssid in range (signal: -89.0 / -75.0)
INFO     [2021-06-02 05:08:18,955]: *** sta1-wlan1: Scan detected ap1-ssid in range (signal: -90.0 / -75.0)
INFO     [2021-06-02 05:08:19,585]: *** sta3-wlan1: Scanning for ap1-ssid
INFO     [2021-06-02 05:08:19,942]: *** sta3-wlan1: Scan detected ap1-ssid in range (signal: -89.0 / -75.0)
INFO     [2021-06-02 05:08:19,962]: *** sta1-wlan1: Scan detected ap1-ssid in range (signal: -90.0 / -75.0)
INFO     [2021-06-02 05:08:20,947]: *** sta3-wlan1: Scan detected ap1-ssid in range (signal: -89.0 / -75.0)
INFO     [2021-06-02 05:08:20,966]: *** sta1-wlan1: Scan detected ap1-ssid in range (signal: -90.0 / -75.0)
INFO     [2021-06-02 05:08:21,954]: *** sta3-wlan1: Scan detected ap1-ssid in range (signal: -89.0 / -75.0)
INFO     [2021-06-02 05:08:21,970]: *** sta1-wlan1: Scan detected ap1-ssid in range (signal: -90.0 / -75.0)
INFO     [2021-06-02 05:08:22,960]: *** sta3-wlan1: Scan detected ap1-ssid in range (signal: -89.0 / -75.0)
INFO     [2021-06-02 05:08:22,974]: *** sta1-wlan1: Scan detected ap1-ssid in range (signal: -90.0 / -75.0)
INFO     [2021-06-02 05:08:23,971]: *** sta3-wlan1: Scan detected ap1-ssid in range (signal: -89.0 / -75.0)
INFO     [2021-06-02 05:08:23,978]: *** sta1-wlan1: Scan detected ap1-ssid in range (signal: -90.0 / -75.0)
INFO     [2021-06-02 05:08:24,627]: *** sta1-wlan1: Scanning for ap1-ssid
INFO     [2021-06-02 05:08:24,979]: *** sta3-wlan1: Scan detected ap1-ssid in range (signal: -89.0 / -75.0)
INFO     [2021-06-02 05:08:24,983]: *** sta1-wlan1: Scan detected ap1-ssid in range (signal: -90.0 / -75.0)
INFO     [2021-06-02 05:08:25,998]: *** sta3-wlan1: Scan detected ap1-ssid in range (signal: -89.0 / -75.0)
INFO     [2021-06-02 05:08:26,003]: *** sta1-wlan1: Scan detected ap1-ssid in range (signal: -90.0 / -75.0)
INFO     [2021-06-02 05:08:26,401]: *** sta3-wlan1: Scanning for ap1-ssid
INFO     [2021-06-02 05:08:27,004]: *** sta3-wlan1: Scan detected ap1-ssid in range (signal: -89.0 / -75.0)
INFO     [2021-06-02 05:08:27,009]: *** sta1-wlan1: Scan detected ap1-ssid in range (signal: -90.0 / -75.0)
INFO     [2021-06-02 05:08:28,008]: *** sta3-wlan1: Scan detected ap1-ssid in range (signal: -89.0 / -75.0)
INFO     [2021-06-02 05:08:28,014]: *** sta1-wlan1: Scan detected ap1-ssid in range (signal: -90.0 / -75.0)
INFO     [2021-06-02 05:08:29,015]: *** sta3-wlan1: Scan detected ap1-ssid in range (signal: -89.0 / -75.0)
INFO     [2021-06-02 05:08:29,020]: *** sta1-wlan1: Scan detected ap1-ssid in range (signal: -90.0 / -75.0)
INFO     [2021-06-02 05:08:30,021]: *** sta3-wlan1: Scan detected ap1-ssid in range (signal: -89.0 / -75.0)
INFO     [2021-06-02 05:08:30,025]: *** sta1-wlan1: Scan detected ap1-ssid in range (signal: -90.0 / -75.0)
INFO     [2021-06-02 05:08:31,027]: *** sta3-wlan1: Scan detected ap1-ssid in range (signal: -89.0 / -75.0)
INFO     [2021-06-02 05:08:31,029]: *** sta1-wlan1: Scan detected ap1-ssid in range (signal: -90.0 / -75.0)
INFO     [2021-06-02 05:08:31,495]: *** sta1-wlan1: Scanning for ap1-ssid
INFO     [2021-06-02 05:08:32,032]: *** sta3-wlan1: Scan detected ap1-ssid in range (signal: -89.0 / -75.0)
INFO     [2021-06-02 05:08:32,034]: *** sta1-wlan1: Scan detected ap1-ssid in range (signal: -90.0 / -75.0)
INFO     [2021-06-02 05:08:33,037]: *** sta3-wlan1: Scan detected ap1-ssid in range (signal: -89.0 / -75.0)
INFO     [2021-06-02 05:08:33,039]: *** sta1-wlan1: Scan detected ap1-ssid in range (signal: -90.0 / -75.0)
INFO     [2021-06-02 05:08:33,190]: *** sta3-wlan1: Scanning for ap1-ssid
INFO     [2021-06-02 05:08:34,042]: *** sta3-wlan1: Scan detected ap1-ssid in range (signal: -89.0 / -75.0)
INFO     [2021-06-02 05:08:34,047]: *** sta1-wlan1: Scan detected ap1-ssid in range (signal: -90.0 / -75.0)
INFO     [2021-06-02 05:08:35,050]: *** sta3-wlan1: Scan detected ap1-ssid in range (signal: -89.0 / -75.0)
INFO     [2021-06-02 05:08:35,053]: *** sta1-wlan1: Scan detected ap1-ssid in range (signal: -90.0 / -75.0)
INFO     [2021-06-02 05:08:36,056]: *** sta3-wlan1: Scan detected ap1-ssid in range (signal: -89.0 / -75.0)
INFO     [2021-06-02 05:08:36,058]: *** sta1-wlan1: Scan detected ap1-ssid in range (signal: -90.0 / -75.0)
INFO     [2021-06-02 05:08:37,061]: *** sta3-wlan1: Scan detected ap1-ssid in range (signal: -89.0 / -75.0)
INFO     [2021-06-02 05:08:37,063]: *** sta1-wlan1: Scan detected ap1-ssid in range (signal: -90.0 / -75.0)
INFO     [2021-06-02 05:08:38,065]: *** sta3-wlan1: Scan detected ap1-ssid in range (signal: -89.0 / -75.0)
INFO     [2021-06-02 05:08:38,068]: *** sta1-wlan1: Scan detected ap1-ssid in range (signal: -90.0 / -75.0)
INFO     [2021-06-02 05:08:38,274]: *** sta1-wlan1: Scanning for ap1-ssid
INFO     [2021-06-02 05:08:39,082]: *** sta1-wlan1: Scan detected ap1-ssid in range (signal: -90.0 / -75.0)
INFO     [2021-06-02 05:08:39,087]: *** sta3-wlan1: Scan detected ap1-ssid in range (signal: -89.0 / -75.0)
INFO     [2021-06-02 05:08:39,971]: *** sta3-wlan1: Scanning for ap1-ssid
INFO     [2021-06-02 05:08:40,088]: *** sta1-wlan1: Scan detected ap1-ssid in range (signal: -90.0 / -75.0)
INFO     [2021-06-02 05:08:40,093]: *** sta3-wlan1: Scan detected ap1-ssid in range (signal: -89.0 / -75.0)
INFO     [2021-06-02 05:08:41,092]: *** sta1-wlan1: Scan detected ap1-ssid in range (signal: -90.0 / -75.0)
INFO     [2021-06-02 05:08:41,097]: *** sta3-wlan1: Scan detected ap1-ssid in range (signal: -89.0 / -75.0)
INFO     [2021-06-02 05:08:42,105]: *** sta1-wlan1: Scan detected ap1-ssid in range (signal: -90.0 / -75.0)
INFO     [2021-06-02 05:08:42,105]: *** sta3-wlan1: Scan detected ap1-ssid in range (signal: -89.0 / -75.0)
INFO     [2021-06-02 05:08:43,110]: *** sta1-wlan1: Scan detected ap1-ssid in range (signal: -90.0 / -75.0)
INFO     [2021-06-02 05:08:44,115]: *** sta1-wlan1: Scan detected ap1-ssid in range (signal: -90.0 / -75.0)
INFO     [2021-06-02 05:08:45,130]: *** sta1-wlan1: Scan detected ap1-ssid in range (signal: -90.0 / -75.0)
INFO     [2021-06-02 05:08:45,146]: *** sta1-wlan1: Scanning for ap1-ssid
INFO     [2021-06-02 05:08:46,139]: *** sta1-wlan1: Scan detected ap1-ssid in range (signal: -90.0 / -75.0)
INFO     [2021-06-02 05:08:46,729]: *** sta3-wlan1: Scanning for ap1-ssid
INFO     [2021-06-02 05:08:47,145]: *** sta1-wlan1: Scan detected ap1-ssid in range (signal: -90.0 / -75.0)
INFO     [2021-06-02 05:08:48,149]: *** sta1-wlan1: Scan detected ap1-ssid in range (signal: -90.0 / -75.0)
INFO     [2021-06-02 05:08:49,154]: *** sta1-wlan1: Scan detected ap1-ssid in range (signal: -90.0 / -75.0)
INFO     [2021-06-02 05:08:50,158]: *** sta1-wlan1: Scan detected ap1-ssid in range (signal: -90.0 / -75.0)
INFO     [2021-06-02 05:08:51,164]: *** sta1-wlan1: Scan detected ap1-ssid in range (signal: -90.0 / -75.0)
INFO     [2021-06-02 05:08:52,171]: *** sta1-wlan1: Scan detected ap1-ssid in range (signal: -90.0 / -75.0)
INFO     [2021-06-02 05:08:52,370]: *** sta1-wlan1: Scanning for ap1-ssid
INFO     [2021-06-02 05:08:53,177]: *** sta1-wlan1: Scan detected ap1-ssid in range (signal: -90.0 / -75.0)
INFO     [2021-06-02 05:08:53,603]: *** sta3-wlan1: Scanning for ap1-ssid
INFO     [2021-06-02 05:08:54,182]: *** sta1-wlan1: Scan detected ap1-ssid in range (signal: -90.0 / -75.0)
INFO     [2021-06-02 05:08:55,185]: *** sta1-wlan1: Scan detected ap1-ssid in range (signal: -90.0 / -75.0)
INFO     [2021-06-02 05:08:56,202]: *** sta1-wlan1: Scan detected ap1-ssid in range (signal: -90.0 / -75.0)
INFO     [2021-06-02 05:08:57,207]: *** sta1-wlan1: Scan detected ap1-ssid in range (signal: -90.0 / -75.0)
INFO     [2021-06-02 05:08:58,212]: *** sta1-wlan1: Scan detected ap1-ssid in range (signal: -90.0 / -75.0)
INFO     [2021-06-02 05:08:59,187]: *** sta1-wlan1: Scanning for ap1-ssid
INFO     [2021-06-02 05:08:59,217]: *** sta1-wlan1: Scan detected ap1-ssid in range (signal: -90.0 / -75.0)
INFO     [2021-06-02 05:09:00,221]: *** sta1-wlan1: Scan detected ap1-ssid in range (signal: -90.0 / -75.0)
INFO     [2021-06-02 05:09:00,406]: *** sta3-wlan1: Scanning for ap1-ssid
INFO     [2021-06-02 05:09:01,237]: *** sta1-wlan1: Scan detected ap1-ssid in range (signal: -90.0 / -75.0)
INFO     [2021-06-02 05:09:01,240]: *** sta3-wlan1: Scan detected ap1-ssid in range (signal: -89.0 / -75.0)
INFO     [2021-06-02 05:09:02,244]: *** sta1-wlan1: Scan detected ap1-ssid in range (signal: -90.0 / -75.0)
INFO     [2021-06-02 05:09:02,245]: *** sta3-wlan1: Scan detected ap1-ssid in range (signal: -89.0 / -75.0)
INFO     [2021-06-02 05:09:03,248]: *** sta1-wlan1: Scan detected ap1-ssid in range (signal: -90.0 / -75.0)
INFO     [2021-06-02 05:09:03,252]: *** sta3-wlan1: Scan detected ap1-ssid in range (signal: -89.0 / -75.0)
INFO     [2021-06-02 05:09:04,254]: *** sta1-wlan1: Scan detected ap1-ssid in range (signal: -90.0 / -75.0)
INFO     [2021-06-02 05:09:04,256]: *** sta3-wlan1: Scan detected ap1-ssid in range (signal: -89.0 / -75.0)
INFO     [2021-06-02 05:09:05,365]: *** sta1-wlan1: Scan detected ap1-ssid in range (signal: -90.0 / -75.0)
INFO     [2021-06-02 05:09:05,368]: *** sta3-wlan1: Scan detected ap1-ssid in range (signal: -89.0 / -75.0)
INFO     [2021-06-02 05:09:05,995]: *** sta1-wlan1: Scanning for ap1-ssid
INFO     [2021-06-02 05:09:06,384]: *** sta1-wlan1: Scan detected ap1-ssid in range (signal: -90.0 / -75.0)
INFO     [2021-06-02 05:09:06,389]: *** sta3-wlan1: Scan detected ap1-ssid in range (signal: -89.0 / -75.0)
INFO     [2021-06-02 05:09:07,190]: *** sta3-wlan1: Scanning for ap1-ssid
INFO     [2021-06-02 05:09:07,394]: *** sta1-wlan1: Scan detected ap1-ssid in range (signal: -90.0 / -75.0)
INFO     [2021-06-02 05:09:07,394]: *** sta3-wlan1: Scan detected ap1-ssid in range (signal: -90.0 / -75.0)
INFO     [2021-06-02 05:09:08,400]: *** sta3-wlan1: Scan detected ap1-ssid in range (signal: -90.0 / -75.0)
INFO     [2021-06-02 05:09:09,411]: *** sta3-wlan1: Scan detected ap1-ssid in range (signal: -90.0 / -75.0)
INFO     [2021-06-02 05:09:10,597]: *** sta3-wlan1: Scan detected ap1-ssid in range (signal: -90.0 / -75.0)
INFO     [2021-06-02 05:09:11,605]: *** sta3-wlan1: Scan detected ap1-ssid in range (signal: -90.0 / -75.0)
INFO     [2021-06-02 05:09:12,843]: *** sta3-wlan1: Scan detected ap1-ssid in range (signal: -90.0 / -75.0)
INFO     [2021-06-02 05:09:13,059]: *** sta1-wlan1: Scanning for ap1-ssid
INFO     [2021-06-02 05:09:13,847]: *** sta3-wlan1: Scan detected ap1-ssid in range (signal: -90.0 / -75.0)
INFO     [2021-06-02 05:09:14,599]: *** sta3-wlan1: Scanning for ap1-ssid
INFO     [2021-06-02 05:09:14,851]: *** sta3-wlan1: Scan detected ap1-ssid in range (signal: -90.0 / -75.0)
INFO     [2021-06-02 05:09:15,858]: *** sta3-wlan1: Scan detected ap1-ssid in range (signal: -90.0 / -75.0)
INFO     [2021-06-02 05:09:16,862]: *** sta3-wlan1: Scan detected ap1-ssid in range (signal: -90.0 / -75.0)
INFO     [2021-06-02 05:09:17,872]: *** sta3-wlan1: Scan detected ap1-ssid in range (signal: -90.0 / -75.0)
INFO     [2021-06-02 05:09:18,882]: *** sta3-wlan1: Scan detected ap1-ssid in range (signal: -90.0 / -75.0)
INFO     [2021-06-02 05:09:19,830]: *** sta1-wlan1: Scanning for ap1-ssid
INFO     [2021-06-02 05:09:19,888]: *** sta3-wlan1: Scan detected ap1-ssid in range (signal: -90.0 / -75.0)
INFO     [2021-06-02 05:09:20,892]: *** sta3-wlan1: Scan detected ap1-ssid in range (signal: -90.0 / -75.0)
INFO     [2021-06-02 05:09:21,342]: *** sta3-wlan1: Scanning for ap1-ssid
INFO     [2021-06-02 05:09:21,898]: *** sta3-wlan1: Scan detected ap1-ssid in range (signal: -90.0 / -75.0)
INFO     [2021-06-02 05:09:22,903]: *** sta3-wlan1: Scan detected ap1-ssid in range (signal: -90.0 / -75.0)
INFO     [2021-06-02 05:09:23,909]: *** sta3-wlan1: Scan detected ap1-ssid in range (signal: -90.0 / -75.0)
INFO     [2021-06-02 05:09:24,916]: *** sta3-wlan1: Scan detected ap1-ssid in range (signal: -90.0 / -75.0)
INFO     [2021-06-02 05:09:25,923]: *** sta3-wlan1: Scan detected ap1-ssid in range (signal: -90.0 / -75.0)
INFO     [2021-06-02 05:09:26,582]: *** sta1-wlan1: Scanning for ap1-ssid
INFO     [2021-06-02 05:09:26,930]: *** sta3-wlan1: Scan detected ap1-ssid in range (signal: -90.0 / -75.0)
INFO     [2021-06-02 05:09:27,934]: *** sta3-wlan1: Scan detected ap1-ssid in range (signal: -90.0 / -75.0)
INFO     [2021-06-02 05:09:28,089]: *** sta3-wlan1: Scanning for ap1-ssid
INFO     [2021-06-02 05:09:28,939]: *** sta3-wlan1: Scan detected ap1-ssid in range (signal: -90.0 / -75.0)
INFO     [2021-06-02 05:09:29,943]: *** sta3-wlan1: Scan detected ap1-ssid in range (signal: -90.0 / -75.0)
INFO     [2021-06-02 05:09:30,951]: *** sta3-wlan1: Scan detected ap1-ssid in range (signal: -90.0 / -75.0)
INFO     [2021-06-02 05:09:31,955]: *** sta3-wlan1: Scan detected ap1-ssid in range (signal: -90.0 / -75.0)
INFO     [2021-06-02 05:09:32,959]: *** sta3-wlan1: Scan detected ap1-ssid in range (signal: -90.0 / -75.0)
INFO     [2021-06-02 05:09:33,358]: *** sta1-wlan1: Scanning for ap1-ssid
INFO     [2021-06-02 05:09:33,967]: *** sta3-wlan1: Scan detected ap1-ssid in range (signal: -90.0 / -75.0)
INFO     [2021-06-02 05:09:34,847]: *** sta3-wlan1: Scanning for ap1-ssid
INFO     [2021-06-02 05:09:34,972]: *** sta3-wlan1: Scan detected ap1-ssid in range (signal: -90.0 / -75.0)
INFO     [2021-06-02 05:09:35,976]: *** sta3-wlan1: Scan detected ap1-ssid in range (signal: -90.0 / -75.0)
INFO     [2021-06-02 05:09:36,982]: *** sta3-wlan1: Scan detected ap1-ssid in range (signal: -90.0 / -75.0)
INFO     [2021-06-02 05:09:40,148]: *** sta1-wlan1: Scanning for ap1-ssid
INFO     [2021-06-02 05:09:41,627]: *** sta3-wlan1: Scanning for ap1-ssid
INFO     [2021-06-02 05:09:47,091]: *** sta1-wlan1: Scanning for ap1-ssid
INFO     [2021-06-02 05:09:48,062]: *** sta1-wlan1: Scan detected ap1-ssid in range (signal: -90.0 / -75.0)
INFO     [2021-06-02 05:09:48,547]: *** sta3-wlan1: Scanning for ap1-ssid
INFO     [2021-06-02 05:09:49,066]: *** sta1-wlan1: Scan detected ap1-ssid in range (signal: -90.0 / -75.0)
INFO     [2021-06-02 05:09:50,071]: *** sta1-wlan1: Scan detected ap1-ssid in range (signal: -90.0 / -75.0)
INFO     [2021-06-02 05:09:51,089]: *** sta1-wlan1: Scan detected ap1-ssid in range (signal: -90.0 / -75.0)
INFO     [2021-06-02 05:09:52,095]: *** sta1-wlan1: Scan detected ap1-ssid in range (signal: -90.0 / -75.0)
INFO     [2021-06-02 05:09:53,101]: *** sta1-wlan1: Scan detected ap1-ssid in range (signal: -90.0 / -75.0)
INFO     [2021-06-02 05:09:54,107]: *** sta1-wlan1: Scan detected ap1-ssid in range (signal: -90.0 / -75.0)
INFO     [2021-06-02 05:09:54,203]: *** sta1-wlan1: Scanning for ap1-ssid
INFO     [2021-06-02 05:09:55,112]: *** sta1-wlan1: Scan detected ap1-ssid in range (signal: -88.0 / -75.0)
INFO     [2021-06-02 05:09:55,563]: *** sta3-wlan1: Scanning for ap1-ssid
INFO     [2021-06-02 05:09:56,123]: *** sta1-wlan1: Scan detected ap1-ssid in range (signal: -88.0 / -75.0)
INFO     [2021-06-02 05:09:57,128]: *** sta1-wlan1: Scan detected ap1-ssid in range (signal: -88.0 / -75.0)
INFO     [2021-06-02 05:09:58,133]: *** sta1-wlan1: Scan detected ap1-ssid in range (signal: -88.0 / -75.0)
INFO     [2021-06-02 05:09:59,139]: *** sta1-wlan1: Scan detected ap1-ssid in range (signal: -88.0 / -75.0)
INFO     [2021-06-02 05:10:00,144]: *** sta1-wlan1: Scan detected ap1-ssid in range (signal: -88.0 / -75.0)
INFO     [2021-06-02 05:10:01,146]: *** sta1-wlan1: Scanning for ap1-ssid
INFO     [2021-06-02 05:10:01,152]: *** sta1-wlan1: Scan detected ap1-ssid in range (signal: -88.0 / -75.0)
INFO     [2021-06-02 05:10:02,158]: *** sta1-wlan1: Scan detected ap1-ssid in range (signal: -88.0 / -75.0)
INFO     [2021-06-02 05:10:02,318]: *** sta3-wlan1: Scanning for ap1-ssid
INFO     [2021-06-02 05:10:03,163]: *** sta1-wlan1: Scan detected ap1-ssid in range (signal: -88.0 / -75.0)
INFO     [2021-06-02 05:10:04,169]: *** sta1-wlan1: Scan detected ap1-ssid in range (signal: -88.0 / -75.0)
INFO     [2021-06-02 05:10:05,183]: *** sta1-wlan1: Scan detected ap1-ssid in range (signal: -88.0 / -75.0)
INFO     [2021-06-02 05:10:06,189]: *** sta1-wlan1: Scan detected ap1-ssid in range (signal: -88.0 / -75.0)
INFO     [2021-06-02 05:10:07,193]: *** sta1-wlan1: Scan detected ap1-ssid in range (signal: -88.0 / -75.0)
INFO     [2021-06-02 05:10:07,895]: *** sta1-wlan1: Scanning for ap1-ssid
INFO     [2021-06-02 05:10:08,203]: *** sta1-wlan1: Scan detected ap1-ssid in range (signal: -88.0 / -75.0)
INFO     [2021-06-02 05:10:09,066]: *** sta3-wlan1: Scanning for ap1-ssid
INFO     [2021-06-02 05:10:09,218]: *** sta1-wlan1: Scan detected ap1-ssid in range (signal: -88.0 / -75.0)
INFO     [2021-06-02 05:10:09,218]: *** sta3-wlan1: Scan detected ap1-ssid in range (signal: -89.0 / -75.0)
INFO     [2021-06-02 05:10:10,230]: *** sta3-wlan1: Scan detected ap1-ssid in range (signal: -89.0 / -75.0)
INFO     [2021-06-02 05:10:10,231]: *** sta1-wlan1: Scan detected ap1-ssid in range (signal: -88.0 / -75.0)
INFO     [2021-06-02 05:10:11,246]: *** sta3-wlan1: Scan detected ap1-ssid in range (signal: -89.0 / -75.0)
INFO     [2021-06-02 05:10:11,246]: *** sta1-wlan1: Scan detected ap1-ssid in range (signal: -88.0 / -75.0)
INFO     [2021-06-02 05:10:12,255]: *** sta3-wlan1: Scan detected ap1-ssid in range (signal: -89.0 / -75.0)
INFO     [2021-06-02 05:10:12,256]: *** sta1-wlan1: Scan detected ap1-ssid in range (signal: -88.0 / -75.0)
INFO     [2021-06-02 05:10:13,261]: *** sta3-wlan1: Scan detected ap1-ssid in range (signal: -89.0 / -75.0)
INFO     [2021-06-02 05:10:13,262]: *** sta1-wlan1: Scan detected ap1-ssid in range (signal: -88.0 / -75.0)
INFO     [2021-06-02 05:10:14,267]: *** sta3-wlan1: Scan detected ap1-ssid in range (signal: -89.0 / -75.0)
INFO     [2021-06-02 05:10:14,268]: *** sta1-wlan1: Scan detected ap1-ssid in range (signal: -88.0 / -75.0)
INFO     [2021-06-02 05:10:14,787]: *** sta1-wlan1: Scanning for ap1-ssid
INFO     [2021-06-02 05:10:15,273]: *** sta1-wlan1: Scan detected ap1-ssid in range (signal: -88.0 / -75.0)
INFO     [2021-06-02 05:10:15,273]: *** sta3-wlan1: Scan detected ap1-ssid in range (signal: -89.0 / -75.0)
INFO     [2021-06-02 05:10:16,279]: *** sta3-wlan1: Scan detected ap1-ssid in range (signal: -89.0 / -75.0)
INFO     [2021-06-02 05:10:16,282]: *** sta1-wlan1: Scan detected ap1-ssid in range (signal: -88.0 / -75.0)
INFO     [2021-06-02 05:10:16,723]: *** sta3-wlan1: Scanning for ap1-ssid
INFO     [2021-06-02 05:10:17,285]: *** sta3-wlan1: Scan detected ap1-ssid in range (signal: -90.0 / -75.0)
INFO     [2021-06-02 05:10:17,287]: *** sta1-wlan1: Scan detected ap1-ssid in range (signal: -88.0 / -75.0)
INFO     [2021-06-02 05:10:18,387]: *** sta3-wlan1: Scan detected ap1-ssid in range (signal: -90.0 / -75.0)
INFO     [2021-06-02 05:10:18,388]: *** sta1-wlan1: Scan detected ap1-ssid in range (signal: -88.0 / -75.0)
INFO     [2021-06-02 05:10:19,393]: *** sta1-wlan1: Scan detected ap1-ssid in range (signal: -88.0 / -75.0)
INFO     [2021-06-02 05:10:19,394]: *** sta3-wlan1: Scan detected ap1-ssid in range (signal: -90.0 / -75.0)
INFO     [2021-06-02 05:10:20,401]: *** sta3-wlan1: Scan detected ap1-ssid in range (signal: -90.0 / -75.0)
INFO     [2021-06-02 05:10:20,401]: *** sta1-wlan1: Scan detected ap1-ssid in range (signal: -88.0 / -75.0)
INFO     [2021-06-02 05:10:21,411]: *** sta1-wlan1: Scan detected ap1-ssid in range (signal: -88.0 / -75.0)
INFO     [2021-06-02 05:10:21,413]: *** sta3-wlan1: Scan detected ap1-ssid in range (signal: -90.0 / -75.0)
INFO     [2021-06-02 05:10:22,349]: *** sta1-wlan1: Scanning for ap1-ssid
INFO     [2021-06-02 05:10:22,418]: *** sta1-wlan1: Scan detected ap1-ssid in range (signal: -88.0 / -75.0)
INFO     [2021-06-02 05:10:22,418]: *** sta3-wlan1: Scan detected ap1-ssid in range (signal: -90.0 / -75.0)
INFO     [2021-06-02 05:10:23,423]: *** sta3-wlan1: Scan detected ap1-ssid in range (signal: -90.0 / -75.0)
INFO     [2021-06-02 05:10:23,423]: *** sta1-wlan1: Scan detected ap1-ssid in range (signal: -88.0 / -75.0)
INFO     [2021-06-02 05:10:24,330]: *** sta3-wlan1: Scanning for ap1-ssid
INFO     [2021-06-02 05:10:24,428]: *** sta3-wlan1: Scan detected ap1-ssid in range (signal: -90.0 / -75.0)
INFO     [2021-06-02 05:10:24,429]: *** sta1-wlan1: Scan detected ap1-ssid in range (signal: -88.0 / -75.0)
INFO     [2021-06-02 05:10:25,437]: *** sta1-wlan1: Scan detected ap1-ssid in range (signal: -88.0 / -75.0)
INFO     [2021-06-02 05:10:25,437]: *** sta3-wlan1: Scan detected ap1-ssid in range (signal: -90.0 / -75.0)
INFO     [2021-06-02 05:10:26,441]: *** sta3-wlan1: Scan detected ap1-ssid in range (signal: -90.0 / -75.0)
INFO     [2021-06-02 05:10:26,443]: *** sta1-wlan1: Scan detected ap1-ssid in range (signal: -88.0 / -75.0)
INFO     [2021-06-02 05:10:27,446]: *** sta3-wlan1: Scan detected ap1-ssid in range (signal: -90.0 / -75.0)
INFO     [2021-06-02 05:10:27,448]: *** sta1-wlan1: Scan detected ap1-ssid in range (signal: -88.0 / -75.0)
INFO     [2021-06-02 05:10:28,450]: *** sta3-wlan1: Scan detected ap1-ssid in range (signal: -90.0 / -75.0)
INFO     [2021-06-02 05:10:28,453]: *** sta1-wlan1: Scan detected ap1-ssid in range (signal: -88.0 / -75.0)
INFO     [2021-06-02 05:10:29,220]: *** sta1-wlan1: Scanning for ap1-ssid
INFO     [2021-06-02 05:10:29,458]: *** sta1-wlan1: Scan detected ap1-ssid in range (signal: -89.0 / -75.0)
INFO     [2021-06-02 05:10:29,460]: *** sta3-wlan1: Scan detected ap1-ssid in range (signal: -90.0 / -75.0)
INFO     [2021-06-02 05:10:30,463]: *** sta1-wlan1: Scan detected ap1-ssid in range (signal: -89.0 / -75.0)
INFO     [2021-06-02 05:10:30,466]: *** sta3-wlan1: Scan detected ap1-ssid in range (signal: -90.0 / -75.0)
INFO     [2021-06-02 05:10:31,169]: *** sta3-wlan1: Scanning for ap1-ssid
INFO     [2021-06-02 05:10:31,468]: *** sta1-wlan1: Scan detected ap1-ssid in range (signal: -89.0 / -75.0)
INFO     [2021-06-02 05:10:31,471]: *** sta3-wlan1: Scan detected ap1-ssid in range (signal: -90.0 / -75.0)
INFO     [2021-06-02 05:10:32,472]: *** sta1-wlan1: Scan detected ap1-ssid in range (signal: -89.0 / -75.0)
INFO     [2021-06-02 05:10:32,475]: *** sta3-wlan1: Scan detected ap1-ssid in range (signal: -90.0 / -75.0)
INFO     [2021-06-02 05:10:33,478]: *** sta1-wlan1: Scan detected ap1-ssid in range (signal: -89.0 / -75.0)
INFO     [2021-06-02 05:10:33,482]: *** sta3-wlan1: Scan detected ap1-ssid in range (signal: -90.0 / -75.0)
INFO     [2021-06-02 05:10:34,486]: *** sta3-wlan1: Scan detected ap1-ssid in range (signal: -90.0 / -75.0)
INFO     [2021-06-02 05:10:34,487]: *** sta1-wlan1: Scan detected ap1-ssid in range (signal: -89.0 / -75.0)
INFO     [2021-06-02 05:10:35,493]: *** sta3-wlan1: Scan detected ap1-ssid in range (signal: -90.0 / -75.0)
INFO     [2021-06-02 05:10:35,493]: *** sta1-wlan1: Scan detected ap1-ssid in range (signal: -89.0 / -75.0)
INFO     [2021-06-02 05:10:36,017]: *** sta1-wlan1: Scanning for ap1-ssid
INFO     [2021-06-02 05:10:36,497]: *** sta3-wlan1: Scan detected ap1-ssid in range (signal: -90.0 / -75.0)
INFO     [2021-06-02 05:10:36,500]: *** sta1-wlan1: Scan detected ap1-ssid in range (signal: -89.0 / -75.0)
INFO     [2021-06-02 05:10:37,501]: *** sta3-wlan1: Scan detected ap1-ssid in range (signal: -90.0 / -75.0)
INFO     [2021-06-02 05:10:37,505]: *** sta1-wlan1: Scan detected ap1-ssid in range (signal: -89.0 / -75.0)
INFO     [2021-06-02 05:10:38,060]: *** sta3-wlan1: Scanning for ap1-ssid
INFO     [2021-06-02 05:10:38,506]: *** sta3-wlan1: Scan detected ap1-ssid in range (signal: -90.0 / -75.0)
INFO     [2021-06-02 05:10:38,511]: *** sta1-wlan1: Scan detected ap1-ssid in range (signal: -89.0 / -75.0)
INFO     [2021-06-02 05:10:39,519]: *** sta3-wlan1: Scan detected ap1-ssid in range (signal: -90.0 / -75.0)
INFO     [2021-06-02 05:10:39,520]: *** sta1-wlan1: Scan detected ap1-ssid in range (signal: -89.0 / -75.0)
INFO     [2021-06-02 05:10:40,524]: *** sta3-wlan1: Scan detected ap1-ssid in range (signal: -90.0 / -75.0)
INFO     [2021-06-02 05:10:40,524]: *** sta1-wlan1: Scan detected ap1-ssid in range (signal: -89.0 / -75.0)
INFO     [2021-06-02 05:10:41,532]: *** sta3-wlan1: Scan detected ap1-ssid in range (signal: -90.0 / -75.0)
INFO     [2021-06-02 05:10:41,534]: *** sta1-wlan1: Scan detected ap1-ssid in range (signal: -89.0 / -75.0)
INFO     [2021-06-02 05:10:42,537]: *** sta3-wlan1: Scan detected ap1-ssid in range (signal: -90.0 / -75.0)
INFO     [2021-06-02 05:10:42,540]: *** sta1-wlan1: Scan detected ap1-ssid in range (signal: -89.0 / -75.0)
INFO     [2021-06-02 05:10:42,783]: *** sta1-wlan1: Scanning for ap1-ssid
INFO     [2021-06-02 05:10:43,547]: *** sta3-wlan1: Scan detected ap1-ssid in range (signal: -90.0 / -75.0)
INFO     [2021-06-02 05:10:43,548]: *** sta1-wlan1: Scan detected ap1-ssid in range (signal: -90.0 / -75.0)
INFO     [2021-06-02 05:10:44,552]: *** sta3-wlan1: Scan detected ap1-ssid in range (signal: -90.0 / -75.0)
INFO     [2021-06-02 05:10:44,553]: *** sta1-wlan1: Scan detected ap1-ssid in range (signal: -90.0 / -75.0)
INFO     [2021-06-02 05:10:44,723]: *** sta3-wlan1: Scanning for ap1-ssid
INFO     [2021-06-02 05:10:45,557]: *** sta3-wlan1: Scan detected ap1-ssid in range (signal: -90.0 / -75.0)
INFO     [2021-06-02 05:10:45,560]: *** sta1-wlan1: Scan detected ap1-ssid in range (signal: -90.0 / -75.0)
INFO     [2021-06-02 05:10:46,563]: *** sta3-wlan1: Scan detected ap1-ssid in range (signal: -90.0 / -75.0)
INFO     [2021-06-02 05:10:46,566]: *** sta1-wlan1: Scan detected ap1-ssid in range (signal: -90.0 / -75.0)
INFO     [2021-06-02 05:10:47,570]: *** sta3-wlan1: Scan detected ap1-ssid in range (signal: -90.0 / -75.0)
INFO     [2021-06-02 05:10:47,571]: *** sta1-wlan1: Scan detected ap1-ssid in range (signal: -90.0 / -75.0)
INFO     [2021-06-02 05:10:48,578]: *** sta3-wlan1: Scan detected ap1-ssid in range (signal: -90.0 / -75.0)
INFO     [2021-06-02 05:10:48,581]: *** sta1-wlan1: Scan detected ap1-ssid in range (signal: -90.0 / -75.0)
INFO     [2021-06-02 05:10:49,519]: *** sta1-wlan1: Scanning for ap1-ssid
INFO     [2021-06-02 05:10:49,587]: *** sta3-wlan1: Scan detected ap1-ssid in range (signal: -90.0 / -75.0)
INFO     [2021-06-02 05:10:49,587]: *** sta1-wlan1: Scan detected ap1-ssid in range (signal: -90.0 / -75.0)
INFO     [2021-06-02 05:10:50,592]: *** sta1-wlan1: Scan detected ap1-ssid in range (signal: -90.0 / -75.0)
INFO     [2021-06-02 05:10:50,592]: *** sta3-wlan1: Scan detected ap1-ssid in range (signal: -90.0 / -75.0)
INFO     [2021-06-02 05:10:51,454]: *** sta3-wlan1: Scanning for ap1-ssid
INFO     [2021-06-02 05:10:51,600]: *** sta1-wlan1: Scan detected ap1-ssid in range (signal: -90.0 / -75.0)
INFO     [2021-06-02 05:10:52,608]: *** sta1-wlan1: Scan detected ap1-ssid in range (signal: -90.0 / -75.0)
INFO     [2021-06-02 05:10:53,614]: *** sta1-wlan1: Scan detected ap1-ssid in range (signal: -90.0 / -75.0)
INFO     [2021-06-02 05:10:54,619]: *** sta1-wlan1: Scan detected ap1-ssid in range (signal: -90.0 / -75.0)
INFO     [2021-06-02 05:10:55,625]: *** sta1-wlan1: Scan detected ap1-ssid in range (signal: -90.0 / -75.0)
INFO     [2021-06-02 05:10:56,325]: *** sta1-wlan1: Scanning for ap1-ssid
INFO     [2021-06-02 05:10:56,629]: *** sta1-wlan1: Scan detected ap1-ssid in range (signal: -88.0 / -75.0)
INFO     [2021-06-02 05:10:57,633]: *** sta1-wlan1: Scan detected ap1-ssid in range (signal: -88.0 / -75.0)
INFO     [2021-06-02 05:10:58,262]: *** sta3-wlan1: Scanning for ap1-ssid
INFO     [2021-06-02 05:10:58,635]: *** sta3-wlan1: Scan detected ap1-ssid in range (signal: -87.0 / -75.0)
INFO     [2021-06-02 05:10:58,637]: *** sta1-wlan1: Scan detected ap1-ssid in range (signal: -88.0 / -75.0)
INFO     [2021-06-02 05:10:59,641]: *** sta3-wlan1: Scan detected ap1-ssid in range (signal: -87.0 / -75.0)
INFO     [2021-06-02 05:10:59,643]: *** sta1-wlan1: Scan detected ap1-ssid in range (signal: -88.0 / -75.0)
INFO     [2021-06-02 05:11:00,650]: *** sta3-wlan1: Scan detected ap1-ssid in range (signal: -87.0 / -75.0)
INFO     [2021-06-02 05:11:00,650]: *** sta1-wlan1: Scan detected ap1-ssid in range (signal: -88.0 / -75.0)
INFO     [2021-06-02 05:11:01,657]: *** sta1-wlan1: Scan detected ap1-ssid in range (signal: -88.0 / -75.0)
INFO     [2021-06-02 05:11:01,658]: *** sta3-wlan1: Scan detected ap1-ssid in range (signal: -87.0 / -75.0)
INFO     [2021-06-02 05:11:02,674]: *** sta3-wlan1: Scan detected ap1-ssid in range (signal: -87.0 / -75.0)
INFO     [2021-06-02 05:11:02,678]: *** sta1-wlan1: Scan detected ap1-ssid in range (signal: -88.0 / -75.0)
INFO     [2021-06-02 05:11:03,235]: *** sta1-wlan1: Scanning for ap1-ssid
INFO     [2021-06-02 05:11:03,683]: *** sta3-wlan1: Scan detected ap1-ssid in range (signal: -87.0 / -75.0)
INFO     [2021-06-02 05:11:03,686]: *** sta1-wlan1: Scan detected ap1-ssid in range (signal: -88.0 / -75.0)
INFO     [2021-06-02 05:11:04,689]: *** sta3-wlan1: Scan detected ap1-ssid in range (signal: -87.0 / -75.0)
INFO     [2021-06-02 05:11:04,692]: *** sta1-wlan1: Scan detected ap1-ssid in range (signal: -88.0 / -75.0)
INFO     [2021-06-02 05:11:05,438]: *** sta3-wlan1: Scanning for ap1-ssid
INFO     [2021-06-02 05:11:05,697]: *** sta3-wlan1: Scan detected ap1-ssid in range (signal: -90.0 / -75.0)
INFO     [2021-06-02 05:11:05,699]: *** sta1-wlan1: Scan detected ap1-ssid in range (signal: -88.0 / -75.0)
INFO     [2021-06-02 05:11:06,706]: *** sta3-wlan1: Scan detected ap1-ssid in range (signal: -90.0 / -75.0)
INFO     [2021-06-02 05:11:06,707]: *** sta1-wlan1: Scan detected ap1-ssid in range (signal: -88.0 / -75.0)
INFO     [2021-06-02 05:11:07,714]: *** sta1-wlan1: Scan detected ap1-ssid in range (signal: -88.0 / -75.0)
INFO     [2021-06-02 05:11:07,714]: *** sta3-wlan1: Scan detected ap1-ssid in range (signal: -90.0 / -75.0)
INFO     [2021-06-02 05:11:08,718]: *** sta1-wlan1: Scan detected ap1-ssid in range (signal: -88.0 / -75.0)
INFO     [2021-06-02 05:11:08,721]: *** sta3-wlan1: Scan detected ap1-ssid in range (signal: -90.0 / -75.0)
INFO     [2021-06-02 05:11:09,731]: *** sta1-wlan1: Scan detected ap1-ssid in range (signal: -88.0 / -75.0)
INFO     [2021-06-02 05:11:09,732]: *** sta3-wlan1: Scan detected ap1-ssid in range (signal: -90.0 / -75.0)
INFO     [2021-06-02 05:11:10,321]: *** sta1-wlan1: Scanning for ap1-ssid
INFO     [2021-06-02 05:11:10,737]: *** sta3-wlan1: Scan detected ap1-ssid in range (signal: -90.0 / -75.0)
INFO     [2021-06-02 05:11:10,739]: *** sta1-wlan1: Scan detected ap1-ssid in range (signal: -80.0 / -75.0)
INFO     [2021-06-02 05:11:11,741]: *** sta3-wlan1: Scan detected ap1-ssid in range (signal: -90.0 / -75.0)
INFO     [2021-06-02 05:11:11,745]: *** sta1-wlan1: Scan detected ap1-ssid in range (signal: -80.0 / -75.0)
INFO     [2021-06-02 05:11:12,595]: *** sta3-wlan1: Scanning for ap1-ssid
INFO     [2021-06-02 05:11:12,813]: *** sta1-wlan1: Scan detected ap1-ssid in range (signal: -80.0 / -75.0)
INFO     [2021-06-02 05:11:12,815]: *** sta3-wlan1: Scan detected ap1-ssid in range (signal: -89.0 / -75.0)
INFO     [2021-06-02 05:11:13,818]: *** sta1-wlan1: Scan detected ap1-ssid in range (signal: -80.0 / -75.0)
INFO     [2021-06-02 05:11:13,820]: *** sta3-wlan1: Scan detected ap1-ssid in range (signal: -89.0 / -75.0)
INFO     [2021-06-02 05:11:14,837]: *** sta1-wlan1: Scan detected ap1-ssid in range (signal: -80.0 / -75.0)
INFO     [2021-06-02 05:11:14,841]: *** sta3-wlan1: Scan detected ap1-ssid in range (signal: -89.0 / -75.0)
INFO     [2021-06-02 05:11:15,842]: *** sta1-wlan1: Scan detected ap1-ssid in range (signal: -80.0 / -75.0)
INFO     [2021-06-02 05:11:15,845]: *** sta3-wlan1: Scan detected ap1-ssid in range (signal: -89.0 / -75.0)
INFO     [2021-06-02 05:11:16,849]: *** sta1-wlan1: Scan detected ap1-ssid in range (signal: -80.0 / -75.0)
INFO     [2021-06-02 05:11:16,850]: *** sta3-wlan1: Scan detected ap1-ssid in range (signal: -89.0 / -75.0)
INFO     [2021-06-02 05:11:17,307]: *** sta1-wlan1: Scanning for ap1-ssid
INFO     [2021-06-02 05:11:17,853]: *** sta1-wlan1: Scan detected ap1-ssid in range (signal: -80.0 / -75.0)
INFO     [2021-06-02 05:11:17,856]: *** sta3-wlan1: Scan detected ap1-ssid in range (signal: -89.0 / -75.0)
INFO     [2021-06-02 05:11:18,859]: *** sta1-wlan1: Scan detected ap1-ssid in range (signal: -80.0 / -75.0)
INFO     [2021-06-02 05:11:18,862]: *** sta3-wlan1: Scan detected ap1-ssid in range (signal: -89.0 / -75.0)
INFO     [2021-06-02 05:11:19,428]: *** sta3-wlan1: Scanning for ap1-ssid
INFO     [2021-06-02 05:11:19,866]: *** sta1-wlan1: Scan detected ap1-ssid in range (signal: -80.0 / -75.0)
INFO     [2021-06-02 05:11:19,866]: *** sta3-wlan1: Scan detected ap1-ssid in range (signal: -84.0 / -75.0)
INFO     [2021-06-02 05:11:20,871]: *** sta1-wlan1: Scan detected ap1-ssid in range (signal: -80.0 / -75.0)
INFO     [2021-06-02 05:11:20,872]: *** sta3-wlan1: Scan detected ap1-ssid in range (signal: -84.0 / -75.0)
INFO     [2021-06-02 05:11:21,877]: *** sta3-wlan1: Scan detected ap1-ssid in range (signal: -84.0 / -75.0)
INFO     [2021-06-02 05:11:21,878]: *** sta1-wlan1: Scan detected ap1-ssid in range (signal: -80.0 / -75.0)
INFO     [2021-06-02 05:11:22,882]: *** sta3-wlan1: Scan detected ap1-ssid in range (signal: -84.0 / -75.0)
INFO     [2021-06-02 05:11:22,883]: *** sta1-wlan1: Scan detected ap1-ssid in range (signal: -80.0 / -75.0)
INFO     [2021-06-02 05:11:23,886]: *** sta3-wlan1: Scan detected ap1-ssid in range (signal: -84.0 / -75.0)
INFO     [2021-06-02 05:11:23,888]: *** sta1-wlan1: Scan detected ap1-ssid in range (signal: -80.0 / -75.0)
INFO     [2021-06-02 05:11:24,255]: *** sta1-wlan1: Scanning for ap1-ssid
INFO     [2021-06-02 05:11:24,891]: *** sta3-wlan1: Scan detected ap1-ssid in range (signal: -84.0 / -75.0)
INFO     [2021-06-02 05:11:24,893]: *** sta1-wlan1: Scan detected ap1-ssid in range (signal: -87.0 / -75.0)
INFO     [2021-06-02 05:11:25,894]: *** sta3-wlan1: Scan detected ap1-ssid in range (signal: -84.0 / -75.0)
INFO     [2021-06-02 05:11:25,898]: *** sta1-wlan1: Scan detected ap1-ssid in range (signal: -87.0 / -75.0)
INFO     [2021-06-02 05:11:26,211]: *** sta3-wlan1: Scanning for ap1-ssid
INFO     [2021-06-02 05:11:26,899]: *** sta3-wlan1: Scan detected ap1-ssid in range (signal: -87.0 / -75.0)
INFO     [2021-06-02 05:11:26,903]: *** sta1-wlan1: Scan detected ap1-ssid in range (signal: -87.0 / -75.0)
INFO     [2021-06-02 05:11:27,907]: *** sta3-wlan1: Scan detected ap1-ssid in range (signal: -87.0 / -75.0)
INFO     [2021-06-02 05:11:27,908]: *** sta1-wlan1: Scan detected ap1-ssid in range (signal: -87.0 / -75.0)
INFO     [2021-06-02 05:11:28,912]: *** sta1-wlan1: Scan detected ap1-ssid in range (signal: -89.0 / -75.0)
INFO     [2021-06-02 05:11:28,914]: *** sta3-wlan1: Scan detected ap1-ssid in range (signal: -87.0 / -75.0)
INFO     [2021-06-02 05:11:29,921]: *** sta3-wlan1: Scan detected ap1-ssid in range (signal: -87.0 / -75.0)
INFO     [2021-06-02 05:11:29,921]: *** sta1-wlan1: Scan detected ap1-ssid in range (signal: -89.0 / -75.0)
INFO     [2021-06-02 05:11:30,927]: *** sta3-wlan1: Scan detected ap1-ssid in range (signal: -87.0 / -75.0)
INFO     [2021-06-02 05:11:30,929]: *** sta1-wlan1: Scan detected ap1-ssid in range (signal: -89.0 / -75.0)
INFO     [2021-06-02 05:11:31,050]: *** sta1-wlan1: Scanning for ap1-ssid
INFO     [2021-06-02 05:11:31,934]: *** sta3-wlan1: Scan detected ap1-ssid in range (signal: -87.0 / -75.0)
INFO     [2021-06-02 05:11:31,934]: *** sta1-wlan1: Scan detected ap1-ssid in range (signal: -85.0 / -75.0)
INFO     [2021-06-02 05:11:32,939]: *** sta1-wlan1: Scan detected ap1-ssid in range (signal: -85.0 / -75.0)
INFO     [2021-06-02 05:11:32,939]: *** sta3-wlan1: Scan detected ap1-ssid in range (signal: -87.0 / -75.0)
INFO     [2021-06-02 05:11:33,074]: *** sta3-wlan1: Scanning for ap1-ssid
INFO     [2021-06-02 05:11:33,943]: *** sta3-wlan1: Scan detected ap1-ssid in range (signal: -85.0 / -75.0)
INFO     [2021-06-02 05:11:33,945]: *** sta1-wlan1: Scan detected ap1-ssid in range (signal: -85.0 / -75.0)
INFO     [2021-06-02 05:11:34,948]: *** sta3-wlan1: Scan detected ap1-ssid in range (signal: -85.0 / -75.0)
INFO     [2021-06-02 05:11:34,951]: *** sta1-wlan1: Scan detected ap1-ssid in range (signal: -85.0 / -75.0)
INFO     [2021-06-02 05:11:35,956]: *** sta3-wlan1: Scan detected ap1-ssid in range (signal: -85.0 / -75.0)
INFO     [2021-06-02 05:11:35,957]: *** sta1-wlan1: Scan detected ap1-ssid in range (signal: -85.0 / -75.0)
INFO     [2021-06-02 05:11:36,961]: *** sta3-wlan1: Scan detected ap1-ssid in range (signal: -84.0 / -75.0)
INFO     [2021-06-02 05:11:36,962]: *** sta1-wlan1: Scan detected ap1-ssid in range (signal: -85.0 / -75.0)
INFO     [2021-06-02 05:11:37,815]: *** sta1-wlan1: Scanning for ap1-ssid
INFO     [2021-06-02 05:11:37,967]: *** sta1-wlan1: Scan detected ap1-ssid in range (signal: -85.0 / -75.0)
INFO     [2021-06-02 05:11:37,967]: *** sta3-wlan1: Scan detected ap1-ssid in range (signal: -84.0 / -75.0)
INFO     [2021-06-02 05:11:38,972]: *** sta3-wlan1: Scan detected ap1-ssid in range (signal: -84.0 / -75.0)
INFO     [2021-06-02 05:11:38,972]: *** sta1-wlan1: Scan detected ap1-ssid in range (signal: -85.0 / -75.0)
INFO     [2021-06-02 05:11:39,884]: *** sta3-wlan1: Scanning for ap1-ssid
INFO     [2021-06-02 05:11:39,982]: *** sta3-wlan1: Scan detected ap1-ssid in range (signal: -81.0 / -75.0)
INFO     [2021-06-02 05:11:39,982]: *** sta1-wlan1: Scan detected ap1-ssid in range (signal: -85.0 / -75.0)
INFO     [2021-06-02 05:11:40,986]: *** sta3-wlan1: Scan detected ap1-ssid in range (signal: -81.0 / -75.0)
INFO     [2021-06-02 05:11:40,986]: *** sta1-wlan1: Scan detected ap1-ssid in range (signal: -85.0 / -75.0)
INFO     [2021-06-02 05:11:41,993]: *** sta3-wlan1: Scan detected ap1-ssid in range (signal: -81.0 / -75.0)
INFO     [2021-06-02 05:11:41,994]: *** sta1-wlan1: Scan detected ap1-ssid in range (signal: -85.0 / -75.0)
INFO     [2021-06-02 05:11:42,997]: *** sta3-wlan1: Scan detected ap1-ssid in range (signal: -81.0 / -75.0)
INFO     [2021-06-02 05:11:42,998]: *** sta1-wlan1: Scan detected ap1-ssid in range (signal: -85.0 / -75.0)
INFO     [2021-06-02 05:11:44,002]: *** sta3-wlan1: Scan detected ap1-ssid in range (signal: -81.0 / -75.0)
INFO     [2021-06-02 05:11:44,005]: *** sta1-wlan1: Scan detected ap1-ssid in range (signal: -85.0 / -75.0)
INFO     [2021-06-02 05:11:44,588]: *** sta1-wlan1: Scanning for ap1-ssid
INFO     [2021-06-02 05:11:45,007]: *** sta3-wlan1: Scan detected ap1-ssid in range (signal: -81.0 / -75.0)
INFO     [2021-06-02 05:11:45,011]: *** sta1-wlan1: Scan detected ap1-ssid in range (signal: -85.0 / -75.0)
INFO     [2021-06-02 05:11:46,011]: *** sta3-wlan1: Scan detected ap1-ssid in range (signal: -81.0 / -75.0)
INFO     [2021-06-02 05:11:46,016]: *** sta1-wlan1: Scan detected ap1-ssid in range (signal: -85.0 / -75.0)
INFO     [2021-06-02 05:11:46,835]: *** sta3-wlan1: Scanning for ap1-ssid
INFO     [2021-06-02 05:11:47,017]: *** sta3-wlan1: Scan detected ap1-ssid in range (signal: -86.0 / -75.0)
INFO     [2021-06-02 05:11:47,021]: *** sta1-wlan1: Scan detected ap1-ssid in range (signal: -85.0 / -75.0)
INFO     [2021-06-02 05:11:48,021]: *** sta3-wlan1: Scan detected ap1-ssid in range (signal: -86.0 / -75.0)
INFO     [2021-06-02 05:11:48,025]: *** sta1-wlan1: Scan detected ap1-ssid in range (signal: -85.0 / -75.0)
INFO     [2021-06-02 05:11:49,025]: *** sta3-wlan1: Scan detected ap1-ssid in range (signal: -86.0 / -75.0)
INFO     [2021-06-02 05:11:49,030]: *** sta1-wlan1: Scan detected ap1-ssid in range (signal: -85.0 / -75.0)
INFO     [2021-06-02 05:11:50,029]: *** sta3-wlan1: Scan detected ap1-ssid in range (signal: -86.0 / -75.0)
INFO     [2021-06-02 05:11:50,035]: *** sta1-wlan1: Scan detected ap1-ssid in range (signal: -85.0 / -75.0)
INFO     [2021-06-02 05:11:51,034]: *** sta3-wlan1: Scan detected ap1-ssid in range (signal: -86.0 / -75.0)
INFO     [2021-06-02 05:11:51,039]: *** sta1-wlan1: Scan detected ap1-ssid in range (signal: -85.0 / -75.0)
INFO     [2021-06-02 05:11:51,495]: *** sta1-wlan1: Scanning for ap1-ssid
INFO     [2021-06-02 05:11:52,044]: *** sta1-wlan1: Scan detected ap1-ssid in range (signal: -87.0 / -75.0)
INFO     [2021-06-02 05:11:52,045]: *** sta3-wlan1: Scan detected ap1-ssid in range (signal: -86.0 / -75.0)
INFO     [2021-06-02 05:11:53,049]: *** sta1-wlan1: Scan detected ap1-ssid in range (signal: -87.0 / -75.0)
INFO     [2021-06-02 05:11:53,050]: *** sta3-wlan1: Scan detected ap1-ssid in range (signal: -86.0 / -75.0)
INFO     [2021-06-02 05:11:53,575]: *** sta3-wlan1: Scanning for ap1-ssid
INFO     [2021-06-02 05:11:54,059]: *** sta3-wlan1: Scan detected ap1-ssid in range (signal: -83.0 / -75.0)
INFO     [2021-06-02 05:11:54,060]: *** sta1-wlan1: Scan detected ap1-ssid in range (signal: -87.0 / -75.0)
INFO     [2021-06-02 05:11:55,066]: *** sta3-wlan1: Scan detected ap1-ssid in range (signal: -83.0 / -75.0)
INFO     [2021-06-02 05:11:55,068]: *** sta1-wlan1: Scan detected ap1-ssid in range (signal: -87.0 / -75.0)
INFO     [2021-06-02 05:11:56,071]: *** sta3-wlan1: Scan detected ap1-ssid in range (signal: -83.0 / -75.0)
INFO     [2021-06-02 05:11:56,074]: *** sta1-wlan1: Scan detected ap1-ssid in range (signal: -87.0 / -75.0)
INFO     [2021-06-02 05:11:57,075]: *** sta3-wlan1: Scan detected ap1-ssid in range (signal: -83.0 / -75.0)
INFO     [2021-06-02 05:11:57,079]: *** sta1-wlan1: Scan detected ap1-ssid in range (signal: -87.0 / -75.0)
INFO     [2021-06-02 05:11:58,081]: *** sta3-wlan1: Scan detected ap1-ssid in range (signal: -83.0 / -75.0)
INFO     [2021-06-02 05:11:58,085]: *** sta1-wlan1: Scan detected ap1-ssid in range (signal: -87.0 / -75.0)
INFO     [2021-06-02 05:11:58,303]: *** sta1-wlan1: Scanning for ap1-ssid
INFO     [2021-06-02 05:11:59,090]: *** sta3-wlan1: Scan detected ap1-ssid in range (signal: -83.0 / -75.0)
INFO     [2021-06-02 05:11:59,092]: *** sta1-wlan1: Scan detected ap1-ssid in range (signal: -75.0 / -75.0)
INFO     [2021-06-02 05:12:00,094]: *** sta3-wlan1: Scan detected ap1-ssid in range (signal: -83.0 / -75.0)
INFO     [2021-06-02 05:12:00,380]: *** sta3-wlan1: Scanning for ap1-ssid
INFO     [2021-06-02 05:12:01,100]: *** sta3-wlan1: Scan detected ap1-ssid in range (signal: -82.0 / -75.0)
INFO     [2021-06-02 05:12:02,107]: *** sta3-wlan1: Scan detected ap1-ssid in range (signal: -82.0 / -75.0)
INFO     [2021-06-02 05:12:02,886]: *** sta1-wlan0: Connected interface to ap1-ssid
INFO     [2021-06-02 05:12:03,111]: *** sta3-wlan1: Scan detected ap1-ssid in range (signal: -82.0 / -75.0)
INFO     [2021-06-02 05:12:04,120]: *** sta3-wlan1: Scan detected ap1-ssid in range (signal: -82.0 / -75.0)
INFO     [2021-06-02 05:12:05,126]: *** sta3-wlan1: Scan detected ap1-ssid in range (signal: -82.0 / -75.0)
INFO     [2021-06-02 05:12:06,131]: *** sta3-wlan1: Scan detected ap1-ssid in range (signal: -82.0 / -75.0)
INFO     [2021-06-02 05:12:07,139]: *** sta3-wlan1: Scan detected ap1-ssid in range (signal: -82.0 / -75.0)
INFO     [2021-06-02 05:12:07,197]: *** sta3-wlan1: Scanning for ap1-ssid
INFO     [2021-06-02 05:12:08,146]: *** sta3-wlan1: Scan detected ap1-ssid in range (signal: -80.0 / -75.0)
INFO     [2021-06-02 05:12:09,150]: *** sta3-wlan1: Scan detected ap1-ssid in range (signal: -80.0 / -75.0)
INFO     [2021-06-02 05:12:10,156]: *** sta3-wlan1: Scan detected ap1-ssid in range (signal: -80.0 / -75.0)
INFO     [2021-06-02 05:12:11,163]: *** sta3-wlan1: Scan detected ap1-ssid in range (signal: -80.0 / -75.0)
INFO     [2021-06-02 05:12:12,170]: *** sta3-wlan1: Scan detected ap1-ssid in range (signal: -80.0 / -75.0)
INFO     [2021-06-02 05:12:13,180]: *** sta3-wlan1: Scan detected ap1-ssid in range (signal: -80.0 / -75.0)
INFO     [2021-06-02 05:12:13,946]: *** sta3-wlan1: Scanning for ap1-ssid
INFO     [2021-06-02 05:12:14,185]: *** sta3-wlan1: Scan detected ap1-ssid in range (signal: -79.0 / -75.0)
INFO     [2021-06-02 05:12:15,190]: *** sta3-wlan1: Scan detected ap1-ssid in range (signal: -79.0 / -75.0)
INFO     [2021-06-02 05:12:16,194]: *** sta3-wlan1: Scan detected ap1-ssid in range (signal: -79.0 / -75.0)
INFO     [2021-06-02 05:12:17,201]: *** sta3-wlan1: Scan detected ap1-ssid in range (signal: -79.0 / -75.0)
INFO     [2021-06-02 05:12:18,216]: *** sta3-wlan1: Scan detected ap1-ssid in range (signal: -79.0 / -75.0)
INFO     [2021-06-02 05:12:19,268]: *** sta3-wlan1: Scan detected ap1-ssid in range (signal: -79.0 / -75.0)
INFO     [2021-06-02 05:12:20,276]: *** sta3-wlan1: Scan detected ap1-ssid in range (signal: -79.0 / -75.0)
INFO     [2021-06-02 05:12:20,799]: *** sta3-wlan1: Scanning for ap1-ssid
INFO     [2021-06-02 05:12:21,285]: *** sta3-wlan1: Scan detected ap1-ssid in range (signal: -78.0 / -75.0)
INFO     [2021-06-02 05:12:22,290]: *** sta3-wlan1: Scan detected ap1-ssid in range (signal: -78.0 / -75.0)
INFO     [2021-06-02 05:12:23,295]: *** sta3-wlan1: Scan detected ap1-ssid in range (signal: -78.0 / -75.0)
INFO     [2021-06-02 05:12:24,300]: *** sta3-wlan1: Scan detected ap1-ssid in range (signal: -78.0 / -75.0)
INFO     [2021-06-02 05:12:25,305]: *** sta3-wlan1: Scan detected ap1-ssid in range (signal: -78.0 / -75.0)
INFO     [2021-06-02 05:12:26,314]: *** sta3-wlan1: Scan detected ap1-ssid in range (signal: -78.0 / -75.0)
INFO     [2021-06-02 05:12:27,319]: *** sta3-wlan1: Scan detected ap1-ssid in range (signal: -78.0 / -75.0)
INFO     [2021-06-02 05:12:27,722]: *** sta3-wlan1: Scanning for ap1-ssid
INFO     [2021-06-02 05:12:28,336]: *** sta3-wlan1: Scan detected ap1-ssid in range (signal: -78.0 / -75.0)
INFO     [2021-06-02 05:12:29,341]: *** sta3-wlan1: Scan detected ap1-ssid in range (signal: -78.0 / -75.0)
INFO     [2021-06-02 05:12:30,346]: *** sta3-wlan1: Scan detected ap1-ssid in range (signal: -78.0 / -75.0)
INFO     [2021-06-02 05:12:31,352]: *** sta3-wlan1: Scan detected ap1-ssid in range (signal: -78.0 / -75.0)
INFO     [2021-06-02 05:12:32,356]: *** sta3-wlan1: Scan detected ap1-ssid in range (signal: -78.0 / -75.0)
INFO     [2021-06-02 05:12:33,360]: *** sta3-wlan1: Scan detected ap1-ssid in range (signal: -78.0 / -75.0)
INFO     [2021-06-02 05:12:34,368]: *** sta3-wlan1: Scan detected ap1-ssid in range (signal: -78.0 / -75.0)
INFO     [2021-06-02 05:12:34,499]: *** sta3-wlan1: Scanning for ap1-ssid
INFO     [2021-06-02 05:12:35,373]: *** sta3-wlan1: Scan detected ap1-ssid in range (signal: -75.0 / -75.0)
INFO     [2021-06-02 05:12:39,191]: *** sta3-wlan0: Connected interface to ap1-ssid
