INFO     [2021-06-01 04:55:10,325]: *** sta1-wlan0: Started flexible_sdn.py
INFO     [2021-06-01 04:55:10,329]: *** sta1: Interface: sta1-wlan0, Scan-interface: sta1-wlan1
INFO     [2021-06-01 04:57:44,268]: *** sta1-wlan1: Scanner started. Searching for ap1-ssid with interval 2.0
INFO     [2021-06-01 04:57:46,270]: *** sta1-wlan1: Scanning for ap1-ssid
INFO     [2021-06-01 04:57:47,297]: *** sta1-wlan1: Scan detected ap1-ssid in range (signal: -87.0 / -82.0)
INFO     [2021-06-01 04:57:48,306]: *** sta1-wlan1: Scan detected ap1-ssid in range (signal: -87.0 / -82.0)
INFO     [2021-06-01 04:57:49,315]: *** sta1-wlan1: Scan detected ap1-ssid in range (signal: -87.0 / -82.0)
INFO     [2021-06-01 04:57:50,321]: *** sta1-wlan1: Scan detected ap1-ssid in range (signal: -87.0 / -82.0)
INFO     [2021-06-01 04:57:51,326]: *** sta1-wlan1: Scan detected ap1-ssid in range (signal: -87.0 / -82.0)
INFO     [2021-06-01 04:57:52,039]: *** sta1-wlan1: Scanning for ap1-ssid
INFO     [2021-06-01 04:57:52,331]: *** sta1-wlan1: Scan detected ap1-ssid in range (signal: -89.0 / -82.0)
INFO     [2021-06-01 04:57:53,340]: *** sta1-wlan1: Scan detected ap1-ssid in range (signal: -89.0 / -82.0)
INFO     [2021-06-01 04:57:54,345]: *** sta1-wlan1: Scan detected ap1-ssid in range (signal: -89.0 / -82.0)
INFO     [2021-06-01 04:57:55,353]: *** sta1-wlan1: Scan detected ap1-ssid in range (signal: -89.0 / -82.0)
INFO     [2021-06-01 04:57:56,360]: *** sta1-wlan1: Scan detected ap1-ssid in range (signal: -89.0 / -82.0)
INFO     [2021-06-01 04:57:57,368]: *** sta1-wlan1: Scan detected ap1-ssid in range (signal: -89.0 / -82.0)
INFO     [2021-06-01 04:57:57,876]: *** sta1-wlan1: Scanning for ap1-ssid
INFO     [2021-06-01 04:57:58,374]: *** sta1-wlan1: Scan detected ap1-ssid in range (signal: -86.0 / -82.0)
INFO     [2021-06-01 04:57:59,379]: *** sta1-wlan1: Scan detected ap1-ssid in range (signal: -86.0 / -82.0)
INFO     [2021-06-01 04:58:00,387]: *** sta1-wlan1: Scan detected ap1-ssid in range (signal: -86.0 / -82.0)
INFO     [2021-06-01 04:58:01,394]: *** sta1-wlan1: Scan detected ap1-ssid in range (signal: -86.0 / -82.0)
INFO     [2021-06-01 04:58:02,400]: *** sta1-wlan1: Scan detected ap1-ssid in range (signal: -86.0 / -82.0)
INFO     [2021-06-01 04:58:03,406]: *** sta1-wlan1: Scan detected ap1-ssid in range (signal: -86.0 / -82.0)
INFO     [2021-06-01 04:58:03,683]: *** sta1-wlan1: Scanning for ap1-ssid
INFO     [2021-06-01 04:58:04,419]: *** sta1-wlan1: Scan detected ap1-ssid in range (signal: -86.0 / -82.0)
INFO     [2021-06-01 04:58:05,427]: *** sta1-wlan1: Scan detected ap1-ssid in range (signal: -86.0 / -82.0)
INFO     [2021-06-01 04:58:06,432]: *** sta1-wlan1: Scan detected ap1-ssid in range (signal: -86.0 / -82.0)
INFO     [2021-06-01 04:58:07,438]: *** sta1-wlan1: Scan detected ap1-ssid in range (signal: -86.0 / -82.0)
INFO     [2021-06-01 04:58:08,444]: *** sta1-wlan1: Scan detected ap1-ssid in range (signal: -86.0 / -82.0)
INFO     [2021-06-01 04:58:09,450]: *** sta1-wlan1: Scan detected ap1-ssid in range (signal: -86.0 / -82.0)
INFO     [2021-06-01 04:58:09,468]: *** sta1-wlan1: Scanning for ap1-ssid
INFO     [2021-06-01 04:58:10,455]: *** sta1-wlan1: Scan detected ap1-ssid in range (signal: -86.0 / -82.0)
INFO     [2021-06-01 04:58:11,462]: *** sta1-wlan1: Scan detected ap1-ssid in range (signal: -86.0 / -82.0)
INFO     [2021-06-01 04:58:12,472]: *** sta1-wlan1: Scan detected ap1-ssid in range (signal: -86.0 / -82.0)
INFO     [2021-06-01 04:58:13,477]: *** sta1-wlan1: Scan detected ap1-ssid in range (signal: -86.0 / -82.0)
INFO     [2021-06-01 04:58:14,483]: *** sta1-wlan1: Scan detected ap1-ssid in range (signal: -86.0 / -82.0)
INFO     [2021-06-01 04:58:15,207]: *** sta1-wlan1: Scanning for ap1-ssid
INFO     [2021-06-01 04:58:15,489]: *** sta1-wlan1: Scan detected ap1-ssid in range (signal: -86.0 / -82.0)
INFO     [2021-06-01 04:58:16,494]: *** sta1-wlan1: Scan detected ap1-ssid in range (signal: -86.0 / -82.0)
INFO     [2021-06-01 04:58:17,500]: *** sta1-wlan1: Scan detected ap1-ssid in range (signal: -86.0 / -82.0)
INFO     [2021-06-01 04:58:18,506]: *** sta1-wlan1: Scan detected ap1-ssid in range (signal: -86.0 / -82.0)
INFO     [2021-06-01 04:58:19,512]: *** sta1-wlan1: Scan detected ap1-ssid in range (signal: -86.0 / -82.0)
INFO     [2021-06-01 04:58:20,516]: *** sta1-wlan1: Scan detected ap1-ssid in range (signal: -86.0 / -82.0)
INFO     [2021-06-01 04:58:20,941]: *** sta1-wlan1: Scanning for ap1-ssid
INFO     [2021-06-01 04:58:21,521]: *** sta1-wlan1: Scan detected ap1-ssid in range (signal: -86.0 / -82.0)
INFO     [2021-06-01 04:58:22,528]: *** sta1-wlan1: Scan detected ap1-ssid in range (signal: -86.0 / -82.0)
INFO     [2021-06-01 04:58:23,533]: *** sta1-wlan1: Scan detected ap1-ssid in range (signal: -86.0 / -82.0)
INFO     [2021-06-01 04:58:24,542]: *** sta1-wlan1: Scan detected ap1-ssid in range (signal: -86.0 / -82.0)
INFO     [2021-06-01 04:58:25,548]: *** sta1-wlan1: Scan detected ap1-ssid in range (signal: -86.0 / -82.0)
INFO     [2021-06-01 04:58:26,560]: *** sta1-wlan1: Scan detected ap1-ssid in range (signal: -86.0 / -82.0)
INFO     [2021-06-01 04:58:26,697]: *** sta1-wlan1: Scanning for ap1-ssid
INFO     [2021-06-01 04:58:27,564]: *** sta1-wlan1: Scan detected ap1-ssid in range (signal: -86.0 / -82.0)
INFO     [2021-06-01 04:58:28,569]: *** sta1-wlan1: Scan detected ap1-ssid in range (signal: -86.0 / -82.0)
INFO     [2021-06-01 04:58:29,573]: *** sta1-wlan1: Scan detected ap1-ssid in range (signal: -86.0 / -82.0)
INFO     [2021-06-01 04:58:30,577]: *** sta1-wlan1: Scan detected ap1-ssid in range (signal: -86.0 / -82.0)
INFO     [2021-06-01 04:58:31,582]: *** sta1-wlan1: Scan detected ap1-ssid in range (signal: -86.0 / -82.0)
INFO     [2021-06-01 04:58:32,547]: *** sta1-wlan1: Scanning for ap1-ssid
INFO     [2021-06-01 04:58:38,345]: *** sta1-wlan1: Scanning for ap1-ssid
INFO     [2021-06-01 04:58:44,421]: *** sta1-wlan1: Scanning for ap1-ssid
INFO     [2021-06-01 04:58:50,225]: *** sta1-wlan1: Scanning for ap1-ssid
INFO     [2021-06-01 04:58:56,031]: *** sta1-wlan1: Scanning for ap1-ssid
INFO     [2021-06-01 04:59:01,902]: *** sta1-wlan1: Scanning for ap1-ssid
INFO     [2021-06-01 04:59:07,742]: *** sta1-wlan1: Scanning for ap1-ssid
INFO     [2021-06-01 04:59:13,566]: *** sta1-wlan1: Scanning for ap1-ssid
INFO     [2021-06-01 04:59:19,341]: *** sta1-wlan1: Scanning for ap1-ssid
INFO     [2021-06-01 04:59:25,173]: *** sta1-wlan1: Scanning for ap1-ssid
INFO     [2021-06-01 04:59:31,234]: *** sta1-wlan1: Scanning for ap1-ssid
INFO     [2021-06-01 04:59:37,451]: *** sta1-wlan1: Scanning for ap1-ssid
INFO     [2021-06-01 04:59:43,197]: *** sta1-wlan1: Scanning for ap1-ssid
INFO     [2021-06-01 04:59:48,972]: *** sta1-wlan1: Scanning for ap1-ssid
INFO     [2021-06-01 04:59:55,042]: *** sta1-wlan1: Scanning for ap1-ssid
INFO     [2021-06-01 05:00:01,668]: *** sta1-wlan1: Scanning for ap1-ssid
INFO     [2021-06-01 05:00:08,144]: *** sta1-wlan1: Scanning for ap1-ssid
INFO     [2021-06-01 05:00:08,326]: *** sta1-wlan1: Scan detected ap1-ssid in range (signal: -90.0 / -82.0)
INFO     [2021-06-01 05:00:09,331]: *** sta1-wlan1: Scan detected ap1-ssid in range (signal: -90.0 / -82.0)
INFO     [2021-06-01 05:00:10,336]: *** sta1-wlan1: Scan detected ap1-ssid in range (signal: -90.0 / -82.0)
INFO     [2021-06-01 05:00:11,348]: *** sta1-wlan1: Scan detected ap1-ssid in range (signal: -90.0 / -82.0)
INFO     [2021-06-01 05:00:12,354]: *** sta1-wlan1: Scan detected ap1-ssid in range (signal: -90.0 / -82.0)
INFO     [2021-06-01 05:00:13,362]: *** sta1-wlan1: Scan detected ap1-ssid in range (signal: -90.0 / -82.0)
INFO     [2021-06-01 05:00:13,976]: *** sta1-wlan1: Scanning for ap1-ssid
INFO     [2021-06-01 05:00:14,376]: *** sta1-wlan1: Scan detected ap1-ssid in range (signal: -90.0 / -82.0)
INFO     [2021-06-01 05:00:15,410]: *** sta1-wlan1: Scan detected ap1-ssid in range (signal: -90.0 / -82.0)
INFO     [2021-06-01 05:00:16,545]: *** sta1-wlan1: Scan detected ap1-ssid in range (signal: -90.0 / -82.0)
INFO     [2021-06-01 05:00:17,549]: *** sta1-wlan1: Scan detected ap1-ssid in range (signal: -90.0 / -82.0)
INFO     [2021-06-01 05:00:18,555]: *** sta1-wlan1: Scan detected ap1-ssid in range (signal: -90.0 / -82.0)
INFO     [2021-06-01 05:00:19,561]: *** sta1-wlan1: Scan detected ap1-ssid in range (signal: -90.0 / -82.0)
INFO     [2021-06-01 05:00:20,149]: *** sta1-wlan1: Scanning for ap1-ssid
INFO     [2021-06-01 05:00:20,565]: *** sta1-wlan1: Scan detected ap1-ssid in range (signal: -90.0 / -82.0)
INFO     [2021-06-01 05:00:21,569]: *** sta1-wlan1: Scan detected ap1-ssid in range (signal: -90.0 / -82.0)
INFO     [2021-06-01 05:00:22,588]: *** sta1-wlan1: Scan detected ap1-ssid in range (signal: -90.0 / -82.0)
INFO     [2021-06-01 05:00:23,604]: *** sta1-wlan1: Scan detected ap1-ssid in range (signal: -90.0 / -82.0)
INFO     [2021-06-01 05:00:24,608]: *** sta1-wlan1: Scan detected ap1-ssid in range (signal: -90.0 / -82.0)
INFO     [2021-06-01 05:00:25,613]: *** sta1-wlan1: Scan detected ap1-ssid in range (signal: -90.0 / -82.0)
INFO     [2021-06-01 05:00:25,962]: *** sta1-wlan1: Scanning for ap1-ssid
INFO     [2021-06-01 05:00:26,620]: *** sta1-wlan1: Scan detected ap1-ssid in range (signal: -90.0 / -82.0)
INFO     [2021-06-01 05:00:27,639]: *** sta1-wlan1: Scan detected ap1-ssid in range (signal: -90.0 / -82.0)
INFO     [2021-06-01 05:00:28,644]: *** sta1-wlan1: Scan detected ap1-ssid in range (signal: -90.0 / -82.0)
INFO     [2021-06-01 05:00:29,650]: *** sta1-wlan1: Scan detected ap1-ssid in range (signal: -90.0 / -82.0)
INFO     [2021-06-01 05:00:30,656]: *** sta1-wlan1: Scan detected ap1-ssid in range (signal: -90.0 / -82.0)
INFO     [2021-06-01 05:00:31,662]: *** sta1-wlan1: Scan detected ap1-ssid in range (signal: -90.0 / -82.0)
INFO     [2021-06-01 05:00:31,745]: *** sta1-wlan1: Scanning for ap1-ssid
INFO     [2021-06-01 05:00:32,666]: *** sta1-wlan1: Scan detected ap1-ssid in range (signal: -90.0 / -82.0)
INFO     [2021-06-01 05:00:33,673]: *** sta1-wlan1: Scan detected ap1-ssid in range (signal: -90.0 / -82.0)
INFO     [2021-06-01 05:00:34,692]: *** sta1-wlan1: Scan detected ap1-ssid in range (signal: -90.0 / -82.0)
INFO     [2021-06-01 05:00:35,696]: *** sta1-wlan1: Scan detected ap1-ssid in range (signal: -90.0 / -82.0)
INFO     [2021-06-01 05:00:36,739]: *** sta1-wlan1: Scan detected ap1-ssid in range (signal: -90.0 / -82.0)
INFO     [2021-06-01 05:00:37,571]: *** sta1-wlan1: Scanning for ap1-ssid
INFO     [2021-06-01 05:00:37,759]: *** sta1-wlan1: Scan detected ap1-ssid in range (signal: -89.0 / -82.0)
INFO     [2021-06-01 05:00:38,764]: *** sta1-wlan1: Scan detected ap1-ssid in range (signal: -89.0 / -82.0)
INFO     [2021-06-01 05:00:39,778]: *** sta1-wlan1: Scan detected ap1-ssid in range (signal: -89.0 / -82.0)
INFO     [2021-06-01 05:00:40,798]: *** sta1-wlan1: Scan detected ap1-ssid in range (signal: -89.0 / -82.0)
INFO     [2021-06-01 05:00:41,803]: *** sta1-wlan1: Scan detected ap1-ssid in range (signal: -89.0 / -82.0)
INFO     [2021-06-01 05:00:42,810]: *** sta1-wlan1: Scan detected ap1-ssid in range (signal: -89.0 / -82.0)
INFO     [2021-06-01 05:00:43,634]: *** sta1-wlan1: Scanning for ap1-ssid
INFO     [2021-06-01 05:00:43,828]: *** sta1-wlan1: Scan detected ap1-ssid in range (signal: -90.0 / -82.0)
INFO     [2021-06-01 05:00:44,832]: *** sta1-wlan1: Scan detected ap1-ssid in range (signal: -90.0 / -82.0)
INFO     [2021-06-01 05:00:45,842]: *** sta1-wlan1: Scan detected ap1-ssid in range (signal: -90.0 / -82.0)
INFO     [2021-06-01 05:00:46,847]: *** sta1-wlan1: Scan detected ap1-ssid in range (signal: -90.0 / -82.0)
INFO     [2021-06-01 05:00:47,858]: *** sta1-wlan1: Scan detected ap1-ssid in range (signal: -90.0 / -82.0)
INFO     [2021-06-01 05:00:48,865]: *** sta1-wlan1: Scan detected ap1-ssid in range (signal: -90.0 / -82.0)
INFO     [2021-06-01 05:00:49,406]: *** sta1-wlan1: Scanning for ap1-ssid
INFO     [2021-06-01 05:00:49,871]: *** sta1-wlan1: Scan detected ap1-ssid in range (signal: -90.0 / -82.0)
INFO     [2021-06-01 05:00:50,876]: *** sta1-wlan1: Scan detected ap1-ssid in range (signal: -90.0 / -82.0)
INFO     [2021-06-01 05:00:51,881]: *** sta1-wlan1: Scan detected ap1-ssid in range (signal: -90.0 / -82.0)
INFO     [2021-06-01 05:00:52,886]: *** sta1-wlan1: Scan detected ap1-ssid in range (signal: -90.0 / -82.0)
INFO     [2021-06-01 05:00:53,892]: *** sta1-wlan1: Scan detected ap1-ssid in range (signal: -90.0 / -82.0)
INFO     [2021-06-01 05:00:54,897]: *** sta1-wlan1: Scan detected ap1-ssid in range (signal: -90.0 / -82.0)
INFO     [2021-06-01 05:00:55,177]: *** sta1-wlan1: Scanning for ap1-ssid
INFO     [2021-06-01 05:00:55,902]: *** sta1-wlan1: Scan detected ap1-ssid in range (signal: -90.0 / -82.0)
INFO     [2021-06-01 05:00:56,911]: *** sta1-wlan1: Scan detected ap1-ssid in range (signal: -90.0 / -82.0)
INFO     [2021-06-01 05:00:57,918]: *** sta1-wlan1: Scan detected ap1-ssid in range (signal: -90.0 / -82.0)
INFO     [2021-06-01 05:00:58,926]: *** sta1-wlan1: Scan detected ap1-ssid in range (signal: -90.0 / -82.0)
INFO     [2021-06-01 05:00:59,930]: *** sta1-wlan1: Scan detected ap1-ssid in range (signal: -90.0 / -82.0)
INFO     [2021-06-01 05:01:00,936]: *** sta1-wlan1: Scan detected ap1-ssid in range (signal: -90.0 / -82.0)
INFO     [2021-06-01 05:01:00,951]: *** sta1-wlan1: Scanning for ap1-ssid
INFO     [2021-06-01 05:01:01,942]: *** sta1-wlan1: Scan detected ap1-ssid in range (signal: -90.0 / -82.0)
INFO     [2021-06-01 05:01:02,945]: *** sta1-wlan1: Scan detected ap1-ssid in range (signal: -90.0 / -82.0)
INFO     [2021-06-01 05:01:03,952]: *** sta1-wlan1: Scan detected ap1-ssid in range (signal: -90.0 / -82.0)
INFO     [2021-06-01 05:01:04,957]: *** sta1-wlan1: Scan detected ap1-ssid in range (signal: -90.0 / -82.0)
INFO     [2021-06-01 05:01:05,963]: *** sta1-wlan1: Scan detected ap1-ssid in range (signal: -90.0 / -82.0)
INFO     [2021-06-01 05:01:06,694]: *** sta1-wlan1: Scanning for ap1-ssid
INFO     [2021-06-01 05:01:06,968]: *** sta1-wlan1: Scan detected ap1-ssid in range (signal: -90.0 / -82.0)
INFO     [2021-06-01 05:01:07,973]: *** sta1-wlan1: Scan detected ap1-ssid in range (signal: -90.0 / -82.0)
INFO     [2021-06-01 05:01:08,979]: *** sta1-wlan1: Scan detected ap1-ssid in range (signal: -90.0 / -82.0)
INFO     [2021-06-01 05:01:09,985]: *** sta1-wlan1: Scan detected ap1-ssid in range (signal: -90.0 / -82.0)
INFO     [2021-06-01 05:01:11,000]: *** sta1-wlan1: Scan detected ap1-ssid in range (signal: -90.0 / -82.0)
INFO     [2021-06-01 05:01:12,007]: *** sta1-wlan1: Scan detected ap1-ssid in range (signal: -90.0 / -82.0)
INFO     [2021-06-01 05:01:12,464]: *** sta1-wlan1: Scanning for ap1-ssid
INFO     [2021-06-01 05:01:13,012]: *** sta1-wlan1: Scan detected ap1-ssid in range (signal: -90.0 / -82.0)
INFO     [2021-06-01 05:01:14,017]: *** sta1-wlan1: Scan detected ap1-ssid in range (signal: -90.0 / -82.0)
INFO     [2021-06-01 05:01:15,025]: *** sta1-wlan1: Scan detected ap1-ssid in range (signal: -90.0 / -82.0)
INFO     [2021-06-01 05:01:16,031]: *** sta1-wlan1: Scan detected ap1-ssid in range (signal: -90.0 / -82.0)
INFO     [2021-06-01 05:01:17,040]: *** sta1-wlan1: Scan detected ap1-ssid in range (signal: -90.0 / -82.0)
INFO     [2021-06-01 05:01:18,306]: *** sta1-wlan1: Scanning for ap1-ssid
INFO     [2021-06-01 05:01:24,095]: *** sta1-wlan1: Scanning for ap1-ssid
INFO     [2021-06-01 05:01:29,871]: *** sta1-wlan1: Scanning for ap1-ssid
INFO     [2021-06-01 05:01:35,748]: *** sta1-wlan1: Scanning for ap1-ssid
INFO     [2021-06-01 05:01:41,561]: *** sta1-wlan1: Scanning for ap1-ssid
INFO     [2021-06-01 05:01:47,321]: *** sta1-wlan1: Scanning for ap1-ssid
INFO     [2021-06-01 05:01:53,089]: *** sta1-wlan1: Scanning for ap1-ssid
INFO     [2021-06-01 05:01:58,842]: *** sta1-wlan1: Scanning for ap1-ssid
INFO     [2021-06-01 05:02:04,609]: *** sta1-wlan1: Scanning for ap1-ssid
INFO     [2021-06-01 05:02:10,649]: *** sta1-wlan1: Scanning for ap1-ssid
INFO     [2021-06-01 05:02:16,931]: *** sta1-wlan1: Scanning for ap1-ssid
INFO     [2021-06-01 05:02:22,681]: *** sta1-wlan1: Scanning for ap1-ssid
INFO     [2021-06-01 05:02:28,441]: *** sta1-wlan1: Scanning for ap1-ssid
INFO     [2021-06-01 05:02:34,931]: *** sta1-wlan1: Scanning for ap1-ssid
INFO     [2021-06-01 05:02:41,423]: *** sta1-wlan1: Scanning for ap1-ssid
INFO     [2021-06-01 05:02:47,162]: *** sta1-wlan1: Scanning for ap1-ssid
INFO     [2021-06-01 05:02:52,897]: *** sta1-wlan1: Scanning for ap1-ssid
INFO     [2021-06-01 05:02:58,646]: *** sta1-wlan1: Scanning for ap1-ssid
INFO     [2021-06-01 05:03:04,421]: *** sta1-wlan1: Scanning for ap1-ssid
INFO     [2021-06-01 05:03:10,166]: *** sta1-wlan1: Scanning for ap1-ssid
INFO     [2021-06-01 05:03:15,941]: *** sta1-wlan1: Scanning for ap1-ssid
INFO     [2021-06-01 05:03:16,919]: *** sta1-wlan1: Scan detected ap1-ssid in range (signal: -88.0 / -82.0)
INFO     [2021-06-01 05:03:17,923]: *** sta1-wlan1: Scan detected ap1-ssid in range (signal: -88.0 / -82.0)
INFO     [2021-06-01 05:03:18,215]: *** sta1-wlan1: Scanning for ap1-ssid
INFO     [2021-06-01 05:03:18,934]: *** sta1-wlan1: Scan detected ap1-ssid in range (signal: -88.0 / -82.0)
INFO     [2021-06-01 05:03:19,942]: *** sta1-wlan1: Scan detected ap1-ssid in range (signal: -88.0 / -82.0)
INFO     [2021-06-01 05:03:20,221]: *** sta1-wlan1: Scanning for ap1-ssid
INFO     [2021-06-01 05:03:20,947]: *** sta1-wlan1: Scan detected ap1-ssid in range (signal: -83.0 / -82.0)
INFO     [2021-06-01 05:03:21,954]: *** sta1-wlan1: Scan detected ap1-ssid in range (signal: -83.0 / -82.0)
INFO     [2021-06-01 05:03:22,958]: *** sta1-wlan1: Scan detected ap1-ssid in range (signal: -83.0 / -82.0)
INFO     [2021-06-01 05:03:23,963]: *** sta1-wlan1: Scan detected ap1-ssid in range (signal: -90.0 / -82.0)
INFO     [2021-06-01 05:03:24,968]: *** sta1-wlan1: Scan detected ap1-ssid in range (signal: -90.0 / -82.0)
INFO     [2021-06-01 05:03:25,965]: *** sta1-wlan1: Scanning for ap1-ssid
INFO     [2021-06-01 05:03:25,972]: *** sta1-wlan1: Scan detected ap1-ssid in range (signal: -90.0 / -82.0)
INFO     [2021-06-01 05:03:26,977]: *** sta1-wlan1: Scan detected ap1-ssid in range (signal: -88.0 / -82.0)
INFO     [2021-06-01 05:03:27,982]: *** sta1-wlan1: Scan detected ap1-ssid in range (signal: -88.0 / -82.0)
INFO     [2021-06-01 05:03:28,986]: *** sta1-wlan1: Scan detected ap1-ssid in range (signal: -88.0 / -82.0)
INFO     [2021-06-01 05:03:29,998]: *** sta1-wlan1: Scan detected ap1-ssid in range (signal: -88.0 / -82.0)
INFO     [2021-06-01 05:03:31,003]: *** sta1-wlan1: Scan detected ap1-ssid in range (signal: -88.0 / -82.0)
INFO     [2021-06-01 05:03:31,758]: *** sta1-wlan1: Scanning for ap1-ssid
INFO     [2021-06-01 05:03:32,008]: *** sta1-wlan1: Scan detected ap1-ssid in range (signal: -88.0 / -82.0)
INFO     [2021-06-01 05:03:33,018]: *** sta1-wlan1: Scan detected ap1-ssid in range (signal: -88.0 / -82.0)
INFO     [2021-06-01 05:03:34,023]: *** sta1-wlan1: Scan detected ap1-ssid in range (signal: -88.0 / -82.0)
INFO     [2021-06-01 05:03:35,030]: *** sta1-wlan1: Scan detected ap1-ssid in range (signal: -88.0 / -82.0)
INFO     [2021-06-01 05:03:36,033]: *** sta1-wlan1: Scan detected ap1-ssid in range (signal: -88.0 / -82.0)
INFO     [2021-06-01 05:03:37,038]: *** sta1-wlan1: Scan detected ap1-ssid in range (signal: -88.0 / -82.0)
INFO     [2021-06-01 05:03:37,631]: *** sta1-wlan1: Scanning for ap1-ssid
INFO     [2021-06-01 05:03:38,043]: *** sta1-wlan1: Scan detected ap1-ssid in range (signal: -85.0 / -82.0)
INFO     [2021-06-01 05:03:39,050]: *** sta1-wlan1: Scan detected ap1-ssid in range (signal: -85.0 / -82.0)
INFO     [2021-06-01 05:03:40,054]: *** sta1-wlan1: Scan detected ap1-ssid in range (signal: -85.0 / -82.0)
INFO     [2021-06-01 05:03:41,061]: *** sta1-wlan1: Scan detected ap1-ssid in range (signal: -85.0 / -82.0)
INFO     [2021-06-01 05:03:42,066]: *** sta1-wlan1: Scan detected ap1-ssid in range (signal: -85.0 / -82.0)
INFO     [2021-06-01 05:03:43,071]: *** sta1-wlan1: Scan detected ap1-ssid in range (signal: -85.0 / -82.0)
INFO     [2021-06-01 05:03:43,427]: *** sta1-wlan1: Scanning for ap1-ssid
INFO     [2021-06-01 05:03:44,083]: *** sta1-wlan1: Scan detected ap1-ssid in range (signal: -88.0 / -82.0)
INFO     [2021-06-01 05:03:45,093]: *** sta1-wlan1: Scan detected ap1-ssid in range (signal: -88.0 / -82.0)
INFO     [2021-06-01 05:03:46,099]: *** sta1-wlan1: Scan detected ap1-ssid in range (signal: -88.0 / -82.0)
INFO     [2021-06-01 05:03:47,102]: *** sta1-wlan1: Scan detected ap1-ssid in range (signal: -88.0 / -82.0)
INFO     [2021-06-01 05:03:48,107]: *** sta1-wlan1: Scan detected ap1-ssid in range (signal: -88.0 / -82.0)
INFO     [2021-06-01 05:03:49,114]: *** sta1-wlan1: Scan detected ap1-ssid in range (signal: -88.0 / -82.0)
INFO     [2021-06-01 05:03:49,336]: *** sta1-wlan1: Scanning for ap1-ssid
INFO     [2021-06-01 05:03:50,124]: *** sta1-wlan1: Scan detected ap1-ssid in range (signal: -85.0 / -82.0)
INFO     [2021-06-01 05:03:51,130]: *** sta1-wlan1: Scan detected ap1-ssid in range (signal: -85.0 / -82.0)
INFO     [2021-06-01 05:03:52,134]: *** sta1-wlan1: Scan detected ap1-ssid in range (signal: -85.0 / -82.0)
INFO     [2021-06-01 05:03:53,139]: *** sta1-wlan1: Scan detected ap1-ssid in range (signal: -85.0 / -82.0)
INFO     [2021-06-01 05:03:54,144]: *** sta1-wlan1: Scan detected ap1-ssid in range (signal: -85.0 / -82.0)
INFO     [2021-06-01 05:03:55,157]: *** sta1-wlan1: Scan detected ap1-ssid in range (signal: -85.0 / -82.0)
INFO     [2021-06-01 05:03:55,358]: *** sta1-wlan1: Scanning for ap1-ssid
INFO     [2021-06-01 05:03:56,173]: *** sta1-wlan1: Scan detected ap1-ssid in range (signal: -87.0 / -82.0)
INFO     [2021-06-01 05:03:57,179]: *** sta1-wlan1: Scan detected ap1-ssid in range (signal: -87.0 / -82.0)
INFO     [2021-06-01 05:03:58,186]: *** sta1-wlan1: Scan detected ap1-ssid in range (signal: -87.0 / -82.0)
INFO     [2021-06-01 05:03:59,191]: *** sta1-wlan1: Scan detected ap1-ssid in range (signal: -87.0 / -82.0)
INFO     [2021-06-01 05:04:00,196]: *** sta1-wlan1: Scan detected ap1-ssid in range (signal: -87.0 / -82.0)
INFO     [2021-06-01 05:04:01,199]: *** sta1-wlan1: Scan detected ap1-ssid in range (signal: -87.0 / -82.0)
INFO     [2021-06-01 05:04:01,324]: *** sta1-wlan1: Scanning for ap1-ssid
INFO     [2021-06-01 05:04:02,205]: *** sta1-wlan1: Scan detected ap1-ssid in range (signal: -83.0 / -82.0)
INFO     [2021-06-01 05:04:03,211]: *** sta1-wlan1: Scan detected ap1-ssid in range (signal: -83.0 / -82.0)
INFO     [2021-06-01 05:04:04,216]: *** sta1-wlan1: Scan detected ap1-ssid in range (signal: -83.0 / -82.0)
INFO     [2021-06-01 05:04:05,257]: *** sta1-wlan1: Scan detected ap1-ssid in range (signal: -83.0 / -82.0)
INFO     [2021-06-01 05:04:06,262]: *** sta1-wlan1: Scan detected ap1-ssid in range (signal: -83.0 / -82.0)
INFO     [2021-06-01 05:04:07,135]: *** sta1-wlan1: Scanning for ap1-ssid
INFO     [2021-06-01 05:04:07,268]: *** sta1-wlan1: Scan detected ap1-ssid in range (signal: -85.0 / -82.0)
INFO     [2021-06-01 05:04:08,273]: *** sta1-wlan1: Scan detected ap1-ssid in range (signal: -85.0 / -82.0)
INFO     [2021-06-01 05:04:09,279]: *** sta1-wlan1: Scan detected ap1-ssid in range (signal: -85.0 / -82.0)
INFO     [2021-06-01 05:04:10,285]: *** sta1-wlan1: Scan detected ap1-ssid in range (signal: -85.0 / -82.0)
INFO     [2021-06-01 05:04:11,289]: *** sta1-wlan1: Scan detected ap1-ssid in range (signal: -85.0 / -82.0)
INFO     [2021-06-01 05:04:12,295]: *** sta1-wlan1: Scan detected ap1-ssid in range (signal: -85.0 / -82.0)
INFO     [2021-06-01 05:04:13,009]: *** sta1-wlan1: Scanning for ap1-ssid
INFO     [2021-06-01 05:04:13,299]: *** sta1-wlan1: Scan detected ap1-ssid in range (signal: -86.0 / -82.0)
INFO     [2021-06-01 05:04:14,304]: *** sta1-wlan1: Scan detected ap1-ssid in range (signal: -86.0 / -82.0)
INFO     [2021-06-01 05:04:15,309]: *** sta1-wlan1: Scan detected ap1-ssid in range (signal: -86.0 / -82.0)
INFO     [2021-06-01 05:04:16,313]: *** sta1-wlan1: Scan detected ap1-ssid in range (signal: -86.0 / -82.0)
INFO     [2021-06-01 05:04:17,318]: *** sta1-wlan1: Scan detected ap1-ssid in range (signal: -86.0 / -82.0)
INFO     [2021-06-01 05:04:18,323]: *** sta1-wlan1: Scan detected ap1-ssid in range (signal: -86.0 / -82.0)
INFO     [2021-06-01 05:04:18,762]: *** sta1-wlan1: Scanning for ap1-ssid
INFO     [2021-06-01 05:04:19,328]: *** sta1-wlan1: Scan detected ap1-ssid in range (signal: -84.0 / -82.0)
INFO     [2021-06-01 05:04:20,333]: *** sta1-wlan1: Scan detected ap1-ssid in range (signal: -84.0 / -82.0)
INFO     [2021-06-01 05:04:21,338]: *** sta1-wlan1: Scan detected ap1-ssid in range (signal: -84.0 / -82.0)
INFO     [2021-06-01 05:04:22,346]: *** sta1-wlan1: Scan detected ap1-ssid in range (signal: -84.0 / -82.0)
INFO     [2021-06-01 05:04:23,350]: *** sta1-wlan1: Scan detected ap1-ssid in range (signal: -84.0 / -82.0)
INFO     [2021-06-01 05:04:24,354]: *** sta1-wlan1: Scan detected ap1-ssid in range (signal: -84.0 / -82.0)
INFO     [2021-06-01 05:04:24,561]: *** sta1-wlan1: Scanning for ap1-ssid
INFO     [2021-06-01 05:04:25,368]: *** sta1-wlan1: Scan detected ap1-ssid in range (signal: -83.0 / -82.0)
INFO     [2021-06-01 05:04:26,373]: *** sta1-wlan1: Scan detected ap1-ssid in range (signal: -83.0 / -82.0)
INFO     [2021-06-01 05:04:27,378]: *** sta1-wlan1: Scan detected ap1-ssid in range (signal: -83.0 / -82.0)
INFO     [2021-06-01 05:04:28,382]: *** sta1-wlan1: Scan detected ap1-ssid in range (signal: -83.0 / -82.0)
INFO     [2021-06-01 05:04:29,386]: *** sta1-wlan1: Scan detected ap1-ssid in range (signal: -83.0 / -82.0)
INFO     [2021-06-01 05:04:30,358]: *** sta1-wlan1: Scanning for ap1-ssid
INFO     [2021-06-01 05:04:30,396]: *** sta1-wlan1: Scan detected ap1-ssid in range (signal: -83.0 / -82.0)
INFO     [2021-06-01 05:04:31,400]: *** sta1-wlan1: Scan detected ap1-ssid in range (signal: -85.0 / -82.0)
INFO     [2021-06-01 05:04:32,404]: *** sta1-wlan1: Scan detected ap1-ssid in range (signal: -85.0 / -82.0)
INFO     [2021-06-01 05:04:33,409]: *** sta1-wlan1: Scan detected ap1-ssid in range (signal: -85.0 / -82.0)
INFO     [2021-06-01 05:04:34,418]: *** sta1-wlan1: Scan detected ap1-ssid in range (signal: -85.0 / -82.0)
INFO     [2021-06-01 05:04:35,426]: *** sta1-wlan1: Scan detected ap1-ssid in range (signal: -85.0 / -82.0)
INFO     [2021-06-01 05:04:36,134]: *** sta1-wlan1: Scanning for ap1-ssid
INFO     [2021-06-01 05:04:36,434]: *** sta1-wlan1: Scan detected ap1-ssid in range (signal: -81.0 / -82.0)
INFO     [2021-06-01 05:04:40,226]: *** sta1-wlan0: Connected interface to ap1-ssid
INFO     [2021-06-01 05:07:53,978]: *** sta1-wlan1: Scanner started. Searching for ap1-ssid with interval 2.0
INFO     [2021-06-01 05:07:55,981]: *** sta1-wlan1: Scanning for ap1-ssid
