INFO     [2021-05-31 03:13:58,303]: *** sta1-wlan0: Started flexible_sdn.py
INFO     [2021-05-31 03:13:58,306]: *** sta1: Interface: sta1-wlan0, Scan-interface: sta1-wlan1
INFO     [2021-05-31 03:13:58,316]: *** sta3-wlan0: Started flexible_sdn.py
INFO     [2021-05-31 03:13:58,319]: *** sta3: Interface: sta3-wlan0, Scan-interface: sta3-wlan1
INFO     [2021-05-31 03:14:46,655]: *** sta3-wlan1: Scanner started. Searching for ap1-ssid with interval 5.0
INFO     [2021-05-31 03:14:46,659]: *** sta3-wlan0: Set type to ibss
INFO     [2021-05-31 03:14:46,661]: *** sta3-wlan0: Set ip link up
INFO     [2021-05-31 03:14:46,663]: *** sta3-wlan0: Join ibss adhocNet
INFO     [2021-05-31 03:14:48,652]: *** sta1-wlan1: Scanner started. Searching for ap1-ssid with interval 5.0
INFO     [2021-05-31 03:14:48,658]: *** sta1-wlan0: Set type to ibss
INFO     [2021-05-31 03:14:48,660]: *** sta1-wlan0: Set ip link up
INFO     [2021-05-31 03:14:48,664]: *** sta1-wlan0: Join ibss adhocNet
INFO     [2021-05-31 03:14:51,658]: *** sta3-wlan1: Scanning for ap1-ssid
INFO     [2021-05-31 03:14:53,654]: *** sta1-wlan1: Scanning for ap1-ssid
INFO     [2021-05-31 03:14:55,569]: *** sta3-wlan0: Starting OLSR
INFO     [2021-05-31 03:14:55,580]: *** sta3-wlan0: Started olsrd in the background (PID: )
INFO     [2021-05-31 03:14:56,586]: *** sta3-wlan1: Scan detected ap1-ssid in range (signal: -80.0 / -65.0)
INFO     [2021-05-31 03:14:57,590]: *** sta3-wlan1: Scan detected ap1-ssid in range (signal: -80.0 / -65.0)
INFO     [2021-05-31 03:14:57,619]: *** sta1-wlan0: Starting OLSR
INFO     [2021-05-31 03:14:57,642]: *** sta1-wlan0: Started olsrd in the background (PID: )
INFO     [2021-05-31 03:14:58,597]: *** sta3-wlan1: Scan detected ap1-ssid in range (signal: -80.0 / -65.0)
INFO     [2021-05-31 03:14:58,650]: *** sta1-wlan1: Scan detected ap1-ssid in range (signal: -73.0 / -65.0)
INFO     [2021-05-31 03:14:59,606]: *** sta3-wlan1: Scan detected ap1-ssid in range (signal: -80.0 / -65.0)
INFO     [2021-05-31 03:14:59,661]: *** sta1-wlan1: Scan detected ap1-ssid in range (signal: -73.0 / -65.0)
INFO     [2021-05-31 03:15:00,451]: *** sta3-wlan1: Scanning for ap1-ssid
INFO     [2021-05-31 03:15:00,613]: *** sta3-wlan1: Scan detected ap1-ssid in range (signal: -73.0 / -65.0)
INFO     [2021-05-31 03:15:00,671]: *** sta1-wlan1: Scan detected ap1-ssid in range (signal: -73.0 / -65.0)
INFO     [2021-05-31 03:15:01,621]: *** sta3-wlan1: Scan detected ap1-ssid in range (signal: -73.0 / -65.0)
INFO     [2021-05-31 03:15:01,678]: *** sta1-wlan1: Scan detected ap1-ssid in range (signal: -73.0 / -65.0)
INFO     [2021-05-31 03:15:02,423]: *** sta1-wlan1: Scanning for ap1-ssid
INFO     [2021-05-31 03:15:02,638]: *** sta3-wlan1: Scan detected ap1-ssid in range (signal: -73.0 / -65.0)
INFO     [2021-05-31 03:15:02,685]: *** sta1-wlan1: Scan detected ap1-ssid in range (signal: -76.0 / -65.0)
INFO     [2021-05-31 03:15:03,646]: *** sta3-wlan1: Scan detected ap1-ssid in range (signal: -73.0 / -65.0)
INFO     [2021-05-31 03:15:03,692]: *** sta1-wlan1: Scan detected ap1-ssid in range (signal: -76.0 / -65.0)
INFO     [2021-05-31 03:15:04,665]: *** sta3-wlan1: Scan detected ap1-ssid in range (signal: -73.0 / -65.0)
INFO     [2021-05-31 03:15:04,697]: *** sta1-wlan1: Scan detected ap1-ssid in range (signal: -76.0 / -65.0)
INFO     [2021-05-31 03:15:05,673]: *** sta3-wlan1: Scan detected ap1-ssid in range (signal: -73.0 / -65.0)
INFO     [2021-05-31 03:15:05,708]: *** sta1-wlan1: Scan detected ap1-ssid in range (signal: -76.0 / -65.0)
INFO     [2021-05-31 03:15:06,678]: *** sta3-wlan1: Scan detected ap1-ssid in range (signal: -73.0 / -65.0)
INFO     [2021-05-31 03:15:06,715]: *** sta1-wlan1: Scan detected ap1-ssid in range (signal: -78.0 / -65.0)
INFO     [2021-05-31 03:15:07,683]: *** sta3-wlan1: Scan detected ap1-ssid in range (signal: -73.0 / -65.0)
INFO     [2021-05-31 03:15:07,720]: *** sta1-wlan1: Scan detected ap1-ssid in range (signal: -78.0 / -65.0)
INFO     [2021-05-31 03:15:08,689]: *** sta3-wlan1: Scan detected ap1-ssid in range (signal: -73.0 / -65.0)
INFO     [2021-05-31 03:15:08,726]: *** sta1-wlan1: Scan detected ap1-ssid in range (signal: -78.0 / -65.0)
INFO     [2021-05-31 03:15:09,260]: *** sta3-wlan1: Scanning for ap1-ssid
INFO     [2021-05-31 03:15:09,694]: *** sta3-wlan1: Scan detected ap1-ssid in range (signal: -75.0 / -65.0)
INFO     [2021-05-31 03:15:09,731]: *** sta1-wlan1: Scan detected ap1-ssid in range (signal: -78.0 / -65.0)
INFO     [2021-05-31 03:15:10,698]: *** sta3-wlan1: Scan detected ap1-ssid in range (signal: -75.0 / -65.0)
INFO     [2021-05-31 03:15:10,735]: *** sta1-wlan1: Scan detected ap1-ssid in range (signal: -78.0 / -65.0)
INFO     [2021-05-31 03:15:11,204]: *** sta1-wlan1: Scanning for ap1-ssid
INFO     [2021-05-31 03:15:11,704]: *** sta3-wlan1: Scan detected ap1-ssid in range (signal: -75.0 / -65.0)
INFO     [2021-05-31 03:15:11,741]: *** sta1-wlan1: Scan detected ap1-ssid in range (signal: -74.0 / -65.0)
INFO     [2021-05-31 03:15:12,709]: *** sta3-wlan1: Scan detected ap1-ssid in range (signal: -75.0 / -65.0)
INFO     [2021-05-31 03:15:12,745]: *** sta1-wlan1: Scan detected ap1-ssid in range (signal: -74.0 / -65.0)
INFO     [2021-05-31 03:15:13,714]: *** sta3-wlan1: Scan detected ap1-ssid in range (signal: -77.0 / -65.0)
INFO     [2021-05-31 03:15:13,749]: *** sta1-wlan1: Scan detected ap1-ssid in range (signal: -74.0 / -65.0)
INFO     [2021-05-31 03:15:14,722]: *** sta3-wlan1: Scan detected ap1-ssid in range (signal: -77.0 / -65.0)
INFO     [2021-05-31 03:15:14,754]: *** sta1-wlan1: Scan detected ap1-ssid in range (signal: -74.0 / -65.0)
INFO     [2021-05-31 03:15:15,730]: *** sta3-wlan1: Scan detected ap1-ssid in range (signal: -77.0 / -65.0)
INFO     [2021-05-31 03:15:15,759]: *** sta1-wlan1: Scan detected ap1-ssid in range (signal: -74.0 / -65.0)
INFO     [2021-05-31 03:15:16,733]: *** sta3-wlan1: Scan detected ap1-ssid in range (signal: -77.0 / -65.0)
INFO     [2021-05-31 03:15:16,764]: *** sta1-wlan1: Scan detected ap1-ssid in range (signal: -74.0 / -65.0)
INFO     [2021-05-31 03:15:17,743]: *** sta3-wlan1: Scan detected ap1-ssid in range (signal: -77.0 / -65.0)
INFO     [2021-05-31 03:15:17,769]: *** sta1-wlan1: Scan detected ap1-ssid in range (signal: -74.0 / -65.0)
INFO     [2021-05-31 03:15:18,054]: *** sta3-wlan1: Scanning for ap1-ssid
INFO     [2021-05-31 03:15:18,768]: *** sta3-wlan1: Scan detected ap1-ssid in range (signal: -77.0 / -65.0)
INFO     [2021-05-31 03:15:18,773]: *** sta1-wlan1: Scan detected ap1-ssid in range (signal: -74.0 / -65.0)
INFO     [2021-05-31 03:15:19,774]: *** sta3-wlan1: Scan detected ap1-ssid in range (signal: -77.0 / -65.0)
INFO     [2021-05-31 03:15:19,778]: *** sta1-wlan1: Scan detected ap1-ssid in range (signal: -74.0 / -65.0)
INFO     [2021-05-31 03:15:20,091]: *** sta1-wlan1: Scanning for ap1-ssid
INFO     [2021-05-31 03:15:20,800]: *** sta1-wlan1: Scan detected ap1-ssid in range (signal: -78.0 / -65.0)
INFO     [2021-05-31 03:15:20,801]: *** sta3-wlan1: Scan detected ap1-ssid in range (signal: -77.0 / -65.0)
INFO     [2021-05-31 03:15:21,817]: *** sta1-wlan1: Scan detected ap1-ssid in range (signal: -78.0 / -65.0)
INFO     [2021-05-31 03:15:21,818]: *** sta3-wlan1: Scan detected ap1-ssid in range (signal: -77.0 / -65.0)
INFO     [2021-05-31 03:15:22,822]: *** sta1-wlan1: Scan detected ap1-ssid in range (signal: -78.0 / -65.0)
INFO     [2021-05-31 03:15:22,825]: *** sta3-wlan1: Scan detected ap1-ssid in range (signal: -77.0 / -65.0)
INFO     [2021-05-31 03:15:23,826]: *** sta1-wlan1: Scan detected ap1-ssid in range (signal: -78.0 / -65.0)
INFO     [2021-05-31 03:15:23,831]: *** sta3-wlan1: Scan detected ap1-ssid in range (signal: -77.0 / -65.0)
INFO     [2021-05-31 03:15:24,830]: *** sta1-wlan1: Scan detected ap1-ssid in range (signal: -78.0 / -65.0)
INFO     [2021-05-31 03:15:24,840]: *** sta3-wlan1: Scan detected ap1-ssid in range (signal: -77.0 / -65.0)
INFO     [2021-05-31 03:15:25,838]: *** sta1-wlan1: Scan detected ap1-ssid in range (signal: -78.0 / -65.0)
INFO     [2021-05-31 03:15:25,847]: *** sta3-wlan1: Scan detected ap1-ssid in range (signal: -77.0 / -65.0)
INFO     [2021-05-31 03:15:26,843]: *** sta1-wlan1: Scan detected ap1-ssid in range (signal: -78.0 / -65.0)
INFO     [2021-05-31 03:15:26,852]: *** sta3-wlan1: Scan detected ap1-ssid in range (signal: -77.0 / -65.0)
INFO     [2021-05-31 03:15:27,332]: *** sta3-wlan1: Scanning for ap1-ssid
INFO     [2021-05-31 03:15:27,847]: *** sta1-wlan1: Scan detected ap1-ssid in range (signal: -78.0 / -65.0)
INFO     [2021-05-31 03:15:27,856]: *** sta3-wlan1: Scan detected ap1-ssid in range (signal: -81.0 / -65.0)
INFO     [2021-05-31 03:15:28,851]: *** sta1-wlan1: Scan detected ap1-ssid in range (signal: -78.0 / -65.0)
INFO     [2021-05-31 03:15:28,861]: *** sta3-wlan1: Scan detected ap1-ssid in range (signal: -81.0 / -65.0)
INFO     [2021-05-31 03:15:29,426]: *** sta1-wlan1: Scanning for ap1-ssid
INFO     [2021-05-31 03:15:29,855]: *** sta1-wlan1: Scan detected ap1-ssid in range (signal: -80.0 / -65.0)
INFO     [2021-05-31 03:15:29,866]: *** sta3-wlan1: Scan detected ap1-ssid in range (signal: -81.0 / -65.0)
INFO     [2021-05-31 03:15:30,860]: *** sta1-wlan1: Scan detected ap1-ssid in range (signal: -80.0 / -65.0)
INFO     [2021-05-31 03:15:30,874]: *** sta3-wlan1: Scan detected ap1-ssid in range (signal: -81.0 / -65.0)
INFO     [2021-05-31 03:15:31,864]: *** sta1-wlan1: Scan detected ap1-ssid in range (signal: -80.0 / -65.0)
INFO     [2021-05-31 03:15:31,878]: *** sta3-wlan1: Scan detected ap1-ssid in range (signal: -81.0 / -65.0)
INFO     [2021-05-31 03:15:32,869]: *** sta1-wlan1: Scan detected ap1-ssid in range (signal: -80.0 / -65.0)
INFO     [2021-05-31 03:15:32,886]: *** sta3-wlan1: Scan detected ap1-ssid in range (signal: -81.0 / -65.0)
INFO     [2021-05-31 03:15:33,875]: *** sta1-wlan1: Scan detected ap1-ssid in range (signal: -80.0 / -65.0)
INFO     [2021-05-31 03:15:33,891]: *** sta3-wlan1: Scan detected ap1-ssid in range (signal: -81.0 / -65.0)
INFO     [2021-05-31 03:15:34,880]: *** sta1-wlan1: Scan detected ap1-ssid in range (signal: -80.0 / -65.0)
INFO     [2021-05-31 03:15:34,896]: *** sta3-wlan1: Scan detected ap1-ssid in range (signal: -81.0 / -65.0)
INFO     [2021-05-31 03:15:35,887]: *** sta1-wlan1: Scan detected ap1-ssid in range (signal: -80.0 / -65.0)
INFO     [2021-05-31 03:15:35,900]: *** sta3-wlan1: Scan detected ap1-ssid in range (signal: -81.0 / -65.0)
INFO     [2021-05-31 03:15:36,110]: *** sta3-wlan1: Scanning for ap1-ssid
INFO     [2021-05-31 03:15:36,892]: *** sta1-wlan1: Scan detected ap1-ssid in range (signal: -80.0 / -65.0)
INFO     [2021-05-31 03:15:36,906]: *** sta3-wlan1: Scan detected ap1-ssid in range (signal: -78.0 / -65.0)
INFO     [2021-05-31 03:15:37,901]: *** sta1-wlan1: Scan detected ap1-ssid in range (signal: -80.0 / -65.0)
INFO     [2021-05-31 03:15:37,910]: *** sta3-wlan1: Scan detected ap1-ssid in range (signal: -78.0 / -65.0)
INFO     [2021-05-31 03:15:38,188]: *** sta1-wlan1: Scanning for ap1-ssid
INFO     [2021-05-31 03:15:38,906]: *** sta1-wlan1: Scan detected ap1-ssid in range (signal: -83.0 / -65.0)
INFO     [2021-05-31 03:15:38,915]: *** sta3-wlan1: Scan detected ap1-ssid in range (signal: -78.0 / -65.0)
INFO     [2021-05-31 03:15:39,911]: *** sta1-wlan1: Scan detected ap1-ssid in range (signal: -83.0 / -65.0)
INFO     [2021-05-31 03:15:39,920]: *** sta3-wlan1: Scan detected ap1-ssid in range (signal: -81.0 / -65.0)
INFO     [2021-05-31 03:15:40,919]: *** sta1-wlan1: Scan detected ap1-ssid in range (signal: -83.0 / -65.0)
INFO     [2021-05-31 03:15:40,925]: *** sta3-wlan1: Scan detected ap1-ssid in range (signal: -81.0 / -65.0)
INFO     [2021-05-31 03:15:41,924]: *** sta1-wlan1: Scan detected ap1-ssid in range (signal: -83.0 / -65.0)
INFO     [2021-05-31 03:15:41,935]: *** sta3-wlan1: Scan detected ap1-ssid in range (signal: -81.0 / -65.0)
INFO     [2021-05-31 03:15:42,928]: *** sta1-wlan1: Scan detected ap1-ssid in range (signal: -83.0 / -65.0)
INFO     [2021-05-31 03:15:42,940]: *** sta3-wlan1: Scan detected ap1-ssid in range (signal: -81.0 / -65.0)
INFO     [2021-05-31 03:15:43,937]: *** sta1-wlan1: Scan detected ap1-ssid in range (signal: -83.0 / -65.0)
INFO     [2021-05-31 03:15:43,957]: *** sta3-wlan1: Scan detected ap1-ssid in range (signal: -81.0 / -65.0)
INFO     [2021-05-31 03:15:44,898]: *** sta3-wlan1: Scanning for ap1-ssid
INFO     [2021-05-31 03:15:44,942]: *** sta1-wlan1: Scan detected ap1-ssid in range (signal: -83.0 / -65.0)
INFO     [2021-05-31 03:15:44,968]: *** sta3-wlan1: Scan detected ap1-ssid in range (signal: -86.0 / -65.0)
INFO     [2021-05-31 03:15:45,946]: *** sta1-wlan1: Scan detected ap1-ssid in range (signal: -83.0 / -65.0)
INFO     [2021-05-31 03:15:45,984]: *** sta3-wlan1: Scan detected ap1-ssid in range (signal: -86.0 / -65.0)
INFO     [2021-05-31 03:15:46,956]: *** sta1-wlan1: Scan detected ap1-ssid in range (signal: -83.0 / -65.0)
INFO     [2021-05-31 03:15:46,990]: *** sta1-wlan1: Scanning for ap1-ssid
INFO     [2021-05-31 03:15:46,993]: *** sta3-wlan1: Scan detected ap1-ssid in range (signal: -86.0 / -65.0)
INFO     [2021-05-31 03:15:47,963]: *** sta1-wlan1: Scan detected ap1-ssid in range (signal: -82.0 / -65.0)
INFO     [2021-05-31 03:15:47,998]: *** sta3-wlan1: Scan detected ap1-ssid in range (signal: -86.0 / -65.0)
INFO     [2021-05-31 03:15:48,967]: *** sta1-wlan1: Scan detected ap1-ssid in range (signal: -82.0 / -65.0)
INFO     [2021-05-31 03:15:49,006]: *** sta3-wlan1: Scan detected ap1-ssid in range (signal: -86.0 / -65.0)
INFO     [2021-05-31 03:15:49,972]: *** sta1-wlan1: Scan detected ap1-ssid in range (signal: -82.0 / -65.0)
INFO     [2021-05-31 03:15:50,011]: *** sta3-wlan1: Scan detected ap1-ssid in range (signal: -86.0 / -65.0)
INFO     [2021-05-31 03:15:50,980]: *** sta1-wlan1: Scan detected ap1-ssid in range (signal: -82.0 / -65.0)
INFO     [2021-05-31 03:15:51,017]: *** sta3-wlan1: Scan detected ap1-ssid in range (signal: -86.0 / -65.0)
INFO     [2021-05-31 03:15:51,985]: *** sta1-wlan1: Scan detected ap1-ssid in range (signal: -82.0 / -65.0)
INFO     [2021-05-31 03:15:52,022]: *** sta3-wlan1: Scan detected ap1-ssid in range (signal: -86.0 / -65.0)
INFO     [2021-05-31 03:15:52,990]: *** sta1-wlan1: Scan detected ap1-ssid in range (signal: -82.0 / -65.0)
INFO     [2021-05-31 03:15:53,028]: *** sta3-wlan1: Scan detected ap1-ssid in range (signal: -86.0 / -65.0)
INFO     [2021-05-31 03:15:53,711]: *** sta3-wlan1: Scanning for ap1-ssid
INFO     [2021-05-31 03:15:53,999]: *** sta1-wlan1: Scan detected ap1-ssid in range (signal: -82.0 / -65.0)
INFO     [2021-05-31 03:15:54,033]: *** sta3-wlan1: Scan detected ap1-ssid in range (signal: -85.0 / -65.0)
INFO     [2021-05-31 03:15:55,004]: *** sta1-wlan1: Scan detected ap1-ssid in range (signal: -82.0 / -65.0)
INFO     [2021-05-31 03:15:55,037]: *** sta3-wlan1: Scan detected ap1-ssid in range (signal: -85.0 / -65.0)
INFO     [2021-05-31 03:15:55,778]: *** sta1-wlan1: Scanning for ap1-ssid
INFO     [2021-05-31 03:15:56,009]: *** sta1-wlan1: Scan detected ap1-ssid in range (signal: -86.0 / -65.0)
INFO     [2021-05-31 03:15:56,049]: *** sta3-wlan1: Scan detected ap1-ssid in range (signal: -85.0 / -65.0)
INFO     [2021-05-31 03:15:57,015]: *** sta1-wlan1: Scan detected ap1-ssid in range (signal: -86.0 / -65.0)
INFO     [2021-05-31 03:15:57,057]: *** sta3-wlan1: Scan detected ap1-ssid in range (signal: -85.0 / -65.0)
INFO     [2021-05-31 03:15:58,025]: *** sta1-wlan1: Scan detected ap1-ssid in range (signal: -86.0 / -65.0)
INFO     [2021-05-31 03:15:58,061]: *** sta3-wlan1: Scan detected ap1-ssid in range (signal: -85.0 / -65.0)
INFO     [2021-05-31 03:15:59,029]: *** sta1-wlan1: Scan detected ap1-ssid in range (signal: -86.0 / -65.0)
INFO     [2021-05-31 03:15:59,066]: *** sta3-wlan1: Scan detected ap1-ssid in range (signal: -85.0 / -65.0)
INFO     [2021-05-31 03:16:00,033]: *** sta1-wlan1: Scan detected ap1-ssid in range (signal: -82.0 / -65.0)
INFO     [2021-05-31 03:16:00,070]: *** sta3-wlan1: Scan detected ap1-ssid in range (signal: -85.0 / -65.0)
INFO     [2021-05-31 03:16:01,039]: *** sta1-wlan1: Scan detected ap1-ssid in range (signal: -82.0 / -65.0)
INFO     [2021-05-31 03:16:01,075]: *** sta3-wlan1: Scan detected ap1-ssid in range (signal: -85.0 / -65.0)
INFO     [2021-05-31 03:16:02,044]: *** sta1-wlan1: Scan detected ap1-ssid in range (signal: -82.0 / -65.0)
INFO     [2021-05-31 03:16:02,084]: *** sta3-wlan1: Scan detected ap1-ssid in range (signal: -85.0 / -65.0)
INFO     [2021-05-31 03:16:02,498]: *** sta3-wlan1: Scanning for ap1-ssid
INFO     [2021-05-31 03:16:03,050]: *** sta1-wlan1: Scan detected ap1-ssid in range (signal: -82.0 / -65.0)
INFO     [2021-05-31 03:16:03,088]: *** sta3-wlan1: Scan detected ap1-ssid in range (signal: -87.0 / -65.0)
INFO     [2021-05-31 03:16:04,065]: *** sta1-wlan1: Scan detected ap1-ssid in range (signal: -82.0 / -65.0)
INFO     [2021-05-31 03:16:04,102]: *** sta3-wlan1: Scan detected ap1-ssid in range (signal: -87.0 / -65.0)
INFO     [2021-05-31 03:16:04,594]: *** sta1-wlan1: Scanning for ap1-ssid
INFO     [2021-05-31 03:16:05,073]: *** sta1-wlan1: Scan detected ap1-ssid in range (signal: -84.0 / -65.0)
INFO     [2021-05-31 03:16:05,113]: *** sta3-wlan1: Scan detected ap1-ssid in range (signal: -87.0 / -65.0)
INFO     [2021-05-31 03:16:06,079]: *** sta1-wlan1: Scan detected ap1-ssid in range (signal: -84.0 / -65.0)
INFO     [2021-05-31 03:16:06,123]: *** sta3-wlan1: Scan detected ap1-ssid in range (signal: -87.0 / -65.0)
INFO     [2021-05-31 03:16:07,084]: *** sta1-wlan1: Scan detected ap1-ssid in range (signal: -84.0 / -65.0)
INFO     [2021-05-31 03:16:07,128]: *** sta3-wlan1: Scan detected ap1-ssid in range (signal: -87.0 / -65.0)
INFO     [2021-05-31 03:16:08,092]: *** sta1-wlan1: Scan detected ap1-ssid in range (signal: -84.0 / -65.0)
INFO     [2021-05-31 03:16:08,138]: *** sta3-wlan1: Scan detected ap1-ssid in range (signal: -87.0 / -65.0)
INFO     [2021-05-31 03:16:09,100]: *** sta1-wlan1: Scan detected ap1-ssid in range (signal: -84.0 / -65.0)
INFO     [2021-05-31 03:16:09,158]: *** sta3-wlan1: Scan detected ap1-ssid in range (signal: -87.0 / -65.0)
INFO     [2021-05-31 03:16:10,111]: *** sta1-wlan1: Scan detected ap1-ssid in range (signal: -84.0 / -65.0)
INFO     [2021-05-31 03:16:10,165]: *** sta3-wlan1: Scan detected ap1-ssid in range (signal: -87.0 / -65.0)
INFO     [2021-05-31 03:16:11,125]: *** sta1-wlan1: Scan detected ap1-ssid in range (signal: -84.0 / -65.0)
INFO     [2021-05-31 03:16:11,170]: *** sta3-wlan1: Scan detected ap1-ssid in range (signal: -87.0 / -65.0)
INFO     [2021-05-31 03:16:11,294]: *** sta3-wlan1: Scanning for ap1-ssid
INFO     [2021-05-31 03:16:12,129]: *** sta1-wlan1: Scan detected ap1-ssid in range (signal: -84.0 / -65.0)
INFO     [2021-05-31 03:16:12,181]: *** sta3-wlan1: Scan detected ap1-ssid in range (signal: -81.0 / -65.0)
INFO     [2021-05-31 03:16:13,133]: *** sta1-wlan1: Scan detected ap1-ssid in range (signal: -84.0 / -65.0)
INFO     [2021-05-31 03:16:13,189]: *** sta3-wlan1: Scan detected ap1-ssid in range (signal: -81.0 / -65.0)
INFO     [2021-05-31 03:16:13,412]: *** sta1-wlan1: Scanning for ap1-ssid
INFO     [2021-05-31 03:16:14,150]: *** sta1-wlan1: Scan detected ap1-ssid in range (signal: -84.0 / -65.0)
INFO     [2021-05-31 03:16:14,193]: *** sta3-wlan1: Scan detected ap1-ssid in range (signal: -81.0 / -65.0)
INFO     [2021-05-31 03:16:15,155]: *** sta1-wlan1: Scan detected ap1-ssid in range (signal: -84.0 / -65.0)
INFO     [2021-05-31 03:16:15,208]: *** sta3-wlan1: Scan detected ap1-ssid in range (signal: -81.0 / -65.0)
INFO     [2021-05-31 03:16:16,163]: *** sta1-wlan1: Scan detected ap1-ssid in range (signal: -84.0 / -65.0)
INFO     [2021-05-31 03:16:16,213]: *** sta3-wlan1: Scan detected ap1-ssid in range (signal: -81.0 / -65.0)
INFO     [2021-05-31 03:16:17,168]: *** sta1-wlan1: Scan detected ap1-ssid in range (signal: -84.0 / -65.0)
INFO     [2021-05-31 03:16:17,222]: *** sta3-wlan1: Scan detected ap1-ssid in range (signal: -81.0 / -65.0)
INFO     [2021-05-31 03:16:18,178]: *** sta1-wlan1: Scan detected ap1-ssid in range (signal: -84.0 / -65.0)
INFO     [2021-05-31 03:16:18,228]: *** sta3-wlan1: Scan detected ap1-ssid in range (signal: -81.0 / -65.0)
INFO     [2021-05-31 03:16:19,188]: *** sta1-wlan1: Scan detected ap1-ssid in range (signal: -84.0 / -65.0)
INFO     [2021-05-31 03:16:19,237]: *** sta3-wlan1: Scan detected ap1-ssid in range (signal: -81.0 / -65.0)
INFO     [2021-05-31 03:16:20,104]: *** sta3-wlan1: Scanning for ap1-ssid
INFO     [2021-05-31 03:16:20,197]: *** sta1-wlan1: Scan detected ap1-ssid in range (signal: -84.0 / -65.0)
INFO     [2021-05-31 03:16:20,244]: *** sta3-wlan1: Scan detected ap1-ssid in range (signal: -89.0 / -65.0)
INFO     [2021-05-31 03:16:21,211]: *** sta1-wlan1: Scan detected ap1-ssid in range (signal: -84.0 / -65.0)
INFO     [2021-05-31 03:16:21,251]: *** sta3-wlan1: Scan detected ap1-ssid in range (signal: -89.0 / -65.0)
INFO     [2021-05-31 03:16:22,215]: *** sta1-wlan1: Scan detected ap1-ssid in range (signal: -84.0 / -65.0)
INFO     [2021-05-31 03:16:22,246]: *** sta1-wlan1: Scanning for ap1-ssid
INFO     [2021-05-31 03:16:22,255]: *** sta3-wlan1: Scan detected ap1-ssid in range (signal: -89.0 / -65.0)
INFO     [2021-05-31 03:16:23,220]: *** sta1-wlan1: Scan detected ap1-ssid in range (signal: -88.0 / -65.0)
INFO     [2021-05-31 03:16:23,260]: *** sta3-wlan1: Scan detected ap1-ssid in range (signal: -89.0 / -65.0)
INFO     [2021-05-31 03:16:24,225]: *** sta1-wlan1: Scan detected ap1-ssid in range (signal: -88.0 / -65.0)
INFO     [2021-05-31 03:16:24,268]: *** sta3-wlan1: Scan detected ap1-ssid in range (signal: -89.0 / -65.0)
INFO     [2021-05-31 03:16:25,231]: *** sta1-wlan1: Scan detected ap1-ssid in range (signal: -88.0 / -65.0)
INFO     [2021-05-31 03:16:25,272]: *** sta3-wlan1: Scan detected ap1-ssid in range (signal: -89.0 / -65.0)
INFO     [2021-05-31 03:16:26,237]: *** sta1-wlan1: Scan detected ap1-ssid in range (signal: -88.0 / -65.0)
INFO     [2021-05-31 03:16:26,280]: *** sta3-wlan1: Scan detected ap1-ssid in range (signal: -89.0 / -65.0)
INFO     [2021-05-31 03:16:27,246]: *** sta1-wlan1: Scan detected ap1-ssid in range (signal: -88.0 / -65.0)
INFO     [2021-05-31 03:16:27,287]: *** sta3-wlan1: Scan detected ap1-ssid in range (signal: -89.0 / -65.0)
INFO     [2021-05-31 03:16:28,252]: *** sta1-wlan1: Scan detected ap1-ssid in range (signal: -88.0 / -65.0)
INFO     [2021-05-31 03:16:28,292]: *** sta3-wlan1: Scan detected ap1-ssid in range (signal: -89.0 / -65.0)
INFO     [2021-05-31 03:16:28,987]: *** sta3-wlan1: Scanning for ap1-ssid
INFO     [2021-05-31 03:16:29,258]: *** sta1-wlan1: Scan detected ap1-ssid in range (signal: -88.0 / -65.0)
INFO     [2021-05-31 03:16:29,298]: *** sta3-wlan1: Scan detected ap1-ssid in range (signal: -88.0 / -65.0)
INFO     [2021-05-31 03:16:30,263]: *** sta1-wlan1: Scan detected ap1-ssid in range (signal: -88.0 / -65.0)
INFO     [2021-05-31 03:16:30,304]: *** sta3-wlan1: Scan detected ap1-ssid in range (signal: -88.0 / -65.0)
INFO     [2021-05-31 03:16:31,062]: *** sta1-wlan1: Scanning for ap1-ssid
INFO     [2021-05-31 03:16:31,268]: *** sta1-wlan1: Scan detected ap1-ssid in range (signal: -89.0 / -65.0)
INFO     [2021-05-31 03:16:31,309]: *** sta3-wlan1: Scan detected ap1-ssid in range (signal: -88.0 / -65.0)
INFO     [2021-05-31 03:16:32,292]: *** sta1-wlan1: Scan detected ap1-ssid in range (signal: -89.0 / -65.0)
INFO     [2021-05-31 03:16:32,315]: *** sta3-wlan1: Scan detected ap1-ssid in range (signal: -88.0 / -65.0)
INFO     [2021-05-31 03:16:33,297]: *** sta1-wlan1: Scan detected ap1-ssid in range (signal: -89.0 / -65.0)
INFO     [2021-05-31 03:16:33,320]: *** sta3-wlan1: Scan detected ap1-ssid in range (signal: -88.0 / -65.0)
INFO     [2021-05-31 03:16:34,302]: *** sta1-wlan1: Scan detected ap1-ssid in range (signal: -89.0 / -65.0)
INFO     [2021-05-31 03:16:34,327]: *** sta3-wlan1: Scan detected ap1-ssid in range (signal: -88.0 / -65.0)
INFO     [2021-05-31 03:16:35,307]: *** sta1-wlan1: Scan detected ap1-ssid in range (signal: -89.0 / -65.0)
INFO     [2021-05-31 03:16:35,334]: *** sta3-wlan1: Scan detected ap1-ssid in range (signal: -88.0 / -65.0)
INFO     [2021-05-31 03:16:36,322]: *** sta1-wlan1: Scan detected ap1-ssid in range (signal: -89.0 / -65.0)
INFO     [2021-05-31 03:16:36,345]: *** sta3-wlan1: Scan detected ap1-ssid in range (signal: -88.0 / -65.0)
INFO     [2021-05-31 03:16:37,328]: *** sta1-wlan1: Scan detected ap1-ssid in range (signal: -89.0 / -65.0)
INFO     [2021-05-31 03:16:37,353]: *** sta3-wlan1: Scan detected ap1-ssid in range (signal: -88.0 / -65.0)
INFO     [2021-05-31 03:16:37,818]: *** sta3-wlan1: Scanning for ap1-ssid
INFO     [2021-05-31 03:16:38,335]: *** sta1-wlan1: Scan detected ap1-ssid in range (signal: -89.0 / -65.0)
INFO     [2021-05-31 03:16:38,357]: *** sta3-wlan1: Scan detected ap1-ssid in range (signal: -88.0 / -65.0)
INFO     [2021-05-31 03:16:39,339]: *** sta1-wlan1: Scan detected ap1-ssid in range (signal: -89.0 / -65.0)
INFO     [2021-05-31 03:16:39,363]: *** sta3-wlan1: Scan detected ap1-ssid in range (signal: -88.0 / -65.0)
INFO     [2021-05-31 03:16:40,097]: *** sta1-wlan1: Scanning for ap1-ssid
INFO     [2021-05-31 03:16:40,344]: *** sta1-wlan1: Scan detected ap1-ssid in range (signal: -88.0 / -65.0)
INFO     [2021-05-31 03:16:40,368]: *** sta3-wlan1: Scan detected ap1-ssid in range (signal: -88.0 / -65.0)
INFO     [2021-05-31 03:16:41,348]: *** sta1-wlan1: Scan detected ap1-ssid in range (signal: -88.0 / -65.0)
INFO     [2021-05-31 03:16:41,373]: *** sta3-wlan1: Scan detected ap1-ssid in range (signal: -88.0 / -65.0)
INFO     [2021-05-31 03:16:42,352]: *** sta1-wlan1: Scan detected ap1-ssid in range (signal: -88.0 / -65.0)
INFO     [2021-05-31 03:16:42,377]: *** sta3-wlan1: Scan detected ap1-ssid in range (signal: -88.0 / -65.0)
INFO     [2021-05-31 03:16:43,357]: *** sta1-wlan1: Scan detected ap1-ssid in range (signal: -88.0 / -65.0)
INFO     [2021-05-31 03:16:43,386]: *** sta3-wlan1: Scan detected ap1-ssid in range (signal: -88.0 / -65.0)
INFO     [2021-05-31 03:16:44,363]: *** sta1-wlan1: Scan detected ap1-ssid in range (signal: -88.0 / -65.0)
INFO     [2021-05-31 03:16:44,391]: *** sta3-wlan1: Scan detected ap1-ssid in range (signal: -88.0 / -65.0)
INFO     [2021-05-31 03:16:45,372]: *** sta1-wlan1: Scan detected ap1-ssid in range (signal: -88.0 / -65.0)
INFO     [2021-05-31 03:16:45,396]: *** sta3-wlan1: Scan detected ap1-ssid in range (signal: -88.0 / -65.0)
INFO     [2021-05-31 03:16:46,377]: *** sta1-wlan1: Scan detected ap1-ssid in range (signal: -88.0 / -65.0)
INFO     [2021-05-31 03:16:46,401]: *** sta3-wlan1: Scan detected ap1-ssid in range (signal: -88.0 / -65.0)
INFO     [2021-05-31 03:16:46,637]: *** sta3-wlan1: Scanning for ap1-ssid
INFO     [2021-05-31 03:16:47,384]: *** sta1-wlan1: Scan detected ap1-ssid in range (signal: -88.0 / -65.0)
INFO     [2021-05-31 03:16:47,406]: *** sta3-wlan1: Scan detected ap1-ssid in range (signal: -88.0 / -65.0)
INFO     [2021-05-31 03:16:48,391]: *** sta1-wlan1: Scan detected ap1-ssid in range (signal: -88.0 / -65.0)
INFO     [2021-05-31 03:16:48,410]: *** sta3-wlan1: Scan detected ap1-ssid in range (signal: -88.0 / -65.0)
INFO     [2021-05-31 03:16:48,870]: *** sta1-wlan1: Scanning for ap1-ssid
INFO     [2021-05-31 03:16:49,396]: *** sta1-wlan1: Scan detected ap1-ssid in range (signal: -89.0 / -65.0)
INFO     [2021-05-31 03:16:49,415]: *** sta3-wlan1: Scan detected ap1-ssid in range (signal: -88.0 / -65.0)
INFO     [2021-05-31 03:16:50,400]: *** sta1-wlan1: Scan detected ap1-ssid in range (signal: -89.0 / -65.0)
INFO     [2021-05-31 03:16:50,421]: *** sta3-wlan1: Scan detected ap1-ssid in range (signal: -88.0 / -65.0)
INFO     [2021-05-31 03:16:51,414]: *** sta1-wlan1: Scan detected ap1-ssid in range (signal: -89.0 / -65.0)
INFO     [2021-05-31 03:16:51,425]: *** sta3-wlan1: Scan detected ap1-ssid in range (signal: -88.0 / -65.0)
INFO     [2021-05-31 03:16:52,424]: *** sta1-wlan1: Scan detected ap1-ssid in range (signal: -89.0 / -65.0)
INFO     [2021-05-31 03:16:52,442]: *** sta3-wlan1: Scan detected ap1-ssid in range (signal: -88.0 / -65.0)
INFO     [2021-05-31 03:16:53,439]: *** sta1-wlan1: Scan detected ap1-ssid in range (signal: -89.0 / -65.0)
INFO     [2021-05-31 03:16:53,446]: *** sta3-wlan1: Scan detected ap1-ssid in range (signal: -88.0 / -65.0)
INFO     [2021-05-31 03:16:54,445]: *** sta1-wlan1: Scan detected ap1-ssid in range (signal: -89.0 / -65.0)
INFO     [2021-05-31 03:16:54,453]: *** sta3-wlan1: Scan detected ap1-ssid in range (signal: -88.0 / -65.0)
INFO     [2021-05-31 03:16:55,449]: *** sta1-wlan1: Scan detected ap1-ssid in range (signal: -89.0 / -65.0)
INFO     [2021-05-31 03:16:55,456]: *** sta3-wlan1: Scan detected ap1-ssid in range (signal: -88.0 / -65.0)
INFO     [2021-05-31 03:16:55,487]: *** sta3-wlan1: Scanning for ap1-ssid
INFO     [2021-05-31 03:16:56,454]: *** sta1-wlan1: Scan detected ap1-ssid in range (signal: -89.0 / -65.0)
INFO     [2021-05-31 03:16:56,462]: *** sta3-wlan1: Scan detected ap1-ssid in range (signal: -88.0 / -65.0)
INFO     [2021-05-31 03:16:57,478]: *** sta3-wlan1: Scan detected ap1-ssid in range (signal: -88.0 / -65.0)
INFO     [2021-05-31 03:16:57,480]: *** sta1-wlan1: Scan detected ap1-ssid in range (signal: -89.0 / -65.0)
INFO     [2021-05-31 03:16:57,679]: *** sta1-wlan1: Scanning for ap1-ssid
INFO     [2021-05-31 03:16:58,488]: *** sta1-wlan1: Scan detected ap1-ssid in range (signal: -89.0 / -65.0)
INFO     [2021-05-31 03:16:58,489]: *** sta3-wlan1: Scan detected ap1-ssid in range (signal: -88.0 / -65.0)
INFO     [2021-05-31 03:16:59,494]: *** sta3-wlan1: Scan detected ap1-ssid in range (signal: -88.0 / -65.0)
INFO     [2021-05-31 03:16:59,494]: *** sta1-wlan1: Scan detected ap1-ssid in range (signal: -89.0 / -65.0)
INFO     [2021-05-31 03:17:00,543]: *** sta1-wlan1: Scan detected ap1-ssid in range (signal: -89.0 / -65.0)
INFO     [2021-05-31 03:17:00,543]: *** sta3-wlan1: Scan detected ap1-ssid in range (signal: -88.0 / -65.0)
INFO     [2021-05-31 03:17:01,548]: *** sta1-wlan1: Scan detected ap1-ssid in range (signal: -89.0 / -65.0)
INFO     [2021-05-31 03:17:01,548]: *** sta3-wlan1: Scan detected ap1-ssid in range (signal: -88.0 / -65.0)
INFO     [2021-05-31 03:17:02,553]: *** sta1-wlan1: Scan detected ap1-ssid in range (signal: -89.0 / -65.0)
INFO     [2021-05-31 03:17:02,554]: *** sta3-wlan1: Scan detected ap1-ssid in range (signal: -88.0 / -65.0)
INFO     [2021-05-31 03:17:03,556]: *** sta1-wlan1: Scan detected ap1-ssid in range (signal: -89.0 / -65.0)
INFO     [2021-05-31 03:17:04,382]: *** sta3-wlan1: Scanning for ap1-ssid
INFO     [2021-05-31 03:17:04,566]: *** sta1-wlan1: Scan detected ap1-ssid in range (signal: -89.0 / -65.0)
INFO     [2021-05-31 03:17:05,573]: *** sta1-wlan1: Scan detected ap1-ssid in range (signal: -89.0 / -65.0)
INFO     [2021-05-31 03:17:06,581]: *** sta1-wlan1: Scan detected ap1-ssid in range (signal: -89.0 / -65.0)
INFO     [2021-05-31 03:17:06,682]: *** sta1-wlan1: Scanning for ap1-ssid
INFO     [2021-05-31 03:17:07,586]: *** sta1-wlan1: Scan detected ap1-ssid in range (signal: -90.0 / -65.0)
INFO     [2021-05-31 03:17:08,590]: *** sta1-wlan1: Scan detected ap1-ssid in range (signal: -90.0 / -65.0)
INFO     [2021-05-31 03:17:09,620]: *** sta1-wlan1: Scan detected ap1-ssid in range (signal: -90.0 / -65.0)
INFO     [2021-05-31 03:17:10,626]: *** sta1-wlan1: Scan detected ap1-ssid in range (signal: -90.0 / -65.0)
INFO     [2021-05-31 03:17:11,631]: *** sta1-wlan1: Scan detected ap1-ssid in range (signal: -90.0 / -65.0)
INFO     [2021-05-31 03:17:12,635]: *** sta1-wlan1: Scan detected ap1-ssid in range (signal: -90.0 / -65.0)
INFO     [2021-05-31 03:17:13,271]: *** sta3-wlan1: Scanning for ap1-ssid
INFO     [2021-05-31 03:17:13,646]: *** sta1-wlan1: Scan detected ap1-ssid in range (signal: -90.0 / -65.0)
INFO     [2021-05-31 03:17:14,656]: *** sta1-wlan1: Scan detected ap1-ssid in range (signal: -90.0 / -65.0)
INFO     [2021-05-31 03:17:15,610]: *** sta1-wlan1: Scanning for ap1-ssid
INFO     [2021-05-31 03:17:15,661]: *** sta1-wlan1: Scan detected ap1-ssid in range (signal: -90.0 / -65.0)
INFO     [2021-05-31 03:17:16,664]: *** sta1-wlan1: Scan detected ap1-ssid in range (signal: -90.0 / -65.0)
INFO     [2021-05-31 03:17:17,670]: *** sta1-wlan1: Scan detected ap1-ssid in range (signal: -90.0 / -65.0)
INFO     [2021-05-31 03:17:18,676]: *** sta1-wlan1: Scan detected ap1-ssid in range (signal: -90.0 / -65.0)
INFO     [2021-05-31 03:17:19,681]: *** sta1-wlan1: Scan detected ap1-ssid in range (signal: -90.0 / -65.0)
INFO     [2021-05-31 03:17:20,685]: *** sta1-wlan1: Scan detected ap1-ssid in range (signal: -90.0 / -65.0)
INFO     [2021-05-31 03:17:21,700]: *** sta1-wlan1: Scan detected ap1-ssid in range (signal: -90.0 / -65.0)
INFO     [2021-05-31 03:17:22,048]: *** sta3-wlan1: Scanning for ap1-ssid
INFO     [2021-05-31 03:17:22,706]: *** sta1-wlan1: Scan detected ap1-ssid in range (signal: -90.0 / -65.0)
INFO     [2021-05-31 03:17:23,710]: *** sta1-wlan1: Scan detected ap1-ssid in range (signal: -90.0 / -65.0)
INFO     [2021-05-31 03:17:24,474]: *** sta1-wlan1: Scanning for ap1-ssid
INFO     [2021-05-31 03:17:24,716]: *** sta1-wlan1: Scan detected ap1-ssid in range (signal: -90.0 / -65.0)
INFO     [2021-05-31 03:17:25,727]: *** sta1-wlan1: Scan detected ap1-ssid in range (signal: -90.0 / -65.0)
INFO     [2021-05-31 03:17:26,733]: *** sta1-wlan1: Scan detected ap1-ssid in range (signal: -90.0 / -65.0)
INFO     [2021-05-31 03:17:27,737]: *** sta1-wlan1: Scan detected ap1-ssid in range (signal: -90.0 / -65.0)
INFO     [2021-05-31 03:17:28,741]: *** sta1-wlan1: Scan detected ap1-ssid in range (signal: -90.0 / -65.0)
INFO     [2021-05-31 03:17:29,746]: *** sta1-wlan1: Scan detected ap1-ssid in range (signal: -90.0 / -65.0)
INFO     [2021-05-31 03:17:30,752]: *** sta1-wlan1: Scan detected ap1-ssid in range (signal: -90.0 / -65.0)
INFO     [2021-05-31 03:17:30,827]: *** sta3-wlan1: Scanning for ap1-ssid
INFO     [2021-05-31 03:17:31,757]: *** sta1-wlan1: Scan detected ap1-ssid in range (signal: -90.0 / -65.0)
INFO     [2021-05-31 03:17:32,762]: *** sta1-wlan1: Scan detected ap1-ssid in range (signal: -90.0 / -65.0)
INFO     [2021-05-31 03:17:33,230]: *** sta1-wlan1: Scanning for ap1-ssid
INFO     [2021-05-31 03:17:33,767]: *** sta1-wlan1: Scan detected ap1-ssid in range (signal: -90.0 / -65.0)
INFO     [2021-05-31 03:17:34,774]: *** sta1-wlan1: Scan detected ap1-ssid in range (signal: -90.0 / -65.0)
INFO     [2021-05-31 03:17:35,781]: *** sta1-wlan1: Scan detected ap1-ssid in range (signal: -90.0 / -65.0)
INFO     [2021-05-31 03:17:39,565]: *** sta3-wlan1: Scanning for ap1-ssid
INFO     [2021-05-31 03:17:41,966]: *** sta1-wlan1: Scanning for ap1-ssid
INFO     [2021-05-31 03:17:48,331]: *** sta3-wlan1: Scanning for ap1-ssid
INFO     [2021-05-31 03:17:50,778]: *** sta1-wlan1: Scanning for ap1-ssid
INFO     [2021-05-31 03:17:57,098]: *** sta3-wlan1: Scanning for ap1-ssid
INFO     [2021-05-31 03:17:59,599]: *** sta1-wlan1: Scanning for ap1-ssid
INFO     [2021-05-31 03:18:05,862]: *** sta3-wlan1: Scanning for ap1-ssid
INFO     [2021-05-31 03:18:08,363]: *** sta1-wlan1: Scanning for ap1-ssid
INFO     [2021-05-31 03:18:14,658]: *** sta3-wlan1: Scanning for ap1-ssid
INFO     [2021-05-31 03:18:17,130]: *** sta1-wlan1: Scanning for ap1-ssid
INFO     [2021-05-31 03:18:18,012]: *** sta1-wlan1: Scan detected ap1-ssid in range (signal: -89.0 / -65.0)
INFO     [2021-05-31 03:18:19,021]: *** sta1-wlan1: Scan detected ap1-ssid in range (signal: -89.0 / -65.0)
INFO     [2021-05-31 03:18:20,025]: *** sta1-wlan1: Scan detected ap1-ssid in range (signal: -89.0 / -65.0)
INFO     [2021-05-31 03:18:21,029]: *** sta1-wlan1: Scan detected ap1-ssid in range (signal: -89.0 / -65.0)
INFO     [2021-05-31 03:18:22,033]: *** sta1-wlan1: Scan detected ap1-ssid in range (signal: -89.0 / -65.0)
INFO     [2021-05-31 03:18:23,037]: *** sta1-wlan1: Scan detected ap1-ssid in range (signal: -89.0 / -65.0)
INFO     [2021-05-31 03:18:23,463]: *** sta3-wlan1: Scanning for ap1-ssid
INFO     [2021-05-31 03:18:24,042]: *** sta1-wlan1: Scan detected ap1-ssid in range (signal: -89.0 / -65.0)
INFO     [2021-05-31 03:18:25,051]: *** sta1-wlan1: Scan detected ap1-ssid in range (signal: -89.0 / -65.0)
INFO     [2021-05-31 03:18:25,909]: *** sta1-wlan1: Scanning for ap1-ssid
INFO     [2021-05-31 03:18:26,057]: *** sta1-wlan1: Scan detected ap1-ssid in range (signal: -89.0 / -65.0)
INFO     [2021-05-31 03:18:27,061]: *** sta1-wlan1: Scan detected ap1-ssid in range (signal: -89.0 / -65.0)
INFO     [2021-05-31 03:18:28,067]: *** sta1-wlan1: Scan detected ap1-ssid in range (signal: -89.0 / -65.0)
INFO     [2021-05-31 03:18:29,072]: *** sta1-wlan1: Scan detected ap1-ssid in range (signal: -89.0 / -65.0)
INFO     [2021-05-31 03:18:30,078]: *** sta1-wlan1: Scan detected ap1-ssid in range (signal: -89.0 / -65.0)
INFO     [2021-05-31 03:18:31,084]: *** sta1-wlan1: Scan detected ap1-ssid in range (signal: -89.0 / -65.0)
INFO     [2021-05-31 03:18:32,091]: *** sta1-wlan1: Scan detected ap1-ssid in range (signal: -89.0 / -65.0)
INFO     [2021-05-31 03:18:32,220]: *** sta3-wlan1: Scanning for ap1-ssid
INFO     [2021-05-31 03:18:33,097]: *** sta1-wlan1: Scan detected ap1-ssid in range (signal: -89.0 / -65.0)
INFO     [2021-05-31 03:18:34,101]: *** sta1-wlan1: Scan detected ap1-ssid in range (signal: -89.0 / -65.0)
INFO     [2021-05-31 03:18:34,670]: *** sta1-wlan1: Scanning for ap1-ssid
INFO     [2021-05-31 03:18:35,111]: *** sta1-wlan1: Scan detected ap1-ssid in range (signal: -89.0 / -65.0)
INFO     [2021-05-31 03:18:36,118]: *** sta1-wlan1: Scan detected ap1-ssid in range (signal: -89.0 / -65.0)
INFO     [2021-05-31 03:18:37,123]: *** sta1-wlan1: Scan detected ap1-ssid in range (signal: -89.0 / -65.0)
INFO     [2021-05-31 03:18:38,129]: *** sta1-wlan1: Scan detected ap1-ssid in range (signal: -89.0 / -65.0)
INFO     [2021-05-31 03:18:39,135]: *** sta1-wlan1: Scan detected ap1-ssid in range (signal: -89.0 / -65.0)
INFO     [2021-05-31 03:18:40,140]: *** sta1-wlan1: Scan detected ap1-ssid in range (signal: -89.0 / -65.0)
INFO     [2021-05-31 03:18:40,990]: *** sta3-wlan1: Scanning for ap1-ssid
INFO     [2021-05-31 03:18:41,144]: *** sta1-wlan1: Scan detected ap1-ssid in range (signal: -89.0 / -65.0)
INFO     [2021-05-31 03:18:42,151]: *** sta1-wlan1: Scan detected ap1-ssid in range (signal: -89.0 / -65.0)
INFO     [2021-05-31 03:18:43,157]: *** sta1-wlan1: Scan detected ap1-ssid in range (signal: -89.0 / -65.0)
INFO     [2021-05-31 03:18:43,437]: *** sta1-wlan1: Scanning for ap1-ssid
INFO     [2021-05-31 03:18:44,177]: *** sta1-wlan1: Scan detected ap1-ssid in range (signal: -89.0 / -65.0)
INFO     [2021-05-31 03:18:45,183]: *** sta1-wlan1: Scan detected ap1-ssid in range (signal: -89.0 / -65.0)
INFO     [2021-05-31 03:18:46,189]: *** sta1-wlan1: Scan detected ap1-ssid in range (signal: -89.0 / -65.0)
INFO     [2021-05-31 03:18:49,728]: *** sta3-wlan1: Scanning for ap1-ssid
INFO     [2021-05-31 03:18:52,186]: *** sta1-wlan1: Scanning for ap1-ssid
INFO     [2021-05-31 03:18:58,550]: *** sta3-wlan1: Scanning for ap1-ssid
INFO     [2021-05-31 03:18:59,254]: *** sta3-wlan1: Scan detected ap1-ssid in range (signal: -90.0 / -65.0)
INFO     [2021-05-31 03:19:00,259]: *** sta3-wlan1: Scan detected ap1-ssid in range (signal: -90.0 / -65.0)
INFO     [2021-05-31 03:19:01,037]: *** sta1-wlan1: Scanning for ap1-ssid
INFO     [2021-05-31 03:19:01,265]: *** sta3-wlan1: Scan detected ap1-ssid in range (signal: -90.0 / -65.0)
INFO     [2021-05-31 03:19:02,269]: *** sta3-wlan1: Scan detected ap1-ssid in range (signal: -90.0 / -65.0)
INFO     [2021-05-31 03:19:03,292]: *** sta3-wlan1: Scan detected ap1-ssid in range (signal: -90.0 / -65.0)
INFO     [2021-05-31 03:19:04,325]: *** sta3-wlan1: Scan detected ap1-ssid in range (signal: -90.0 / -65.0)
INFO     [2021-05-31 03:19:05,330]: *** sta3-wlan1: Scan detected ap1-ssid in range (signal: -90.0 / -65.0)
INFO     [2021-05-31 03:19:06,341]: *** sta3-wlan1: Scan detected ap1-ssid in range (signal: -90.0 / -65.0)
INFO     [2021-05-31 03:19:07,306]: *** sta3-wlan1: Scanning for ap1-ssid
INFO     [2021-05-31 03:19:07,348]: *** sta3-wlan1: Scan detected ap1-ssid in range (signal: -90.0 / -65.0)
INFO     [2021-05-31 03:19:08,353]: *** sta3-wlan1: Scan detected ap1-ssid in range (signal: -90.0 / -65.0)
INFO     [2021-05-31 03:19:09,362]: *** sta3-wlan1: Scan detected ap1-ssid in range (signal: -90.0 / -65.0)
INFO     [2021-05-31 03:19:09,871]: *** sta1-wlan1: Scanning for ap1-ssid
INFO     [2021-05-31 03:19:10,366]: *** sta3-wlan1: Scan detected ap1-ssid in range (signal: -90.0 / -65.0)
INFO     [2021-05-31 03:19:11,372]: *** sta3-wlan1: Scan detected ap1-ssid in range (signal: -90.0 / -65.0)
INFO     [2021-05-31 03:19:12,379]: *** sta3-wlan1: Scan detected ap1-ssid in range (signal: -90.0 / -65.0)
INFO     [2021-05-31 03:19:13,384]: *** sta3-wlan1: Scan detected ap1-ssid in range (signal: -90.0 / -65.0)
INFO     [2021-05-31 03:19:14,389]: *** sta3-wlan1: Scan detected ap1-ssid in range (signal: -90.0 / -65.0)
INFO     [2021-05-31 03:19:15,392]: *** sta3-wlan1: Scan detected ap1-ssid in range (signal: -90.0 / -65.0)
INFO     [2021-05-31 03:19:16,153]: *** sta3-wlan1: Scanning for ap1-ssid
INFO     [2021-05-31 03:19:16,397]: *** sta3-wlan1: Scan detected ap1-ssid in range (signal: -90.0 / -65.0)
INFO     [2021-05-31 03:19:17,403]: *** sta3-wlan1: Scan detected ap1-ssid in range (signal: -90.0 / -65.0)
INFO     [2021-05-31 03:19:18,407]: *** sta3-wlan1: Scan detected ap1-ssid in range (signal: -90.0 / -65.0)
INFO     [2021-05-31 03:19:18,731]: *** sta1-wlan1: Scanning for ap1-ssid
INFO     [2021-05-31 03:19:19,412]: *** sta3-wlan1: Scan detected ap1-ssid in range (signal: -90.0 / -65.0)
INFO     [2021-05-31 03:19:20,427]: *** sta3-wlan1: Scan detected ap1-ssid in range (signal: -90.0 / -65.0)
INFO     [2021-05-31 03:19:21,433]: *** sta3-wlan1: Scan detected ap1-ssid in range (signal: -90.0 / -65.0)
INFO     [2021-05-31 03:19:22,443]: *** sta3-wlan1: Scan detected ap1-ssid in range (signal: -90.0 / -65.0)
INFO     [2021-05-31 03:19:23,449]: *** sta3-wlan1: Scan detected ap1-ssid in range (signal: -90.0 / -65.0)
INFO     [2021-05-31 03:19:24,454]: *** sta3-wlan1: Scan detected ap1-ssid in range (signal: -90.0 / -65.0)
INFO     [2021-05-31 03:19:24,913]: *** sta3-wlan1: Scanning for ap1-ssid
INFO     [2021-05-31 03:19:25,464]: *** sta3-wlan1: Scan detected ap1-ssid in range (signal: -90.0 / -65.0)
INFO     [2021-05-31 03:19:26,473]: *** sta3-wlan1: Scan detected ap1-ssid in range (signal: -90.0 / -65.0)
INFO     [2021-05-31 03:19:27,479]: *** sta3-wlan1: Scan detected ap1-ssid in range (signal: -90.0 / -65.0)
INFO     [2021-05-31 03:19:27,599]: *** sta1-wlan1: Scanning for ap1-ssid
INFO     [2021-05-31 03:19:28,485]: *** sta3-wlan1: Scan detected ap1-ssid in range (signal: -90.0 / -65.0)
INFO     [2021-05-31 03:19:34,134]: *** sta3-wlan1: Scanning for ap1-ssid
INFO     [2021-05-31 03:19:36,500]: *** sta1-wlan1: Scanning for ap1-ssid
INFO     [2021-05-31 03:19:43,236]: *** sta3-wlan1: Scanning for ap1-ssid
INFO     [2021-05-31 03:19:45,738]: *** sta1-wlan1: Scanning for ap1-ssid
INFO     [2021-05-31 03:19:52,040]: *** sta3-wlan1: Scanning for ap1-ssid
INFO     [2021-05-31 03:19:52,653]: *** sta3-wlan1: Scan detected ap1-ssid in range (signal: -89.0 / -65.0)
INFO     [2021-05-31 03:19:53,658]: *** sta3-wlan1: Scan detected ap1-ssid in range (signal: -89.0 / -65.0)
INFO     [2021-05-31 03:19:54,647]: *** sta1-wlan1: Scanning for ap1-ssid
INFO     [2021-05-31 03:19:54,664]: *** sta3-wlan1: Scan detected ap1-ssid in range (signal: -89.0 / -65.0)
INFO     [2021-05-31 03:19:55,669]: *** sta3-wlan1: Scan detected ap1-ssid in range (signal: -89.0 / -65.0)
INFO     [2021-05-31 03:19:56,674]: *** sta3-wlan1: Scan detected ap1-ssid in range (signal: -89.0 / -65.0)
INFO     [2021-05-31 03:19:57,680]: *** sta3-wlan1: Scan detected ap1-ssid in range (signal: -89.0 / -65.0)
INFO     [2021-05-31 03:19:58,687]: *** sta3-wlan1: Scan detected ap1-ssid in range (signal: -89.0 / -65.0)
INFO     [2021-05-31 03:19:59,693]: *** sta3-wlan1: Scan detected ap1-ssid in range (signal: -89.0 / -65.0)
INFO     [2021-05-31 03:20:00,699]: *** sta3-wlan1: Scan detected ap1-ssid in range (signal: -89.0 / -65.0)
INFO     [2021-05-31 03:20:00,783]: *** sta3-wlan1: Scanning for ap1-ssid
INFO     [2021-05-31 03:20:01,705]: *** sta3-wlan1: Scan detected ap1-ssid in range (signal: -89.0 / -65.0)
INFO     [2021-05-31 03:20:02,709]: *** sta3-wlan1: Scan detected ap1-ssid in range (signal: -89.0 / -65.0)
INFO     [2021-05-31 03:20:03,399]: *** sta1-wlan1: Scanning for ap1-ssid
INFO     [2021-05-31 03:20:03,712]: *** sta3-wlan1: Scan detected ap1-ssid in range (signal: -89.0 / -65.0)
INFO     [2021-05-31 03:20:04,716]: *** sta3-wlan1: Scan detected ap1-ssid in range (signal: -89.0 / -65.0)
INFO     [2021-05-31 03:20:05,721]: *** sta3-wlan1: Scan detected ap1-ssid in range (signal: -89.0 / -65.0)
INFO     [2021-05-31 03:20:06,725]: *** sta3-wlan1: Scan detected ap1-ssid in range (signal: -89.0 / -65.0)
INFO     [2021-05-31 03:20:07,731]: *** sta3-wlan1: Scan detected ap1-ssid in range (signal: -89.0 / -65.0)
INFO     [2021-05-31 03:20:08,737]: *** sta3-wlan1: Scan detected ap1-ssid in range (signal: -89.0 / -65.0)
INFO     [2021-05-31 03:20:09,570]: *** sta3-wlan1: Scanning for ap1-ssid
INFO     [2021-05-31 03:20:09,747]: *** sta3-wlan1: Scan detected ap1-ssid in range (signal: -89.0 / -65.0)
INFO     [2021-05-31 03:20:10,761]: *** sta3-wlan1: Scan detected ap1-ssid in range (signal: -89.0 / -65.0)
INFO     [2021-05-31 03:20:11,769]: *** sta3-wlan1: Scan detected ap1-ssid in range (signal: -89.0 / -65.0)
INFO     [2021-05-31 03:20:12,193]: *** sta1-wlan1: Scanning for ap1-ssid
INFO     [2021-05-31 03:20:12,774]: *** sta1-wlan1: Scan detected ap1-ssid in range (signal: -90.0 / -65.0)
INFO     [2021-05-31 03:20:12,774]: *** sta3-wlan1: Scan detected ap1-ssid in range (signal: -89.0 / -65.0)
INFO     [2021-05-31 03:20:13,780]: *** sta3-wlan1: Scan detected ap1-ssid in range (signal: -89.0 / -65.0)
INFO     [2021-05-31 03:20:13,781]: *** sta1-wlan1: Scan detected ap1-ssid in range (signal: -90.0 / -65.0)
INFO     [2021-05-31 03:20:14,786]: *** sta3-wlan1: Scan detected ap1-ssid in range (signal: -89.0 / -65.0)
INFO     [2021-05-31 03:20:14,787]: *** sta1-wlan1: Scan detected ap1-ssid in range (signal: -90.0 / -65.0)
INFO     [2021-05-31 03:20:15,792]: *** sta3-wlan1: Scan detected ap1-ssid in range (signal: -89.0 / -65.0)
INFO     [2021-05-31 03:20:15,793]: *** sta1-wlan1: Scan detected ap1-ssid in range (signal: -90.0 / -65.0)
INFO     [2021-05-31 03:20:16,797]: *** sta1-wlan1: Scan detected ap1-ssid in range (signal: -90.0 / -65.0)
INFO     [2021-05-31 03:20:16,799]: *** sta3-wlan1: Scan detected ap1-ssid in range (signal: -89.0 / -65.0)
INFO     [2021-05-31 03:20:17,803]: *** sta1-wlan1: Scan detected ap1-ssid in range (signal: -90.0 / -65.0)
INFO     [2021-05-31 03:20:17,805]: *** sta3-wlan1: Scan detected ap1-ssid in range (signal: -89.0 / -65.0)
INFO     [2021-05-31 03:20:18,520]: *** sta3-wlan1: Scanning for ap1-ssid
INFO     [2021-05-31 03:20:18,808]: *** sta1-wlan1: Scan detected ap1-ssid in range (signal: -90.0 / -65.0)
INFO     [2021-05-31 03:20:18,811]: *** sta3-wlan1: Scan detected ap1-ssid in range (signal: -89.0 / -65.0)
INFO     [2021-05-31 03:20:19,813]: *** sta1-wlan1: Scan detected ap1-ssid in range (signal: -90.0 / -65.0)
INFO     [2021-05-31 03:20:19,816]: *** sta3-wlan1: Scan detected ap1-ssid in range (signal: -89.0 / -65.0)
INFO     [2021-05-31 03:20:20,817]: *** sta1-wlan1: Scan detected ap1-ssid in range (signal: -90.0 / -65.0)
INFO     [2021-05-31 03:20:20,821]: *** sta3-wlan1: Scan detected ap1-ssid in range (signal: -89.0 / -65.0)
INFO     [2021-05-31 03:20:20,978]: *** sta1-wlan1: Scanning for ap1-ssid
INFO     [2021-05-31 03:20:21,827]: *** sta1-wlan1: Scan detected ap1-ssid in range (signal: -90.0 / -65.0)
INFO     [2021-05-31 03:20:21,828]: *** sta3-wlan1: Scan detected ap1-ssid in range (signal: -89.0 / -65.0)
INFO     [2021-05-31 03:20:22,833]: *** sta1-wlan1: Scan detected ap1-ssid in range (signal: -90.0 / -65.0)
INFO     [2021-05-31 03:20:23,840]: *** sta1-wlan1: Scan detected ap1-ssid in range (signal: -90.0 / -65.0)
INFO     [2021-05-31 03:20:24,847]: *** sta1-wlan1: Scan detected ap1-ssid in range (signal: -90.0 / -65.0)
INFO     [2021-05-31 03:20:25,854]: *** sta1-wlan1: Scan detected ap1-ssid in range (signal: -90.0 / -65.0)
INFO     [2021-05-31 03:20:26,859]: *** sta1-wlan1: Scan detected ap1-ssid in range (signal: -90.0 / -65.0)
INFO     [2021-05-31 03:20:27,318]: *** sta3-wlan1: Scanning for ap1-ssid
INFO     [2021-05-31 03:20:27,889]: *** sta1-wlan1: Scan detected ap1-ssid in range (signal: -90.0 / -65.0)
INFO     [2021-05-31 03:20:28,896]: *** sta1-wlan1: Scan detected ap1-ssid in range (signal: -90.0 / -65.0)
INFO     [2021-05-31 03:20:29,842]: *** sta1-wlan1: Scanning for ap1-ssid
INFO     [2021-05-31 03:20:29,902]: *** sta1-wlan1: Scan detected ap1-ssid in range (signal: -90.0 / -65.0)
INFO     [2021-05-31 03:20:30,907]: *** sta1-wlan1: Scan detected ap1-ssid in range (signal: -90.0 / -65.0)
INFO     [2021-05-31 03:20:31,912]: *** sta1-wlan1: Scan detected ap1-ssid in range (signal: -90.0 / -65.0)
INFO     [2021-05-31 03:20:32,924]: *** sta1-wlan1: Scan detected ap1-ssid in range (signal: -90.0 / -65.0)
INFO     [2021-05-31 03:20:33,931]: *** sta1-wlan1: Scan detected ap1-ssid in range (signal: -90.0 / -65.0)
INFO     [2021-05-31 03:20:34,942]: *** sta1-wlan1: Scan detected ap1-ssid in range (signal: -90.0 / -65.0)
INFO     [2021-05-31 03:20:35,948]: *** sta1-wlan1: Scan detected ap1-ssid in range (signal: -90.0 / -65.0)
INFO     [2021-05-31 03:20:36,203]: *** sta3-wlan1: Scanning for ap1-ssid
INFO     [2021-05-31 03:20:36,952]: *** sta1-wlan1: Scan detected ap1-ssid in range (signal: -90.0 / -65.0)
INFO     [2021-05-31 03:20:37,956]: *** sta1-wlan1: Scan detected ap1-ssid in range (signal: -90.0 / -65.0)
INFO     [2021-05-31 03:20:38,618]: *** sta1-wlan1: Scanning for ap1-ssid
INFO     [2021-05-31 03:20:38,964]: *** sta1-wlan1: Scan detected ap1-ssid in range (signal: -90.0 / -65.0)
INFO     [2021-05-31 03:20:39,969]: *** sta1-wlan1: Scan detected ap1-ssid in range (signal: -90.0 / -65.0)
INFO     [2021-05-31 03:20:40,973]: *** sta1-wlan1: Scan detected ap1-ssid in range (signal: -90.0 / -65.0)
INFO     [2021-05-31 03:20:41,980]: *** sta1-wlan1: Scan detected ap1-ssid in range (signal: -90.0 / -65.0)
INFO     [2021-05-31 03:20:45,102]: *** sta3-wlan1: Scanning for ap1-ssid
INFO     [2021-05-31 03:20:47,470]: *** sta1-wlan1: Scanning for ap1-ssid
INFO     [2021-05-31 03:20:54,046]: *** sta3-wlan1: Scanning for ap1-ssid
INFO     [2021-05-31 03:20:56,328]: *** sta1-wlan1: Scanning for ap1-ssid
INFO     [2021-05-31 03:21:02,956]: *** sta3-wlan1: Scanning for ap1-ssid
INFO     [2021-05-31 03:21:05,204]: *** sta1-wlan1: Scanning for ap1-ssid
INFO     [2021-05-31 03:21:11,786]: *** sta3-wlan1: Scanning for ap1-ssid
INFO     [2021-05-31 03:21:14,075]: *** sta1-wlan1: Scanning for ap1-ssid
INFO     [2021-05-31 03:21:20,561]: *** sta3-wlan1: Scanning for ap1-ssid
INFO     [2021-05-31 03:21:22,874]: *** sta1-wlan1: Scanning for ap1-ssid
INFO     [2021-05-31 03:21:29,326]: *** sta3-wlan1: Scanning for ap1-ssid
INFO     [2021-05-31 03:21:31,651]: *** sta1-wlan1: Scanning for ap1-ssid
INFO     [2021-05-31 03:21:38,136]: *** sta3-wlan1: Scanning for ap1-ssid
INFO     [2021-05-31 03:21:40,502]: *** sta1-wlan1: Scanning for ap1-ssid
INFO     [2021-05-31 03:21:47,008]: *** sta3-wlan1: Scanning for ap1-ssid
INFO     [2021-05-31 03:21:49,308]: *** sta1-wlan1: Scanning for ap1-ssid
INFO     [2021-05-31 03:21:55,856]: *** sta3-wlan1: Scanning for ap1-ssid
INFO     [2021-05-31 03:21:56,419]: *** sta3-wlan1: Scan detected ap1-ssid in range (signal: -88.0 / -65.0)
INFO     [2021-05-31 03:21:57,425]: *** sta3-wlan1: Scan detected ap1-ssid in range (signal: -88.0 / -65.0)
INFO     [2021-05-31 03:21:58,099]: *** sta1-wlan1: Scanning for ap1-ssid
INFO     [2021-05-31 03:21:58,430]: *** sta3-wlan1: Scan detected ap1-ssid in range (signal: -88.0 / -65.0)
INFO     [2021-05-31 03:21:58,430]: *** sta1-wlan1: Scan detected ap1-ssid in range (signal: -89.0 / -65.0)
INFO     [2021-05-31 03:21:59,437]: *** sta3-wlan1: Scan detected ap1-ssid in range (signal: -88.0 / -65.0)
INFO     [2021-05-31 03:21:59,437]: *** sta1-wlan1: Scan detected ap1-ssid in range (signal: -89.0 / -65.0)
INFO     [2021-05-31 03:22:00,478]: *** sta1-wlan1: Scan detected ap1-ssid in range (signal: -89.0 / -65.0)
INFO     [2021-05-31 03:22:00,480]: *** sta3-wlan1: Scan detected ap1-ssid in range (signal: -88.0 / -65.0)
INFO     [2021-05-31 03:22:01,489]: *** sta3-wlan1: Scan detected ap1-ssid in range (signal: -88.0 / -65.0)
INFO     [2021-05-31 03:22:01,491]: *** sta1-wlan1: Scan detected ap1-ssid in range (signal: -89.0 / -65.0)
INFO     [2021-05-31 03:22:02,495]: *** sta3-wlan1: Scan detected ap1-ssid in range (signal: -88.0 / -65.0)
INFO     [2021-05-31 03:22:02,495]: *** sta1-wlan1: Scan detected ap1-ssid in range (signal: -89.0 / -65.0)
INFO     [2021-05-31 03:22:03,500]: *** sta3-wlan1: Scan detected ap1-ssid in range (signal: -88.0 / -65.0)
INFO     [2021-05-31 03:22:03,501]: *** sta1-wlan1: Scan detected ap1-ssid in range (signal: -89.0 / -65.0)
INFO     [2021-05-31 03:22:04,508]: *** sta1-wlan1: Scan detected ap1-ssid in range (signal: -89.0 / -65.0)
INFO     [2021-05-31 03:22:04,508]: *** sta3-wlan1: Scan detected ap1-ssid in range (signal: -88.0 / -65.0)
INFO     [2021-05-31 03:22:04,655]: *** sta3-wlan1: Scanning for ap1-ssid
INFO     [2021-05-31 03:22:05,512]: *** sta3-wlan1: Scan detected ap1-ssid in range (signal: -87.0 / -65.0)
INFO     [2021-05-31 03:22:05,513]: *** sta1-wlan1: Scan detected ap1-ssid in range (signal: -89.0 / -65.0)
INFO     [2021-05-31 03:22:06,517]: *** sta1-wlan1: Scan detected ap1-ssid in range (signal: -89.0 / -65.0)
INFO     [2021-05-31 03:22:06,517]: *** sta3-wlan1: Scan detected ap1-ssid in range (signal: -87.0 / -65.0)
INFO     [2021-05-31 03:22:06,942]: *** sta1-wlan1: Scanning for ap1-ssid
INFO     [2021-05-31 03:22:07,521]: *** sta3-wlan1: Scan detected ap1-ssid in range (signal: -87.0 / -65.0)
INFO     [2021-05-31 03:22:07,521]: *** sta1-wlan1: Scan detected ap1-ssid in range (signal: -89.0 / -65.0)
INFO     [2021-05-31 03:22:08,526]: *** sta1-wlan1: Scan detected ap1-ssid in range (signal: -89.0 / -65.0)
INFO     [2021-05-31 03:22:08,526]: *** sta3-wlan1: Scan detected ap1-ssid in range (signal: -87.0 / -65.0)
INFO     [2021-05-31 03:22:09,530]: *** sta3-wlan1: Scan detected ap1-ssid in range (signal: -87.0 / -65.0)
INFO     [2021-05-31 03:22:09,531]: *** sta1-wlan1: Scan detected ap1-ssid in range (signal: -89.0 / -65.0)
INFO     [2021-05-31 03:22:10,535]: *** sta3-wlan1: Scan detected ap1-ssid in range (signal: -87.0 / -65.0)
INFO     [2021-05-31 03:22:10,536]: *** sta1-wlan1: Scan detected ap1-ssid in range (signal: -89.0 / -65.0)
INFO     [2021-05-31 03:22:11,541]: *** sta3-wlan1: Scan detected ap1-ssid in range (signal: -87.0 / -65.0)
INFO     [2021-05-31 03:22:11,543]: *** sta1-wlan1: Scan detected ap1-ssid in range (signal: -89.0 / -65.0)
INFO     [2021-05-31 03:22:12,545]: *** sta3-wlan1: Scan detected ap1-ssid in range (signal: -87.0 / -65.0)
INFO     [2021-05-31 03:22:12,549]: *** sta1-wlan1: Scan detected ap1-ssid in range (signal: -89.0 / -65.0)
INFO     [2021-05-31 03:22:13,408]: *** sta3-wlan1: Scanning for ap1-ssid
INFO     [2021-05-31 03:22:13,551]: *** sta3-wlan1: Scan detected ap1-ssid in range (signal: -88.0 / -65.0)
INFO     [2021-05-31 03:22:13,554]: *** sta1-wlan1: Scan detected ap1-ssid in range (signal: -89.0 / -65.0)
INFO     [2021-05-31 03:22:14,556]: *** sta3-wlan1: Scan detected ap1-ssid in range (signal: -88.0 / -65.0)
INFO     [2021-05-31 03:22:14,560]: *** sta1-wlan1: Scan detected ap1-ssid in range (signal: -89.0 / -65.0)
INFO     [2021-05-31 03:22:15,561]: *** sta3-wlan1: Scan detected ap1-ssid in range (signal: -88.0 / -65.0)
INFO     [2021-05-31 03:22:15,565]: *** sta1-wlan1: Scan detected ap1-ssid in range (signal: -89.0 / -65.0)
INFO     [2021-05-31 03:22:15,686]: *** sta1-wlan1: Scanning for ap1-ssid
INFO     [2021-05-31 03:22:16,566]: *** sta3-wlan1: Scan detected ap1-ssid in range (signal: -88.0 / -65.0)
INFO     [2021-05-31 03:22:16,571]: *** sta1-wlan1: Scan detected ap1-ssid in range (signal: -89.0 / -65.0)
INFO     [2021-05-31 03:22:17,574]: *** sta3-wlan1: Scan detected ap1-ssid in range (signal: -88.0 / -65.0)
INFO     [2021-05-31 03:22:17,576]: *** sta1-wlan1: Scan detected ap1-ssid in range (signal: -89.0 / -65.0)
INFO     [2021-05-31 03:22:18,580]: *** sta3-wlan1: Scan detected ap1-ssid in range (signal: -88.0 / -65.0)
INFO     [2021-05-31 03:22:18,582]: *** sta1-wlan1: Scan detected ap1-ssid in range (signal: -89.0 / -65.0)
INFO     [2021-05-31 03:22:19,585]: *** sta3-wlan1: Scan detected ap1-ssid in range (signal: -88.0 / -65.0)
INFO     [2021-05-31 03:22:19,587]: *** sta1-wlan1: Scan detected ap1-ssid in range (signal: -89.0 / -65.0)
INFO     [2021-05-31 03:22:20,593]: *** sta3-wlan1: Scan detected ap1-ssid in range (signal: -88.0 / -65.0)
INFO     [2021-05-31 03:22:20,596]: *** sta1-wlan1: Scan detected ap1-ssid in range (signal: -89.0 / -65.0)
INFO     [2021-05-31 03:22:21,599]: *** sta3-wlan1: Scan detected ap1-ssid in range (signal: -88.0 / -65.0)
INFO     [2021-05-31 03:22:21,601]: *** sta1-wlan1: Scan detected ap1-ssid in range (signal: -89.0 / -65.0)
INFO     [2021-05-31 03:22:22,303]: *** sta3-wlan1: Scanning for ap1-ssid
INFO     [2021-05-31 03:22:22,604]: *** sta3-wlan1: Scan detected ap1-ssid in range (signal: -89.0 / -65.0)
INFO     [2021-05-31 03:22:22,606]: *** sta1-wlan1: Scan detected ap1-ssid in range (signal: -89.0 / -65.0)
INFO     [2021-05-31 03:22:23,610]: *** sta1-wlan1: Scan detected ap1-ssid in range (signal: -89.0 / -65.0)
INFO     [2021-05-31 03:22:23,611]: *** sta3-wlan1: Scan detected ap1-ssid in range (signal: -89.0 / -65.0)
INFO     [2021-05-31 03:22:24,559]: *** sta1-wlan1: Scanning for ap1-ssid
INFO     [2021-05-31 03:22:24,622]: *** sta1-wlan1: Scan detected ap1-ssid in range (signal: -84.0 / -65.0)
INFO     [2021-05-31 03:22:24,622]: *** sta3-wlan1: Scan detected ap1-ssid in range (signal: -89.0 / -65.0)
INFO     [2021-05-31 03:22:25,627]: *** sta3-wlan1: Scan detected ap1-ssid in range (signal: -89.0 / -65.0)
INFO     [2021-05-31 03:22:25,627]: *** sta1-wlan1: Scan detected ap1-ssid in range (signal: -84.0 / -65.0)
INFO     [2021-05-31 03:22:26,633]: *** sta1-wlan1: Scan detected ap1-ssid in range (signal: -84.0 / -65.0)
INFO     [2021-05-31 03:22:26,635]: *** sta3-wlan1: Scan detected ap1-ssid in range (signal: -89.0 / -65.0)
INFO     [2021-05-31 03:22:27,638]: *** sta1-wlan1: Scan detected ap1-ssid in range (signal: -84.0 / -65.0)
INFO     [2021-05-31 03:22:27,641]: *** sta3-wlan1: Scan detected ap1-ssid in range (signal: -89.0 / -65.0)
INFO     [2021-05-31 03:22:28,643]: *** sta1-wlan1: Scan detected ap1-ssid in range (signal: -84.0 / -65.0)
INFO     [2021-05-31 03:22:28,645]: *** sta3-wlan1: Scan detected ap1-ssid in range (signal: -89.0 / -65.0)
INFO     [2021-05-31 03:22:29,649]: *** sta1-wlan1: Scan detected ap1-ssid in range (signal: -84.0 / -65.0)
INFO     [2021-05-31 03:22:29,652]: *** sta3-wlan1: Scan detected ap1-ssid in range (signal: -89.0 / -65.0)
INFO     [2021-05-31 03:22:30,653]: *** sta1-wlan1: Scan detected ap1-ssid in range (signal: -84.0 / -65.0)
INFO     [2021-05-31 03:22:30,657]: *** sta3-wlan1: Scan detected ap1-ssid in range (signal: -89.0 / -65.0)
INFO     [2021-05-31 03:22:31,250]: *** sta3-wlan1: Scanning for ap1-ssid
INFO     [2021-05-31 03:22:31,659]: *** sta1-wlan1: Scan detected ap1-ssid in range (signal: -84.0 / -65.0)
INFO     [2021-05-31 03:22:31,663]: *** sta3-wlan1: Scan detected ap1-ssid in range (signal: -88.0 / -65.0)
INFO     [2021-05-31 03:22:32,667]: *** sta3-wlan1: Scan detected ap1-ssid in range (signal: -88.0 / -65.0)
INFO     [2021-05-31 03:22:32,668]: *** sta1-wlan1: Scan detected ap1-ssid in range (signal: -84.0 / -65.0)
INFO     [2021-05-31 03:22:33,551]: *** sta1-wlan1: Scanning for ap1-ssid
INFO     [2021-05-31 03:22:33,672]: *** sta3-wlan1: Scan detected ap1-ssid in range (signal: -88.0 / -65.0)
INFO     [2021-05-31 03:22:33,674]: *** sta1-wlan1: Scan detected ap1-ssid in range (signal: -85.0 / -65.0)
INFO     [2021-05-31 03:22:34,676]: *** sta3-wlan1: Scan detected ap1-ssid in range (signal: -88.0 / -65.0)
INFO     [2021-05-31 03:22:34,679]: *** sta1-wlan1: Scan detected ap1-ssid in range (signal: -85.0 / -65.0)
INFO     [2021-05-31 03:22:35,680]: *** sta3-wlan1: Scan detected ap1-ssid in range (signal: -88.0 / -65.0)
INFO     [2021-05-31 03:22:35,684]: *** sta1-wlan1: Scan detected ap1-ssid in range (signal: -85.0 / -65.0)
INFO     [2021-05-31 03:22:36,688]: *** sta3-wlan1: Scan detected ap1-ssid in range (signal: -88.0 / -65.0)
INFO     [2021-05-31 03:22:36,692]: *** sta1-wlan1: Scan detected ap1-ssid in range (signal: -85.0 / -65.0)
INFO     [2021-05-31 03:22:37,693]: *** sta3-wlan1: Scan detected ap1-ssid in range (signal: -88.0 / -65.0)
INFO     [2021-05-31 03:22:37,697]: *** sta1-wlan1: Scan detected ap1-ssid in range (signal: -85.0 / -65.0)
INFO     [2021-05-31 03:22:38,697]: *** sta3-wlan1: Scan detected ap1-ssid in range (signal: -88.0 / -65.0)
INFO     [2021-05-31 03:22:38,702]: *** sta1-wlan1: Scan detected ap1-ssid in range (signal: -85.0 / -65.0)
INFO     [2021-05-31 03:22:39,704]: *** sta3-wlan1: Scan detected ap1-ssid in range (signal: -88.0 / -65.0)
INFO     [2021-05-31 03:22:39,708]: *** sta1-wlan1: Scan detected ap1-ssid in range (signal: -85.0 / -65.0)
INFO     [2021-05-31 03:22:40,053]: *** sta3-wlan1: Scanning for ap1-ssid
INFO     [2021-05-31 03:22:40,709]: *** sta3-wlan1: Scan detected ap1-ssid in range (signal: -85.0 / -65.0)
INFO     [2021-05-31 03:22:40,713]: *** sta1-wlan1: Scan detected ap1-ssid in range (signal: -85.0 / -65.0)
INFO     [2021-05-31 03:22:41,719]: *** sta3-wlan1: Scan detected ap1-ssid in range (signal: -85.0 / -65.0)
INFO     [2021-05-31 03:22:41,719]: *** sta1-wlan1: Scan detected ap1-ssid in range (signal: -85.0 / -65.0)
INFO     [2021-05-31 03:22:42,327]: *** sta1-wlan1: Scanning for ap1-ssid
INFO     [2021-05-31 03:22:42,743]: *** sta1-wlan1: Scan detected ap1-ssid in range (signal: -87.0 / -65.0)
INFO     [2021-05-31 03:22:42,744]: *** sta3-wlan1: Scan detected ap1-ssid in range (signal: -85.0 / -65.0)
INFO     [2021-05-31 03:22:43,748]: *** sta1-wlan1: Scan detected ap1-ssid in range (signal: -87.0 / -65.0)
INFO     [2021-05-31 03:22:43,749]: *** sta3-wlan1: Scan detected ap1-ssid in range (signal: -85.0 / -65.0)
INFO     [2021-05-31 03:22:44,753]: *** sta3-wlan1: Scan detected ap1-ssid in range (signal: -85.0 / -65.0)
INFO     [2021-05-31 03:22:44,753]: *** sta1-wlan1: Scan detected ap1-ssid in range (signal: -87.0 / -65.0)
INFO     [2021-05-31 03:22:45,758]: *** sta1-wlan1: Scan detected ap1-ssid in range (signal: -87.0 / -65.0)
INFO     [2021-05-31 03:22:45,760]: *** sta3-wlan1: Scan detected ap1-ssid in range (signal: -85.0 / -65.0)
INFO     [2021-05-31 03:22:46,765]: *** sta1-wlan1: Scan detected ap1-ssid in range (signal: -87.0 / -65.0)
INFO     [2021-05-31 03:22:46,765]: *** sta3-wlan1: Scan detected ap1-ssid in range (signal: -85.0 / -65.0)
INFO     [2021-05-31 03:22:47,769]: *** sta1-wlan1: Scan detected ap1-ssid in range (signal: -87.0 / -65.0)
INFO     [2021-05-31 03:22:47,769]: *** sta3-wlan1: Scan detected ap1-ssid in range (signal: -85.0 / -65.0)
INFO     [2021-05-31 03:22:48,775]: *** sta3-wlan1: Scan detected ap1-ssid in range (signal: -85.0 / -65.0)
INFO     [2021-05-31 03:22:48,775]: *** sta1-wlan1: Scan detected ap1-ssid in range (signal: -87.0 / -65.0)
INFO     [2021-05-31 03:22:48,967]: *** sta3-wlan1: Scanning for ap1-ssid
INFO     [2021-05-31 03:22:49,780]: *** sta1-wlan1: Scan detected ap1-ssid in range (signal: -87.0 / -65.0)
INFO     [2021-05-31 03:22:49,780]: *** sta3-wlan1: Scan detected ap1-ssid in range (signal: -86.0 / -65.0)
INFO     [2021-05-31 03:22:50,787]: *** sta1-wlan1: Scan detected ap1-ssid in range (signal: -87.0 / -65.0)
INFO     [2021-05-31 03:22:50,788]: *** sta3-wlan1: Scan detected ap1-ssid in range (signal: -86.0 / -65.0)
INFO     [2021-05-31 03:22:51,601]: *** sta1-wlan1: Scanning for ap1-ssid
INFO     [2021-05-31 03:22:51,793]: *** sta3-wlan1: Scan detected ap1-ssid in range (signal: -86.0 / -65.0)
INFO     [2021-05-31 03:22:51,793]: *** sta1-wlan1: Scan detected ap1-ssid in range (signal: -85.0 / -65.0)
INFO     [2021-05-31 03:22:52,804]: *** sta3-wlan1: Scan detected ap1-ssid in range (signal: -86.0 / -65.0)
INFO     [2021-05-31 03:22:52,806]: *** sta1-wlan1: Scan detected ap1-ssid in range (signal: -85.0 / -65.0)
INFO     [2021-05-31 03:22:53,810]: *** sta1-wlan1: Scan detected ap1-ssid in range (signal: -85.0 / -65.0)
INFO     [2021-05-31 03:22:53,812]: *** sta3-wlan1: Scan detected ap1-ssid in range (signal: -88.0 / -65.0)
INFO     [2021-05-31 03:22:54,814]: *** sta1-wlan1: Scan detected ap1-ssid in range (signal: -85.0 / -65.0)
INFO     [2021-05-31 03:22:54,820]: *** sta3-wlan1: Scan detected ap1-ssid in range (signal: -88.0 / -65.0)
INFO     [2021-05-31 03:22:55,822]: *** sta1-wlan1: Scan detected ap1-ssid in range (signal: -85.0 / -65.0)
INFO     [2021-05-31 03:22:55,827]: *** sta3-wlan1: Scan detected ap1-ssid in range (signal: -88.0 / -65.0)
INFO     [2021-05-31 03:22:56,827]: *** sta1-wlan1: Scan detected ap1-ssid in range (signal: -85.0 / -65.0)
INFO     [2021-05-31 03:22:56,833]: *** sta3-wlan1: Scan detected ap1-ssid in range (signal: -88.0 / -65.0)
INFO     [2021-05-31 03:22:57,830]: *** sta1-wlan1: Scan detected ap1-ssid in range (signal: -85.0 / -65.0)
INFO     [2021-05-31 03:22:57,842]: *** sta3-wlan1: Scan detected ap1-ssid in range (signal: -88.0 / -65.0)
INFO     [2021-05-31 03:22:57,882]: *** sta3-wlan1: Scanning for ap1-ssid
INFO     [2021-05-31 03:22:58,838]: *** sta1-wlan1: Scan detected ap1-ssid in range (signal: -85.0 / -65.0)
INFO     [2021-05-31 03:22:58,851]: *** sta3-wlan1: Scan detected ap1-ssid in range (signal: -79.0 / -65.0)
INFO     [2021-05-31 03:22:59,853]: *** sta1-wlan1: Scan detected ap1-ssid in range (signal: -85.0 / -65.0)
INFO     [2021-05-31 03:22:59,856]: *** sta3-wlan1: Scan detected ap1-ssid in range (signal: -79.0 / -65.0)
INFO     [2021-05-31 03:23:00,424]: *** sta1-wlan1: Scanning for ap1-ssid
INFO     [2021-05-31 03:23:00,857]: *** sta1-wlan1: Scan detected ap1-ssid in range (signal: -84.0 / -65.0)
INFO     [2021-05-31 03:23:00,861]: *** sta3-wlan1: Scan detected ap1-ssid in range (signal: -79.0 / -65.0)
INFO     [2021-05-31 03:23:01,864]: *** sta1-wlan1: Scan detected ap1-ssid in range (signal: -84.0 / -65.0)
INFO     [2021-05-31 03:23:01,866]: *** sta3-wlan1: Scan detected ap1-ssid in range (signal: -88.0 / -65.0)
INFO     [2021-05-31 03:23:02,869]: *** sta1-wlan1: Scan detected ap1-ssid in range (signal: -84.0 / -65.0)
INFO     [2021-05-31 03:23:02,872]: *** sta3-wlan1: Scan detected ap1-ssid in range (signal: -88.0 / -65.0)
INFO     [2021-05-31 03:23:03,873]: *** sta1-wlan1: Scan detected ap1-ssid in range (signal: -84.0 / -65.0)
INFO     [2021-05-31 03:23:03,875]: *** sta3-wlan1: Scan detected ap1-ssid in range (signal: -88.0 / -65.0)
INFO     [2021-05-31 03:23:04,877]: *** sta1-wlan1: Scan detected ap1-ssid in range (signal: -84.0 / -65.0)
INFO     [2021-05-31 03:23:04,880]: *** sta3-wlan1: Scan detected ap1-ssid in range (signal: -88.0 / -65.0)
INFO     [2021-05-31 03:23:05,883]: *** sta1-wlan1: Scan detected ap1-ssid in range (signal: -84.0 / -65.0)
INFO     [2021-05-31 03:23:05,886]: *** sta3-wlan1: Scan detected ap1-ssid in range (signal: -88.0 / -65.0)
INFO     [2021-05-31 03:23:06,738]: *** sta3-wlan1: Scanning for ap1-ssid
INFO     [2021-05-31 03:23:06,890]: *** sta1-wlan1: Scan detected ap1-ssid in range (signal: -84.0 / -65.0)
INFO     [2021-05-31 03:23:06,891]: *** sta3-wlan1: Scan detected ap1-ssid in range (signal: -84.0 / -65.0)
INFO     [2021-05-31 03:23:07,897]: *** sta3-wlan1: Scan detected ap1-ssid in range (signal: -84.0 / -65.0)
INFO     [2021-05-31 03:23:07,898]: *** sta1-wlan1: Scan detected ap1-ssid in range (signal: -84.0 / -65.0)
INFO     [2021-05-31 03:23:08,901]: *** sta3-wlan1: Scan detected ap1-ssid in range (signal: -84.0 / -65.0)
INFO     [2021-05-31 03:23:08,904]: *** sta1-wlan1: Scan detected ap1-ssid in range (signal: -84.0 / -65.0)
INFO     [2021-05-31 03:23:09,274]: *** sta1-wlan1: Scanning for ap1-ssid
INFO     [2021-05-31 03:23:09,913]: *** sta3-wlan1: Scan detected ap1-ssid in range (signal: -84.0 / -65.0)
INFO     [2021-05-31 03:23:09,918]: *** sta1-wlan1: Scan detected ap1-ssid in range (signal: -82.0 / -65.0)
INFO     [2021-05-31 03:23:10,927]: *** sta1-wlan1: Scan detected ap1-ssid in range (signal: -82.0 / -65.0)
INFO     [2021-05-31 03:23:10,928]: *** sta3-wlan1: Scan detected ap1-ssid in range (signal: -84.0 / -65.0)
INFO     [2021-05-31 03:23:11,932]: *** sta3-wlan1: Scan detected ap1-ssid in range (signal: -84.0 / -65.0)
INFO     [2021-05-31 03:23:11,934]: *** sta1-wlan1: Scan detected ap1-ssid in range (signal: -82.0 / -65.0)
INFO     [2021-05-31 03:23:12,941]: *** sta3-wlan1: Scan detected ap1-ssid in range (signal: -84.0 / -65.0)
INFO     [2021-05-31 03:23:12,942]: *** sta1-wlan1: Scan detected ap1-ssid in range (signal: -82.0 / -65.0)
INFO     [2021-05-31 03:23:13,948]: *** sta3-wlan1: Scan detected ap1-ssid in range (signal: -84.0 / -65.0)
INFO     [2021-05-31 03:23:13,949]: *** sta1-wlan1: Scan detected ap1-ssid in range (signal: -82.0 / -65.0)
INFO     [2021-05-31 03:23:14,952]: *** sta3-wlan1: Scan detected ap1-ssid in range (signal: -84.0 / -65.0)
INFO     [2021-05-31 03:23:14,954]: *** sta1-wlan1: Scan detected ap1-ssid in range (signal: -82.0 / -65.0)
INFO     [2021-05-31 03:23:15,518]: *** sta3-wlan1: Scanning for ap1-ssid
INFO     [2021-05-31 03:23:15,959]: *** sta3-wlan1: Scan detected ap1-ssid in range (signal: -78.0 / -65.0)
INFO     [2021-05-31 03:23:15,959]: *** sta1-wlan1: Scan detected ap1-ssid in range (signal: -82.0 / -65.0)
INFO     [2021-05-31 03:23:16,964]: *** sta1-wlan1: Scan detected ap1-ssid in range (signal: -82.0 / -65.0)
INFO     [2021-05-31 03:23:16,965]: *** sta3-wlan1: Scan detected ap1-ssid in range (signal: -78.0 / -65.0)
INFO     [2021-05-31 03:23:17,969]: *** sta1-wlan1: Scan detected ap1-ssid in range (signal: -82.0 / -65.0)
INFO     [2021-05-31 03:23:17,969]: *** sta3-wlan1: Scan detected ap1-ssid in range (signal: -78.0 / -65.0)
INFO     [2021-05-31 03:23:18,029]: *** sta1-wlan1: Scanning for ap1-ssid
INFO     [2021-05-31 03:23:18,979]: *** sta1-wlan1: Scan detected ap1-ssid in range (signal: -79.0 / -65.0)
INFO     [2021-05-31 03:23:18,980]: *** sta3-wlan1: Scan detected ap1-ssid in range (signal: -78.0 / -65.0)
INFO     [2021-05-31 03:23:19,984]: *** sta1-wlan1: Scan detected ap1-ssid in range (signal: -79.0 / -65.0)
INFO     [2021-05-31 03:23:19,986]: *** sta3-wlan1: Scan detected ap1-ssid in range (signal: -78.0 / -65.0)
INFO     [2021-05-31 03:23:20,989]: *** sta1-wlan1: Scan detected ap1-ssid in range (signal: -79.0 / -65.0)
INFO     [2021-05-31 03:23:20,990]: *** sta3-wlan1: Scan detected ap1-ssid in range (signal: -78.0 / -65.0)
INFO     [2021-05-31 03:23:21,996]: *** sta1-wlan1: Scan detected ap1-ssid in range (signal: -80.0 / -65.0)
INFO     [2021-05-31 03:23:21,996]: *** sta3-wlan1: Scan detected ap1-ssid in range (signal: -78.0 / -65.0)
INFO     [2021-05-31 03:23:23,001]: *** sta1-wlan1: Scan detected ap1-ssid in range (signal: -80.0 / -65.0)
INFO     [2021-05-31 03:23:23,003]: *** sta3-wlan1: Scan detected ap1-ssid in range (signal: -78.0 / -65.0)
INFO     [2021-05-31 03:23:24,007]: *** sta1-wlan1: Scan detected ap1-ssid in range (signal: -80.0 / -65.0)
INFO     [2021-05-31 03:23:24,007]: *** sta3-wlan1: Scan detected ap1-ssid in range (signal: -78.0 / -65.0)
INFO     [2021-05-31 03:23:24,635]: *** sta3-wlan1: Scanning for ap1-ssid
INFO     [2021-05-31 03:23:25,013]: *** sta3-wlan1: Scan detected ap1-ssid in range (signal: -82.0 / -65.0)
INFO     [2021-05-31 03:23:25,013]: *** sta1-wlan1: Scan detected ap1-ssid in range (signal: -80.0 / -65.0)
INFO     [2021-05-31 03:23:26,018]: *** sta3-wlan1: Scan detected ap1-ssid in range (signal: -82.0 / -65.0)
INFO     [2021-05-31 03:23:26,018]: *** sta1-wlan1: Scan detected ap1-ssid in range (signal: -80.0 / -65.0)
INFO     [2021-05-31 03:23:26,811]: *** sta1-wlan1: Scanning for ap1-ssid
INFO     [2021-05-31 03:23:27,023]: *** sta1-wlan1: Scan detected ap1-ssid in range (signal: -76.0 / -65.0)
INFO     [2021-05-31 03:23:27,025]: *** sta3-wlan1: Scan detected ap1-ssid in range (signal: -82.0 / -65.0)
INFO     [2021-05-31 03:23:28,028]: *** sta1-wlan1: Scan detected ap1-ssid in range (signal: -76.0 / -65.0)
INFO     [2021-05-31 03:23:28,032]: *** sta3-wlan1: Scan detected ap1-ssid in range (signal: -82.0 / -65.0)
INFO     [2021-05-31 03:23:29,032]: *** sta1-wlan1: Scan detected ap1-ssid in range (signal: -76.0 / -65.0)
INFO     [2021-05-31 03:23:29,036]: *** sta3-wlan1: Scan detected ap1-ssid in range (signal: -82.0 / -65.0)
INFO     [2021-05-31 03:23:30,037]: *** sta1-wlan1: Scan detected ap1-ssid in range (signal: -76.0 / -65.0)
INFO     [2021-05-31 03:23:30,040]: *** sta3-wlan1: Scan detected ap1-ssid in range (signal: -82.0 / -65.0)
INFO     [2021-05-31 03:23:31,040]: *** sta1-wlan1: Scan detected ap1-ssid in range (signal: -76.0 / -65.0)
INFO     [2021-05-31 03:23:31,045]: *** sta3-wlan1: Scan detected ap1-ssid in range (signal: -82.0 / -65.0)
INFO     [2021-05-31 03:23:32,049]: *** sta1-wlan1: Scan detected ap1-ssid in range (signal: -76.0 / -65.0)
INFO     [2021-05-31 03:23:32,050]: *** sta3-wlan1: Scan detected ap1-ssid in range (signal: -82.0 / -65.0)
INFO     [2021-05-31 03:23:33,056]: *** sta1-wlan1: Scan detected ap1-ssid in range (signal: -76.0 / -65.0)
INFO     [2021-05-31 03:23:33,056]: *** sta3-wlan1: Scan detected ap1-ssid in range (signal: -82.0 / -65.0)
INFO     [2021-05-31 03:23:33,521]: *** sta3-wlan1: Scanning for ap1-ssid
INFO     [2021-05-31 03:23:34,061]: *** sta1-wlan1: Scan detected ap1-ssid in range (signal: -76.0 / -65.0)
INFO     [2021-05-31 03:23:34,061]: *** sta3-wlan1: Scan detected ap1-ssid in range (signal: -80.0 / -65.0)
INFO     [2021-05-31 03:23:35,066]: *** sta1-wlan1: Scan detected ap1-ssid in range (signal: -76.0 / -65.0)
INFO     [2021-05-31 03:23:35,066]: *** sta3-wlan1: Scan detected ap1-ssid in range (signal: -80.0 / -65.0)
INFO     [2021-05-31 03:23:35,569]: *** sta1-wlan1: Scanning for ap1-ssid
INFO     [2021-05-31 03:23:36,071]: *** sta3-wlan1: Scan detected ap1-ssid in range (signal: -80.0 / -65.0)
INFO     [2021-05-31 03:23:36,074]: *** sta1-wlan1: Scan detected ap1-ssid in range (signal: -76.0 / -65.0)
INFO     [2021-05-31 03:23:37,089]: *** sta3-wlan1: Scan detected ap1-ssid in range (signal: -80.0 / -65.0)
INFO     [2021-05-31 03:23:37,092]: *** sta1-wlan1: Scan detected ap1-ssid in range (signal: -76.0 / -65.0)
INFO     [2021-05-31 03:23:38,095]: *** sta3-wlan1: Scan detected ap1-ssid in range (signal: -77.0 / -65.0)
INFO     [2021-05-31 03:23:38,099]: *** sta1-wlan1: Scan detected ap1-ssid in range (signal: -76.0 / -65.0)
INFO     [2021-05-31 03:23:39,104]: *** sta3-wlan1: Scan detected ap1-ssid in range (signal: -77.0 / -65.0)
INFO     [2021-05-31 03:23:39,104]: *** sta1-wlan1: Scan detected ap1-ssid in range (signal: -76.0 / -65.0)
INFO     [2021-05-31 03:23:40,110]: *** sta3-wlan1: Scan detected ap1-ssid in range (signal: -77.0 / -65.0)
INFO     [2021-05-31 03:23:40,112]: *** sta1-wlan1: Scan detected ap1-ssid in range (signal: -76.0 / -65.0)
INFO     [2021-05-31 03:23:41,120]: *** sta3-wlan1: Scan detected ap1-ssid in range (signal: -77.0 / -65.0)
INFO     [2021-05-31 03:23:41,120]: *** sta1-wlan1: Scan detected ap1-ssid in range (signal: -76.0 / -65.0)
INFO     [2021-05-31 03:23:42,128]: *** sta1-wlan1: Scan detected ap1-ssid in range (signal: -76.0 / -65.0)
INFO     [2021-05-31 03:23:42,128]: *** sta3-wlan1: Scan detected ap1-ssid in range (signal: -77.0 / -65.0)
INFO     [2021-05-31 03:23:42,329]: *** sta3-wlan1: Scanning for ap1-ssid
INFO     [2021-05-31 03:23:43,134]: *** sta1-wlan1: Scan detected ap1-ssid in range (signal: -76.0 / -65.0)
INFO     [2021-05-31 03:23:43,135]: *** sta3-wlan1: Scan detected ap1-ssid in range (signal: -78.0 / -65.0)
INFO     [2021-05-31 03:23:44,142]: *** sta3-wlan1: Scan detected ap1-ssid in range (signal: -78.0 / -65.0)
INFO     [2021-05-31 03:23:44,143]: *** sta1-wlan1: Scan detected ap1-ssid in range (signal: -76.0 / -65.0)
INFO     [2021-05-31 03:23:44,885]: *** sta1-wlan1: Scanning for ap1-ssid
INFO     [2021-05-31 03:23:45,149]: *** sta3-wlan1: Scan detected ap1-ssid in range (signal: -78.0 / -65.0)
INFO     [2021-05-31 03:23:45,150]: *** sta1-wlan1: Scan detected ap1-ssid in range (signal: -79.0 / -65.0)
INFO     [2021-05-31 03:23:46,155]: *** sta3-wlan1: Scan detected ap1-ssid in range (signal: -78.0 / -65.0)
INFO     [2021-05-31 03:23:46,159]: *** sta1-wlan1: Scan detected ap1-ssid in range (signal: -79.0 / -65.0)
INFO     [2021-05-31 03:23:47,161]: *** sta3-wlan1: Scan detected ap1-ssid in range (signal: -78.0 / -65.0)
INFO     [2021-05-31 03:23:47,166]: *** sta1-wlan1: Scan detected ap1-ssid in range (signal: -79.0 / -65.0)
INFO     [2021-05-31 03:23:48,181]: *** sta3-wlan1: Scan detected ap1-ssid in range (signal: -78.0 / -65.0)
INFO     [2021-05-31 03:23:48,183]: *** sta1-wlan1: Scan detected ap1-ssid in range (signal: -79.0 / -65.0)
INFO     [2021-05-31 03:23:49,197]: *** sta3-wlan1: Scan detected ap1-ssid in range (signal: -78.0 / -65.0)
INFO     [2021-05-31 03:23:49,198]: *** sta1-wlan1: Scan detected ap1-ssid in range (signal: -79.0 / -65.0)
INFO     [2021-05-31 03:23:50,212]: *** sta3-wlan1: Scan detected ap1-ssid in range (signal: -78.0 / -65.0)
INFO     [2021-05-31 03:23:50,212]: *** sta1-wlan1: Scan detected ap1-ssid in range (signal: -79.0 / -65.0)
INFO     [2021-05-31 03:23:51,102]: *** sta3-wlan1: Scanning for ap1-ssid
INFO     [2021-05-31 03:23:51,228]: *** sta1-wlan1: Scan detected ap1-ssid in range (signal: -79.0 / -65.0)
INFO     [2021-05-31 03:23:51,228]: *** sta3-wlan1: Scan detected ap1-ssid in range (signal: -76.0 / -65.0)
INFO     [2021-05-31 03:23:52,243]: *** sta1-wlan1: Scan detected ap1-ssid in range (signal: -79.0 / -65.0)
INFO     [2021-05-31 03:23:52,245]: *** sta3-wlan1: Scan detected ap1-ssid in range (signal: -76.0 / -65.0)
INFO     [2021-05-31 03:23:53,260]: *** sta1-wlan1: Scan detected ap1-ssid in range (signal: -79.0 / -65.0)
INFO     [2021-05-31 03:23:53,260]: *** sta3-wlan1: Scan detected ap1-ssid in range (signal: -76.0 / -65.0)
INFO     [2021-05-31 03:23:53,922]: *** sta1-wlan1: Scanning for ap1-ssid
INFO     [2021-05-31 03:23:54,275]: *** sta1-wlan1: Scan detected ap1-ssid in range (signal: -76.0 / -65.0)
INFO     [2021-05-31 03:23:54,275]: *** sta3-wlan1: Scan detected ap1-ssid in range (signal: -76.0 / -65.0)
INFO     [2021-05-31 03:23:55,291]: *** sta1-wlan1: Scan detected ap1-ssid in range (signal: -76.0 / -65.0)
INFO     [2021-05-31 03:23:55,292]: *** sta3-wlan1: Scan detected ap1-ssid in range (signal: -79.0 / -65.0)
INFO     [2021-05-31 03:23:56,303]: *** sta1-wlan1: Scan detected ap1-ssid in range (signal: -76.0 / -65.0)
INFO     [2021-05-31 03:23:56,304]: *** sta3-wlan1: Scan detected ap1-ssid in range (signal: -79.0 / -65.0)
INFO     [2021-05-31 03:23:57,324]: *** sta1-wlan1: Scan detected ap1-ssid in range (signal: -76.0 / -65.0)
INFO     [2021-05-31 03:23:57,327]: *** sta3-wlan1: Scan detected ap1-ssid in range (signal: -79.0 / -65.0)
INFO     [2021-05-31 03:23:58,342]: *** sta3-wlan1: Scan detected ap1-ssid in range (signal: -79.0 / -65.0)
INFO     [2021-05-31 03:23:58,343]: *** sta1-wlan1: Scan detected ap1-ssid in range (signal: -76.0 / -65.0)
INFO     [2021-05-31 03:23:59,358]: *** sta3-wlan1: Scan detected ap1-ssid in range (signal: -79.0 / -65.0)
INFO     [2021-05-31 03:23:59,359]: *** sta1-wlan1: Scan detected ap1-ssid in range (signal: -76.0 / -65.0)
INFO     [2021-05-31 03:24:00,027]: *** sta3-wlan1: Scanning for ap1-ssid
INFO     [2021-05-31 03:24:00,386]: *** sta1-wlan1: Scan detected ap1-ssid in range (signal: -76.0 / -65.0)
INFO     [2021-05-31 03:24:00,388]: *** sta3-wlan1: Scan detected ap1-ssid in range (signal: -85.0 / -65.0)
INFO     [2021-05-31 03:24:01,407]: *** sta1-wlan1: Scan detected ap1-ssid in range (signal: -76.0 / -65.0)
INFO     [2021-05-31 03:24:01,412]: *** sta3-wlan1: Scan detected ap1-ssid in range (signal: -85.0 / -65.0)
INFO     [2021-05-31 03:24:02,440]: *** sta1-wlan1: Scan detected ap1-ssid in range (signal: -76.0 / -65.0)
INFO     [2021-05-31 03:24:02,441]: *** sta3-wlan1: Scan detected ap1-ssid in range (signal: -85.0 / -65.0)
INFO     [2021-05-31 03:24:02,735]: *** sta1-wlan1: Scanning for ap1-ssid
INFO     [2021-05-31 03:24:03,465]: *** sta1-wlan1: Scan detected ap1-ssid in range (signal: -73.0 / -65.0)
INFO     [2021-05-31 03:24:03,470]: *** sta3-wlan1: Scan detected ap1-ssid in range (signal: -85.0 / -65.0)
INFO     [2021-05-31 03:24:04,490]: *** sta1-wlan1: Scan detected ap1-ssid in range (signal: -73.0 / -65.0)
INFO     [2021-05-31 03:24:04,495]: *** sta3-wlan1: Scan detected ap1-ssid in range (signal: -78.0 / -65.0)
INFO     [2021-05-31 03:24:05,509]: *** sta1-wlan1: Scan detected ap1-ssid in range (signal: -73.0 / -65.0)
INFO     [2021-05-31 03:24:05,511]: *** sta3-wlan1: Scan detected ap1-ssid in range (signal: -78.0 / -65.0)
INFO     [2021-05-31 03:24:06,529]: *** sta3-wlan1: Scan detected ap1-ssid in range (signal: -78.0 / -65.0)
INFO     [2021-05-31 03:24:06,529]: *** sta1-wlan1: Scan detected ap1-ssid in range (signal: -73.0 / -65.0)
INFO     [2021-05-31 03:24:07,540]: *** sta3-wlan1: Scan detected ap1-ssid in range (signal: -78.0 / -65.0)
INFO     [2021-05-31 03:24:07,541]: *** sta1-wlan1: Scan detected ap1-ssid in range (signal: -73.0 / -65.0)
INFO     [2021-05-31 03:24:08,555]: *** sta3-wlan1: Scan detected ap1-ssid in range (signal: -78.0 / -65.0)
INFO     [2021-05-31 03:24:08,560]: *** sta1-wlan1: Scan detected ap1-ssid in range (signal: -73.0 / -65.0)
INFO     [2021-05-31 03:24:09,105]: *** sta3-wlan1: Scanning for ap1-ssid
INFO     [2021-05-31 03:24:09,579]: *** sta3-wlan1: Scan detected ap1-ssid in range (signal: -78.0 / -65.0)
INFO     [2021-05-31 03:24:09,581]: *** sta1-wlan1: Scan detected ap1-ssid in range (signal: -73.0 / -65.0)
INFO     [2021-05-31 03:24:10,597]: *** sta1-wlan1: Scan detected ap1-ssid in range (signal: -73.0 / -65.0)
INFO     [2021-05-31 03:24:10,598]: *** sta3-wlan1: Scan detected ap1-ssid in range (signal: -78.0 / -65.0)
INFO     [2021-05-31 03:24:11,615]: *** sta1-wlan1: Scan detected ap1-ssid in range (signal: -73.0 / -65.0)
INFO     [2021-05-31 03:24:11,616]: *** sta3-wlan1: Scan detected ap1-ssid in range (signal: -78.0 / -65.0)
INFO     [2021-05-31 03:24:11,634]: *** sta1-wlan1: Scanning for ap1-ssid
INFO     [2021-05-31 03:24:12,625]: *** sta1-wlan1: Scan detected ap1-ssid in range (signal: -79.0 / -65.0)
INFO     [2021-05-31 03:24:12,625]: *** sta3-wlan1: Scan detected ap1-ssid in range (signal: -78.0 / -65.0)
INFO     [2021-05-31 03:24:13,634]: *** sta3-wlan1: Scan detected ap1-ssid in range (signal: -78.0 / -65.0)
INFO     [2021-05-31 03:24:13,635]: *** sta1-wlan1: Scan detected ap1-ssid in range (signal: -79.0 / -65.0)
INFO     [2021-05-31 03:24:14,651]: *** sta3-wlan1: Scan detected ap1-ssid in range (signal: -78.0 / -65.0)
INFO     [2021-05-31 03:24:14,654]: *** sta1-wlan1: Scan detected ap1-ssid in range (signal: -79.0 / -65.0)
INFO     [2021-05-31 03:24:15,668]: *** sta3-wlan1: Scan detected ap1-ssid in range (signal: -78.0 / -65.0)
INFO     [2021-05-31 03:24:15,671]: *** sta1-wlan1: Scan detected ap1-ssid in range (signal: -79.0 / -65.0)
INFO     [2021-05-31 03:24:16,680]: *** sta3-wlan1: Scan detected ap1-ssid in range (signal: -78.0 / -65.0)
INFO     [2021-05-31 03:24:16,680]: *** sta1-wlan1: Scan detected ap1-ssid in range (signal: -79.0 / -65.0)
INFO     [2021-05-31 03:24:17,695]: *** sta3-wlan1: Scan detected ap1-ssid in range (signal: -78.0 / -65.0)
INFO     [2021-05-31 03:24:17,698]: *** sta1-wlan1: Scan detected ap1-ssid in range (signal: -79.0 / -65.0)
INFO     [2021-05-31 03:24:17,987]: *** sta3-wlan1: Scanning for ap1-ssid
INFO     [2021-05-31 03:24:18,717]: *** sta3-wlan1: Scan detected ap1-ssid in range (signal: -69.0 / -65.0)
INFO     [2021-05-31 03:24:18,716]: *** sta1-wlan1: Scan detected ap1-ssid in range (signal: -79.0 / -65.0)
INFO     [2021-05-31 03:24:19,728]: *** sta3-wlan1: Scan detected ap1-ssid in range (signal: -69.0 / -65.0)
INFO     [2021-05-31 03:24:19,729]: *** sta1-wlan1: Scan detected ap1-ssid in range (signal: -79.0 / -65.0)
INFO     [2021-05-31 03:24:20,433]: *** sta1-wlan1: Scanning for ap1-ssid
INFO     [2021-05-31 03:24:20,748]: *** sta3-wlan1: Scan detected ap1-ssid in range (signal: -69.0 / -65.0)
INFO     [2021-05-31 03:24:20,748]: *** sta1-wlan1: Scan detected ap1-ssid in range (signal: -75.0 / -65.0)
INFO     [2021-05-31 03:24:21,951]: *** sta1-wlan1: Scan detected ap1-ssid in range (signal: -75.0 / -65.0)
INFO     [2021-05-31 03:24:21,951]: *** sta3-wlan1: Scan detected ap1-ssid in range (signal: -69.0 / -65.0)
INFO     [2021-05-31 03:24:22,961]: *** sta1-wlan1: Scan detected ap1-ssid in range (signal: -75.0 / -65.0)
INFO     [2021-05-31 03:24:22,962]: *** sta3-wlan1: Scan detected ap1-ssid in range (signal: -69.0 / -65.0)
INFO     [2021-05-31 03:24:23,974]: *** sta1-wlan1: Scan detected ap1-ssid in range (signal: -75.0 / -65.0)
INFO     [2021-05-31 03:24:23,981]: *** sta3-wlan1: Scan detected ap1-ssid in range (signal: -69.0 / -65.0)
INFO     [2021-05-31 03:24:24,993]: *** sta1-wlan1: Scan detected ap1-ssid in range (signal: -75.0 / -65.0)
INFO     [2021-05-31 03:24:24,998]: *** sta3-wlan1: Scan detected ap1-ssid in range (signal: -69.0 / -65.0)
INFO     [2021-05-31 03:24:26,009]: *** sta1-wlan1: Scan detected ap1-ssid in range (signal: -75.0 / -65.0)
INFO     [2021-05-31 03:24:26,022]: *** sta3-wlan1: Scan detected ap1-ssid in range (signal: -69.0 / -65.0)
INFO     [2021-05-31 03:24:26,955]: *** sta3-wlan1: Scanning for ap1-ssid
INFO     [2021-05-31 03:24:27,028]: *** sta1-wlan1: Scan detected ap1-ssid in range (signal: -75.0 / -65.0)
INFO     [2021-05-31 03:24:27,039]: *** sta3-wlan1: Scan detected ap1-ssid in range (signal: -74.0 / -65.0)
INFO     [2021-05-31 03:24:28,039]: *** sta1-wlan1: Scan detected ap1-ssid in range (signal: -75.0 / -65.0)
INFO     [2021-05-31 03:24:28,045]: *** sta3-wlan1: Scan detected ap1-ssid in range (signal: -74.0 / -65.0)
INFO     [2021-05-31 03:24:29,059]: *** sta1-wlan1: Scan detected ap1-ssid in range (signal: -75.0 / -65.0)
INFO     [2021-05-31 03:24:29,059]: *** sta3-wlan1: Scan detected ap1-ssid in range (signal: -74.0 / -65.0)
INFO     [2021-05-31 03:24:29,514]: *** sta1-wlan1: Scanning for ap1-ssid
INFO     [2021-05-31 03:24:30,069]: *** sta1-wlan1: Scan detected ap1-ssid in range (signal: -77.0 / -65.0)
INFO     [2021-05-31 03:24:30,070]: *** sta3-wlan1: Scan detected ap1-ssid in range (signal: -74.0 / -65.0)
INFO     [2021-05-31 03:24:31,087]: *** sta1-wlan1: Scan detected ap1-ssid in range (signal: -77.0 / -65.0)
INFO     [2021-05-31 03:24:31,089]: *** sta3-wlan1: Scan detected ap1-ssid in range (signal: -76.0 / -65.0)
INFO     [2021-05-31 03:24:32,104]: *** sta1-wlan1: Scan detected ap1-ssid in range (signal: -77.0 / -65.0)
INFO     [2021-05-31 03:24:32,107]: *** sta3-wlan1: Scan detected ap1-ssid in range (signal: -76.0 / -65.0)
INFO     [2021-05-31 03:24:33,123]: *** sta3-wlan1: Scan detected ap1-ssid in range (signal: -76.0 / -65.0)
INFO     [2021-05-31 03:24:33,123]: *** sta1-wlan1: Scan detected ap1-ssid in range (signal: -77.0 / -65.0)
INFO     [2021-05-31 03:24:34,159]: *** sta1-wlan1: Scan detected ap1-ssid in range (signal: -76.0 / -65.0)
INFO     [2021-05-31 03:24:34,160]: *** sta3-wlan1: Scan detected ap1-ssid in range (signal: -76.0 / -65.0)
INFO     [2021-05-31 03:24:35,177]: *** sta3-wlan1: Scan detected ap1-ssid in range (signal: -76.0 / -65.0)
INFO     [2021-05-31 03:24:35,177]: *** sta1-wlan1: Scan detected ap1-ssid in range (signal: -76.0 / -65.0)
INFO     [2021-05-31 03:24:35,904]: *** sta3-wlan1: Scanning for ap1-ssid
INFO     [2021-05-31 03:24:36,196]: *** sta1-wlan1: Scan detected ap1-ssid in range (signal: -76.0 / -65.0)
INFO     [2021-05-31 03:24:36,197]: *** sta3-wlan1: Scan detected ap1-ssid in range (signal: -72.0 / -65.0)
INFO     [2021-05-31 03:24:37,203]: *** sta1-wlan1: Scan detected ap1-ssid in range (signal: -76.0 / -65.0)
INFO     [2021-05-31 03:24:37,206]: *** sta3-wlan1: Scan detected ap1-ssid in range (signal: -72.0 / -65.0)
INFO     [2021-05-31 03:24:38,222]: *** sta3-wlan1: Scan detected ap1-ssid in range (signal: -72.0 / -65.0)
INFO     [2021-05-31 03:24:38,223]: *** sta1-wlan1: Scan detected ap1-ssid in range (signal: -76.0 / -65.0)
INFO     [2021-05-31 03:24:38,980]: *** sta1-wlan1: Scanning for ap1-ssid
INFO     [2021-05-31 03:24:39,238]: *** sta3-wlan1: Scan detected ap1-ssid in range (signal: -72.0 / -65.0)
INFO     [2021-05-31 03:24:39,239]: *** sta1-wlan1: Scan detected ap1-ssid in range (signal: -75.0 / -65.0)
INFO     [2021-05-31 03:24:40,255]: *** sta1-wlan1: Scan detected ap1-ssid in range (signal: -75.0 / -65.0)
INFO     [2021-05-31 03:24:40,256]: *** sta3-wlan1: Scan detected ap1-ssid in range (signal: -72.0 / -65.0)
INFO     [2021-05-31 03:24:41,272]: *** sta1-wlan1: Scan detected ap1-ssid in range (signal: -75.0 / -65.0)
INFO     [2021-05-31 03:24:41,273]: *** sta3-wlan1: Scan detected ap1-ssid in range (signal: -72.0 / -65.0)
INFO     [2021-05-31 03:24:42,288]: *** sta3-wlan1: Scan detected ap1-ssid in range (signal: -72.0 / -65.0)
INFO     [2021-05-31 03:24:42,290]: *** sta1-wlan1: Scan detected ap1-ssid in range (signal: -75.0 / -65.0)
INFO     [2021-05-31 03:24:43,307]: *** sta1-wlan1: Scan detected ap1-ssid in range (signal: -75.0 / -65.0)
INFO     [2021-05-31 03:24:43,311]: *** sta3-wlan1: Scan detected ap1-ssid in range (signal: -72.0 / -65.0)
INFO     [2021-05-31 03:24:44,326]: *** sta1-wlan1: Scan detected ap1-ssid in range (signal: -75.0 / -65.0)
INFO     [2021-05-31 03:24:44,332]: *** sta3-wlan1: Scan detected ap1-ssid in range (signal: -72.0 / -65.0)
INFO     [2021-05-31 03:24:45,281]: *** sta3-wlan1: Scanning for ap1-ssid
INFO     [2021-05-31 03:24:45,338]: *** sta1-wlan1: Scan detected ap1-ssid in range (signal: -75.0 / -65.0)
INFO     [2021-05-31 03:24:45,341]: *** sta3-wlan1: Scan detected ap1-ssid in range (signal: -74.0 / -65.0)
INFO     [2021-05-31 03:24:46,356]: *** sta3-wlan1: Scan detected ap1-ssid in range (signal: -74.0 / -65.0)
INFO     [2021-05-31 03:24:46,357]: *** sta1-wlan1: Scan detected ap1-ssid in range (signal: -75.0 / -65.0)
INFO     [2021-05-31 03:24:47,373]: *** sta3-wlan1: Scan detected ap1-ssid in range (signal: -74.0 / -65.0)
INFO     [2021-05-31 03:24:47,377]: *** sta1-wlan1: Scan detected ap1-ssid in range (signal: -75.0 / -65.0)
INFO     [2021-05-31 03:24:48,130]: *** sta1-wlan1: Scanning for ap1-ssid
INFO     [2021-05-31 03:24:48,384]: *** sta3-wlan1: Scan detected ap1-ssid in range (signal: -74.0 / -65.0)
INFO     [2021-05-31 03:24:48,384]: *** sta1-wlan1: Scan detected ap1-ssid in range (signal: -77.0 / -65.0)
INFO     [2021-05-31 03:24:49,399]: *** sta3-wlan1: Scan detected ap1-ssid in range (signal: -74.0 / -65.0)
INFO     [2021-05-31 03:24:49,402]: *** sta1-wlan1: Scan detected ap1-ssid in range (signal: -77.0 / -65.0)
INFO     [2021-05-31 03:24:50,431]: *** sta1-wlan1: Scan detected ap1-ssid in range (signal: -77.0 / -65.0)
INFO     [2021-05-31 03:24:50,431]: *** sta3-wlan1: Scan detected ap1-ssid in range (signal: -77.0 / -65.0)
INFO     [2021-05-31 03:24:51,447]: *** sta1-wlan1: Scan detected ap1-ssid in range (signal: -77.0 / -65.0)
INFO     [2021-05-31 03:24:51,450]: *** sta3-wlan1: Scan detected ap1-ssid in range (signal: -77.0 / -65.0)
INFO     [2021-05-31 03:24:52,466]: *** sta1-wlan1: Scan detected ap1-ssid in range (signal: -77.0 / -65.0)
INFO     [2021-05-31 03:24:52,470]: *** sta3-wlan1: Scan detected ap1-ssid in range (signal: -77.0 / -65.0)
INFO     [2021-05-31 03:24:53,486]: *** sta3-wlan1: Scan detected ap1-ssid in range (signal: -77.0 / -65.0)
INFO     [2021-05-31 03:24:53,489]: *** sta1-wlan1: Scan detected ap1-ssid in range (signal: -77.0 / -65.0)
INFO     [2021-05-31 03:24:54,504]: *** sta1-wlan1: Scan detected ap1-ssid in range (signal: -77.0 / -65.0)
INFO     [2021-05-31 03:24:54,508]: *** sta3-wlan1: Scan detected ap1-ssid in range (signal: -77.0 / -65.0)
INFO     [2021-05-31 03:24:54,672]: *** sta3-wlan1: Scanning for ap1-ssid
INFO     [2021-05-31 03:24:55,528]: *** sta3-wlan1: Scan detected ap1-ssid in range (signal: -75.0 / -65.0)
INFO     [2021-05-31 03:24:55,528]: *** sta1-wlan1: Scan detected ap1-ssid in range (signal: -77.0 / -65.0)
INFO     [2021-05-31 03:24:56,546]: *** sta3-wlan1: Scan detected ap1-ssid in range (signal: -75.0 / -65.0)
INFO     [2021-05-31 03:24:56,552]: *** sta1-wlan1: Scan detected ap1-ssid in range (signal: -77.0 / -65.0)
INFO     [2021-05-31 03:24:57,046]: *** sta1-wlan1: Scanning for ap1-ssid
INFO     [2021-05-31 03:24:57,572]: *** sta3-wlan1: Scan detected ap1-ssid in range (signal: -75.0 / -65.0)
INFO     [2021-05-31 03:24:57,577]: *** sta1-wlan1: Scan detected ap1-ssid in range (signal: -73.0 / -65.0)
INFO     [2021-05-31 03:24:58,600]: *** sta3-wlan1: Scan detected ap1-ssid in range (signal: -75.0 / -65.0)
INFO     [2021-05-31 03:24:58,605]: *** sta1-wlan1: Scan detected ap1-ssid in range (signal: -73.0 / -65.0)
INFO     [2021-05-31 03:24:59,623]: *** sta1-wlan1: Scan detected ap1-ssid in range (signal: -73.0 / -65.0)
INFO     [2021-05-31 03:24:59,627]: *** sta3-wlan1: Scan detected ap1-ssid in range (signal: -75.0 / -65.0)
INFO     [2021-05-31 03:25:00,640]: *** sta1-wlan1: Scan detected ap1-ssid in range (signal: -73.0 / -65.0)
INFO     [2021-05-31 03:25:00,641]: *** sta3-wlan1: Scan detected ap1-ssid in range (signal: -75.0 / -65.0)
INFO     [2021-05-31 03:25:01,650]: *** sta3-wlan1: Scan detected ap1-ssid in range (signal: -75.0 / -65.0)
INFO     [2021-05-31 03:25:01,652]: *** sta1-wlan1: Scan detected ap1-ssid in range (signal: -73.0 / -65.0)
INFO     [2021-05-31 03:25:02,670]: *** sta3-wlan1: Scan detected ap1-ssid in range (signal: -75.0 / -65.0)
INFO     [2021-05-31 03:25:02,672]: *** sta1-wlan1: Scan detected ap1-ssid in range (signal: -73.0 / -65.0)
INFO     [2021-05-31 03:25:03,590]: *** sta3-wlan1: Scanning for ap1-ssid
INFO     [2021-05-31 03:25:03,687]: *** sta3-wlan1: Scan detected ap1-ssid in range (signal: -73.0 / -65.0)
INFO     [2021-05-31 03:25:03,690]: *** sta1-wlan1: Scan detected ap1-ssid in range (signal: -73.0 / -65.0)
INFO     [2021-05-31 03:25:04,709]: *** sta3-wlan1: Scan detected ap1-ssid in range (signal: -73.0 / -65.0)
INFO     [2021-05-31 03:25:04,710]: *** sta1-wlan1: Scan detected ap1-ssid in range (signal: -73.0 / -65.0)
INFO     [2021-05-31 03:25:05,718]: *** sta3-wlan1: Scan detected ap1-ssid in range (signal: -73.0 / -65.0)
INFO     [2021-05-31 03:25:05,718]: *** sta1-wlan1: Scan detected ap1-ssid in range (signal: -73.0 / -65.0)
INFO     [2021-05-31 03:25:06,152]: *** sta1-wlan1: Scanning for ap1-ssid
INFO     [2021-05-31 03:25:06,753]: *** sta3-wlan1: Scan detected ap1-ssid in range (signal: -73.0 / -65.0)
INFO     [2021-05-31 03:25:06,753]: *** sta1-wlan1: Scan detected ap1-ssid in range (signal: -76.0 / -65.0)
INFO     [2021-05-31 03:25:07,762]: *** sta3-wlan1: Scan detected ap1-ssid in range (signal: -73.0 / -65.0)
INFO     [2021-05-31 03:25:07,763]: *** sta1-wlan1: Scan detected ap1-ssid in range (signal: -76.0 / -65.0)
INFO     [2021-05-31 03:25:08,780]: *** sta3-wlan1: Scan detected ap1-ssid in range (signal: -73.0 / -65.0)
INFO     [2021-05-31 03:25:08,780]: *** sta1-wlan1: Scan detected ap1-ssid in range (signal: -76.0 / -65.0)
INFO     [2021-05-31 03:25:09,799]: *** sta3-wlan1: Scan detected ap1-ssid in range (signal: -73.0 / -65.0)
INFO     [2021-05-31 03:25:09,802]: *** sta1-wlan1: Scan detected ap1-ssid in range (signal: -76.0 / -65.0)
INFO     [2021-05-31 03:25:10,820]: *** sta3-wlan1: Scan detected ap1-ssid in range (signal: -73.0 / -65.0)
INFO     [2021-05-31 03:25:10,824]: *** sta1-wlan1: Scan detected ap1-ssid in range (signal: -76.0 / -65.0)
INFO     [2021-05-31 03:25:11,837]: *** sta3-wlan1: Scan detected ap1-ssid in range (signal: -73.0 / -65.0)
INFO     [2021-05-31 03:25:11,840]: *** sta1-wlan1: Scan detected ap1-ssid in range (signal: -76.0 / -65.0)
INFO     [2021-05-31 03:25:12,480]: *** sta3-wlan1: Scanning for ap1-ssid
INFO     [2021-05-31 03:25:12,854]: *** sta3-wlan1: Scan detected ap1-ssid in range (signal: -73.0 / -65.0)
INFO     [2021-05-31 03:25:12,858]: *** sta1-wlan1: Scan detected ap1-ssid in range (signal: -76.0 / -65.0)
INFO     [2021-05-31 03:25:13,866]: *** sta3-wlan1: Scan detected ap1-ssid in range (signal: -73.0 / -65.0)
INFO     [2021-05-31 03:25:13,868]: *** sta1-wlan1: Scan detected ap1-ssid in range (signal: -76.0 / -65.0)
INFO     [2021-05-31 03:25:14,877]: *** sta3-wlan1: Scan detected ap1-ssid in range (signal: -73.0 / -65.0)
INFO     [2021-05-31 03:25:14,878]: *** sta1-wlan1: Scan detected ap1-ssid in range (signal: -76.0 / -65.0)
INFO     [2021-05-31 03:25:15,058]: *** sta1-wlan1: Scanning for ap1-ssid
INFO     [2021-05-31 03:25:15,888]: *** sta3-wlan1: Scan detected ap1-ssid in range (signal: -73.0 / -65.0)
INFO     [2021-05-31 03:25:15,888]: *** sta1-wlan1: Scan detected ap1-ssid in range (signal: -75.0 / -65.0)
