INFO     [2021-06-02 03:26:25,659]: *** sta1-wlan0: Started flexible_sdn.py
INFO     [2021-06-02 03:26:25,666]: *** sta1: Interface: sta1-wlan0, Scan-interface: sta1-wlan1
INFO     [2021-06-02 03:26:25,724]: *** sta3-wlan0: Started flexible_sdn.py
INFO     [2021-06-02 03:26:25,727]: *** sta3: Interface: sta3-wlan0, Scan-interface: sta3-wlan1
INFO     [2021-06-02 03:28:55,750]: *** sta1-wlan1: Scanner started. Searching for ap1-ssid with interval 1.0
INFO     [2021-06-02 03:28:55,754]: *** sta1-wlan0: Set type to ibss
INFO     [2021-06-02 03:28:55,757]: *** sta1-wlan0: Set ip link up
INFO     [2021-06-02 03:28:55,758]: *** sta1-wlan0: Join ibss adhocNet
INFO     [2021-06-02 03:28:56,751]: *** sta1-wlan1: Scanning for ap1-ssid
INFO     [2021-06-02 03:29:00,773]: *** sta3-wlan1: Scanner started. Searching for ap1-ssid with interval 1.0
INFO     [2021-06-02 03:29:00,778]: *** sta3-wlan0: Set type to ibss
INFO     [2021-06-02 03:29:00,782]: *** sta3-wlan0: Set ip link up
INFO     [2021-06-02 03:29:00,784]: *** sta3-wlan0: Join ibss adhocNet
INFO     [2021-06-02 03:29:01,541]: *** sta1-wlan1: Scanning for ap1-ssid
INFO     [2021-06-02 03:29:01,775]: *** sta3-wlan1: Scanning for ap1-ssid
INFO     [2021-06-02 03:29:04,704]: *** sta1-wlan0: Starting OLSR
INFO     [2021-06-02 03:29:04,718]: *** sta1-wlan0: Started olsrd in the background (PID: )
INFO     [2021-06-02 03:29:05,723]: *** sta1-wlan1: Scan detected ap1-ssid in range (signal: -87.0 / -80.0)
INFO     [2021-06-02 03:29:06,320]: *** sta1-wlan1: Scanning for ap1-ssid
INFO     [2021-06-02 03:29:06,560]: *** sta3-wlan1: Scanning for ap1-ssid
INFO     [2021-06-02 03:29:06,727]: *** sta1-wlan1: Scan detected ap1-ssid in range (signal: -90.0 / -80.0)
INFO     [2021-06-02 03:29:07,731]: *** sta1-wlan1: Scan detected ap1-ssid in range (signal: -90.0 / -80.0)
INFO     [2021-06-02 03:29:08,540]: *** sta3-wlan0: Starting OLSR
INFO     [2021-06-02 03:29:08,555]: *** sta3-wlan0: Started olsrd in the background (PID: )
INFO     [2021-06-02 03:29:08,737]: *** sta1-wlan1: Scan detected ap1-ssid in range (signal: -90.0 / -80.0)
INFO     [2021-06-02 03:29:09,742]: *** sta1-wlan1: Scan detected ap1-ssid in range (signal: -90.0 / -80.0)
INFO     [2021-06-02 03:29:10,751]: *** sta1-wlan1: Scan detected ap1-ssid in range (signal: -90.0 / -80.0)
INFO     [2021-06-02 03:29:11,110]: *** sta1-wlan1: Scanning for ap1-ssid
INFO     [2021-06-02 03:29:11,352]: *** sta3-wlan1: Scanning for ap1-ssid
INFO     [2021-06-02 03:29:11,572]: *** sta3-wlan1: Scan detected ap1-ssid in range (signal: -85.0 / -80.0)
INFO     [2021-06-02 03:29:11,755]: *** sta1-wlan1: Scan detected ap1-ssid in range (signal: -90.0 / -80.0)
INFO     [2021-06-02 03:29:12,579]: *** sta3-wlan1: Scan detected ap1-ssid in range (signal: -85.0 / -80.0)
INFO     [2021-06-02 03:29:12,769]: *** sta1-wlan1: Scan detected ap1-ssid in range (signal: -90.0 / -80.0)
INFO     [2021-06-02 03:29:13,585]: *** sta3-wlan1: Scan detected ap1-ssid in range (signal: -85.0 / -80.0)
INFO     [2021-06-02 03:29:13,774]: *** sta1-wlan1: Scan detected ap1-ssid in range (signal: -90.0 / -80.0)
INFO     [2021-06-02 03:29:14,589]: *** sta3-wlan1: Scan detected ap1-ssid in range (signal: -85.0 / -80.0)
INFO     [2021-06-02 03:29:14,782]: *** sta1-wlan1: Scan detected ap1-ssid in range (signal: -90.0 / -80.0)
INFO     [2021-06-02 03:29:15,606]: *** sta3-wlan1: Scan detected ap1-ssid in range (signal: -85.0 / -80.0)
INFO     [2021-06-02 03:29:15,795]: *** sta1-wlan1: Scan detected ap1-ssid in range (signal: -90.0 / -80.0)
INFO     [2021-06-02 03:29:15,923]: *** sta1-wlan1: Scanning for ap1-ssid
INFO     [2021-06-02 03:29:16,212]: *** sta3-wlan1: Scanning for ap1-ssid
INFO     [2021-06-02 03:29:16,612]: *** sta3-wlan1: Scan detected ap1-ssid in range (signal: -85.0 / -80.0)
INFO     [2021-06-02 03:29:16,799]: *** sta1-wlan1: Scan detected ap1-ssid in range (signal: -87.0 / -80.0)
INFO     [2021-06-02 03:29:17,626]: *** sta3-wlan1: Scan detected ap1-ssid in range (signal: -85.0 / -80.0)
INFO     [2021-06-02 03:29:17,804]: *** sta1-wlan1: Scan detected ap1-ssid in range (signal: -87.0 / -80.0)
INFO     [2021-06-02 03:29:18,631]: *** sta3-wlan1: Scan detected ap1-ssid in range (signal: -85.0 / -80.0)
INFO     [2021-06-02 03:29:18,809]: *** sta1-wlan1: Scan detected ap1-ssid in range (signal: -87.0 / -80.0)
INFO     [2021-06-02 03:29:19,640]: *** sta3-wlan1: Scan detected ap1-ssid in range (signal: -85.0 / -80.0)
INFO     [2021-06-02 03:29:19,826]: *** sta1-wlan1: Scan detected ap1-ssid in range (signal: -87.0 / -80.0)
INFO     [2021-06-02 03:29:20,647]: *** sta3-wlan1: Scan detected ap1-ssid in range (signal: -85.0 / -80.0)
INFO     [2021-06-02 03:29:20,692]: *** sta1-wlan1: Scanning for ap1-ssid
INFO     [2021-06-02 03:29:20,833]: *** sta1-wlan1: Scan detected ap1-ssid in range (signal: -87.0 / -80.0)
INFO     [2021-06-02 03:29:20,958]: *** sta3-wlan1: Scanning for ap1-ssid
INFO     [2021-06-02 03:29:21,650]: *** sta3-wlan1: Scan detected ap1-ssid in range (signal: -90.0 / -80.0)
INFO     [2021-06-02 03:29:21,838]: *** sta1-wlan1: Scan detected ap1-ssid in range (signal: -87.0 / -80.0)
INFO     [2021-06-02 03:29:22,655]: *** sta3-wlan1: Scan detected ap1-ssid in range (signal: -90.0 / -80.0)
INFO     [2021-06-02 03:29:22,844]: *** sta1-wlan1: Scan detected ap1-ssid in range (signal: -87.0 / -80.0)
INFO     [2021-06-02 03:29:23,663]: *** sta3-wlan1: Scan detected ap1-ssid in range (signal: -90.0 / -80.0)
INFO     [2021-06-02 03:29:23,850]: *** sta1-wlan1: Scan detected ap1-ssid in range (signal: -87.0 / -80.0)
INFO     [2021-06-02 03:29:24,671]: *** sta3-wlan1: Scan detected ap1-ssid in range (signal: -90.0 / -80.0)
INFO     [2021-06-02 03:29:24,864]: *** sta1-wlan1: Scan detected ap1-ssid in range (signal: -87.0 / -80.0)
INFO     [2021-06-02 03:29:25,496]: *** sta1-wlan1: Scanning for ap1-ssid
INFO     [2021-06-02 03:29:25,678]: *** sta3-wlan1: Scan detected ap1-ssid in range (signal: -90.0 / -80.0)
INFO     [2021-06-02 03:29:25,769]: *** sta3-wlan1: Scanning for ap1-ssid
INFO     [2021-06-02 03:29:25,869]: *** sta1-wlan1: Scan detected ap1-ssid in range (signal: -87.0 / -80.0)
INFO     [2021-06-02 03:29:26,683]: *** sta3-wlan1: Scan detected ap1-ssid in range (signal: -90.0 / -80.0)
INFO     [2021-06-02 03:29:26,882]: *** sta1-wlan1: Scan detected ap1-ssid in range (signal: -87.0 / -80.0)
INFO     [2021-06-02 03:29:27,688]: *** sta3-wlan1: Scan detected ap1-ssid in range (signal: -90.0 / -80.0)
INFO     [2021-06-02 03:29:27,887]: *** sta1-wlan1: Scan detected ap1-ssid in range (signal: -87.0 / -80.0)
INFO     [2021-06-02 03:29:28,694]: *** sta3-wlan1: Scan detected ap1-ssid in range (signal: -90.0 / -80.0)
INFO     [2021-06-02 03:29:28,892]: *** sta1-wlan1: Scan detected ap1-ssid in range (signal: -87.0 / -80.0)
INFO     [2021-06-02 03:29:29,698]: *** sta3-wlan1: Scan detected ap1-ssid in range (signal: -90.0 / -80.0)
INFO     [2021-06-02 03:29:29,897]: *** sta1-wlan1: Scan detected ap1-ssid in range (signal: -87.0 / -80.0)
INFO     [2021-06-02 03:29:30,275]: *** sta1-wlan1: Scanning for ap1-ssid
INFO     [2021-06-02 03:29:30,559]: *** sta3-wlan1: Scanning for ap1-ssid
INFO     [2021-06-02 03:29:30,702]: *** sta3-wlan1: Scan detected ap1-ssid in range (signal: -90.0 / -80.0)
INFO     [2021-06-02 03:29:30,902]: *** sta1-wlan1: Scan detected ap1-ssid in range (signal: -87.0 / -80.0)
INFO     [2021-06-02 03:29:31,708]: *** sta3-wlan1: Scan detected ap1-ssid in range (signal: -90.0 / -80.0)
INFO     [2021-06-02 03:29:31,923]: *** sta1-wlan1: Scan detected ap1-ssid in range (signal: -87.0 / -80.0)
INFO     [2021-06-02 03:29:32,719]: *** sta3-wlan1: Scan detected ap1-ssid in range (signal: -90.0 / -80.0)
INFO     [2021-06-02 03:29:32,928]: *** sta1-wlan1: Scan detected ap1-ssid in range (signal: -87.0 / -80.0)
INFO     [2021-06-02 03:29:33,723]: *** sta3-wlan1: Scan detected ap1-ssid in range (signal: -90.0 / -80.0)
INFO     [2021-06-02 03:29:33,932]: *** sta1-wlan1: Scan detected ap1-ssid in range (signal: -87.0 / -80.0)
INFO     [2021-06-02 03:29:34,730]: *** sta3-wlan1: Scan detected ap1-ssid in range (signal: -90.0 / -80.0)
INFO     [2021-06-02 03:29:34,958]: *** sta1-wlan1: Scan detected ap1-ssid in range (signal: -87.0 / -80.0)
INFO     [2021-06-02 03:29:35,075]: *** sta1-wlan1: Scanning for ap1-ssid
INFO     [2021-06-02 03:29:35,323]: *** sta3-wlan1: Scanning for ap1-ssid
INFO     [2021-06-02 03:29:35,733]: *** sta3-wlan1: Scan detected ap1-ssid in range (signal: -85.0 / -80.0)
INFO     [2021-06-02 03:29:35,967]: *** sta1-wlan1: Scan detected ap1-ssid in range (signal: -87.0 / -80.0)
INFO     [2021-06-02 03:29:36,738]: *** sta3-wlan1: Scan detected ap1-ssid in range (signal: -85.0 / -80.0)
INFO     [2021-06-02 03:29:36,973]: *** sta1-wlan1: Scan detected ap1-ssid in range (signal: -87.0 / -80.0)
INFO     [2021-06-02 03:29:37,741]: *** sta3-wlan1: Scan detected ap1-ssid in range (signal: -85.0 / -80.0)
INFO     [2021-06-02 03:29:37,979]: *** sta1-wlan1: Scan detected ap1-ssid in range (signal: -87.0 / -80.0)
INFO     [2021-06-02 03:29:38,747]: *** sta3-wlan1: Scan detected ap1-ssid in range (signal: -85.0 / -80.0)
INFO     [2021-06-02 03:29:38,990]: *** sta1-wlan1: Scan detected ap1-ssid in range (signal: -87.0 / -80.0)
INFO     [2021-06-02 03:29:39,753]: *** sta3-wlan1: Scan detected ap1-ssid in range (signal: -85.0 / -80.0)
INFO     [2021-06-02 03:29:39,996]: *** sta1-wlan1: Scan detected ap1-ssid in range (signal: -87.0 / -80.0)
INFO     [2021-06-02 03:29:40,178]: *** sta1-wlan1: Scanning for ap1-ssid
INFO     [2021-06-02 03:29:40,214]: *** sta3-wlan1: Scanning for ap1-ssid
INFO     [2021-06-02 03:29:40,763]: *** sta3-wlan1: Scan detected ap1-ssid in range (signal: -85.0 / -80.0)
INFO     [2021-06-02 03:29:41,000]: *** sta1-wlan1: Scan detected ap1-ssid in range (signal: -87.0 / -80.0)
INFO     [2021-06-02 03:29:41,769]: *** sta3-wlan1: Scan detected ap1-ssid in range (signal: -85.0 / -80.0)
INFO     [2021-06-02 03:29:42,011]: *** sta1-wlan1: Scan detected ap1-ssid in range (signal: -87.0 / -80.0)
INFO     [2021-06-02 03:29:42,774]: *** sta3-wlan1: Scan detected ap1-ssid in range (signal: -85.0 / -80.0)
INFO     [2021-06-02 03:29:43,017]: *** sta1-wlan1: Scan detected ap1-ssid in range (signal: -87.0 / -80.0)
INFO     [2021-06-02 03:29:43,779]: *** sta3-wlan1: Scan detected ap1-ssid in range (signal: -85.0 / -80.0)
INFO     [2021-06-02 03:29:44,030]: *** sta1-wlan1: Scan detected ap1-ssid in range (signal: -87.0 / -80.0)
INFO     [2021-06-02 03:29:44,783]: *** sta3-wlan1: Scan detected ap1-ssid in range (signal: -85.0 / -80.0)
INFO     [2021-06-02 03:29:44,981]: *** sta1-wlan1: Scanning for ap1-ssid
INFO     [2021-06-02 03:29:44,995]: *** sta3-wlan1: Scanning for ap1-ssid
INFO     [2021-06-02 03:29:45,035]: *** sta1-wlan1: Scan detected ap1-ssid in range (signal: -87.0 / -80.0)
INFO     [2021-06-02 03:29:45,791]: *** sta3-wlan1: Scan detected ap1-ssid in range (signal: -85.0 / -80.0)
INFO     [2021-06-02 03:29:46,798]: *** sta3-wlan1: Scan detected ap1-ssid in range (signal: -85.0 / -80.0)
INFO     [2021-06-02 03:29:47,801]: *** sta3-wlan1: Scan detected ap1-ssid in range (signal: -85.0 / -80.0)
INFO     [2021-06-02 03:29:48,807]: *** sta3-wlan1: Scan detected ap1-ssid in range (signal: -85.0 / -80.0)
INFO     [2021-06-02 03:29:49,790]: *** sta1-wlan1: Scanning for ap1-ssid
INFO     [2021-06-02 03:29:49,818]: *** sta3-wlan1: Scan detected ap1-ssid in range (signal: -85.0 / -80.0)
INFO     [2021-06-02 03:29:49,831]: *** sta3-wlan1: Scanning for ap1-ssid
INFO     [2021-06-02 03:29:50,823]: *** sta3-wlan1: Scan detected ap1-ssid in range (signal: -85.0 / -80.0)
INFO     [2021-06-02 03:29:51,830]: *** sta3-wlan1: Scan detected ap1-ssid in range (signal: -85.0 / -80.0)
INFO     [2021-06-02 03:29:52,836]: *** sta3-wlan1: Scan detected ap1-ssid in range (signal: -85.0 / -80.0)
INFO     [2021-06-02 03:29:53,842]: *** sta3-wlan1: Scan detected ap1-ssid in range (signal: -85.0 / -80.0)
INFO     [2021-06-02 03:29:54,610]: *** sta1-wlan1: Scanning for ap1-ssid
INFO     [2021-06-02 03:29:54,615]: *** sta3-wlan1: Scanning for ap1-ssid
INFO     [2021-06-02 03:29:54,846]: *** sta3-wlan1: Scan detected ap1-ssid in range (signal: -85.0 / -80.0)
INFO     [2021-06-02 03:29:55,858]: *** sta3-wlan1: Scan detected ap1-ssid in range (signal: -85.0 / -80.0)
INFO     [2021-06-02 03:29:56,862]: *** sta3-wlan1: Scan detected ap1-ssid in range (signal: -85.0 / -80.0)
INFO     [2021-06-02 03:29:57,866]: *** sta3-wlan1: Scan detected ap1-ssid in range (signal: -85.0 / -80.0)
INFO     [2021-06-02 03:29:58,875]: *** sta3-wlan1: Scan detected ap1-ssid in range (signal: -85.0 / -80.0)
INFO     [2021-06-02 03:29:59,364]: *** sta1-wlan1: Scanning for ap1-ssid
INFO     [2021-06-02 03:29:59,370]: *** sta3-wlan1: Scanning for ap1-ssid
INFO     [2021-06-02 03:29:59,882]: *** sta3-wlan1: Scan detected ap1-ssid in range (signal: -85.0 / -80.0)
INFO     [2021-06-02 03:30:00,887]: *** sta3-wlan1: Scan detected ap1-ssid in range (signal: -85.0 / -80.0)
INFO     [2021-06-02 03:30:01,893]: *** sta3-wlan1: Scan detected ap1-ssid in range (signal: -85.0 / -80.0)
INFO     [2021-06-02 03:30:02,898]: *** sta3-wlan1: Scan detected ap1-ssid in range (signal: -85.0 / -80.0)
INFO     [2021-06-02 03:30:03,903]: *** sta3-wlan1: Scan detected ap1-ssid in range (signal: -85.0 / -80.0)
INFO     [2021-06-02 03:30:04,111]: *** sta3-wlan1: Scanning for ap1-ssid
INFO     [2021-06-02 03:30:04,111]: *** sta1-wlan1: Scanning for ap1-ssid
INFO     [2021-06-02 03:30:04,909]: *** sta3-wlan1: Scan detected ap1-ssid in range (signal: -89.0 / -80.0)
INFO     [2021-06-02 03:30:05,916]: *** sta3-wlan1: Scan detected ap1-ssid in range (signal: -89.0 / -80.0)
INFO     [2021-06-02 03:30:06,921]: *** sta3-wlan1: Scan detected ap1-ssid in range (signal: -89.0 / -80.0)
INFO     [2021-06-02 03:30:07,925]: *** sta3-wlan1: Scan detected ap1-ssid in range (signal: -89.0 / -80.0)
INFO     [2021-06-02 03:30:08,920]: *** sta3-wlan1: Scanning for ap1-ssid
INFO     [2021-06-02 03:30:08,921]: *** sta1-wlan1: Scanning for ap1-ssid
INFO     [2021-06-02 03:30:08,931]: *** sta3-wlan1: Scan detected ap1-ssid in range (signal: -89.0 / -80.0)
INFO     [2021-06-02 03:30:09,936]: *** sta3-wlan1: Scan detected ap1-ssid in range (signal: -89.0 / -80.0)
INFO     [2021-06-02 03:30:10,943]: *** sta3-wlan1: Scan detected ap1-ssid in range (signal: -89.0 / -80.0)
INFO     [2021-06-02 03:30:11,958]: *** sta3-wlan1: Scan detected ap1-ssid in range (signal: -89.0 / -80.0)
INFO     [2021-06-02 03:30:12,963]: *** sta3-wlan1: Scan detected ap1-ssid in range (signal: -89.0 / -80.0)
INFO     [2021-06-02 03:30:13,732]: *** sta3-wlan1: Scanning for ap1-ssid
INFO     [2021-06-02 03:30:13,732]: *** sta1-wlan1: Scanning for ap1-ssid
INFO     [2021-06-02 03:30:13,969]: *** sta3-wlan1: Scan detected ap1-ssid in range (signal: -89.0 / -80.0)
INFO     [2021-06-02 03:30:14,981]: *** sta3-wlan1: Scan detected ap1-ssid in range (signal: -89.0 / -80.0)
INFO     [2021-06-02 03:30:15,986]: *** sta3-wlan1: Scan detected ap1-ssid in range (signal: -89.0 / -80.0)
INFO     [2021-06-02 03:30:16,996]: *** sta3-wlan1: Scan detected ap1-ssid in range (signal: -89.0 / -80.0)
INFO     [2021-06-02 03:30:17,999]: *** sta3-wlan1: Scan detected ap1-ssid in range (signal: -89.0 / -80.0)
INFO     [2021-06-02 03:30:18,567]: *** sta3-wlan1: Scanning for ap1-ssid
INFO     [2021-06-02 03:30:18,567]: *** sta1-wlan1: Scanning for ap1-ssid
INFO     [2021-06-02 03:30:19,003]: *** sta3-wlan1: Scan detected ap1-ssid in range (signal: -89.0 / -80.0)
INFO     [2021-06-02 03:30:20,009]: *** sta3-wlan1: Scan detected ap1-ssid in range (signal: -89.0 / -80.0)
INFO     [2021-06-02 03:30:21,014]: *** sta3-wlan1: Scan detected ap1-ssid in range (signal: -89.0 / -80.0)
INFO     [2021-06-02 03:30:22,019]: *** sta3-wlan1: Scan detected ap1-ssid in range (signal: -89.0 / -80.0)
INFO     [2021-06-02 03:30:23,027]: *** sta3-wlan1: Scan detected ap1-ssid in range (signal: -89.0 / -80.0)
INFO     [2021-06-02 03:30:23,345]: *** sta3-wlan1: Scanning for ap1-ssid
INFO     [2021-06-02 03:30:23,345]: *** sta1-wlan1: Scanning for ap1-ssid
INFO     [2021-06-02 03:30:24,032]: *** sta3-wlan1: Scan detected ap1-ssid in range (signal: -89.0 / -80.0)
INFO     [2021-06-02 03:30:25,037]: *** sta3-wlan1: Scan detected ap1-ssid in range (signal: -89.0 / -80.0)
INFO     [2021-06-02 03:30:26,041]: *** sta3-wlan1: Scan detected ap1-ssid in range (signal: -89.0 / -80.0)
INFO     [2021-06-02 03:30:27,047]: *** sta3-wlan1: Scan detected ap1-ssid in range (signal: -89.0 / -80.0)
INFO     [2021-06-02 03:30:28,052]: *** sta3-wlan1: Scan detected ap1-ssid in range (signal: -89.0 / -80.0)
INFO     [2021-06-02 03:30:28,157]: *** sta1-wlan1: Scanning for ap1-ssid
INFO     [2021-06-02 03:30:28,158]: *** sta3-wlan1: Scanning for ap1-ssid
INFO     [2021-06-02 03:30:29,057]: *** sta3-wlan1: Scan detected ap1-ssid in range (signal: -90.0 / -80.0)
INFO     [2021-06-02 03:30:30,062]: *** sta3-wlan1: Scan detected ap1-ssid in range (signal: -90.0 / -80.0)
INFO     [2021-06-02 03:30:31,066]: *** sta3-wlan1: Scan detected ap1-ssid in range (signal: -90.0 / -80.0)
INFO     [2021-06-02 03:30:32,070]: *** sta3-wlan1: Scan detected ap1-ssid in range (signal: -90.0 / -80.0)
INFO     [2021-06-02 03:30:33,064]: *** sta3-wlan1: Scanning for ap1-ssid
INFO     [2021-06-02 03:30:33,066]: *** sta1-wlan1: Scanning for ap1-ssid
INFO     [2021-06-02 03:30:33,077]: *** sta3-wlan1: Scan detected ap1-ssid in range (signal: -90.0 / -80.0)
INFO     [2021-06-02 03:30:34,082]: *** sta3-wlan1: Scan detected ap1-ssid in range (signal: -89.0 / -80.0)
INFO     [2021-06-02 03:30:35,099]: *** sta3-wlan1: Scan detected ap1-ssid in range (signal: -89.0 / -80.0)
INFO     [2021-06-02 03:30:36,104]: *** sta3-wlan1: Scan detected ap1-ssid in range (signal: -89.0 / -80.0)
INFO     [2021-06-02 03:30:37,109]: *** sta3-wlan1: Scan detected ap1-ssid in range (signal: -89.0 / -80.0)
INFO     [2021-06-02 03:30:38,034]: *** sta3-wlan1: Scanning for ap1-ssid
INFO     [2021-06-02 03:30:38,034]: *** sta1-wlan1: Scanning for ap1-ssid
INFO     [2021-06-02 03:30:38,115]: *** sta3-wlan1: Scan detected ap1-ssid in range (signal: -86.0 / -80.0)
INFO     [2021-06-02 03:30:39,120]: *** sta3-wlan1: Scan detected ap1-ssid in range (signal: -86.0 / -80.0)
INFO     [2021-06-02 03:30:40,126]: *** sta3-wlan1: Scan detected ap1-ssid in range (signal: -86.0 / -80.0)
INFO     [2021-06-02 03:30:41,135]: *** sta3-wlan1: Scan detected ap1-ssid in range (signal: -86.0 / -80.0)
INFO     [2021-06-02 03:30:42,142]: *** sta3-wlan1: Scan detected ap1-ssid in range (signal: -86.0 / -80.0)
INFO     [2021-06-02 03:30:43,146]: *** sta3-wlan1: Scan detected ap1-ssid in range (signal: -86.0 / -80.0)
INFO     [2021-06-02 03:30:43,944]: *** sta1-wlan1: Scanning for ap1-ssid
INFO     [2021-06-02 03:30:43,944]: *** sta3-wlan1: Scanning for ap1-ssid
INFO     [2021-06-02 03:30:44,150]: *** sta3-wlan1: Scan detected ap1-ssid in range (signal: -86.0 / -80.0)
INFO     [2021-06-02 03:30:45,154]: *** sta3-wlan1: Scan detected ap1-ssid in range (signal: -86.0 / -80.0)
INFO     [2021-06-02 03:30:46,158]: *** sta3-wlan1: Scan detected ap1-ssid in range (signal: -86.0 / -80.0)
INFO     [2021-06-02 03:30:47,162]: *** sta3-wlan1: Scan detected ap1-ssid in range (signal: -86.0 / -80.0)
INFO     [2021-06-02 03:30:48,166]: *** sta3-wlan1: Scan detected ap1-ssid in range (signal: -86.0 / -80.0)
INFO     [2021-06-02 03:30:48,851]: *** sta3-wlan1: Scanning for ap1-ssid
INFO     [2021-06-02 03:30:48,851]: *** sta1-wlan1: Scanning for ap1-ssid
INFO     [2021-06-02 03:30:49,183]: *** sta3-wlan1: Scan detected ap1-ssid in range (signal: -86.0 / -80.0)
INFO     [2021-06-02 03:30:50,196]: *** sta3-wlan1: Scan detected ap1-ssid in range (signal: -86.0 / -80.0)
INFO     [2021-06-02 03:30:51,201]: *** sta3-wlan1: Scan detected ap1-ssid in range (signal: -86.0 / -80.0)
INFO     [2021-06-02 03:30:52,205]: *** sta3-wlan1: Scan detected ap1-ssid in range (signal: -86.0 / -80.0)
INFO     [2021-06-02 03:30:53,219]: *** sta3-wlan1: Scan detected ap1-ssid in range (signal: -86.0 / -80.0)
INFO     [2021-06-02 03:30:53,640]: *** sta3-wlan1: Scanning for ap1-ssid
INFO     [2021-06-02 03:30:53,641]: *** sta1-wlan1: Scanning for ap1-ssid
INFO     [2021-06-02 03:30:54,224]: *** sta3-wlan1: Scan detected ap1-ssid in range (signal: -86.0 / -80.0)
INFO     [2021-06-02 03:30:55,229]: *** sta3-wlan1: Scan detected ap1-ssid in range (signal: -86.0 / -80.0)
INFO     [2021-06-02 03:30:56,233]: *** sta3-wlan1: Scan detected ap1-ssid in range (signal: -86.0 / -80.0)
INFO     [2021-06-02 03:30:57,239]: *** sta3-wlan1: Scan detected ap1-ssid in range (signal: -86.0 / -80.0)
INFO     [2021-06-02 03:30:58,243]: *** sta3-wlan1: Scan detected ap1-ssid in range (signal: -86.0 / -80.0)
INFO     [2021-06-02 03:30:58,399]: *** sta1-wlan1: Scanning for ap1-ssid
INFO     [2021-06-02 03:30:58,431]: *** sta3-wlan1: Scanning for ap1-ssid
INFO     [2021-06-02 03:30:59,247]: *** sta3-wlan1: Scan detected ap1-ssid in range (signal: -86.0 / -80.0)
INFO     [2021-06-02 03:31:00,252]: *** sta3-wlan1: Scan detected ap1-ssid in range (signal: -86.0 / -80.0)
INFO     [2021-06-02 03:31:01,259]: *** sta3-wlan1: Scan detected ap1-ssid in range (signal: -86.0 / -80.0)
INFO     [2021-06-02 03:31:02,264]: *** sta3-wlan1: Scan detected ap1-ssid in range (signal: -86.0 / -80.0)
INFO     [2021-06-02 03:31:03,177]: *** sta1-wlan1: Scanning for ap1-ssid
INFO     [2021-06-02 03:31:03,229]: *** sta3-wlan1: Scanning for ap1-ssid
INFO     [2021-06-02 03:31:03,270]: *** sta3-wlan1: Scan detected ap1-ssid in range (signal: -86.0 / -80.0)
INFO     [2021-06-02 03:31:04,276]: *** sta3-wlan1: Scan detected ap1-ssid in range (signal: -86.0 / -80.0)
INFO     [2021-06-02 03:31:05,281]: *** sta3-wlan1: Scan detected ap1-ssid in range (signal: -86.0 / -80.0)
INFO     [2021-06-02 03:31:06,286]: *** sta3-wlan1: Scan detected ap1-ssid in range (signal: -86.0 / -80.0)
INFO     [2021-06-02 03:31:07,304]: *** sta3-wlan1: Scan detected ap1-ssid in range (signal: -86.0 / -80.0)
INFO     [2021-06-02 03:31:07,985]: *** sta1-wlan1: Scanning for ap1-ssid
INFO     [2021-06-02 03:31:08,001]: *** sta3-wlan1: Scanning for ap1-ssid
INFO     [2021-06-02 03:31:08,310]: *** sta3-wlan1: Scan detected ap1-ssid in range (signal: -86.0 / -80.0)
INFO     [2021-06-02 03:31:08,764]: *** sta1-wlan1: Scan detected ap1-ssid in range (signal: -88.0 / -80.0)
INFO     [2021-06-02 03:31:09,316]: *** sta3-wlan1: Scan detected ap1-ssid in range (signal: -86.0 / -80.0)
INFO     [2021-06-02 03:31:09,769]: *** sta1-wlan1: Scan detected ap1-ssid in range (signal: -88.0 / -80.0)
INFO     [2021-06-02 03:31:10,321]: *** sta3-wlan1: Scan detected ap1-ssid in range (signal: -86.0 / -80.0)
INFO     [2021-06-02 03:31:10,774]: *** sta1-wlan1: Scan detected ap1-ssid in range (signal: -88.0 / -80.0)
INFO     [2021-06-02 03:31:11,332]: *** sta3-wlan1: Scan detected ap1-ssid in range (signal: -86.0 / -80.0)
INFO     [2021-06-02 03:31:12,069]: *** sta1-wlan1: Scan detected ap1-ssid in range (signal: -88.0 / -80.0)
INFO     [2021-06-02 03:31:12,341]: *** sta3-wlan1: Scan detected ap1-ssid in range (signal: -86.0 / -80.0)
INFO     [2021-06-02 03:31:13,084]: *** sta1-wlan1: Scan detected ap1-ssid in range (signal: -88.0 / -80.0)
INFO     [2021-06-02 03:31:13,308]: *** sta3-wlan1: Scanning for ap1-ssid
INFO     [2021-06-02 03:31:13,308]: *** sta1-wlan1: Scanning for ap1-ssid
INFO     [2021-06-02 03:31:14,088]: *** sta1-wlan1: Scan detected ap1-ssid in range (signal: -88.0 / -80.0)
INFO     [2021-06-02 03:31:15,094]: *** sta1-wlan1: Scan detected ap1-ssid in range (signal: -88.0 / -80.0)
INFO     [2021-06-02 03:31:16,106]: *** sta1-wlan1: Scan detected ap1-ssid in range (signal: -88.0 / -80.0)
INFO     [2021-06-02 03:31:17,110]: *** sta1-wlan1: Scan detected ap1-ssid in range (signal: -88.0 / -80.0)
INFO     [2021-06-02 03:31:18,118]: *** sta1-wlan1: Scan detected ap1-ssid in range (signal: -88.0 / -80.0)
INFO     [2021-06-02 03:31:18,533]: *** sta1-wlan1: Scanning for ap1-ssid
INFO     [2021-06-02 03:31:18,534]: *** sta3-wlan1: Scanning for ap1-ssid
INFO     [2021-06-02 03:31:19,122]: *** sta1-wlan1: Scan detected ap1-ssid in range (signal: -88.0 / -80.0)
INFO     [2021-06-02 03:31:20,139]: *** sta1-wlan1: Scan detected ap1-ssid in range (signal: -88.0 / -80.0)
INFO     [2021-06-02 03:31:21,142]: *** sta1-wlan1: Scan detected ap1-ssid in range (signal: -88.0 / -80.0)
INFO     [2021-06-02 03:31:22,160]: *** sta1-wlan1: Scan detected ap1-ssid in range (signal: -88.0 / -80.0)
INFO     [2021-06-02 03:31:23,165]: *** sta1-wlan1: Scan detected ap1-ssid in range (signal: -88.0 / -80.0)
INFO     [2021-06-02 03:31:23,413]: *** sta1-wlan1: Scanning for ap1-ssid
INFO     [2021-06-02 03:31:23,413]: *** sta3-wlan1: Scanning for ap1-ssid
INFO     [2021-06-02 03:31:23,482]: *** sta3-wlan1: Scan detected ap1-ssid in range (signal: -90.0 / -80.0)
INFO     [2021-06-02 03:31:24,169]: *** sta1-wlan1: Scan detected ap1-ssid in range (signal: -88.0 / -80.0)
INFO     [2021-06-02 03:31:24,490]: *** sta3-wlan1: Scan detected ap1-ssid in range (signal: -90.0 / -80.0)
INFO     [2021-06-02 03:31:25,182]: *** sta1-wlan1: Scan detected ap1-ssid in range (signal: -88.0 / -80.0)
INFO     [2021-06-02 03:31:25,494]: *** sta3-wlan1: Scan detected ap1-ssid in range (signal: -90.0 / -80.0)
INFO     [2021-06-02 03:31:26,186]: *** sta1-wlan1: Scan detected ap1-ssid in range (signal: -88.0 / -80.0)
INFO     [2021-06-02 03:31:26,502]: *** sta3-wlan1: Scan detected ap1-ssid in range (signal: -90.0 / -80.0)
INFO     [2021-06-02 03:31:27,191]: *** sta1-wlan1: Scan detected ap1-ssid in range (signal: -88.0 / -80.0)
INFO     [2021-06-02 03:31:27,508]: *** sta3-wlan1: Scan detected ap1-ssid in range (signal: -90.0 / -80.0)
INFO     [2021-06-02 03:31:28,199]: *** sta1-wlan1: Scan detected ap1-ssid in range (signal: -88.0 / -80.0)
INFO     [2021-06-02 03:31:28,209]: *** sta1-wlan1: Scanning for ap1-ssid
INFO     [2021-06-02 03:31:28,209]: *** sta3-wlan1: Scanning for ap1-ssid
INFO     [2021-06-02 03:31:28,513]: *** sta3-wlan1: Scan detected ap1-ssid in range (signal: -90.0 / -80.0)
INFO     [2021-06-02 03:31:29,206]: *** sta1-wlan1: Scan detected ap1-ssid in range (signal: -88.0 / -80.0)
INFO     [2021-06-02 03:31:29,519]: *** sta3-wlan1: Scan detected ap1-ssid in range (signal: -90.0 / -80.0)
INFO     [2021-06-02 03:31:30,212]: *** sta1-wlan1: Scan detected ap1-ssid in range (signal: -88.0 / -80.0)
INFO     [2021-06-02 03:31:30,524]: *** sta3-wlan1: Scan detected ap1-ssid in range (signal: -90.0 / -80.0)
INFO     [2021-06-02 03:31:31,217]: *** sta1-wlan1: Scan detected ap1-ssid in range (signal: -88.0 / -80.0)
INFO     [2021-06-02 03:31:31,530]: *** sta3-wlan1: Scan detected ap1-ssid in range (signal: -90.0 / -80.0)
INFO     [2021-06-02 03:31:32,227]: *** sta1-wlan1: Scan detected ap1-ssid in range (signal: -88.0 / -80.0)
INFO     [2021-06-02 03:31:32,535]: *** sta3-wlan1: Scan detected ap1-ssid in range (signal: -90.0 / -80.0)
INFO     [2021-06-02 03:31:33,004]: *** sta1-wlan1: Scanning for ap1-ssid
INFO     [2021-06-02 03:31:33,004]: *** sta3-wlan1: Scanning for ap1-ssid
INFO     [2021-06-02 03:31:33,244]: *** sta1-wlan1: Scan detected ap1-ssid in range (signal: -88.0 / -80.0)
INFO     [2021-06-02 03:31:33,551]: *** sta3-wlan1: Scan detected ap1-ssid in range (signal: -90.0 / -80.0)
INFO     [2021-06-02 03:31:34,294]: *** sta1-wlan1: Scan detected ap1-ssid in range (signal: -88.0 / -80.0)
INFO     [2021-06-02 03:31:34,558]: *** sta3-wlan1: Scan detected ap1-ssid in range (signal: -90.0 / -80.0)
INFO     [2021-06-02 03:31:35,300]: *** sta1-wlan1: Scan detected ap1-ssid in range (signal: -88.0 / -80.0)
INFO     [2021-06-02 03:31:35,562]: *** sta3-wlan1: Scan detected ap1-ssid in range (signal: -90.0 / -80.0)
INFO     [2021-06-02 03:31:36,306]: *** sta1-wlan1: Scan detected ap1-ssid in range (signal: -88.0 / -80.0)
INFO     [2021-06-02 03:31:36,567]: *** sta3-wlan1: Scan detected ap1-ssid in range (signal: -90.0 / -80.0)
INFO     [2021-06-02 03:31:37,311]: *** sta1-wlan1: Scan detected ap1-ssid in range (signal: -88.0 / -80.0)
INFO     [2021-06-02 03:31:37,574]: *** sta3-wlan1: Scan detected ap1-ssid in range (signal: -90.0 / -80.0)
INFO     [2021-06-02 03:31:38,168]: *** sta3-wlan1: Scanning for ap1-ssid
INFO     [2021-06-02 03:31:38,169]: *** sta1-wlan1: Scanning for ap1-ssid
INFO     [2021-06-02 03:31:38,615]: *** sta3-wlan1: Scan detected ap1-ssid in range (signal: -90.0 / -80.0)
INFO     [2021-06-02 03:31:39,620]: *** sta3-wlan1: Scan detected ap1-ssid in range (signal: -90.0 / -80.0)
INFO     [2021-06-02 03:31:40,626]: *** sta3-wlan1: Scan detected ap1-ssid in range (signal: -90.0 / -80.0)
INFO     [2021-06-02 03:31:41,633]: *** sta3-wlan1: Scan detected ap1-ssid in range (signal: -90.0 / -80.0)
INFO     [2021-06-02 03:31:42,646]: *** sta3-wlan1: Scan detected ap1-ssid in range (signal: -90.0 / -80.0)
INFO     [2021-06-02 03:31:43,256]: *** sta1-wlan1: Scanning for ap1-ssid
INFO     [2021-06-02 03:31:43,305]: *** sta3-wlan1: Scanning for ap1-ssid
INFO     [2021-06-02 03:31:43,654]: *** sta3-wlan1: Scan detected ap1-ssid in range (signal: -90.0 / -80.0)
INFO     [2021-06-02 03:31:44,658]: *** sta3-wlan1: Scan detected ap1-ssid in range (signal: -90.0 / -80.0)
INFO     [2021-06-02 03:31:45,665]: *** sta3-wlan1: Scan detected ap1-ssid in range (signal: -90.0 / -80.0)
INFO     [2021-06-02 03:31:46,684]: *** sta3-wlan1: Scan detected ap1-ssid in range (signal: -90.0 / -80.0)
INFO     [2021-06-02 03:31:47,694]: *** sta3-wlan1: Scan detected ap1-ssid in range (signal: -90.0 / -80.0)
INFO     [2021-06-02 03:31:48,071]: *** sta1-wlan1: Scanning for ap1-ssid
INFO     [2021-06-02 03:31:48,195]: *** sta3-wlan1: Scanning for ap1-ssid
INFO     [2021-06-02 03:31:48,699]: *** sta3-wlan1: Scan detected ap1-ssid in range (signal: -90.0 / -80.0)
INFO     [2021-06-02 03:31:49,705]: *** sta3-wlan1: Scan detected ap1-ssid in range (signal: -90.0 / -80.0)
INFO     [2021-06-02 03:31:50,709]: *** sta3-wlan1: Scan detected ap1-ssid in range (signal: -90.0 / -80.0)
INFO     [2021-06-02 03:31:51,714]: *** sta3-wlan1: Scan detected ap1-ssid in range (signal: -90.0 / -80.0)
INFO     [2021-06-02 03:31:52,721]: *** sta3-wlan1: Scan detected ap1-ssid in range (signal: -90.0 / -80.0)
INFO     [2021-06-02 03:31:52,978]: *** sta1-wlan1: Scanning for ap1-ssid
INFO     [2021-06-02 03:31:53,088]: *** sta3-wlan1: Scanning for ap1-ssid
INFO     [2021-06-02 03:31:57,748]: *** sta1-wlan1: Scanning for ap1-ssid
INFO     [2021-06-02 03:31:57,851]: *** sta3-wlan1: Scanning for ap1-ssid
INFO     [2021-06-02 03:32:02,523]: *** sta1-wlan1: Scanning for ap1-ssid
INFO     [2021-06-02 03:32:02,605]: *** sta3-wlan1: Scanning for ap1-ssid
INFO     [2021-06-02 03:32:07,532]: *** sta1-wlan1: Scanning for ap1-ssid
INFO     [2021-06-02 03:32:07,657]: *** sta3-wlan1: Scanning for ap1-ssid
INFO     [2021-06-02 03:32:12,328]: *** sta1-wlan1: Scanning for ap1-ssid
INFO     [2021-06-02 03:32:12,442]: *** sta3-wlan1: Scanning for ap1-ssid
INFO     [2021-06-02 03:32:17,112]: *** sta1-wlan1: Scanning for ap1-ssid
INFO     [2021-06-02 03:32:17,214]: *** sta3-wlan1: Scanning for ap1-ssid
INFO     [2021-06-02 03:32:21,956]: *** sta1-wlan1: Scanning for ap1-ssid
INFO     [2021-06-02 03:32:22,070]: *** sta3-wlan1: Scanning for ap1-ssid
INFO     [2021-06-02 03:32:26,778]: *** sta1-wlan1: Scanning for ap1-ssid
INFO     [2021-06-02 03:32:26,904]: *** sta3-wlan1: Scanning for ap1-ssid
INFO     [2021-06-02 03:32:31,636]: *** sta1-wlan1: Scanning for ap1-ssid
INFO     [2021-06-02 03:32:31,704]: *** sta3-wlan1: Scanning for ap1-ssid
INFO     [2021-06-02 03:32:32,010]: *** sta3-wlan1: Scan detected ap1-ssid in range (signal: -90.0 / -80.0)
INFO     [2021-06-02 03:32:33,016]: *** sta3-wlan1: Scan detected ap1-ssid in range (signal: -90.0 / -80.0)
INFO     [2021-06-02 03:32:34,030]: *** sta3-wlan1: Scan detected ap1-ssid in range (signal: -90.0 / -80.0)
INFO     [2021-06-02 03:32:35,039]: *** sta3-wlan1: Scan detected ap1-ssid in range (signal: -90.0 / -80.0)
INFO     [2021-06-02 03:32:36,046]: *** sta3-wlan1: Scan detected ap1-ssid in range (signal: -90.0 / -80.0)
INFO     [2021-06-02 03:32:36,438]: *** sta1-wlan1: Scanning for ap1-ssid
INFO     [2021-06-02 03:32:36,501]: *** sta3-wlan1: Scanning for ap1-ssid
INFO     [2021-06-02 03:32:37,056]: *** sta3-wlan1: Scan detected ap1-ssid in range (signal: -90.0 / -80.0)
INFO     [2021-06-02 03:32:38,063]: *** sta3-wlan1: Scan detected ap1-ssid in range (signal: -90.0 / -80.0)
INFO     [2021-06-02 03:32:39,071]: *** sta3-wlan1: Scan detected ap1-ssid in range (signal: -90.0 / -80.0)
INFO     [2021-06-02 03:32:40,081]: *** sta3-wlan1: Scan detected ap1-ssid in range (signal: -90.0 / -80.0)
INFO     [2021-06-02 03:32:41,088]: *** sta3-wlan1: Scan detected ap1-ssid in range (signal: -90.0 / -80.0)
INFO     [2021-06-02 03:32:41,214]: *** sta1-wlan1: Scanning for ap1-ssid
INFO     [2021-06-02 03:32:41,249]: *** sta3-wlan1: Scanning for ap1-ssid
INFO     [2021-06-02 03:32:42,096]: *** sta3-wlan1: Scan detected ap1-ssid in range (signal: -90.0 / -80.0)
INFO     [2021-06-02 03:32:43,102]: *** sta3-wlan1: Scan detected ap1-ssid in range (signal: -90.0 / -80.0)
INFO     [2021-06-02 03:32:44,106]: *** sta3-wlan1: Scan detected ap1-ssid in range (signal: -90.0 / -80.0)
INFO     [2021-06-02 03:32:45,110]: *** sta3-wlan1: Scan detected ap1-ssid in range (signal: -90.0 / -80.0)
INFO     [2021-06-02 03:32:45,989]: *** sta1-wlan1: Scanning for ap1-ssid
INFO     [2021-06-02 03:32:46,028]: *** sta3-wlan1: Scanning for ap1-ssid
INFO     [2021-06-02 03:32:46,115]: *** sta3-wlan1: Scan detected ap1-ssid in range (signal: -90.0 / -80.0)
INFO     [2021-06-02 03:32:47,124]: *** sta3-wlan1: Scan detected ap1-ssid in range (signal: -90.0 / -80.0)
INFO     [2021-06-02 03:32:48,129]: *** sta3-wlan1: Scan detected ap1-ssid in range (signal: -90.0 / -80.0)
INFO     [2021-06-02 03:32:49,135]: *** sta3-wlan1: Scan detected ap1-ssid in range (signal: -90.0 / -80.0)
INFO     [2021-06-02 03:32:50,140]: *** sta3-wlan1: Scan detected ap1-ssid in range (signal: -90.0 / -80.0)
INFO     [2021-06-02 03:32:50,743]: *** sta1-wlan1: Scanning for ap1-ssid
INFO     [2021-06-02 03:32:50,765]: *** sta3-wlan1: Scanning for ap1-ssid
INFO     [2021-06-02 03:32:51,146]: *** sta3-wlan1: Scan detected ap1-ssid in range (signal: -90.0 / -80.0)
INFO     [2021-06-02 03:32:52,150]: *** sta3-wlan1: Scan detected ap1-ssid in range (signal: -90.0 / -80.0)
INFO     [2021-06-02 03:32:53,156]: *** sta3-wlan1: Scan detected ap1-ssid in range (signal: -90.0 / -80.0)
INFO     [2021-06-02 03:32:54,160]: *** sta3-wlan1: Scan detected ap1-ssid in range (signal: -90.0 / -80.0)
INFO     [2021-06-02 03:32:55,169]: *** sta3-wlan1: Scan detected ap1-ssid in range (signal: -90.0 / -80.0)
INFO     [2021-06-02 03:32:55,525]: *** sta1-wlan1: Scanning for ap1-ssid
INFO     [2021-06-02 03:32:55,538]: *** sta3-wlan1: Scanning for ap1-ssid
INFO     [2021-06-02 03:32:56,175]: *** sta3-wlan1: Scan detected ap1-ssid in range (signal: -90.0 / -80.0)
INFO     [2021-06-02 03:32:57,179]: *** sta3-wlan1: Scan detected ap1-ssid in range (signal: -90.0 / -80.0)
INFO     [2021-06-02 03:32:58,185]: *** sta3-wlan1: Scan detected ap1-ssid in range (signal: -90.0 / -80.0)
INFO     [2021-06-02 03:32:59,190]: *** sta3-wlan1: Scan detected ap1-ssid in range (signal: -90.0 / -80.0)
INFO     [2021-06-02 03:33:00,199]: *** sta3-wlan1: Scan detected ap1-ssid in range (signal: -90.0 / -80.0)
INFO     [2021-06-02 03:33:00,297]: *** sta1-wlan1: Scanning for ap1-ssid
INFO     [2021-06-02 03:33:00,299]: *** sta3-wlan1: Scanning for ap1-ssid
INFO     [2021-06-02 03:33:00,842]: *** sta1-wlan1: Scan detected ap1-ssid in range (signal: -88.0 / -80.0)
INFO     [2021-06-02 03:33:01,204]: *** sta3-wlan1: Scan detected ap1-ssid in range (signal: -90.0 / -80.0)
INFO     [2021-06-02 03:33:01,847]: *** sta1-wlan1: Scan detected ap1-ssid in range (signal: -88.0 / -80.0)
INFO     [2021-06-02 03:33:02,859]: *** sta1-wlan1: Scan detected ap1-ssid in range (signal: -88.0 / -80.0)
INFO     [2021-06-02 03:33:03,864]: *** sta1-wlan1: Scan detected ap1-ssid in range (signal: -88.0 / -80.0)
INFO     [2021-06-02 03:33:04,880]: *** sta1-wlan1: Scan detected ap1-ssid in range (signal: -88.0 / -80.0)
INFO     [2021-06-02 03:33:05,044]: *** sta3-wlan1: Scanning for ap1-ssid
INFO     [2021-06-02 03:33:05,045]: *** sta1-wlan1: Scanning for ap1-ssid
INFO     [2021-06-02 03:33:05,886]: *** sta1-wlan1: Scan detected ap1-ssid in range (signal: -88.0 / -80.0)
INFO     [2021-06-02 03:33:06,890]: *** sta1-wlan1: Scan detected ap1-ssid in range (signal: -88.0 / -80.0)
INFO     [2021-06-02 03:33:07,895]: *** sta1-wlan1: Scan detected ap1-ssid in range (signal: -88.0 / -80.0)
INFO     [2021-06-02 03:33:08,904]: *** sta1-wlan1: Scan detected ap1-ssid in range (signal: -88.0 / -80.0)
INFO     [2021-06-02 03:33:09,835]: *** sta1-wlan1: Scanning for ap1-ssid
INFO     [2021-06-02 03:33:09,835]: *** sta3-wlan1: Scanning for ap1-ssid
INFO     [2021-06-02 03:33:09,911]: *** sta1-wlan1: Scan detected ap1-ssid in range (signal: -88.0 / -80.0)
INFO     [2021-06-02 03:33:10,916]: *** sta1-wlan1: Scan detected ap1-ssid in range (signal: -88.0 / -80.0)
INFO     [2021-06-02 03:33:11,921]: *** sta1-wlan1: Scan detected ap1-ssid in range (signal: -88.0 / -80.0)
INFO     [2021-06-02 03:33:12,927]: *** sta1-wlan1: Scan detected ap1-ssid in range (signal: -88.0 / -80.0)
INFO     [2021-06-02 03:33:13,934]: *** sta1-wlan1: Scan detected ap1-ssid in range (signal: -88.0 / -80.0)
INFO     [2021-06-02 03:33:14,593]: *** sta1-wlan1: Scanning for ap1-ssid
INFO     [2021-06-02 03:33:14,593]: *** sta3-wlan1: Scanning for ap1-ssid
INFO     [2021-06-02 03:33:14,940]: *** sta1-wlan1: Scan detected ap1-ssid in range (signal: -88.0 / -80.0)
INFO     [2021-06-02 03:33:15,948]: *** sta1-wlan1: Scan detected ap1-ssid in range (signal: -88.0 / -80.0)
INFO     [2021-06-02 03:33:16,953]: *** sta1-wlan1: Scan detected ap1-ssid in range (signal: -88.0 / -80.0)
INFO     [2021-06-02 03:33:17,959]: *** sta1-wlan1: Scan detected ap1-ssid in range (signal: -88.0 / -80.0)
INFO     [2021-06-02 03:33:18,966]: *** sta1-wlan1: Scan detected ap1-ssid in range (signal: -88.0 / -80.0)
INFO     [2021-06-02 03:33:19,384]: *** sta3-wlan1: Scanning for ap1-ssid
INFO     [2021-06-02 03:33:19,384]: *** sta1-wlan1: Scanning for ap1-ssid
INFO     [2021-06-02 03:33:19,971]: *** sta1-wlan1: Scan detected ap1-ssid in range (signal: -88.0 / -80.0)
INFO     [2021-06-02 03:33:20,977]: *** sta1-wlan1: Scan detected ap1-ssid in range (signal: -88.0 / -80.0)
INFO     [2021-06-02 03:33:21,983]: *** sta1-wlan1: Scan detected ap1-ssid in range (signal: -88.0 / -80.0)
INFO     [2021-06-02 03:33:22,989]: *** sta1-wlan1: Scan detected ap1-ssid in range (signal: -88.0 / -80.0)
INFO     [2021-06-02 03:33:23,994]: *** sta1-wlan1: Scan detected ap1-ssid in range (signal: -88.0 / -80.0)
INFO     [2021-06-02 03:33:24,231]: *** sta3-wlan1: Scanning for ap1-ssid
INFO     [2021-06-02 03:33:24,231]: *** sta1-wlan1: Scanning for ap1-ssid
INFO     [2021-06-02 03:33:24,998]: *** sta1-wlan1: Scan detected ap1-ssid in range (signal: -88.0 / -80.0)
INFO     [2021-06-02 03:33:26,003]: *** sta1-wlan1: Scan detected ap1-ssid in range (signal: -88.0 / -80.0)
INFO     [2021-06-02 03:33:27,019]: *** sta1-wlan1: Scan detected ap1-ssid in range (signal: -88.0 / -80.0)
INFO     [2021-06-02 03:33:28,075]: *** sta1-wlan1: Scan detected ap1-ssid in range (signal: -88.0 / -80.0)
INFO     [2021-06-02 03:33:29,058]: *** sta3-wlan1: Scanning for ap1-ssid
INFO     [2021-06-02 03:33:29,061]: *** sta1-wlan1: Scanning for ap1-ssid
INFO     [2021-06-02 03:33:29,081]: *** sta1-wlan1: Scan detected ap1-ssid in range (signal: -88.0 / -80.0)
INFO     [2021-06-02 03:33:30,088]: *** sta1-wlan1: Scan detected ap1-ssid in range (signal: -88.0 / -80.0)
INFO     [2021-06-02 03:33:33,824]: *** sta1-wlan1: Scanning for ap1-ssid
INFO     [2021-06-02 03:33:33,825]: *** sta3-wlan1: Scanning for ap1-ssid
INFO     [2021-06-02 03:33:38,652]: *** sta3-wlan1: Scanning for ap1-ssid
INFO     [2021-06-02 03:33:38,653]: *** sta1-wlan1: Scanning for ap1-ssid
INFO     [2021-06-02 03:33:43,598]: *** sta3-wlan1: Scanning for ap1-ssid
INFO     [2021-06-02 03:33:43,598]: *** sta1-wlan1: Scanning for ap1-ssid
INFO     [2021-06-02 03:33:44,178]: *** sta1-wlan1: Scan detected ap1-ssid in range (signal: -90.0 / -80.0)
INFO     [2021-06-02 03:33:45,182]: *** sta1-wlan1: Scan detected ap1-ssid in range (signal: -90.0 / -80.0)
INFO     [2021-06-02 03:33:46,187]: *** sta1-wlan1: Scan detected ap1-ssid in range (signal: -90.0 / -80.0)
INFO     [2021-06-02 03:33:47,205]: *** sta1-wlan1: Scan detected ap1-ssid in range (signal: -90.0 / -80.0)
INFO     [2021-06-02 03:33:48,211]: *** sta1-wlan1: Scan detected ap1-ssid in range (signal: -90.0 / -80.0)
INFO     [2021-06-02 03:33:48,372]: *** sta3-wlan1: Scanning for ap1-ssid
INFO     [2021-06-02 03:33:48,372]: *** sta1-wlan1: Scanning for ap1-ssid
INFO     [2021-06-02 03:33:49,218]: *** sta1-wlan1: Scan detected ap1-ssid in range (signal: -90.0 / -80.0)
INFO     [2021-06-02 03:33:50,222]: *** sta1-wlan1: Scan detected ap1-ssid in range (signal: -90.0 / -80.0)
INFO     [2021-06-02 03:33:51,225]: *** sta1-wlan1: Scan detected ap1-ssid in range (signal: -90.0 / -80.0)
INFO     [2021-06-02 03:33:52,230]: *** sta1-wlan1: Scan detected ap1-ssid in range (signal: -90.0 / -80.0)
INFO     [2021-06-02 03:33:53,135]: *** sta3-wlan1: Scanning for ap1-ssid
INFO     [2021-06-02 03:33:53,135]: *** sta1-wlan1: Scanning for ap1-ssid
INFO     [2021-06-02 03:33:53,234]: *** sta1-wlan1: Scan detected ap1-ssid in range (signal: -90.0 / -80.0)
INFO     [2021-06-02 03:33:54,238]: *** sta1-wlan1: Scan detected ap1-ssid in range (signal: -90.0 / -80.0)
INFO     [2021-06-02 03:33:55,243]: *** sta1-wlan1: Scan detected ap1-ssid in range (signal: -90.0 / -80.0)
INFO     [2021-06-02 03:33:56,250]: *** sta1-wlan1: Scan detected ap1-ssid in range (signal: -90.0 / -80.0)
INFO     [2021-06-02 03:33:57,255]: *** sta1-wlan1: Scan detected ap1-ssid in range (signal: -90.0 / -80.0)
INFO     [2021-06-02 03:33:58,024]: *** sta3-wlan1: Scanning for ap1-ssid
INFO     [2021-06-02 03:33:58,025]: *** sta1-wlan1: Scanning for ap1-ssid
INFO     [2021-06-02 03:33:58,260]: *** sta1-wlan1: Scan detected ap1-ssid in range (signal: -88.0 / -80.0)
INFO     [2021-06-02 03:33:59,266]: *** sta1-wlan1: Scan detected ap1-ssid in range (signal: -88.0 / -80.0)
INFO     [2021-06-02 03:34:00,271]: *** sta1-wlan1: Scan detected ap1-ssid in range (signal: -88.0 / -80.0)
INFO     [2021-06-02 03:34:01,278]: *** sta1-wlan1: Scan detected ap1-ssid in range (signal: -88.0 / -80.0)
INFO     [2021-06-02 03:34:02,365]: *** sta1-wlan1: Scan detected ap1-ssid in range (signal: -88.0 / -80.0)
INFO     [2021-06-02 03:34:02,833]: *** sta3-wlan1: Scanning for ap1-ssid
INFO     [2021-06-02 03:34:02,833]: *** sta1-wlan1: Scanning for ap1-ssid
INFO     [2021-06-02 03:34:03,370]: *** sta1-wlan1: Scan detected ap1-ssid in range (signal: -88.0 / -80.0)
INFO     [2021-06-02 03:34:04,374]: *** sta1-wlan1: Scan detected ap1-ssid in range (signal: -88.0 / -80.0)
INFO     [2021-06-02 03:34:05,378]: *** sta1-wlan1: Scan detected ap1-ssid in range (signal: -88.0 / -80.0)
INFO     [2021-06-02 03:34:06,382]: *** sta1-wlan1: Scan detected ap1-ssid in range (signal: -88.0 / -80.0)
INFO     [2021-06-02 03:34:07,394]: *** sta1-wlan1: Scan detected ap1-ssid in range (signal: -88.0 / -80.0)
INFO     [2021-06-02 03:34:07,632]: *** sta3-wlan1: Scanning for ap1-ssid
INFO     [2021-06-02 03:34:07,707]: *** sta1-wlan1: Scanning for ap1-ssid
INFO     [2021-06-02 03:34:08,400]: *** sta1-wlan1: Scan detected ap1-ssid in range (signal: -88.0 / -80.0)
INFO     [2021-06-02 03:34:09,405]: *** sta1-wlan1: Scan detected ap1-ssid in range (signal: -88.0 / -80.0)
INFO     [2021-06-02 03:34:10,410]: *** sta1-wlan1: Scan detected ap1-ssid in range (signal: -88.0 / -80.0)
INFO     [2021-06-02 03:34:11,420]: *** sta1-wlan1: Scan detected ap1-ssid in range (signal: -88.0 / -80.0)
INFO     [2021-06-02 03:34:12,426]: *** sta1-wlan1: Scan detected ap1-ssid in range (signal: -88.0 / -80.0)
INFO     [2021-06-02 03:34:12,570]: *** sta3-wlan1: Scanning for ap1-ssid
INFO     [2021-06-02 03:34:12,685]: *** sta1-wlan1: Scanning for ap1-ssid
INFO     [2021-06-02 03:34:13,430]: *** sta1-wlan1: Scan detected ap1-ssid in range (signal: -88.0 / -80.0)
INFO     [2021-06-02 03:34:14,438]: *** sta1-wlan1: Scan detected ap1-ssid in range (signal: -88.0 / -80.0)
INFO     [2021-06-02 03:34:15,441]: *** sta1-wlan1: Scan detected ap1-ssid in range (signal: -88.0 / -80.0)
INFO     [2021-06-02 03:34:16,446]: *** sta1-wlan1: Scan detected ap1-ssid in range (signal: -88.0 / -80.0)
INFO     [2021-06-02 03:34:17,450]: *** sta1-wlan1: Scan detected ap1-ssid in range (signal: -88.0 / -80.0)
INFO     [2021-06-02 03:34:17,894]: *** sta3-wlan1: Scanning for ap1-ssid
INFO     [2021-06-02 03:34:18,002]: *** sta1-wlan1: Scanning for ap1-ssid
INFO     [2021-06-02 03:34:18,454]: *** sta1-wlan1: Scan detected ap1-ssid in range (signal: -88.0 / -80.0)
INFO     [2021-06-02 03:34:18,758]: *** sta3-wlan1: Scan detected ap1-ssid in range (signal: -90.0 / -80.0)
INFO     [2021-06-02 03:34:19,458]: *** sta1-wlan1: Scan detected ap1-ssid in range (signal: -88.0 / -80.0)
INFO     [2021-06-02 03:34:19,763]: *** sta3-wlan1: Scan detected ap1-ssid in range (signal: -90.0 / -80.0)
INFO     [2021-06-02 03:34:20,463]: *** sta1-wlan1: Scan detected ap1-ssid in range (signal: -88.0 / -80.0)
INFO     [2021-06-02 03:34:20,768]: *** sta3-wlan1: Scan detected ap1-ssid in range (signal: -90.0 / -80.0)
INFO     [2021-06-02 03:34:21,468]: *** sta1-wlan1: Scan detected ap1-ssid in range (signal: -88.0 / -80.0)
INFO     [2021-06-02 03:34:21,777]: *** sta3-wlan1: Scan detected ap1-ssid in range (signal: -90.0 / -80.0)
INFO     [2021-06-02 03:34:22,472]: *** sta1-wlan1: Scan detected ap1-ssid in range (signal: -88.0 / -80.0)
INFO     [2021-06-02 03:34:22,760]: *** sta3-wlan1: Scanning for ap1-ssid
INFO     [2021-06-02 03:34:22,783]: *** sta3-wlan1: Scan detected ap1-ssid in range (signal: -88.0 / -80.0)
INFO     [2021-06-02 03:34:22,874]: *** sta1-wlan1: Scanning for ap1-ssid
INFO     [2021-06-02 03:34:23,478]: *** sta1-wlan1: Scan detected ap1-ssid in range (signal: -88.0 / -80.0)
INFO     [2021-06-02 03:34:23,789]: *** sta3-wlan1: Scan detected ap1-ssid in range (signal: -88.0 / -80.0)
INFO     [2021-06-02 03:34:24,484]: *** sta1-wlan1: Scan detected ap1-ssid in range (signal: -88.0 / -80.0)
INFO     [2021-06-02 03:34:24,794]: *** sta3-wlan1: Scan detected ap1-ssid in range (signal: -88.0 / -80.0)
INFO     [2021-06-02 03:34:25,491]: *** sta1-wlan1: Scan detected ap1-ssid in range (signal: -88.0 / -80.0)
INFO     [2021-06-02 03:34:25,800]: *** sta3-wlan1: Scan detected ap1-ssid in range (signal: -88.0 / -80.0)
INFO     [2021-06-02 03:34:26,510]: *** sta1-wlan1: Scan detected ap1-ssid in range (signal: -88.0 / -80.0)
INFO     [2021-06-02 03:34:26,806]: *** sta3-wlan1: Scan detected ap1-ssid in range (signal: -88.0 / -80.0)
INFO     [2021-06-02 03:34:27,516]: *** sta1-wlan1: Scan detected ap1-ssid in range (signal: -88.0 / -80.0)
INFO     [2021-06-02 03:34:27,537]: *** sta3-wlan1: Scanning for ap1-ssid
INFO     [2021-06-02 03:34:27,628]: *** sta1-wlan1: Scanning for ap1-ssid
INFO     [2021-06-02 03:34:28,065]: *** sta3-wlan1: Scan detected ap1-ssid in range (signal: -88.0 / -80.0)
INFO     [2021-06-02 03:34:28,532]: *** sta1-wlan1: Scan detected ap1-ssid in range (signal: -89.0 / -80.0)
INFO     [2021-06-02 03:34:29,072]: *** sta3-wlan1: Scan detected ap1-ssid in range (signal: -88.0 / -80.0)
INFO     [2021-06-02 03:34:29,536]: *** sta1-wlan1: Scan detected ap1-ssid in range (signal: -89.0 / -80.0)
INFO     [2021-06-02 03:34:30,078]: *** sta3-wlan1: Scan detected ap1-ssid in range (signal: -88.0 / -80.0)
INFO     [2021-06-02 03:34:30,542]: *** sta1-wlan1: Scan detected ap1-ssid in range (signal: -89.0 / -80.0)
INFO     [2021-06-02 03:34:31,094]: *** sta3-wlan1: Scan detected ap1-ssid in range (signal: -88.0 / -80.0)
INFO     [2021-06-02 03:34:31,546]: *** sta1-wlan1: Scan detected ap1-ssid in range (signal: -89.0 / -80.0)
INFO     [2021-06-02 03:34:32,099]: *** sta3-wlan1: Scan detected ap1-ssid in range (signal: -88.0 / -80.0)
INFO     [2021-06-02 03:34:32,552]: *** sta1-wlan1: Scan detected ap1-ssid in range (signal: -89.0 / -80.0)
INFO     [2021-06-02 03:34:32,664]: *** sta3-wlan1: Scanning for ap1-ssid
INFO     [2021-06-02 03:34:32,831]: *** sta1-wlan1: Scanning for ap1-ssid
INFO     [2021-06-02 03:34:33,104]: *** sta3-wlan1: Scan detected ap1-ssid in range (signal: -86.0 / -80.0)
INFO     [2021-06-02 03:34:33,558]: *** sta1-wlan1: Scan detected ap1-ssid in range (signal: -85.0 / -80.0)
INFO     [2021-06-02 03:34:34,108]: *** sta3-wlan1: Scan detected ap1-ssid in range (signal: -86.0 / -80.0)
INFO     [2021-06-02 03:34:34,562]: *** sta1-wlan1: Scan detected ap1-ssid in range (signal: -85.0 / -80.0)
INFO     [2021-06-02 03:34:35,115]: *** sta3-wlan1: Scan detected ap1-ssid in range (signal: -86.0 / -80.0)
INFO     [2021-06-02 03:34:35,567]: *** sta1-wlan1: Scan detected ap1-ssid in range (signal: -85.0 / -80.0)
INFO     [2021-06-02 03:34:36,123]: *** sta3-wlan1: Scan detected ap1-ssid in range (signal: -86.0 / -80.0)
INFO     [2021-06-02 03:34:36,572]: *** sta1-wlan1: Scan detected ap1-ssid in range (signal: -85.0 / -80.0)
INFO     [2021-06-02 03:34:37,128]: *** sta3-wlan1: Scan detected ap1-ssid in range (signal: -86.0 / -80.0)
INFO     [2021-06-02 03:34:37,576]: *** sta1-wlan1: Scan detected ap1-ssid in range (signal: -85.0 / -80.0)
INFO     [2021-06-02 03:34:37,653]: *** sta3-wlan1: Scanning for ap1-ssid
INFO     [2021-06-02 03:34:37,767]: *** sta1-wlan1: Scanning for ap1-ssid
INFO     [2021-06-02 03:34:38,133]: *** sta3-wlan1: Scan detected ap1-ssid in range (signal: -86.0 / -80.0)
INFO     [2021-06-02 03:34:38,587]: *** sta1-wlan1: Scan detected ap1-ssid in range (signal: -85.0 / -80.0)
INFO     [2021-06-02 03:34:39,141]: *** sta3-wlan1: Scan detected ap1-ssid in range (signal: -86.0 / -80.0)
INFO     [2021-06-02 03:34:39,593]: *** sta1-wlan1: Scan detected ap1-ssid in range (signal: -85.0 / -80.0)
INFO     [2021-06-02 03:34:40,146]: *** sta3-wlan1: Scan detected ap1-ssid in range (signal: -86.0 / -80.0)
INFO     [2021-06-02 03:34:40,598]: *** sta1-wlan1: Scan detected ap1-ssid in range (signal: -85.0 / -80.0)
INFO     [2021-06-02 03:34:41,150]: *** sta3-wlan1: Scan detected ap1-ssid in range (signal: -86.0 / -80.0)
INFO     [2021-06-02 03:34:41,606]: *** sta1-wlan1: Scan detected ap1-ssid in range (signal: -85.0 / -80.0)
INFO     [2021-06-02 03:34:42,158]: *** sta3-wlan1: Scan detected ap1-ssid in range (signal: -86.0 / -80.0)
INFO     [2021-06-02 03:34:42,404]: *** sta3-wlan1: Scanning for ap1-ssid
INFO     [2021-06-02 03:34:42,516]: *** sta1-wlan1: Scanning for ap1-ssid
INFO     [2021-06-02 03:34:42,614]: *** sta1-wlan1: Scan detected ap1-ssid in range (signal: -84.0 / -80.0)
INFO     [2021-06-02 03:34:43,164]: *** sta3-wlan1: Scan detected ap1-ssid in range (signal: -87.0 / -80.0)
INFO     [2021-06-02 03:34:43,620]: *** sta1-wlan1: Scan detected ap1-ssid in range (signal: -84.0 / -80.0)
INFO     [2021-06-02 03:34:44,168]: *** sta3-wlan1: Scan detected ap1-ssid in range (signal: -87.0 / -80.0)
INFO     [2021-06-02 03:34:44,625]: *** sta1-wlan1: Scan detected ap1-ssid in range (signal: -84.0 / -80.0)
INFO     [2021-06-02 03:34:45,187]: *** sta3-wlan1: Scan detected ap1-ssid in range (signal: -87.0 / -80.0)
INFO     [2021-06-02 03:34:45,632]: *** sta1-wlan1: Scan detected ap1-ssid in range (signal: -84.0 / -80.0)
INFO     [2021-06-02 03:34:46,204]: *** sta3-wlan1: Scan detected ap1-ssid in range (signal: -87.0 / -80.0)
INFO     [2021-06-02 03:34:46,638]: *** sta1-wlan1: Scan detected ap1-ssid in range (signal: -84.0 / -80.0)
INFO     [2021-06-02 03:34:47,168]: *** sta3-wlan1: Scanning for ap1-ssid
INFO     [2021-06-02 03:34:47,215]: *** sta3-wlan1: Scan detected ap1-ssid in range (signal: -87.0 / -80.0)
INFO     [2021-06-02 03:34:47,309]: *** sta1-wlan1: Scanning for ap1-ssid
INFO     [2021-06-02 03:34:47,643]: *** sta1-wlan1: Scan detected ap1-ssid in range (signal: -88.0 / -80.0)
INFO     [2021-06-02 03:34:48,225]: *** sta3-wlan1: Scan detected ap1-ssid in range (signal: -87.0 / -80.0)
INFO     [2021-06-02 03:34:48,648]: *** sta1-wlan1: Scan detected ap1-ssid in range (signal: -88.0 / -80.0)
INFO     [2021-06-02 03:34:49,230]: *** sta3-wlan1: Scan detected ap1-ssid in range (signal: -87.0 / -80.0)
INFO     [2021-06-02 03:34:49,653]: *** sta1-wlan1: Scan detected ap1-ssid in range (signal: -88.0 / -80.0)
INFO     [2021-06-02 03:34:50,234]: *** sta3-wlan1: Scan detected ap1-ssid in range (signal: -87.0 / -80.0)
INFO     [2021-06-02 03:34:50,657]: *** sta1-wlan1: Scan detected ap1-ssid in range (signal: -88.0 / -80.0)
INFO     [2021-06-02 03:34:51,241]: *** sta3-wlan1: Scan detected ap1-ssid in range (signal: -87.0 / -80.0)
INFO     [2021-06-02 03:34:51,662]: *** sta1-wlan1: Scan detected ap1-ssid in range (signal: -88.0 / -80.0)
INFO     [2021-06-02 03:34:51,933]: *** sta3-wlan1: Scanning for ap1-ssid
INFO     [2021-06-02 03:34:52,081]: *** sta1-wlan1: Scanning for ap1-ssid
INFO     [2021-06-02 03:34:52,245]: *** sta3-wlan1: Scan detected ap1-ssid in range (signal: -89.0 / -80.0)
INFO     [2021-06-02 03:34:52,666]: *** sta1-wlan1: Scan detected ap1-ssid in range (signal: -88.0 / -80.0)
INFO     [2021-06-02 03:34:53,253]: *** sta3-wlan1: Scan detected ap1-ssid in range (signal: -89.0 / -80.0)
INFO     [2021-06-02 03:34:53,670]: *** sta1-wlan1: Scan detected ap1-ssid in range (signal: -88.0 / -80.0)
INFO     [2021-06-02 03:34:54,259]: *** sta3-wlan1: Scan detected ap1-ssid in range (signal: -89.0 / -80.0)
INFO     [2021-06-02 03:34:54,684]: *** sta1-wlan1: Scan detected ap1-ssid in range (signal: -88.0 / -80.0)
INFO     [2021-06-02 03:34:55,264]: *** sta3-wlan1: Scan detected ap1-ssid in range (signal: -89.0 / -80.0)
INFO     [2021-06-02 03:34:55,690]: *** sta1-wlan1: Scan detected ap1-ssid in range (signal: -88.0 / -80.0)
INFO     [2021-06-02 03:34:56,267]: *** sta3-wlan1: Scan detected ap1-ssid in range (signal: -89.0 / -80.0)
INFO     [2021-06-02 03:34:56,695]: *** sta1-wlan1: Scan detected ap1-ssid in range (signal: -88.0 / -80.0)
INFO     [2021-06-02 03:34:56,745]: *** sta3-wlan1: Scanning for ap1-ssid
INFO     [2021-06-02 03:34:56,890]: *** sta1-wlan1: Scanning for ap1-ssid
INFO     [2021-06-02 03:34:57,273]: *** sta3-wlan1: Scan detected ap1-ssid in range (signal: -87.0 / -80.0)
INFO     [2021-06-02 03:34:57,702]: *** sta1-wlan1: Scan detected ap1-ssid in range (signal: -88.0 / -80.0)
INFO     [2021-06-02 03:34:58,279]: *** sta3-wlan1: Scan detected ap1-ssid in range (signal: -87.0 / -80.0)
INFO     [2021-06-02 03:34:58,706]: *** sta1-wlan1: Scan detected ap1-ssid in range (signal: -88.0 / -80.0)
INFO     [2021-06-02 03:34:59,284]: *** sta3-wlan1: Scan detected ap1-ssid in range (signal: -87.0 / -80.0)
INFO     [2021-06-02 03:34:59,711]: *** sta1-wlan1: Scan detected ap1-ssid in range (signal: -88.0 / -80.0)
INFO     [2021-06-02 03:35:00,288]: *** sta3-wlan1: Scan detected ap1-ssid in range (signal: -87.0 / -80.0)
INFO     [2021-06-02 03:35:00,716]: *** sta1-wlan1: Scan detected ap1-ssid in range (signal: -88.0 / -80.0)
INFO     [2021-06-02 03:35:01,303]: *** sta3-wlan1: Scan detected ap1-ssid in range (signal: -87.0 / -80.0)
INFO     [2021-06-02 03:35:01,523]: *** sta3-wlan1: Scanning for ap1-ssid
INFO     [2021-06-02 03:35:01,681]: *** sta1-wlan1: Scanning for ap1-ssid
INFO     [2021-06-02 03:35:01,721]: *** sta1-wlan1: Scan detected ap1-ssid in range (signal: -83.0 / -80.0)
INFO     [2021-06-02 03:35:02,309]: *** sta3-wlan1: Scan detected ap1-ssid in range (signal: -90.0 / -80.0)
INFO     [2021-06-02 03:35:02,726]: *** sta1-wlan1: Scan detected ap1-ssid in range (signal: -87.0 / -80.0)
INFO     [2021-06-02 03:35:03,314]: *** sta3-wlan1: Scan detected ap1-ssid in range (signal: -90.0 / -80.0)
INFO     [2021-06-02 03:35:03,733]: *** sta1-wlan1: Scan detected ap1-ssid in range (signal: -87.0 / -80.0)
INFO     [2021-06-02 03:35:04,319]: *** sta3-wlan1: Scan detected ap1-ssid in range (signal: -90.0 / -80.0)
INFO     [2021-06-02 03:35:04,745]: *** sta1-wlan1: Scan detected ap1-ssid in range (signal: -87.0 / -80.0)
INFO     [2021-06-02 03:35:05,330]: *** sta3-wlan1: Scan detected ap1-ssid in range (signal: -90.0 / -80.0)
INFO     [2021-06-02 03:35:05,750]: *** sta1-wlan1: Scan detected ap1-ssid in range (signal: -87.0 / -80.0)
INFO     [2021-06-02 03:35:06,335]: *** sta3-wlan1: Scan detected ap1-ssid in range (signal: -90.0 / -80.0)
INFO     [2021-06-02 03:35:06,345]: *** sta3-wlan1: Scanning for ap1-ssid
INFO     [2021-06-02 03:35:06,487]: *** sta1-wlan1: Scanning for ap1-ssid
INFO     [2021-06-02 03:35:06,757]: *** sta1-wlan1: Scan detected ap1-ssid in range (signal: -90.0 / -80.0)
INFO     [2021-06-02 03:35:07,340]: *** sta3-wlan1: Scan detected ap1-ssid in range (signal: -82.0 / -80.0)
INFO     [2021-06-02 03:35:07,763]: *** sta1-wlan1: Scan detected ap1-ssid in range (signal: -90.0 / -80.0)
INFO     [2021-06-02 03:35:08,346]: *** sta3-wlan1: Scan detected ap1-ssid in range (signal: -82.0 / -80.0)
INFO     [2021-06-02 03:35:08,768]: *** sta1-wlan1: Scan detected ap1-ssid in range (signal: -90.0 / -80.0)
INFO     [2021-06-02 03:35:09,367]: *** sta3-wlan1: Scan detected ap1-ssid in range (signal: -82.0 / -80.0)
INFO     [2021-06-02 03:35:09,773]: *** sta1-wlan1: Scan detected ap1-ssid in range (signal: -90.0 / -80.0)
INFO     [2021-06-02 03:35:10,373]: *** sta3-wlan1: Scan detected ap1-ssid in range (signal: -82.0 / -80.0)
INFO     [2021-06-02 03:35:10,778]: *** sta1-wlan1: Scan detected ap1-ssid in range (signal: -90.0 / -80.0)
INFO     [2021-06-02 03:35:11,104]: *** sta3-wlan1: Scanning for ap1-ssid
INFO     [2021-06-02 03:35:11,262]: *** sta1-wlan1: Scanning for ap1-ssid
INFO     [2021-06-02 03:35:11,378]: *** sta3-wlan1: Scan detected ap1-ssid in range (signal: -87.0 / -80.0)
INFO     [2021-06-02 03:35:11,783]: *** sta1-wlan1: Scan detected ap1-ssid in range (signal: -88.0 / -80.0)
INFO     [2021-06-02 03:35:12,386]: *** sta3-wlan1: Scan detected ap1-ssid in range (signal: -87.0 / -80.0)
INFO     [2021-06-02 03:35:12,788]: *** sta1-wlan1: Scan detected ap1-ssid in range (signal: -88.0 / -80.0)
INFO     [2021-06-02 03:35:13,391]: *** sta3-wlan1: Scan detected ap1-ssid in range (signal: -87.0 / -80.0)
INFO     [2021-06-02 03:35:13,792]: *** sta1-wlan1: Scan detected ap1-ssid in range (signal: -88.0 / -80.0)
INFO     [2021-06-02 03:35:14,396]: *** sta3-wlan1: Scan detected ap1-ssid in range (signal: -87.0 / -80.0)
INFO     [2021-06-02 03:35:14,797]: *** sta1-wlan1: Scan detected ap1-ssid in range (signal: -88.0 / -80.0)
INFO     [2021-06-02 03:35:15,401]: *** sta3-wlan1: Scan detected ap1-ssid in range (signal: -87.0 / -80.0)
INFO     [2021-06-02 03:35:15,805]: *** sta1-wlan1: Scan detected ap1-ssid in range (signal: -88.0 / -80.0)
INFO     [2021-06-02 03:35:15,861]: *** sta3-wlan1: Scanning for ap1-ssid
INFO     [2021-06-02 03:35:16,016]: *** sta1-wlan1: Scanning for ap1-ssid
INFO     [2021-06-02 03:35:16,406]: *** sta3-wlan1: Scan detected ap1-ssid in range (signal: -86.0 / -80.0)
INFO     [2021-06-02 03:35:16,810]: *** sta1-wlan1: Scan detected ap1-ssid in range (signal: -85.0 / -80.0)
INFO     [2021-06-02 03:35:17,412]: *** sta3-wlan1: Scan detected ap1-ssid in range (signal: -86.0 / -80.0)
INFO     [2021-06-02 03:35:17,815]: *** sta1-wlan1: Scan detected ap1-ssid in range (signal: -85.0 / -80.0)
INFO     [2021-06-02 03:35:18,426]: *** sta3-wlan1: Scan detected ap1-ssid in range (signal: -86.0 / -80.0)
INFO     [2021-06-02 03:35:18,823]: *** sta1-wlan1: Scan detected ap1-ssid in range (signal: -85.0 / -80.0)
INFO     [2021-06-02 03:35:19,436]: *** sta3-wlan1: Scan detected ap1-ssid in range (signal: -86.0 / -80.0)
INFO     [2021-06-02 03:35:19,829]: *** sta1-wlan1: Scan detected ap1-ssid in range (signal: -85.0 / -80.0)
INFO     [2021-06-02 03:35:20,442]: *** sta3-wlan1: Scan detected ap1-ssid in range (signal: -86.0 / -80.0)
INFO     [2021-06-02 03:35:20,669]: *** sta3-wlan1: Scanning for ap1-ssid
INFO     [2021-06-02 03:35:20,780]: *** sta1-wlan1: Scanning for ap1-ssid
INFO     [2021-06-02 03:35:20,836]: *** sta1-wlan1: Scan detected ap1-ssid in range (signal: -81.0 / -80.0)
INFO     [2021-06-02 03:35:21,461]: *** sta3-wlan1: Scan detected ap1-ssid in range (signal: -88.0 / -80.0)
INFO     [2021-06-02 03:35:21,840]: *** sta1-wlan1: Scan detected ap1-ssid in range (signal: -81.0 / -80.0)
INFO     [2021-06-02 03:35:22,466]: *** sta3-wlan1: Scan detected ap1-ssid in range (signal: -88.0 / -80.0)
INFO     [2021-06-02 03:35:22,847]: *** sta1-wlan1: Scan detected ap1-ssid in range (signal: -81.0 / -80.0)
INFO     [2021-06-02 03:35:23,471]: *** sta3-wlan1: Scan detected ap1-ssid in range (signal: -88.0 / -80.0)
INFO     [2021-06-02 03:35:23,852]: *** sta1-wlan1: Scan detected ap1-ssid in range (signal: -81.0 / -80.0)
INFO     [2021-06-02 03:35:24,493]: *** sta3-wlan1: Scan detected ap1-ssid in range (signal: -88.0 / -80.0)
INFO     [2021-06-02 03:35:24,862]: *** sta1-wlan1: Scan detected ap1-ssid in range (signal: -79.0 / -80.0)
INFO     [2021-06-02 03:35:24,862]: *** sta1-wlan0: OLSR runnning: Killing olsrd process (PID: 37893)
INFO     [2021-06-02 03:35:24,862]: *** sta1-wlan0: Killed given olsrd process (PID: 37893)
INFO     [2021-06-02 03:35:24,880]: *** sta1-wlan0: IBSS leave completed
INFO     [2021-06-02 03:35:24,882]: *** sta1-wlan0: Set type to managed
INFO     [2021-06-02 03:35:25,494]: *** sta3-wlan1: Scanning for ap1-ssid
INFO     [2021-06-02 03:35:25,501]: *** sta3-wlan1: Scan detected ap1-ssid in range (signal: -85.0 / -80.0)
INFO     [2021-06-02 03:35:25,608]: *** sta1-wlan1: Scanning for ap1-ssid
INFO     [2021-06-02 03:35:26,507]: *** sta3-wlan1: Scan detected ap1-ssid in range (signal: -82.0 / -80.0)
INFO     [2021-06-02 03:35:27,513]: *** sta3-wlan1: Scan detected ap1-ssid in range (signal: -82.0 / -80.0)
INFO     [2021-06-02 03:35:28,519]: *** sta3-wlan1: Scan detected ap1-ssid in range (signal: -82.0 / -80.0)
INFO     [2021-06-02 03:35:28,686]: *** sta1-wlan0: Connected interface to ap1-ssid
INFO     [2021-06-02 03:35:29,525]: *** sta3-wlan1: Scan detected ap1-ssid in range (signal: -87.0 / -80.0)
INFO     [2021-06-02 03:35:30,300]: *** sta3-wlan1: Scanning for ap1-ssid
INFO     [2021-06-02 03:35:30,531]: *** sta3-wlan1: Scan detected ap1-ssid in range (signal: -85.0 / -80.0)
INFO     [2021-06-02 03:35:31,536]: *** sta3-wlan1: Scan detected ap1-ssid in range (signal: -85.0 / -80.0)
INFO     [2021-06-02 03:35:32,541]: *** sta3-wlan1: Scan detected ap1-ssid in range (signal: -85.0 / -80.0)
INFO     [2021-06-02 03:35:33,552]: *** sta3-wlan1: Scan detected ap1-ssid in range (signal: -85.0 / -80.0)
INFO     [2021-06-02 03:35:34,569]: *** sta3-wlan1: Scan detected ap1-ssid in range (signal: -86.0 / -80.0)
INFO     [2021-06-02 03:35:35,185]: *** sta3-wlan1: Scanning for ap1-ssid
INFO     [2021-06-02 03:35:35,576]: *** sta3-wlan1: Scan detected ap1-ssid in range (signal: -84.0 / -80.0)
INFO     [2021-06-02 03:35:36,581]: *** sta3-wlan1: Scan detected ap1-ssid in range (signal: -84.0 / -80.0)
INFO     [2021-06-02 03:35:37,585]: *** sta3-wlan1: Scan detected ap1-ssid in range (signal: -84.0 / -80.0)
INFO     [2021-06-02 03:35:38,590]: *** sta3-wlan1: Scan detected ap1-ssid in range (signal: -84.0 / -80.0)
INFO     [2021-06-02 03:35:39,595]: *** sta3-wlan1: Scan detected ap1-ssid in range (signal: -84.0 / -80.0)
INFO     [2021-06-02 03:35:39,930]: *** sta3-wlan1: Scanning for ap1-ssid
INFO     [2021-06-02 03:35:40,602]: *** sta3-wlan1: Scan detected ap1-ssid in range (signal: -85.0 / -80.0)
INFO     [2021-06-02 03:35:41,606]: *** sta3-wlan1: Scan detected ap1-ssid in range (signal: -85.0 / -80.0)
INFO     [2021-06-02 03:35:42,612]: *** sta3-wlan1: Scan detected ap1-ssid in range (signal: -85.0 / -80.0)
INFO     [2021-06-02 03:35:43,618]: *** sta3-wlan1: Scan detected ap1-ssid in range (signal: -85.0 / -80.0)
INFO     [2021-06-02 03:35:44,632]: *** sta3-wlan1: Scan detected ap1-ssid in range (signal: -84.0 / -80.0)
INFO     [2021-06-02 03:35:44,809]: *** sta3-wlan1: Scanning for ap1-ssid
INFO     [2021-06-02 03:35:45,637]: *** sta3-wlan1: Scan detected ap1-ssid in range (signal: -79.0 / -80.0)
INFO     [2021-06-02 03:35:45,638]: *** sta3-wlan0: OLSR runnning: Killing olsrd process (PID: 37902)
INFO     [2021-06-02 03:35:45,638]: *** sta3-wlan0: Killed given olsrd process (PID: 37902)
INFO     [2021-06-02 03:35:45,663]: *** sta3-wlan0: IBSS leave completed
INFO     [2021-06-02 03:35:45,665]: *** sta3-wlan0: Set type to managed
INFO     [2021-06-02 03:35:49,437]: *** sta3-wlan0: Connected interface to ap1-ssid
INFO     [2021-06-02 03:45:36,845]: *** sta3-wlan1: Scanner started. Searching for ap1-ssid with interval 1.0
INFO     [2021-06-02 03:45:36,860]: *** sta1-wlan1: Scanner started. Searching for ap1-ssid with interval 1.0
INFO     [2021-06-02 03:45:36,866]: *** sta3-wlan0: Set type to ibss
INFO     [2021-06-02 03:45:36,871]: *** sta1-wlan0: Set type to ibss
INFO     [2021-06-02 03:45:36,873]: *** sta3-wlan0: Set ip link up
INFO     [2021-06-02 03:45:36,878]: *** sta3-wlan0: Join ibss adhocNet
INFO     [2021-06-02 03:45:36,905]: *** sta1-wlan0: Set ip link up
INFO     [2021-06-02 03:45:36,907]: *** sta3-wlan0: Starting OLSR
INFO     [2021-06-02 03:45:36,910]: *** sta1-wlan0: Join ibss adhocNet
INFO     [2021-06-02 03:45:36,915]: *** sta1-wlan0: Starting OLSR
INFO     [2021-06-02 03:45:37,851]: *** sta3-wlan1: Scanning for ap1-ssid
INFO     [2021-06-02 03:45:38,871]: *** sta3-wlan1: Scanning for ap1-ssid
