INFO     [2021-06-01 03:49:28,787]: *** sta1-wlan0: Started flexible_sdn.py
INFO     [2021-06-01 03:49:28,789]: *** sta1: Interface: sta1-wlan0, Scan-interface: sta1-wlan1
INFO     [2021-06-01 03:51:55,733]: *** sta1-wlan1: Scanner started. Searching for ap1-ssid with interval 3.0
INFO     [2021-06-01 03:51:58,734]: *** sta1-wlan1: Scanning for ap1-ssid
INFO     [2021-06-01 03:51:59,762]: *** sta1-wlan1: Scan detected ap1-ssid in range (signal: -86.0 / -80.0)
INFO     [2021-06-01 03:52:00,767]: *** sta1-wlan1: Scan detected ap1-ssid in range (signal: -86.0 / -80.0)
INFO     [2021-06-01 03:52:01,772]: *** sta1-wlan1: Scan detected ap1-ssid in range (signal: -86.0 / -80.0)
INFO     [2021-06-01 03:52:02,777]: *** sta1-wlan1: Scan detected ap1-ssid in range (signal: -86.0 / -80.0)
INFO     [2021-06-01 03:52:03,785]: *** sta1-wlan1: Scan detected ap1-ssid in range (signal: -86.0 / -80.0)
INFO     [2021-06-01 03:52:04,791]: *** sta1-wlan1: Scan detected ap1-ssid in range (signal: -86.0 / -80.0)
INFO     [2021-06-01 03:52:05,526]: *** sta1-wlan1: Scanning for ap1-ssid
INFO     [2021-06-01 03:52:05,798]: *** sta1-wlan1: Scan detected ap1-ssid in range (signal: -89.0 / -80.0)
INFO     [2021-06-01 03:52:06,804]: *** sta1-wlan1: Scan detected ap1-ssid in range (signal: -89.0 / -80.0)
INFO     [2021-06-01 03:52:07,813]: *** sta1-wlan1: Scan detected ap1-ssid in range (signal: -89.0 / -80.0)
INFO     [2021-06-01 03:52:08,818]: *** sta1-wlan1: Scan detected ap1-ssid in range (signal: -89.0 / -80.0)
INFO     [2021-06-01 03:52:09,822]: *** sta1-wlan1: Scan detected ap1-ssid in range (signal: -89.0 / -80.0)
INFO     [2021-06-01 03:52:10,827]: *** sta1-wlan1: Scan detected ap1-ssid in range (signal: -89.0 / -80.0)
INFO     [2021-06-01 03:52:11,832]: *** sta1-wlan1: Scan detected ap1-ssid in range (signal: -89.0 / -80.0)
INFO     [2021-06-01 03:52:12,340]: *** sta1-wlan1: Scanning for ap1-ssid
INFO     [2021-06-01 03:52:12,861]: *** sta1-wlan1: Scan detected ap1-ssid in range (signal: -90.0 / -80.0)
INFO     [2021-06-01 03:52:13,868]: *** sta1-wlan1: Scan detected ap1-ssid in range (signal: -90.0 / -80.0)
INFO     [2021-06-01 03:52:14,877]: *** sta1-wlan1: Scan detected ap1-ssid in range (signal: -90.0 / -80.0)
INFO     [2021-06-01 03:52:15,881]: *** sta1-wlan1: Scan detected ap1-ssid in range (signal: -90.0 / -80.0)
INFO     [2021-06-01 03:52:16,889]: *** sta1-wlan1: Scan detected ap1-ssid in range (signal: -90.0 / -80.0)
INFO     [2021-06-01 03:52:17,895]: *** sta1-wlan1: Scan detected ap1-ssid in range (signal: -90.0 / -80.0)
INFO     [2021-06-01 03:52:18,910]: *** sta1-wlan1: Scan detected ap1-ssid in range (signal: -90.0 / -80.0)
INFO     [2021-06-01 03:52:19,243]: *** sta1-wlan1: Scanning for ap1-ssid
INFO     [2021-06-01 03:52:19,914]: *** sta1-wlan1: Scan detected ap1-ssid in range (signal: -90.0 / -80.0)
INFO     [2021-06-01 03:52:20,918]: *** sta1-wlan1: Scan detected ap1-ssid in range (signal: -90.0 / -80.0)
INFO     [2021-06-01 03:52:21,922]: *** sta1-wlan1: Scan detected ap1-ssid in range (signal: -90.0 / -80.0)
INFO     [2021-06-01 03:52:22,928]: *** sta1-wlan1: Scan detected ap1-ssid in range (signal: -90.0 / -80.0)
INFO     [2021-06-01 03:52:23,934]: *** sta1-wlan1: Scan detected ap1-ssid in range (signal: -90.0 / -80.0)
INFO     [2021-06-01 03:52:24,941]: *** sta1-wlan1: Scan detected ap1-ssid in range (signal: -90.0 / -80.0)
INFO     [2021-06-01 03:52:25,946]: *** sta1-wlan1: Scan detected ap1-ssid in range (signal: -90.0 / -80.0)
INFO     [2021-06-01 03:52:26,070]: *** sta1-wlan1: Scanning for ap1-ssid
INFO     [2021-06-01 03:52:26,951]: *** sta1-wlan1: Scan detected ap1-ssid in range (signal: -90.0 / -80.0)
INFO     [2021-06-01 03:52:27,959]: *** sta1-wlan1: Scan detected ap1-ssid in range (signal: -90.0 / -80.0)
INFO     [2021-06-01 03:52:28,964]: *** sta1-wlan1: Scan detected ap1-ssid in range (signal: -90.0 / -80.0)
INFO     [2021-06-01 03:52:29,971]: *** sta1-wlan1: Scan detected ap1-ssid in range (signal: -90.0 / -80.0)
INFO     [2021-06-01 03:52:30,977]: *** sta1-wlan1: Scan detected ap1-ssid in range (signal: -90.0 / -80.0)
INFO     [2021-06-01 03:52:31,993]: *** sta1-wlan1: Scan detected ap1-ssid in range (signal: -90.0 / -80.0)
INFO     [2021-06-01 03:52:32,935]: *** sta1-wlan1: Scanning for ap1-ssid
INFO     [2021-06-01 03:52:32,999]: *** sta1-wlan1: Scan detected ap1-ssid in range (signal: -90.0 / -80.0)
INFO     [2021-06-01 03:52:34,006]: *** sta1-wlan1: Scan detected ap1-ssid in range (signal: -90.0 / -80.0)
INFO     [2021-06-01 03:52:35,011]: *** sta1-wlan1: Scan detected ap1-ssid in range (signal: -90.0 / -80.0)
INFO     [2021-06-01 03:52:36,014]: *** sta1-wlan1: Scan detected ap1-ssid in range (signal: -90.0 / -80.0)
INFO     [2021-06-01 03:52:37,021]: *** sta1-wlan1: Scan detected ap1-ssid in range (signal: -90.0 / -80.0)
INFO     [2021-06-01 03:52:38,041]: *** sta1-wlan1: Scan detected ap1-ssid in range (signal: -90.0 / -80.0)
INFO     [2021-06-01 03:52:39,048]: *** sta1-wlan1: Scan detected ap1-ssid in range (signal: -90.0 / -80.0)
INFO     [2021-06-01 03:52:39,827]: *** sta1-wlan1: Scanning for ap1-ssid
INFO     [2021-06-01 03:52:40,057]: *** sta1-wlan1: Scan detected ap1-ssid in range (signal: -90.0 / -80.0)
INFO     [2021-06-01 03:52:41,067]: *** sta1-wlan1: Scan detected ap1-ssid in range (signal: -90.0 / -80.0)
INFO     [2021-06-01 03:52:42,080]: *** sta1-wlan1: Scan detected ap1-ssid in range (signal: -90.0 / -80.0)
INFO     [2021-06-01 03:52:43,085]: *** sta1-wlan1: Scan detected ap1-ssid in range (signal: -90.0 / -80.0)
INFO     [2021-06-01 03:52:44,090]: *** sta1-wlan1: Scan detected ap1-ssid in range (signal: -90.0 / -80.0)
INFO     [2021-06-01 03:52:45,094]: *** sta1-wlan1: Scan detected ap1-ssid in range (signal: -90.0 / -80.0)
INFO     [2021-06-01 03:52:46,099]: *** sta1-wlan1: Scan detected ap1-ssid in range (signal: -90.0 / -80.0)
INFO     [2021-06-01 03:52:46,649]: *** sta1-wlan1: Scanning for ap1-ssid
INFO     [2021-06-01 03:52:47,104]: *** sta1-wlan1: Scan detected ap1-ssid in range (signal: -90.0 / -80.0)
INFO     [2021-06-01 03:52:48,110]: *** sta1-wlan1: Scan detected ap1-ssid in range (signal: -90.0 / -80.0)
INFO     [2021-06-01 03:52:49,114]: *** sta1-wlan1: Scan detected ap1-ssid in range (signal: -90.0 / -80.0)
INFO     [2021-06-01 03:52:50,123]: *** sta1-wlan1: Scan detected ap1-ssid in range (signal: -90.0 / -80.0)
INFO     [2021-06-01 03:52:51,131]: *** sta1-wlan1: Scan detected ap1-ssid in range (signal: -90.0 / -80.0)
INFO     [2021-06-01 03:52:52,136]: *** sta1-wlan1: Scan detected ap1-ssid in range (signal: -90.0 / -80.0)
INFO     [2021-06-01 03:52:53,142]: *** sta1-wlan1: Scan detected ap1-ssid in range (signal: -90.0 / -80.0)
INFO     [2021-06-01 03:52:53,439]: *** sta1-wlan1: Scanning for ap1-ssid
INFO     [2021-06-01 03:52:54,146]: *** sta1-wlan1: Scan detected ap1-ssid in range (signal: -90.0 / -80.0)
INFO     [2021-06-01 03:52:55,152]: *** sta1-wlan1: Scan detected ap1-ssid in range (signal: -90.0 / -80.0)
INFO     [2021-06-01 03:52:56,156]: *** sta1-wlan1: Scan detected ap1-ssid in range (signal: -90.0 / -80.0)
INFO     [2021-06-01 03:52:57,163]: *** sta1-wlan1: Scan detected ap1-ssid in range (signal: -90.0 / -80.0)
INFO     [2021-06-01 03:52:58,167]: *** sta1-wlan1: Scan detected ap1-ssid in range (signal: -90.0 / -80.0)
INFO     [2021-06-01 03:52:59,172]: *** sta1-wlan1: Scan detected ap1-ssid in range (signal: -90.0 / -80.0)
INFO     [2021-06-01 03:53:00,177]: *** sta1-wlan1: Scan detected ap1-ssid in range (signal: -90.0 / -80.0)
INFO     [2021-06-01 03:53:00,207]: *** sta1-wlan1: Scanning for ap1-ssid
INFO     [2021-06-01 03:53:01,182]: *** sta1-wlan1: Scan detected ap1-ssid in range (signal: -90.0 / -80.0)
INFO     [2021-06-01 03:53:02,186]: *** sta1-wlan1: Scan detected ap1-ssid in range (signal: -90.0 / -80.0)
INFO     [2021-06-01 03:53:03,191]: *** sta1-wlan1: Scan detected ap1-ssid in range (signal: -90.0 / -80.0)
INFO     [2021-06-01 03:53:04,195]: *** sta1-wlan1: Scan detected ap1-ssid in range (signal: -90.0 / -80.0)
INFO     [2021-06-01 03:53:05,201]: *** sta1-wlan1: Scan detected ap1-ssid in range (signal: -90.0 / -80.0)
INFO     [2021-06-01 03:53:06,206]: *** sta1-wlan1: Scan detected ap1-ssid in range (signal: -90.0 / -80.0)
INFO     [2021-06-01 03:53:06,962]: *** sta1-wlan1: Scanning for ap1-ssid
INFO     [2021-06-01 03:53:07,209]: *** sta1-wlan1: Scan detected ap1-ssid in range (signal: -90.0 / -80.0)
INFO     [2021-06-01 03:53:08,215]: *** sta1-wlan1: Scan detected ap1-ssid in range (signal: -90.0 / -80.0)
INFO     [2021-06-01 03:53:09,221]: *** sta1-wlan1: Scan detected ap1-ssid in range (signal: -90.0 / -80.0)
INFO     [2021-06-01 03:53:13,762]: *** sta1-wlan1: Scanning for ap1-ssid
INFO     [2021-06-01 03:53:20,508]: *** sta1-wlan1: Scanning for ap1-ssid
INFO     [2021-06-01 03:53:21,286]: *** sta1-wlan1: Scan detected ap1-ssid in range (signal: -90.0 / -80.0)
INFO     [2021-06-01 03:53:22,291]: *** sta1-wlan1: Scan detected ap1-ssid in range (signal: -90.0 / -80.0)
INFO     [2021-06-01 03:53:23,301]: *** sta1-wlan1: Scan detected ap1-ssid in range (signal: -90.0 / -80.0)
INFO     [2021-06-01 03:53:24,305]: *** sta1-wlan1: Scan detected ap1-ssid in range (signal: -90.0 / -80.0)
INFO     [2021-06-01 03:53:25,310]: *** sta1-wlan1: Scan detected ap1-ssid in range (signal: -90.0 / -80.0)
INFO     [2021-06-01 03:53:26,315]: *** sta1-wlan1: Scan detected ap1-ssid in range (signal: -90.0 / -80.0)
INFO     [2021-06-01 03:53:27,283]: *** sta1-wlan1: Scanning for ap1-ssid
INFO     [2021-06-01 03:53:27,326]: *** sta1-wlan1: Scan detected ap1-ssid in range (signal: -90.0 / -80.0)
INFO     [2021-06-01 03:53:28,332]: *** sta1-wlan1: Scan detected ap1-ssid in range (signal: -90.0 / -80.0)
INFO     [2021-06-01 03:53:29,340]: *** sta1-wlan1: Scan detected ap1-ssid in range (signal: -90.0 / -80.0)
INFO     [2021-06-01 03:53:30,346]: *** sta1-wlan1: Scan detected ap1-ssid in range (signal: -90.0 / -80.0)
INFO     [2021-06-01 03:53:31,351]: *** sta1-wlan1: Scan detected ap1-ssid in range (signal: -90.0 / -80.0)
INFO     [2021-06-01 03:53:32,359]: *** sta1-wlan1: Scan detected ap1-ssid in range (signal: -90.0 / -80.0)
INFO     [2021-06-01 03:53:33,367]: *** sta1-wlan1: Scan detected ap1-ssid in range (signal: -90.0 / -80.0)
INFO     [2021-06-01 03:53:34,091]: *** sta1-wlan1: Scanning for ap1-ssid
INFO     [2021-06-01 03:53:34,371]: *** sta1-wlan1: Scan detected ap1-ssid in range (signal: -90.0 / -80.0)
INFO     [2021-06-01 03:53:35,378]: *** sta1-wlan1: Scan detected ap1-ssid in range (signal: -90.0 / -80.0)
INFO     [2021-06-01 03:53:36,384]: *** sta1-wlan1: Scan detected ap1-ssid in range (signal: -90.0 / -80.0)
INFO     [2021-06-01 03:53:37,388]: *** sta1-wlan1: Scan detected ap1-ssid in range (signal: -90.0 / -80.0)
INFO     [2021-06-01 03:53:38,392]: *** sta1-wlan1: Scan detected ap1-ssid in range (signal: -90.0 / -80.0)
INFO     [2021-06-01 03:53:39,401]: *** sta1-wlan1: Scan detected ap1-ssid in range (signal: -90.0 / -80.0)
INFO     [2021-06-01 03:53:40,406]: *** sta1-wlan1: Scan detected ap1-ssid in range (signal: -90.0 / -80.0)
INFO     [2021-06-01 03:53:40,875]: *** sta1-wlan1: Scanning for ap1-ssid
INFO     [2021-06-01 03:53:41,411]: *** sta1-wlan1: Scan detected ap1-ssid in range (signal: -90.0 / -80.0)
INFO     [2021-06-01 03:53:42,417]: *** sta1-wlan1: Scan detected ap1-ssid in range (signal: -90.0 / -80.0)
INFO     [2021-06-01 03:53:43,423]: *** sta1-wlan1: Scan detected ap1-ssid in range (signal: -90.0 / -80.0)
INFO     [2021-06-01 03:53:44,427]: *** sta1-wlan1: Scan detected ap1-ssid in range (signal: -90.0 / -80.0)
INFO     [2021-06-01 03:53:45,432]: *** sta1-wlan1: Scan detected ap1-ssid in range (signal: -90.0 / -80.0)
INFO     [2021-06-01 03:53:46,438]: *** sta1-wlan1: Scan detected ap1-ssid in range (signal: -90.0 / -80.0)
INFO     [2021-06-01 03:53:47,441]: *** sta1-wlan1: Scan detected ap1-ssid in range (signal: -90.0 / -80.0)
INFO     [2021-06-01 03:53:47,731]: *** sta1-wlan1: Scanning for ap1-ssid
INFO     [2021-06-01 03:53:48,446]: *** sta1-wlan1: Scan detected ap1-ssid in range (signal: -90.0 / -80.0)
INFO     [2021-06-01 03:53:49,449]: *** sta1-wlan1: Scan detected ap1-ssid in range (signal: -90.0 / -80.0)
INFO     [2021-06-01 03:53:50,454]: *** sta1-wlan1: Scan detected ap1-ssid in range (signal: -90.0 / -80.0)
INFO     [2021-06-01 03:53:54,477]: *** sta1-wlan1: Scanning for ap1-ssid
INFO     [2021-06-01 03:54:01,294]: *** sta1-wlan1: Scanning for ap1-ssid
INFO     [2021-06-01 03:54:08,038]: *** sta1-wlan1: Scanning for ap1-ssid
INFO     [2021-06-01 03:54:14,882]: *** sta1-wlan1: Scanning for ap1-ssid
INFO     [2021-06-01 03:54:21,734]: *** sta1-wlan1: Scanning for ap1-ssid
INFO     [2021-06-01 03:54:28,531]: *** sta1-wlan1: Scanning for ap1-ssid
INFO     [2021-06-01 03:54:28,696]: *** sta1-wlan1: Scan detected ap1-ssid in range (signal: -88.0 / -80.0)
INFO     [2021-06-01 03:54:29,701]: *** sta1-wlan1: Scan detected ap1-ssid in range (signal: -88.0 / -80.0)
INFO     [2021-06-01 03:54:30,717]: *** sta1-wlan1: Scan detected ap1-ssid in range (signal: -88.0 / -80.0)
INFO     [2021-06-01 03:54:31,722]: *** sta1-wlan1: Scan detected ap1-ssid in range (signal: -88.0 / -80.0)
INFO     [2021-06-01 03:54:32,727]: *** sta1-wlan1: Scan detected ap1-ssid in range (signal: -88.0 / -80.0)
INFO     [2021-06-01 03:54:33,733]: *** sta1-wlan1: Scan detected ap1-ssid in range (signal: -88.0 / -80.0)
INFO     [2021-06-01 03:54:34,738]: *** sta1-wlan1: Scan detected ap1-ssid in range (signal: -88.0 / -80.0)
INFO     [2021-06-01 03:54:35,303]: *** sta1-wlan1: Scanning for ap1-ssid
INFO     [2021-06-01 03:54:35,746]: *** sta1-wlan1: Scan detected ap1-ssid in range (signal: -88.0 / -80.0)
INFO     [2021-06-01 03:54:36,750]: *** sta1-wlan1: Scan detected ap1-ssid in range (signal: -88.0 / -80.0)
INFO     [2021-06-01 03:54:37,757]: *** sta1-wlan1: Scan detected ap1-ssid in range (signal: -88.0 / -80.0)
INFO     [2021-06-01 03:54:38,766]: *** sta1-wlan1: Scan detected ap1-ssid in range (signal: -88.0 / -80.0)
INFO     [2021-06-01 03:54:39,781]: *** sta1-wlan1: Scan detected ap1-ssid in range (signal: -88.0 / -80.0)
INFO     [2021-06-01 03:54:40,791]: *** sta1-wlan1: Scan detected ap1-ssid in range (signal: -88.0 / -80.0)
INFO     [2021-06-01 03:54:41,796]: *** sta1-wlan1: Scan detected ap1-ssid in range (signal: -88.0 / -80.0)
INFO     [2021-06-01 03:54:42,109]: *** sta1-wlan1: Scanning for ap1-ssid
INFO     [2021-06-01 03:54:42,800]: *** sta1-wlan1: Scan detected ap1-ssid in range (signal: -88.0 / -80.0)
INFO     [2021-06-01 03:54:43,814]: *** sta1-wlan1: Scan detected ap1-ssid in range (signal: -88.0 / -80.0)
INFO     [2021-06-01 03:54:44,819]: *** sta1-wlan1: Scan detected ap1-ssid in range (signal: -88.0 / -80.0)
INFO     [2021-06-01 03:54:45,824]: *** sta1-wlan1: Scan detected ap1-ssid in range (signal: -88.0 / -80.0)
INFO     [2021-06-01 03:54:46,829]: *** sta1-wlan1: Scan detected ap1-ssid in range (signal: -88.0 / -80.0)
INFO     [2021-06-01 03:54:47,834]: *** sta1-wlan1: Scan detected ap1-ssid in range (signal: -88.0 / -80.0)
INFO     [2021-06-01 03:54:48,848]: *** sta1-wlan1: Scan detected ap1-ssid in range (signal: -88.0 / -80.0)
INFO     [2021-06-01 03:54:48,887]: *** sta1-wlan1: Scanning for ap1-ssid
INFO     [2021-06-01 03:54:49,852]: *** sta1-wlan1: Scan detected ap1-ssid in range (signal: -90.0 / -80.0)
INFO     [2021-06-01 03:54:50,864]: *** sta1-wlan1: Scan detected ap1-ssid in range (signal: -90.0 / -80.0)
INFO     [2021-06-01 03:54:51,869]: *** sta1-wlan1: Scan detected ap1-ssid in range (signal: -90.0 / -80.0)
INFO     [2021-06-01 03:54:52,878]: *** sta1-wlan1: Scan detected ap1-ssid in range (signal: -90.0 / -80.0)
INFO     [2021-06-01 03:54:53,900]: *** sta1-wlan1: Scan detected ap1-ssid in range (signal: -90.0 / -80.0)
INFO     [2021-06-01 03:54:54,910]: *** sta1-wlan1: Scan detected ap1-ssid in range (signal: -90.0 / -80.0)
INFO     [2021-06-01 03:54:55,659]: *** sta1-wlan1: Scanning for ap1-ssid
INFO     [2021-06-01 03:54:55,913]: *** sta1-wlan1: Scan detected ap1-ssid in range (signal: -90.0 / -80.0)
INFO     [2021-06-01 03:54:56,924]: *** sta1-wlan1: Scan detected ap1-ssid in range (signal: -90.0 / -80.0)
INFO     [2021-06-01 03:54:57,929]: *** sta1-wlan1: Scan detected ap1-ssid in range (signal: -90.0 / -80.0)
INFO     [2021-06-01 03:54:58,944]: *** sta1-wlan1: Scan detected ap1-ssid in range (signal: -90.0 / -80.0)
INFO     [2021-06-01 03:54:59,950]: *** sta1-wlan1: Scan detected ap1-ssid in range (signal: -90.0 / -80.0)
INFO     [2021-06-01 03:55:00,956]: *** sta1-wlan1: Scan detected ap1-ssid in range (signal: -90.0 / -80.0)
INFO     [2021-06-01 03:55:01,962]: *** sta1-wlan1: Scan detected ap1-ssid in range (signal: -90.0 / -80.0)
INFO     [2021-06-01 03:55:02,490]: *** sta1-wlan1: Scanning for ap1-ssid
INFO     [2021-06-01 03:55:02,967]: *** sta1-wlan1: Scan detected ap1-ssid in range (signal: -90.0 / -80.0)
INFO     [2021-06-01 03:55:03,972]: *** sta1-wlan1: Scan detected ap1-ssid in range (signal: -90.0 / -80.0)
INFO     [2021-06-01 03:55:04,977]: *** sta1-wlan1: Scan detected ap1-ssid in range (signal: -90.0 / -80.0)
INFO     [2021-06-01 03:55:05,982]: *** sta1-wlan1: Scan detected ap1-ssid in range (signal: -90.0 / -80.0)
INFO     [2021-06-01 03:55:06,991]: *** sta1-wlan1: Scan detected ap1-ssid in range (signal: -90.0 / -80.0)
INFO     [2021-06-01 03:55:08,001]: *** sta1-wlan1: Scan detected ap1-ssid in range (signal: -90.0 / -80.0)
INFO     [2021-06-01 03:55:09,009]: *** sta1-wlan1: Scan detected ap1-ssid in range (signal: -90.0 / -80.0)
INFO     [2021-06-01 03:55:09,316]: *** sta1-wlan1: Scanning for ap1-ssid
INFO     [2021-06-01 03:55:10,014]: *** sta1-wlan1: Scan detected ap1-ssid in range (signal: -90.0 / -80.0)
INFO     [2021-06-01 03:55:11,023]: *** sta1-wlan1: Scan detected ap1-ssid in range (signal: -90.0 / -80.0)
INFO     [2021-06-01 03:55:12,028]: *** sta1-wlan1: Scan detected ap1-ssid in range (signal: -90.0 / -80.0)
INFO     [2021-06-01 03:55:13,033]: *** sta1-wlan1: Scan detected ap1-ssid in range (signal: -90.0 / -80.0)
INFO     [2021-06-01 03:55:14,037]: *** sta1-wlan1: Scan detected ap1-ssid in range (signal: -90.0 / -80.0)
INFO     [2021-06-01 03:55:15,045]: *** sta1-wlan1: Scan detected ap1-ssid in range (signal: -90.0 / -80.0)
INFO     [2021-06-01 03:55:16,050]: *** sta1-wlan1: Scan detected ap1-ssid in range (signal: -90.0 / -80.0)
INFO     [2021-06-01 03:55:16,190]: *** sta1-wlan1: Scanning for ap1-ssid
INFO     [2021-06-01 03:55:17,058]: *** sta1-wlan1: Scan detected ap1-ssid in range (signal: -90.0 / -80.0)
INFO     [2021-06-01 03:55:18,062]: *** sta1-wlan1: Scan detected ap1-ssid in range (signal: -90.0 / -80.0)
INFO     [2021-06-01 03:55:22,957]: *** sta1-wlan1: Scanning for ap1-ssid
INFO     [2021-06-01 03:55:23,099]: *** sta1-wlan1: Scan detected ap1-ssid in range (signal: -89.0 / -80.0)
INFO     [2021-06-01 03:55:24,106]: *** sta1-wlan1: Scan detected ap1-ssid in range (signal: -89.0 / -80.0)
INFO     [2021-06-01 03:55:25,110]: *** sta1-wlan1: Scan detected ap1-ssid in range (signal: -89.0 / -80.0)
INFO     [2021-06-01 03:55:26,115]: *** sta1-wlan1: Scan detected ap1-ssid in range (signal: -89.0 / -80.0)
INFO     [2021-06-01 03:55:27,119]: *** sta1-wlan1: Scan detected ap1-ssid in range (signal: -89.0 / -80.0)
INFO     [2021-06-01 03:55:28,123]: *** sta1-wlan1: Scan detected ap1-ssid in range (signal: -89.0 / -80.0)
INFO     [2021-06-01 03:55:29,131]: *** sta1-wlan1: Scan detected ap1-ssid in range (signal: -89.0 / -80.0)
INFO     [2021-06-01 03:55:29,795]: *** sta1-wlan1: Scanning for ap1-ssid
INFO     [2021-06-01 03:55:30,140]: *** sta1-wlan1: Scan detected ap1-ssid in range (signal: -89.0 / -80.0)
INFO     [2021-06-01 03:55:31,144]: *** sta1-wlan1: Scan detected ap1-ssid in range (signal: -89.0 / -80.0)
INFO     [2021-06-01 03:55:32,149]: *** sta1-wlan1: Scan detected ap1-ssid in range (signal: -89.0 / -80.0)
INFO     [2021-06-01 03:55:33,155]: *** sta1-wlan1: Scan detected ap1-ssid in range (signal: -89.0 / -80.0)
INFO     [2021-06-01 03:55:34,160]: *** sta1-wlan1: Scan detected ap1-ssid in range (signal: -89.0 / -80.0)
INFO     [2021-06-01 03:55:35,165]: *** sta1-wlan1: Scan detected ap1-ssid in range (signal: -89.0 / -80.0)
INFO     [2021-06-01 03:55:36,170]: *** sta1-wlan1: Scan detected ap1-ssid in range (signal: -89.0 / -80.0)
INFO     [2021-06-01 03:55:36,566]: *** sta1-wlan1: Scanning for ap1-ssid
INFO     [2021-06-01 03:55:37,175]: *** sta1-wlan1: Scan detected ap1-ssid in range (signal: -89.0 / -80.0)
INFO     [2021-06-01 03:55:38,180]: *** sta1-wlan1: Scan detected ap1-ssid in range (signal: -89.0 / -80.0)
INFO     [2021-06-01 03:55:39,198]: *** sta1-wlan1: Scan detected ap1-ssid in range (signal: -89.0 / -80.0)
INFO     [2021-06-01 03:55:40,203]: *** sta1-wlan1: Scan detected ap1-ssid in range (signal: -89.0 / -80.0)
INFO     [2021-06-01 03:55:41,210]: *** sta1-wlan1: Scan detected ap1-ssid in range (signal: -89.0 / -80.0)
INFO     [2021-06-01 03:55:42,214]: *** sta1-wlan1: Scan detected ap1-ssid in range (signal: -89.0 / -80.0)
INFO     [2021-06-01 03:55:43,218]: *** sta1-wlan1: Scan detected ap1-ssid in range (signal: -89.0 / -80.0)
INFO     [2021-06-01 03:55:43,403]: *** sta1-wlan1: Scanning for ap1-ssid
INFO     [2021-06-01 03:55:44,231]: *** sta1-wlan1: Scan detected ap1-ssid in range (signal: -89.0 / -80.0)
INFO     [2021-06-01 03:55:45,238]: *** sta1-wlan1: Scan detected ap1-ssid in range (signal: -89.0 / -80.0)
INFO     [2021-06-01 03:55:46,244]: *** sta1-wlan1: Scan detected ap1-ssid in range (signal: -89.0 / -80.0)
INFO     [2021-06-01 03:55:47,248]: *** sta1-wlan1: Scan detected ap1-ssid in range (signal: -89.0 / -80.0)
INFO     [2021-06-01 03:55:48,253]: *** sta1-wlan1: Scan detected ap1-ssid in range (signal: -89.0 / -80.0)
INFO     [2021-06-01 03:55:49,258]: *** sta1-wlan1: Scan detected ap1-ssid in range (signal: -89.0 / -80.0)
INFO     [2021-06-01 03:55:50,194]: *** sta1-wlan1: Scanning for ap1-ssid
INFO     [2021-06-01 03:55:50,262]: *** sta1-wlan1: Scan detected ap1-ssid in range (signal: -88.0 / -80.0)
INFO     [2021-06-01 03:55:51,268]: *** sta1-wlan1: Scan detected ap1-ssid in range (signal: -88.0 / -80.0)
INFO     [2021-06-01 03:55:52,275]: *** sta1-wlan1: Scan detected ap1-ssid in range (signal: -88.0 / -80.0)
INFO     [2021-06-01 03:55:53,282]: *** sta1-wlan1: Scan detected ap1-ssid in range (signal: -88.0 / -80.0)
INFO     [2021-06-01 03:55:54,287]: *** sta1-wlan1: Scan detected ap1-ssid in range (signal: -88.0 / -80.0)
INFO     [2021-06-01 03:55:55,295]: *** sta1-wlan1: Scan detected ap1-ssid in range (signal: -88.0 / -80.0)
INFO     [2021-06-01 03:55:56,302]: *** sta1-wlan1: Scan detected ap1-ssid in range (signal: -88.0 / -80.0)
INFO     [2021-06-01 03:55:56,936]: *** sta1-wlan1: Scanning for ap1-ssid
INFO     [2021-06-01 03:55:57,307]: *** sta1-wlan1: Scan detected ap1-ssid in range (signal: -88.0 / -80.0)
INFO     [2021-06-01 03:55:58,312]: *** sta1-wlan1: Scan detected ap1-ssid in range (signal: -88.0 / -80.0)
INFO     [2021-06-01 03:55:59,316]: *** sta1-wlan1: Scan detected ap1-ssid in range (signal: -88.0 / -80.0)
INFO     [2021-06-01 03:56:00,321]: *** sta1-wlan1: Scan detected ap1-ssid in range (signal: -88.0 / -80.0)
INFO     [2021-06-01 03:56:01,326]: *** sta1-wlan1: Scan detected ap1-ssid in range (signal: -88.0 / -80.0)
INFO     [2021-06-01 03:56:02,333]: *** sta1-wlan1: Scan detected ap1-ssid in range (signal: -88.0 / -80.0)
INFO     [2021-06-01 03:56:03,337]: *** sta1-wlan1: Scan detected ap1-ssid in range (signal: -88.0 / -80.0)
INFO     [2021-06-01 03:56:03,691]: *** sta1-wlan1: Scanning for ap1-ssid
INFO     [2021-06-01 03:56:04,353]: *** sta1-wlan1: Scan detected ap1-ssid in range (signal: -88.0 / -80.0)
INFO     [2021-06-01 03:56:05,360]: *** sta1-wlan1: Scan detected ap1-ssid in range (signal: -88.0 / -80.0)
INFO     [2021-06-01 03:56:06,365]: *** sta1-wlan1: Scan detected ap1-ssid in range (signal: -88.0 / -80.0)
INFO     [2021-06-01 03:56:07,373]: *** sta1-wlan1: Scan detected ap1-ssid in range (signal: -88.0 / -80.0)
INFO     [2021-06-01 03:56:08,383]: *** sta1-wlan1: Scan detected ap1-ssid in range (signal: -88.0 / -80.0)
INFO     [2021-06-01 03:56:09,395]: *** sta1-wlan1: Scan detected ap1-ssid in range (signal: -88.0 / -80.0)
INFO     [2021-06-01 03:56:10,399]: *** sta1-wlan1: Scan detected ap1-ssid in range (signal: -88.0 / -80.0)
INFO     [2021-06-01 03:56:10,490]: *** sta1-wlan1: Scanning for ap1-ssid
INFO     [2021-06-01 03:56:11,404]: *** sta1-wlan1: Scan detected ap1-ssid in range (signal: -88.0 / -80.0)
INFO     [2021-06-01 03:56:12,409]: *** sta1-wlan1: Scan detected ap1-ssid in range (signal: -88.0 / -80.0)
INFO     [2021-06-01 03:56:13,414]: *** sta1-wlan1: Scan detected ap1-ssid in range (signal: -88.0 / -80.0)
INFO     [2021-06-01 03:56:14,420]: *** sta1-wlan1: Scan detected ap1-ssid in range (signal: -88.0 / -80.0)
INFO     [2021-06-01 03:56:15,427]: *** sta1-wlan1: Scan detected ap1-ssid in range (signal: -88.0 / -80.0)
INFO     [2021-06-01 03:56:16,439]: *** sta1-wlan1: Scan detected ap1-ssid in range (signal: -88.0 / -80.0)
INFO     [2021-06-01 03:56:17,377]: *** sta1-wlan1: Scanning for ap1-ssid
INFO     [2021-06-01 03:56:17,446]: *** sta1-wlan1: Scan detected ap1-ssid in range (signal: -88.0 / -80.0)
INFO     [2021-06-01 03:56:18,450]: *** sta1-wlan1: Scan detected ap1-ssid in range (signal: -88.0 / -80.0)
INFO     [2021-06-01 03:56:19,454]: *** sta1-wlan1: Scan detected ap1-ssid in range (signal: -88.0 / -80.0)
INFO     [2021-06-01 03:56:20,460]: *** sta1-wlan1: Scan detected ap1-ssid in range (signal: -88.0 / -80.0)
INFO     [2021-06-01 03:56:21,471]: *** sta1-wlan1: Scan detected ap1-ssid in range (signal: -88.0 / -80.0)
INFO     [2021-06-01 03:56:22,485]: *** sta1-wlan1: Scan detected ap1-ssid in range (signal: -88.0 / -80.0)
INFO     [2021-06-01 03:56:23,490]: *** sta1-wlan1: Scan detected ap1-ssid in range (signal: -88.0 / -80.0)
INFO     [2021-06-01 03:56:24,153]: *** sta1-wlan1: Scanning for ap1-ssid
INFO     [2021-06-01 03:56:30,922]: *** sta1-wlan1: Scanning for ap1-ssid
INFO     [2021-06-01 03:56:37,679]: *** sta1-wlan1: Scanning for ap1-ssid
INFO     [2021-06-01 03:56:44,417]: *** sta1-wlan1: Scanning for ap1-ssid
INFO     [2021-06-01 03:56:51,286]: *** sta1-wlan1: Scanning for ap1-ssid
INFO     [2021-06-01 03:56:58,067]: *** sta1-wlan1: Scanning for ap1-ssid
INFO     [2021-06-01 03:57:04,886]: *** sta1-wlan1: Scanning for ap1-ssid
INFO     [2021-06-01 03:57:05,821]: *** sta1-wlan1: Scan detected ap1-ssid in range (signal: -90.0 / -80.0)
INFO     [2021-06-01 03:57:06,835]: *** sta1-wlan1: Scan detected ap1-ssid in range (signal: -90.0 / -80.0)
INFO     [2021-06-01 03:57:07,839]: *** sta1-wlan1: Scan detected ap1-ssid in range (signal: -90.0 / -80.0)
INFO     [2021-06-01 03:57:08,844]: *** sta1-wlan1: Scan detected ap1-ssid in range (signal: -90.0 / -80.0)
INFO     [2021-06-01 03:57:09,854]: *** sta1-wlan1: Scan detected ap1-ssid in range (signal: -90.0 / -80.0)
INFO     [2021-06-01 03:57:10,869]: *** sta1-wlan1: Scan detected ap1-ssid in range (signal: -90.0 / -80.0)
INFO     [2021-06-01 03:57:11,658]: *** sta1-wlan1: Scanning for ap1-ssid
INFO     [2021-06-01 03:57:11,874]: *** sta1-wlan1: Scan detected ap1-ssid in range (signal: -90.0 / -80.0)
INFO     [2021-06-01 03:57:12,881]: *** sta1-wlan1: Scan detected ap1-ssid in range (signal: -90.0 / -80.0)
INFO     [2021-06-01 03:57:13,886]: *** sta1-wlan1: Scan detected ap1-ssid in range (signal: -90.0 / -80.0)
INFO     [2021-06-01 03:57:14,896]: *** sta1-wlan1: Scan detected ap1-ssid in range (signal: -90.0 / -80.0)
INFO     [2021-06-01 03:57:15,902]: *** sta1-wlan1: Scan detected ap1-ssid in range (signal: -90.0 / -80.0)
INFO     [2021-06-01 03:57:16,910]: *** sta1-wlan1: Scan detected ap1-ssid in range (signal: -90.0 / -80.0)
INFO     [2021-06-01 03:57:17,916]: *** sta1-wlan1: Scan detected ap1-ssid in range (signal: -90.0 / -80.0)
INFO     [2021-06-01 03:57:18,443]: *** sta1-wlan1: Scanning for ap1-ssid
INFO     [2021-06-01 03:57:18,920]: *** sta1-wlan1: Scan detected ap1-ssid in range (signal: -90.0 / -80.0)
INFO     [2021-06-01 03:57:19,936]: *** sta1-wlan1: Scan detected ap1-ssid in range (signal: -90.0 / -80.0)
INFO     [2021-06-01 03:57:20,947]: *** sta1-wlan1: Scan detected ap1-ssid in range (signal: -90.0 / -80.0)
INFO     [2021-06-01 03:57:21,952]: *** sta1-wlan1: Scan detected ap1-ssid in range (signal: -90.0 / -80.0)
INFO     [2021-06-01 03:57:22,957]: *** sta1-wlan1: Scan detected ap1-ssid in range (signal: -90.0 / -80.0)
INFO     [2021-06-01 03:57:23,963]: *** sta1-wlan1: Scan detected ap1-ssid in range (signal: -90.0 / -80.0)
INFO     [2021-06-01 03:57:24,969]: *** sta1-wlan1: Scan detected ap1-ssid in range (signal: -90.0 / -80.0)
INFO     [2021-06-01 03:57:25,207]: *** sta1-wlan1: Scanning for ap1-ssid
INFO     [2021-06-01 03:57:25,974]: *** sta1-wlan1: Scan detected ap1-ssid in range (signal: -90.0 / -80.0)
INFO     [2021-06-01 03:57:26,982]: *** sta1-wlan1: Scan detected ap1-ssid in range (signal: -90.0 / -80.0)
INFO     [2021-06-01 03:57:27,987]: *** sta1-wlan1: Scan detected ap1-ssid in range (signal: -90.0 / -80.0)
INFO     [2021-06-01 03:57:28,991]: *** sta1-wlan1: Scan detected ap1-ssid in range (signal: -90.0 / -80.0)
INFO     [2021-06-01 03:57:29,996]: *** sta1-wlan1: Scan detected ap1-ssid in range (signal: -90.0 / -80.0)
INFO     [2021-06-01 03:57:31,001]: *** sta1-wlan1: Scan detected ap1-ssid in range (signal: -90.0 / -80.0)
INFO     [2021-06-01 03:57:31,958]: *** sta1-wlan1: Scanning for ap1-ssid
INFO     [2021-06-01 03:57:32,006]: *** sta1-wlan1: Scan detected ap1-ssid in range (signal: -90.0 / -80.0)
INFO     [2021-06-01 03:57:33,016]: *** sta1-wlan1: Scan detected ap1-ssid in range (signal: -90.0 / -80.0)
INFO     [2021-06-01 03:57:34,025]: *** sta1-wlan1: Scan detected ap1-ssid in range (signal: -90.0 / -80.0)
INFO     [2021-06-01 03:57:37,674]: *** sta1-wlan1: Scanning for ap1-ssid
INFO     [2021-06-01 03:57:44,527]: *** sta1-wlan1: Scanning for ap1-ssid
INFO     [2021-06-01 03:57:45,088]: *** sta1-wlan1: Scan detected ap1-ssid in range (signal: -88.0 / -80.0)
INFO     [2021-06-01 03:57:46,097]: *** sta1-wlan1: Scan detected ap1-ssid in range (signal: -88.0 / -80.0)
INFO     [2021-06-01 03:57:48,105]: *** sta1-wlan1: Scan detected ap1-ssid in range (signal: -88.0 / -80.0)
INFO     [2021-06-01 03:57:49,138]: *** sta1-wlan1: Scan detected ap1-ssid in range (signal: -88.0 / -80.0)
INFO     [2021-06-01 03:57:50,147]: *** sta1-wlan1: Scan detected ap1-ssid in range (signal: -88.0 / -80.0)
INFO     [2021-06-01 03:57:51,151]: *** sta1-wlan1: Scan detected ap1-ssid in range (signal: -88.0 / -80.0)
INFO     [2021-06-01 03:57:51,310]: *** sta1-wlan1: Scanning for ap1-ssid
INFO     [2021-06-01 03:57:52,156]: *** sta1-wlan1: Scan detected ap1-ssid in range (signal: -88.0 / -80.0)
INFO     [2021-06-01 03:57:53,162]: *** sta1-wlan1: Scan detected ap1-ssid in range (signal: -88.0 / -80.0)
INFO     [2021-06-01 03:57:54,167]: *** sta1-wlan1: Scan detected ap1-ssid in range (signal: -88.0 / -80.0)
INFO     [2021-06-01 03:57:55,172]: *** sta1-wlan1: Scan detected ap1-ssid in range (signal: -88.0 / -80.0)
INFO     [2021-06-01 03:57:56,178]: *** sta1-wlan1: Scan detected ap1-ssid in range (signal: -88.0 / -80.0)
INFO     [2021-06-01 03:57:57,185]: *** sta1-wlan1: Scan detected ap1-ssid in range (signal: -88.0 / -80.0)
INFO     [2021-06-01 03:57:58,137]: *** sta1-wlan1: Scanning for ap1-ssid
INFO     [2021-06-01 03:57:58,192]: *** sta1-wlan1: Scan detected ap1-ssid in range (signal: -89.0 / -80.0)
INFO     [2021-06-01 03:57:59,197]: *** sta1-wlan1: Scan detected ap1-ssid in range (signal: -89.0 / -80.0)
INFO     [2021-06-01 03:58:00,201]: *** sta1-wlan1: Scan detected ap1-ssid in range (signal: -89.0 / -80.0)
INFO     [2021-06-01 03:58:01,205]: *** sta1-wlan1: Scan detected ap1-ssid in range (signal: -89.0 / -80.0)
INFO     [2021-06-01 03:58:04,943]: *** sta1-wlan1: Scanning for ap1-ssid
INFO     [2021-06-01 03:58:09,255]: *** sta1-wlan1: Scan detected ap1-ssid in range (signal: -87.0 / -80.0)
INFO     [2021-06-01 03:58:10,270]: *** sta1-wlan1: Scan detected ap1-ssid in range (signal: -87.0 / -80.0)
INFO     [2021-06-01 03:58:11,699]: *** sta1-wlan1: Scanning for ap1-ssid
INFO     [2021-06-01 03:58:12,281]: *** sta1-wlan1: Scan detected ap1-ssid in range (signal: -86.0 / -80.0)
INFO     [2021-06-01 03:58:13,288]: *** sta1-wlan1: Scan detected ap1-ssid in range (signal: -86.0 / -80.0)
INFO     [2021-06-01 03:58:14,296]: *** sta1-wlan1: Scan detected ap1-ssid in range (signal: -86.0 / -80.0)
INFO     [2021-06-01 03:58:18,465]: *** sta1-wlan1: Scanning for ap1-ssid
INFO     [2021-06-01 03:58:25,230]: *** sta1-wlan1: Scanning for ap1-ssid
INFO     [2021-06-01 03:58:31,993]: *** sta1-wlan1: Scanning for ap1-ssid
INFO     [2021-06-01 03:58:38,810]: *** sta1-wlan1: Scanning for ap1-ssid
INFO     [2021-06-01 03:58:45,658]: *** sta1-wlan1: Scanning for ap1-ssid
INFO     [2021-06-01 03:58:52,450]: *** sta1-wlan1: Scanning for ap1-ssid
INFO     [2021-06-01 03:58:59,219]: *** sta1-wlan1: Scanning for ap1-ssid
INFO     [2021-06-01 03:59:06,076]: *** sta1-wlan1: Scanning for ap1-ssid
INFO     [2021-06-01 03:59:12,830]: *** sta1-wlan1: Scanning for ap1-ssid
INFO     [2021-06-01 03:59:19,598]: *** sta1-wlan1: Scanning for ap1-ssid
INFO     [2021-06-01 03:59:26,386]: *** sta1-wlan1: Scanning for ap1-ssid
INFO     [2021-06-01 03:59:33,209]: *** sta1-wlan1: Scanning for ap1-ssid
INFO     [2021-06-01 03:59:39,976]: *** sta1-wlan1: Scanning for ap1-ssid
INFO     [2021-06-01 03:59:46,797]: *** sta1-wlan1: Scanning for ap1-ssid
INFO     [2021-06-01 03:59:53,580]: *** sta1-wlan1: Scanning for ap1-ssid
INFO     [2021-06-01 04:00:00,438]: *** sta1-wlan1: Scanning for ap1-ssid
INFO     [2021-06-01 04:00:07,398]: *** sta1-wlan1: Scanning for ap1-ssid
INFO     [2021-06-01 04:00:14,198]: *** sta1-wlan1: Scanning for ap1-ssid
INFO     [2021-06-01 04:00:21,006]: *** sta1-wlan1: Scanning for ap1-ssid
INFO     [2021-06-01 04:00:27,825]: *** sta1-wlan1: Scanning for ap1-ssid
INFO     [2021-06-01 04:00:34,594]: *** sta1-wlan1: Scanning for ap1-ssid
INFO     [2021-06-01 04:00:41,383]: *** sta1-wlan1: Scanning for ap1-ssid
INFO     [2021-06-01 04:00:48,235]: *** sta1-wlan1: Scanning for ap1-ssid
INFO     [2021-06-01 04:00:55,031]: *** sta1-wlan1: Scanning for ap1-ssid
INFO     [2021-06-01 04:01:01,946]: *** sta1-wlan1: Scanning for ap1-ssid
INFO     [2021-06-01 04:01:08,720]: *** sta1-wlan1: Scanning for ap1-ssid
INFO     [2021-06-01 04:01:15,539]: *** sta1-wlan1: Scanning for ap1-ssid
INFO     [2021-06-01 04:01:22,373]: *** sta1-wlan1: Scanning for ap1-ssid
INFO     [2021-06-01 04:01:29,534]: *** sta1-wlan1: Scanning for ap1-ssid
INFO     [2021-06-01 04:01:36,401]: *** sta1-wlan1: Scanning for ap1-ssid
INFO     [2021-06-01 04:01:43,368]: *** sta1-wlan1: Scanning for ap1-ssid
INFO     [2021-06-01 04:01:50,181]: *** sta1-wlan1: Scanning for ap1-ssid
INFO     [2021-06-01 04:01:57,473]: *** sta1-wlan1: Scanning for ap1-ssid
INFO     [2021-06-01 04:02:04,347]: *** sta1-wlan1: Scanning for ap1-ssid
INFO     [2021-06-01 04:02:11,193]: *** sta1-wlan1: Scanning for ap1-ssid
INFO     [2021-06-01 04:02:18,091]: *** sta1-wlan1: Scanning for ap1-ssid
INFO     [2021-06-01 04:02:25,011]: *** sta1-wlan1: Scanning for ap1-ssid
INFO     [2021-06-01 04:02:31,838]: *** sta1-wlan1: Scanning for ap1-ssid
INFO     [2021-06-01 04:02:38,716]: *** sta1-wlan1: Scanning for ap1-ssid
INFO     [2021-06-01 04:02:45,554]: *** sta1-wlan1: Scanning for ap1-ssid
INFO     [2021-06-01 04:02:52,437]: *** sta1-wlan1: Scanning for ap1-ssid
INFO     [2021-06-01 04:02:59,277]: *** sta1-wlan1: Scanning for ap1-ssid
INFO     [2021-06-01 04:03:06,118]: *** sta1-wlan1: Scanning for ap1-ssid
INFO     [2021-06-01 04:03:13,016]: *** sta1-wlan1: Scanning for ap1-ssid
INFO     [2021-06-01 04:03:19,923]: *** sta1-wlan1: Scanning for ap1-ssid
INFO     [2021-06-01 04:03:26,827]: *** sta1-wlan1: Scanning for ap1-ssid
INFO     [2021-06-01 04:03:33,720]: *** sta1-wlan1: Scanning for ap1-ssid
INFO     [2021-06-01 04:03:40,631]: *** sta1-wlan1: Scanning for ap1-ssid
INFO     [2021-06-01 04:03:47,647]: *** sta1-wlan1: Scanning for ap1-ssid
INFO     [2021-06-01 04:03:54,688]: *** sta1-wlan1: Scanning for ap1-ssid
INFO     [2021-06-01 04:04:01,554]: *** sta1-wlan1: Scanning for ap1-ssid
INFO     [2021-06-01 04:04:08,699]: *** sta1-wlan1: Scanning for ap1-ssid
INFO     [2021-06-01 04:04:15,664]: *** sta1-wlan1: Scanning for ap1-ssid
INFO     [2021-06-01 04:04:22,476]: *** sta1-wlan1: Scanning for ap1-ssid
INFO     [2021-06-01 04:04:29,437]: *** sta1-wlan1: Scanning for ap1-ssid
INFO     [2021-06-01 04:04:36,305]: *** sta1-wlan1: Scanning for ap1-ssid
INFO     [2021-06-01 04:04:43,275]: *** sta1-wlan1: Scanning for ap1-ssid
INFO     [2021-06-01 04:04:50,132]: *** sta1-wlan1: Scanning for ap1-ssid
INFO     [2021-06-01 04:04:56,996]: *** sta1-wlan1: Scanning for ap1-ssid
INFO     [2021-06-01 04:05:03,778]: *** sta1-wlan1: Scanning for ap1-ssid
INFO     [2021-06-01 04:05:10,632]: *** sta1-wlan1: Scanning for ap1-ssid
INFO     [2021-06-01 04:05:17,470]: *** sta1-wlan1: Scanning for ap1-ssid
INFO     [2021-06-01 04:05:24,382]: *** sta1-wlan1: Scanning for ap1-ssid
INFO     [2021-06-01 04:05:31,310]: *** sta1-wlan1: Scanning for ap1-ssid
INFO     [2021-06-01 04:05:38,176]: *** sta1-wlan1: Scanning for ap1-ssid
INFO     [2021-06-01 04:05:45,088]: *** sta1-wlan1: Scanning for ap1-ssid
INFO     [2021-06-01 04:05:52,056]: *** sta1-wlan1: Scanning for ap1-ssid
INFO     [2021-06-01 04:05:58,904]: *** sta1-wlan1: Scanning for ap1-ssid
INFO     [2021-06-01 04:06:05,695]: *** sta1-wlan1: Scanning for ap1-ssid
INFO     [2021-06-01 04:06:12,471]: *** sta1-wlan1: Scanning for ap1-ssid
INFO     [2021-06-01 04:06:19,397]: *** sta1-wlan1: Scanning for ap1-ssid
INFO     [2021-06-01 04:06:26,269]: *** sta1-wlan1: Scanning for ap1-ssid
INFO     [2021-06-01 04:06:33,052]: *** sta1-wlan1: Scanning for ap1-ssid
INFO     [2021-06-01 04:06:39,815]: *** sta1-wlan1: Scanning for ap1-ssid
INFO     [2021-06-01 04:06:46,631]: *** sta1-wlan1: Scanning for ap1-ssid
INFO     [2021-06-01 04:06:53,525]: *** sta1-wlan1: Scanning for ap1-ssid
INFO     [2021-06-01 04:07:00,352]: *** sta1-wlan1: Scanning for ap1-ssid
INFO     [2021-06-01 04:07:07,137]: *** sta1-wlan1: Scanning for ap1-ssid
INFO     [2021-06-01 04:07:13,952]: *** sta1-wlan1: Scanning for ap1-ssid
INFO     [2021-06-01 04:07:20,804]: *** sta1-wlan1: Scanning for ap1-ssid
INFO     [2021-06-01 04:07:27,755]: *** sta1-wlan1: Scanning for ap1-ssid
