INFO     [2021-06-01 04:15:56,715]: *** sta3-wlan0: Started flexible_sdn.py
INFO     [2021-06-01 04:15:56,718]: *** sta3: Interface: sta3-wlan0, Scan-interface: sta3-wlan1
INFO     [2021-06-01 04:17:59,479]: *** sta3-wlan1: Scanner started. Searching for ap1-ssid with interval 2.0
INFO     [2021-06-01 04:18:01,482]: *** sta3-wlan1: Scanning for ap1-ssid
INFO     [2021-06-01 04:18:02,497]: *** sta3-wlan1: Scan detected ap1-ssid in range (signal: -85.0 / -80.0)
INFO     [2021-06-01 04:18:03,505]: *** sta3-wlan1: Scan detected ap1-ssid in range (signal: -85.0 / -80.0)
INFO     [2021-06-01 04:18:04,513]: *** sta3-wlan1: Scan detected ap1-ssid in range (signal: -85.0 / -80.0)
INFO     [2021-06-01 04:18:05,521]: *** sta3-wlan1: Scan detected ap1-ssid in range (signal: -82.0 / -80.0)
INFO     [2021-06-01 04:18:06,534]: *** sta3-wlan1: Scan detected ap1-ssid in range (signal: -82.0 / -80.0)
INFO     [2021-06-01 04:18:07,262]: *** sta3-wlan1: Scanning for ap1-ssid
INFO     [2021-06-01 04:18:07,538]: *** sta3-wlan1: Scan detected ap1-ssid in range (signal: -85.0 / -80.0)
INFO     [2021-06-01 04:18:08,544]: *** sta3-wlan1: Scan detected ap1-ssid in range (signal: -85.0 / -80.0)
INFO     [2021-06-01 04:18:09,549]: *** sta3-wlan1: Scan detected ap1-ssid in range (signal: -85.0 / -80.0)
INFO     [2021-06-01 04:18:10,559]: *** sta3-wlan1: Scan detected ap1-ssid in range (signal: -85.0 / -80.0)
INFO     [2021-06-01 04:18:11,570]: *** sta3-wlan1: Scan detected ap1-ssid in range (signal: -85.0 / -80.0)
INFO     [2021-06-01 04:18:12,594]: *** sta3-wlan1: Scan detected ap1-ssid in range (signal: -85.0 / -80.0)
INFO     [2021-06-01 04:18:13,038]: *** sta3-wlan1: Scanning for ap1-ssid
INFO     [2021-06-01 04:18:13,601]: *** sta3-wlan1: Scan detected ap1-ssid in range (signal: -86.0 / -80.0)
INFO     [2021-06-01 04:18:14,606]: *** sta3-wlan1: Scan detected ap1-ssid in range (signal: -86.0 / -80.0)
INFO     [2021-06-01 04:18:15,611]: *** sta3-wlan1: Scan detected ap1-ssid in range (signal: -86.0 / -80.0)
INFO     [2021-06-01 04:18:16,617]: *** sta3-wlan1: Scan detected ap1-ssid in range (signal: -86.0 / -80.0)
INFO     [2021-06-01 04:18:17,622]: *** sta3-wlan1: Scan detected ap1-ssid in range (signal: -86.0 / -80.0)
INFO     [2021-06-01 04:18:18,627]: *** sta3-wlan1: Scan detected ap1-ssid in range (signal: -86.0 / -80.0)
INFO     [2021-06-01 04:18:18,924]: *** sta3-wlan1: Scanning for ap1-ssid
INFO     [2021-06-01 04:18:19,633]: *** sta3-wlan1: Scan detected ap1-ssid in range (signal: -87.0 / -80.0)
INFO     [2021-06-01 04:18:20,638]: *** sta3-wlan1: Scan detected ap1-ssid in range (signal: -87.0 / -80.0)
INFO     [2021-06-01 04:18:21,642]: *** sta3-wlan1: Scan detected ap1-ssid in range (signal: -87.0 / -80.0)
INFO     [2021-06-01 04:18:22,650]: *** sta3-wlan1: Scan detected ap1-ssid in range (signal: -87.0 / -80.0)
INFO     [2021-06-01 04:18:23,654]: *** sta3-wlan1: Scan detected ap1-ssid in range (signal: -87.0 / -80.0)
INFO     [2021-06-01 04:18:24,661]: *** sta3-wlan1: Scan detected ap1-ssid in range (signal: -87.0 / -80.0)
INFO     [2021-06-01 04:18:24,697]: *** sta3-wlan1: Scanning for ap1-ssid
INFO     [2021-06-01 04:18:25,666]: *** sta3-wlan1: Scan detected ap1-ssid in range (signal: -90.0 / -80.0)
INFO     [2021-06-01 04:18:26,673]: *** sta3-wlan1: Scan detected ap1-ssid in range (signal: -90.0 / -80.0)
INFO     [2021-06-01 04:18:27,678]: *** sta3-wlan1: Scan detected ap1-ssid in range (signal: -90.0 / -80.0)
INFO     [2021-06-01 04:18:28,682]: *** sta3-wlan1: Scan detected ap1-ssid in range (signal: -90.0 / -80.0)
INFO     [2021-06-01 04:18:29,687]: *** sta3-wlan1: Scan detected ap1-ssid in range (signal: -90.0 / -80.0)
INFO     [2021-06-01 04:18:30,658]: *** sta3-wlan1: Scanning for ap1-ssid
INFO     [2021-06-01 04:18:30,692]: *** sta3-wlan1: Scan detected ap1-ssid in range (signal: -90.0 / -80.0)
INFO     [2021-06-01 04:18:31,697]: *** sta3-wlan1: Scan detected ap1-ssid in range (signal: -87.0 / -80.0)
INFO     [2021-06-01 04:18:32,701]: *** sta3-wlan1: Scan detected ap1-ssid in range (signal: -87.0 / -80.0)
INFO     [2021-06-01 04:18:33,708]: *** sta3-wlan1: Scan detected ap1-ssid in range (signal: -87.0 / -80.0)
INFO     [2021-06-01 04:18:34,713]: *** sta3-wlan1: Scan detected ap1-ssid in range (signal: -87.0 / -80.0)
INFO     [2021-06-01 04:18:35,718]: *** sta3-wlan1: Scan detected ap1-ssid in range (signal: -87.0 / -80.0)
INFO     [2021-06-01 04:18:36,423]: *** sta3-wlan1: Scanning for ap1-ssid
INFO     [2021-06-01 04:18:36,723]: *** sta3-wlan1: Scan detected ap1-ssid in range (signal: -88.0 / -80.0)
INFO     [2021-06-01 04:18:37,728]: *** sta3-wlan1: Scan detected ap1-ssid in range (signal: -88.0 / -80.0)
INFO     [2021-06-01 04:18:38,737]: *** sta3-wlan1: Scan detected ap1-ssid in range (signal: -88.0 / -80.0)
INFO     [2021-06-01 04:18:39,760]: *** sta3-wlan1: Scan detected ap1-ssid in range (signal: -88.0 / -80.0)
INFO     [2021-06-01 04:18:40,766]: *** sta3-wlan1: Scan detected ap1-ssid in range (signal: -88.0 / -80.0)
INFO     [2021-06-01 04:18:41,770]: *** sta3-wlan1: Scan detected ap1-ssid in range (signal: -88.0 / -80.0)
INFO     [2021-06-01 04:18:42,198]: *** sta3-wlan1: Scanning for ap1-ssid
INFO     [2021-06-01 04:18:42,774]: *** sta3-wlan1: Scan detected ap1-ssid in range (signal: -88.0 / -80.0)
INFO     [2021-06-01 04:18:43,782]: *** sta3-wlan1: Scan detected ap1-ssid in range (signal: -88.0 / -80.0)
INFO     [2021-06-01 04:18:44,786]: *** sta3-wlan1: Scan detected ap1-ssid in range (signal: -88.0 / -80.0)
INFO     [2021-06-01 04:18:45,807]: *** sta3-wlan1: Scan detected ap1-ssid in range (signal: -88.0 / -80.0)
INFO     [2021-06-01 04:18:46,813]: *** sta3-wlan1: Scan detected ap1-ssid in range (signal: -88.0 / -80.0)
INFO     [2021-06-01 04:18:47,817]: *** sta3-wlan1: Scan detected ap1-ssid in range (signal: -88.0 / -80.0)
INFO     [2021-06-01 04:18:47,944]: *** sta3-wlan1: Scanning for ap1-ssid
INFO     [2021-06-01 04:18:48,822]: *** sta3-wlan1: Scan detected ap1-ssid in range (signal: -88.0 / -80.0)
INFO     [2021-06-01 04:18:49,825]: *** sta3-wlan1: Scan detected ap1-ssid in range (signal: -88.0 / -80.0)
INFO     [2021-06-01 04:18:50,830]: *** sta3-wlan1: Scan detected ap1-ssid in range (signal: -88.0 / -80.0)
INFO     [2021-06-01 04:18:51,834]: *** sta3-wlan1: Scan detected ap1-ssid in range (signal: -88.0 / -80.0)
INFO     [2021-06-01 04:18:52,838]: *** sta3-wlan1: Scan detected ap1-ssid in range (signal: -88.0 / -80.0)
INFO     [2021-06-01 04:18:53,770]: *** sta3-wlan1: Scanning for ap1-ssid
INFO     [2021-06-01 04:18:53,842]: *** sta3-wlan1: Scan detected ap1-ssid in range (signal: -88.0 / -80.0)
INFO     [2021-06-01 04:18:54,847]: *** sta3-wlan1: Scan detected ap1-ssid in range (signal: -88.0 / -80.0)
INFO     [2021-06-01 04:18:55,852]: *** sta3-wlan1: Scan detected ap1-ssid in range (signal: -88.0 / -80.0)
INFO     [2021-06-01 04:18:56,857]: *** sta3-wlan1: Scan detected ap1-ssid in range (signal: -88.0 / -80.0)
INFO     [2021-06-01 04:18:57,865]: *** sta3-wlan1: Scan detected ap1-ssid in range (signal: -88.0 / -80.0)
INFO     [2021-06-01 04:18:58,871]: *** sta3-wlan1: Scan detected ap1-ssid in range (signal: -88.0 / -80.0)
INFO     [2021-06-01 04:18:59,866]: *** sta3-wlan1: Scanning for ap1-ssid
INFO     [2021-06-01 04:18:59,876]: *** sta3-wlan1: Scan detected ap1-ssid in range (signal: -88.0 / -80.0)
INFO     [2021-06-01 04:19:00,880]: *** sta3-wlan1: Scan detected ap1-ssid in range (signal: -88.0 / -80.0)
INFO     [2021-06-01 04:19:01,890]: *** sta3-wlan1: Scan detected ap1-ssid in range (signal: -88.0 / -80.0)
INFO     [2021-06-01 04:19:02,894]: *** sta3-wlan1: Scan detected ap1-ssid in range (signal: -88.0 / -80.0)
INFO     [2021-06-01 04:19:03,898]: *** sta3-wlan1: Scan detected ap1-ssid in range (signal: -88.0 / -80.0)
INFO     [2021-06-01 04:19:04,909]: *** sta3-wlan1: Scan detected ap1-ssid in range (signal: -88.0 / -80.0)
INFO     [2021-06-01 04:19:05,675]: *** sta3-wlan1: Scanning for ap1-ssid
INFO     [2021-06-01 04:19:05,915]: *** sta3-wlan1: Scan detected ap1-ssid in range (signal: -88.0 / -80.0)
INFO     [2021-06-01 04:19:06,948]: *** sta3-wlan1: Scan detected ap1-ssid in range (signal: -88.0 / -80.0)
INFO     [2021-06-01 04:19:07,953]: *** sta3-wlan1: Scan detected ap1-ssid in range (signal: -88.0 / -80.0)
INFO     [2021-06-01 04:19:08,957]: *** sta3-wlan1: Scan detected ap1-ssid in range (signal: -88.0 / -80.0)
INFO     [2021-06-01 04:19:09,962]: *** sta3-wlan1: Scan detected ap1-ssid in range (signal: -88.0 / -80.0)
INFO     [2021-06-01 04:19:11,551]: *** sta3-wlan1: Scanning for ap1-ssid
INFO     [2021-06-01 04:19:17,366]: *** sta3-wlan1: Scanning for ap1-ssid
INFO     [2021-06-01 04:19:23,199]: *** sta3-wlan1: Scanning for ap1-ssid
INFO     [2021-06-01 04:19:29,239]: *** sta3-wlan1: Scanning for ap1-ssid
INFO     [2021-06-01 04:19:35,133]: *** sta3-wlan1: Scanning for ap1-ssid
INFO     [2021-06-01 04:19:40,991]: *** sta3-wlan1: Scanning for ap1-ssid
INFO     [2021-06-01 04:19:46,809]: *** sta3-wlan1: Scanning for ap1-ssid
INFO     [2021-06-01 04:19:52,630]: *** sta3-wlan1: Scanning for ap1-ssid
INFO     [2021-06-01 04:19:58,369]: *** sta3-wlan1: Scanning for ap1-ssid
INFO     [2021-06-01 04:20:04,279]: *** sta3-wlan1: Scanning for ap1-ssid
INFO     [2021-06-01 04:20:10,442]: *** sta3-wlan1: Scanning for ap1-ssid
INFO     [2021-06-01 04:20:16,310]: *** sta3-wlan1: Scanning for ap1-ssid
INFO     [2021-06-01 04:20:22,114]: *** sta3-wlan1: Scanning for ap1-ssid
INFO     [2021-06-01 04:20:27,942]: *** sta3-wlan1: Scanning for ap1-ssid
INFO     [2021-06-01 04:20:33,809]: *** sta3-wlan1: Scanning for ap1-ssid
INFO     [2021-06-01 04:20:39,626]: *** sta3-wlan1: Scanning for ap1-ssid
INFO     [2021-06-01 04:20:45,474]: *** sta3-wlan1: Scanning for ap1-ssid
INFO     [2021-06-01 04:20:51,274]: *** sta3-wlan1: Scanning for ap1-ssid
INFO     [2021-06-01 04:20:57,162]: *** sta3-wlan1: Scanning for ap1-ssid
INFO     [2021-06-01 04:21:03,005]: *** sta3-wlan1: Scanning for ap1-ssid
INFO     [2021-06-01 04:21:08,818]: *** sta3-wlan1: Scanning for ap1-ssid
INFO     [2021-06-01 04:21:14,789]: *** sta3-wlan1: Scanning for ap1-ssid
INFO     [2021-06-01 04:21:20,643]: *** sta3-wlan1: Scanning for ap1-ssid
INFO     [2021-06-01 04:21:26,442]: *** sta3-wlan1: Scanning for ap1-ssid
INFO     [2021-06-01 04:21:26,993]: *** sta3-wlan1: Scan detected ap1-ssid in range (signal: -90.0 / -80.0)
INFO     [2021-06-01 04:21:28,000]: *** sta3-wlan1: Scan detected ap1-ssid in range (signal: -90.0 / -80.0)
INFO     [2021-06-01 04:21:29,008]: *** sta3-wlan1: Scan detected ap1-ssid in range (signal: -90.0 / -80.0)
INFO     [2021-06-01 04:21:30,012]: *** sta3-wlan1: Scan detected ap1-ssid in range (signal: -90.0 / -80.0)
INFO     [2021-06-01 04:21:31,020]: *** sta3-wlan1: Scan detected ap1-ssid in range (signal: -90.0 / -80.0)
INFO     [2021-06-01 04:21:32,025]: *** sta3-wlan1: Scan detected ap1-ssid in range (signal: -90.0 / -80.0)
INFO     [2021-06-01 04:21:32,285]: *** sta3-wlan1: Scanning for ap1-ssid
INFO     [2021-06-01 04:21:33,029]: *** sta3-wlan1: Scan detected ap1-ssid in range (signal: -90.0 / -80.0)
INFO     [2021-06-01 04:21:34,034]: *** sta3-wlan1: Scan detected ap1-ssid in range (signal: -90.0 / -80.0)
INFO     [2021-06-01 04:21:35,038]: *** sta3-wlan1: Scan detected ap1-ssid in range (signal: -90.0 / -80.0)
INFO     [2021-06-01 04:21:36,055]: *** sta3-wlan1: Scan detected ap1-ssid in range (signal: -90.0 / -80.0)
INFO     [2021-06-01 04:21:37,062]: *** sta3-wlan1: Scan detected ap1-ssid in range (signal: -90.0 / -80.0)
INFO     [2021-06-01 04:21:38,057]: *** sta3-wlan1: Scanning for ap1-ssid
INFO     [2021-06-01 04:21:38,065]: *** sta3-wlan1: Scan detected ap1-ssid in range (signal: -90.0 / -80.0)
INFO     [2021-06-01 04:21:39,073]: *** sta3-wlan1: Scan detected ap1-ssid in range (signal: -90.0 / -80.0)
INFO     [2021-06-01 04:21:40,081]: *** sta3-wlan1: Scan detected ap1-ssid in range (signal: -90.0 / -80.0)
INFO     [2021-06-01 04:21:41,089]: *** sta3-wlan1: Scan detected ap1-ssid in range (signal: -90.0 / -80.0)
INFO     [2021-06-01 04:21:42,098]: *** sta3-wlan1: Scan detected ap1-ssid in range (signal: -90.0 / -80.0)
INFO     [2021-06-01 04:21:43,105]: *** sta3-wlan1: Scan detected ap1-ssid in range (signal: -90.0 / -80.0)
INFO     [2021-06-01 04:21:43,964]: *** sta3-wlan1: Scanning for ap1-ssid
INFO     [2021-06-01 04:21:44,113]: *** sta3-wlan1: Scan detected ap1-ssid in range (signal: -90.0 / -80.0)
INFO     [2021-06-01 04:21:45,121]: *** sta3-wlan1: Scan detected ap1-ssid in range (signal: -90.0 / -80.0)
INFO     [2021-06-01 04:21:46,126]: *** sta3-wlan1: Scan detected ap1-ssid in range (signal: -90.0 / -80.0)
INFO     [2021-06-01 04:21:47,130]: *** sta3-wlan1: Scan detected ap1-ssid in range (signal: -90.0 / -80.0)
INFO     [2021-06-01 04:21:48,134]: *** sta3-wlan1: Scan detected ap1-ssid in range (signal: -90.0 / -80.0)
INFO     [2021-06-01 04:21:49,138]: *** sta3-wlan1: Scan detected ap1-ssid in range (signal: -90.0 / -80.0)
INFO     [2021-06-01 04:21:49,782]: *** sta3-wlan1: Scanning for ap1-ssid
INFO     [2021-06-01 04:21:50,142]: *** sta3-wlan1: Scan detected ap1-ssid in range (signal: -90.0 / -80.0)
INFO     [2021-06-01 04:21:51,146]: *** sta3-wlan1: Scan detected ap1-ssid in range (signal: -90.0 / -80.0)
INFO     [2021-06-01 04:21:52,153]: *** sta3-wlan1: Scan detected ap1-ssid in range (signal: -90.0 / -80.0)
INFO     [2021-06-01 04:21:53,160]: *** sta3-wlan1: Scan detected ap1-ssid in range (signal: -90.0 / -80.0)
INFO     [2021-06-01 04:21:54,165]: *** sta3-wlan1: Scan detected ap1-ssid in range (signal: -90.0 / -80.0)
INFO     [2021-06-01 04:21:55,172]: *** sta3-wlan1: Scan detected ap1-ssid in range (signal: -90.0 / -80.0)
INFO     [2021-06-01 04:21:55,579]: *** sta3-wlan1: Scanning for ap1-ssid
INFO     [2021-06-01 04:21:56,178]: *** sta3-wlan1: Scan detected ap1-ssid in range (signal: -90.0 / -80.0)
INFO     [2021-06-01 04:22:01,386]: *** sta3-wlan1: Scanning for ap1-ssid
INFO     [2021-06-01 04:22:07,383]: *** sta3-wlan1: Scanning for ap1-ssid
INFO     [2021-06-01 04:22:13,845]: *** sta3-wlan1: Scanning for ap1-ssid
INFO     [2021-06-01 04:22:19,625]: *** sta3-wlan1: Scanning for ap1-ssid
INFO     [2021-06-01 04:22:25,434]: *** sta3-wlan1: Scanning for ap1-ssid
INFO     [2021-06-01 04:22:31,237]: *** sta3-wlan1: Scanning for ap1-ssid
INFO     [2021-06-01 04:22:37,338]: *** sta3-wlan1: Scanning for ap1-ssid
INFO     [2021-06-01 04:22:43,235]: *** sta3-wlan1: Scanning for ap1-ssid
INFO     [2021-06-01 04:22:49,249]: *** sta3-wlan1: Scanning for ap1-ssid
INFO     [2021-06-01 04:22:55,343]: *** sta3-wlan1: Scanning for ap1-ssid
INFO     [2021-06-01 04:23:01,122]: *** sta3-wlan1: Scanning for ap1-ssid
INFO     [2021-06-01 04:23:01,906]: *** sta3-wlan1: Scan detected ap1-ssid in range (signal: -89.0 / -80.0)
INFO     [2021-06-01 04:23:02,910]: *** sta3-wlan1: Scan detected ap1-ssid in range (signal: -89.0 / -80.0)
INFO     [2021-06-01 04:23:03,921]: *** sta3-wlan1: Scan detected ap1-ssid in range (signal: -89.0 / -80.0)
INFO     [2021-06-01 04:23:04,927]: *** sta3-wlan1: Scan detected ap1-ssid in range (signal: -89.0 / -80.0)
INFO     [2021-06-01 04:23:05,932]: *** sta3-wlan1: Scan detected ap1-ssid in range (signal: -89.0 / -80.0)
INFO     [2021-06-01 04:23:06,878]: *** sta3-wlan1: Scanning for ap1-ssid
INFO     [2021-06-01 04:23:06,938]: *** sta3-wlan1: Scan detected ap1-ssid in range (signal: -89.0 / -80.0)
INFO     [2021-06-01 04:23:07,942]: *** sta3-wlan1: Scan detected ap1-ssid in range (signal: -89.0 / -80.0)
INFO     [2021-06-01 04:23:08,946]: *** sta3-wlan1: Scan detected ap1-ssid in range (signal: -89.0 / -80.0)
INFO     [2021-06-01 04:23:09,952]: *** sta3-wlan1: Scan detected ap1-ssid in range (signal: -89.0 / -80.0)
INFO     [2021-06-01 04:23:10,957]: *** sta3-wlan1: Scan detected ap1-ssid in range (signal: -89.0 / -80.0)
INFO     [2021-06-01 04:23:11,961]: *** sta3-wlan1: Scan detected ap1-ssid in range (signal: -89.0 / -80.0)
INFO     [2021-06-01 04:23:12,636]: *** sta3-wlan1: Scanning for ap1-ssid
INFO     [2021-06-01 04:23:12,966]: *** sta3-wlan1: Scan detected ap1-ssid in range (signal: -89.0 / -80.0)
INFO     [2021-06-01 04:23:13,971]: *** sta3-wlan1: Scan detected ap1-ssid in range (signal: -89.0 / -80.0)
INFO     [2021-06-01 04:23:14,979]: *** sta3-wlan1: Scan detected ap1-ssid in range (signal: -89.0 / -80.0)
INFO     [2021-06-01 04:23:15,986]: *** sta3-wlan1: Scan detected ap1-ssid in range (signal: -89.0 / -80.0)
INFO     [2021-06-01 04:23:16,993]: *** sta3-wlan1: Scan detected ap1-ssid in range (signal: -89.0 / -80.0)
INFO     [2021-06-01 04:23:18,000]: *** sta3-wlan1: Scan detected ap1-ssid in range (signal: -89.0 / -80.0)
INFO     [2021-06-01 04:23:18,997]: *** sta3-wlan1: Scanning for ap1-ssid
INFO     [2021-06-01 04:23:19,004]: *** sta3-wlan1: Scan detected ap1-ssid in range (signal: -89.0 / -80.0)
INFO     [2021-06-01 04:23:20,009]: *** sta3-wlan1: Scan detected ap1-ssid in range (signal: -89.0 / -80.0)
INFO     [2021-06-01 04:23:21,014]: *** sta3-wlan1: Scan detected ap1-ssid in range (signal: -89.0 / -80.0)
INFO     [2021-06-01 04:23:22,024]: *** sta3-wlan1: Scan detected ap1-ssid in range (signal: -89.0 / -80.0)
INFO     [2021-06-01 04:23:23,036]: *** sta3-wlan1: Scan detected ap1-ssid in range (signal: -89.0 / -80.0)
INFO     [2021-06-01 04:23:24,042]: *** sta3-wlan1: Scan detected ap1-ssid in range (signal: -89.0 / -80.0)
INFO     [2021-06-01 04:23:24,781]: *** sta3-wlan1: Scanning for ap1-ssid
INFO     [2021-06-01 04:23:25,046]: *** sta3-wlan1: Scan detected ap1-ssid in range (signal: -88.0 / -80.0)
INFO     [2021-06-01 04:23:26,059]: *** sta3-wlan1: Scan detected ap1-ssid in range (signal: -88.0 / -80.0)
INFO     [2021-06-01 04:23:27,065]: *** sta3-wlan1: Scan detected ap1-ssid in range (signal: -88.0 / -80.0)
INFO     [2021-06-01 04:23:28,070]: *** sta3-wlan1: Scan detected ap1-ssid in range (signal: -88.0 / -80.0)
INFO     [2021-06-01 04:23:29,074]: *** sta3-wlan1: Scan detected ap1-ssid in range (signal: -88.0 / -80.0)
INFO     [2021-06-01 04:23:30,079]: *** sta3-wlan1: Scan detected ap1-ssid in range (signal: -88.0 / -80.0)
INFO     [2021-06-01 04:23:30,782]: *** sta3-wlan1: Scanning for ap1-ssid
INFO     [2021-06-01 04:23:31,085]: *** sta3-wlan1: Scan detected ap1-ssid in range (signal: -88.0 / -80.0)
INFO     [2021-06-01 04:23:32,089]: *** sta3-wlan1: Scan detected ap1-ssid in range (signal: -88.0 / -80.0)
INFO     [2021-06-01 04:23:33,100]: *** sta3-wlan1: Scan detected ap1-ssid in range (signal: -88.0 / -80.0)
INFO     [2021-06-01 04:23:34,108]: *** sta3-wlan1: Scan detected ap1-ssid in range (signal: -88.0 / -80.0)
INFO     [2021-06-01 04:23:35,112]: *** sta3-wlan1: Scan detected ap1-ssid in range (signal: -88.0 / -80.0)
INFO     [2021-06-01 04:23:36,116]: *** sta3-wlan1: Scan detected ap1-ssid in range (signal: -88.0 / -80.0)
INFO     [2021-06-01 04:23:36,570]: *** sta3-wlan1: Scanning for ap1-ssid
INFO     [2021-06-01 04:23:37,120]: *** sta3-wlan1: Scan detected ap1-ssid in range (signal: -88.0 / -80.0)
INFO     [2021-06-01 04:23:38,137]: *** sta3-wlan1: Scan detected ap1-ssid in range (signal: -88.0 / -80.0)
INFO     [2021-06-01 04:23:39,142]: *** sta3-wlan1: Scan detected ap1-ssid in range (signal: -88.0 / -80.0)
INFO     [2021-06-01 04:23:40,147]: *** sta3-wlan1: Scan detected ap1-ssid in range (signal: -88.0 / -80.0)
INFO     [2021-06-01 04:23:41,155]: *** sta3-wlan1: Scan detected ap1-ssid in range (signal: -88.0 / -80.0)
INFO     [2021-06-01 04:23:42,163]: *** sta3-wlan1: Scan detected ap1-ssid in range (signal: -88.0 / -80.0)
INFO     [2021-06-01 04:23:42,687]: *** sta3-wlan1: Scanning for ap1-ssid
INFO     [2021-06-01 04:23:43,170]: *** sta3-wlan1: Scan detected ap1-ssid in range (signal: -88.0 / -80.0)
INFO     [2021-06-01 04:23:44,176]: *** sta3-wlan1: Scan detected ap1-ssid in range (signal: -88.0 / -80.0)
INFO     [2021-06-01 04:23:45,181]: *** sta3-wlan1: Scan detected ap1-ssid in range (signal: -88.0 / -80.0)
INFO     [2021-06-01 04:23:46,194]: *** sta3-wlan1: Scan detected ap1-ssid in range (signal: -88.0 / -80.0)
INFO     [2021-06-01 04:23:47,200]: *** sta3-wlan1: Scan detected ap1-ssid in range (signal: -88.0 / -80.0)
INFO     [2021-06-01 04:23:48,204]: *** sta3-wlan1: Scan detected ap1-ssid in range (signal: -88.0 / -80.0)
INFO     [2021-06-01 04:23:48,550]: *** sta3-wlan1: Scanning for ap1-ssid
INFO     [2021-06-01 04:23:49,212]: *** sta3-wlan1: Scan detected ap1-ssid in range (signal: -88.0 / -80.0)
INFO     [2021-06-01 04:23:50,221]: *** sta3-wlan1: Scan detected ap1-ssid in range (signal: -88.0 / -80.0)
INFO     [2021-06-01 04:23:51,228]: *** sta3-wlan1: Scan detected ap1-ssid in range (signal: -88.0 / -80.0)
INFO     [2021-06-01 04:23:52,233]: *** sta3-wlan1: Scan detected ap1-ssid in range (signal: -88.0 / -80.0)
INFO     [2021-06-01 04:23:53,246]: *** sta3-wlan1: Scan detected ap1-ssid in range (signal: -88.0 / -80.0)
INFO     [2021-06-01 04:23:54,256]: *** sta3-wlan1: Scan detected ap1-ssid in range (signal: -88.0 / -80.0)
INFO     [2021-06-01 04:23:54,360]: *** sta3-wlan1: Scanning for ap1-ssid
INFO     [2021-06-01 04:24:00,113]: *** sta3-wlan1: Scanning for ap1-ssid
INFO     [2021-06-01 04:24:05,918]: *** sta3-wlan1: Scanning for ap1-ssid
INFO     [2021-06-01 04:24:11,665]: *** sta3-wlan1: Scanning for ap1-ssid
INFO     [2021-06-01 04:24:12,369]: *** sta3-wlan1: Scan detected ap1-ssid in range (signal: -87.0 / -80.0)
INFO     [2021-06-01 04:24:13,377]: *** sta3-wlan1: Scan detected ap1-ssid in range (signal: -87.0 / -80.0)
INFO     [2021-06-01 04:24:14,381]: *** sta3-wlan1: Scan detected ap1-ssid in range (signal: -87.0 / -80.0)
INFO     [2021-06-01 04:24:15,385]: *** sta3-wlan1: Scan detected ap1-ssid in range (signal: -87.0 / -80.0)
INFO     [2021-06-01 04:24:16,390]: *** sta3-wlan1: Scan detected ap1-ssid in range (signal: -87.0 / -80.0)
INFO     [2021-06-01 04:24:17,395]: *** sta3-wlan1: Scan detected ap1-ssid in range (signal: -87.0 / -80.0)
INFO     [2021-06-01 04:24:17,434]: *** sta3-wlan1: Scanning for ap1-ssid
INFO     [2021-06-01 04:24:18,400]: *** sta3-wlan1: Scan detected ap1-ssid in range (signal: -89.0 / -80.0)
INFO     [2021-06-01 04:24:19,404]: *** sta3-wlan1: Scan detected ap1-ssid in range (signal: -89.0 / -80.0)
INFO     [2021-06-01 04:24:20,409]: *** sta3-wlan1: Scan detected ap1-ssid in range (signal: -89.0 / -80.0)
INFO     [2021-06-01 04:24:21,413]: *** sta3-wlan1: Scan detected ap1-ssid in range (signal: -89.0 / -80.0)
INFO     [2021-06-01 04:24:22,418]: *** sta3-wlan1: Scan detected ap1-ssid in range (signal: -89.0 / -80.0)
INFO     [2021-06-01 04:24:23,197]: *** sta3-wlan1: Scanning for ap1-ssid
INFO     [2021-06-01 04:24:23,424]: *** sta3-wlan1: Scan detected ap1-ssid in range (signal: -88.0 / -80.0)
INFO     [2021-06-01 04:24:24,439]: *** sta3-wlan1: Scan detected ap1-ssid in range (signal: -88.0 / -80.0)
INFO     [2021-06-01 04:24:25,451]: *** sta3-wlan1: Scan detected ap1-ssid in range (signal: -88.0 / -80.0)
INFO     [2021-06-01 04:24:26,456]: *** sta3-wlan1: Scan detected ap1-ssid in range (signal: -88.0 / -80.0)
INFO     [2021-06-01 04:24:27,462]: *** sta3-wlan1: Scan detected ap1-ssid in range (signal: -88.0 / -80.0)
INFO     [2021-06-01 04:24:28,472]: *** sta3-wlan1: Scan detected ap1-ssid in range (signal: -88.0 / -80.0)
INFO     [2021-06-01 04:24:29,221]: *** sta3-wlan1: Scanning for ap1-ssid
INFO     [2021-06-01 04:24:29,477]: *** sta3-wlan1: Scan detected ap1-ssid in range (signal: -89.0 / -80.0)
INFO     [2021-06-01 04:24:30,523]: *** sta3-wlan1: Scan detected ap1-ssid in range (signal: -89.0 / -80.0)
INFO     [2021-06-01 04:24:31,530]: *** sta3-wlan1: Scan detected ap1-ssid in range (signal: -89.0 / -80.0)
INFO     [2021-06-01 04:24:32,536]: *** sta3-wlan1: Scan detected ap1-ssid in range (signal: -89.0 / -80.0)
INFO     [2021-06-01 04:24:33,545]: *** sta3-wlan1: Scan detected ap1-ssid in range (signal: -89.0 / -80.0)
INFO     [2021-06-01 04:24:34,551]: *** sta3-wlan1: Scan detected ap1-ssid in range (signal: -89.0 / -80.0)
INFO     [2021-06-01 04:24:34,985]: *** sta3-wlan1: Scanning for ap1-ssid
INFO     [2021-06-01 04:24:35,556]: *** sta3-wlan1: Scan detected ap1-ssid in range (signal: -86.0 / -80.0)
INFO     [2021-06-01 04:24:36,562]: *** sta3-wlan1: Scan detected ap1-ssid in range (signal: -86.0 / -80.0)
INFO     [2021-06-01 04:24:37,576]: *** sta3-wlan1: Scan detected ap1-ssid in range (signal: -86.0 / -80.0)
INFO     [2021-06-01 04:24:38,585]: *** sta3-wlan1: Scan detected ap1-ssid in range (signal: -86.0 / -80.0)
INFO     [2021-06-01 04:24:39,590]: *** sta3-wlan1: Scan detected ap1-ssid in range (signal: -86.0 / -80.0)
INFO     [2021-06-01 04:24:40,595]: *** sta3-wlan1: Scan detected ap1-ssid in range (signal: -86.0 / -80.0)
INFO     [2021-06-01 04:24:40,909]: *** sta3-wlan1: Scanning for ap1-ssid
INFO     [2021-06-01 04:24:41,601]: *** sta3-wlan1: Scan detected ap1-ssid in range (signal: -86.0 / -80.0)
INFO     [2021-06-01 04:24:42,606]: *** sta3-wlan1: Scan detected ap1-ssid in range (signal: -86.0 / -80.0)
INFO     [2021-06-01 04:24:43,611]: *** sta3-wlan1: Scan detected ap1-ssid in range (signal: -86.0 / -80.0)
INFO     [2021-06-01 04:24:44,616]: *** sta3-wlan1: Scan detected ap1-ssid in range (signal: -86.0 / -80.0)
INFO     [2021-06-01 04:24:45,623]: *** sta3-wlan1: Scan detected ap1-ssid in range (signal: -86.0 / -80.0)
INFO     [2021-06-01 04:24:46,630]: *** sta3-wlan1: Scan detected ap1-ssid in range (signal: -86.0 / -80.0)
INFO     [2021-06-01 04:24:46,682]: *** sta3-wlan1: Scanning for ap1-ssid
INFO     [2021-06-01 04:24:47,639]: *** sta3-wlan1: Scan detected ap1-ssid in range (signal: -86.0 / -80.0)
INFO     [2021-06-01 04:24:48,787]: *** sta3-wlan1: Scan detected ap1-ssid in range (signal: -86.0 / -80.0)
INFO     [2021-06-01 04:24:49,792]: *** sta3-wlan1: Scan detected ap1-ssid in range (signal: -86.0 / -80.0)
INFO     [2021-06-01 04:24:50,803]: *** sta3-wlan1: Scan detected ap1-ssid in range (signal: -86.0 / -80.0)
INFO     [2021-06-01 04:24:51,810]: *** sta3-wlan1: Scan detected ap1-ssid in range (signal: -86.0 / -80.0)
INFO     [2021-06-01 04:24:52,582]: *** sta3-wlan1: Scanning for ap1-ssid
INFO     [2021-06-01 04:24:52,817]: *** sta3-wlan1: Scan detected ap1-ssid in range (signal: -83.0 / -80.0)
INFO     [2021-06-01 04:24:53,822]: *** sta3-wlan1: Scan detected ap1-ssid in range (signal: -83.0 / -80.0)
INFO     [2021-06-01 04:24:54,827]: *** sta3-wlan1: Scan detected ap1-ssid in range (signal: -83.0 / -80.0)
INFO     [2021-06-01 04:24:55,833]: *** sta3-wlan1: Scan detected ap1-ssid in range (signal: -83.0 / -80.0)
INFO     [2021-06-01 04:24:56,840]: *** sta3-wlan1: Scan detected ap1-ssid in range (signal: -83.0 / -80.0)
INFO     [2021-06-01 04:24:57,846]: *** sta3-wlan1: Scan detected ap1-ssid in range (signal: -83.0 / -80.0)
INFO     [2021-06-01 04:24:58,386]: *** sta3-wlan1: Scanning for ap1-ssid
INFO     [2021-06-01 04:24:58,851]: *** sta3-wlan1: Scan detected ap1-ssid in range (signal: -84.0 / -80.0)
INFO     [2021-06-01 04:24:59,857]: *** sta3-wlan1: Scan detected ap1-ssid in range (signal: -84.0 / -80.0)
INFO     [2021-06-01 04:25:00,873]: *** sta3-wlan1: Scan detected ap1-ssid in range (signal: -84.0 / -80.0)
INFO     [2021-06-01 04:25:01,913]: *** sta3-wlan1: Scan detected ap1-ssid in range (signal: -84.0 / -80.0)
INFO     [2021-06-01 04:25:02,950]: *** sta3-wlan1: Scan detected ap1-ssid in range (signal: -84.0 / -80.0)
INFO     [2021-06-01 04:25:03,955]: *** sta3-wlan1: Scan detected ap1-ssid in range (signal: -84.0 / -80.0)
INFO     [2021-06-01 04:25:04,254]: *** sta3-wlan1: Scanning for ap1-ssid
INFO     [2021-06-01 04:25:04,973]: *** sta3-wlan1: Scan detected ap1-ssid in range (signal: -82.0 / -80.0)
INFO     [2021-06-01 04:25:05,979]: *** sta3-wlan1: Scan detected ap1-ssid in range (signal: -82.0 / -80.0)
INFO     [2021-06-01 04:25:06,985]: *** sta3-wlan1: Scan detected ap1-ssid in range (signal: -82.0 / -80.0)
INFO     [2021-06-01 04:25:07,991]: *** sta3-wlan1: Scan detected ap1-ssid in range (signal: -82.0 / -80.0)
INFO     [2021-06-01 04:25:08,997]: *** sta3-wlan1: Scan detected ap1-ssid in range (signal: -82.0 / -80.0)
INFO     [2021-06-01 04:25:10,002]: *** sta3-wlan1: Scan detected ap1-ssid in range (signal: -82.0 / -80.0)
INFO     [2021-06-01 04:25:10,470]: *** sta3-wlan1: Scanning for ap1-ssid
INFO     [2021-06-01 04:25:11,010]: *** sta3-wlan1: Scan detected ap1-ssid in range (signal: -82.0 / -80.0)
INFO     [2021-06-01 04:25:12,020]: *** sta3-wlan1: Scan detected ap1-ssid in range (signal: -82.0 / -80.0)
INFO     [2021-06-01 04:25:13,025]: *** sta3-wlan1: Scan detected ap1-ssid in range (signal: -82.0 / -80.0)
INFO     [2021-06-01 04:25:14,030]: *** sta3-wlan1: Scan detected ap1-ssid in range (signal: -82.0 / -80.0)
INFO     [2021-06-01 04:25:15,034]: *** sta3-wlan1: Scan detected ap1-ssid in range (signal: -82.0 / -80.0)
INFO     [2021-06-01 04:25:16,039]: *** sta3-wlan1: Scan detected ap1-ssid in range (signal: -82.0 / -80.0)
INFO     [2021-06-01 04:25:16,281]: *** sta3-wlan1: Scanning for ap1-ssid
INFO     [2021-06-01 04:25:17,045]: *** sta3-wlan1: Scan detected ap1-ssid in range (signal: -76.0 / -80.0)
INFO     [2021-06-01 04:25:20,802]: *** sta3-wlan0: Connected interface to ap1-ssid
