INFO     [2021-06-02 10:15:30,626]: *** sta1-wlan0: Started flexible_sdn.py
INFO     [2021-06-02 10:15:30,630]: *** sta1: Interface: sta1-wlan0, Scan-interface: sta1-wlan1
INFO     [2021-06-02 10:15:30,683]: *** sta3-wlan0: Started flexible_sdn.py
INFO     [2021-06-02 10:15:30,687]: *** sta3: Interface: sta3-wlan0, Scan-interface: sta3-wlan1
INFO     [2021-06-02 10:17:30,543]: *** sta3-wlan1: Scanner started. Searching for ap1-ssid with interval 3.0
INFO     [2021-06-02 10:17:30,551]: *** sta3-wlan0: Set type to ibss
INFO     [2021-06-02 10:17:30,556]: *** sta3-wlan0: Set ip link up
INFO     [2021-06-02 10:17:30,559]: *** sta3-wlan0: Join ibss adhocNet
INFO     [2021-06-02 10:17:33,547]: *** sta3-wlan1: Scanning for ap1-ssid
INFO     [2021-06-02 10:17:39,376]: *** sta3-wlan0: Starting OLSR
INFO     [2021-06-02 10:17:39,389]: *** sta3-wlan0: Started olsrd in the background (PID: )
INFO     [2021-06-02 10:17:40,332]: *** sta3-wlan1: Scanning for ap1-ssid
INFO     [2021-06-02 10:17:40,397]: *** sta3-wlan1: Scan detected ap1-ssid in range (signal: -86.0 / -82.0)
INFO     [2021-06-02 10:17:41,404]: *** sta3-wlan1: Scan detected ap1-ssid in range (signal: -86.0 / -82.0)
INFO     [2021-06-02 10:17:42,411]: *** sta3-wlan1: Scan detected ap1-ssid in range (signal: -86.0 / -82.0)
INFO     [2021-06-02 10:17:43,416]: *** sta3-wlan1: Scan detected ap1-ssid in range (signal: -86.0 / -82.0)
INFO     [2021-06-02 10:17:44,423]: *** sta3-wlan1: Scan detected ap1-ssid in range (signal: -86.0 / -82.0)
INFO     [2021-06-02 10:17:45,439]: *** sta3-wlan1: Scan detected ap1-ssid in range (signal: -86.0 / -82.0)
INFO     [2021-06-02 10:17:46,445]: *** sta3-wlan1: Scan detected ap1-ssid in range (signal: -86.0 / -82.0)
INFO     [2021-06-02 10:17:47,083]: *** sta3-wlan1: Scanning for ap1-ssid
INFO     [2021-06-02 10:17:47,452]: *** sta3-wlan1: Scan detected ap1-ssid in range (signal: -86.0 / -82.0)
INFO     [2021-06-02 10:17:48,458]: *** sta3-wlan1: Scan detected ap1-ssid in range (signal: -86.0 / -82.0)
INFO     [2021-06-02 10:17:49,467]: *** sta3-wlan1: Scan detected ap1-ssid in range (signal: -86.0 / -82.0)
INFO     [2021-06-02 10:17:50,475]: *** sta3-wlan1: Scan detected ap1-ssid in range (signal: -86.0 / -82.0)
INFO     [2021-06-02 10:17:51,482]: *** sta3-wlan1: Scan detected ap1-ssid in range (signal: -86.0 / -82.0)
INFO     [2021-06-02 10:17:52,490]: *** sta3-wlan1: Scan detected ap1-ssid in range (signal: -86.0 / -82.0)
INFO     [2021-06-02 10:17:53,498]: *** sta3-wlan1: Scan detected ap1-ssid in range (signal: -86.0 / -82.0)
INFO     [2021-06-02 10:17:53,885]: *** sta3-wlan1: Scanning for ap1-ssid
INFO     [2021-06-02 10:17:54,505]: *** sta3-wlan1: Scan detected ap1-ssid in range (signal: -89.0 / -82.0)
INFO     [2021-06-02 10:17:55,512]: *** sta3-wlan1: Scan detected ap1-ssid in range (signal: -89.0 / -82.0)
INFO     [2021-06-02 10:17:55,648]: *** sta1-wlan1: Scanner started. Searching for ap1-ssid with interval 3.0
INFO     [2021-06-02 10:17:55,653]: *** sta1-wlan0: Set type to ibss
INFO     [2021-06-02 10:17:55,656]: *** sta1-wlan0: Set ip link up
INFO     [2021-06-02 10:17:55,657]: *** sta1-wlan0: Join ibss adhocNet
INFO     [2021-06-02 10:17:56,520]: *** sta3-wlan1: Scan detected ap1-ssid in range (signal: -89.0 / -82.0)
INFO     [2021-06-02 10:17:57,526]: *** sta3-wlan1: Scan detected ap1-ssid in range (signal: -89.0 / -82.0)
INFO     [2021-06-02 10:17:58,536]: *** sta3-wlan1: Scan detected ap1-ssid in range (signal: -89.0 / -82.0)
INFO     [2021-06-02 10:17:58,651]: *** sta1-wlan1: Scanning for ap1-ssid
INFO     [2021-06-02 10:17:59,542]: *** sta3-wlan1: Scan detected ap1-ssid in range (signal: -89.0 / -82.0)
INFO     [2021-06-02 10:18:00,368]: *** sta1-wlan0: Starting OLSR
INFO     [2021-06-02 10:18:00,382]: *** sta1-wlan0: Started olsrd in the background (PID: )
INFO     [2021-06-02 10:18:00,577]: *** sta3-wlan1: Scan detected ap1-ssid in range (signal: -89.0 / -82.0)
INFO     [2021-06-02 10:18:00,713]: *** sta3-wlan1: Scanning for ap1-ssid
INFO     [2021-06-02 10:18:01,391]: *** sta1-wlan1: Scan detected ap1-ssid in range (signal: -88.0 / -82.0)
INFO     [2021-06-02 10:18:01,592]: *** sta3-wlan1: Scan detected ap1-ssid in range (signal: -89.0 / -82.0)
INFO     [2021-06-02 10:18:02,396]: *** sta1-wlan1: Scan detected ap1-ssid in range (signal: -88.0 / -82.0)
INFO     [2021-06-02 10:18:02,614]: *** sta3-wlan1: Scan detected ap1-ssid in range (signal: -89.0 / -82.0)
INFO     [2021-06-02 10:18:03,412]: *** sta1-wlan1: Scan detected ap1-ssid in range (signal: -88.0 / -82.0)
INFO     [2021-06-02 10:18:03,625]: *** sta3-wlan1: Scan detected ap1-ssid in range (signal: -89.0 / -82.0)
INFO     [2021-06-02 10:18:04,417]: *** sta1-wlan1: Scan detected ap1-ssid in range (signal: -88.0 / -82.0)
INFO     [2021-06-02 10:18:04,632]: *** sta3-wlan1: Scan detected ap1-ssid in range (signal: -89.0 / -82.0)
INFO     [2021-06-02 10:18:05,425]: *** sta1-wlan1: Scan detected ap1-ssid in range (signal: -88.0 / -82.0)
INFO     [2021-06-02 10:18:05,640]: *** sta3-wlan1: Scan detected ap1-ssid in range (signal: -89.0 / -82.0)
INFO     [2021-06-02 10:18:05,658]: *** sta1-wlan1: Scanning for ap1-ssid
INFO     [2021-06-02 10:18:06,430]: *** sta1-wlan1: Scan detected ap1-ssid in range (signal: -89.0 / -82.0)
INFO     [2021-06-02 10:18:06,645]: *** sta3-wlan1: Scan detected ap1-ssid in range (signal: -89.0 / -82.0)
INFO     [2021-06-02 10:18:07,444]: *** sta1-wlan1: Scan detected ap1-ssid in range (signal: -89.0 / -82.0)
INFO     [2021-06-02 10:18:07,653]: *** sta3-wlan1: Scan detected ap1-ssid in range (signal: -89.0 / -82.0)
INFO     [2021-06-02 10:18:07,811]: *** sta3-wlan1: Scanning for ap1-ssid
INFO     [2021-06-02 10:18:08,449]: *** sta1-wlan1: Scan detected ap1-ssid in range (signal: -89.0 / -82.0)
INFO     [2021-06-02 10:18:08,659]: *** sta3-wlan1: Scan detected ap1-ssid in range (signal: -89.0 / -82.0)
INFO     [2021-06-02 10:18:09,455]: *** sta1-wlan1: Scan detected ap1-ssid in range (signal: -89.0 / -82.0)
INFO     [2021-06-02 10:18:09,667]: *** sta3-wlan1: Scan detected ap1-ssid in range (signal: -89.0 / -82.0)
INFO     [2021-06-02 10:18:10,461]: *** sta1-wlan1: Scan detected ap1-ssid in range (signal: -89.0 / -82.0)
INFO     [2021-06-02 10:18:10,678]: *** sta3-wlan1: Scan detected ap1-ssid in range (signal: -89.0 / -82.0)
INFO     [2021-06-02 10:18:11,467]: *** sta1-wlan1: Scan detected ap1-ssid in range (signal: -89.0 / -82.0)
INFO     [2021-06-02 10:18:11,683]: *** sta3-wlan1: Scan detected ap1-ssid in range (signal: -90.0 / -82.0)
INFO     [2021-06-02 10:18:12,472]: *** sta1-wlan1: Scan detected ap1-ssid in range (signal: -89.0 / -82.0)
INFO     [2021-06-02 10:18:12,490]: *** sta1-wlan1: Scanning for ap1-ssid
INFO     [2021-06-02 10:18:12,694]: *** sta3-wlan1: Scan detected ap1-ssid in range (signal: -90.0 / -82.0)
INFO     [2021-06-02 10:18:13,488]: *** sta1-wlan1: Scan detected ap1-ssid in range (signal: -89.0 / -82.0)
INFO     [2021-06-02 10:18:13,701]: *** sta3-wlan1: Scan detected ap1-ssid in range (signal: -90.0 / -82.0)
INFO     [2021-06-02 10:18:14,497]: *** sta1-wlan1: Scan detected ap1-ssid in range (signal: -89.0 / -82.0)
INFO     [2021-06-02 10:18:14,660]: *** sta3-wlan1: Scanning for ap1-ssid
INFO     [2021-06-02 10:18:14,716]: *** sta3-wlan1: Scan detected ap1-ssid in range (signal: -88.0 / -82.0)
INFO     [2021-06-02 10:18:15,503]: *** sta1-wlan1: Scan detected ap1-ssid in range (signal: -89.0 / -82.0)
INFO     [2021-06-02 10:18:15,723]: *** sta3-wlan1: Scan detected ap1-ssid in range (signal: -88.0 / -82.0)
INFO     [2021-06-02 10:18:16,512]: *** sta1-wlan1: Scan detected ap1-ssid in range (signal: -89.0 / -82.0)
INFO     [2021-06-02 10:18:16,728]: *** sta3-wlan1: Scan detected ap1-ssid in range (signal: -88.0 / -82.0)
INFO     [2021-06-02 10:18:17,518]: *** sta1-wlan1: Scan detected ap1-ssid in range (signal: -89.0 / -82.0)
INFO     [2021-06-02 10:18:17,734]: *** sta3-wlan1: Scan detected ap1-ssid in range (signal: -88.0 / -82.0)
INFO     [2021-06-02 10:18:18,533]: *** sta1-wlan1: Scan detected ap1-ssid in range (signal: -89.0 / -82.0)
INFO     [2021-06-02 10:18:18,740]: *** sta3-wlan1: Scan detected ap1-ssid in range (signal: -88.0 / -82.0)
INFO     [2021-06-02 10:18:19,277]: *** sta1-wlan1: Scanning for ap1-ssid
INFO     [2021-06-02 10:18:19,543]: *** sta1-wlan1: Scan detected ap1-ssid in range (signal: -88.0 / -82.0)
INFO     [2021-06-02 10:18:19,747]: *** sta3-wlan1: Scan detected ap1-ssid in range (signal: -88.0 / -82.0)
INFO     [2021-06-02 10:18:20,551]: *** sta1-wlan1: Scan detected ap1-ssid in range (signal: -88.0 / -82.0)
INFO     [2021-06-02 10:18:20,754]: *** sta3-wlan1: Scan detected ap1-ssid in range (signal: -88.0 / -82.0)
INFO     [2021-06-02 10:18:21,449]: *** sta3-wlan1: Scanning for ap1-ssid
INFO     [2021-06-02 10:18:21,557]: *** sta1-wlan1: Scan detected ap1-ssid in range (signal: -88.0 / -82.0)
INFO     [2021-06-02 10:18:21,761]: *** sta3-wlan1: Scan detected ap1-ssid in range (signal: -90.0 / -82.0)
INFO     [2021-06-02 10:18:22,561]: *** sta1-wlan1: Scan detected ap1-ssid in range (signal: -88.0 / -82.0)
INFO     [2021-06-02 10:18:22,779]: *** sta3-wlan1: Scan detected ap1-ssid in range (signal: -90.0 / -82.0)
INFO     [2021-06-02 10:18:23,567]: *** sta1-wlan1: Scan detected ap1-ssid in range (signal: -88.0 / -82.0)
INFO     [2021-06-02 10:18:23,783]: *** sta3-wlan1: Scan detected ap1-ssid in range (signal: -90.0 / -82.0)
INFO     [2021-06-02 10:18:24,645]: *** sta1-wlan1: Scan detected ap1-ssid in range (signal: -88.0 / -82.0)
INFO     [2021-06-02 10:18:24,788]: *** sta3-wlan1: Scan detected ap1-ssid in range (signal: -90.0 / -82.0)
INFO     [2021-06-02 10:18:25,651]: *** sta1-wlan1: Scan detected ap1-ssid in range (signal: -88.0 / -82.0)
INFO     [2021-06-02 10:18:25,794]: *** sta3-wlan1: Scan detected ap1-ssid in range (signal: -90.0 / -82.0)
INFO     [2021-06-02 10:18:26,027]: *** sta1-wlan1: Scanning for ap1-ssid
INFO     [2021-06-02 10:18:26,656]: *** sta1-wlan1: Scan detected ap1-ssid in range (signal: -88.0 / -82.0)
INFO     [2021-06-02 10:18:26,801]: *** sta3-wlan1: Scan detected ap1-ssid in range (signal: -90.0 / -82.0)
INFO     [2021-06-02 10:18:27,660]: *** sta1-wlan1: Scan detected ap1-ssid in range (signal: -88.0 / -82.0)
INFO     [2021-06-02 10:18:27,816]: *** sta3-wlan1: Scan detected ap1-ssid in range (signal: -90.0 / -82.0)
INFO     [2021-06-02 10:18:28,199]: *** sta3-wlan1: Scanning for ap1-ssid
INFO     [2021-06-02 10:18:28,677]: *** sta1-wlan1: Scan detected ap1-ssid in range (signal: -88.0 / -82.0)
INFO     [2021-06-02 10:18:28,825]: *** sta3-wlan1: Scan detected ap1-ssid in range (signal: -90.0 / -82.0)
INFO     [2021-06-02 10:18:29,695]: *** sta1-wlan1: Scan detected ap1-ssid in range (signal: -88.0 / -82.0)
INFO     [2021-06-02 10:18:29,830]: *** sta3-wlan1: Scan detected ap1-ssid in range (signal: -90.0 / -82.0)
INFO     [2021-06-02 10:18:30,702]: *** sta1-wlan1: Scan detected ap1-ssid in range (signal: -88.0 / -82.0)
INFO     [2021-06-02 10:18:30,836]: *** sta3-wlan1: Scan detected ap1-ssid in range (signal: -90.0 / -82.0)
INFO     [2021-06-02 10:18:31,707]: *** sta1-wlan1: Scan detected ap1-ssid in range (signal: -88.0 / -82.0)
INFO     [2021-06-02 10:18:31,841]: *** sta3-wlan1: Scan detected ap1-ssid in range (signal: -90.0 / -82.0)
INFO     [2021-06-02 10:18:32,770]: *** sta1-wlan1: Scan detected ap1-ssid in range (signal: -88.0 / -82.0)
INFO     [2021-06-02 10:18:32,854]: *** sta3-wlan1: Scan detected ap1-ssid in range (signal: -90.0 / -82.0)
INFO     [2021-06-02 10:18:32,875]: *** sta1-wlan1: Scanning for ap1-ssid
INFO     [2021-06-02 10:18:33,776]: *** sta1-wlan1: Scan detected ap1-ssid in range (signal: -90.0 / -82.0)
INFO     [2021-06-02 10:18:33,860]: *** sta3-wlan1: Scan detected ap1-ssid in range (signal: -90.0 / -82.0)
INFO     [2021-06-02 10:18:34,792]: *** sta1-wlan1: Scan detected ap1-ssid in range (signal: -90.0 / -82.0)
INFO     [2021-06-02 10:18:34,868]: *** sta3-wlan1: Scan detected ap1-ssid in range (signal: -90.0 / -82.0)
INFO     [2021-06-02 10:18:35,085]: *** sta3-wlan1: Scanning for ap1-ssid
INFO     [2021-06-02 10:18:35,798]: *** sta1-wlan1: Scan detected ap1-ssid in range (signal: -90.0 / -82.0)
INFO     [2021-06-02 10:18:35,872]: *** sta3-wlan1: Scan detected ap1-ssid in range (signal: -90.0 / -82.0)
INFO     [2021-06-02 10:18:36,807]: *** sta1-wlan1: Scan detected ap1-ssid in range (signal: -90.0 / -82.0)
INFO     [2021-06-02 10:18:36,884]: *** sta3-wlan1: Scan detected ap1-ssid in range (signal: -90.0 / -82.0)
INFO     [2021-06-02 10:18:37,813]: *** sta1-wlan1: Scan detected ap1-ssid in range (signal: -90.0 / -82.0)
INFO     [2021-06-02 10:18:37,890]: *** sta3-wlan1: Scan detected ap1-ssid in range (signal: -90.0 / -82.0)
INFO     [2021-06-02 10:18:38,819]: *** sta1-wlan1: Scan detected ap1-ssid in range (signal: -90.0 / -82.0)
INFO     [2021-06-02 10:18:38,904]: *** sta3-wlan1: Scan detected ap1-ssid in range (signal: -90.0 / -82.0)
INFO     [2021-06-02 10:18:39,727]: *** sta1-wlan1: Scanning for ap1-ssid
INFO     [2021-06-02 10:18:39,829]: *** sta1-wlan1: Scan detected ap1-ssid in range (signal: -87.0 / -82.0)
INFO     [2021-06-02 10:18:39,909]: *** sta3-wlan1: Scan detected ap1-ssid in range (signal: -90.0 / -82.0)
INFO     [2021-06-02 10:18:40,833]: *** sta1-wlan1: Scan detected ap1-ssid in range (signal: -87.0 / -82.0)
INFO     [2021-06-02 10:18:40,914]: *** sta3-wlan1: Scan detected ap1-ssid in range (signal: -90.0 / -82.0)
INFO     [2021-06-02 10:18:41,839]: *** sta1-wlan1: Scan detected ap1-ssid in range (signal: -87.0 / -82.0)
INFO     [2021-06-02 10:18:41,867]: *** sta3-wlan1: Scanning for ap1-ssid
INFO     [2021-06-02 10:18:41,926]: *** sta3-wlan1: Scan detected ap1-ssid in range (signal: -90.0 / -82.0)
INFO     [2021-06-02 10:18:42,845]: *** sta1-wlan1: Scan detected ap1-ssid in range (signal: -87.0 / -82.0)
INFO     [2021-06-02 10:18:42,932]: *** sta3-wlan1: Scan detected ap1-ssid in range (signal: -90.0 / -82.0)
INFO     [2021-06-02 10:18:43,851]: *** sta1-wlan1: Scan detected ap1-ssid in range (signal: -87.0 / -82.0)
INFO     [2021-06-02 10:18:43,943]: *** sta3-wlan1: Scan detected ap1-ssid in range (signal: -90.0 / -82.0)
INFO     [2021-06-02 10:18:44,863]: *** sta1-wlan1: Scan detected ap1-ssid in range (signal: -87.0 / -82.0)
INFO     [2021-06-02 10:18:44,955]: *** sta3-wlan1: Scan detected ap1-ssid in range (signal: -90.0 / -82.0)
INFO     [2021-06-02 10:18:45,868]: *** sta1-wlan1: Scan detected ap1-ssid in range (signal: -87.0 / -82.0)
INFO     [2021-06-02 10:18:45,961]: *** sta3-wlan1: Scan detected ap1-ssid in range (signal: -90.0 / -82.0)
INFO     [2021-06-02 10:18:46,555]: *** sta1-wlan1: Scanning for ap1-ssid
INFO     [2021-06-02 10:18:46,874]: *** sta1-wlan1: Scan detected ap1-ssid in range (signal: -87.0 / -82.0)
INFO     [2021-06-02 10:18:46,967]: *** sta3-wlan1: Scan detected ap1-ssid in range (signal: -90.0 / -82.0)
INFO     [2021-06-02 10:18:47,879]: *** sta1-wlan1: Scan detected ap1-ssid in range (signal: -87.0 / -82.0)
INFO     [2021-06-02 10:18:47,975]: *** sta3-wlan1: Scan detected ap1-ssid in range (signal: -90.0 / -82.0)
INFO     [2021-06-02 10:18:48,659]: *** sta3-wlan1: Scanning for ap1-ssid
INFO     [2021-06-02 10:18:48,964]: *** sta1-wlan1: Scan detected ap1-ssid in range (signal: -87.0 / -82.0)
INFO     [2021-06-02 10:18:48,983]: *** sta3-wlan1: Scan detected ap1-ssid in range (signal: -90.0 / -82.0)
INFO     [2021-06-02 10:18:49,972]: *** sta1-wlan1: Scan detected ap1-ssid in range (signal: -87.0 / -82.0)
INFO     [2021-06-02 10:18:49,989]: *** sta3-wlan1: Scan detected ap1-ssid in range (signal: -90.0 / -82.0)
INFO     [2021-06-02 10:18:50,979]: *** sta1-wlan1: Scan detected ap1-ssid in range (signal: -87.0 / -82.0)
INFO     [2021-06-02 10:18:50,994]: *** sta3-wlan1: Scan detected ap1-ssid in range (signal: -90.0 / -82.0)
INFO     [2021-06-02 10:18:51,985]: *** sta1-wlan1: Scan detected ap1-ssid in range (signal: -87.0 / -82.0)
INFO     [2021-06-02 10:18:52,990]: *** sta1-wlan1: Scan detected ap1-ssid in range (signal: -87.0 / -82.0)
INFO     [2021-06-02 10:18:53,415]: *** sta1-wlan1: Scanning for ap1-ssid
INFO     [2021-06-02 10:18:53,995]: *** sta1-wlan1: Scan detected ap1-ssid in range (signal: -87.0 / -82.0)
INFO     [2021-06-02 10:18:55,000]: *** sta1-wlan1: Scan detected ap1-ssid in range (signal: -87.0 / -82.0)
INFO     [2021-06-02 10:18:55,580]: *** sta3-wlan1: Scanning for ap1-ssid
INFO     [2021-06-02 10:18:56,009]: *** sta1-wlan1: Scan detected ap1-ssid in range (signal: -87.0 / -82.0)
INFO     [2021-06-02 10:18:57,013]: *** sta1-wlan1: Scan detected ap1-ssid in range (signal: -87.0 / -82.0)
INFO     [2021-06-02 10:18:58,018]: *** sta1-wlan1: Scan detected ap1-ssid in range (signal: -87.0 / -82.0)
INFO     [2021-06-02 10:18:59,024]: *** sta1-wlan1: Scan detected ap1-ssid in range (signal: -87.0 / -82.0)
INFO     [2021-06-02 10:19:00,029]: *** sta1-wlan1: Scan detected ap1-ssid in range (signal: -87.0 / -82.0)
INFO     [2021-06-02 10:19:00,166]: *** sta1-wlan1: Scanning for ap1-ssid
INFO     [2021-06-02 10:19:01,036]: *** sta1-wlan1: Scan detected ap1-ssid in range (signal: -87.0 / -82.0)
INFO     [2021-06-02 10:19:02,055]: *** sta1-wlan1: Scan detected ap1-ssid in range (signal: -87.0 / -82.0)
INFO     [2021-06-02 10:19:02,359]: *** sta3-wlan1: Scanning for ap1-ssid
INFO     [2021-06-02 10:19:03,067]: *** sta1-wlan1: Scan detected ap1-ssid in range (signal: -87.0 / -82.0)
INFO     [2021-06-02 10:19:03,091]: *** sta3-wlan1: Scan detected ap1-ssid in range (signal: -87.0 / -82.0)
INFO     [2021-06-02 10:19:04,074]: *** sta1-wlan1: Scan detected ap1-ssid in range (signal: -87.0 / -82.0)
INFO     [2021-06-02 10:19:04,099]: *** sta3-wlan1: Scan detected ap1-ssid in range (signal: -87.0 / -82.0)
INFO     [2021-06-02 10:19:05,093]: *** sta1-wlan1: Scan detected ap1-ssid in range (signal: -87.0 / -82.0)
INFO     [2021-06-02 10:19:05,106]: *** sta3-wlan1: Scan detected ap1-ssid in range (signal: -87.0 / -82.0)
INFO     [2021-06-02 10:19:06,098]: *** sta1-wlan1: Scan detected ap1-ssid in range (signal: -87.0 / -82.0)
INFO     [2021-06-02 10:19:06,117]: *** sta3-wlan1: Scan detected ap1-ssid in range (signal: -87.0 / -82.0)
INFO     [2021-06-02 10:19:06,987]: *** sta1-wlan1: Scanning for ap1-ssid
INFO     [2021-06-02 10:19:07,105]: *** sta1-wlan1: Scan detected ap1-ssid in range (signal: -88.0 / -82.0)
INFO     [2021-06-02 10:19:07,123]: *** sta3-wlan1: Scan detected ap1-ssid in range (signal: -87.0 / -82.0)
INFO     [2021-06-02 10:19:08,111]: *** sta1-wlan1: Scan detected ap1-ssid in range (signal: -88.0 / -82.0)
INFO     [2021-06-02 10:19:08,133]: *** sta3-wlan1: Scan detected ap1-ssid in range (signal: -87.0 / -82.0)
INFO     [2021-06-02 10:19:09,119]: *** sta1-wlan1: Scan detected ap1-ssid in range (signal: -88.0 / -82.0)
INFO     [2021-06-02 10:19:09,139]: *** sta3-wlan1: Scan detected ap1-ssid in range (signal: -87.0 / -82.0)
INFO     [2021-06-02 10:19:09,211]: *** sta3-wlan1: Scanning for ap1-ssid
INFO     [2021-06-02 10:19:10,127]: *** sta1-wlan1: Scan detected ap1-ssid in range (signal: -88.0 / -82.0)
INFO     [2021-06-02 10:19:10,147]: *** sta3-wlan1: Scan detected ap1-ssid in range (signal: -87.0 / -82.0)
INFO     [2021-06-02 10:19:11,137]: *** sta1-wlan1: Scan detected ap1-ssid in range (signal: -88.0 / -82.0)
INFO     [2021-06-02 10:19:11,152]: *** sta3-wlan1: Scan detected ap1-ssid in range (signal: -87.0 / -82.0)
INFO     [2021-06-02 10:19:12,143]: *** sta1-wlan1: Scan detected ap1-ssid in range (signal: -88.0 / -82.0)
INFO     [2021-06-02 10:19:12,163]: *** sta3-wlan1: Scan detected ap1-ssid in range (signal: -87.0 / -82.0)
INFO     [2021-06-02 10:19:13,150]: *** sta1-wlan1: Scan detected ap1-ssid in range (signal: -88.0 / -82.0)
INFO     [2021-06-02 10:19:13,170]: *** sta3-wlan1: Scan detected ap1-ssid in range (signal: -87.0 / -82.0)
INFO     [2021-06-02 10:19:13,765]: *** sta1-wlan1: Scanning for ap1-ssid
INFO     [2021-06-02 10:19:14,154]: *** sta1-wlan1: Scan detected ap1-ssid in range (signal: -88.0 / -82.0)
INFO     [2021-06-02 10:19:14,177]: *** sta3-wlan1: Scan detected ap1-ssid in range (signal: -87.0 / -82.0)
INFO     [2021-06-02 10:19:15,163]: *** sta1-wlan1: Scan detected ap1-ssid in range (signal: -88.0 / -82.0)
INFO     [2021-06-02 10:19:15,186]: *** sta3-wlan1: Scan detected ap1-ssid in range (signal: -87.0 / -82.0)
INFO     [2021-06-02 10:19:16,008]: *** sta3-wlan1: Scanning for ap1-ssid
INFO     [2021-06-02 10:19:16,169]: *** sta1-wlan1: Scan detected ap1-ssid in range (signal: -88.0 / -82.0)
INFO     [2021-06-02 10:19:16,198]: *** sta3-wlan1: Scan detected ap1-ssid in range (signal: -87.0 / -82.0)
INFO     [2021-06-02 10:19:17,183]: *** sta1-wlan1: Scan detected ap1-ssid in range (signal: -88.0 / -82.0)
INFO     [2021-06-02 10:19:17,207]: *** sta3-wlan1: Scan detected ap1-ssid in range (signal: -87.0 / -82.0)
INFO     [2021-06-02 10:19:18,190]: *** sta1-wlan1: Scan detected ap1-ssid in range (signal: -88.0 / -82.0)
INFO     [2021-06-02 10:19:18,212]: *** sta3-wlan1: Scan detected ap1-ssid in range (signal: -87.0 / -82.0)
INFO     [2021-06-02 10:19:19,198]: *** sta1-wlan1: Scan detected ap1-ssid in range (signal: -88.0 / -82.0)
INFO     [2021-06-02 10:19:19,219]: *** sta3-wlan1: Scan detected ap1-ssid in range (signal: -87.0 / -82.0)
INFO     [2021-06-02 10:19:20,205]: *** sta1-wlan1: Scan detected ap1-ssid in range (signal: -88.0 / -82.0)
INFO     [2021-06-02 10:19:20,225]: *** sta3-wlan1: Scan detected ap1-ssid in range (signal: -87.0 / -82.0)
INFO     [2021-06-02 10:19:20,862]: *** sta1-wlan1: Scanning for ap1-ssid
INFO     [2021-06-02 10:19:21,212]: *** sta1-wlan1: Scan detected ap1-ssid in range (signal: -88.0 / -82.0)
INFO     [2021-06-02 10:19:21,230]: *** sta3-wlan1: Scan detected ap1-ssid in range (signal: -87.0 / -82.0)
INFO     [2021-06-02 10:19:22,222]: *** sta1-wlan1: Scan detected ap1-ssid in range (signal: -88.0 / -82.0)
INFO     [2021-06-02 10:19:22,236]: *** sta3-wlan1: Scan detected ap1-ssid in range (signal: -87.0 / -82.0)
INFO     [2021-06-02 10:19:22,807]: *** sta3-wlan1: Scanning for ap1-ssid
INFO     [2021-06-02 10:19:23,226]: *** sta1-wlan1: Scan detected ap1-ssid in range (signal: -88.0 / -82.0)
INFO     [2021-06-02 10:19:23,243]: *** sta3-wlan1: Scan detected ap1-ssid in range (signal: -87.0 / -82.0)
INFO     [2021-06-02 10:19:24,239]: *** sta1-wlan1: Scan detected ap1-ssid in range (signal: -88.0 / -82.0)
INFO     [2021-06-02 10:19:24,251]: *** sta3-wlan1: Scan detected ap1-ssid in range (signal: -87.0 / -82.0)
INFO     [2021-06-02 10:19:25,245]: *** sta1-wlan1: Scan detected ap1-ssid in range (signal: -88.0 / -82.0)
INFO     [2021-06-02 10:19:25,256]: *** sta3-wlan1: Scan detected ap1-ssid in range (signal: -87.0 / -82.0)
INFO     [2021-06-02 10:19:26,260]: *** sta1-wlan1: Scan detected ap1-ssid in range (signal: -88.0 / -82.0)
INFO     [2021-06-02 10:19:26,269]: *** sta3-wlan1: Scan detected ap1-ssid in range (signal: -87.0 / -82.0)
INFO     [2021-06-02 10:19:27,268]: *** sta1-wlan1: Scan detected ap1-ssid in range (signal: -88.0 / -82.0)
INFO     [2021-06-02 10:19:27,274]: *** sta3-wlan1: Scan detected ap1-ssid in range (signal: -87.0 / -82.0)
INFO     [2021-06-02 10:19:27,707]: *** sta1-wlan1: Scanning for ap1-ssid
INFO     [2021-06-02 10:19:28,273]: *** sta1-wlan1: Scan detected ap1-ssid in range (signal: -88.0 / -82.0)
INFO     [2021-06-02 10:19:28,283]: *** sta3-wlan1: Scan detected ap1-ssid in range (signal: -87.0 / -82.0)
INFO     [2021-06-02 10:19:29,280]: *** sta1-wlan1: Scan detected ap1-ssid in range (signal: -88.0 / -82.0)
INFO     [2021-06-02 10:19:29,289]: *** sta3-wlan1: Scan detected ap1-ssid in range (signal: -87.0 / -82.0)
INFO     [2021-06-02 10:19:29,665]: *** sta3-wlan1: Scanning for ap1-ssid
INFO     [2021-06-02 10:19:30,286]: *** sta1-wlan1: Scan detected ap1-ssid in range (signal: -88.0 / -82.0)
INFO     [2021-06-02 10:19:30,294]: *** sta3-wlan1: Scan detected ap1-ssid in range (signal: -87.0 / -82.0)
INFO     [2021-06-02 10:19:31,292]: *** sta1-wlan1: Scan detected ap1-ssid in range (signal: -88.0 / -82.0)
INFO     [2021-06-02 10:19:31,299]: *** sta3-wlan1: Scan detected ap1-ssid in range (signal: -87.0 / -82.0)
INFO     [2021-06-02 10:19:32,299]: *** sta1-wlan1: Scan detected ap1-ssid in range (signal: -88.0 / -82.0)
INFO     [2021-06-02 10:19:32,311]: *** sta3-wlan1: Scan detected ap1-ssid in range (signal: -87.0 / -82.0)
INFO     [2021-06-02 10:19:33,306]: *** sta1-wlan1: Scan detected ap1-ssid in range (signal: -88.0 / -82.0)
INFO     [2021-06-02 10:19:34,312]: *** sta1-wlan1: Scan detected ap1-ssid in range (signal: -88.0 / -82.0)
INFO     [2021-06-02 10:19:34,546]: *** sta1-wlan1: Scanning for ap1-ssid
INFO     [2021-06-02 10:19:35,321]: *** sta1-wlan1: Scan detected ap1-ssid in range (signal: -88.0 / -82.0)
INFO     [2021-06-02 10:19:36,327]: *** sta1-wlan1: Scan detected ap1-ssid in range (signal: -88.0 / -82.0)
INFO     [2021-06-02 10:19:36,419]: *** sta3-wlan1: Scanning for ap1-ssid
INFO     [2021-06-02 10:19:41,345]: *** sta1-wlan1: Scanning for ap1-ssid
INFO     [2021-06-02 10:19:43,231]: *** sta3-wlan1: Scanning for ap1-ssid
INFO     [2021-06-02 10:19:48,097]: *** sta1-wlan1: Scanning for ap1-ssid
INFO     [2021-06-02 10:19:50,027]: *** sta3-wlan1: Scanning for ap1-ssid
INFO     [2021-06-02 10:19:55,003]: *** sta1-wlan1: Scanning for ap1-ssid
INFO     [2021-06-02 10:19:56,804]: *** sta3-wlan1: Scanning for ap1-ssid
INFO     [2021-06-02 10:20:01,903]: *** sta1-wlan1: Scanning for ap1-ssid
INFO     [2021-06-02 10:20:02,540]: *** sta1-wlan1: Scan detected ap1-ssid in range (signal: -89.0 / -82.0)
INFO     [2021-06-02 10:20:03,553]: *** sta1-wlan1: Scan detected ap1-ssid in range (signal: -89.0 / -82.0)
INFO     [2021-06-02 10:20:03,734]: *** sta3-wlan1: Scanning for ap1-ssid
INFO     [2021-06-02 10:20:04,559]: *** sta1-wlan1: Scan detected ap1-ssid in range (signal: -89.0 / -82.0)
INFO     [2021-06-02 10:20:05,565]: *** sta1-wlan1: Scan detected ap1-ssid in range (signal: -89.0 / -82.0)
INFO     [2021-06-02 10:20:06,570]: *** sta1-wlan1: Scan detected ap1-ssid in range (signal: -89.0 / -82.0)
INFO     [2021-06-02 10:20:07,574]: *** sta1-wlan1: Scan detected ap1-ssid in range (signal: -89.0 / -82.0)
INFO     [2021-06-02 10:20:08,580]: *** sta1-wlan1: Scan detected ap1-ssid in range (signal: -89.0 / -82.0)
INFO     [2021-06-02 10:20:08,715]: *** sta1-wlan1: Scanning for ap1-ssid
INFO     [2021-06-02 10:20:09,586]: *** sta1-wlan1: Scan detected ap1-ssid in range (signal: -89.0 / -82.0)
INFO     [2021-06-02 10:20:10,514]: *** sta3-wlan1: Scanning for ap1-ssid
INFO     [2021-06-02 10:20:10,600]: *** sta1-wlan1: Scan detected ap1-ssid in range (signal: -89.0 / -82.0)
INFO     [2021-06-02 10:20:11,607]: *** sta1-wlan1: Scan detected ap1-ssid in range (signal: -89.0 / -82.0)
INFO     [2021-06-02 10:20:12,612]: *** sta1-wlan1: Scan detected ap1-ssid in range (signal: -89.0 / -82.0)
INFO     [2021-06-02 10:20:13,618]: *** sta1-wlan1: Scan detected ap1-ssid in range (signal: -89.0 / -82.0)
INFO     [2021-06-02 10:20:14,625]: *** sta1-wlan1: Scan detected ap1-ssid in range (signal: -89.0 / -82.0)
INFO     [2021-06-02 10:20:15,495]: *** sta1-wlan1: Scanning for ap1-ssid
INFO     [2021-06-02 10:20:15,630]: *** sta1-wlan1: Scan detected ap1-ssid in range (signal: -87.0 / -82.0)
INFO     [2021-06-02 10:20:16,634]: *** sta1-wlan1: Scan detected ap1-ssid in range (signal: -87.0 / -82.0)
INFO     [2021-06-02 10:20:17,255]: *** sta3-wlan1: Scanning for ap1-ssid
INFO     [2021-06-02 10:20:17,639]: *** sta1-wlan1: Scan detected ap1-ssid in range (signal: -87.0 / -82.0)
INFO     [2021-06-02 10:20:18,646]: *** sta1-wlan1: Scan detected ap1-ssid in range (signal: -87.0 / -82.0)
INFO     [2021-06-02 10:20:19,651]: *** sta1-wlan1: Scan detected ap1-ssid in range (signal: -87.0 / -82.0)
INFO     [2021-06-02 10:20:20,657]: *** sta1-wlan1: Scan detected ap1-ssid in range (signal: -87.0 / -82.0)
INFO     [2021-06-02 10:20:21,663]: *** sta1-wlan1: Scan detected ap1-ssid in range (signal: -87.0 / -82.0)
INFO     [2021-06-02 10:20:22,251]: *** sta1-wlan1: Scanning for ap1-ssid
INFO     [2021-06-02 10:20:22,672]: *** sta1-wlan1: Scan detected ap1-ssid in range (signal: -87.0 / -82.0)
INFO     [2021-06-02 10:20:23,687]: *** sta1-wlan1: Scan detected ap1-ssid in range (signal: -87.0 / -82.0)
INFO     [2021-06-02 10:20:24,026]: *** sta3-wlan1: Scanning for ap1-ssid
INFO     [2021-06-02 10:20:24,693]: *** sta1-wlan1: Scan detected ap1-ssid in range (signal: -87.0 / -82.0)
INFO     [2021-06-02 10:20:25,699]: *** sta1-wlan1: Scan detected ap1-ssid in range (signal: -87.0 / -82.0)
INFO     [2021-06-02 10:20:26,707]: *** sta1-wlan1: Scan detected ap1-ssid in range (signal: -87.0 / -82.0)
INFO     [2021-06-02 10:20:27,714]: *** sta1-wlan1: Scan detected ap1-ssid in range (signal: -87.0 / -82.0)
INFO     [2021-06-02 10:20:28,719]: *** sta1-wlan1: Scan detected ap1-ssid in range (signal: -87.0 / -82.0)
INFO     [2021-06-02 10:20:29,030]: *** sta1-wlan1: Scanning for ap1-ssid
INFO     [2021-06-02 10:20:29,726]: *** sta1-wlan1: Scan detected ap1-ssid in range (signal: -87.0 / -82.0)
INFO     [2021-06-02 10:20:30,732]: *** sta1-wlan1: Scan detected ap1-ssid in range (signal: -87.0 / -82.0)
INFO     [2021-06-02 10:20:30,782]: *** sta3-wlan1: Scanning for ap1-ssid
INFO     [2021-06-02 10:20:31,748]: *** sta1-wlan1: Scan detected ap1-ssid in range (signal: -87.0 / -82.0)
INFO     [2021-06-02 10:20:32,755]: *** sta1-wlan1: Scan detected ap1-ssid in range (signal: -87.0 / -82.0)
INFO     [2021-06-02 10:20:33,765]: *** sta1-wlan1: Scan detected ap1-ssid in range (signal: -87.0 / -82.0)
INFO     [2021-06-02 10:20:34,771]: *** sta1-wlan1: Scan detected ap1-ssid in range (signal: -87.0 / -82.0)
INFO     [2021-06-02 10:20:35,776]: *** sta1-wlan1: Scan detected ap1-ssid in range (signal: -87.0 / -82.0)
INFO     [2021-06-02 10:20:35,867]: *** sta1-wlan1: Scanning for ap1-ssid
INFO     [2021-06-02 10:20:36,784]: *** sta1-wlan1: Scan detected ap1-ssid in range (signal: -87.0 / -82.0)
INFO     [2021-06-02 10:20:37,579]: *** sta3-wlan1: Scanning for ap1-ssid
INFO     [2021-06-02 10:20:37,789]: *** sta1-wlan1: Scan detected ap1-ssid in range (signal: -87.0 / -82.0)
INFO     [2021-06-02 10:20:38,796]: *** sta1-wlan1: Scan detected ap1-ssid in range (signal: -87.0 / -82.0)
INFO     [2021-06-02 10:20:39,802]: *** sta1-wlan1: Scan detected ap1-ssid in range (signal: -87.0 / -82.0)
INFO     [2021-06-02 10:20:40,807]: *** sta1-wlan1: Scan detected ap1-ssid in range (signal: -87.0 / -82.0)
INFO     [2021-06-02 10:20:41,823]: *** sta1-wlan1: Scan detected ap1-ssid in range (signal: -87.0 / -82.0)
INFO     [2021-06-02 10:20:42,669]: *** sta1-wlan1: Scanning for ap1-ssid
INFO     [2021-06-02 10:20:42,829]: *** sta1-wlan1: Scan detected ap1-ssid in range (signal: -88.0 / -82.0)
INFO     [2021-06-02 10:20:43,843]: *** sta1-wlan1: Scan detected ap1-ssid in range (signal: -88.0 / -82.0)
INFO     [2021-06-02 10:20:44,352]: *** sta3-wlan1: Scanning for ap1-ssid
INFO     [2021-06-02 10:20:44,840]: *** sta3-wlan1: Scan detected ap1-ssid in range (signal: -89.0 / -82.0)
INFO     [2021-06-02 10:20:44,856]: *** sta1-wlan1: Scan detected ap1-ssid in range (signal: -88.0 / -82.0)
INFO     [2021-06-02 10:20:45,859]: *** sta3-wlan1: Scan detected ap1-ssid in range (signal: -89.0 / -82.0)
INFO     [2021-06-02 10:20:45,867]: *** sta1-wlan1: Scan detected ap1-ssid in range (signal: -88.0 / -82.0)
INFO     [2021-06-02 10:20:46,874]: *** sta1-wlan1: Scan detected ap1-ssid in range (signal: -88.0 / -82.0)
INFO     [2021-06-02 10:20:46,877]: *** sta3-wlan1: Scan detected ap1-ssid in range (signal: -89.0 / -82.0)
INFO     [2021-06-02 10:20:47,881]: *** sta1-wlan1: Scan detected ap1-ssid in range (signal: -88.0 / -82.0)
INFO     [2021-06-02 10:20:47,883]: *** sta3-wlan1: Scan detected ap1-ssid in range (signal: -89.0 / -82.0)
INFO     [2021-06-02 10:20:48,887]: *** sta1-wlan1: Scan detected ap1-ssid in range (signal: -88.0 / -82.0)
INFO     [2021-06-02 10:20:48,889]: *** sta3-wlan1: Scan detected ap1-ssid in range (signal: -89.0 / -82.0)
INFO     [2021-06-02 10:20:49,515]: *** sta1-wlan1: Scanning for ap1-ssid
INFO     [2021-06-02 10:20:49,893]: *** sta1-wlan1: Scan detected ap1-ssid in range (signal: -88.0 / -82.0)
INFO     [2021-06-02 10:20:49,896]: *** sta3-wlan1: Scan detected ap1-ssid in range (signal: -89.0 / -82.0)
INFO     [2021-06-02 10:20:50,908]: *** sta1-wlan1: Scan detected ap1-ssid in range (signal: -88.0 / -82.0)
INFO     [2021-06-02 10:20:50,911]: *** sta3-wlan1: Scan detected ap1-ssid in range (signal: -89.0 / -82.0)
INFO     [2021-06-02 10:20:51,287]: *** sta3-wlan1: Scanning for ap1-ssid
INFO     [2021-06-02 10:20:51,914]: *** sta1-wlan1: Scan detected ap1-ssid in range (signal: -88.0 / -82.0)
INFO     [2021-06-02 10:20:51,917]: *** sta3-wlan1: Scan detected ap1-ssid in range (signal: -89.0 / -82.0)
INFO     [2021-06-02 10:20:52,919]: *** sta1-wlan1: Scan detected ap1-ssid in range (signal: -88.0 / -82.0)
INFO     [2021-06-02 10:20:52,922]: *** sta3-wlan1: Scan detected ap1-ssid in range (signal: -89.0 / -82.0)
INFO     [2021-06-02 10:20:53,925]: *** sta1-wlan1: Scan detected ap1-ssid in range (signal: -88.0 / -82.0)
INFO     [2021-06-02 10:20:53,928]: *** sta3-wlan1: Scan detected ap1-ssid in range (signal: -89.0 / -82.0)
INFO     [2021-06-02 10:20:54,937]: *** sta1-wlan1: Scan detected ap1-ssid in range (signal: -88.0 / -82.0)
INFO     [2021-06-02 10:20:54,939]: *** sta3-wlan1: Scan detected ap1-ssid in range (signal: -89.0 / -82.0)
INFO     [2021-06-02 10:20:55,944]: *** sta1-wlan1: Scan detected ap1-ssid in range (signal: -88.0 / -82.0)
INFO     [2021-06-02 10:20:55,948]: *** sta3-wlan1: Scan detected ap1-ssid in range (signal: -89.0 / -82.0)
INFO     [2021-06-02 10:20:56,268]: *** sta1-wlan1: Scanning for ap1-ssid
INFO     [2021-06-02 10:20:56,950]: *** sta1-wlan1: Scan detected ap1-ssid in range (signal: -90.0 / -82.0)
INFO     [2021-06-02 10:20:56,953]: *** sta3-wlan1: Scan detected ap1-ssid in range (signal: -89.0 / -82.0)
INFO     [2021-06-02 10:20:57,955]: *** sta1-wlan1: Scan detected ap1-ssid in range (signal: -90.0 / -82.0)
INFO     [2021-06-02 10:20:57,959]: *** sta3-wlan1: Scan detected ap1-ssid in range (signal: -89.0 / -82.0)
INFO     [2021-06-02 10:20:58,043]: *** sta3-wlan1: Scanning for ap1-ssid
INFO     [2021-06-02 10:20:58,963]: *** sta1-wlan1: Scan detected ap1-ssid in range (signal: -90.0 / -82.0)
INFO     [2021-06-02 10:20:58,965]: *** sta3-wlan1: Scan detected ap1-ssid in range (signal: -89.0 / -82.0)
INFO     [2021-06-02 10:20:59,972]: *** sta1-wlan1: Scan detected ap1-ssid in range (signal: -90.0 / -82.0)
INFO     [2021-06-02 10:20:59,973]: *** sta3-wlan1: Scan detected ap1-ssid in range (signal: -89.0 / -82.0)
INFO     [2021-06-02 10:21:00,996]: *** sta3-wlan1: Scan detected ap1-ssid in range (signal: -89.0 / -82.0)
INFO     [2021-06-02 10:21:00,997]: *** sta1-wlan1: Scan detected ap1-ssid in range (signal: -90.0 / -82.0)
INFO     [2021-06-02 10:21:02,003]: *** sta3-wlan1: Scan detected ap1-ssid in range (signal: -89.0 / -82.0)
INFO     [2021-06-02 10:21:02,006]: *** sta1-wlan1: Scan detected ap1-ssid in range (signal: -90.0 / -82.0)
INFO     [2021-06-02 10:21:03,014]: *** sta3-wlan1: Scan detected ap1-ssid in range (signal: -89.0 / -82.0)
INFO     [2021-06-02 10:21:03,014]: *** sta1-wlan1: Scan detected ap1-ssid in range (signal: -90.0 / -82.0)
INFO     [2021-06-02 10:21:03,053]: *** sta1-wlan1: Scanning for ap1-ssid
INFO     [2021-06-02 10:21:04,021]: *** sta3-wlan1: Scan detected ap1-ssid in range (signal: -89.0 / -82.0)
INFO     [2021-06-02 10:21:04,021]: *** sta1-wlan1: Scan detected ap1-ssid in range (signal: -90.0 / -82.0)
INFO     [2021-06-02 10:21:04,871]: *** sta3-wlan1: Scanning for ap1-ssid
INFO     [2021-06-02 10:21:05,026]: *** sta3-wlan1: Scan detected ap1-ssid in range (signal: -88.0 / -82.0)
INFO     [2021-06-02 10:21:05,030]: *** sta1-wlan1: Scan detected ap1-ssid in range (signal: -90.0 / -82.0)
INFO     [2021-06-02 10:21:06,035]: *** sta1-wlan1: Scan detected ap1-ssid in range (signal: -90.0 / -82.0)
INFO     [2021-06-02 10:21:06,038]: *** sta3-wlan1: Scan detected ap1-ssid in range (signal: -88.0 / -82.0)
INFO     [2021-06-02 10:21:07,041]: *** sta1-wlan1: Scan detected ap1-ssid in range (signal: -90.0 / -82.0)
INFO     [2021-06-02 10:21:07,044]: *** sta3-wlan1: Scan detected ap1-ssid in range (signal: -88.0 / -82.0)
INFO     [2021-06-02 10:21:08,046]: *** sta1-wlan1: Scan detected ap1-ssid in range (signal: -90.0 / -82.0)
INFO     [2021-06-02 10:21:08,050]: *** sta3-wlan1: Scan detected ap1-ssid in range (signal: -88.0 / -82.0)
INFO     [2021-06-02 10:21:09,052]: *** sta1-wlan1: Scan detected ap1-ssid in range (signal: -90.0 / -82.0)
INFO     [2021-06-02 10:21:09,055]: *** sta3-wlan1: Scan detected ap1-ssid in range (signal: -88.0 / -82.0)
INFO     [2021-06-02 10:21:09,819]: *** sta1-wlan1: Scanning for ap1-ssid
INFO     [2021-06-02 10:21:10,058]: *** sta1-wlan1: Scan detected ap1-ssid in range (signal: -90.0 / -82.0)
INFO     [2021-06-02 10:21:10,060]: *** sta3-wlan1: Scan detected ap1-ssid in range (signal: -88.0 / -82.0)
INFO     [2021-06-02 10:21:11,067]: *** sta3-wlan1: Scan detected ap1-ssid in range (signal: -88.0 / -82.0)
INFO     [2021-06-02 10:21:11,067]: *** sta1-wlan1: Scan detected ap1-ssid in range (signal: -90.0 / -82.0)
INFO     [2021-06-02 10:21:11,619]: *** sta3-wlan1: Scanning for ap1-ssid
INFO     [2021-06-02 10:21:12,084]: *** sta1-wlan1: Scan detected ap1-ssid in range (signal: -90.0 / -82.0)
INFO     [2021-06-02 10:21:12,084]: *** sta3-wlan1: Scan detected ap1-ssid in range (signal: -90.0 / -82.0)
INFO     [2021-06-02 10:21:13,103]: *** sta1-wlan1: Scan detected ap1-ssid in range (signal: -90.0 / -82.0)
INFO     [2021-06-02 10:21:13,110]: *** sta3-wlan1: Scan detected ap1-ssid in range (signal: -90.0 / -82.0)
INFO     [2021-06-02 10:21:14,110]: *** sta1-wlan1: Scan detected ap1-ssid in range (signal: -90.0 / -82.0)
INFO     [2021-06-02 10:21:14,116]: *** sta3-wlan1: Scan detected ap1-ssid in range (signal: -90.0 / -82.0)
INFO     [2021-06-02 10:21:15,116]: *** sta1-wlan1: Scan detected ap1-ssid in range (signal: -90.0 / -82.0)
INFO     [2021-06-02 10:21:15,122]: *** sta3-wlan1: Scan detected ap1-ssid in range (signal: -90.0 / -82.0)
INFO     [2021-06-02 10:21:16,123]: *** sta1-wlan1: Scan detected ap1-ssid in range (signal: -90.0 / -82.0)
INFO     [2021-06-02 10:21:16,128]: *** sta3-wlan1: Scan detected ap1-ssid in range (signal: -90.0 / -82.0)
INFO     [2021-06-02 10:21:16,671]: *** sta1-wlan1: Scanning for ap1-ssid
INFO     [2021-06-02 10:21:17,131]: *** sta1-wlan1: Scan detected ap1-ssid in range (signal: -90.0 / -82.0)
INFO     [2021-06-02 10:21:17,134]: *** sta3-wlan1: Scan detected ap1-ssid in range (signal: -90.0 / -82.0)
INFO     [2021-06-02 10:21:18,140]: *** sta1-wlan1: Scan detected ap1-ssid in range (signal: -90.0 / -82.0)
INFO     [2021-06-02 10:21:18,140]: *** sta3-wlan1: Scan detected ap1-ssid in range (signal: -90.0 / -82.0)
INFO     [2021-06-02 10:21:18,543]: *** sta3-wlan1: Scanning for ap1-ssid
INFO     [2021-06-02 10:21:19,146]: *** sta3-wlan1: Scan detected ap1-ssid in range (signal: -90.0 / -82.0)
INFO     [2021-06-02 10:21:19,146]: *** sta1-wlan1: Scan detected ap1-ssid in range (signal: -90.0 / -82.0)
INFO     [2021-06-02 10:21:20,156]: *** sta1-wlan1: Scan detected ap1-ssid in range (signal: -90.0 / -82.0)
INFO     [2021-06-02 10:21:20,157]: *** sta3-wlan1: Scan detected ap1-ssid in range (signal: -90.0 / -82.0)
INFO     [2021-06-02 10:21:21,206]: *** sta1-wlan1: Scan detected ap1-ssid in range (signal: -90.0 / -82.0)
INFO     [2021-06-02 10:21:21,211]: *** sta3-wlan1: Scan detected ap1-ssid in range (signal: -90.0 / -82.0)
INFO     [2021-06-02 10:21:22,214]: *** sta1-wlan1: Scan detected ap1-ssid in range (signal: -90.0 / -82.0)
INFO     [2021-06-02 10:21:22,217]: *** sta3-wlan1: Scan detected ap1-ssid in range (signal: -90.0 / -82.0)
INFO     [2021-06-02 10:21:23,218]: *** sta1-wlan1: Scan detected ap1-ssid in range (signal: -90.0 / -82.0)
INFO     [2021-06-02 10:21:23,228]: *** sta3-wlan1: Scan detected ap1-ssid in range (signal: -90.0 / -82.0)
INFO     [2021-06-02 10:21:23,467]: *** sta1-wlan1: Scanning for ap1-ssid
INFO     [2021-06-02 10:21:24,231]: *** sta1-wlan1: Scan detected ap1-ssid in range (signal: -90.0 / -82.0)
INFO     [2021-06-02 10:21:24,237]: *** sta3-wlan1: Scan detected ap1-ssid in range (signal: -90.0 / -82.0)
INFO     [2021-06-02 10:21:25,238]: *** sta1-wlan1: Scan detected ap1-ssid in range (signal: -90.0 / -82.0)
INFO     [2021-06-02 10:21:25,243]: *** sta3-wlan1: Scan detected ap1-ssid in range (signal: -90.0 / -82.0)
INFO     [2021-06-02 10:21:25,472]: *** sta3-wlan1: Scanning for ap1-ssid
INFO     [2021-06-02 10:21:26,249]: *** sta1-wlan1: Scan detected ap1-ssid in range (signal: -90.0 / -82.0)
INFO     [2021-06-02 10:21:26,251]: *** sta3-wlan1: Scan detected ap1-ssid in range (signal: -89.0 / -82.0)
INFO     [2021-06-02 10:21:27,257]: *** sta3-wlan1: Scan detected ap1-ssid in range (signal: -89.0 / -82.0)
INFO     [2021-06-02 10:21:28,266]: *** sta3-wlan1: Scan detected ap1-ssid in range (signal: -89.0 / -82.0)
INFO     [2021-06-02 10:21:29,272]: *** sta3-wlan1: Scan detected ap1-ssid in range (signal: -89.0 / -82.0)
INFO     [2021-06-02 10:21:30,275]: *** sta1-wlan1: Scanning for ap1-ssid
INFO     [2021-06-02 10:21:30,277]: *** sta3-wlan1: Scan detected ap1-ssid in range (signal: -89.0 / -82.0)
INFO     [2021-06-02 10:21:31,283]: *** sta3-wlan1: Scan detected ap1-ssid in range (signal: -89.0 / -82.0)
INFO     [2021-06-02 10:21:32,271]: *** sta3-wlan1: Scanning for ap1-ssid
INFO     [2021-06-02 10:21:32,291]: *** sta3-wlan1: Scan detected ap1-ssid in range (signal: -89.0 / -82.0)
INFO     [2021-06-02 10:21:33,329]: *** sta3-wlan1: Scan detected ap1-ssid in range (signal: -89.0 / -82.0)
INFO     [2021-06-02 10:21:34,335]: *** sta3-wlan1: Scan detected ap1-ssid in range (signal: -89.0 / -82.0)
INFO     [2021-06-02 10:21:35,341]: *** sta3-wlan1: Scan detected ap1-ssid in range (signal: -89.0 / -82.0)
INFO     [2021-06-02 10:21:36,347]: *** sta3-wlan1: Scan detected ap1-ssid in range (signal: -89.0 / -82.0)
INFO     [2021-06-02 10:21:37,051]: *** sta1-wlan1: Scanning for ap1-ssid
INFO     [2021-06-02 10:21:37,346]: *** sta1-wlan1: Scan detected ap1-ssid in range (signal: -88.0 / -82.0)
INFO     [2021-06-02 10:21:37,365]: *** sta3-wlan1: Scan detected ap1-ssid in range (signal: -89.0 / -82.0)
INFO     [2021-06-02 10:21:38,354]: *** sta1-wlan1: Scan detected ap1-ssid in range (signal: -88.0 / -82.0)
INFO     [2021-06-02 10:21:38,378]: *** sta3-wlan1: Scan detected ap1-ssid in range (signal: -89.0 / -82.0)
INFO     [2021-06-02 10:21:39,175]: *** sta3-wlan1: Scanning for ap1-ssid
INFO     [2021-06-02 10:21:39,368]: *** sta1-wlan1: Scan detected ap1-ssid in range (signal: -88.0 / -82.0)
INFO     [2021-06-02 10:21:39,383]: *** sta3-wlan1: Scan detected ap1-ssid in range (signal: -89.0 / -82.0)
INFO     [2021-06-02 10:21:40,375]: *** sta1-wlan1: Scan detected ap1-ssid in range (signal: -88.0 / -82.0)
INFO     [2021-06-02 10:21:40,390]: *** sta3-wlan1: Scan detected ap1-ssid in range (signal: -89.0 / -82.0)
INFO     [2021-06-02 10:21:41,381]: *** sta1-wlan1: Scan detected ap1-ssid in range (signal: -88.0 / -82.0)
INFO     [2021-06-02 10:21:41,400]: *** sta3-wlan1: Scan detected ap1-ssid in range (signal: -89.0 / -82.0)
INFO     [2021-06-02 10:21:42,391]: *** sta1-wlan1: Scan detected ap1-ssid in range (signal: -88.0 / -82.0)
INFO     [2021-06-02 10:21:42,407]: *** sta3-wlan1: Scan detected ap1-ssid in range (signal: -89.0 / -82.0)
INFO     [2021-06-02 10:21:43,398]: *** sta1-wlan1: Scan detected ap1-ssid in range (signal: -88.0 / -82.0)
INFO     [2021-06-02 10:21:43,413]: *** sta3-wlan1: Scan detected ap1-ssid in range (signal: -89.0 / -82.0)
INFO     [2021-06-02 10:21:44,164]: *** sta1-wlan1: Scanning for ap1-ssid
INFO     [2021-06-02 10:21:44,406]: *** sta1-wlan1: Scan detected ap1-ssid in range (signal: -88.0 / -82.0)
INFO     [2021-06-02 10:21:44,418]: *** sta3-wlan1: Scan detected ap1-ssid in range (signal: -89.0 / -82.0)
INFO     [2021-06-02 10:21:45,412]: *** sta1-wlan1: Scan detected ap1-ssid in range (signal: -88.0 / -82.0)
INFO     [2021-06-02 10:21:45,423]: *** sta3-wlan1: Scan detected ap1-ssid in range (signal: -89.0 / -82.0)
INFO     [2021-06-02 10:21:46,323]: *** sta3-wlan1: Scanning for ap1-ssid
INFO     [2021-06-02 10:21:46,417]: *** sta1-wlan1: Scan detected ap1-ssid in range (signal: -88.0 / -82.0)
INFO     [2021-06-02 10:21:46,429]: *** sta3-wlan1: Scan detected ap1-ssid in range (signal: -89.0 / -82.0)
INFO     [2021-06-02 10:21:47,423]: *** sta1-wlan1: Scan detected ap1-ssid in range (signal: -88.0 / -82.0)
INFO     [2021-06-02 10:21:47,436]: *** sta3-wlan1: Scan detected ap1-ssid in range (signal: -89.0 / -82.0)
INFO     [2021-06-02 10:21:48,429]: *** sta1-wlan1: Scan detected ap1-ssid in range (signal: -88.0 / -82.0)
INFO     [2021-06-02 10:21:48,442]: *** sta3-wlan1: Scan detected ap1-ssid in range (signal: -89.0 / -82.0)
INFO     [2021-06-02 10:21:49,435]: *** sta1-wlan1: Scan detected ap1-ssid in range (signal: -88.0 / -82.0)
INFO     [2021-06-02 10:21:49,448]: *** sta3-wlan1: Scan detected ap1-ssid in range (signal: -89.0 / -82.0)
INFO     [2021-06-02 10:21:50,443]: *** sta1-wlan1: Scan detected ap1-ssid in range (signal: -88.0 / -82.0)
INFO     [2021-06-02 10:21:50,454]: *** sta3-wlan1: Scan detected ap1-ssid in range (signal: -89.0 / -82.0)
INFO     [2021-06-02 10:21:50,982]: *** sta1-wlan1: Scanning for ap1-ssid
INFO     [2021-06-02 10:21:51,448]: *** sta1-wlan1: Scan detected ap1-ssid in range (signal: -88.0 / -82.0)
INFO     [2021-06-02 10:21:51,459]: *** sta3-wlan1: Scan detected ap1-ssid in range (signal: -89.0 / -82.0)
INFO     [2021-06-02 10:21:52,668]: *** sta1-wlan1: Scan detected ap1-ssid in range (signal: -88.0 / -82.0)
INFO     [2021-06-02 10:21:52,672]: *** sta3-wlan1: Scan detected ap1-ssid in range (signal: -89.0 / -82.0)
INFO     [2021-06-02 10:21:53,191]: *** sta3-wlan1: Scanning for ap1-ssid
INFO     [2021-06-02 10:21:53,680]: *** sta1-wlan1: Scan detected ap1-ssid in range (signal: -88.0 / -82.0)
INFO     [2021-06-02 10:21:53,681]: *** sta3-wlan1: Scan detected ap1-ssid in range (signal: -89.0 / -82.0)
INFO     [2021-06-02 10:21:54,685]: *** sta3-wlan1: Scan detected ap1-ssid in range (signal: -89.0 / -82.0)
INFO     [2021-06-02 10:21:54,685]: *** sta1-wlan1: Scan detected ap1-ssid in range (signal: -88.0 / -82.0)
INFO     [2021-06-02 10:21:55,701]: *** sta1-wlan1: Scan detected ap1-ssid in range (signal: -88.0 / -82.0)
INFO     [2021-06-02 10:21:56,708]: *** sta1-wlan1: Scan detected ap1-ssid in range (signal: -88.0 / -82.0)
INFO     [2021-06-02 10:21:57,714]: *** sta1-wlan1: Scan detected ap1-ssid in range (signal: -88.0 / -82.0)
INFO     [2021-06-02 10:21:57,889]: *** sta1-wlan1: Scanning for ap1-ssid
INFO     [2021-06-02 10:21:58,718]: *** sta1-wlan1: Scan detected ap1-ssid in range (signal: -88.0 / -82.0)
INFO     [2021-06-02 10:21:59,726]: *** sta1-wlan1: Scan detected ap1-ssid in range (signal: -88.0 / -82.0)
INFO     [2021-06-02 10:21:59,983]: *** sta3-wlan1: Scanning for ap1-ssid
INFO     [2021-06-02 10:22:00,733]: *** sta1-wlan1: Scan detected ap1-ssid in range (signal: -88.0 / -82.0)
INFO     [2021-06-02 10:22:01,741]: *** sta1-wlan1: Scan detected ap1-ssid in range (signal: -88.0 / -82.0)
INFO     [2021-06-02 10:22:02,746]: *** sta1-wlan1: Scan detected ap1-ssid in range (signal: -88.0 / -82.0)
INFO     [2021-06-02 10:22:03,861]: *** sta1-wlan1: Scan detected ap1-ssid in range (signal: -88.0 / -82.0)
INFO     [2021-06-02 10:22:04,687]: *** sta1-wlan1: Scanning for ap1-ssid
INFO     [2021-06-02 10:22:04,870]: *** sta1-wlan1: Scan detected ap1-ssid in range (signal: -88.0 / -82.0)
INFO     [2021-06-02 10:22:05,879]: *** sta1-wlan1: Scan detected ap1-ssid in range (signal: -88.0 / -82.0)
INFO     [2021-06-02 10:22:06,886]: *** sta1-wlan1: Scan detected ap1-ssid in range (signal: -88.0 / -82.0)
INFO     [2021-06-02 10:22:06,975]: *** sta3-wlan1: Scanning for ap1-ssid
INFO     [2021-06-02 10:22:07,893]: *** sta1-wlan1: Scan detected ap1-ssid in range (signal: -88.0 / -82.0)
INFO     [2021-06-02 10:22:08,901]: *** sta1-wlan1: Scan detected ap1-ssid in range (signal: -88.0 / -82.0)
INFO     [2021-06-02 10:22:09,911]: *** sta1-wlan1: Scan detected ap1-ssid in range (signal: -88.0 / -82.0)
INFO     [2021-06-02 10:22:10,917]: *** sta1-wlan1: Scan detected ap1-ssid in range (signal: -88.0 / -82.0)
INFO     [2021-06-02 10:22:11,495]: *** sta1-wlan1: Scanning for ap1-ssid
INFO     [2021-06-02 10:22:14,018]: *** sta3-wlan1: Scanning for ap1-ssid
INFO     [2021-06-02 10:22:18,315]: *** sta1-wlan1: Scanning for ap1-ssid
INFO     [2021-06-02 10:22:20,810]: *** sta3-wlan1: Scanning for ap1-ssid
INFO     [2021-06-02 10:22:25,095]: *** sta1-wlan1: Scanning for ap1-ssid
INFO     [2021-06-02 10:22:27,594]: *** sta3-wlan1: Scanning for ap1-ssid
INFO     [2021-06-02 10:22:31,839]: *** sta1-wlan1: Scanning for ap1-ssid
INFO     [2021-06-02 10:22:34,362]: *** sta3-wlan1: Scanning for ap1-ssid
INFO     [2021-06-02 10:22:35,129]: *** sta3-wlan1: Scan detected ap1-ssid in range (signal: -89.0 / -82.0)
INFO     [2021-06-02 10:22:36,136]: *** sta3-wlan1: Scan detected ap1-ssid in range (signal: -89.0 / -82.0)
INFO     [2021-06-02 10:22:37,142]: *** sta3-wlan1: Scan detected ap1-ssid in range (signal: -89.0 / -82.0)
INFO     [2021-06-02 10:22:38,148]: *** sta3-wlan1: Scan detected ap1-ssid in range (signal: -89.0 / -82.0)
INFO     [2021-06-02 10:22:38,655]: *** sta1-wlan1: Scanning for ap1-ssid
INFO     [2021-06-02 10:22:39,154]: *** sta3-wlan1: Scan detected ap1-ssid in range (signal: -89.0 / -82.0)
INFO     [2021-06-02 10:22:40,160]: *** sta3-wlan1: Scan detected ap1-ssid in range (signal: -89.0 / -82.0)
INFO     [2021-06-02 10:22:41,165]: *** sta3-wlan1: Scan detected ap1-ssid in range (signal: -89.0 / -82.0)
INFO     [2021-06-02 10:22:41,182]: *** sta3-wlan1: Scanning for ap1-ssid
INFO     [2021-06-02 10:22:42,170]: *** sta3-wlan1: Scan detected ap1-ssid in range (signal: -89.0 / -82.0)
INFO     [2021-06-02 10:22:43,180]: *** sta3-wlan1: Scan detected ap1-ssid in range (signal: -89.0 / -82.0)
INFO     [2021-06-02 10:22:44,188]: *** sta3-wlan1: Scan detected ap1-ssid in range (signal: -89.0 / -82.0)
INFO     [2021-06-02 10:22:45,205]: *** sta3-wlan1: Scan detected ap1-ssid in range (signal: -89.0 / -82.0)
INFO     [2021-06-02 10:22:45,453]: *** sta1-wlan1: Scanning for ap1-ssid
INFO     [2021-06-02 10:22:46,210]: *** sta3-wlan1: Scan detected ap1-ssid in range (signal: -89.0 / -82.0)
INFO     [2021-06-02 10:22:47,224]: *** sta3-wlan1: Scan detected ap1-ssid in range (signal: -89.0 / -82.0)
INFO     [2021-06-02 10:22:47,959]: *** sta3-wlan1: Scanning for ap1-ssid
INFO     [2021-06-02 10:22:48,252]: *** sta3-wlan1: Scan detected ap1-ssid in range (signal: -89.0 / -82.0)
INFO     [2021-06-02 10:22:49,264]: *** sta3-wlan1: Scan detected ap1-ssid in range (signal: -89.0 / -82.0)
INFO     [2021-06-02 10:22:50,270]: *** sta3-wlan1: Scan detected ap1-ssid in range (signal: -89.0 / -82.0)
INFO     [2021-06-02 10:22:51,278]: *** sta3-wlan1: Scan detected ap1-ssid in range (signal: -89.0 / -82.0)
INFO     [2021-06-02 10:22:52,282]: *** sta1-wlan1: Scanning for ap1-ssid
INFO     [2021-06-02 10:22:52,286]: *** sta3-wlan1: Scan detected ap1-ssid in range (signal: -89.0 / -82.0)
INFO     [2021-06-02 10:22:53,171]: *** sta1-wlan1: Scan detected ap1-ssid in range (signal: -89.0 / -82.0)
INFO     [2021-06-02 10:22:53,293]: *** sta3-wlan1: Scan detected ap1-ssid in range (signal: -89.0 / -82.0)
INFO     [2021-06-02 10:22:54,177]: *** sta1-wlan1: Scan detected ap1-ssid in range (signal: -89.0 / -82.0)
INFO     [2021-06-02 10:22:54,298]: *** sta3-wlan1: Scan detected ap1-ssid in range (signal: -89.0 / -82.0)
INFO     [2021-06-02 10:22:54,771]: *** sta3-wlan1: Scanning for ap1-ssid
INFO     [2021-06-02 10:22:55,184]: *** sta1-wlan1: Scan detected ap1-ssid in range (signal: -89.0 / -82.0)
INFO     [2021-06-02 10:22:55,303]: *** sta3-wlan1: Scan detected ap1-ssid in range (signal: -86.0 / -82.0)
INFO     [2021-06-02 10:22:56,195]: *** sta1-wlan1: Scan detected ap1-ssid in range (signal: -89.0 / -82.0)
INFO     [2021-06-02 10:22:56,311]: *** sta3-wlan1: Scan detected ap1-ssid in range (signal: -86.0 / -82.0)
INFO     [2021-06-02 10:22:57,201]: *** sta1-wlan1: Scan detected ap1-ssid in range (signal: -89.0 / -82.0)
INFO     [2021-06-02 10:22:57,317]: *** sta3-wlan1: Scan detected ap1-ssid in range (signal: -86.0 / -82.0)
INFO     [2021-06-02 10:22:58,212]: *** sta1-wlan1: Scan detected ap1-ssid in range (signal: -89.0 / -82.0)
INFO     [2021-06-02 10:22:58,324]: *** sta3-wlan1: Scan detected ap1-ssid in range (signal: -86.0 / -82.0)
INFO     [2021-06-02 10:22:59,050]: *** sta1-wlan1: Scanning for ap1-ssid
INFO     [2021-06-02 10:22:59,223]: *** sta1-wlan1: Scan detected ap1-ssid in range (signal: -89.0 / -82.0)
INFO     [2021-06-02 10:22:59,330]: *** sta3-wlan1: Scan detected ap1-ssid in range (signal: -86.0 / -82.0)
INFO     [2021-06-02 10:23:00,229]: *** sta1-wlan1: Scan detected ap1-ssid in range (signal: -89.0 / -82.0)
INFO     [2021-06-02 10:23:00,344]: *** sta3-wlan1: Scan detected ap1-ssid in range (signal: -86.0 / -82.0)
INFO     [2021-06-02 10:23:01,236]: *** sta1-wlan1: Scan detected ap1-ssid in range (signal: -89.0 / -82.0)
INFO     [2021-06-02 10:23:01,352]: *** sta3-wlan1: Scan detected ap1-ssid in range (signal: -86.0 / -82.0)
INFO     [2021-06-02 10:23:01,536]: *** sta3-wlan1: Scanning for ap1-ssid
INFO     [2021-06-02 10:23:02,251]: *** sta1-wlan1: Scan detected ap1-ssid in range (signal: -89.0 / -82.0)
INFO     [2021-06-02 10:23:02,357]: *** sta3-wlan1: Scan detected ap1-ssid in range (signal: -86.0 / -82.0)
INFO     [2021-06-02 10:23:03,257]: *** sta1-wlan1: Scan detected ap1-ssid in range (signal: -89.0 / -82.0)
INFO     [2021-06-02 10:23:03,363]: *** sta3-wlan1: Scan detected ap1-ssid in range (signal: -86.0 / -82.0)
INFO     [2021-06-02 10:23:04,272]: *** sta1-wlan1: Scan detected ap1-ssid in range (signal: -89.0 / -82.0)
INFO     [2021-06-02 10:23:04,369]: *** sta3-wlan1: Scan detected ap1-ssid in range (signal: -86.0 / -82.0)
INFO     [2021-06-02 10:23:05,277]: *** sta1-wlan1: Scan detected ap1-ssid in range (signal: -89.0 / -82.0)
INFO     [2021-06-02 10:23:05,375]: *** sta3-wlan1: Scan detected ap1-ssid in range (signal: -86.0 / -82.0)
INFO     [2021-06-02 10:23:05,858]: *** sta1-wlan1: Scanning for ap1-ssid
INFO     [2021-06-02 10:23:06,282]: *** sta1-wlan1: Scan detected ap1-ssid in range (signal: -89.0 / -82.0)
INFO     [2021-06-02 10:23:06,393]: *** sta3-wlan1: Scan detected ap1-ssid in range (signal: -86.0 / -82.0)
INFO     [2021-06-02 10:23:07,286]: *** sta1-wlan1: Scan detected ap1-ssid in range (signal: -89.0 / -82.0)
INFO     [2021-06-02 10:23:07,400]: *** sta3-wlan1: Scan detected ap1-ssid in range (signal: -86.0 / -82.0)
INFO     [2021-06-02 10:23:08,291]: *** sta3-wlan1: Scanning for ap1-ssid
INFO     [2021-06-02 10:23:08,291]: *** sta1-wlan1: Scan detected ap1-ssid in range (signal: -89.0 / -82.0)
INFO     [2021-06-02 10:23:08,408]: *** sta3-wlan1: Scan detected ap1-ssid in range (signal: -86.0 / -82.0)
INFO     [2021-06-02 10:23:09,296]: *** sta1-wlan1: Scan detected ap1-ssid in range (signal: -89.0 / -82.0)
INFO     [2021-06-02 10:23:09,414]: *** sta3-wlan1: Scan detected ap1-ssid in range (signal: -86.0 / -82.0)
INFO     [2021-06-02 10:23:10,303]: *** sta1-wlan1: Scan detected ap1-ssid in range (signal: -89.0 / -82.0)
INFO     [2021-06-02 10:23:10,419]: *** sta3-wlan1: Scan detected ap1-ssid in range (signal: -86.0 / -82.0)
INFO     [2021-06-02 10:23:11,308]: *** sta1-wlan1: Scan detected ap1-ssid in range (signal: -89.0 / -82.0)
INFO     [2021-06-02 10:23:11,424]: *** sta3-wlan1: Scan detected ap1-ssid in range (signal: -86.0 / -82.0)
INFO     [2021-06-02 10:23:12,313]: *** sta1-wlan1: Scan detected ap1-ssid in range (signal: -89.0 / -82.0)
INFO     [2021-06-02 10:23:12,430]: *** sta3-wlan1: Scan detected ap1-ssid in range (signal: -86.0 / -82.0)
INFO     [2021-06-02 10:23:12,663]: *** sta1-wlan1: Scanning for ap1-ssid
INFO     [2021-06-02 10:23:13,321]: *** sta1-wlan1: Scan detected ap1-ssid in range (signal: -89.0 / -82.0)
INFO     [2021-06-02 10:23:13,502]: *** sta3-wlan1: Scan detected ap1-ssid in range (signal: -86.0 / -82.0)
INFO     [2021-06-02 10:23:14,331]: *** sta1-wlan1: Scan detected ap1-ssid in range (signal: -89.0 / -82.0)
INFO     [2021-06-02 10:23:14,523]: *** sta3-wlan1: Scan detected ap1-ssid in range (signal: -86.0 / -82.0)
INFO     [2021-06-02 10:23:15,057]: *** sta3-wlan1: Scanning for ap1-ssid
INFO     [2021-06-02 10:23:15,356]: *** sta1-wlan1: Scan detected ap1-ssid in range (signal: -89.0 / -82.0)
INFO     [2021-06-02 10:23:15,534]: *** sta3-wlan1: Scan detected ap1-ssid in range (signal: -86.0 / -82.0)
INFO     [2021-06-02 10:23:16,381]: *** sta1-wlan1: Scan detected ap1-ssid in range (signal: -89.0 / -82.0)
INFO     [2021-06-02 10:23:16,539]: *** sta3-wlan1: Scan detected ap1-ssid in range (signal: -86.0 / -82.0)
INFO     [2021-06-02 10:23:17,390]: *** sta1-wlan1: Scan detected ap1-ssid in range (signal: -89.0 / -82.0)
INFO     [2021-06-02 10:23:17,546]: *** sta3-wlan1: Scan detected ap1-ssid in range (signal: -86.0 / -82.0)
INFO     [2021-06-02 10:23:18,424]: *** sta1-wlan1: Scan detected ap1-ssid in range (signal: -89.0 / -82.0)
INFO     [2021-06-02 10:23:18,555]: *** sta3-wlan1: Scan detected ap1-ssid in range (signal: -86.0 / -82.0)
INFO     [2021-06-02 10:23:19,458]: *** sta1-wlan1: Scan detected ap1-ssid in range (signal: -89.0 / -82.0)
INFO     [2021-06-02 10:23:19,565]: *** sta3-wlan1: Scan detected ap1-ssid in range (signal: -86.0 / -82.0)
INFO     [2021-06-02 10:23:19,738]: *** sta1-wlan1: Scanning for ap1-ssid
INFO     [2021-06-02 10:23:20,476]: *** sta1-wlan1: Scan detected ap1-ssid in range (signal: -88.0 / -82.0)
INFO     [2021-06-02 10:23:20,573]: *** sta3-wlan1: Scan detected ap1-ssid in range (signal: -86.0 / -82.0)
INFO     [2021-06-02 10:23:21,483]: *** sta1-wlan1: Scan detected ap1-ssid in range (signal: -88.0 / -82.0)
INFO     [2021-06-02 10:23:21,581]: *** sta3-wlan1: Scan detected ap1-ssid in range (signal: -86.0 / -82.0)
INFO     [2021-06-02 10:23:22,007]: *** sta3-wlan1: Scanning for ap1-ssid
INFO     [2021-06-02 10:23:22,488]: *** sta1-wlan1: Scan detected ap1-ssid in range (signal: -88.0 / -82.0)
INFO     [2021-06-02 10:23:22,586]: *** sta3-wlan1: Scan detected ap1-ssid in range (signal: -86.0 / -82.0)
INFO     [2021-06-02 10:23:23,495]: *** sta1-wlan1: Scan detected ap1-ssid in range (signal: -88.0 / -82.0)
INFO     [2021-06-02 10:23:23,594]: *** sta3-wlan1: Scan detected ap1-ssid in range (signal: -86.0 / -82.0)
INFO     [2021-06-02 10:23:24,500]: *** sta1-wlan1: Scan detected ap1-ssid in range (signal: -88.0 / -82.0)
INFO     [2021-06-02 10:23:24,598]: *** sta3-wlan1: Scan detected ap1-ssid in range (signal: -86.0 / -82.0)
INFO     [2021-06-02 10:23:25,511]: *** sta1-wlan1: Scan detected ap1-ssid in range (signal: -88.0 / -82.0)
INFO     [2021-06-02 10:23:25,603]: *** sta3-wlan1: Scan detected ap1-ssid in range (signal: None / -82.0)
INFO     [2021-06-02 10:23:26,526]: *** sta1-wlan1: Scan detected ap1-ssid in range (signal: -88.0 / -82.0)
INFO     [2021-06-02 10:23:26,648]: *** sta1-wlan1: Scanning for ap1-ssid
INFO     [2021-06-02 10:23:27,535]: *** sta1-wlan1: Scan detected ap1-ssid in range (signal: -88.0 / -82.0)
INFO     [2021-06-02 10:23:28,540]: *** sta1-wlan1: Scan detected ap1-ssid in range (signal: -88.0 / -82.0)
INFO     [2021-06-02 10:23:28,804]: *** sta3-wlan1: Scanning for ap1-ssid
INFO     [2021-06-02 10:23:29,547]: *** sta1-wlan1: Scan detected ap1-ssid in range (signal: -88.0 / -82.0)
INFO     [2021-06-02 10:23:30,553]: *** sta1-wlan1: Scan detected ap1-ssid in range (signal: -88.0 / -82.0)
INFO     [2021-06-02 10:23:31,560]: *** sta1-wlan1: Scan detected ap1-ssid in range (signal: -88.0 / -82.0)
INFO     [2021-06-02 10:23:32,565]: *** sta1-wlan1: Scan detected ap1-ssid in range (signal: -88.0 / -82.0)
INFO     [2021-06-02 10:23:33,446]: *** sta1-wlan1: Scanning for ap1-ssid
INFO     [2021-06-02 10:23:33,573]: *** sta1-wlan1: Scan detected ap1-ssid in range (signal: -90.0 / -82.0)
INFO     [2021-06-02 10:23:34,580]: *** sta1-wlan1: Scan detected ap1-ssid in range (signal: -90.0 / -82.0)
INFO     [2021-06-02 10:23:35,585]: *** sta3-wlan1: Scanning for ap1-ssid
INFO     [2021-06-02 10:23:35,588]: *** sta1-wlan1: Scan detected ap1-ssid in range (signal: -90.0 / -82.0)
INFO     [2021-06-02 10:23:36,598]: *** sta1-wlan1: Scan detected ap1-ssid in range (signal: -90.0 / -82.0)
INFO     [2021-06-02 10:23:37,608]: *** sta1-wlan1: Scan detected ap1-ssid in range (signal: -90.0 / -82.0)
INFO     [2021-06-02 10:23:38,622]: *** sta1-wlan1: Scan detected ap1-ssid in range (signal: -90.0 / -82.0)
INFO     [2021-06-02 10:23:39,628]: *** sta1-wlan1: Scan detected ap1-ssid in range (signal: -90.0 / -82.0)
INFO     [2021-06-02 10:23:40,238]: *** sta1-wlan1: Scanning for ap1-ssid
INFO     [2021-06-02 10:23:40,635]: *** sta1-wlan1: Scan detected ap1-ssid in range (signal: -90.0 / -82.0)
INFO     [2021-06-02 10:23:41,640]: *** sta1-wlan1: Scan detected ap1-ssid in range (signal: -90.0 / -82.0)
INFO     [2021-06-02 10:23:42,342]: *** sta3-wlan1: Scanning for ap1-ssid
INFO     [2021-06-02 10:23:42,645]: *** sta1-wlan1: Scan detected ap1-ssid in range (signal: -90.0 / -82.0)
INFO     [2021-06-02 10:23:43,653]: *** sta1-wlan1: Scan detected ap1-ssid in range (signal: -90.0 / -82.0)
INFO     [2021-06-02 10:23:44,658]: *** sta1-wlan1: Scan detected ap1-ssid in range (signal: -90.0 / -82.0)
INFO     [2021-06-02 10:23:45,666]: *** sta1-wlan1: Scan detected ap1-ssid in range (signal: -90.0 / -82.0)
INFO     [2021-06-02 10:23:46,673]: *** sta1-wlan1: Scan detected ap1-ssid in range (signal: -90.0 / -82.0)
INFO     [2021-06-02 10:23:47,047]: *** sta1-wlan1: Scanning for ap1-ssid
INFO     [2021-06-02 10:23:47,679]: *** sta1-wlan1: Scan detected ap1-ssid in range (signal: -89.0 / -82.0)
INFO     [2021-06-02 10:23:48,686]: *** sta1-wlan1: Scan detected ap1-ssid in range (signal: -89.0 / -82.0)
INFO     [2021-06-02 10:23:49,125]: *** sta3-wlan1: Scanning for ap1-ssid
INFO     [2021-06-02 10:23:49,691]: *** sta1-wlan1: Scan detected ap1-ssid in range (signal: -89.0 / -82.0)
INFO     [2021-06-02 10:23:50,697]: *** sta1-wlan1: Scan detected ap1-ssid in range (signal: -89.0 / -82.0)
INFO     [2021-06-02 10:23:51,704]: *** sta1-wlan1: Scan detected ap1-ssid in range (signal: -90.0 / -82.0)
INFO     [2021-06-02 10:23:52,713]: *** sta1-wlan1: Scan detected ap1-ssid in range (signal: -90.0 / -82.0)
INFO     [2021-06-02 10:23:53,719]: *** sta1-wlan1: Scan detected ap1-ssid in range (signal: -90.0 / -82.0)
INFO     [2021-06-02 10:23:53,883]: *** sta1-wlan1: Scanning for ap1-ssid
INFO     [2021-06-02 10:23:54,730]: *** sta1-wlan1: Scan detected ap1-ssid in range (signal: -90.0 / -82.0)
INFO     [2021-06-02 10:23:55,737]: *** sta1-wlan1: Scan detected ap1-ssid in range (signal: -90.0 / -82.0)
INFO     [2021-06-02 10:23:55,901]: *** sta3-wlan1: Scanning for ap1-ssid
INFO     [2021-06-02 10:23:56,747]: *** sta1-wlan1: Scan detected ap1-ssid in range (signal: -90.0 / -82.0)
INFO     [2021-06-02 10:23:57,755]: *** sta1-wlan1: Scan detected ap1-ssid in range (signal: -90.0 / -82.0)
INFO     [2021-06-02 10:23:58,762]: *** sta1-wlan1: Scan detected ap1-ssid in range (signal: -90.0 / -82.0)
INFO     [2021-06-02 10:23:59,768]: *** sta1-wlan1: Scan detected ap1-ssid in range (signal: -90.0 / -82.0)
INFO     [2021-06-02 10:24:00,653]: *** sta1-wlan1: Scanning for ap1-ssid
INFO     [2021-06-02 10:24:00,788]: *** sta1-wlan1: Scan detected ap1-ssid in range (signal: -90.0 / -82.0)
INFO     [2021-06-02 10:24:01,795]: *** sta1-wlan1: Scan detected ap1-ssid in range (signal: -90.0 / -82.0)
INFO     [2021-06-02 10:24:02,659]: *** sta3-wlan1: Scanning for ap1-ssid
INFO     [2021-06-02 10:24:02,832]: *** sta1-wlan1: Scan detected ap1-ssid in range (signal: -90.0 / -82.0)
INFO     [2021-06-02 10:24:03,847]: *** sta1-wlan1: Scan detected ap1-ssid in range (signal: -90.0 / -82.0)
INFO     [2021-06-02 10:24:04,856]: *** sta1-wlan1: Scan detected ap1-ssid in range (signal: -90.0 / -82.0)
INFO     [2021-06-02 10:24:05,861]: *** sta1-wlan1: Scan detected ap1-ssid in range (signal: -90.0 / -82.0)
INFO     [2021-06-02 10:24:06,868]: *** sta1-wlan1: Scan detected ap1-ssid in range (signal: -90.0 / -82.0)
INFO     [2021-06-02 10:24:07,660]: *** sta1-wlan1: Scanning for ap1-ssid
INFO     [2021-06-02 10:24:07,890]: *** sta1-wlan1: Scan detected ap1-ssid in range (signal: -90.0 / -82.0)
INFO     [2021-06-02 10:24:08,923]: *** sta1-wlan1: Scan detected ap1-ssid in range (signal: -90.0 / -82.0)
INFO     [2021-06-02 10:24:09,595]: *** sta3-wlan1: Scanning for ap1-ssid
INFO     [2021-06-02 10:24:09,931]: *** sta1-wlan1: Scan detected ap1-ssid in range (signal: -90.0 / -82.0)
INFO     [2021-06-02 10:24:10,937]: *** sta1-wlan1: Scan detected ap1-ssid in range (signal: -90.0 / -82.0)
INFO     [2021-06-02 10:24:11,948]: *** sta1-wlan1: Scan detected ap1-ssid in range (signal: -90.0 / -82.0)
INFO     [2021-06-02 10:24:12,955]: *** sta1-wlan1: Scan detected ap1-ssid in range (signal: -90.0 / -82.0)
INFO     [2021-06-02 10:24:13,966]: *** sta1-wlan1: Scan detected ap1-ssid in range (signal: -90.0 / -82.0)
INFO     [2021-06-02 10:24:14,587]: *** sta1-wlan1: Scanning for ap1-ssid
INFO     [2021-06-02 10:24:14,997]: *** sta1-wlan1: Scan detected ap1-ssid in range (signal: -88.0 / -82.0)
INFO     [2021-06-02 10:24:16,007]: *** sta1-wlan1: Scan detected ap1-ssid in range (signal: -88.0 / -82.0)
INFO     [2021-06-02 10:24:16,494]: *** sta3-wlan1: Scanning for ap1-ssid
INFO     [2021-06-02 10:24:17,012]: *** sta1-wlan1: Scan detected ap1-ssid in range (signal: -88.0 / -82.0)
INFO     [2021-06-02 10:24:18,017]: *** sta1-wlan1: Scan detected ap1-ssid in range (signal: -88.0 / -82.0)
INFO     [2021-06-02 10:24:19,026]: *** sta1-wlan1: Scan detected ap1-ssid in range (signal: -88.0 / -82.0)
INFO     [2021-06-02 10:24:20,033]: *** sta1-wlan1: Scan detected ap1-ssid in range (signal: -88.0 / -82.0)
INFO     [2021-06-02 10:24:21,045]: *** sta1-wlan1: Scan detected ap1-ssid in range (signal: -88.0 / -82.0)
INFO     [2021-06-02 10:24:21,651]: *** sta1-wlan1: Scanning for ap1-ssid
INFO     [2021-06-02 10:24:22,050]: *** sta1-wlan1: Scan detected ap1-ssid in range (signal: -89.0 / -82.0)
INFO     [2021-06-02 10:24:23,060]: *** sta1-wlan1: Scan detected ap1-ssid in range (signal: -89.0 / -82.0)
INFO     [2021-06-02 10:24:23,265]: *** sta3-wlan1: Scanning for ap1-ssid
INFO     [2021-06-02 10:24:24,065]: *** sta1-wlan1: Scan detected ap1-ssid in range (signal: -89.0 / -82.0)
INFO     [2021-06-02 10:24:25,073]: *** sta1-wlan1: Scan detected ap1-ssid in range (signal: -89.0 / -82.0)
INFO     [2021-06-02 10:24:26,078]: *** sta1-wlan1: Scan detected ap1-ssid in range (signal: -83.0 / -82.0)
INFO     [2021-06-02 10:24:27,086]: *** sta1-wlan1: Scan detected ap1-ssid in range (signal: -83.0 / -82.0)
INFO     [2021-06-02 10:24:28,094]: *** sta1-wlan1: Scan detected ap1-ssid in range (signal: -83.0 / -82.0)
INFO     [2021-06-02 10:24:28,449]: *** sta1-wlan1: Scanning for ap1-ssid
INFO     [2021-06-02 10:24:29,099]: *** sta1-wlan1: Scan detected ap1-ssid in range (signal: -90.0 / -82.0)
INFO     [2021-06-02 10:24:30,043]: *** sta3-wlan1: Scanning for ap1-ssid
INFO     [2021-06-02 10:24:30,104]: *** sta1-wlan1: Scan detected ap1-ssid in range (signal: -90.0 / -82.0)
INFO     [2021-06-02 10:24:31,111]: *** sta1-wlan1: Scan detected ap1-ssid in range (signal: -90.0 / -82.0)
INFO     [2021-06-02 10:24:32,120]: *** sta1-wlan1: Scan detected ap1-ssid in range (signal: -90.0 / -82.0)
INFO     [2021-06-02 10:24:33,126]: *** sta1-wlan1: Scan detected ap1-ssid in range (signal: -90.0 / -82.0)
INFO     [2021-06-02 10:24:34,132]: *** sta1-wlan1: Scan detected ap1-ssid in range (signal: -90.0 / -82.0)
INFO     [2021-06-02 10:24:35,137]: *** sta1-wlan1: Scan detected ap1-ssid in range (signal: -90.0 / -82.0)
INFO     [2021-06-02 10:24:35,264]: *** sta1-wlan1: Scanning for ap1-ssid
INFO     [2021-06-02 10:24:36,143]: *** sta1-wlan1: Scan detected ap1-ssid in range (signal: -86.0 / -82.0)
INFO     [2021-06-02 10:24:37,034]: *** sta3-wlan1: Scanning for ap1-ssid
INFO     [2021-06-02 10:24:37,148]: *** sta1-wlan1: Scan detected ap1-ssid in range (signal: -86.0 / -82.0)
INFO     [2021-06-02 10:24:38,152]: *** sta1-wlan1: Scan detected ap1-ssid in range (signal: -86.0 / -82.0)
INFO     [2021-06-02 10:24:39,156]: *** sta1-wlan1: Scan detected ap1-ssid in range (signal: -86.0 / -82.0)
INFO     [2021-06-02 10:24:40,164]: *** sta1-wlan1: Scan detected ap1-ssid in range (signal: -86.0 / -82.0)
INFO     [2021-06-02 10:24:41,170]: *** sta1-wlan1: Scan detected ap1-ssid in range (signal: -86.0 / -82.0)
INFO     [2021-06-02 10:24:42,060]: *** sta1-wlan1: Scanning for ap1-ssid
INFO     [2021-06-02 10:24:42,174]: *** sta1-wlan1: Scan detected ap1-ssid in range (signal: -79.0 / -82.0)
INFO     [2021-06-02 10:24:42,174]: *** sta1-wlan0: OLSR runnning: Killing olsrd process (PID: 148011)
INFO     [2021-06-02 10:24:42,175]: *** sta1-wlan0: Killed given olsrd process (PID: 148011)
INFO     [2021-06-02 10:24:42,199]: *** sta1-wlan0: IBSS leave completed
INFO     [2021-06-02 10:24:42,201]: *** sta1-wlan0: Set type to managed
INFO     [2021-06-02 10:24:43,819]: *** sta3-wlan1: Scanning for ap1-ssid
INFO     [2021-06-02 10:24:48,827]: *** sta1-wlan1: Scanning for ap1-ssid
INFO     [2021-06-02 10:24:50,559]: *** sta3-wlan1: Scanning for ap1-ssid
INFO     [2021-06-02 10:24:55,603]: *** sta1-wlan1: Scanning for ap1-ssid
INFO     [2021-06-02 10:24:57,350]: *** sta3-wlan1: Scanning for ap1-ssid
INFO     [2021-06-02 10:25:02,363]: *** sta1-wlan1: Scanning for ap1-ssid
INFO     [2021-06-02 10:25:04,126]: *** sta3-wlan1: Scanning for ap1-ssid
INFO     [2021-06-02 10:25:09,178]: *** sta1-wlan1: Scanning for ap1-ssid
INFO     [2021-06-02 10:25:10,890]: *** sta3-wlan1: Scanning for ap1-ssid
INFO     [2021-06-02 10:25:15,979]: *** sta1-wlan1: Scanning for ap1-ssid
INFO     [2021-06-02 10:25:17,687]: *** sta3-wlan1: Scanning for ap1-ssid
INFO     [2021-06-02 10:25:22,722]: *** sta1-wlan1: Scanning for ap1-ssid
INFO     [2021-06-02 10:25:24,439]: *** sta3-wlan1: Scanning for ap1-ssid
INFO     [2021-06-02 10:25:29,458]: *** sta1-wlan1: Scanning for ap1-ssid
INFO     [2021-06-02 10:25:31,202]: *** sta3-wlan1: Scanning for ap1-ssid
INFO     [2021-06-02 10:25:36,223]: *** sta1-wlan1: Scanning for ap1-ssid
INFO     [2021-06-02 10:25:37,962]: *** sta3-wlan1: Scanning for ap1-ssid
INFO     [2021-06-02 10:25:42,983]: *** sta1-wlan1: Scanning for ap1-ssid
INFO     [2021-06-02 10:25:44,763]: *** sta3-wlan1: Scanning for ap1-ssid
INFO     [2021-06-02 10:25:49,819]: *** sta1-wlan1: Scanning for ap1-ssid
INFO     [2021-06-02 10:25:51,563]: *** sta3-wlan1: Scanning for ap1-ssid
INFO     [2021-06-02 10:25:56,610]: *** sta1-wlan1: Scanning for ap1-ssid
INFO     [2021-06-02 10:25:58,379]: *** sta3-wlan1: Scanning for ap1-ssid
INFO     [2021-06-02 10:26:03,415]: *** sta1-wlan1: Scanning for ap1-ssid
INFO     [2021-06-02 10:26:05,175]: *** sta3-wlan1: Scanning for ap1-ssid
INFO     [2021-06-02 10:26:10,199]: *** sta1-wlan1: Scanning for ap1-ssid
INFO     [2021-06-02 10:26:11,955]: *** sta3-wlan1: Scanning for ap1-ssid
INFO     [2021-06-02 10:26:17,011]: *** sta1-wlan1: Scanning for ap1-ssid
INFO     [2021-06-02 10:26:18,763]: *** sta3-wlan1: Scanning for ap1-ssid
INFO     [2021-06-02 10:26:23,786]: *** sta1-wlan1: Scanning for ap1-ssid
INFO     [2021-06-02 10:26:25,575]: *** sta3-wlan1: Scanning for ap1-ssid
INFO     [2021-06-02 10:26:30,582]: *** sta1-wlan1: Scanning for ap1-ssid
INFO     [2021-06-02 10:26:32,351]: *** sta3-wlan1: Scanning for ap1-ssid
INFO     [2021-06-02 10:26:37,378]: *** sta1-wlan1: Scanning for ap1-ssid
INFO     [2021-06-02 10:26:39,119]: *** sta3-wlan1: Scanning for ap1-ssid
INFO     [2021-06-02 10:26:44,150]: *** sta1-wlan1: Scanning for ap1-ssid
INFO     [2021-06-02 10:26:45,858]: *** sta3-wlan1: Scanning for ap1-ssid
INFO     [2021-06-02 10:26:50,898]: *** sta1-wlan1: Scanning for ap1-ssid
INFO     [2021-06-02 10:26:52,638]: *** sta3-wlan1: Scanning for ap1-ssid
INFO     [2021-06-02 10:26:57,703]: *** sta1-wlan1: Scanning for ap1-ssid
INFO     [2021-06-02 10:26:59,446]: *** sta3-wlan1: Scanning for ap1-ssid
INFO     [2021-06-02 10:27:04,506]: *** sta1-wlan1: Scanning for ap1-ssid
INFO     [2021-06-02 10:27:06,247]: *** sta3-wlan1: Scanning for ap1-ssid
INFO     [2021-06-02 10:27:11,314]: *** sta1-wlan1: Scanning for ap1-ssid
INFO     [2021-06-02 10:27:13,054]: *** sta3-wlan1: Scanning for ap1-ssid
INFO     [2021-06-02 10:27:18,106]: *** sta1-wlan1: Scanning for ap1-ssid
INFO     [2021-06-02 10:27:19,843]: *** sta3-wlan1: Scanning for ap1-ssid
INFO     [2021-06-02 10:27:24,879]: *** sta1-wlan1: Scanning for ap1-ssid
INFO     [2021-06-02 10:27:26,590]: *** sta3-wlan1: Scanning for ap1-ssid
INFO     [2021-06-02 10:27:31,614]: *** sta1-wlan1: Scanning for ap1-ssid
INFO     [2021-06-02 10:27:33,323]: *** sta3-wlan1: Scanning for ap1-ssid
INFO     [2021-06-02 10:27:38,366]: *** sta1-wlan1: Scanning for ap1-ssid
INFO     [2021-06-02 10:27:40,107]: *** sta3-wlan1: Scanning for ap1-ssid
INFO     [2021-06-02 10:27:45,154]: *** sta1-wlan1: Scanning for ap1-ssid
INFO     [2021-06-02 10:27:46,909]: *** sta3-wlan1: Scanning for ap1-ssid
INFO     [2021-06-02 10:27:51,943]: *** sta1-wlan1: Scanning for ap1-ssid
INFO     [2021-06-02 10:27:53,719]: *** sta3-wlan1: Scanning for ap1-ssid
INFO     [2021-06-02 10:27:58,734]: *** sta1-wlan1: Scanning for ap1-ssid
INFO     [2021-06-02 10:28:00,515]: *** sta3-wlan1: Scanning for ap1-ssid
INFO     [2021-06-02 10:28:05,538]: *** sta1-wlan1: Scanning for ap1-ssid
INFO     [2021-06-02 10:28:07,315]: *** sta3-wlan1: Scanning for ap1-ssid
INFO     [2021-06-02 10:28:12,335]: *** sta1-wlan1: Scanning for ap1-ssid
INFO     [2021-06-02 10:28:14,115]: *** sta3-wlan1: Scanning for ap1-ssid
INFO     [2021-06-02 10:28:19,134]: *** sta1-wlan1: Scanning for ap1-ssid
INFO     [2021-06-02 10:28:20,882]: *** sta3-wlan1: Scanning for ap1-ssid
INFO     [2021-06-02 10:28:25,890]: *** sta1-wlan1: Scanning for ap1-ssid
INFO     [2021-06-02 10:28:27,643]: *** sta3-wlan1: Scanning for ap1-ssid
INFO     [2021-06-02 10:28:32,626]: *** sta1-wlan1: Scanning for ap1-ssid
INFO     [2021-06-02 10:28:34,402]: *** sta3-wlan1: Scanning for ap1-ssid
INFO     [2021-06-02 10:28:39,399]: *** sta1-wlan1: Scanning for ap1-ssid
INFO     [2021-06-02 10:28:41,158]: *** sta3-wlan1: Scanning for ap1-ssid
INFO     [2021-06-02 10:28:46,150]: *** sta1-wlan1: Scanning for ap1-ssid
INFO     [2021-06-02 10:28:47,906]: *** sta3-wlan1: Scanning for ap1-ssid
INFO     [2021-06-02 10:28:52,886]: *** sta1-wlan1: Scanning for ap1-ssid
INFO     [2021-06-02 10:28:54,638]: *** sta3-wlan1: Scanning for ap1-ssid
INFO     [2021-06-02 10:28:59,614]: *** sta1-wlan1: Scanning for ap1-ssid
INFO     [2021-06-02 10:29:01,371]: *** sta3-wlan1: Scanning for ap1-ssid
INFO     [2021-06-02 10:29:06,395]: *** sta1-wlan1: Scanning for ap1-ssid
INFO     [2021-06-02 10:29:08,115]: *** sta3-wlan1: Scanning for ap1-ssid
INFO     [2021-06-02 10:29:13,190]: *** sta1-wlan1: Scanning for ap1-ssid
INFO     [2021-06-02 10:29:14,926]: *** sta3-wlan1: Scanning for ap1-ssid
INFO     [2021-06-02 10:29:19,993]: *** sta1-wlan1: Scanning for ap1-ssid
INFO     [2021-06-02 10:29:21,726]: *** sta3-wlan1: Scanning for ap1-ssid
INFO     [2021-06-02 10:29:26,782]: *** sta1-wlan1: Scanning for ap1-ssid
INFO     [2021-06-02 10:29:28,506]: *** sta3-wlan1: Scanning for ap1-ssid
INFO     [2021-06-02 10:29:33,570]: *** sta1-wlan1: Scanning for ap1-ssid
INFO     [2021-06-02 10:29:35,266]: *** sta3-wlan1: Scanning for ap1-ssid
INFO     [2021-06-02 10:29:40,312]: *** sta1-wlan1: Scanning for ap1-ssid
INFO     [2021-06-02 10:29:42,038]: *** sta3-wlan1: Scanning for ap1-ssid
INFO     [2021-06-02 10:29:47,129]: *** sta1-wlan1: Scanning for ap1-ssid
INFO     [2021-06-02 10:29:48,839]: *** sta3-wlan1: Scanning for ap1-ssid
INFO     [2021-06-02 10:29:53,935]: *** sta1-wlan1: Scanning for ap1-ssid
INFO     [2021-06-02 10:29:55,642]: *** sta3-wlan1: Scanning for ap1-ssid
INFO     [2021-06-02 10:30:00,730]: *** sta1-wlan1: Scanning for ap1-ssid
INFO     [2021-06-02 10:30:02,410]: *** sta3-wlan1: Scanning for ap1-ssid
INFO     [2021-06-02 10:30:07,470]: *** sta1-wlan1: Scanning for ap1-ssid
INFO     [2021-06-02 10:30:09,152]: *** sta3-wlan1: Scanning for ap1-ssid
INFO     [2021-06-02 10:30:14,272]: *** sta1-wlan1: Scanning for ap1-ssid
INFO     [2021-06-02 10:30:15,951]: *** sta3-wlan1: Scanning for ap1-ssid
INFO     [2021-06-02 10:30:21,071]: *** sta1-wlan1: Scanning for ap1-ssid
INFO     [2021-06-02 10:30:22,726]: *** sta3-wlan1: Scanning for ap1-ssid
INFO     [2021-06-02 10:30:27,835]: *** sta1-wlan1: Scanning for ap1-ssid
INFO     [2021-06-02 10:30:29,459]: *** sta3-wlan1: Scanning for ap1-ssid
INFO     [2021-06-02 10:30:34,622]: *** sta1-wlan1: Scanning for ap1-ssid
INFO     [2021-06-02 10:30:36,215]: *** sta3-wlan1: Scanning for ap1-ssid
INFO     [2021-06-02 10:30:41,366]: *** sta1-wlan1: Scanning for ap1-ssid
INFO     [2021-06-02 10:30:42,974]: *** sta3-wlan1: Scanning for ap1-ssid
INFO     [2021-06-02 10:30:48,158]: *** sta1-wlan1: Scanning for ap1-ssid
INFO     [2021-06-02 10:30:49,751]: *** sta3-wlan1: Scanning for ap1-ssid
INFO     [2021-06-02 10:30:54,946]: *** sta1-wlan1: Scanning for ap1-ssid
INFO     [2021-06-02 10:30:56,538]: *** sta3-wlan1: Scanning for ap1-ssid
INFO     [2021-06-02 10:31:01,719]: *** sta1-wlan1: Scanning for ap1-ssid
INFO     [2021-06-02 10:31:03,330]: *** sta3-wlan1: Scanning for ap1-ssid
INFO     [2021-06-02 10:31:08,470]: *** sta1-wlan1: Scanning for ap1-ssid
INFO     [2021-06-02 10:31:10,123]: *** sta3-wlan1: Scanning for ap1-ssid
INFO     [2021-06-02 10:31:15,271]: *** sta1-wlan1: Scanning for ap1-ssid
INFO     [2021-06-02 10:31:16,926]: *** sta3-wlan1: Scanning for ap1-ssid
INFO     [2021-06-02 10:31:22,074]: *** sta1-wlan1: Scanning for ap1-ssid
INFO     [2021-06-02 10:31:23,703]: *** sta3-wlan1: Scanning for ap1-ssid
INFO     [2021-06-02 10:31:28,875]: *** sta1-wlan1: Scanning for ap1-ssid
INFO     [2021-06-02 10:31:30,507]: *** sta3-wlan1: Scanning for ap1-ssid
INFO     [2021-06-02 10:31:35,666]: *** sta1-wlan1: Scanning for ap1-ssid
INFO     [2021-06-02 10:31:37,320]: *** sta3-wlan1: Scanning for ap1-ssid
INFO     [2021-06-02 10:31:42,470]: *** sta1-wlan1: Scanning for ap1-ssid
INFO     [2021-06-02 10:31:44,102]: *** sta3-wlan1: Scanning for ap1-ssid
INFO     [2021-06-02 10:31:49,263]: *** sta1-wlan1: Scanning for ap1-ssid
INFO     [2021-06-02 10:31:50,910]: *** sta3-wlan1: Scanning for ap1-ssid
INFO     [2021-06-02 10:31:56,039]: *** sta1-wlan1: Scanning for ap1-ssid
INFO     [2021-06-02 10:31:57,679]: *** sta3-wlan1: Scanning for ap1-ssid
INFO     [2021-06-02 10:32:02,822]: *** sta1-wlan1: Scanning for ap1-ssid
INFO     [2021-06-02 10:32:04,483]: *** sta3-wlan1: Scanning for ap1-ssid
INFO     [2021-06-02 10:32:09,610]: *** sta1-wlan1: Scanning for ap1-ssid
INFO     [2021-06-02 10:32:11,280]: *** sta3-wlan1: Scanning for ap1-ssid
INFO     [2021-06-02 10:32:16,390]: *** sta1-wlan1: Scanning for ap1-ssid
INFO     [2021-06-02 10:32:18,043]: *** sta3-wlan1: Scanning for ap1-ssid
INFO     [2021-06-02 10:32:23,206]: *** sta1-wlan1: Scanning for ap1-ssid
INFO     [2021-06-02 10:32:24,832]: *** sta3-wlan1: Scanning for ap1-ssid
INFO     [2021-06-02 10:32:29,951]: *** sta1-wlan1: Scanning for ap1-ssid
INFO     [2021-06-02 10:32:31,606]: *** sta3-wlan1: Scanning for ap1-ssid
INFO     [2021-06-02 10:32:36,738]: *** sta1-wlan1: Scanning for ap1-ssid
INFO     [2021-06-02 10:32:38,382]: *** sta3-wlan1: Scanning for ap1-ssid
INFO     [2021-06-02 10:32:43,567]: *** sta1-wlan1: Scanning for ap1-ssid
INFO     [2021-06-02 10:32:45,166]: *** sta3-wlan1: Scanning for ap1-ssid
INFO     [2021-06-02 10:32:50,354]: *** sta1-wlan1: Scanning for ap1-ssid
INFO     [2021-06-02 10:32:51,950]: *** sta3-wlan1: Scanning for ap1-ssid
INFO     [2021-06-02 10:32:57,143]: *** sta1-wlan1: Scanning for ap1-ssid
INFO     [2021-06-02 10:32:58,687]: *** sta3-wlan1: Scanning for ap1-ssid
INFO     [2021-06-02 10:33:03,938]: *** sta1-wlan1: Scanning for ap1-ssid
INFO     [2021-06-02 10:33:05,458]: *** sta3-wlan1: Scanning for ap1-ssid
INFO     [2021-06-02 10:33:10,722]: *** sta1-wlan1: Scanning for ap1-ssid
INFO     [2021-06-02 10:33:12,258]: *** sta3-wlan1: Scanning for ap1-ssid
INFO     [2021-06-02 10:33:17,473]: *** sta1-wlan1: Scanning for ap1-ssid
INFO     [2021-06-02 10:33:18,995]: *** sta3-wlan1: Scanning for ap1-ssid
INFO     [2021-06-02 10:33:24,245]: *** sta1-wlan1: Scanning for ap1-ssid
INFO     [2021-06-02 10:33:25,760]: *** sta3-wlan1: Scanning for ap1-ssid
INFO     [2021-06-02 10:33:30,982]: *** sta1-wlan1: Scanning for ap1-ssid
INFO     [2021-06-02 10:33:32,506]: *** sta3-wlan1: Scanning for ap1-ssid
INFO     [2021-06-02 10:33:37,715]: *** sta1-wlan1: Scanning for ap1-ssid
INFO     [2021-06-02 10:33:39,238]: *** sta3-wlan1: Scanning for ap1-ssid
INFO     [2021-06-02 10:33:44,447]: *** sta1-wlan1: Scanning for ap1-ssid
INFO     [2021-06-02 10:33:45,971]: *** sta3-wlan1: Scanning for ap1-ssid
INFO     [2021-06-02 10:33:51,207]: *** sta1-wlan1: Scanning for ap1-ssid
INFO     [2021-06-02 10:33:52,751]: *** sta3-wlan1: Scanning for ap1-ssid
INFO     [2021-06-02 10:33:57,971]: *** sta1-wlan1: Scanning for ap1-ssid
