INFO     [2021-06-02 03:54:41,934]: *** sta1-wlan0: Started flexible_sdn.py
INFO     [2021-06-02 03:54:41,938]: *** sta3-wlan0: Started flexible_sdn.py
INFO     [2021-06-02 03:54:41,940]: *** sta1: Interface: sta1-wlan0, Scan-interface: sta1-wlan1
INFO     [2021-06-02 03:54:41,943]: *** sta3: Interface: sta3-wlan0, Scan-interface: sta3-wlan1
INFO     [2021-06-02 03:57:12,876]: *** sta3-wlan1: Scanner started. Searching for ap1-ssid with interval 1.0
INFO     [2021-06-02 03:57:12,880]: *** sta3-wlan0: Set type to ibss
INFO     [2021-06-02 03:57:12,882]: *** sta3-wlan0: Set ip link up
INFO     [2021-06-02 03:57:12,884]: *** sta3-wlan0: Join ibss adhocNet
INFO     [2021-06-02 03:57:12,928]: *** sta1-wlan1: Scanner started. Searching for ap1-ssid with interval 1.0
INFO     [2021-06-02 03:57:12,931]: *** sta1-wlan0: Set type to ibss
INFO     [2021-06-02 03:57:12,933]: *** sta1-wlan0: Set ip link up
INFO     [2021-06-02 03:57:12,935]: *** sta1-wlan0: Join ibss adhocNet
INFO     [2021-06-02 03:57:12,937]: *** sta1-wlan0: Starting OLSR
INFO     [2021-06-02 03:57:13,878]: *** sta3-wlan1: Scanning for ap1-ssid
INFO     [2021-06-02 03:57:13,930]: *** sta1-wlan1: Scanning for ap1-ssid
INFO     [2021-06-02 03:57:17,948]: *** sta1-wlan0: Started olsrd in the background (PID: )
INFO     [2021-06-02 03:57:18,636]: *** sta3-wlan1: Scanning for ap1-ssid
INFO     [2021-06-02 03:57:18,696]: *** sta1-wlan1: Scanning for ap1-ssid
INFO     [2021-06-02 03:57:18,953]: *** sta1-wlan1: Scan detected ap1-ssid in range (signal: -89.0 / -80.0)
INFO     [2021-06-02 03:57:19,960]: *** sta1-wlan1: Scan detected ap1-ssid in range (signal: -89.0 / -80.0)
INFO     [2021-06-02 03:57:20,712]: *** sta3-wlan0: Starting OLSR
INFO     [2021-06-02 03:57:20,724]: *** sta3-wlan0: Started olsrd in the background (PID: )
INFO     [2021-06-02 03:57:20,964]: *** sta1-wlan1: Scan detected ap1-ssid in range (signal: -89.0 / -80.0)
INFO     [2021-06-02 03:57:21,732]: *** sta3-wlan1: Scan detected ap1-ssid in range (signal: -90.0 / -80.0)
INFO     [2021-06-02 03:57:21,974]: *** sta1-wlan1: Scan detected ap1-ssid in range (signal: -89.0 / -80.0)
INFO     [2021-06-02 03:57:22,740]: *** sta3-wlan1: Scan detected ap1-ssid in range (signal: -90.0 / -80.0)
INFO     [2021-06-02 03:57:22,979]: *** sta1-wlan1: Scan detected ap1-ssid in range (signal: -89.0 / -80.0)
INFO     [2021-06-02 03:57:23,424]: *** sta3-wlan1: Scanning for ap1-ssid
INFO     [2021-06-02 03:57:23,461]: *** sta1-wlan1: Scanning for ap1-ssid
INFO     [2021-06-02 03:57:23,747]: *** sta3-wlan1: Scan detected ap1-ssid in range (signal: -87.0 / -80.0)
INFO     [2021-06-02 03:57:23,984]: *** sta1-wlan1: Scan detected ap1-ssid in range (signal: -89.0 / -80.0)
INFO     [2021-06-02 03:57:24,752]: *** sta3-wlan1: Scan detected ap1-ssid in range (signal: -87.0 / -80.0)
INFO     [2021-06-02 03:57:24,991]: *** sta1-wlan1: Scan detected ap1-ssid in range (signal: -89.0 / -80.0)
INFO     [2021-06-02 03:57:25,757]: *** sta3-wlan1: Scan detected ap1-ssid in range (signal: -87.0 / -80.0)
INFO     [2021-06-02 03:57:25,998]: *** sta1-wlan1: Scan detected ap1-ssid in range (signal: -89.0 / -80.0)
INFO     [2021-06-02 03:57:26,764]: *** sta3-wlan1: Scan detected ap1-ssid in range (signal: -87.0 / -80.0)
INFO     [2021-06-02 03:57:27,006]: *** sta1-wlan1: Scan detected ap1-ssid in range (signal: -89.0 / -80.0)
INFO     [2021-06-02 03:57:27,771]: *** sta3-wlan1: Scan detected ap1-ssid in range (signal: -87.0 / -80.0)
INFO     [2021-06-02 03:57:28,012]: *** sta1-wlan1: Scan detected ap1-ssid in range (signal: -89.0 / -80.0)
INFO     [2021-06-02 03:57:28,180]: *** sta3-wlan1: Scanning for ap1-ssid
INFO     [2021-06-02 03:57:28,228]: *** sta1-wlan1: Scanning for ap1-ssid
INFO     [2021-06-02 03:57:28,787]: *** sta3-wlan1: Scan detected ap1-ssid in range (signal: -90.0 / -80.0)
INFO     [2021-06-02 03:57:29,019]: *** sta1-wlan1: Scan detected ap1-ssid in range (signal: -89.0 / -80.0)
INFO     [2021-06-02 03:57:29,793]: *** sta3-wlan1: Scan detected ap1-ssid in range (signal: -90.0 / -80.0)
INFO     [2021-06-02 03:57:30,024]: *** sta1-wlan1: Scan detected ap1-ssid in range (signal: -89.0 / -80.0)
INFO     [2021-06-02 03:57:30,803]: *** sta3-wlan1: Scan detected ap1-ssid in range (signal: -90.0 / -80.0)
INFO     [2021-06-02 03:57:31,029]: *** sta1-wlan1: Scan detected ap1-ssid in range (signal: -89.0 / -80.0)
INFO     [2021-06-02 03:57:31,809]: *** sta3-wlan1: Scan detected ap1-ssid in range (signal: -90.0 / -80.0)
INFO     [2021-06-02 03:57:32,039]: *** sta1-wlan1: Scan detected ap1-ssid in range (signal: -89.0 / -80.0)
INFO     [2021-06-02 03:57:32,814]: *** sta3-wlan1: Scan detected ap1-ssid in range (signal: -90.0 / -80.0)
INFO     [2021-06-02 03:57:32,972]: *** sta3-wlan1: Scanning for ap1-ssid
INFO     [2021-06-02 03:57:33,022]: *** sta1-wlan1: Scanning for ap1-ssid
INFO     [2021-06-02 03:57:33,045]: *** sta1-wlan1: Scan detected ap1-ssid in range (signal: -89.0 / -80.0)
INFO     [2021-06-02 03:57:33,820]: *** sta3-wlan1: Scan detected ap1-ssid in range (signal: -85.0 / -80.0)
INFO     [2021-06-02 03:57:34,052]: *** sta1-wlan1: Scan detected ap1-ssid in range (signal: -89.0 / -80.0)
INFO     [2021-06-02 03:57:34,829]: *** sta3-wlan1: Scan detected ap1-ssid in range (signal: -85.0 / -80.0)
INFO     [2021-06-02 03:57:35,060]: *** sta1-wlan1: Scan detected ap1-ssid in range (signal: -89.0 / -80.0)
INFO     [2021-06-02 03:57:35,834]: *** sta3-wlan1: Scan detected ap1-ssid in range (signal: -85.0 / -80.0)
INFO     [2021-06-02 03:57:36,071]: *** sta1-wlan1: Scan detected ap1-ssid in range (signal: -89.0 / -80.0)
INFO     [2021-06-02 03:57:36,839]: *** sta3-wlan1: Scan detected ap1-ssid in range (signal: -85.0 / -80.0)
INFO     [2021-06-02 03:57:37,078]: *** sta1-wlan1: Scan detected ap1-ssid in range (signal: -89.0 / -80.0)
INFO     [2021-06-02 03:57:37,771]: *** sta3-wlan1: Scanning for ap1-ssid
INFO     [2021-06-02 03:57:37,846]: *** sta3-wlan1: Scan detected ap1-ssid in range (signal: -85.0 / -80.0)
INFO     [2021-06-02 03:57:37,849]: *** sta1-wlan1: Scanning for ap1-ssid
INFO     [2021-06-02 03:57:38,084]: *** sta1-wlan1: Scan detected ap1-ssid in range (signal: -89.0 / -80.0)
INFO     [2021-06-02 03:57:38,853]: *** sta3-wlan1: Scan detected ap1-ssid in range (signal: -85.0 / -80.0)
INFO     [2021-06-02 03:57:39,096]: *** sta1-wlan1: Scan detected ap1-ssid in range (signal: -89.0 / -80.0)
INFO     [2021-06-02 03:57:39,858]: *** sta3-wlan1: Scan detected ap1-ssid in range (signal: -85.0 / -80.0)
INFO     [2021-06-02 03:57:40,103]: *** sta1-wlan1: Scan detected ap1-ssid in range (signal: -89.0 / -80.0)
INFO     [2021-06-02 03:57:40,864]: *** sta3-wlan1: Scan detected ap1-ssid in range (signal: -85.0 / -80.0)
INFO     [2021-06-02 03:57:41,108]: *** sta1-wlan1: Scan detected ap1-ssid in range (signal: -89.0 / -80.0)
INFO     [2021-06-02 03:57:41,872]: *** sta3-wlan1: Scan detected ap1-ssid in range (signal: -85.0 / -80.0)
INFO     [2021-06-02 03:57:42,115]: *** sta1-wlan1: Scan detected ap1-ssid in range (signal: -89.0 / -80.0)
INFO     [2021-06-02 03:57:42,544]: *** sta3-wlan1: Scanning for ap1-ssid
INFO     [2021-06-02 03:57:42,616]: *** sta1-wlan1: Scanning for ap1-ssid
INFO     [2021-06-02 03:57:42,879]: *** sta3-wlan1: Scan detected ap1-ssid in range (signal: -85.0 / -80.0)
INFO     [2021-06-02 03:57:43,124]: *** sta1-wlan1: Scan detected ap1-ssid in range (signal: -89.0 / -80.0)
INFO     [2021-06-02 03:57:43,885]: *** sta3-wlan1: Scan detected ap1-ssid in range (signal: -85.0 / -80.0)
INFO     [2021-06-02 03:57:44,139]: *** sta1-wlan1: Scan detected ap1-ssid in range (signal: -89.0 / -80.0)
INFO     [2021-06-02 03:57:44,890]: *** sta3-wlan1: Scan detected ap1-ssid in range (signal: -85.0 / -80.0)
INFO     [2021-06-02 03:57:45,148]: *** sta1-wlan1: Scan detected ap1-ssid in range (signal: -89.0 / -80.0)
INFO     [2021-06-02 03:57:45,904]: *** sta3-wlan1: Scan detected ap1-ssid in range (signal: -85.0 / -80.0)
INFO     [2021-06-02 03:57:46,152]: *** sta1-wlan1: Scan detected ap1-ssid in range (signal: -89.0 / -80.0)
INFO     [2021-06-02 03:57:46,911]: *** sta3-wlan1: Scan detected ap1-ssid in range (signal: -85.0 / -80.0)
INFO     [2021-06-02 03:57:47,160]: *** sta1-wlan1: Scan detected ap1-ssid in range (signal: -89.0 / -80.0)
INFO     [2021-06-02 03:57:47,325]: *** sta3-wlan1: Scanning for ap1-ssid
INFO     [2021-06-02 03:57:47,419]: *** sta1-wlan1: Scanning for ap1-ssid
INFO     [2021-06-02 03:57:47,930]: *** sta3-wlan1: Scan detected ap1-ssid in range (signal: -85.0 / -80.0)
INFO     [2021-06-02 03:57:48,166]: *** sta1-wlan1: Scan detected ap1-ssid in range (signal: -89.0 / -80.0)
INFO     [2021-06-02 03:57:48,936]: *** sta3-wlan1: Scan detected ap1-ssid in range (signal: -85.0 / -80.0)
INFO     [2021-06-02 03:57:49,171]: *** sta1-wlan1: Scan detected ap1-ssid in range (signal: -89.0 / -80.0)
INFO     [2021-06-02 03:57:49,945]: *** sta3-wlan1: Scan detected ap1-ssid in range (signal: -85.0 / -80.0)
INFO     [2021-06-02 03:57:50,179]: *** sta1-wlan1: Scan detected ap1-ssid in range (signal: -89.0 / -80.0)
INFO     [2021-06-02 03:57:50,955]: *** sta3-wlan1: Scan detected ap1-ssid in range (signal: -85.0 / -80.0)
INFO     [2021-06-02 03:57:51,185]: *** sta1-wlan1: Scan detected ap1-ssid in range (signal: -89.0 / -80.0)
INFO     [2021-06-02 03:57:52,001]: *** sta3-wlan1: Scan detected ap1-ssid in range (signal: -85.0 / -80.0)
INFO     [2021-06-02 03:57:52,193]: *** sta1-wlan1: Scan detected ap1-ssid in range (signal: -89.0 / -80.0)
INFO     [2021-06-02 03:57:52,213]: *** sta3-wlan1: Scanning for ap1-ssid
INFO     [2021-06-02 03:57:52,292]: *** sta1-wlan1: Scanning for ap1-ssid
INFO     [2021-06-02 03:57:53,006]: *** sta3-wlan1: Scan detected ap1-ssid in range (signal: -86.0 / -80.0)
INFO     [2021-06-02 03:57:53,200]: *** sta1-wlan1: Scan detected ap1-ssid in range (signal: -89.0 / -80.0)
INFO     [2021-06-02 03:57:54,011]: *** sta3-wlan1: Scan detected ap1-ssid in range (signal: -86.0 / -80.0)
INFO     [2021-06-02 03:57:54,222]: *** sta1-wlan1: Scan detected ap1-ssid in range (signal: -89.0 / -80.0)
INFO     [2021-06-02 03:57:55,016]: *** sta3-wlan1: Scan detected ap1-ssid in range (signal: -86.0 / -80.0)
INFO     [2021-06-02 03:57:55,229]: *** sta1-wlan1: Scan detected ap1-ssid in range (signal: -89.0 / -80.0)
INFO     [2021-06-02 03:57:56,024]: *** sta3-wlan1: Scan detected ap1-ssid in range (signal: -86.0 / -80.0)
INFO     [2021-06-02 03:57:56,235]: *** sta1-wlan1: Scan detected ap1-ssid in range (signal: -89.0 / -80.0)
INFO     [2021-06-02 03:57:57,041]: *** sta3-wlan1: Scan detected ap1-ssid in range (signal: -86.0 / -80.0)
INFO     [2021-06-02 03:57:57,149]: *** sta3-wlan1: Scanning for ap1-ssid
INFO     [2021-06-02 03:57:57,260]: *** sta1-wlan1: Scanning for ap1-ssid
INFO     [2021-06-02 03:57:58,049]: *** sta3-wlan1: Scan detected ap1-ssid in range (signal: -86.0 / -80.0)
INFO     [2021-06-02 03:57:59,055]: *** sta3-wlan1: Scan detected ap1-ssid in range (signal: -86.0 / -80.0)
INFO     [2021-06-02 03:58:00,065]: *** sta3-wlan1: Scan detected ap1-ssid in range (signal: -86.0 / -80.0)
INFO     [2021-06-02 03:58:01,071]: *** sta3-wlan1: Scan detected ap1-ssid in range (signal: -86.0 / -80.0)
INFO     [2021-06-02 03:58:01,954]: *** sta3-wlan1: Scanning for ap1-ssid
INFO     [2021-06-02 03:58:02,077]: *** sta1-wlan1: Scanning for ap1-ssid
INFO     [2021-06-02 03:58:02,077]: *** sta3-wlan1: Scan detected ap1-ssid in range (signal: -86.0 / -80.0)
INFO     [2021-06-02 03:58:03,082]: *** sta3-wlan1: Scan detected ap1-ssid in range (signal: -86.0 / -80.0)
INFO     [2021-06-02 03:58:04,086]: *** sta3-wlan1: Scan detected ap1-ssid in range (signal: -86.0 / -80.0)
INFO     [2021-06-02 03:58:05,094]: *** sta3-wlan1: Scan detected ap1-ssid in range (signal: -86.0 / -80.0)
INFO     [2021-06-02 03:58:06,101]: *** sta3-wlan1: Scan detected ap1-ssid in range (signal: -86.0 / -80.0)
INFO     [2021-06-02 03:58:06,700]: *** sta3-wlan1: Scanning for ap1-ssid
INFO     [2021-06-02 03:58:06,847]: *** sta1-wlan1: Scanning for ap1-ssid
INFO     [2021-06-02 03:58:07,106]: *** sta3-wlan1: Scan detected ap1-ssid in range (signal: -89.0 / -80.0)
INFO     [2021-06-02 03:58:08,112]: *** sta3-wlan1: Scan detected ap1-ssid in range (signal: -89.0 / -80.0)
INFO     [2021-06-02 03:58:09,127]: *** sta3-wlan1: Scan detected ap1-ssid in range (signal: -89.0 / -80.0)
INFO     [2021-06-02 03:58:10,131]: *** sta3-wlan1: Scan detected ap1-ssid in range (signal: -89.0 / -80.0)
INFO     [2021-06-02 03:58:11,136]: *** sta3-wlan1: Scan detected ap1-ssid in range (signal: -89.0 / -80.0)
INFO     [2021-06-02 03:58:11,511]: *** sta3-wlan1: Scanning for ap1-ssid
INFO     [2021-06-02 03:58:11,669]: *** sta1-wlan1: Scanning for ap1-ssid
INFO     [2021-06-02 03:58:12,141]: *** sta3-wlan1: Scan detected ap1-ssid in range (signal: -89.0 / -80.0)
INFO     [2021-06-02 03:58:13,147]: *** sta3-wlan1: Scan detected ap1-ssid in range (signal: -89.0 / -80.0)
INFO     [2021-06-02 03:58:14,154]: *** sta3-wlan1: Scan detected ap1-ssid in range (signal: -89.0 / -80.0)
INFO     [2021-06-02 03:58:15,160]: *** sta3-wlan1: Scan detected ap1-ssid in range (signal: -89.0 / -80.0)
INFO     [2021-06-02 03:58:16,166]: *** sta3-wlan1: Scan detected ap1-ssid in range (signal: -89.0 / -80.0)
INFO     [2021-06-02 03:58:16,288]: *** sta3-wlan1: Scanning for ap1-ssid
INFO     [2021-06-02 03:58:16,489]: *** sta1-wlan1: Scanning for ap1-ssid
INFO     [2021-06-02 03:58:17,174]: *** sta3-wlan1: Scan detected ap1-ssid in range (signal: -89.0 / -80.0)
INFO     [2021-06-02 03:58:18,181]: *** sta3-wlan1: Scan detected ap1-ssid in range (signal: -89.0 / -80.0)
INFO     [2021-06-02 03:58:19,188]: *** sta3-wlan1: Scan detected ap1-ssid in range (signal: -89.0 / -80.0)
INFO     [2021-06-02 03:58:20,199]: *** sta3-wlan1: Scan detected ap1-ssid in range (signal: -89.0 / -80.0)
INFO     [2021-06-02 03:58:21,071]: *** sta3-wlan1: Scanning for ap1-ssid
INFO     [2021-06-02 03:58:21,204]: *** sta3-wlan1: Scan detected ap1-ssid in range (signal: -89.0 / -80.0)
INFO     [2021-06-02 03:58:21,261]: *** sta1-wlan1: Scanning for ap1-ssid
INFO     [2021-06-02 03:58:21,374]: *** sta1-wlan1: Scan detected ap1-ssid in range (signal: -90.0 / -80.0)
INFO     [2021-06-02 03:58:22,212]: *** sta3-wlan1: Scan detected ap1-ssid in range (signal: -89.0 / -80.0)
INFO     [2021-06-02 03:58:22,382]: *** sta1-wlan1: Scan detected ap1-ssid in range (signal: -90.0 / -80.0)
INFO     [2021-06-02 03:58:23,218]: *** sta3-wlan1: Scan detected ap1-ssid in range (signal: -89.0 / -80.0)
INFO     [2021-06-02 03:58:23,387]: *** sta1-wlan1: Scan detected ap1-ssid in range (signal: -90.0 / -80.0)
INFO     [2021-06-02 03:58:24,222]: *** sta3-wlan1: Scan detected ap1-ssid in range (signal: -89.0 / -80.0)
INFO     [2021-06-02 03:58:24,393]: *** sta1-wlan1: Scan detected ap1-ssid in range (signal: -90.0 / -80.0)
INFO     [2021-06-02 03:58:25,228]: *** sta3-wlan1: Scan detected ap1-ssid in range (signal: -89.0 / -80.0)
INFO     [2021-06-02 03:58:25,398]: *** sta1-wlan1: Scan detected ap1-ssid in range (signal: -90.0 / -80.0)
INFO     [2021-06-02 03:58:25,873]: *** sta3-wlan1: Scanning for ap1-ssid
INFO     [2021-06-02 03:58:26,040]: *** sta1-wlan1: Scanning for ap1-ssid
INFO     [2021-06-02 03:58:26,233]: *** sta3-wlan1: Scan detected ap1-ssid in range (signal: -89.0 / -80.0)
INFO     [2021-06-02 03:58:26,405]: *** sta1-wlan1: Scan detected ap1-ssid in range (signal: -90.0 / -80.0)
INFO     [2021-06-02 03:58:27,239]: *** sta3-wlan1: Scan detected ap1-ssid in range (signal: -89.0 / -80.0)
INFO     [2021-06-02 03:58:27,410]: *** sta1-wlan1: Scan detected ap1-ssid in range (signal: -90.0 / -80.0)
INFO     [2021-06-02 03:58:28,247]: *** sta3-wlan1: Scan detected ap1-ssid in range (signal: -89.0 / -80.0)
INFO     [2021-06-02 03:58:28,415]: *** sta1-wlan1: Scan detected ap1-ssid in range (signal: -90.0 / -80.0)
INFO     [2021-06-02 03:58:29,253]: *** sta3-wlan1: Scan detected ap1-ssid in range (signal: -89.0 / -80.0)
INFO     [2021-06-02 03:58:29,421]: *** sta1-wlan1: Scan detected ap1-ssid in range (signal: -90.0 / -80.0)
INFO     [2021-06-02 03:58:30,258]: *** sta3-wlan1: Scan detected ap1-ssid in range (signal: -89.0 / -80.0)
INFO     [2021-06-02 03:58:30,427]: *** sta1-wlan1: Scan detected ap1-ssid in range (signal: -90.0 / -80.0)
INFO     [2021-06-02 03:58:30,720]: *** sta3-wlan1: Scanning for ap1-ssid
INFO     [2021-06-02 03:58:30,837]: *** sta1-wlan1: Scanning for ap1-ssid
INFO     [2021-06-02 03:58:31,264]: *** sta3-wlan1: Scan detected ap1-ssid in range (signal: -89.0 / -80.0)
INFO     [2021-06-02 03:58:31,443]: *** sta1-wlan1: Scan detected ap1-ssid in range (signal: -90.0 / -80.0)
INFO     [2021-06-02 03:58:32,271]: *** sta3-wlan1: Scan detected ap1-ssid in range (signal: -89.0 / -80.0)
INFO     [2021-06-02 03:58:32,449]: *** sta1-wlan1: Scan detected ap1-ssid in range (signal: -90.0 / -80.0)
INFO     [2021-06-02 03:58:33,278]: *** sta3-wlan1: Scan detected ap1-ssid in range (signal: -89.0 / -80.0)
INFO     [2021-06-02 03:58:33,458]: *** sta1-wlan1: Scan detected ap1-ssid in range (signal: -90.0 / -80.0)
INFO     [2021-06-02 03:58:34,285]: *** sta3-wlan1: Scan detected ap1-ssid in range (signal: -89.0 / -80.0)
INFO     [2021-06-02 03:58:34,463]: *** sta1-wlan1: Scan detected ap1-ssid in range (signal: -90.0 / -80.0)
INFO     [2021-06-02 03:58:35,298]: *** sta3-wlan1: Scan detected ap1-ssid in range (signal: -89.0 / -80.0)
INFO     [2021-06-02 03:58:35,468]: *** sta1-wlan1: Scan detected ap1-ssid in range (signal: -90.0 / -80.0)
INFO     [2021-06-02 03:58:35,551]: *** sta3-wlan1: Scanning for ap1-ssid
INFO     [2021-06-02 03:58:35,731]: *** sta1-wlan1: Scanning for ap1-ssid
INFO     [2021-06-02 03:58:36,304]: *** sta3-wlan1: Scan detected ap1-ssid in range (signal: -89.0 / -80.0)
INFO     [2021-06-02 03:58:36,476]: *** sta1-wlan1: Scan detected ap1-ssid in range (signal: -90.0 / -80.0)
INFO     [2021-06-02 03:58:37,309]: *** sta3-wlan1: Scan detected ap1-ssid in range (signal: -89.0 / -80.0)
INFO     [2021-06-02 03:58:37,481]: *** sta1-wlan1: Scan detected ap1-ssid in range (signal: -90.0 / -80.0)
INFO     [2021-06-02 03:58:38,316]: *** sta3-wlan1: Scan detected ap1-ssid in range (signal: -89.0 / -80.0)
INFO     [2021-06-02 03:58:38,487]: *** sta1-wlan1: Scan detected ap1-ssid in range (signal: -90.0 / -80.0)
INFO     [2021-06-02 03:58:39,322]: *** sta3-wlan1: Scan detected ap1-ssid in range (signal: -89.0 / -80.0)
INFO     [2021-06-02 03:58:39,494]: *** sta1-wlan1: Scan detected ap1-ssid in range (signal: -90.0 / -80.0)
INFO     [2021-06-02 03:58:40,330]: *** sta3-wlan1: Scan detected ap1-ssid in range (signal: -89.0 / -80.0)
INFO     [2021-06-02 03:58:40,357]: *** sta3-wlan1: Scanning for ap1-ssid
INFO     [2021-06-02 03:58:40,501]: *** sta1-wlan1: Scan detected ap1-ssid in range (signal: -90.0 / -80.0)
INFO     [2021-06-02 03:58:40,516]: *** sta1-wlan1: Scanning for ap1-ssid
INFO     [2021-06-02 03:58:41,340]: *** sta3-wlan1: Scan detected ap1-ssid in range (signal: -89.0 / -80.0)
INFO     [2021-06-02 03:58:41,506]: *** sta1-wlan1: Scan detected ap1-ssid in range (signal: -90.0 / -80.0)
INFO     [2021-06-02 03:58:42,348]: *** sta3-wlan1: Scan detected ap1-ssid in range (signal: -89.0 / -80.0)
INFO     [2021-06-02 03:58:42,523]: *** sta1-wlan1: Scan detected ap1-ssid in range (signal: -90.0 / -80.0)
INFO     [2021-06-02 03:58:43,366]: *** sta3-wlan1: Scan detected ap1-ssid in range (signal: -89.0 / -80.0)
INFO     [2021-06-02 03:58:43,538]: *** sta1-wlan1: Scan detected ap1-ssid in range (signal: -90.0 / -80.0)
INFO     [2021-06-02 03:58:44,377]: *** sta3-wlan1: Scan detected ap1-ssid in range (signal: -89.0 / -80.0)
INFO     [2021-06-02 03:58:44,547]: *** sta1-wlan1: Scan detected ap1-ssid in range (signal: -90.0 / -80.0)
INFO     [2021-06-02 03:58:45,130]: *** sta3-wlan1: Scanning for ap1-ssid
INFO     [2021-06-02 03:58:45,313]: *** sta1-wlan1: Scanning for ap1-ssid
INFO     [2021-06-02 03:58:45,392]: *** sta3-wlan1: Scan detected ap1-ssid in range (signal: -90.0 / -80.0)
INFO     [2021-06-02 03:58:45,561]: *** sta1-wlan1: Scan detected ap1-ssid in range (signal: -90.0 / -80.0)
INFO     [2021-06-02 03:58:46,400]: *** sta3-wlan1: Scan detected ap1-ssid in range (signal: -90.0 / -80.0)
INFO     [2021-06-02 03:58:46,566]: *** sta1-wlan1: Scan detected ap1-ssid in range (signal: -90.0 / -80.0)
INFO     [2021-06-02 03:58:47,407]: *** sta3-wlan1: Scan detected ap1-ssid in range (signal: -90.0 / -80.0)
INFO     [2021-06-02 03:58:47,573]: *** sta1-wlan1: Scan detected ap1-ssid in range (signal: -90.0 / -80.0)
INFO     [2021-06-02 03:58:48,413]: *** sta3-wlan1: Scan detected ap1-ssid in range (signal: -90.0 / -80.0)
INFO     [2021-06-02 03:58:48,578]: *** sta1-wlan1: Scan detected ap1-ssid in range (signal: -90.0 / -80.0)
INFO     [2021-06-02 03:58:49,418]: *** sta3-wlan1: Scan detected ap1-ssid in range (signal: -90.0 / -80.0)
INFO     [2021-06-02 03:58:49,582]: *** sta1-wlan1: Scan detected ap1-ssid in range (signal: -90.0 / -80.0)
INFO     [2021-06-02 03:58:50,109]: *** sta3-wlan1: Scanning for ap1-ssid
INFO     [2021-06-02 03:58:50,223]: *** sta1-wlan1: Scanning for ap1-ssid
INFO     [2021-06-02 03:58:50,424]: *** sta3-wlan1: Scan detected ap1-ssid in range (signal: -90.0 / -80.0)
INFO     [2021-06-02 03:58:50,587]: *** sta1-wlan1: Scan detected ap1-ssid in range (signal: -90.0 / -80.0)
INFO     [2021-06-02 03:58:51,431]: *** sta3-wlan1: Scan detected ap1-ssid in range (signal: -90.0 / -80.0)
INFO     [2021-06-02 03:58:52,437]: *** sta3-wlan1: Scan detected ap1-ssid in range (signal: -90.0 / -80.0)
INFO     [2021-06-02 03:58:53,443]: *** sta3-wlan1: Scan detected ap1-ssid in range (signal: -90.0 / -80.0)
INFO     [2021-06-02 03:58:54,448]: *** sta3-wlan1: Scan detected ap1-ssid in range (signal: -90.0 / -80.0)
INFO     [2021-06-02 03:58:54,907]: *** sta3-wlan1: Scanning for ap1-ssid
INFO     [2021-06-02 03:58:55,023]: *** sta1-wlan1: Scanning for ap1-ssid
INFO     [2021-06-02 03:58:55,453]: *** sta3-wlan1: Scan detected ap1-ssid in range (signal: -90.0 / -80.0)
INFO     [2021-06-02 03:58:56,460]: *** sta3-wlan1: Scan detected ap1-ssid in range (signal: -90.0 / -80.0)
INFO     [2021-06-02 03:58:57,465]: *** sta3-wlan1: Scan detected ap1-ssid in range (signal: -90.0 / -80.0)
INFO     [2021-06-02 03:58:58,470]: *** sta3-wlan1: Scan detected ap1-ssid in range (signal: -90.0 / -80.0)
INFO     [2021-06-02 03:58:59,479]: *** sta3-wlan1: Scan detected ap1-ssid in range (signal: -90.0 / -80.0)
INFO     [2021-06-02 03:58:59,693]: *** sta3-wlan1: Scanning for ap1-ssid
INFO     [2021-06-02 03:58:59,806]: *** sta1-wlan1: Scanning for ap1-ssid
INFO     [2021-06-02 03:59:00,485]: *** sta3-wlan1: Scan detected ap1-ssid in range (signal: -90.0 / -80.0)
INFO     [2021-06-02 03:59:01,490]: *** sta3-wlan1: Scan detected ap1-ssid in range (signal: -90.0 / -80.0)
INFO     [2021-06-02 03:59:02,501]: *** sta3-wlan1: Scan detected ap1-ssid in range (signal: -90.0 / -80.0)
INFO     [2021-06-02 03:59:03,506]: *** sta3-wlan1: Scan detected ap1-ssid in range (signal: -90.0 / -80.0)
INFO     [2021-06-02 03:59:04,505]: *** sta3-wlan1: Scanning for ap1-ssid
INFO     [2021-06-02 03:59:04,511]: *** sta3-wlan1: Scan detected ap1-ssid in range (signal: -90.0 / -80.0)
INFO     [2021-06-02 03:59:04,619]: *** sta1-wlan1: Scanning for ap1-ssid
INFO     [2021-06-02 03:59:05,520]: *** sta3-wlan1: Scan detected ap1-ssid in range (signal: -90.0 / -80.0)
INFO     [2021-06-02 03:59:06,526]: *** sta3-wlan1: Scan detected ap1-ssid in range (signal: -90.0 / -80.0)
INFO     [2021-06-02 03:59:07,533]: *** sta3-wlan1: Scan detected ap1-ssid in range (signal: -90.0 / -80.0)
INFO     [2021-06-02 03:59:08,585]: *** sta3-wlan1: Scan detected ap1-ssid in range (signal: -90.0 / -80.0)
INFO     [2021-06-02 03:59:09,341]: *** sta3-wlan1: Scanning for ap1-ssid
INFO     [2021-06-02 03:59:09,466]: *** sta1-wlan1: Scanning for ap1-ssid
INFO     [2021-06-02 03:59:09,590]: *** sta3-wlan1: Scan detected ap1-ssid in range (signal: -90.0 / -80.0)
INFO     [2021-06-02 03:59:10,595]: *** sta3-wlan1: Scan detected ap1-ssid in range (signal: -90.0 / -80.0)
INFO     [2021-06-02 03:59:11,600]: *** sta3-wlan1: Scan detected ap1-ssid in range (signal: -90.0 / -80.0)
INFO     [2021-06-02 03:59:12,610]: *** sta3-wlan1: Scan detected ap1-ssid in range (signal: -90.0 / -80.0)
INFO     [2021-06-02 03:59:13,625]: *** sta3-wlan1: Scan detected ap1-ssid in range (signal: -90.0 / -80.0)
INFO     [2021-06-02 03:59:14,149]: *** sta3-wlan1: Scanning for ap1-ssid
INFO     [2021-06-02 03:59:14,288]: *** sta1-wlan1: Scanning for ap1-ssid
INFO     [2021-06-02 03:59:14,631]: *** sta3-wlan1: Scan detected ap1-ssid in range (signal: -90.0 / -80.0)
INFO     [2021-06-02 03:59:18,988]: *** sta3-wlan1: Scanning for ap1-ssid
INFO     [2021-06-02 03:59:19,112]: *** sta1-wlan1: Scanning for ap1-ssid
INFO     [2021-06-02 03:59:23,895]: *** sta3-wlan1: Scanning for ap1-ssid
INFO     [2021-06-02 03:59:23,920]: *** sta1-wlan1: Scanning for ap1-ssid
INFO     [2021-06-02 03:59:28,699]: *** sta3-wlan1: Scanning for ap1-ssid
INFO     [2021-06-02 03:59:28,708]: *** sta1-wlan1: Scanning for ap1-ssid
INFO     [2021-06-02 03:59:33,488]: *** sta1-wlan1: Scanning for ap1-ssid
INFO     [2021-06-02 03:59:33,488]: *** sta3-wlan1: Scanning for ap1-ssid
INFO     [2021-06-02 03:59:38,269]: *** sta3-wlan1: Scanning for ap1-ssid
INFO     [2021-06-02 03:59:38,269]: *** sta1-wlan1: Scanning for ap1-ssid
INFO     [2021-06-02 03:59:38,796]: *** sta3-wlan1: Scan detected ap1-ssid in range (signal: -90.0 / -80.0)
INFO     [2021-06-02 03:59:39,801]: *** sta3-wlan1: Scan detected ap1-ssid in range (signal: -90.0 / -80.0)
INFO     [2021-06-02 03:59:40,805]: *** sta3-wlan1: Scan detected ap1-ssid in range (signal: -90.0 / -80.0)
INFO     [2021-06-02 03:59:41,811]: *** sta3-wlan1: Scan detected ap1-ssid in range (signal: -90.0 / -80.0)
INFO     [2021-06-02 03:59:42,816]: *** sta3-wlan1: Scan detected ap1-ssid in range (signal: -90.0 / -80.0)
INFO     [2021-06-02 03:59:43,244]: *** sta1-wlan1: Scanning for ap1-ssid
INFO     [2021-06-02 03:59:43,244]: *** sta3-wlan1: Scanning for ap1-ssid
INFO     [2021-06-02 03:59:43,822]: *** sta3-wlan1: Scan detected ap1-ssid in range (signal: -90.0 / -80.0)
INFO     [2021-06-02 03:59:44,827]: *** sta3-wlan1: Scan detected ap1-ssid in range (signal: -90.0 / -80.0)
INFO     [2021-06-02 03:59:45,838]: *** sta3-wlan1: Scan detected ap1-ssid in range (signal: -90.0 / -80.0)
INFO     [2021-06-02 03:59:46,844]: *** sta3-wlan1: Scan detected ap1-ssid in range (signal: -90.0 / -80.0)
INFO     [2021-06-02 03:59:47,849]: *** sta3-wlan1: Scan detected ap1-ssid in range (signal: -90.0 / -80.0)
INFO     [2021-06-02 03:59:47,992]: *** sta3-wlan1: Scanning for ap1-ssid
INFO     [2021-06-02 03:59:47,992]: *** sta1-wlan1: Scanning for ap1-ssid
INFO     [2021-06-02 03:59:48,854]: *** sta3-wlan1: Scan detected ap1-ssid in range (signal: -90.0 / -80.0)
INFO     [2021-06-02 03:59:49,859]: *** sta3-wlan1: Scan detected ap1-ssid in range (signal: -90.0 / -80.0)
INFO     [2021-06-02 03:59:50,864]: *** sta3-wlan1: Scan detected ap1-ssid in range (signal: -90.0 / -80.0)
INFO     [2021-06-02 03:59:51,869]: *** sta3-wlan1: Scan detected ap1-ssid in range (signal: -90.0 / -80.0)
INFO     [2021-06-02 03:59:52,749]: *** sta3-wlan1: Scanning for ap1-ssid
INFO     [2021-06-02 03:59:52,776]: *** sta1-wlan1: Scanning for ap1-ssid
INFO     [2021-06-02 03:59:52,876]: *** sta3-wlan1: Scan detected ap1-ssid in range (signal: -90.0 / -80.0)
INFO     [2021-06-02 03:59:53,881]: *** sta3-wlan1: Scan detected ap1-ssid in range (signal: -90.0 / -80.0)
INFO     [2021-06-02 03:59:54,886]: *** sta3-wlan1: Scan detected ap1-ssid in range (signal: -90.0 / -80.0)
INFO     [2021-06-02 03:59:55,892]: *** sta3-wlan1: Scan detected ap1-ssid in range (signal: -90.0 / -80.0)
INFO     [2021-06-02 03:59:56,900]: *** sta3-wlan1: Scan detected ap1-ssid in range (signal: -90.0 / -80.0)
INFO     [2021-06-02 03:59:57,492]: *** sta3-wlan1: Scanning for ap1-ssid
INFO     [2021-06-02 03:59:57,528]: *** sta1-wlan1: Scanning for ap1-ssid
INFO     [2021-06-02 03:59:57,913]: *** sta3-wlan1: Scan detected ap1-ssid in range (signal: -90.0 / -80.0)
INFO     [2021-06-02 03:59:58,920]: *** sta3-wlan1: Scan detected ap1-ssid in range (signal: -90.0 / -80.0)
INFO     [2021-06-02 03:59:59,929]: *** sta3-wlan1: Scan detected ap1-ssid in range (signal: -90.0 / -80.0)
INFO     [2021-06-02 04:00:00,943]: *** sta3-wlan1: Scan detected ap1-ssid in range (signal: -90.0 / -80.0)
INFO     [2021-06-02 04:00:01,949]: *** sta3-wlan1: Scan detected ap1-ssid in range (signal: -90.0 / -80.0)
INFO     [2021-06-02 04:00:02,295]: *** sta3-wlan1: Scanning for ap1-ssid
INFO     [2021-06-02 04:00:02,339]: *** sta1-wlan1: Scanning for ap1-ssid
INFO     [2021-06-02 04:00:02,958]: *** sta3-wlan1: Scan detected ap1-ssid in range (signal: -90.0 / -80.0)
INFO     [2021-06-02 04:00:03,964]: *** sta3-wlan1: Scan detected ap1-ssid in range (signal: -90.0 / -80.0)
INFO     [2021-06-02 04:00:04,968]: *** sta3-wlan1: Scan detected ap1-ssid in range (signal: -90.0 / -80.0)
INFO     [2021-06-02 04:00:05,972]: *** sta3-wlan1: Scan detected ap1-ssid in range (signal: -90.0 / -80.0)
INFO     [2021-06-02 04:00:06,978]: *** sta3-wlan1: Scan detected ap1-ssid in range (signal: -90.0 / -80.0)
INFO     [2021-06-02 04:00:07,147]: *** sta3-wlan1: Scanning for ap1-ssid
INFO     [2021-06-02 04:00:07,190]: *** sta1-wlan1: Scanning for ap1-ssid
INFO     [2021-06-02 04:00:07,986]: *** sta3-wlan1: Scan detected ap1-ssid in range (signal: -90.0 / -80.0)
INFO     [2021-06-02 04:00:11,917]: *** sta3-wlan1: Scanning for ap1-ssid
INFO     [2021-06-02 04:00:12,005]: *** sta1-wlan1: Scanning for ap1-ssid
INFO     [2021-06-02 04:00:16,721]: *** sta3-wlan1: Scanning for ap1-ssid
INFO     [2021-06-02 04:00:16,781]: *** sta1-wlan1: Scanning for ap1-ssid
INFO     [2021-06-02 04:00:21,476]: *** sta3-wlan1: Scanning for ap1-ssid
INFO     [2021-06-02 04:00:21,541]: *** sta1-wlan1: Scanning for ap1-ssid
INFO     [2021-06-02 04:00:26,237]: *** sta3-wlan1: Scanning for ap1-ssid
INFO     [2021-06-02 04:00:26,315]: *** sta1-wlan1: Scanning for ap1-ssid
INFO     [2021-06-02 04:00:31,075]: *** sta3-wlan1: Scanning for ap1-ssid
INFO     [2021-06-02 04:00:31,161]: *** sta1-wlan1: Scanning for ap1-ssid
INFO     [2021-06-02 04:00:35,894]: *** sta3-wlan1: Scanning for ap1-ssid
INFO     [2021-06-02 04:00:35,989]: *** sta1-wlan1: Scanning for ap1-ssid
INFO     [2021-06-02 04:00:36,270]: *** sta1-wlan1: Scan detected ap1-ssid in range (signal: -90.0 / -80.0)
INFO     [2021-06-02 04:00:37,276]: *** sta1-wlan1: Scan detected ap1-ssid in range (signal: -90.0 / -80.0)
INFO     [2021-06-02 04:00:38,281]: *** sta1-wlan1: Scan detected ap1-ssid in range (signal: -90.0 / -80.0)
INFO     [2021-06-02 04:00:39,286]: *** sta1-wlan1: Scan detected ap1-ssid in range (signal: -90.0 / -80.0)
INFO     [2021-06-02 04:00:40,290]: *** sta1-wlan1: Scan detected ap1-ssid in range (signal: -90.0 / -80.0)
INFO     [2021-06-02 04:00:40,680]: *** sta3-wlan1: Scanning for ap1-ssid
INFO     [2021-06-02 04:00:40,794]: *** sta1-wlan1: Scanning for ap1-ssid
INFO     [2021-06-02 04:00:41,295]: *** sta1-wlan1: Scan detected ap1-ssid in range (signal: -90.0 / -80.0)
INFO     [2021-06-02 04:00:42,301]: *** sta1-wlan1: Scan detected ap1-ssid in range (signal: -90.0 / -80.0)
INFO     [2021-06-02 04:00:43,306]: *** sta1-wlan1: Scan detected ap1-ssid in range (signal: -90.0 / -80.0)
INFO     [2021-06-02 04:00:44,311]: *** sta1-wlan1: Scan detected ap1-ssid in range (signal: -90.0 / -80.0)
INFO     [2021-06-02 04:00:45,318]: *** sta1-wlan1: Scan detected ap1-ssid in range (signal: -90.0 / -80.0)
INFO     [2021-06-02 04:00:45,496]: *** sta3-wlan1: Scanning for ap1-ssid
INFO     [2021-06-02 04:00:45,609]: *** sta1-wlan1: Scanning for ap1-ssid
INFO     [2021-06-02 04:00:46,326]: *** sta1-wlan1: Scan detected ap1-ssid in range (signal: -90.0 / -80.0)
INFO     [2021-06-02 04:00:47,332]: *** sta1-wlan1: Scan detected ap1-ssid in range (signal: -90.0 / -80.0)
INFO     [2021-06-02 04:00:48,336]: *** sta1-wlan1: Scan detected ap1-ssid in range (signal: -90.0 / -80.0)
INFO     [2021-06-02 04:00:49,355]: *** sta1-wlan1: Scan detected ap1-ssid in range (signal: -90.0 / -80.0)
INFO     [2021-06-02 04:00:50,360]: *** sta1-wlan1: Scan detected ap1-ssid in range (signal: -90.0 / -80.0)
INFO     [2021-06-02 04:00:50,369]: *** sta3-wlan1: Scanning for ap1-ssid
INFO     [2021-06-02 04:00:50,483]: *** sta1-wlan1: Scanning for ap1-ssid
INFO     [2021-06-02 04:00:51,388]: *** sta1-wlan1: Scan detected ap1-ssid in range (signal: -90.0 / -80.0)
INFO     [2021-06-02 04:00:52,394]: *** sta1-wlan1: Scan detected ap1-ssid in range (signal: -90.0 / -80.0)
INFO     [2021-06-02 04:00:53,401]: *** sta1-wlan1: Scan detected ap1-ssid in range (signal: -90.0 / -80.0)
INFO     [2021-06-02 04:00:54,407]: *** sta1-wlan1: Scan detected ap1-ssid in range (signal: -90.0 / -80.0)
INFO     [2021-06-02 04:00:55,196]: *** sta3-wlan1: Scanning for ap1-ssid
INFO     [2021-06-02 04:00:55,313]: *** sta1-wlan1: Scanning for ap1-ssid
INFO     [2021-06-02 04:00:55,412]: *** sta1-wlan1: Scan detected ap1-ssid in range (signal: -90.0 / -80.0)
INFO     [2021-06-02 04:00:56,420]: *** sta1-wlan1: Scan detected ap1-ssid in range (signal: -90.0 / -80.0)
INFO     [2021-06-02 04:00:57,431]: *** sta1-wlan1: Scan detected ap1-ssid in range (signal: -90.0 / -80.0)
INFO     [2021-06-02 04:00:58,436]: *** sta1-wlan1: Scan detected ap1-ssid in range (signal: -90.0 / -80.0)
INFO     [2021-06-02 04:00:59,442]: *** sta1-wlan1: Scan detected ap1-ssid in range (signal: -90.0 / -80.0)
INFO     [2021-06-02 04:01:00,004]: *** sta3-wlan1: Scanning for ap1-ssid
INFO     [2021-06-02 04:01:00,133]: *** sta1-wlan1: Scanning for ap1-ssid
INFO     [2021-06-02 04:01:00,447]: *** sta1-wlan1: Scan detected ap1-ssid in range (signal: -90.0 / -80.0)
INFO     [2021-06-02 04:01:01,452]: *** sta1-wlan1: Scan detected ap1-ssid in range (signal: -90.0 / -80.0)
INFO     [2021-06-02 04:01:02,457]: *** sta1-wlan1: Scan detected ap1-ssid in range (signal: -90.0 / -80.0)
INFO     [2021-06-02 04:01:03,462]: *** sta1-wlan1: Scan detected ap1-ssid in range (signal: -90.0 / -80.0)
INFO     [2021-06-02 04:01:04,468]: *** sta1-wlan1: Scan detected ap1-ssid in range (signal: -90.0 / -80.0)
INFO     [2021-06-02 04:01:04,817]: *** sta3-wlan1: Scanning for ap1-ssid
INFO     [2021-06-02 04:01:04,929]: *** sta1-wlan1: Scanning for ap1-ssid
INFO     [2021-06-02 04:01:05,482]: *** sta1-wlan1: Scan detected ap1-ssid in range (signal: -90.0 / -80.0)
INFO     [2021-06-02 04:01:09,739]: *** sta3-wlan1: Scanning for ap1-ssid
INFO     [2021-06-02 04:01:09,768]: *** sta1-wlan1: Scanning for ap1-ssid
INFO     [2021-06-02 04:01:10,463]: *** sta3-wlan1: Scan detected ap1-ssid in range (signal: -85.0 / -80.0)
INFO     [2021-06-02 04:01:11,469]: *** sta3-wlan1: Scan detected ap1-ssid in range (signal: -85.0 / -80.0)
INFO     [2021-06-02 04:01:12,480]: *** sta3-wlan1: Scan detected ap1-ssid in range (signal: -85.0 / -80.0)
INFO     [2021-06-02 04:01:13,486]: *** sta3-wlan1: Scan detected ap1-ssid in range (signal: -85.0 / -80.0)
INFO     [2021-06-02 04:01:14,504]: *** sta3-wlan1: Scan detected ap1-ssid in range (signal: -85.0 / -80.0)
INFO     [2021-06-02 04:01:14,533]: *** sta1-wlan1: Scanning for ap1-ssid
INFO     [2021-06-02 04:01:14,534]: *** sta3-wlan1: Scanning for ap1-ssid
INFO     [2021-06-02 04:01:15,523]: *** sta3-wlan1: Scan detected ap1-ssid in range (signal: -85.0 / -80.0)
INFO     [2021-06-02 04:01:16,528]: *** sta3-wlan1: Scan detected ap1-ssid in range (signal: -85.0 / -80.0)
INFO     [2021-06-02 04:01:17,534]: *** sta3-wlan1: Scan detected ap1-ssid in range (signal: -85.0 / -80.0)
INFO     [2021-06-02 04:01:18,551]: *** sta3-wlan1: Scan detected ap1-ssid in range (signal: -85.0 / -80.0)
INFO     [2021-06-02 04:01:19,296]: *** sta1-wlan1: Scanning for ap1-ssid
INFO     [2021-06-02 04:01:19,296]: *** sta3-wlan1: Scanning for ap1-ssid
INFO     [2021-06-02 04:01:19,567]: *** sta3-wlan1: Scan detected ap1-ssid in range (signal: -85.0 / -80.0)
INFO     [2021-06-02 04:01:20,571]: *** sta3-wlan1: Scan detected ap1-ssid in range (signal: -85.0 / -80.0)
INFO     [2021-06-02 04:01:21,584]: *** sta3-wlan1: Scan detected ap1-ssid in range (signal: -85.0 / -80.0)
INFO     [2021-06-02 04:01:22,602]: *** sta3-wlan1: Scan detected ap1-ssid in range (signal: -85.0 / -80.0)
INFO     [2021-06-02 04:01:23,606]: *** sta3-wlan1: Scan detected ap1-ssid in range (signal: -85.0 / -80.0)
INFO     [2021-06-02 04:01:24,259]: *** sta3-wlan1: Scanning for ap1-ssid
INFO     [2021-06-02 04:01:24,260]: *** sta1-wlan1: Scanning for ap1-ssid
INFO     [2021-06-02 04:01:24,610]: *** sta3-wlan1: Scan detected ap1-ssid in range (signal: -85.0 / -80.0)
INFO     [2021-06-02 04:01:25,616]: *** sta3-wlan1: Scan detected ap1-ssid in range (signal: -85.0 / -80.0)
INFO     [2021-06-02 04:01:26,621]: *** sta3-wlan1: Scan detected ap1-ssid in range (signal: -85.0 / -80.0)
INFO     [2021-06-02 04:01:27,632]: *** sta3-wlan1: Scan detected ap1-ssid in range (signal: -85.0 / -80.0)
INFO     [2021-06-02 04:01:28,637]: *** sta3-wlan1: Scan detected ap1-ssid in range (signal: -85.0 / -80.0)
INFO     [2021-06-02 04:01:29,264]: *** sta3-wlan1: Scanning for ap1-ssid
INFO     [2021-06-02 04:01:29,264]: *** sta1-wlan1: Scanning for ap1-ssid
INFO     [2021-06-02 04:01:29,643]: *** sta3-wlan1: Scan detected ap1-ssid in range (signal: -85.0 / -80.0)
INFO     [2021-06-02 04:01:30,653]: *** sta3-wlan1: Scan detected ap1-ssid in range (signal: -85.0 / -80.0)
INFO     [2021-06-02 04:01:31,658]: *** sta3-wlan1: Scan detected ap1-ssid in range (signal: -85.0 / -80.0)
INFO     [2021-06-02 04:01:32,663]: *** sta3-wlan1: Scan detected ap1-ssid in range (signal: -85.0 / -80.0)
INFO     [2021-06-02 04:01:33,671]: *** sta3-wlan1: Scan detected ap1-ssid in range (signal: -85.0 / -80.0)
INFO     [2021-06-02 04:01:34,126]: *** sta3-wlan1: Scanning for ap1-ssid
INFO     [2021-06-02 04:01:34,126]: *** sta1-wlan1: Scanning for ap1-ssid
INFO     [2021-06-02 04:01:34,678]: *** sta3-wlan1: Scan detected ap1-ssid in range (signal: -85.0 / -80.0)
INFO     [2021-06-02 04:01:35,683]: *** sta3-wlan1: Scan detected ap1-ssid in range (signal: -85.0 / -80.0)
INFO     [2021-06-02 04:01:36,688]: *** sta3-wlan1: Scan detected ap1-ssid in range (signal: -85.0 / -80.0)
INFO     [2021-06-02 04:01:37,701]: *** sta3-wlan1: Scan detected ap1-ssid in range (signal: -85.0 / -80.0)
INFO     [2021-06-02 04:01:38,708]: *** sta3-wlan1: Scan detected ap1-ssid in range (signal: -85.0 / -80.0)
INFO     [2021-06-02 04:01:38,887]: *** sta1-wlan1: Scanning for ap1-ssid
INFO     [2021-06-02 04:01:38,902]: *** sta3-wlan1: Scanning for ap1-ssid
INFO     [2021-06-02 04:01:39,713]: *** sta3-wlan1: Scan detected ap1-ssid in range (signal: -85.0 / -80.0)
INFO     [2021-06-02 04:01:40,718]: *** sta3-wlan1: Scan detected ap1-ssid in range (signal: -85.0 / -80.0)
INFO     [2021-06-02 04:01:41,722]: *** sta3-wlan1: Scan detected ap1-ssid in range (signal: -85.0 / -80.0)
INFO     [2021-06-02 04:01:42,728]: *** sta3-wlan1: Scan detected ap1-ssid in range (signal: -85.0 / -80.0)
INFO     [2021-06-02 04:01:43,721]: *** sta3-wlan1: Scanning for ap1-ssid
INFO     [2021-06-02 04:01:43,721]: *** sta1-wlan1: Scanning for ap1-ssid
INFO     [2021-06-02 04:01:48,535]: *** sta1-wlan1: Scanning for ap1-ssid
INFO     [2021-06-02 04:01:48,536]: *** sta3-wlan1: Scanning for ap1-ssid
INFO     [2021-06-02 04:01:53,380]: *** sta3-wlan1: Scanning for ap1-ssid
INFO     [2021-06-02 04:01:53,381]: *** sta1-wlan1: Scanning for ap1-ssid
INFO     [2021-06-02 04:01:58,163]: *** sta3-wlan1: Scanning for ap1-ssid
INFO     [2021-06-02 04:01:58,163]: *** sta1-wlan1: Scanning for ap1-ssid
INFO     [2021-06-02 04:02:02,929]: *** sta3-wlan1: Scanning for ap1-ssid
INFO     [2021-06-02 04:02:02,929]: *** sta1-wlan1: Scanning for ap1-ssid
INFO     [2021-06-02 04:02:07,705]: *** sta1-wlan1: Scanning for ap1-ssid
INFO     [2021-06-02 04:02:07,705]: *** sta3-wlan1: Scanning for ap1-ssid
INFO     [2021-06-02 04:02:12,516]: *** sta3-wlan1: Scanning for ap1-ssid
INFO     [2021-06-02 04:02:12,517]: *** sta1-wlan1: Scanning for ap1-ssid
INFO     [2021-06-02 04:02:17,302]: *** sta3-wlan1: Scanning for ap1-ssid
INFO     [2021-06-02 04:02:17,303]: *** sta1-wlan1: Scanning for ap1-ssid
INFO     [2021-06-02 04:02:22,052]: *** sta1-wlan1: Scanning for ap1-ssid
INFO     [2021-06-02 04:02:22,054]: *** sta3-wlan1: Scanning for ap1-ssid
INFO     [2021-06-02 04:02:22,996]: *** sta1-wlan1: Scan detected ap1-ssid in range (signal: -89.0 / -80.0)
INFO     [2021-06-02 04:02:24,003]: *** sta1-wlan1: Scan detected ap1-ssid in range (signal: -89.0 / -80.0)
INFO     [2021-06-02 04:02:25,009]: *** sta1-wlan1: Scan detected ap1-ssid in range (signal: -89.0 / -80.0)
INFO     [2021-06-02 04:02:26,014]: *** sta1-wlan1: Scan detected ap1-ssid in range (signal: -89.0 / -80.0)
INFO     [2021-06-02 04:02:26,828]: *** sta1-wlan1: Scanning for ap1-ssid
INFO     [2021-06-02 04:02:26,828]: *** sta3-wlan1: Scanning for ap1-ssid
INFO     [2021-06-02 04:02:27,017]: *** sta3-wlan1: Scan detected ap1-ssid in range (signal: -88.0 / -80.0)
INFO     [2021-06-02 04:02:27,021]: *** sta1-wlan1: Scan detected ap1-ssid in range (signal: -89.0 / -80.0)
INFO     [2021-06-02 04:02:28,027]: *** sta3-wlan1: Scan detected ap1-ssid in range (signal: -88.0 / -80.0)
INFO     [2021-06-02 04:02:28,030]: *** sta1-wlan1: Scan detected ap1-ssid in range (signal: -89.0 / -80.0)
INFO     [2021-06-02 04:02:29,035]: *** sta1-wlan1: Scan detected ap1-ssid in range (signal: -89.0 / -80.0)
INFO     [2021-06-02 04:02:29,036]: *** sta3-wlan1: Scan detected ap1-ssid in range (signal: -88.0 / -80.0)
INFO     [2021-06-02 04:02:30,040]: *** sta1-wlan1: Scan detected ap1-ssid in range (signal: -89.0 / -80.0)
INFO     [2021-06-02 04:02:30,041]: *** sta3-wlan1: Scan detected ap1-ssid in range (signal: -88.0 / -80.0)
INFO     [2021-06-02 04:02:31,048]: *** sta3-wlan1: Scan detected ap1-ssid in range (signal: -88.0 / -80.0)
INFO     [2021-06-02 04:02:31,050]: *** sta1-wlan1: Scan detected ap1-ssid in range (signal: -89.0 / -80.0)
INFO     [2021-06-02 04:02:31,589]: *** sta3-wlan1: Scanning for ap1-ssid
INFO     [2021-06-02 04:02:31,604]: *** sta1-wlan1: Scanning for ap1-ssid
INFO     [2021-06-02 04:02:32,055]: *** sta3-wlan1: Scan detected ap1-ssid in range (signal: -88.0 / -80.0)
INFO     [2021-06-02 04:02:32,057]: *** sta1-wlan1: Scan detected ap1-ssid in range (signal: -89.0 / -80.0)
INFO     [2021-06-02 04:02:33,070]: *** sta1-wlan1: Scan detected ap1-ssid in range (signal: -89.0 / -80.0)
INFO     [2021-06-02 04:02:33,072]: *** sta3-wlan1: Scan detected ap1-ssid in range (signal: -88.0 / -80.0)
INFO     [2021-06-02 04:02:34,076]: *** sta3-wlan1: Scan detected ap1-ssid in range (signal: -88.0 / -80.0)
INFO     [2021-06-02 04:02:34,077]: *** sta1-wlan1: Scan detected ap1-ssid in range (signal: -89.0 / -80.0)
INFO     [2021-06-02 04:02:35,081]: *** sta1-wlan1: Scan detected ap1-ssid in range (signal: -89.0 / -80.0)
INFO     [2021-06-02 04:02:35,082]: *** sta3-wlan1: Scan detected ap1-ssid in range (signal: -88.0 / -80.0)
INFO     [2021-06-02 04:02:36,092]: *** sta1-wlan1: Scan detected ap1-ssid in range (signal: -89.0 / -80.0)
INFO     [2021-06-02 04:02:36,092]: *** sta3-wlan1: Scan detected ap1-ssid in range (signal: -88.0 / -80.0)
INFO     [2021-06-02 04:02:36,413]: *** sta3-wlan1: Scanning for ap1-ssid
INFO     [2021-06-02 04:02:36,416]: *** sta1-wlan1: Scanning for ap1-ssid
INFO     [2021-06-02 04:02:37,098]: *** sta3-wlan1: Scan detected ap1-ssid in range (signal: -88.0 / -80.0)
INFO     [2021-06-02 04:02:37,098]: *** sta1-wlan1: Scan detected ap1-ssid in range (signal: -89.0 / -80.0)
INFO     [2021-06-02 04:02:38,104]: *** sta3-wlan1: Scan detected ap1-ssid in range (signal: -88.0 / -80.0)
INFO     [2021-06-02 04:02:38,105]: *** sta1-wlan1: Scan detected ap1-ssid in range (signal: -89.0 / -80.0)
INFO     [2021-06-02 04:02:39,112]: *** sta1-wlan1: Scan detected ap1-ssid in range (signal: -89.0 / -80.0)
INFO     [2021-06-02 04:02:39,113]: *** sta3-wlan1: Scan detected ap1-ssid in range (signal: -88.0 / -80.0)
INFO     [2021-06-02 04:02:40,119]: *** sta1-wlan1: Scan detected ap1-ssid in range (signal: -89.0 / -80.0)
INFO     [2021-06-02 04:02:40,121]: *** sta3-wlan1: Scan detected ap1-ssid in range (signal: -88.0 / -80.0)
INFO     [2021-06-02 04:02:41,129]: *** sta1-wlan1: Scan detected ap1-ssid in range (signal: -89.0 / -80.0)
INFO     [2021-06-02 04:02:41,130]: *** sta3-wlan1: Scan detected ap1-ssid in range (signal: -88.0 / -80.0)
INFO     [2021-06-02 04:02:41,209]: *** sta3-wlan1: Scanning for ap1-ssid
INFO     [2021-06-02 04:02:41,228]: *** sta1-wlan1: Scanning for ap1-ssid
INFO     [2021-06-02 04:02:42,146]: *** sta1-wlan1: Scan detected ap1-ssid in range (signal: -89.0 / -80.0)
INFO     [2021-06-02 04:02:42,146]: *** sta3-wlan1: Scan detected ap1-ssid in range (signal: -88.0 / -80.0)
INFO     [2021-06-02 04:02:43,151]: *** sta3-wlan1: Scan detected ap1-ssid in range (signal: -88.0 / -80.0)
INFO     [2021-06-02 04:02:43,152]: *** sta1-wlan1: Scan detected ap1-ssid in range (signal: -89.0 / -80.0)
INFO     [2021-06-02 04:02:44,169]: *** sta1-wlan1: Scan detected ap1-ssid in range (signal: -89.0 / -80.0)
INFO     [2021-06-02 04:02:44,172]: *** sta3-wlan1: Scan detected ap1-ssid in range (signal: -88.0 / -80.0)
INFO     [2021-06-02 04:02:45,175]: *** sta1-wlan1: Scan detected ap1-ssid in range (signal: -89.0 / -80.0)
INFO     [2021-06-02 04:02:45,178]: *** sta3-wlan1: Scan detected ap1-ssid in range (signal: -88.0 / -80.0)
INFO     [2021-06-02 04:02:45,976]: *** sta3-wlan1: Scanning for ap1-ssid
INFO     [2021-06-02 04:02:46,037]: *** sta1-wlan1: Scanning for ap1-ssid
INFO     [2021-06-02 04:02:46,182]: *** sta1-wlan1: Scan detected ap1-ssid in range (signal: -90.0 / -80.0)
INFO     [2021-06-02 04:02:46,182]: *** sta3-wlan1: Scan detected ap1-ssid in range (signal: -88.0 / -80.0)
INFO     [2021-06-02 04:02:47,187]: *** sta1-wlan1: Scan detected ap1-ssid in range (signal: -90.0 / -80.0)
INFO     [2021-06-02 04:02:47,189]: *** sta3-wlan1: Scan detected ap1-ssid in range (signal: -88.0 / -80.0)
INFO     [2021-06-02 04:02:48,194]: *** sta1-wlan1: Scan detected ap1-ssid in range (signal: -90.0 / -80.0)
INFO     [2021-06-02 04:02:48,194]: *** sta3-wlan1: Scan detected ap1-ssid in range (signal: -88.0 / -80.0)
INFO     [2021-06-02 04:02:49,202]: *** sta3-wlan1: Scan detected ap1-ssid in range (signal: -88.0 / -80.0)
INFO     [2021-06-02 04:02:49,203]: *** sta1-wlan1: Scan detected ap1-ssid in range (signal: -90.0 / -80.0)
INFO     [2021-06-02 04:02:50,209]: *** sta1-wlan1: Scan detected ap1-ssid in range (signal: -90.0 / -80.0)
INFO     [2021-06-02 04:02:50,211]: *** sta3-wlan1: Scan detected ap1-ssid in range (signal: -88.0 / -80.0)
INFO     [2021-06-02 04:02:50,780]: *** sta3-wlan1: Scanning for ap1-ssid
INFO     [2021-06-02 04:02:50,793]: *** sta1-wlan1: Scanning for ap1-ssid
INFO     [2021-06-02 04:02:51,222]: *** sta1-wlan1: Scan detected ap1-ssid in range (signal: -90.0 / -80.0)
INFO     [2021-06-02 04:02:51,223]: *** sta3-wlan1: Scan detected ap1-ssid in range (signal: -88.0 / -80.0)
INFO     [2021-06-02 04:02:52,228]: *** sta1-wlan1: Scan detected ap1-ssid in range (signal: -90.0 / -80.0)
INFO     [2021-06-02 04:02:52,229]: *** sta3-wlan1: Scan detected ap1-ssid in range (signal: -88.0 / -80.0)
INFO     [2021-06-02 04:02:53,237]: *** sta1-wlan1: Scan detected ap1-ssid in range (signal: -90.0 / -80.0)
INFO     [2021-06-02 04:02:53,237]: *** sta3-wlan1: Scan detected ap1-ssid in range (signal: -88.0 / -80.0)
INFO     [2021-06-02 04:02:54,241]: *** sta1-wlan1: Scan detected ap1-ssid in range (signal: -90.0 / -80.0)
INFO     [2021-06-02 04:02:54,243]: *** sta3-wlan1: Scan detected ap1-ssid in range (signal: -88.0 / -80.0)
INFO     [2021-06-02 04:02:55,247]: *** sta1-wlan1: Scan detected ap1-ssid in range (signal: -90.0 / -80.0)
INFO     [2021-06-02 04:02:55,251]: *** sta3-wlan1: Scan detected ap1-ssid in range (signal: -88.0 / -80.0)
INFO     [2021-06-02 04:02:55,601]: *** sta1-wlan1: Scanning for ap1-ssid
INFO     [2021-06-02 04:02:55,601]: *** sta3-wlan1: Scanning for ap1-ssid
INFO     [2021-06-02 04:02:56,257]: *** sta1-wlan1: Scan detected ap1-ssid in range (signal: -89.0 / -80.0)
INFO     [2021-06-02 04:02:56,259]: *** sta3-wlan1: Scan detected ap1-ssid in range (signal: -90.0 / -80.0)
INFO     [2021-06-02 04:02:57,262]: *** sta1-wlan1: Scan detected ap1-ssid in range (signal: -89.0 / -80.0)
INFO     [2021-06-02 04:02:57,265]: *** sta3-wlan1: Scan detected ap1-ssid in range (signal: -90.0 / -80.0)
INFO     [2021-06-02 04:02:58,266]: *** sta1-wlan1: Scan detected ap1-ssid in range (signal: -89.0 / -80.0)
INFO     [2021-06-02 04:02:58,270]: *** sta3-wlan1: Scan detected ap1-ssid in range (signal: -90.0 / -80.0)
INFO     [2021-06-02 04:02:59,274]: *** sta1-wlan1: Scan detected ap1-ssid in range (signal: -89.0 / -80.0)
INFO     [2021-06-02 04:02:59,274]: *** sta3-wlan1: Scan detected ap1-ssid in range (signal: -90.0 / -80.0)
INFO     [2021-06-02 04:03:00,278]: *** sta1-wlan1: Scan detected ap1-ssid in range (signal: -89.0 / -80.0)
INFO     [2021-06-02 04:03:00,280]: *** sta3-wlan1: Scan detected ap1-ssid in range (signal: -90.0 / -80.0)
INFO     [2021-06-02 04:03:00,445]: *** sta1-wlan1: Scanning for ap1-ssid
INFO     [2021-06-02 04:03:00,445]: *** sta3-wlan1: Scanning for ap1-ssid
INFO     [2021-06-02 04:03:01,285]: *** sta1-wlan1: Scan detected ap1-ssid in range (signal: -89.0 / -80.0)
INFO     [2021-06-02 04:03:01,289]: *** sta3-wlan1: Scan detected ap1-ssid in range (signal: -90.0 / -80.0)
INFO     [2021-06-02 04:03:02,290]: *** sta1-wlan1: Scan detected ap1-ssid in range (signal: -89.0 / -80.0)
INFO     [2021-06-02 04:03:02,293]: *** sta3-wlan1: Scan detected ap1-ssid in range (signal: -90.0 / -80.0)
INFO     [2021-06-02 04:03:03,300]: *** sta1-wlan1: Scan detected ap1-ssid in range (signal: -89.0 / -80.0)
INFO     [2021-06-02 04:03:03,305]: *** sta3-wlan1: Scan detected ap1-ssid in range (signal: -90.0 / -80.0)
INFO     [2021-06-02 04:03:04,309]: *** sta1-wlan1: Scan detected ap1-ssid in range (signal: -89.0 / -80.0)
INFO     [2021-06-02 04:03:04,310]: *** sta3-wlan1: Scan detected ap1-ssid in range (signal: -90.0 / -80.0)
INFO     [2021-06-02 04:03:05,240]: *** sta3-wlan1: Scanning for ap1-ssid
INFO     [2021-06-02 04:03:05,241]: *** sta1-wlan1: Scanning for ap1-ssid
INFO     [2021-06-02 04:03:05,314]: *** sta1-wlan1: Scan detected ap1-ssid in range (signal: -89.0 / -80.0)
INFO     [2021-06-02 04:03:05,315]: *** sta3-wlan1: Scan detected ap1-ssid in range (signal: -89.0 / -80.0)
INFO     [2021-06-02 04:03:06,323]: *** sta1-wlan1: Scan detected ap1-ssid in range (signal: -89.0 / -80.0)
INFO     [2021-06-02 04:03:06,325]: *** sta3-wlan1: Scan detected ap1-ssid in range (signal: -89.0 / -80.0)
INFO     [2021-06-02 04:03:07,329]: *** sta1-wlan1: Scan detected ap1-ssid in range (signal: -89.0 / -80.0)
INFO     [2021-06-02 04:03:07,334]: *** sta3-wlan1: Scan detected ap1-ssid in range (signal: -89.0 / -80.0)
INFO     [2021-06-02 04:03:08,334]: *** sta1-wlan1: Scan detected ap1-ssid in range (signal: -89.0 / -80.0)
INFO     [2021-06-02 04:03:08,341]: *** sta3-wlan1: Scan detected ap1-ssid in range (signal: -89.0 / -80.0)
INFO     [2021-06-02 04:03:09,340]: *** sta1-wlan1: Scan detected ap1-ssid in range (signal: -89.0 / -80.0)
INFO     [2021-06-02 04:03:09,346]: *** sta3-wlan1: Scan detected ap1-ssid in range (signal: -89.0 / -80.0)
INFO     [2021-06-02 04:03:10,030]: *** sta1-wlan1: Scanning for ap1-ssid
INFO     [2021-06-02 04:03:10,030]: *** sta3-wlan1: Scanning for ap1-ssid
INFO     [2021-06-02 04:03:10,344]: *** sta1-wlan1: Scan detected ap1-ssid in range (signal: -87.0 / -80.0)
INFO     [2021-06-02 04:03:10,351]: *** sta3-wlan1: Scan detected ap1-ssid in range (signal: -89.0 / -80.0)
INFO     [2021-06-02 04:03:11,350]: *** sta1-wlan1: Scan detected ap1-ssid in range (signal: -87.0 / -80.0)
INFO     [2021-06-02 04:03:11,356]: *** sta3-wlan1: Scan detected ap1-ssid in range (signal: -89.0 / -80.0)
INFO     [2021-06-02 04:03:12,354]: *** sta1-wlan1: Scan detected ap1-ssid in range (signal: -87.0 / -80.0)
INFO     [2021-06-02 04:03:12,361]: *** sta3-wlan1: Scan detected ap1-ssid in range (signal: -89.0 / -80.0)
INFO     [2021-06-02 04:03:13,367]: *** sta3-wlan1: Scan detected ap1-ssid in range (signal: -89.0 / -80.0)
INFO     [2021-06-02 04:03:13,368]: *** sta1-wlan1: Scan detected ap1-ssid in range (signal: -87.0 / -80.0)
INFO     [2021-06-02 04:03:14,387]: *** sta1-wlan1: Scan detected ap1-ssid in range (signal: -87.0 / -80.0)
INFO     [2021-06-02 04:03:14,388]: *** sta3-wlan1: Scan detected ap1-ssid in range (signal: -89.0 / -80.0)
INFO     [2021-06-02 04:03:14,831]: *** sta3-wlan1: Scanning for ap1-ssid
INFO     [2021-06-02 04:03:14,832]: *** sta1-wlan1: Scanning for ap1-ssid
INFO     [2021-06-02 04:03:15,392]: *** sta3-wlan1: Scan detected ap1-ssid in range (signal: -88.0 / -80.0)
INFO     [2021-06-02 04:03:15,393]: *** sta1-wlan1: Scan detected ap1-ssid in range (signal: -79.0 / -80.0)
INFO     [2021-06-02 04:03:15,394]: *** sta1-wlan0: OLSR runnning: Killing olsrd process (PID: 42808)
INFO     [2021-06-02 04:03:15,394]: *** sta1-wlan0: Killed given olsrd process (PID: 42808)
INFO     [2021-06-02 04:03:15,415]: *** sta1-wlan0: IBSS leave completed
INFO     [2021-06-02 04:03:15,417]: *** sta1-wlan0: Set type to managed
INFO     [2021-06-02 04:03:15,842]: *** sta1-wlan0: Connected interface to ap1-ssid
INFO     [2021-06-02 04:03:16,408]: *** sta3-wlan1: Scan detected ap1-ssid in range (signal: -88.0 / -80.0)
INFO     [2021-06-02 04:03:17,417]: *** sta3-wlan1: Scan detected ap1-ssid in range (signal: -88.0 / -80.0)
INFO     [2021-06-02 04:03:18,422]: *** sta3-wlan1: Scan detected ap1-ssid in range (signal: -88.0 / -80.0)
INFO     [2021-06-02 04:03:19,431]: *** sta3-wlan1: Scan detected ap1-ssid in range (signal: -88.0 / -80.0)
INFO     [2021-06-02 04:03:19,684]: *** sta3-wlan1: Scanning for ap1-ssid
INFO     [2021-06-02 04:03:20,437]: *** sta3-wlan1: Scan detected ap1-ssid in range (signal: -86.0 / -80.0)
INFO     [2021-06-02 04:03:20,443]: *** sta1-wlan1: Scanner started. Searching for ap1-ssid with interval 1.0
INFO     [2021-06-02 04:03:20,445]: *** sta1-wlan1: Scan detected ap1-ssid in range (signal: -79.0 / -80.0)
INFO     [2021-06-02 04:03:20,451]: *** sta1-wlan0: Connected interface to ap1-ssid
INFO     [2021-06-02 04:03:21,443]: *** sta3-wlan1: Scan detected ap1-ssid in range (signal: -86.0 / -80.0)
INFO     [2021-06-02 04:03:22,448]: *** sta3-wlan1: Scan detected ap1-ssid in range (signal: -86.0 / -80.0)
INFO     [2021-06-02 04:03:23,455]: *** sta3-wlan1: Scan detected ap1-ssid in range (signal: -86.0 / -80.0)
INFO     [2021-06-02 04:03:24,460]: *** sta3-wlan1: Scan detected ap1-ssid in range (signal: -86.0 / -80.0)
INFO     [2021-06-02 04:03:24,497]: *** sta3-wlan1: Scanning for ap1-ssid
INFO     [2021-06-02 04:03:25,467]: *** sta3-wlan1: Scan detected ap1-ssid in range (signal: -84.0 / -80.0)
INFO     [2021-06-02 04:03:26,472]: *** sta3-wlan1: Scan detected ap1-ssid in range (signal: -84.0 / -80.0)
INFO     [2021-06-02 04:03:27,477]: *** sta3-wlan1: Scan detected ap1-ssid in range (signal: -84.0 / -80.0)
INFO     [2021-06-02 04:03:28,481]: *** sta3-wlan1: Scan detected ap1-ssid in range (signal: -84.0 / -80.0)
INFO     [2021-06-02 04:03:29,272]: *** sta3-wlan1: Scanning for ap1-ssid
INFO     [2021-06-02 04:03:29,486]: *** sta3-wlan1: Scan detected ap1-ssid in range (signal: -83.0 / -80.0)
INFO     [2021-06-02 04:03:30,490]: *** sta3-wlan1: Scan detected ap1-ssid in range (signal: -83.0 / -80.0)
INFO     [2021-06-02 04:03:31,497]: *** sta3-wlan1: Scan detected ap1-ssid in range (signal: -83.0 / -80.0)
INFO     [2021-06-02 04:03:32,501]: *** sta3-wlan1: Scan detected ap1-ssid in range (signal: -83.0 / -80.0)
INFO     [2021-06-02 04:03:33,515]: *** sta3-wlan1: Scan detected ap1-ssid in range (signal: -83.0 / -80.0)
INFO     [2021-06-02 04:03:34,075]: *** sta3-wlan1: Scanning for ap1-ssid
INFO     [2021-06-02 04:03:34,524]: *** sta3-wlan1: Scan detected ap1-ssid in range (signal: -83.0 / -80.0)
INFO     [2021-06-02 04:03:35,539]: *** sta3-wlan1: Scan detected ap1-ssid in range (signal: -83.0 / -80.0)
INFO     [2021-06-02 04:03:36,555]: *** sta3-wlan1: Scan detected ap1-ssid in range (signal: -83.0 / -80.0)
INFO     [2021-06-02 04:03:37,565]: *** sta3-wlan1: Scan detected ap1-ssid in range (signal: -83.0 / -80.0)
INFO     [2021-06-02 04:03:38,570]: *** sta3-wlan1: Scan detected ap1-ssid in range (signal: -87.0 / -80.0)
INFO     [2021-06-02 04:03:38,872]: *** sta3-wlan1: Scanning for ap1-ssid
INFO     [2021-06-02 04:03:39,574]: *** sta3-wlan1: Scan detected ap1-ssid in range (signal: -86.0 / -80.0)
INFO     [2021-06-02 04:03:40,580]: *** sta3-wlan1: Scan detected ap1-ssid in range (signal: -86.0 / -80.0)
INFO     [2021-06-02 04:03:41,586]: *** sta3-wlan1: Scan detected ap1-ssid in range (signal: -86.0 / -80.0)
INFO     [2021-06-02 04:03:42,590]: *** sta3-wlan1: Scan detected ap1-ssid in range (signal: -86.0 / -80.0)
INFO     [2021-06-02 04:03:43,595]: *** sta3-wlan1: Scan detected ap1-ssid in range (signal: -84.0 / -80.0)
INFO     [2021-06-02 04:03:43,649]: *** sta3-wlan1: Scanning for ap1-ssid
INFO     [2021-06-02 04:03:44,601]: *** sta3-wlan1: Scan detected ap1-ssid in range (signal: -83.0 / -80.0)
INFO     [2021-06-02 04:03:45,609]: *** sta3-wlan1: Scan detected ap1-ssid in range (signal: -83.0 / -80.0)
INFO     [2021-06-02 04:03:46,617]: *** sta3-wlan1: Scan detected ap1-ssid in range (signal: -83.0 / -80.0)
INFO     [2021-06-02 04:03:47,622]: *** sta3-wlan1: Scan detected ap1-ssid in range (signal: -83.0 / -80.0)
INFO     [2021-06-02 04:03:48,400]: *** sta3-wlan1: Scanning for ap1-ssid
INFO     [2021-06-02 04:03:48,627]: *** sta3-wlan1: Scan detected ap1-ssid in range (signal: -85.0 / -80.0)
INFO     [2021-06-02 04:03:49,632]: *** sta3-wlan1: Scan detected ap1-ssid in range (signal: -85.0 / -80.0)
INFO     [2021-06-02 04:03:50,642]: *** sta3-wlan1: Scan detected ap1-ssid in range (signal: -85.0 / -80.0)
INFO     [2021-06-02 04:03:51,652]: *** sta3-wlan1: Scan detected ap1-ssid in range (signal: -85.0 / -80.0)
INFO     [2021-06-02 04:03:52,658]: *** sta3-wlan1: Scan detected ap1-ssid in range (signal: -79.0 / -80.0)
INFO     [2021-06-02 04:03:52,658]: *** sta3-wlan0: OLSR runnning: Killing olsrd process (PID: 55887)
INFO     [2021-06-02 04:03:52,658]: *** sta3-wlan0: Killed given olsrd process (PID: 55887)
INFO     [2021-06-02 04:03:52,684]: *** sta3-wlan0: IBSS leave completed
INFO     [2021-06-02 04:03:52,686]: *** sta3-wlan0: Set type to managed
INFO     [2021-06-02 04:03:52,694]: *** sta3-wlan0: Connected interface to ap1-ssid
