INFO     [2021-06-02 09:40:54,406]: *** sta3-wlan0: Started flexible_sdn.py
INFO     [2021-06-02 09:40:54,413]: *** sta3: Interface: sta3-wlan0, Scan-interface: sta3-wlan1
INFO     [2021-06-02 09:40:54,423]: *** sta1-wlan0: Started flexible_sdn.py
INFO     [2021-06-02 09:40:54,426]: *** sta1: Interface: sta1-wlan0, Scan-interface: sta1-wlan1
INFO     [2021-06-02 09:42:57,479]: *** sta3-wlan1: Scanner started. Searching for ap1-ssid with interval 3.0
INFO     [2021-06-02 09:42:57,482]: *** sta3-wlan0: Set type to ibss
INFO     [2021-06-02 09:42:57,484]: *** sta3-wlan0: Set ip link up
INFO     [2021-06-02 09:42:57,486]: *** sta3-wlan0: Join ibss adhocNet
INFO     [2021-06-02 09:43:00,482]: *** sta3-wlan1: Scanning for ap1-ssid
INFO     [2021-06-02 09:43:06,518]: *** sta3-wlan0: Starting OLSR
INFO     [2021-06-02 09:43:06,533]: *** sta3-wlan0: Started olsrd in the background (PID: )
INFO     [2021-06-02 09:43:07,247]: *** sta3-wlan1: Scanning for ap1-ssid
INFO     [2021-06-02 09:43:07,539]: *** sta3-wlan1: Scan detected ap1-ssid in range (signal: -88.0 / -80.0)
INFO     [2021-06-02 09:43:08,545]: *** sta3-wlan1: Scan detected ap1-ssid in range (signal: -88.0 / -80.0)
INFO     [2021-06-02 09:43:09,551]: *** sta3-wlan1: Scan detected ap1-ssid in range (signal: -88.0 / -80.0)
INFO     [2021-06-02 09:43:10,532]: *** sta1-wlan1: Scanner started. Searching for ap1-ssid with interval 3.0
INFO     [2021-06-02 09:43:10,535]: *** sta1-wlan0: Set type to ibss
INFO     [2021-06-02 09:43:10,537]: *** sta1-wlan0: Set ip link up
INFO     [2021-06-02 09:43:10,539]: *** sta1-wlan0: Join ibss adhocNet
INFO     [2021-06-02 09:43:10,555]: *** sta3-wlan1: Scan detected ap1-ssid in range (signal: -88.0 / -80.0)
INFO     [2021-06-02 09:43:11,560]: *** sta3-wlan1: Scan detected ap1-ssid in range (signal: -88.0 / -80.0)
INFO     [2021-06-02 09:43:12,570]: *** sta3-wlan1: Scan detected ap1-ssid in range (signal: -88.0 / -80.0)
INFO     [2021-06-02 09:43:13,453]: *** sta1-wlan0: Starting OLSR
INFO     [2021-06-02 09:43:13,465]: *** sta1-wlan0: Started olsrd in the background (PID: )
INFO     [2021-06-02 09:43:13,537]: *** sta1-wlan1: Scanning for ap1-ssid
INFO     [2021-06-02 09:43:13,575]: *** sta3-wlan1: Scan detected ap1-ssid in range (signal: -88.0 / -80.0)
INFO     [2021-06-02 09:43:14,071]: *** sta3-wlan1: Scanning for ap1-ssid
INFO     [2021-06-02 09:43:14,580]: *** sta3-wlan1: Scan detected ap1-ssid in range (signal: -88.0 / -80.0)
INFO     [2021-06-02 09:43:15,590]: *** sta3-wlan1: Scan detected ap1-ssid in range (signal: -88.0 / -80.0)
INFO     [2021-06-02 09:43:16,594]: *** sta3-wlan1: Scan detected ap1-ssid in range (signal: -88.0 / -80.0)
INFO     [2021-06-02 09:43:17,599]: *** sta3-wlan1: Scan detected ap1-ssid in range (signal: -88.0 / -80.0)
INFO     [2021-06-02 09:43:18,610]: *** sta3-wlan1: Scan detected ap1-ssid in range (signal: -88.0 / -80.0)
INFO     [2021-06-02 09:43:19,615]: *** sta3-wlan1: Scan detected ap1-ssid in range (signal: -88.0 / -80.0)
INFO     [2021-06-02 09:43:20,446]: *** sta1-wlan1: Scanning for ap1-ssid
INFO     [2021-06-02 09:43:20,509]: *** sta1-wlan1: Scan detected ap1-ssid in range (signal: -90.0 / -80.0)
INFO     [2021-06-02 09:43:20,621]: *** sta3-wlan1: Scan detected ap1-ssid in range (signal: -88.0 / -80.0)
INFO     [2021-06-02 09:43:21,006]: *** sta3-wlan1: Scanning for ap1-ssid
INFO     [2021-06-02 09:43:21,515]: *** sta1-wlan1: Scan detected ap1-ssid in range (signal: -90.0 / -80.0)
INFO     [2021-06-02 09:43:21,627]: *** sta3-wlan1: Scan detected ap1-ssid in range (signal: -88.0 / -80.0)
INFO     [2021-06-02 09:43:22,520]: *** sta1-wlan1: Scan detected ap1-ssid in range (signal: -90.0 / -80.0)
INFO     [2021-06-02 09:43:22,632]: *** sta3-wlan1: Scan detected ap1-ssid in range (signal: -88.0 / -80.0)
INFO     [2021-06-02 09:43:23,526]: *** sta1-wlan1: Scan detected ap1-ssid in range (signal: -90.0 / -80.0)
INFO     [2021-06-02 09:43:23,636]: *** sta3-wlan1: Scan detected ap1-ssid in range (signal: -88.0 / -80.0)
INFO     [2021-06-02 09:43:24,531]: *** sta1-wlan1: Scan detected ap1-ssid in range (signal: -90.0 / -80.0)
INFO     [2021-06-02 09:43:24,642]: *** sta3-wlan1: Scan detected ap1-ssid in range (signal: -88.0 / -80.0)
INFO     [2021-06-02 09:43:25,536]: *** sta1-wlan1: Scan detected ap1-ssid in range (signal: -90.0 / -80.0)
INFO     [2021-06-02 09:43:25,647]: *** sta3-wlan1: Scan detected ap1-ssid in range (signal: -88.0 / -80.0)
INFO     [2021-06-02 09:43:26,548]: *** sta1-wlan1: Scan detected ap1-ssid in range (signal: -90.0 / -80.0)
INFO     [2021-06-02 09:43:26,652]: *** sta3-wlan1: Scan detected ap1-ssid in range (signal: -88.0 / -80.0)
INFO     [2021-06-02 09:43:27,222]: *** sta1-wlan1: Scanning for ap1-ssid
INFO     [2021-06-02 09:43:27,554]: *** sta1-wlan1: Scan detected ap1-ssid in range (signal: -88.0 / -80.0)
INFO     [2021-06-02 09:43:27,657]: *** sta3-wlan1: Scan detected ap1-ssid in range (signal: -88.0 / -80.0)
INFO     [2021-06-02 09:43:27,795]: *** sta3-wlan1: Scanning for ap1-ssid
INFO     [2021-06-02 09:43:28,573]: *** sta1-wlan1: Scan detected ap1-ssid in range (signal: -88.0 / -80.0)
INFO     [2021-06-02 09:43:28,662]: *** sta3-wlan1: Scan detected ap1-ssid in range (signal: -87.0 / -80.0)
INFO     [2021-06-02 09:43:29,581]: *** sta1-wlan1: Scan detected ap1-ssid in range (signal: -88.0 / -80.0)
INFO     [2021-06-02 09:43:29,668]: *** sta3-wlan1: Scan detected ap1-ssid in range (signal: -87.0 / -80.0)
INFO     [2021-06-02 09:43:30,599]: *** sta1-wlan1: Scan detected ap1-ssid in range (signal: -88.0 / -80.0)
INFO     [2021-06-02 09:43:30,673]: *** sta3-wlan1: Scan detected ap1-ssid in range (signal: -87.0 / -80.0)
INFO     [2021-06-02 09:43:31,617]: *** sta1-wlan1: Scan detected ap1-ssid in range (signal: -88.0 / -80.0)
INFO     [2021-06-02 09:43:31,677]: *** sta3-wlan1: Scan detected ap1-ssid in range (signal: -87.0 / -80.0)
INFO     [2021-06-02 09:43:32,622]: *** sta1-wlan1: Scan detected ap1-ssid in range (signal: -88.0 / -80.0)
INFO     [2021-06-02 09:43:32,685]: *** sta3-wlan1: Scan detected ap1-ssid in range (signal: -87.0 / -80.0)
INFO     [2021-06-02 09:43:33,639]: *** sta1-wlan1: Scan detected ap1-ssid in range (signal: -88.0 / -80.0)
INFO     [2021-06-02 09:43:33,691]: *** sta3-wlan1: Scan detected ap1-ssid in range (signal: -87.0 / -80.0)
INFO     [2021-06-02 09:43:34,113]: *** sta1-wlan1: Scanning for ap1-ssid
INFO     [2021-06-02 09:43:34,639]: *** sta3-wlan1: Scanning for ap1-ssid
INFO     [2021-06-02 09:43:34,644]: *** sta1-wlan1: Scan detected ap1-ssid in range (signal: -88.0 / -80.0)
INFO     [2021-06-02 09:43:34,698]: *** sta3-wlan1: Scan detected ap1-ssid in range (signal: -87.0 / -80.0)
INFO     [2021-06-02 09:43:35,650]: *** sta1-wlan1: Scan detected ap1-ssid in range (signal: -88.0 / -80.0)
INFO     [2021-06-02 09:43:35,706]: *** sta3-wlan1: Scan detected ap1-ssid in range (signal: -87.0 / -80.0)
INFO     [2021-06-02 09:43:36,657]: *** sta1-wlan1: Scan detected ap1-ssid in range (signal: -88.0 / -80.0)
INFO     [2021-06-02 09:43:36,711]: *** sta3-wlan1: Scan detected ap1-ssid in range (signal: -87.0 / -80.0)
INFO     [2021-06-02 09:43:37,662]: *** sta1-wlan1: Scan detected ap1-ssid in range (signal: -88.0 / -80.0)
INFO     [2021-06-02 09:43:37,727]: *** sta3-wlan1: Scan detected ap1-ssid in range (signal: -87.0 / -80.0)
INFO     [2021-06-02 09:43:38,666]: *** sta1-wlan1: Scan detected ap1-ssid in range (signal: -88.0 / -80.0)
INFO     [2021-06-02 09:43:38,735]: *** sta3-wlan1: Scan detected ap1-ssid in range (signal: -87.0 / -80.0)
INFO     [2021-06-02 09:43:39,673]: *** sta1-wlan1: Scan detected ap1-ssid in range (signal: -88.0 / -80.0)
INFO     [2021-06-02 09:43:39,743]: *** sta3-wlan1: Scan detected ap1-ssid in range (signal: -87.0 / -80.0)
INFO     [2021-06-02 09:43:40,680]: *** sta1-wlan1: Scan detected ap1-ssid in range (signal: -88.0 / -80.0)
INFO     [2021-06-02 09:43:40,751]: *** sta3-wlan1: Scan detected ap1-ssid in range (signal: -87.0 / -80.0)
INFO     [2021-06-02 09:43:41,007]: *** sta1-wlan1: Scanning for ap1-ssid
INFO     [2021-06-02 09:43:41,459]: *** sta3-wlan1: Scanning for ap1-ssid
INFO     [2021-06-02 09:43:41,691]: *** sta1-wlan1: Scan detected ap1-ssid in range (signal: -88.0 / -80.0)
INFO     [2021-06-02 09:43:41,757]: *** sta3-wlan1: Scan detected ap1-ssid in range (signal: -87.0 / -80.0)
INFO     [2021-06-02 09:43:42,697]: *** sta1-wlan1: Scan detected ap1-ssid in range (signal: -88.0 / -80.0)
INFO     [2021-06-02 09:43:42,763]: *** sta3-wlan1: Scan detected ap1-ssid in range (signal: -87.0 / -80.0)
INFO     [2021-06-02 09:43:43,708]: *** sta1-wlan1: Scan detected ap1-ssid in range (signal: -88.0 / -80.0)
INFO     [2021-06-02 09:43:43,770]: *** sta3-wlan1: Scan detected ap1-ssid in range (signal: -87.0 / -80.0)
INFO     [2021-06-02 09:43:44,715]: *** sta1-wlan1: Scan detected ap1-ssid in range (signal: -88.0 / -80.0)
INFO     [2021-06-02 09:43:44,774]: *** sta3-wlan1: Scan detected ap1-ssid in range (signal: -87.0 / -80.0)
INFO     [2021-06-02 09:43:45,720]: *** sta1-wlan1: Scan detected ap1-ssid in range (signal: -88.0 / -80.0)
INFO     [2021-06-02 09:43:45,779]: *** sta3-wlan1: Scan detected ap1-ssid in range (signal: -87.0 / -80.0)
INFO     [2021-06-02 09:43:46,729]: *** sta1-wlan1: Scan detected ap1-ssid in range (signal: -88.0 / -80.0)
INFO     [2021-06-02 09:43:46,786]: *** sta3-wlan1: Scan detected ap1-ssid in range (signal: -87.0 / -80.0)
INFO     [2021-06-02 09:43:47,738]: *** sta1-wlan1: Scan detected ap1-ssid in range (signal: -88.0 / -80.0)
INFO     [2021-06-02 09:43:47,786]: *** sta1-wlan1: Scanning for ap1-ssid
INFO     [2021-06-02 09:43:47,790]: *** sta3-wlan1: Scan detected ap1-ssid in range (signal: -87.0 / -80.0)
INFO     [2021-06-02 09:43:48,235]: *** sta3-wlan1: Scanning for ap1-ssid
INFO     [2021-06-02 09:43:48,742]: *** sta1-wlan1: Scan detected ap1-ssid in range (signal: -88.0 / -80.0)
INFO     [2021-06-02 09:43:48,799]: *** sta3-wlan1: Scan detected ap1-ssid in range (signal: -89.0 / -80.0)
INFO     [2021-06-02 09:43:49,750]: *** sta1-wlan1: Scan detected ap1-ssid in range (signal: -88.0 / -80.0)
INFO     [2021-06-02 09:43:49,806]: *** sta3-wlan1: Scan detected ap1-ssid in range (signal: -89.0 / -80.0)
INFO     [2021-06-02 09:43:50,756]: *** sta1-wlan1: Scan detected ap1-ssid in range (signal: -88.0 / -80.0)
INFO     [2021-06-02 09:43:50,820]: *** sta3-wlan1: Scan detected ap1-ssid in range (signal: -89.0 / -80.0)
INFO     [2021-06-02 09:43:51,760]: *** sta1-wlan1: Scan detected ap1-ssid in range (signal: -88.0 / -80.0)
INFO     [2021-06-02 09:43:51,875]: *** sta3-wlan1: Scan detected ap1-ssid in range (signal: -89.0 / -80.0)
INFO     [2021-06-02 09:43:52,765]: *** sta1-wlan1: Scan detected ap1-ssid in range (signal: -88.0 / -80.0)
INFO     [2021-06-02 09:43:52,883]: *** sta3-wlan1: Scan detected ap1-ssid in range (signal: -89.0 / -80.0)
INFO     [2021-06-02 09:43:53,770]: *** sta1-wlan1: Scan detected ap1-ssid in range (signal: -88.0 / -80.0)
INFO     [2021-06-02 09:43:53,890]: *** sta3-wlan1: Scan detected ap1-ssid in range (signal: -89.0 / -80.0)
INFO     [2021-06-02 09:43:54,613]: *** sta1-wlan1: Scanning for ap1-ssid
INFO     [2021-06-02 09:43:54,776]: *** sta1-wlan1: Scan detected ap1-ssid in range (signal: -90.0 / -80.0)
INFO     [2021-06-02 09:43:54,894]: *** sta3-wlan1: Scan detected ap1-ssid in range (signal: -89.0 / -80.0)
INFO     [2021-06-02 09:43:55,094]: *** sta3-wlan1: Scanning for ap1-ssid
INFO     [2021-06-02 09:43:55,786]: *** sta1-wlan1: Scan detected ap1-ssid in range (signal: -90.0 / -80.0)
INFO     [2021-06-02 09:43:55,907]: *** sta3-wlan1: Scan detected ap1-ssid in range (signal: -86.0 / -80.0)
INFO     [2021-06-02 09:43:56,792]: *** sta1-wlan1: Scan detected ap1-ssid in range (signal: -90.0 / -80.0)
INFO     [2021-06-02 09:43:56,912]: *** sta3-wlan1: Scan detected ap1-ssid in range (signal: -86.0 / -80.0)
INFO     [2021-06-02 09:43:57,797]: *** sta1-wlan1: Scan detected ap1-ssid in range (signal: -90.0 / -80.0)
INFO     [2021-06-02 09:43:57,917]: *** sta3-wlan1: Scan detected ap1-ssid in range (signal: -86.0 / -80.0)
INFO     [2021-06-02 09:43:58,802]: *** sta1-wlan1: Scan detected ap1-ssid in range (signal: -90.0 / -80.0)
INFO     [2021-06-02 09:43:58,923]: *** sta3-wlan1: Scan detected ap1-ssid in range (signal: -86.0 / -80.0)
INFO     [2021-06-02 09:43:59,851]: *** sta1-wlan1: Scan detected ap1-ssid in range (signal: -90.0 / -80.0)
INFO     [2021-06-02 09:43:59,967]: *** sta3-wlan1: Scan detected ap1-ssid in range (signal: -86.0 / -80.0)
INFO     [2021-06-02 09:44:00,859]: *** sta1-wlan1: Scan detected ap1-ssid in range (signal: -90.0 / -80.0)
INFO     [2021-06-02 09:44:00,973]: *** sta3-wlan1: Scan detected ap1-ssid in range (signal: -86.0 / -80.0)
INFO     [2021-06-02 09:44:01,389]: *** sta1-wlan1: Scanning for ap1-ssid
INFO     [2021-06-02 09:44:01,867]: *** sta1-wlan1: Scan detected ap1-ssid in range (signal: -90.0 / -80.0)
INFO     [2021-06-02 09:44:01,909]: *** sta3-wlan1: Scanning for ap1-ssid
INFO     [2021-06-02 09:44:01,979]: *** sta3-wlan1: Scan detected ap1-ssid in range (signal: -86.0 / -80.0)
INFO     [2021-06-02 09:44:02,874]: *** sta1-wlan1: Scan detected ap1-ssid in range (signal: -90.0 / -80.0)
INFO     [2021-06-02 09:44:02,988]: *** sta3-wlan1: Scan detected ap1-ssid in range (signal: -86.0 / -80.0)
INFO     [2021-06-02 09:44:03,895]: *** sta1-wlan1: Scan detected ap1-ssid in range (signal: -90.0 / -80.0)
INFO     [2021-06-02 09:44:03,994]: *** sta3-wlan1: Scan detected ap1-ssid in range (signal: -86.0 / -80.0)
INFO     [2021-06-02 09:44:04,902]: *** sta1-wlan1: Scan detected ap1-ssid in range (signal: -90.0 / -80.0)
INFO     [2021-06-02 09:44:05,000]: *** sta3-wlan1: Scan detected ap1-ssid in range (signal: -86.0 / -80.0)
INFO     [2021-06-02 09:44:05,906]: *** sta1-wlan1: Scan detected ap1-ssid in range (signal: -90.0 / -80.0)
INFO     [2021-06-02 09:44:06,005]: *** sta3-wlan1: Scan detected ap1-ssid in range (signal: -86.0 / -80.0)
INFO     [2021-06-02 09:44:06,911]: *** sta1-wlan1: Scan detected ap1-ssid in range (signal: -90.0 / -80.0)
INFO     [2021-06-02 09:44:07,012]: *** sta3-wlan1: Scan detected ap1-ssid in range (signal: -86.0 / -80.0)
INFO     [2021-06-02 09:44:07,951]: *** sta1-wlan1: Scan detected ap1-ssid in range (signal: -90.0 / -80.0)
INFO     [2021-06-02 09:44:08,019]: *** sta3-wlan1: Scan detected ap1-ssid in range (signal: -86.0 / -80.0)
INFO     [2021-06-02 09:44:08,245]: *** sta1-wlan1: Scanning for ap1-ssid
INFO     [2021-06-02 09:44:08,729]: *** sta3-wlan1: Scanning for ap1-ssid
INFO     [2021-06-02 09:44:08,957]: *** sta1-wlan1: Scan detected ap1-ssid in range (signal: -90.0 / -80.0)
INFO     [2021-06-02 09:44:09,024]: *** sta3-wlan1: Scan detected ap1-ssid in range (signal: -88.0 / -80.0)
INFO     [2021-06-02 09:44:09,967]: *** sta1-wlan1: Scan detected ap1-ssid in range (signal: -90.0 / -80.0)
INFO     [2021-06-02 09:44:10,029]: *** sta3-wlan1: Scan detected ap1-ssid in range (signal: -88.0 / -80.0)
INFO     [2021-06-02 09:44:10,981]: *** sta1-wlan1: Scan detected ap1-ssid in range (signal: -90.0 / -80.0)
INFO     [2021-06-02 09:44:11,044]: *** sta3-wlan1: Scan detected ap1-ssid in range (signal: -88.0 / -80.0)
INFO     [2021-06-02 09:44:11,988]: *** sta1-wlan1: Scan detected ap1-ssid in range (signal: -90.0 / -80.0)
INFO     [2021-06-02 09:44:12,050]: *** sta3-wlan1: Scan detected ap1-ssid in range (signal: -88.0 / -80.0)
INFO     [2021-06-02 09:44:12,992]: *** sta1-wlan1: Scan detected ap1-ssid in range (signal: -90.0 / -80.0)
INFO     [2021-06-02 09:44:13,063]: *** sta3-wlan1: Scan detected ap1-ssid in range (signal: -88.0 / -80.0)
INFO     [2021-06-02 09:44:14,004]: *** sta1-wlan1: Scan detected ap1-ssid in range (signal: -90.0 / -80.0)
INFO     [2021-06-02 09:44:14,071]: *** sta3-wlan1: Scan detected ap1-ssid in range (signal: -88.0 / -80.0)
INFO     [2021-06-02 09:44:15,010]: *** sta1-wlan1: Scan detected ap1-ssid in range (signal: -90.0 / -80.0)
INFO     [2021-06-02 09:44:15,079]: *** sta3-wlan1: Scan detected ap1-ssid in range (signal: -88.0 / -80.0)
INFO     [2021-06-02 09:44:15,321]: *** sta1-wlan1: Scanning for ap1-ssid
INFO     [2021-06-02 09:44:15,775]: *** sta3-wlan1: Scanning for ap1-ssid
INFO     [2021-06-02 09:44:16,016]: *** sta1-wlan1: Scan detected ap1-ssid in range (signal: -90.0 / -80.0)
INFO     [2021-06-02 09:44:16,085]: *** sta3-wlan1: Scan detected ap1-ssid in range (signal: -88.0 / -80.0)
INFO     [2021-06-02 09:44:17,021]: *** sta1-wlan1: Scan detected ap1-ssid in range (signal: -90.0 / -80.0)
INFO     [2021-06-02 09:44:17,091]: *** sta3-wlan1: Scan detected ap1-ssid in range (signal: -88.0 / -80.0)
INFO     [2021-06-02 09:44:18,035]: *** sta1-wlan1: Scan detected ap1-ssid in range (signal: -90.0 / -80.0)
INFO     [2021-06-02 09:44:18,098]: *** sta3-wlan1: Scan detected ap1-ssid in range (signal: -88.0 / -80.0)
INFO     [2021-06-02 09:44:19,058]: *** sta1-wlan1: Scan detected ap1-ssid in range (signal: -90.0 / -80.0)
INFO     [2021-06-02 09:44:19,102]: *** sta3-wlan1: Scan detected ap1-ssid in range (signal: -88.0 / -80.0)
INFO     [2021-06-02 09:44:20,068]: *** sta1-wlan1: Scan detected ap1-ssid in range (signal: -90.0 / -80.0)
INFO     [2021-06-02 09:44:20,109]: *** sta3-wlan1: Scan detected ap1-ssid in range (signal: -88.0 / -80.0)
INFO     [2021-06-02 09:44:21,075]: *** sta1-wlan1: Scan detected ap1-ssid in range (signal: -90.0 / -80.0)
INFO     [2021-06-02 09:44:21,118]: *** sta3-wlan1: Scan detected ap1-ssid in range (signal: -88.0 / -80.0)
INFO     [2021-06-02 09:44:22,094]: *** sta1-wlan1: Scan detected ap1-ssid in range (signal: -90.0 / -80.0)
INFO     [2021-06-02 09:44:22,123]: *** sta3-wlan1: Scan detected ap1-ssid in range (signal: -88.0 / -80.0)
INFO     [2021-06-02 09:44:22,162]: *** sta1-wlan1: Scanning for ap1-ssid
INFO     [2021-06-02 09:44:22,615]: *** sta3-wlan1: Scanning for ap1-ssid
INFO     [2021-06-02 09:44:23,101]: *** sta1-wlan1: Scan detected ap1-ssid in range (signal: -90.0 / -80.0)
INFO     [2021-06-02 09:44:23,130]: *** sta3-wlan1: Scan detected ap1-ssid in range (signal: -88.0 / -80.0)
INFO     [2021-06-02 09:44:24,109]: *** sta1-wlan1: Scan detected ap1-ssid in range (signal: -90.0 / -80.0)
INFO     [2021-06-02 09:44:24,136]: *** sta3-wlan1: Scan detected ap1-ssid in range (signal: -88.0 / -80.0)
INFO     [2021-06-02 09:44:25,114]: *** sta1-wlan1: Scan detected ap1-ssid in range (signal: -90.0 / -80.0)
INFO     [2021-06-02 09:44:25,142]: *** sta3-wlan1: Scan detected ap1-ssid in range (signal: -88.0 / -80.0)
INFO     [2021-06-02 09:44:26,119]: *** sta1-wlan1: Scan detected ap1-ssid in range (signal: -90.0 / -80.0)
INFO     [2021-06-02 09:44:26,163]: *** sta3-wlan1: Scan detected ap1-ssid in range (signal: -88.0 / -80.0)
INFO     [2021-06-02 09:44:27,126]: *** sta1-wlan1: Scan detected ap1-ssid in range (signal: -90.0 / -80.0)
INFO     [2021-06-02 09:44:27,171]: *** sta3-wlan1: Scan detected ap1-ssid in range (signal: -88.0 / -80.0)
INFO     [2021-06-02 09:44:28,130]: *** sta1-wlan1: Scan detected ap1-ssid in range (signal: -90.0 / -80.0)
INFO     [2021-06-02 09:44:28,177]: *** sta3-wlan1: Scan detected ap1-ssid in range (signal: -88.0 / -80.0)
INFO     [2021-06-02 09:44:28,946]: *** sta1-wlan1: Scanning for ap1-ssid
INFO     [2021-06-02 09:44:29,137]: *** sta1-wlan1: Scan detected ap1-ssid in range (signal: -90.0 / -80.0)
INFO     [2021-06-02 09:44:29,192]: *** sta3-wlan1: Scan detected ap1-ssid in range (signal: -88.0 / -80.0)
INFO     [2021-06-02 09:44:29,388]: *** sta3-wlan1: Scanning for ap1-ssid
INFO     [2021-06-02 09:44:30,146]: *** sta1-wlan1: Scan detected ap1-ssid in range (signal: -90.0 / -80.0)
INFO     [2021-06-02 09:44:30,198]: *** sta3-wlan1: Scan detected ap1-ssid in range (signal: -90.0 / -80.0)
INFO     [2021-06-02 09:44:31,152]: *** sta1-wlan1: Scan detected ap1-ssid in range (signal: -90.0 / -80.0)
INFO     [2021-06-02 09:44:31,203]: *** sta3-wlan1: Scan detected ap1-ssid in range (signal: -90.0 / -80.0)
INFO     [2021-06-02 09:44:32,161]: *** sta1-wlan1: Scan detected ap1-ssid in range (signal: -90.0 / -80.0)
INFO     [2021-06-02 09:44:32,208]: *** sta3-wlan1: Scan detected ap1-ssid in range (signal: -90.0 / -80.0)
INFO     [2021-06-02 09:44:33,170]: *** sta1-wlan1: Scan detected ap1-ssid in range (signal: -90.0 / -80.0)
INFO     [2021-06-02 09:44:33,215]: *** sta3-wlan1: Scan detected ap1-ssid in range (signal: -90.0 / -80.0)
INFO     [2021-06-02 09:44:34,185]: *** sta1-wlan1: Scan detected ap1-ssid in range (signal: -90.0 / -80.0)
INFO     [2021-06-02 09:44:34,221]: *** sta3-wlan1: Scan detected ap1-ssid in range (signal: -90.0 / -80.0)
INFO     [2021-06-02 09:44:35,190]: *** sta1-wlan1: Scan detected ap1-ssid in range (signal: -90.0 / -80.0)
INFO     [2021-06-02 09:44:35,226]: *** sta3-wlan1: Scan detected ap1-ssid in range (signal: -90.0 / -80.0)
INFO     [2021-06-02 09:44:35,824]: *** sta1-wlan1: Scanning for ap1-ssid
INFO     [2021-06-02 09:44:36,188]: *** sta3-wlan1: Scanning for ap1-ssid
INFO     [2021-06-02 09:44:36,194]: *** sta1-wlan1: Scan detected ap1-ssid in range (signal: -90.0 / -80.0)
INFO     [2021-06-02 09:44:36,230]: *** sta3-wlan1: Scan detected ap1-ssid in range (signal: -90.0 / -80.0)
INFO     [2021-06-02 09:44:37,213]: *** sta1-wlan1: Scan detected ap1-ssid in range (signal: -90.0 / -80.0)
INFO     [2021-06-02 09:44:37,236]: *** sta3-wlan1: Scan detected ap1-ssid in range (signal: -90.0 / -80.0)
INFO     [2021-06-02 09:44:38,241]: *** sta1-wlan1: Scan detected ap1-ssid in range (signal: -90.0 / -80.0)
INFO     [2021-06-02 09:44:38,244]: *** sta3-wlan1: Scan detected ap1-ssid in range (signal: -90.0 / -80.0)
INFO     [2021-06-02 09:44:39,248]: *** sta1-wlan1: Scan detected ap1-ssid in range (signal: -90.0 / -80.0)
INFO     [2021-06-02 09:44:39,249]: *** sta3-wlan1: Scan detected ap1-ssid in range (signal: -90.0 / -80.0)
INFO     [2021-06-02 09:44:40,254]: *** sta1-wlan1: Scan detected ap1-ssid in range (signal: -90.0 / -80.0)
INFO     [2021-06-02 09:44:40,255]: *** sta3-wlan1: Scan detected ap1-ssid in range (signal: -90.0 / -80.0)
INFO     [2021-06-02 09:44:41,259]: *** sta3-wlan1: Scan detected ap1-ssid in range (signal: -90.0 / -80.0)
INFO     [2021-06-02 09:44:41,261]: *** sta1-wlan1: Scan detected ap1-ssid in range (signal: -90.0 / -80.0)
INFO     [2021-06-02 09:44:42,265]: *** sta3-wlan1: Scan detected ap1-ssid in range (signal: -90.0 / -80.0)
INFO     [2021-06-02 09:44:42,267]: *** sta1-wlan1: Scan detected ap1-ssid in range (signal: -90.0 / -80.0)
INFO     [2021-06-02 09:44:42,640]: *** sta1-wlan1: Scanning for ap1-ssid
INFO     [2021-06-02 09:44:42,955]: *** sta3-wlan1: Scanning for ap1-ssid
INFO     [2021-06-02 09:44:43,300]: *** sta1-wlan1: Scan detected ap1-ssid in range (signal: -90.0 / -80.0)
INFO     [2021-06-02 09:44:43,302]: *** sta3-wlan1: Scan detected ap1-ssid in range (signal: -90.0 / -80.0)
INFO     [2021-06-02 09:44:44,307]: *** sta1-wlan1: Scan detected ap1-ssid in range (signal: -90.0 / -80.0)
INFO     [2021-06-02 09:44:44,310]: *** sta3-wlan1: Scan detected ap1-ssid in range (signal: -90.0 / -80.0)
INFO     [2021-06-02 09:44:45,316]: *** sta1-wlan1: Scan detected ap1-ssid in range (signal: -90.0 / -80.0)
INFO     [2021-06-02 09:44:45,317]: *** sta3-wlan1: Scan detected ap1-ssid in range (signal: -90.0 / -80.0)
INFO     [2021-06-02 09:44:46,335]: *** sta3-wlan1: Scan detected ap1-ssid in range (signal: -90.0 / -80.0)
INFO     [2021-06-02 09:44:46,335]: *** sta1-wlan1: Scan detected ap1-ssid in range (signal: -90.0 / -80.0)
INFO     [2021-06-02 09:44:47,342]: *** sta1-wlan1: Scan detected ap1-ssid in range (signal: -90.0 / -80.0)
INFO     [2021-06-02 09:44:47,343]: *** sta3-wlan1: Scan detected ap1-ssid in range (signal: -90.0 / -80.0)
INFO     [2021-06-02 09:44:48,351]: *** sta3-wlan1: Scan detected ap1-ssid in range (signal: -90.0 / -80.0)
INFO     [2021-06-02 09:44:48,352]: *** sta1-wlan1: Scan detected ap1-ssid in range (signal: -90.0 / -80.0)
INFO     [2021-06-02 09:44:49,359]: *** sta1-wlan1: Scan detected ap1-ssid in range (signal: -90.0 / -80.0)
INFO     [2021-06-02 09:44:49,359]: *** sta3-wlan1: Scan detected ap1-ssid in range (signal: -90.0 / -80.0)
INFO     [2021-06-02 09:44:49,447]: *** sta1-wlan1: Scanning for ap1-ssid
INFO     [2021-06-02 09:44:49,759]: *** sta3-wlan1: Scanning for ap1-ssid
INFO     [2021-06-02 09:44:50,365]: *** sta3-wlan1: Scan detected ap1-ssid in range (signal: -90.0 / -80.0)
INFO     [2021-06-02 09:44:50,368]: *** sta1-wlan1: Scan detected ap1-ssid in range (signal: -88.0 / -80.0)
INFO     [2021-06-02 09:44:51,371]: *** sta3-wlan1: Scan detected ap1-ssid in range (signal: -90.0 / -80.0)
INFO     [2021-06-02 09:44:51,374]: *** sta1-wlan1: Scan detected ap1-ssid in range (signal: -88.0 / -80.0)
INFO     [2021-06-02 09:44:52,375]: *** sta3-wlan1: Scan detected ap1-ssid in range (signal: -90.0 / -80.0)
INFO     [2021-06-02 09:44:52,378]: *** sta1-wlan1: Scan detected ap1-ssid in range (signal: -88.0 / -80.0)
INFO     [2021-06-02 09:44:53,383]: *** sta1-wlan1: Scan detected ap1-ssid in range (signal: -88.0 / -80.0)
INFO     [2021-06-02 09:44:53,384]: *** sta3-wlan1: Scan detected ap1-ssid in range (signal: -90.0 / -80.0)
INFO     [2021-06-02 09:44:54,389]: *** sta1-wlan1: Scan detected ap1-ssid in range (signal: -88.0 / -80.0)
INFO     [2021-06-02 09:44:54,391]: *** sta3-wlan1: Scan detected ap1-ssid in range (signal: -90.0 / -80.0)
INFO     [2021-06-02 09:44:55,396]: *** sta1-wlan1: Scan detected ap1-ssid in range (signal: -88.0 / -80.0)
INFO     [2021-06-02 09:44:55,398]: *** sta3-wlan1: Scan detected ap1-ssid in range (signal: -90.0 / -80.0)
INFO     [2021-06-02 09:44:56,218]: *** sta1-wlan1: Scanning for ap1-ssid
INFO     [2021-06-02 09:44:56,403]: *** sta1-wlan1: Scan detected ap1-ssid in range (signal: -88.0 / -80.0)
INFO     [2021-06-02 09:44:56,403]: *** sta3-wlan1: Scan detected ap1-ssid in range (signal: -90.0 / -80.0)
INFO     [2021-06-02 09:44:56,503]: *** sta3-wlan1: Scanning for ap1-ssid
INFO     [2021-06-02 09:44:57,410]: *** sta3-wlan1: Scan detected ap1-ssid in range (signal: -90.0 / -80.0)
INFO     [2021-06-02 09:44:57,410]: *** sta1-wlan1: Scan detected ap1-ssid in range (signal: -88.0 / -80.0)
INFO     [2021-06-02 09:44:58,415]: *** sta1-wlan1: Scan detected ap1-ssid in range (signal: -88.0 / -80.0)
INFO     [2021-06-02 09:44:58,416]: *** sta3-wlan1: Scan detected ap1-ssid in range (signal: -90.0 / -80.0)
INFO     [2021-06-02 09:44:59,420]: *** sta1-wlan1: Scan detected ap1-ssid in range (signal: -88.0 / -80.0)
INFO     [2021-06-02 09:44:59,424]: *** sta3-wlan1: Scan detected ap1-ssid in range (signal: -90.0 / -80.0)
INFO     [2021-06-02 09:45:00,427]: *** sta1-wlan1: Scan detected ap1-ssid in range (signal: -88.0 / -80.0)
INFO     [2021-06-02 09:45:01,433]: *** sta1-wlan1: Scan detected ap1-ssid in range (signal: -88.0 / -80.0)
INFO     [2021-06-02 09:45:02,438]: *** sta1-wlan1: Scan detected ap1-ssid in range (signal: -88.0 / -80.0)
INFO     [2021-06-02 09:45:03,007]: *** sta1-wlan1: Scanning for ap1-ssid
INFO     [2021-06-02 09:45:03,287]: *** sta3-wlan1: Scanning for ap1-ssid
INFO     [2021-06-02 09:45:03,444]: *** sta1-wlan1: Scan detected ap1-ssid in range (signal: -90.0 / -80.0)
INFO     [2021-06-02 09:45:03,448]: *** sta3-wlan1: Scan detected ap1-ssid in range (signal: -88.0 / -80.0)
INFO     [2021-06-02 09:45:04,449]: *** sta1-wlan1: Scan detected ap1-ssid in range (signal: -90.0 / -80.0)
INFO     [2021-06-02 09:45:04,452]: *** sta3-wlan1: Scan detected ap1-ssid in range (signal: -88.0 / -80.0)
INFO     [2021-06-02 09:45:05,458]: *** sta1-wlan1: Scan detected ap1-ssid in range (signal: -90.0 / -80.0)
INFO     [2021-06-02 09:45:05,461]: *** sta3-wlan1: Scan detected ap1-ssid in range (signal: -88.0 / -80.0)
INFO     [2021-06-02 09:45:06,466]: *** sta3-wlan1: Scan detected ap1-ssid in range (signal: -88.0 / -80.0)
INFO     [2021-06-02 09:45:06,469]: *** sta1-wlan1: Scan detected ap1-ssid in range (signal: -90.0 / -80.0)
INFO     [2021-06-02 09:45:07,500]: *** sta3-wlan1: Scan detected ap1-ssid in range (signal: -88.0 / -80.0)
INFO     [2021-06-02 09:45:07,506]: *** sta1-wlan1: Scan detected ap1-ssid in range (signal: -90.0 / -80.0)
INFO     [2021-06-02 09:45:08,507]: *** sta3-wlan1: Scan detected ap1-ssid in range (signal: -88.0 / -80.0)
INFO     [2021-06-02 09:45:08,513]: *** sta1-wlan1: Scan detected ap1-ssid in range (signal: -90.0 / -80.0)
INFO     [2021-06-02 09:45:09,515]: *** sta3-wlan1: Scan detected ap1-ssid in range (signal: -88.0 / -80.0)
INFO     [2021-06-02 09:45:09,520]: *** sta1-wlan1: Scan detected ap1-ssid in range (signal: -90.0 / -80.0)
INFO     [2021-06-02 09:45:09,844]: *** sta1-wlan1: Scanning for ap1-ssid
INFO     [2021-06-02 09:45:10,251]: *** sta3-wlan1: Scanning for ap1-ssid
INFO     [2021-06-02 09:45:10,521]: *** sta3-wlan1: Scan detected ap1-ssid in range (signal: -88.0 / -80.0)
INFO     [2021-06-02 09:45:10,524]: *** sta1-wlan1: Scan detected ap1-ssid in range (signal: -90.0 / -80.0)
INFO     [2021-06-02 09:45:11,531]: *** sta3-wlan1: Scan detected ap1-ssid in range (signal: -88.0 / -80.0)
INFO     [2021-06-02 09:45:11,535]: *** sta1-wlan1: Scan detected ap1-ssid in range (signal: -90.0 / -80.0)
INFO     [2021-06-02 09:45:12,541]: *** sta3-wlan1: Scan detected ap1-ssid in range (signal: -88.0 / -80.0)
INFO     [2021-06-02 09:45:12,542]: *** sta1-wlan1: Scan detected ap1-ssid in range (signal: -90.0 / -80.0)
INFO     [2021-06-02 09:45:13,547]: *** sta3-wlan1: Scan detected ap1-ssid in range (signal: -88.0 / -80.0)
INFO     [2021-06-02 09:45:13,548]: *** sta1-wlan1: Scan detected ap1-ssid in range (signal: -90.0 / -80.0)
INFO     [2021-06-02 09:45:14,569]: *** sta3-wlan1: Scan detected ap1-ssid in range (signal: -88.0 / -80.0)
INFO     [2021-06-02 09:45:14,574]: *** sta1-wlan1: Scan detected ap1-ssid in range (signal: -90.0 / -80.0)
INFO     [2021-06-02 09:45:15,574]: *** sta3-wlan1: Scan detected ap1-ssid in range (signal: -88.0 / -80.0)
INFO     [2021-06-02 09:45:15,580]: *** sta1-wlan1: Scan detected ap1-ssid in range (signal: -90.0 / -80.0)
INFO     [2021-06-02 09:45:16,579]: *** sta3-wlan1: Scan detected ap1-ssid in range (signal: -88.0 / -80.0)
INFO     [2021-06-02 09:45:16,585]: *** sta1-wlan1: Scan detected ap1-ssid in range (signal: -90.0 / -80.0)
INFO     [2021-06-02 09:45:16,799]: *** sta1-wlan1: Scanning for ap1-ssid
INFO     [2021-06-02 09:45:17,263]: *** sta3-wlan1: Scanning for ap1-ssid
INFO     [2021-06-02 09:45:17,587]: *** sta3-wlan1: Scan detected ap1-ssid in range (signal: -88.0 / -80.0)
INFO     [2021-06-02 09:45:17,594]: *** sta1-wlan1: Scan detected ap1-ssid in range (signal: -90.0 / -80.0)
INFO     [2021-06-02 09:45:18,594]: *** sta3-wlan1: Scan detected ap1-ssid in range (signal: -88.0 / -80.0)
INFO     [2021-06-02 09:45:18,598]: *** sta1-wlan1: Scan detected ap1-ssid in range (signal: -90.0 / -80.0)
INFO     [2021-06-02 09:45:19,599]: *** sta3-wlan1: Scan detected ap1-ssid in range (signal: -88.0 / -80.0)
INFO     [2021-06-02 09:45:19,602]: *** sta1-wlan1: Scan detected ap1-ssid in range (signal: -90.0 / -80.0)
INFO     [2021-06-02 09:45:20,622]: *** sta3-wlan1: Scan detected ap1-ssid in range (signal: -88.0 / -80.0)
INFO     [2021-06-02 09:45:20,626]: *** sta1-wlan1: Scan detected ap1-ssid in range (signal: -90.0 / -80.0)
INFO     [2021-06-02 09:45:21,630]: *** sta3-wlan1: Scan detected ap1-ssid in range (signal: -88.0 / -80.0)
INFO     [2021-06-02 09:45:21,633]: *** sta1-wlan1: Scan detected ap1-ssid in range (signal: -90.0 / -80.0)
INFO     [2021-06-02 09:45:22,636]: *** sta3-wlan1: Scan detected ap1-ssid in range (signal: -88.0 / -80.0)
INFO     [2021-06-02 09:45:22,640]: *** sta1-wlan1: Scan detected ap1-ssid in range (signal: -90.0 / -80.0)
INFO     [2021-06-02 09:45:23,640]: *** sta3-wlan1: Scan detected ap1-ssid in range (signal: -88.0 / -80.0)
INFO     [2021-06-02 09:45:23,646]: *** sta1-wlan1: Scan detected ap1-ssid in range (signal: -90.0 / -80.0)
INFO     [2021-06-02 09:45:24,267]: *** sta1-wlan1: Scanning for ap1-ssid
INFO     [2021-06-02 09:45:24,647]: *** sta3-wlan1: Scan detected ap1-ssid in range (signal: -88.0 / -80.0)
INFO     [2021-06-02 09:45:24,652]: *** sta1-wlan1: Scan detected ap1-ssid in range (signal: -90.0 / -80.0)
INFO     [2021-06-02 09:45:24,747]: *** sta3-wlan1: Scanning for ap1-ssid
INFO     [2021-06-02 09:45:25,708]: *** sta3-wlan1: Scan detected ap1-ssid in range (signal: -88.0 / -80.0)
INFO     [2021-06-02 09:45:25,715]: *** sta1-wlan1: Scan detected ap1-ssid in range (signal: -90.0 / -80.0)
INFO     [2021-06-02 09:45:26,715]: *** sta3-wlan1: Scan detected ap1-ssid in range (signal: -88.0 / -80.0)
INFO     [2021-06-02 09:45:26,728]: *** sta1-wlan1: Scan detected ap1-ssid in range (signal: -90.0 / -80.0)
INFO     [2021-06-02 09:45:27,720]: *** sta3-wlan1: Scan detected ap1-ssid in range (signal: -88.0 / -80.0)
INFO     [2021-06-02 09:45:27,733]: *** sta1-wlan1: Scan detected ap1-ssid in range (signal: -90.0 / -80.0)
INFO     [2021-06-02 09:45:28,728]: *** sta3-wlan1: Scan detected ap1-ssid in range (signal: -88.0 / -80.0)
INFO     [2021-06-02 09:45:28,751]: *** sta1-wlan1: Scan detected ap1-ssid in range (signal: -90.0 / -80.0)
INFO     [2021-06-02 09:45:29,735]: *** sta3-wlan1: Scan detected ap1-ssid in range (signal: -88.0 / -80.0)
INFO     [2021-06-02 09:45:29,757]: *** sta1-wlan1: Scan detected ap1-ssid in range (signal: -90.0 / -80.0)
INFO     [2021-06-02 09:45:30,740]: *** sta3-wlan1: Scan detected ap1-ssid in range (signal: -88.0 / -80.0)
INFO     [2021-06-02 09:45:30,762]: *** sta1-wlan1: Scan detected ap1-ssid in range (signal: -90.0 / -80.0)
INFO     [2021-06-02 09:45:31,079]: *** sta1-wlan1: Scanning for ap1-ssid
INFO     [2021-06-02 09:45:31,537]: *** sta3-wlan1: Scanning for ap1-ssid
INFO     [2021-06-02 09:45:31,747]: *** sta3-wlan1: Scan detected ap1-ssid in range (signal: -88.0 / -80.0)
INFO     [2021-06-02 09:45:31,770]: *** sta1-wlan1: Scan detected ap1-ssid in range (signal: -90.0 / -80.0)
INFO     [2021-06-02 09:45:32,753]: *** sta3-wlan1: Scan detected ap1-ssid in range (signal: -88.0 / -80.0)
INFO     [2021-06-02 09:45:32,774]: *** sta1-wlan1: Scan detected ap1-ssid in range (signal: -90.0 / -80.0)
INFO     [2021-06-02 09:45:33,790]: *** sta1-wlan1: Scan detected ap1-ssid in range (signal: -90.0 / -80.0)
INFO     [2021-06-02 09:45:34,794]: *** sta1-wlan1: Scan detected ap1-ssid in range (signal: -90.0 / -80.0)
INFO     [2021-06-02 09:45:35,806]: *** sta1-wlan1: Scan detected ap1-ssid in range (signal: -90.0 / -80.0)
INFO     [2021-06-02 09:45:36,811]: *** sta1-wlan1: Scan detected ap1-ssid in range (signal: -90.0 / -80.0)
INFO     [2021-06-02 09:45:37,820]: *** sta1-wlan1: Scan detected ap1-ssid in range (signal: -90.0 / -80.0)
INFO     [2021-06-02 09:45:37,882]: *** sta1-wlan1: Scanning for ap1-ssid
INFO     [2021-06-02 09:45:38,367]: *** sta3-wlan1: Scanning for ap1-ssid
INFO     [2021-06-02 09:45:38,851]: *** sta1-wlan1: Scan detected ap1-ssid in range (signal: -90.0 / -80.0)
INFO     [2021-06-02 09:45:39,857]: *** sta1-wlan1: Scan detected ap1-ssid in range (signal: -90.0 / -80.0)
INFO     [2021-06-02 09:45:40,864]: *** sta1-wlan1: Scan detected ap1-ssid in range (signal: -90.0 / -80.0)
INFO     [2021-06-02 09:45:41,869]: *** sta1-wlan1: Scan detected ap1-ssid in range (signal: -90.0 / -80.0)
INFO     [2021-06-02 09:45:42,876]: *** sta1-wlan1: Scan detected ap1-ssid in range (signal: -90.0 / -80.0)
INFO     [2021-06-02 09:45:43,881]: *** sta1-wlan1: Scan detected ap1-ssid in range (signal: -90.0 / -80.0)
INFO     [2021-06-02 09:45:44,887]: *** sta1-wlan1: Scan detected ap1-ssid in range (signal: -90.0 / -80.0)
INFO     [2021-06-02 09:45:45,093]: *** sta1-wlan1: Scanning for ap1-ssid
INFO     [2021-06-02 09:45:45,316]: *** sta3-wlan1: Scanning for ap1-ssid
INFO     [2021-06-02 09:45:45,886]: *** sta3-wlan1: Scan detected ap1-ssid in range (signal: -88.0 / -80.0)
INFO     [2021-06-02 09:45:45,895]: *** sta1-wlan1: Scan detected ap1-ssid in range (signal: -89.0 / -80.0)
INFO     [2021-06-02 09:45:46,890]: *** sta3-wlan1: Scan detected ap1-ssid in range (signal: -88.0 / -80.0)
INFO     [2021-06-02 09:45:46,907]: *** sta1-wlan1: Scan detected ap1-ssid in range (signal: -89.0 / -80.0)
INFO     [2021-06-02 09:45:47,895]: *** sta3-wlan1: Scan detected ap1-ssid in range (signal: -88.0 / -80.0)
INFO     [2021-06-02 09:45:47,912]: *** sta1-wlan1: Scan detected ap1-ssid in range (signal: -89.0 / -80.0)
INFO     [2021-06-02 09:45:48,903]: *** sta3-wlan1: Scan detected ap1-ssid in range (signal: -88.0 / -80.0)
INFO     [2021-06-02 09:45:48,921]: *** sta1-wlan1: Scan detected ap1-ssid in range (signal: -89.0 / -80.0)
INFO     [2021-06-02 09:45:49,911]: *** sta3-wlan1: Scan detected ap1-ssid in range (signal: -88.0 / -80.0)
INFO     [2021-06-02 09:45:49,935]: *** sta1-wlan1: Scan detected ap1-ssid in range (signal: -89.0 / -80.0)
INFO     [2021-06-02 09:45:50,919]: *** sta3-wlan1: Scan detected ap1-ssid in range (signal: -88.0 / -80.0)
INFO     [2021-06-02 09:45:50,953]: *** sta1-wlan1: Scan detected ap1-ssid in range (signal: -89.0 / -80.0)
INFO     [2021-06-02 09:45:51,923]: *** sta3-wlan1: Scan detected ap1-ssid in range (signal: -88.0 / -80.0)
INFO     [2021-06-02 09:45:51,960]: *** sta1-wlan1: Scan detected ap1-ssid in range (signal: -89.0 / -80.0)
INFO     [2021-06-02 09:45:52,229]: *** sta1-wlan1: Scanning for ap1-ssid
INFO     [2021-06-02 09:45:52,455]: *** sta3-wlan1: Scanning for ap1-ssid
INFO     [2021-06-02 09:45:52,937]: *** sta3-wlan1: Scan detected ap1-ssid in range (signal: -88.0 / -80.0)
INFO     [2021-06-02 09:45:52,967]: *** sta1-wlan1: Scan detected ap1-ssid in range (signal: -89.0 / -80.0)
INFO     [2021-06-02 09:45:53,962]: *** sta3-wlan1: Scan detected ap1-ssid in range (signal: -88.0 / -80.0)
INFO     [2021-06-02 09:45:53,982]: *** sta1-wlan1: Scan detected ap1-ssid in range (signal: -89.0 / -80.0)
INFO     [2021-06-02 09:45:54,969]: *** sta3-wlan1: Scan detected ap1-ssid in range (signal: -88.0 / -80.0)
INFO     [2021-06-02 09:45:54,988]: *** sta1-wlan1: Scan detected ap1-ssid in range (signal: -89.0 / -80.0)
INFO     [2021-06-02 09:45:55,976]: *** sta3-wlan1: Scan detected ap1-ssid in range (signal: -88.0 / -80.0)
INFO     [2021-06-02 09:45:55,993]: *** sta1-wlan1: Scan detected ap1-ssid in range (signal: -89.0 / -80.0)
INFO     [2021-06-02 09:45:56,985]: *** sta3-wlan1: Scan detected ap1-ssid in range (signal: -88.0 / -80.0)
INFO     [2021-06-02 09:45:57,001]: *** sta1-wlan1: Scan detected ap1-ssid in range (signal: -89.0 / -80.0)
INFO     [2021-06-02 09:45:57,990]: *** sta3-wlan1: Scan detected ap1-ssid in range (signal: -88.0 / -80.0)
INFO     [2021-06-02 09:45:58,011]: *** sta1-wlan1: Scan detected ap1-ssid in range (signal: -89.0 / -80.0)
INFO     [2021-06-02 09:45:59,011]: *** sta3-wlan1: Scan detected ap1-ssid in range (signal: -88.0 / -80.0)
INFO     [2021-06-02 09:45:59,024]: *** sta1-wlan1: Scan detected ap1-ssid in range (signal: -89.0 / -80.0)
INFO     [2021-06-02 09:45:59,027]: *** sta1-wlan1: Scanning for ap1-ssid
INFO     [2021-06-02 09:45:59,253]: *** sta3-wlan1: Scanning for ap1-ssid
INFO     [2021-06-02 09:46:00,018]: *** sta3-wlan1: Scan detected ap1-ssid in range (signal: -88.0 / -80.0)
INFO     [2021-06-02 09:46:00,031]: *** sta1-wlan1: Scan detected ap1-ssid in range (signal: -89.0 / -80.0)
INFO     [2021-06-02 09:46:01,025]: *** sta3-wlan1: Scan detected ap1-ssid in range (signal: -88.0 / -80.0)
INFO     [2021-06-02 09:46:01,038]: *** sta1-wlan1: Scan detected ap1-ssid in range (signal: -89.0 / -80.0)
INFO     [2021-06-02 09:46:02,031]: *** sta3-wlan1: Scan detected ap1-ssid in range (signal: -88.0 / -80.0)
INFO     [2021-06-02 09:46:02,044]: *** sta1-wlan1: Scan detected ap1-ssid in range (signal: -89.0 / -80.0)
INFO     [2021-06-02 09:46:03,037]: *** sta3-wlan1: Scan detected ap1-ssid in range (signal: -88.0 / -80.0)
INFO     [2021-06-02 09:46:03,050]: *** sta1-wlan1: Scan detected ap1-ssid in range (signal: -89.0 / -80.0)
INFO     [2021-06-02 09:46:04,042]: *** sta3-wlan1: Scan detected ap1-ssid in range (signal: -88.0 / -80.0)
INFO     [2021-06-02 09:46:04,056]: *** sta1-wlan1: Scan detected ap1-ssid in range (signal: -89.0 / -80.0)
INFO     [2021-06-02 09:46:05,047]: *** sta3-wlan1: Scan detected ap1-ssid in range (signal: -88.0 / -80.0)
INFO     [2021-06-02 09:46:05,061]: *** sta1-wlan1: Scan detected ap1-ssid in range (signal: -89.0 / -80.0)
INFO     [2021-06-02 09:46:05,851]: *** sta1-wlan1: Scanning for ap1-ssid
INFO     [2021-06-02 09:46:06,052]: *** sta3-wlan1: Scan detected ap1-ssid in range (signal: -88.0 / -80.0)
INFO     [2021-06-02 09:46:06,067]: *** sta1-wlan1: Scan detected ap1-ssid in range (signal: -89.0 / -80.0)
INFO     [2021-06-02 09:46:06,081]: *** sta3-wlan1: Scanning for ap1-ssid
INFO     [2021-06-02 09:46:07,057]: *** sta3-wlan1: Scan detected ap1-ssid in range (signal: -88.0 / -80.0)
INFO     [2021-06-02 09:46:07,078]: *** sta1-wlan1: Scan detected ap1-ssid in range (signal: -89.0 / -80.0)
INFO     [2021-06-02 09:46:08,063]: *** sta3-wlan1: Scan detected ap1-ssid in range (signal: -88.0 / -80.0)
INFO     [2021-06-02 09:46:08,083]: *** sta1-wlan1: Scan detected ap1-ssid in range (signal: -89.0 / -80.0)
INFO     [2021-06-02 09:46:09,070]: *** sta3-wlan1: Scan detected ap1-ssid in range (signal: -88.0 / -80.0)
INFO     [2021-06-02 09:46:09,089]: *** sta1-wlan1: Scan detected ap1-ssid in range (signal: -89.0 / -80.0)
INFO     [2021-06-02 09:46:10,093]: *** sta3-wlan1: Scan detected ap1-ssid in range (signal: -88.0 / -80.0)
INFO     [2021-06-02 09:46:10,100]: *** sta1-wlan1: Scan detected ap1-ssid in range (signal: -89.0 / -80.0)
INFO     [2021-06-02 09:46:11,105]: *** sta3-wlan1: Scan detected ap1-ssid in range (signal: -88.0 / -80.0)
INFO     [2021-06-02 09:46:11,109]: *** sta1-wlan1: Scan detected ap1-ssid in range (signal: -89.0 / -80.0)
INFO     [2021-06-02 09:46:12,109]: *** sta3-wlan1: Scan detected ap1-ssid in range (signal: -88.0 / -80.0)
INFO     [2021-06-02 09:46:12,116]: *** sta1-wlan1: Scan detected ap1-ssid in range (signal: -89.0 / -80.0)
INFO     [2021-06-02 09:46:12,672]: *** sta1-wlan1: Scanning for ap1-ssid
INFO     [2021-06-02 09:46:12,917]: *** sta3-wlan1: Scanning for ap1-ssid
INFO     [2021-06-02 09:46:13,115]: *** sta3-wlan1: Scan detected ap1-ssid in range (signal: -88.0 / -80.0)
INFO     [2021-06-02 09:46:13,121]: *** sta1-wlan1: Scan detected ap1-ssid in range (signal: -89.0 / -80.0)
INFO     [2021-06-02 09:46:14,121]: *** sta3-wlan1: Scan detected ap1-ssid in range (signal: -88.0 / -80.0)
INFO     [2021-06-02 09:46:14,126]: *** sta1-wlan1: Scan detected ap1-ssid in range (signal: -89.0 / -80.0)
INFO     [2021-06-02 09:46:15,128]: *** sta3-wlan1: Scan detected ap1-ssid in range (signal: -88.0 / -80.0)
INFO     [2021-06-02 09:46:15,132]: *** sta1-wlan1: Scan detected ap1-ssid in range (signal: -89.0 / -80.0)
INFO     [2021-06-02 09:46:16,137]: *** sta1-wlan1: Scan detected ap1-ssid in range (signal: -89.0 / -80.0)
INFO     [2021-06-02 09:46:17,144]: *** sta1-wlan1: Scan detected ap1-ssid in range (signal: -89.0 / -80.0)
INFO     [2021-06-02 09:46:18,153]: *** sta1-wlan1: Scan detected ap1-ssid in range (signal: -89.0 / -80.0)
INFO     [2021-06-02 09:46:19,159]: *** sta1-wlan1: Scan detected ap1-ssid in range (signal: -89.0 / -80.0)
INFO     [2021-06-02 09:46:19,439]: *** sta1-wlan1: Scanning for ap1-ssid
INFO     [2021-06-02 09:46:19,703]: *** sta3-wlan1: Scanning for ap1-ssid
INFO     [2021-06-02 09:46:26,251]: *** sta1-wlan1: Scanning for ap1-ssid
INFO     [2021-06-02 09:46:26,518]: *** sta3-wlan1: Scanning for ap1-ssid
INFO     [2021-06-02 09:46:33,081]: *** sta1-wlan1: Scanning for ap1-ssid
INFO     [2021-06-02 09:46:33,311]: *** sta3-wlan1: Scanning for ap1-ssid
INFO     [2021-06-02 09:46:39,910]: *** sta1-wlan1: Scanning for ap1-ssid
INFO     [2021-06-02 09:46:40,138]: *** sta3-wlan1: Scanning for ap1-ssid
INFO     [2021-06-02 09:46:40,297]: *** sta3-wlan1: Scan detected ap1-ssid in range (signal: -86.0 / -80.0)
INFO     [2021-06-02 09:46:41,304]: *** sta3-wlan1: Scan detected ap1-ssid in range (signal: -86.0 / -80.0)
INFO     [2021-06-02 09:46:42,312]: *** sta3-wlan1: Scan detected ap1-ssid in range (signal: -86.0 / -80.0)
INFO     [2021-06-02 09:46:43,317]: *** sta3-wlan1: Scan detected ap1-ssid in range (signal: -86.0 / -80.0)
INFO     [2021-06-02 09:46:44,322]: *** sta3-wlan1: Scan detected ap1-ssid in range (signal: -86.0 / -80.0)
INFO     [2021-06-02 09:46:45,329]: *** sta3-wlan1: Scan detected ap1-ssid in range (signal: -86.0 / -80.0)
INFO     [2021-06-02 09:46:46,336]: *** sta3-wlan1: Scan detected ap1-ssid in range (signal: -86.0 / -80.0)
INFO     [2021-06-02 09:46:46,765]: *** sta1-wlan1: Scanning for ap1-ssid
INFO     [2021-06-02 09:46:46,987]: *** sta3-wlan1: Scanning for ap1-ssid
INFO     [2021-06-02 09:46:47,340]: *** sta3-wlan1: Scan detected ap1-ssid in range (signal: -86.0 / -80.0)
INFO     [2021-06-02 09:46:48,353]: *** sta3-wlan1: Scan detected ap1-ssid in range (signal: -86.0 / -80.0)
INFO     [2021-06-02 09:46:49,359]: *** sta3-wlan1: Scan detected ap1-ssid in range (signal: -86.0 / -80.0)
INFO     [2021-06-02 09:46:50,366]: *** sta3-wlan1: Scan detected ap1-ssid in range (signal: -86.0 / -80.0)
INFO     [2021-06-02 09:46:51,372]: *** sta3-wlan1: Scan detected ap1-ssid in range (signal: -86.0 / -80.0)
INFO     [2021-06-02 09:46:52,377]: *** sta3-wlan1: Scan detected ap1-ssid in range (signal: -86.0 / -80.0)
INFO     [2021-06-02 09:46:53,387]: *** sta3-wlan1: Scan detected ap1-ssid in range (signal: -86.0 / -80.0)
INFO     [2021-06-02 09:46:53,543]: *** sta1-wlan1: Scanning for ap1-ssid
INFO     [2021-06-02 09:46:53,735]: *** sta3-wlan1: Scanning for ap1-ssid
INFO     [2021-06-02 09:46:54,393]: *** sta3-wlan1: Scan detected ap1-ssid in range (signal: -86.0 / -80.0)
INFO     [2021-06-02 09:46:55,398]: *** sta3-wlan1: Scan detected ap1-ssid in range (signal: -86.0 / -80.0)
INFO     [2021-06-02 09:46:56,405]: *** sta3-wlan1: Scan detected ap1-ssid in range (signal: -86.0 / -80.0)
INFO     [2021-06-02 09:46:57,412]: *** sta3-wlan1: Scan detected ap1-ssid in range (signal: -86.0 / -80.0)
INFO     [2021-06-02 09:46:58,418]: *** sta3-wlan1: Scan detected ap1-ssid in range (signal: -86.0 / -80.0)
INFO     [2021-06-02 09:46:59,438]: *** sta3-wlan1: Scan detected ap1-ssid in range (signal: -86.0 / -80.0)
INFO     [2021-06-02 09:47:00,298]: *** sta1-wlan1: Scanning for ap1-ssid
INFO     [2021-06-02 09:47:00,445]: *** sta3-wlan1: Scan detected ap1-ssid in range (signal: -86.0 / -80.0)
INFO     [2021-06-02 09:47:00,502]: *** sta3-wlan1: Scanning for ap1-ssid
INFO     [2021-06-02 09:47:01,451]: *** sta3-wlan1: Scan detected ap1-ssid in range (signal: -86.0 / -80.0)
INFO     [2021-06-02 09:47:02,455]: *** sta3-wlan1: Scan detected ap1-ssid in range (signal: -86.0 / -80.0)
INFO     [2021-06-02 09:47:03,462]: *** sta3-wlan1: Scan detected ap1-ssid in range (signal: -86.0 / -80.0)
INFO     [2021-06-02 09:47:04,468]: *** sta3-wlan1: Scan detected ap1-ssid in range (signal: -86.0 / -80.0)
INFO     [2021-06-02 09:47:05,472]: *** sta3-wlan1: Scan detected ap1-ssid in range (signal: -86.0 / -80.0)
INFO     [2021-06-02 09:47:06,478]: *** sta3-wlan1: Scan detected ap1-ssid in range (signal: -86.0 / -80.0)
INFO     [2021-06-02 09:47:07,143]: *** sta1-wlan1: Scanning for ap1-ssid
INFO     [2021-06-02 09:47:07,367]: *** sta3-wlan1: Scanning for ap1-ssid
INFO     [2021-06-02 09:47:07,483]: *** sta3-wlan1: Scan detected ap1-ssid in range (signal: -86.0 / -80.0)
INFO     [2021-06-02 09:47:08,489]: *** sta3-wlan1: Scan detected ap1-ssid in range (signal: -86.0 / -80.0)
INFO     [2021-06-02 09:47:09,495]: *** sta3-wlan1: Scan detected ap1-ssid in range (signal: -86.0 / -80.0)
INFO     [2021-06-02 09:47:10,507]: *** sta3-wlan1: Scan detected ap1-ssid in range (signal: -86.0 / -80.0)
INFO     [2021-06-02 09:47:11,522]: *** sta3-wlan1: Scan detected ap1-ssid in range (signal: -86.0 / -80.0)
INFO     [2021-06-02 09:47:12,528]: *** sta3-wlan1: Scan detected ap1-ssid in range (signal: -86.0 / -80.0)
INFO     [2021-06-02 09:47:13,537]: *** sta3-wlan1: Scan detected ap1-ssid in range (signal: -86.0 / -80.0)
INFO     [2021-06-02 09:47:13,952]: *** sta1-wlan1: Scanning for ap1-ssid
INFO     [2021-06-02 09:47:14,180]: *** sta3-wlan1: Scanning for ap1-ssid
INFO     [2021-06-02 09:47:14,542]: *** sta1-wlan1: Scan detected ap1-ssid in range (signal: -88.0 / -80.0)
INFO     [2021-06-02 09:47:15,549]: *** sta1-wlan1: Scan detected ap1-ssid in range (signal: -88.0 / -80.0)
INFO     [2021-06-02 09:47:16,558]: *** sta1-wlan1: Scan detected ap1-ssid in range (signal: -88.0 / -80.0)
INFO     [2021-06-02 09:47:17,571]: *** sta1-wlan1: Scan detected ap1-ssid in range (signal: -88.0 / -80.0)
INFO     [2021-06-02 09:47:18,578]: *** sta1-wlan1: Scan detected ap1-ssid in range (signal: -88.0 / -80.0)
INFO     [2021-06-02 09:47:19,592]: *** sta1-wlan1: Scan detected ap1-ssid in range (signal: -88.0 / -80.0)
INFO     [2021-06-02 09:47:20,602]: *** sta1-wlan1: Scan detected ap1-ssid in range (signal: -88.0 / -80.0)
INFO     [2021-06-02 09:47:21,216]: *** sta1-wlan1: Scanning for ap1-ssid
INFO     [2021-06-02 09:47:21,375]: *** sta3-wlan1: Scanning for ap1-ssid
INFO     [2021-06-02 09:47:21,611]: *** sta1-wlan1: Scan detected ap1-ssid in range (signal: -88.0 / -80.0)
INFO     [2021-06-02 09:47:22,617]: *** sta1-wlan1: Scan detected ap1-ssid in range (signal: -88.0 / -80.0)
INFO     [2021-06-02 09:47:23,629]: *** sta1-wlan1: Scan detected ap1-ssid in range (signal: -88.0 / -80.0)
INFO     [2021-06-02 09:47:24,636]: *** sta1-wlan1: Scan detected ap1-ssid in range (signal: -88.0 / -80.0)
INFO     [2021-06-02 09:47:25,641]: *** sta1-wlan1: Scan detected ap1-ssid in range (signal: -88.0 / -80.0)
INFO     [2021-06-02 09:47:26,649]: *** sta1-wlan1: Scan detected ap1-ssid in range (signal: -88.0 / -80.0)
INFO     [2021-06-02 09:47:27,742]: *** sta1-wlan1: Scan detected ap1-ssid in range (signal: -88.0 / -80.0)
INFO     [2021-06-02 09:47:27,974]: *** sta1-wlan1: Scanning for ap1-ssid
INFO     [2021-06-02 09:47:28,121]: *** sta3-wlan1: Scanning for ap1-ssid
INFO     [2021-06-02 09:47:28,749]: *** sta1-wlan1: Scan detected ap1-ssid in range (signal: -88.0 / -80.0)
INFO     [2021-06-02 09:47:29,756]: *** sta1-wlan1: Scan detected ap1-ssid in range (signal: -88.0 / -80.0)
INFO     [2021-06-02 09:47:30,760]: *** sta1-wlan1: Scan detected ap1-ssid in range (signal: -88.0 / -80.0)
INFO     [2021-06-02 09:47:31,767]: *** sta1-wlan1: Scan detected ap1-ssid in range (signal: -88.0 / -80.0)
INFO     [2021-06-02 09:47:32,773]: *** sta1-wlan1: Scan detected ap1-ssid in range (signal: -88.0 / -80.0)
INFO     [2021-06-02 09:47:33,782]: *** sta1-wlan1: Scan detected ap1-ssid in range (signal: -88.0 / -80.0)
INFO     [2021-06-02 09:47:34,788]: *** sta1-wlan1: Scan detected ap1-ssid in range (signal: -88.0 / -80.0)
INFO     [2021-06-02 09:47:34,794]: *** sta1-wlan1: Scanning for ap1-ssid
INFO     [2021-06-02 09:47:34,955]: *** sta3-wlan1: Scanning for ap1-ssid
INFO     [2021-06-02 09:47:35,794]: *** sta1-wlan1: Scan detected ap1-ssid in range (signal: -88.0 / -80.0)
INFO     [2021-06-02 09:47:36,798]: *** sta1-wlan1: Scan detected ap1-ssid in range (signal: -88.0 / -80.0)
INFO     [2021-06-02 09:47:37,803]: *** sta1-wlan1: Scan detected ap1-ssid in range (signal: -88.0 / -80.0)
INFO     [2021-06-02 09:47:38,818]: *** sta1-wlan1: Scan detected ap1-ssid in range (signal: -88.0 / -80.0)
INFO     [2021-06-02 09:47:39,823]: *** sta1-wlan1: Scan detected ap1-ssid in range (signal: -88.0 / -80.0)
INFO     [2021-06-02 09:47:40,830]: *** sta1-wlan1: Scan detected ap1-ssid in range (signal: -88.0 / -80.0)
INFO     [2021-06-02 09:47:41,587]: *** sta1-wlan1: Scanning for ap1-ssid
INFO     [2021-06-02 09:47:41,751]: *** sta3-wlan1: Scanning for ap1-ssid
INFO     [2021-06-02 09:47:41,836]: *** sta1-wlan1: Scan detected ap1-ssid in range (signal: -88.0 / -80.0)
INFO     [2021-06-02 09:47:42,847]: *** sta1-wlan1: Scan detected ap1-ssid in range (signal: -88.0 / -80.0)
INFO     [2021-06-02 09:47:43,865]: *** sta1-wlan1: Scan detected ap1-ssid in range (signal: -88.0 / -80.0)
INFO     [2021-06-02 09:47:48,363]: *** sta1-wlan1: Scanning for ap1-ssid
INFO     [2021-06-02 09:47:48,567]: *** sta3-wlan1: Scanning for ap1-ssid
INFO     [2021-06-02 09:47:55,191]: *** sta1-wlan1: Scanning for ap1-ssid
INFO     [2021-06-02 09:47:55,404]: *** sta3-wlan1: Scanning for ap1-ssid
INFO     [2021-06-02 09:48:02,251]: *** sta1-wlan1: Scanning for ap1-ssid
INFO     [2021-06-02 09:48:02,472]: *** sta3-wlan1: Scanning for ap1-ssid
INFO     [2021-06-02 09:48:09,004]: *** sta1-wlan1: Scanning for ap1-ssid
INFO     [2021-06-02 09:48:09,231]: *** sta3-wlan1: Scanning for ap1-ssid
INFO     [2021-06-02 09:48:15,742]: *** sta1-wlan1: Scanning for ap1-ssid
INFO     [2021-06-02 09:48:15,975]: *** sta3-wlan1: Scanning for ap1-ssid
INFO     [2021-06-02 09:48:22,491]: *** sta1-wlan1: Scanning for ap1-ssid
INFO     [2021-06-02 09:48:22,727]: *** sta3-wlan1: Scanning for ap1-ssid
INFO     [2021-06-02 09:48:29,363]: *** sta1-wlan1: Scanning for ap1-ssid
INFO     [2021-06-02 09:48:29,381]: *** sta1-wlan1: Scan detected ap1-ssid in range (signal: -89.0 / -80.0)
INFO     [2021-06-02 09:48:29,546]: *** sta3-wlan1: Scanning for ap1-ssid
INFO     [2021-06-02 09:48:30,402]: *** sta1-wlan1: Scan detected ap1-ssid in range (signal: -89.0 / -80.0)
INFO     [2021-06-02 09:48:31,411]: *** sta1-wlan1: Scan detected ap1-ssid in range (signal: -89.0 / -80.0)
INFO     [2021-06-02 09:48:32,417]: *** sta1-wlan1: Scan detected ap1-ssid in range (signal: -89.0 / -80.0)
INFO     [2021-06-02 09:48:33,420]: *** sta1-wlan1: Scan detected ap1-ssid in range (signal: -89.0 / -80.0)
INFO     [2021-06-02 09:48:34,426]: *** sta1-wlan1: Scan detected ap1-ssid in range (signal: -89.0 / -80.0)
INFO     [2021-06-02 09:48:35,433]: *** sta1-wlan1: Scan detected ap1-ssid in range (signal: -89.0 / -80.0)
INFO     [2021-06-02 09:48:36,390]: *** sta1-wlan1: Scanning for ap1-ssid
INFO     [2021-06-02 09:48:36,415]: *** sta3-wlan1: Scanning for ap1-ssid
INFO     [2021-06-02 09:48:36,450]: *** sta1-wlan1: Scan detected ap1-ssid in range (signal: -89.0 / -80.0)
INFO     [2021-06-02 09:48:37,452]: *** sta3-wlan1: Scan detected ap1-ssid in range (signal: -90.0 / -80.0)
INFO     [2021-06-02 09:48:37,455]: *** sta1-wlan1: Scan detected ap1-ssid in range (signal: -89.0 / -80.0)
INFO     [2021-06-02 09:48:38,458]: *** sta3-wlan1: Scan detected ap1-ssid in range (signal: -90.0 / -80.0)
INFO     [2021-06-02 09:48:38,460]: *** sta1-wlan1: Scan detected ap1-ssid in range (signal: -89.0 / -80.0)
INFO     [2021-06-02 09:48:39,465]: *** sta3-wlan1: Scan detected ap1-ssid in range (signal: -90.0 / -80.0)
INFO     [2021-06-02 09:48:39,465]: *** sta1-wlan1: Scan detected ap1-ssid in range (signal: -89.0 / -80.0)
INFO     [2021-06-02 09:48:40,470]: *** sta3-wlan1: Scan detected ap1-ssid in range (signal: -90.0 / -80.0)
INFO     [2021-06-02 09:48:40,472]: *** sta1-wlan1: Scan detected ap1-ssid in range (signal: -89.0 / -80.0)
INFO     [2021-06-02 09:48:41,480]: *** sta1-wlan1: Scan detected ap1-ssid in range (signal: -89.0 / -80.0)
INFO     [2021-06-02 09:48:41,482]: *** sta3-wlan1: Scan detected ap1-ssid in range (signal: -90.0 / -80.0)
INFO     [2021-06-02 09:48:42,489]: *** sta1-wlan1: Scan detected ap1-ssid in range (signal: -89.0 / -80.0)
INFO     [2021-06-02 09:48:42,489]: *** sta3-wlan1: Scan detected ap1-ssid in range (signal: -90.0 / -80.0)
INFO     [2021-06-02 09:48:43,131]: *** sta1-wlan1: Scanning for ap1-ssid
INFO     [2021-06-02 09:48:43,163]: *** sta3-wlan1: Scanning for ap1-ssid
INFO     [2021-06-02 09:48:43,507]: *** sta1-wlan1: Scan detected ap1-ssid in range (signal: -89.0 / -80.0)
INFO     [2021-06-02 09:48:43,507]: *** sta3-wlan1: Scan detected ap1-ssid in range (signal: -90.0 / -80.0)
INFO     [2021-06-02 09:48:44,512]: *** sta1-wlan1: Scan detected ap1-ssid in range (signal: -89.0 / -80.0)
INFO     [2021-06-02 09:48:44,513]: *** sta3-wlan1: Scan detected ap1-ssid in range (signal: -90.0 / -80.0)
INFO     [2021-06-02 09:48:45,517]: *** sta1-wlan1: Scan detected ap1-ssid in range (signal: -89.0 / -80.0)
INFO     [2021-06-02 09:48:45,519]: *** sta3-wlan1: Scan detected ap1-ssid in range (signal: -90.0 / -80.0)
INFO     [2021-06-02 09:48:46,522]: *** sta1-wlan1: Scan detected ap1-ssid in range (signal: -89.0 / -80.0)
INFO     [2021-06-02 09:48:46,525]: *** sta3-wlan1: Scan detected ap1-ssid in range (signal: -90.0 / -80.0)
INFO     [2021-06-02 09:48:47,526]: *** sta1-wlan1: Scan detected ap1-ssid in range (signal: -89.0 / -80.0)
INFO     [2021-06-02 09:48:47,530]: *** sta3-wlan1: Scan detected ap1-ssid in range (signal: -90.0 / -80.0)
INFO     [2021-06-02 09:48:48,533]: *** sta1-wlan1: Scan detected ap1-ssid in range (signal: -89.0 / -80.0)
INFO     [2021-06-02 09:48:48,538]: *** sta3-wlan1: Scan detected ap1-ssid in range (signal: -90.0 / -80.0)
INFO     [2021-06-02 09:48:49,539]: *** sta1-wlan1: Scan detected ap1-ssid in range (signal: -89.0 / -80.0)
INFO     [2021-06-02 09:48:49,543]: *** sta3-wlan1: Scan detected ap1-ssid in range (signal: -90.0 / -80.0)
INFO     [2021-06-02 09:48:49,958]: *** sta1-wlan1: Scanning for ap1-ssid
INFO     [2021-06-02 09:48:49,975]: *** sta3-wlan1: Scanning for ap1-ssid
INFO     [2021-06-02 09:48:50,545]: *** sta1-wlan1: Scan detected ap1-ssid in range (signal: -89.0 / -80.0)
INFO     [2021-06-02 09:48:50,552]: *** sta3-wlan1: Scan detected ap1-ssid in range (signal: -90.0 / -80.0)
INFO     [2021-06-02 09:48:51,550]: *** sta1-wlan1: Scan detected ap1-ssid in range (signal: -89.0 / -80.0)
INFO     [2021-06-02 09:48:51,557]: *** sta3-wlan1: Scan detected ap1-ssid in range (signal: -90.0 / -80.0)
INFO     [2021-06-02 09:48:52,554]: *** sta1-wlan1: Scan detected ap1-ssid in range (signal: -89.0 / -80.0)
INFO     [2021-06-02 09:48:52,562]: *** sta3-wlan1: Scan detected ap1-ssid in range (signal: -90.0 / -80.0)
INFO     [2021-06-02 09:48:53,560]: *** sta1-wlan1: Scan detected ap1-ssid in range (signal: -89.0 / -80.0)
INFO     [2021-06-02 09:48:53,568]: *** sta3-wlan1: Scan detected ap1-ssid in range (signal: -90.0 / -80.0)
INFO     [2021-06-02 09:48:54,565]: *** sta1-wlan1: Scan detected ap1-ssid in range (signal: -89.0 / -80.0)
INFO     [2021-06-02 09:48:54,573]: *** sta3-wlan1: Scan detected ap1-ssid in range (signal: -90.0 / -80.0)
INFO     [2021-06-02 09:48:55,572]: *** sta1-wlan1: Scan detected ap1-ssid in range (signal: -89.0 / -80.0)
INFO     [2021-06-02 09:48:55,578]: *** sta3-wlan1: Scan detected ap1-ssid in range (signal: -90.0 / -80.0)
INFO     [2021-06-02 09:48:56,578]: *** sta1-wlan1: Scan detected ap1-ssid in range (signal: -89.0 / -80.0)
INFO     [2021-06-02 09:48:56,584]: *** sta3-wlan1: Scan detected ap1-ssid in range (signal: -90.0 / -80.0)
INFO     [2021-06-02 09:48:56,732]: *** sta1-wlan1: Scanning for ap1-ssid
INFO     [2021-06-02 09:48:56,767]: *** sta3-wlan1: Scanning for ap1-ssid
INFO     [2021-06-02 09:48:57,584]: *** sta1-wlan1: Scan detected ap1-ssid in range (signal: -89.0 / -80.0)
INFO     [2021-06-02 09:48:57,591]: *** sta3-wlan1: Scan detected ap1-ssid in range (signal: -90.0 / -80.0)
INFO     [2021-06-02 09:48:58,592]: *** sta1-wlan1: Scan detected ap1-ssid in range (signal: -89.0 / -80.0)
INFO     [2021-06-02 09:48:58,611]: *** sta3-wlan1: Scan detected ap1-ssid in range (signal: -90.0 / -80.0)
INFO     [2021-06-02 09:48:59,598]: *** sta1-wlan1: Scan detected ap1-ssid in range (signal: None / -80.0)
INFO     [2021-06-02 09:48:59,617]: *** sta3-wlan1: Scan detected ap1-ssid in range (signal: -90.0 / -80.0)
INFO     [2021-06-02 09:49:00,622]: *** sta3-wlan1: Scan detected ap1-ssid in range (signal: -89.0 / -80.0)
INFO     [2021-06-02 09:49:01,629]: *** sta3-wlan1: Scan detected ap1-ssid in range (signal: -89.0 / -80.0)
INFO     [2021-06-02 09:49:02,635]: *** sta3-wlan1: Scan detected ap1-ssid in range (signal: -89.0 / -80.0)
INFO     [2021-06-02 09:49:03,507]: *** sta1-wlan1: Scanning for ap1-ssid
INFO     [2021-06-02 09:49:03,533]: *** sta3-wlan1: Scanning for ap1-ssid
INFO     [2021-06-02 09:49:03,652]: *** sta3-wlan1: Scan detected ap1-ssid in range (signal: -89.0 / -80.0)
INFO     [2021-06-02 09:49:04,658]: *** sta3-wlan1: Scan detected ap1-ssid in range (signal: -89.0 / -80.0)
INFO     [2021-06-02 09:49:05,668]: *** sta3-wlan1: Scan detected ap1-ssid in range (signal: -89.0 / -80.0)
INFO     [2021-06-02 09:49:06,673]: *** sta3-wlan1: Scan detected ap1-ssid in range (signal: -89.0 / -80.0)
INFO     [2021-06-02 09:49:07,679]: *** sta3-wlan1: Scan detected ap1-ssid in range (signal: -89.0 / -80.0)
INFO     [2021-06-02 09:49:08,684]: *** sta3-wlan1: Scan detected ap1-ssid in range (signal: -89.0 / -80.0)
INFO     [2021-06-02 09:49:09,689]: *** sta3-wlan1: Scan detected ap1-ssid in range (signal: -89.0 / -80.0)
INFO     [2021-06-02 09:49:10,334]: *** sta1-wlan1: Scanning for ap1-ssid
INFO     [2021-06-02 09:49:10,369]: *** sta3-wlan1: Scanning for ap1-ssid
INFO     [2021-06-02 09:49:10,695]: *** sta3-wlan1: Scan detected ap1-ssid in range (signal: -90.0 / -80.0)
INFO     [2021-06-02 09:49:11,704]: *** sta3-wlan1: Scan detected ap1-ssid in range (signal: -90.0 / -80.0)
INFO     [2021-06-02 09:49:12,709]: *** sta3-wlan1: Scan detected ap1-ssid in range (signal: -90.0 / -80.0)
INFO     [2021-06-02 09:49:13,714]: *** sta3-wlan1: Scan detected ap1-ssid in range (signal: -90.0 / -80.0)
INFO     [2021-06-02 09:49:14,718]: *** sta3-wlan1: Scan detected ap1-ssid in range (signal: -90.0 / -80.0)
INFO     [2021-06-02 09:49:15,725]: *** sta3-wlan1: Scan detected ap1-ssid in range (signal: -90.0 / -80.0)
INFO     [2021-06-02 09:49:16,741]: *** sta3-wlan1: Scan detected ap1-ssid in range (signal: -90.0 / -80.0)
INFO     [2021-06-02 09:49:17,269]: *** sta3-wlan1: Scanning for ap1-ssid
INFO     [2021-06-02 09:49:17,270]: *** sta1-wlan1: Scanning for ap1-ssid
INFO     [2021-06-02 09:49:17,746]: *** sta3-wlan1: Scan detected ap1-ssid in range (signal: -90.0 / -80.0)
INFO     [2021-06-02 09:49:18,752]: *** sta3-wlan1: Scan detected ap1-ssid in range (signal: -90.0 / -80.0)
INFO     [2021-06-02 09:49:19,756]: *** sta3-wlan1: Scan detected ap1-ssid in range (signal: -90.0 / -80.0)
INFO     [2021-06-02 09:49:20,760]: *** sta3-wlan1: Scan detected ap1-ssid in range (signal: -90.0 / -80.0)
INFO     [2021-06-02 09:49:21,766]: *** sta3-wlan1: Scan detected ap1-ssid in range (signal: -90.0 / -80.0)
INFO     [2021-06-02 09:49:22,770]: *** sta3-wlan1: Scan detected ap1-ssid in range (signal: -90.0 / -80.0)
INFO     [2021-06-02 09:49:23,776]: *** sta3-wlan1: Scan detected ap1-ssid in range (signal: -90.0 / -80.0)
INFO     [2021-06-02 09:49:24,027]: *** sta1-wlan1: Scanning for ap1-ssid
INFO     [2021-06-02 09:49:24,028]: *** sta3-wlan1: Scanning for ap1-ssid
INFO     [2021-06-02 09:49:24,783]: *** sta3-wlan1: Scan detected ap1-ssid in range (signal: -90.0 / -80.0)
INFO     [2021-06-02 09:49:25,789]: *** sta3-wlan1: Scan detected ap1-ssid in range (signal: -90.0 / -80.0)
INFO     [2021-06-02 09:49:26,794]: *** sta3-wlan1: Scan detected ap1-ssid in range (signal: -90.0 / -80.0)
INFO     [2021-06-02 09:49:27,800]: *** sta3-wlan1: Scan detected ap1-ssid in range (signal: -90.0 / -80.0)
INFO     [2021-06-02 09:49:28,806]: *** sta3-wlan1: Scan detected ap1-ssid in range (signal: -90.0 / -80.0)
INFO     [2021-06-02 09:49:29,812]: *** sta3-wlan1: Scan detected ap1-ssid in range (signal: -90.0 / -80.0)
INFO     [2021-06-02 09:49:30,806]: *** sta3-wlan1: Scanning for ap1-ssid
INFO     [2021-06-02 09:49:30,818]: *** sta3-wlan1: Scan detected ap1-ssid in range (signal: -90.0 / -80.0)
INFO     [2021-06-02 09:49:30,829]: *** sta1-wlan1: Scanning for ap1-ssid
INFO     [2021-06-02 09:49:31,824]: *** sta3-wlan1: Scan detected ap1-ssid in range (signal: -89.0 / -80.0)
INFO     [2021-06-02 09:49:32,828]: *** sta3-wlan1: Scan detected ap1-ssid in range (signal: -89.0 / -80.0)
INFO     [2021-06-02 09:49:33,833]: *** sta3-wlan1: Scan detected ap1-ssid in range (signal: -89.0 / -80.0)
INFO     [2021-06-02 09:49:34,839]: *** sta3-wlan1: Scan detected ap1-ssid in range (signal: -89.0 / -80.0)
INFO     [2021-06-02 09:49:35,844]: *** sta3-wlan1: Scan detected ap1-ssid in range (signal: -89.0 / -80.0)
INFO     [2021-06-02 09:49:36,849]: *** sta3-wlan1: Scan detected ap1-ssid in range (signal: -89.0 / -80.0)
INFO     [2021-06-02 09:49:37,664]: *** sta1-wlan1: Scanning for ap1-ssid
INFO     [2021-06-02 09:49:37,667]: *** sta3-wlan1: Scanning for ap1-ssid
INFO     [2021-06-02 09:49:37,865]: *** sta3-wlan1: Scan detected ap1-ssid in range (signal: -89.0 / -80.0)
INFO     [2021-06-02 09:49:38,872]: *** sta3-wlan1: Scan detected ap1-ssid in range (signal: -89.0 / -80.0)
INFO     [2021-06-02 09:49:39,878]: *** sta3-wlan1: Scan detected ap1-ssid in range (signal: -89.0 / -80.0)
INFO     [2021-06-02 09:49:40,885]: *** sta3-wlan1: Scan detected ap1-ssid in range (signal: -89.0 / -80.0)
INFO     [2021-06-02 09:49:41,892]: *** sta3-wlan1: Scan detected ap1-ssid in range (signal: -89.0 / -80.0)
INFO     [2021-06-02 09:49:42,898]: *** sta3-wlan1: Scan detected ap1-ssid in range (signal: -89.0 / -80.0)
INFO     [2021-06-02 09:49:43,902]: *** sta3-wlan1: Scan detected ap1-ssid in range (signal: -89.0 / -80.0)
INFO     [2021-06-02 09:49:44,646]: *** sta1-wlan1: Scanning for ap1-ssid
INFO     [2021-06-02 09:49:44,646]: *** sta3-wlan1: Scanning for ap1-ssid
INFO     [2021-06-02 09:49:44,907]: *** sta3-wlan1: Scan detected ap1-ssid in range (signal: -89.0 / -80.0)
INFO     [2021-06-02 09:49:45,912]: *** sta3-wlan1: Scan detected ap1-ssid in range (signal: -89.0 / -80.0)
INFO     [2021-06-02 09:49:46,927]: *** sta3-wlan1: Scan detected ap1-ssid in range (signal: -89.0 / -80.0)
INFO     [2021-06-02 09:49:47,934]: *** sta3-wlan1: Scan detected ap1-ssid in range (signal: -89.0 / -80.0)
INFO     [2021-06-02 09:49:48,938]: *** sta3-wlan1: Scan detected ap1-ssid in range (signal: -89.0 / -80.0)
INFO     [2021-06-02 09:49:49,944]: *** sta3-wlan1: Scan detected ap1-ssid in range (signal: -89.0 / -80.0)
INFO     [2021-06-02 09:49:50,952]: *** sta3-wlan1: Scan detected ap1-ssid in range (signal: -89.0 / -80.0)
INFO     [2021-06-02 09:49:51,789]: *** sta3-wlan1: Scanning for ap1-ssid
INFO     [2021-06-02 09:49:51,789]: *** sta1-wlan1: Scanning for ap1-ssid
INFO     [2021-06-02 09:49:51,966]: *** sta3-wlan1: Scan detected ap1-ssid in range (signal: -89.0 / -80.0)
INFO     [2021-06-02 09:49:52,974]: *** sta3-wlan1: Scan detected ap1-ssid in range (signal: -89.0 / -80.0)
INFO     [2021-06-02 09:49:53,978]: *** sta3-wlan1: Scan detected ap1-ssid in range (signal: -89.0 / -80.0)
INFO     [2021-06-02 09:49:54,989]: *** sta3-wlan1: Scan detected ap1-ssid in range (signal: -89.0 / -80.0)
INFO     [2021-06-02 09:49:55,994]: *** sta3-wlan1: Scan detected ap1-ssid in range (signal: -89.0 / -80.0)
INFO     [2021-06-02 09:49:57,001]: *** sta3-wlan1: Scan detected ap1-ssid in range (signal: -89.0 / -80.0)
INFO     [2021-06-02 09:49:58,007]: *** sta3-wlan1: Scan detected ap1-ssid in range (signal: -89.0 / -80.0)
INFO     [2021-06-02 09:49:58,575]: *** sta3-wlan1: Scanning for ap1-ssid
INFO     [2021-06-02 09:49:58,575]: *** sta1-wlan1: Scanning for ap1-ssid
INFO     [2021-06-02 09:49:59,020]: *** sta3-wlan1: Scan detected ap1-ssid in range (signal: -87.0 / -80.0)
INFO     [2021-06-02 09:50:00,027]: *** sta3-wlan1: Scan detected ap1-ssid in range (signal: -87.0 / -80.0)
INFO     [2021-06-02 09:50:01,032]: *** sta3-wlan1: Scan detected ap1-ssid in range (signal: -87.0 / -80.0)
INFO     [2021-06-02 09:50:02,038]: *** sta3-wlan1: Scan detected ap1-ssid in range (signal: -87.0 / -80.0)
INFO     [2021-06-02 09:50:03,044]: *** sta3-wlan1: Scan detected ap1-ssid in range (signal: -87.0 / -80.0)
INFO     [2021-06-02 09:50:04,059]: *** sta3-wlan1: Scan detected ap1-ssid in range (signal: -87.0 / -80.0)
INFO     [2021-06-02 09:50:05,099]: *** sta3-wlan1: Scan detected ap1-ssid in range (signal: -87.0 / -80.0)
INFO     [2021-06-02 09:50:05,407]: *** sta1-wlan1: Scanning for ap1-ssid
INFO     [2021-06-02 09:50:05,427]: *** sta3-wlan1: Scanning for ap1-ssid
INFO     [2021-06-02 09:50:06,106]: *** sta3-wlan1: Scan detected ap1-ssid in range (signal: -86.0 / -80.0)
INFO     [2021-06-02 09:50:07,113]: *** sta3-wlan1: Scan detected ap1-ssid in range (signal: -86.0 / -80.0)
INFO     [2021-06-02 09:50:08,122]: *** sta3-wlan1: Scan detected ap1-ssid in range (signal: -86.0 / -80.0)
INFO     [2021-06-02 09:50:09,127]: *** sta3-wlan1: Scan detected ap1-ssid in range (signal: -86.0 / -80.0)
INFO     [2021-06-02 09:50:10,134]: *** sta3-wlan1: Scan detected ap1-ssid in range (signal: -86.0 / -80.0)
INFO     [2021-06-02 09:50:11,139]: *** sta3-wlan1: Scan detected ap1-ssid in range (signal: -86.0 / -80.0)
INFO     [2021-06-02 09:50:12,144]: *** sta3-wlan1: Scan detected ap1-ssid in range (signal: -86.0 / -80.0)
INFO     [2021-06-02 09:50:12,203]: *** sta3-wlan1: Scanning for ap1-ssid
INFO     [2021-06-02 09:50:12,219]: *** sta1-wlan1: Scanning for ap1-ssid
INFO     [2021-06-02 09:50:13,153]: *** sta3-wlan1: Scan detected ap1-ssid in range (signal: -83.0 / -80.0)
INFO     [2021-06-02 09:50:14,164]: *** sta3-wlan1: Scan detected ap1-ssid in range (signal: -83.0 / -80.0)
INFO     [2021-06-02 09:50:15,169]: *** sta3-wlan1: Scan detected ap1-ssid in range (signal: -83.0 / -80.0)
INFO     [2021-06-02 09:50:16,177]: *** sta3-wlan1: Scan detected ap1-ssid in range (signal: -83.0 / -80.0)
INFO     [2021-06-02 09:50:17,182]: *** sta3-wlan1: Scan detected ap1-ssid in range (signal: -83.0 / -80.0)
INFO     [2021-06-02 09:50:18,187]: *** sta3-wlan1: Scan detected ap1-ssid in range (signal: -83.0 / -80.0)
INFO     [2021-06-02 09:50:19,034]: *** sta1-wlan1: Scanning for ap1-ssid
INFO     [2021-06-02 09:50:19,036]: *** sta3-wlan1: Scanning for ap1-ssid
INFO     [2021-06-02 09:50:19,194]: *** sta3-wlan1: Scan detected ap1-ssid in range (signal: -82.0 / -80.0)
INFO     [2021-06-02 09:50:20,198]: *** sta3-wlan1: Scan detected ap1-ssid in range (signal: -82.0 / -80.0)
INFO     [2021-06-02 09:50:21,203]: *** sta3-wlan1: Scan detected ap1-ssid in range (signal: -82.0 / -80.0)
INFO     [2021-06-02 09:50:22,208]: *** sta3-wlan1: Scan detected ap1-ssid in range (signal: -82.0 / -80.0)
INFO     [2021-06-02 09:50:23,214]: *** sta3-wlan1: Scan detected ap1-ssid in range (signal: -82.0 / -80.0)
INFO     [2021-06-02 09:50:24,219]: *** sta3-wlan1: Scan detected ap1-ssid in range (signal: -82.0 / -80.0)
INFO     [2021-06-02 09:50:25,224]: *** sta3-wlan1: Scan detected ap1-ssid in range (signal: -82.0 / -80.0)
INFO     [2021-06-02 09:50:25,823]: *** sta1-wlan1: Scanning for ap1-ssid
INFO     [2021-06-02 09:50:25,824]: *** sta3-wlan1: Scanning for ap1-ssid
INFO     [2021-06-02 09:50:26,229]: *** sta3-wlan1: Scan detected ap1-ssid in range (signal: -85.0 / -80.0)
INFO     [2021-06-02 09:50:27,235]: *** sta3-wlan1: Scan detected ap1-ssid in range (signal: -85.0 / -80.0)
INFO     [2021-06-02 09:50:28,240]: *** sta3-wlan1: Scan detected ap1-ssid in range (signal: -85.0 / -80.0)
INFO     [2021-06-02 09:50:29,250]: *** sta3-wlan1: Scan detected ap1-ssid in range (signal: -85.0 / -80.0)
INFO     [2021-06-02 09:50:30,257]: *** sta3-wlan1: Scan detected ap1-ssid in range (signal: -85.0 / -80.0)
INFO     [2021-06-02 09:50:31,307]: *** sta3-wlan1: Scan detected ap1-ssid in range (signal: -85.0 / -80.0)
INFO     [2021-06-02 09:50:32,312]: *** sta3-wlan1: Scan detected ap1-ssid in range (signal: -85.0 / -80.0)
INFO     [2021-06-02 09:50:32,647]: *** sta1-wlan1: Scanning for ap1-ssid
INFO     [2021-06-02 09:50:32,651]: *** sta3-wlan1: Scanning for ap1-ssid
INFO     [2021-06-02 09:50:33,319]: *** sta3-wlan1: Scan detected ap1-ssid in range (signal: -79.0 / -80.0)
INFO     [2021-06-02 09:50:33,319]: *** sta3-wlan0: OLSR runnning: Killing olsrd process (PID: 117781)
INFO     [2021-06-02 09:50:33,319]: *** sta3-wlan0: Killed given olsrd process (PID: 117781)
INFO     [2021-06-02 09:50:33,339]: *** sta3-wlan0: IBSS leave completed
INFO     [2021-06-02 09:50:33,342]: *** sta3-wlan0: Set type to managed
INFO     [2021-06-02 09:50:37,140]: *** sta3-wlan0: Connected interface to ap1-ssid
INFO     [2021-06-02 09:50:39,480]: *** sta1-wlan1: Scanning for ap1-ssid
INFO     [2021-06-02 09:50:41,727]: *** sta3-wlan1: Scanner started. Searching for ap1-ssid with interval 3.0
INFO     [2021-06-02 09:50:41,730]: *** sta3-wlan1: Scan detected ap1-ssid in range (signal: -79.0 / -80.0)
INFO     [2021-06-02 09:50:41,735]: *** sta3-wlan0: Connected interface to ap1-ssid
INFO     [2021-06-02 09:50:46,303]: *** sta3-wlan1: Scanner started. Searching for ap1-ssid with interval 3.0
INFO     [2021-06-02 09:50:46,305]: *** sta3-wlan1: Scan detected ap1-ssid in range (signal: -79.0 / -80.0)
INFO     [2021-06-02 09:50:46,311]: *** sta3-wlan0: Connected interface to ap1-ssid
INFO     [2021-06-02 09:50:46,800]: *** sta1-wlan1: Scanning for ap1-ssid
INFO     [2021-06-02 09:50:53,571]: *** sta1-wlan1: Scanning for ap1-ssid
INFO     [2021-06-02 09:51:00,350]: *** sta1-wlan1: Scanning for ap1-ssid
INFO     [2021-06-02 09:51:07,106]: *** sta1-wlan1: Scanning for ap1-ssid
INFO     [2021-06-02 09:51:13,876]: *** sta1-wlan1: Scanning for ap1-ssid
INFO     [2021-06-02 09:51:20,635]: *** sta1-wlan1: Scanning for ap1-ssid
INFO     [2021-06-02 09:51:27,490]: *** sta1-wlan1: Scanning for ap1-ssid
INFO     [2021-06-02 09:51:34,662]: *** sta1-wlan1: Scanning for ap1-ssid
INFO     [2021-06-02 09:51:41,645]: *** sta1-wlan1: Scanning for ap1-ssid
INFO     [2021-06-02 09:51:48,645]: *** sta1-wlan1: Scanning for ap1-ssid
INFO     [2021-06-02 09:51:55,572]: *** sta1-wlan1: Scanning for ap1-ssid
INFO     [2021-06-02 09:52:02,416]: *** sta1-wlan1: Scanning for ap1-ssid
INFO     [2021-06-02 09:52:09,238]: *** sta1-wlan1: Scanning for ap1-ssid
INFO     [2021-06-02 09:52:16,111]: *** sta1-wlan1: Scanning for ap1-ssid
INFO     [2021-06-02 09:52:22,954]: *** sta1-wlan1: Scanning for ap1-ssid
INFO     [2021-06-02 09:52:29,780]: *** sta1-wlan1: Scanning for ap1-ssid
INFO     [2021-06-02 09:52:36,689]: *** sta1-wlan1: Scanning for ap1-ssid
INFO     [2021-06-02 09:52:43,694]: *** sta1-wlan1: Scanning for ap1-ssid
INFO     [2021-06-02 09:52:50,498]: *** sta1-wlan1: Scanning for ap1-ssid
INFO     [2021-06-02 09:52:57,327]: *** sta1-wlan1: Scanning for ap1-ssid
INFO     [2021-06-02 09:53:04,252]: *** sta1-wlan1: Scanning for ap1-ssid
INFO     [2021-06-02 09:53:11,374]: *** sta1-wlan1: Scanning for ap1-ssid
INFO     [2021-06-02 09:53:18,538]: *** sta1-wlan1: Scanning for ap1-ssid
INFO     [2021-06-02 09:53:25,593]: *** sta1-wlan1: Scanning for ap1-ssid
INFO     [2021-06-02 09:53:32,524]: *** sta1-wlan1: Scanning for ap1-ssid
INFO     [2021-06-02 09:53:39,729]: *** sta1-wlan1: Scanning for ap1-ssid
INFO     [2021-06-02 09:53:46,712]: *** sta1-wlan1: Scanning for ap1-ssid
INFO     [2021-06-02 09:53:53,616]: *** sta1-wlan1: Scanning for ap1-ssid
INFO     [2021-06-02 09:54:00,453]: *** sta1-wlan1: Scanning for ap1-ssid
INFO     [2021-06-02 09:54:07,397]: *** sta1-wlan1: Scanning for ap1-ssid
