INFO     [2021-05-31 09:41:50,000]: *** sta1-wlan0: Started flexible_sdn.py
INFO     [2021-05-31 09:41:50,004]: *** sta1: Interface: sta1-wlan0, Scan-interface: sta1-wlan1
INFO     [2021-05-31 09:44:06,909]: *** sta1-wlan1: Scanner started. Searching for ap1-ssid with interval 3.0
INFO     [2021-05-31 09:44:09,913]: *** sta1-wlan1: Scanning for ap1-ssid
INFO     [2021-05-31 09:44:10,939]: *** sta1-wlan1: Scan detected ap1-ssid in range (signal: -88.0 / -80.0)
INFO     [2021-05-31 09:44:11,944]: *** sta1-wlan1: Scan detected ap1-ssid in range (signal: -88.0 / -80.0)
INFO     [2021-05-31 09:44:12,960]: *** sta1-wlan1: Scan detected ap1-ssid in range (signal: -88.0 / -80.0)
INFO     [2021-05-31 09:44:13,965]: *** sta1-wlan1: Scan detected ap1-ssid in range (signal: -88.0 / -80.0)
INFO     [2021-05-31 09:44:14,978]: *** sta1-wlan1: Scan detected ap1-ssid in range (signal: -88.0 / -80.0)
INFO     [2021-05-31 09:44:15,983]: *** sta1-wlan1: Scan detected ap1-ssid in range (signal: -88.0 / -80.0)
INFO     [2021-05-31 09:44:16,778]: *** sta1-wlan1: Scanning for ap1-ssid
INFO     [2021-05-31 09:44:16,989]: *** sta1-wlan1: Scan detected ap1-ssid in range (signal: -86.0 / -80.0)
INFO     [2021-05-31 09:44:17,994]: *** sta1-wlan1: Scan detected ap1-ssid in range (signal: -86.0 / -80.0)
INFO     [2021-05-31 09:44:19,000]: *** sta1-wlan1: Scan detected ap1-ssid in range (signal: -86.0 / -80.0)
INFO     [2021-05-31 09:44:20,004]: *** sta1-wlan1: Scan detected ap1-ssid in range (signal: -86.0 / -80.0)
INFO     [2021-05-31 09:44:21,011]: *** sta1-wlan1: Scan detected ap1-ssid in range (signal: -86.0 / -80.0)
INFO     [2021-05-31 09:44:22,015]: *** sta1-wlan1: Scan detected ap1-ssid in range (signal: -86.0 / -80.0)
INFO     [2021-05-31 09:44:23,020]: *** sta1-wlan1: Scan detected ap1-ssid in range (signal: -86.0 / -80.0)
INFO     [2021-05-31 09:44:23,519]: *** sta1-wlan1: Scanning for ap1-ssid
INFO     [2021-05-31 09:44:24,025]: *** sta1-wlan1: Scan detected ap1-ssid in range (signal: -86.0 / -80.0)
INFO     [2021-05-31 09:44:25,030]: *** sta1-wlan1: Scan detected ap1-ssid in range (signal: -86.0 / -80.0)
INFO     [2021-05-31 09:44:26,035]: *** sta1-wlan1: Scan detected ap1-ssid in range (signal: -86.0 / -80.0)
INFO     [2021-05-31 09:44:27,040]: *** sta1-wlan1: Scan detected ap1-ssid in range (signal: -86.0 / -80.0)
INFO     [2021-05-31 09:44:28,045]: *** sta1-wlan1: Scan detected ap1-ssid in range (signal: -86.0 / -80.0)
INFO     [2021-05-31 09:44:29,049]: *** sta1-wlan1: Scan detected ap1-ssid in range (signal: -86.0 / -80.0)
INFO     [2021-05-31 09:44:30,067]: *** sta1-wlan1: Scan detected ap1-ssid in range (signal: -86.0 / -80.0)
INFO     [2021-05-31 09:44:30,277]: *** sta1-wlan1: Scanning for ap1-ssid
INFO     [2021-05-31 09:44:31,072]: *** sta1-wlan1: Scan detected ap1-ssid in range (signal: -86.0 / -80.0)
INFO     [2021-05-31 09:44:32,077]: *** sta1-wlan1: Scan detected ap1-ssid in range (signal: -86.0 / -80.0)
INFO     [2021-05-31 09:44:33,084]: *** sta1-wlan1: Scan detected ap1-ssid in range (signal: -86.0 / -80.0)
INFO     [2021-05-31 09:44:34,089]: *** sta1-wlan1: Scan detected ap1-ssid in range (signal: -86.0 / -80.0)
INFO     [2021-05-31 09:44:35,095]: *** sta1-wlan1: Scan detected ap1-ssid in range (signal: -86.0 / -80.0)
INFO     [2021-05-31 09:44:36,099]: *** sta1-wlan1: Scan detected ap1-ssid in range (signal: -86.0 / -80.0)
INFO     [2021-05-31 09:44:37,103]: *** sta1-wlan1: Scan detected ap1-ssid in range (signal: -86.0 / -80.0)
INFO     [2021-05-31 09:44:37,257]: *** sta1-wlan1: Scanning for ap1-ssid
INFO     [2021-05-31 09:44:38,109]: *** sta1-wlan1: Scan detected ap1-ssid in range (signal: -86.0 / -80.0)
INFO     [2021-05-31 09:44:39,114]: *** sta1-wlan1: Scan detected ap1-ssid in range (signal: -86.0 / -80.0)
INFO     [2021-05-31 09:44:40,121]: *** sta1-wlan1: Scan detected ap1-ssid in range (signal: -86.0 / -80.0)
INFO     [2021-05-31 09:44:41,129]: *** sta1-wlan1: Scan detected ap1-ssid in range (signal: -86.0 / -80.0)
INFO     [2021-05-31 09:44:42,133]: *** sta1-wlan1: Scan detected ap1-ssid in range (signal: -86.0 / -80.0)
INFO     [2021-05-31 09:44:43,137]: *** sta1-wlan1: Scan detected ap1-ssid in range (signal: -86.0 / -80.0)
INFO     [2021-05-31 09:44:44,046]: *** sta1-wlan1: Scanning for ap1-ssid
INFO     [2021-05-31 09:44:44,143]: *** sta1-wlan1: Scan detected ap1-ssid in range (signal: -90.0 / -80.0)
INFO     [2021-05-31 09:44:45,149]: *** sta1-wlan1: Scan detected ap1-ssid in range (signal: -90.0 / -80.0)
INFO     [2021-05-31 09:44:46,153]: *** sta1-wlan1: Scan detected ap1-ssid in range (signal: -90.0 / -80.0)
INFO     [2021-05-31 09:44:47,157]: *** sta1-wlan1: Scan detected ap1-ssid in range (signal: -90.0 / -80.0)
INFO     [2021-05-31 09:44:48,161]: *** sta1-wlan1: Scan detected ap1-ssid in range (signal: -90.0 / -80.0)
INFO     [2021-05-31 09:44:49,166]: *** sta1-wlan1: Scan detected ap1-ssid in range (signal: -90.0 / -80.0)
INFO     [2021-05-31 09:44:50,174]: *** sta1-wlan1: Scan detected ap1-ssid in range (signal: -90.0 / -80.0)
INFO     [2021-05-31 09:44:50,793]: *** sta1-wlan1: Scanning for ap1-ssid
INFO     [2021-05-31 09:44:51,190]: *** sta1-wlan1: Scan detected ap1-ssid in range (signal: -90.0 / -80.0)
INFO     [2021-05-31 09:44:52,204]: *** sta1-wlan1: Scan detected ap1-ssid in range (signal: -90.0 / -80.0)
INFO     [2021-05-31 09:44:53,211]: *** sta1-wlan1: Scan detected ap1-ssid in range (signal: -90.0 / -80.0)
INFO     [2021-05-31 09:44:54,216]: *** sta1-wlan1: Scan detected ap1-ssid in range (signal: -90.0 / -80.0)
INFO     [2021-05-31 09:44:55,220]: *** sta1-wlan1: Scan detected ap1-ssid in range (signal: -90.0 / -80.0)
INFO     [2021-05-31 09:44:56,225]: *** sta1-wlan1: Scan detected ap1-ssid in range (signal: -90.0 / -80.0)
INFO     [2021-05-31 09:44:57,229]: *** sta1-wlan1: Scan detected ap1-ssid in range (signal: -90.0 / -80.0)
INFO     [2021-05-31 09:44:57,729]: *** sta1-wlan1: Scanning for ap1-ssid
INFO     [2021-05-31 09:44:58,233]: *** sta1-wlan1: Scan detected ap1-ssid in range (signal: -90.0 / -80.0)
INFO     [2021-05-31 09:44:59,244]: *** sta1-wlan1: Scan detected ap1-ssid in range (signal: -90.0 / -80.0)
INFO     [2021-05-31 09:45:00,249]: *** sta1-wlan1: Scan detected ap1-ssid in range (signal: -90.0 / -80.0)
INFO     [2021-05-31 09:45:01,253]: *** sta1-wlan1: Scan detected ap1-ssid in range (signal: -90.0 / -80.0)
INFO     [2021-05-31 09:45:02,257]: *** sta1-wlan1: Scan detected ap1-ssid in range (signal: -90.0 / -80.0)
INFO     [2021-05-31 09:45:03,262]: *** sta1-wlan1: Scan detected ap1-ssid in range (signal: -90.0 / -80.0)
INFO     [2021-05-31 09:45:04,267]: *** sta1-wlan1: Scan detected ap1-ssid in range (signal: -90.0 / -80.0)
INFO     [2021-05-31 09:45:04,600]: *** sta1-wlan1: Scanning for ap1-ssid
INFO     [2021-05-31 09:45:05,295]: *** sta1-wlan1: Scan detected ap1-ssid in range (signal: -90.0 / -80.0)
INFO     [2021-05-31 09:45:06,301]: *** sta1-wlan1: Scan detected ap1-ssid in range (signal: -90.0 / -80.0)
INFO     [2021-05-31 09:45:07,306]: *** sta1-wlan1: Scan detected ap1-ssid in range (signal: -90.0 / -80.0)
INFO     [2021-05-31 09:45:08,315]: *** sta1-wlan1: Scan detected ap1-ssid in range (signal: -90.0 / -80.0)
INFO     [2021-05-31 09:45:09,320]: *** sta1-wlan1: Scan detected ap1-ssid in range (signal: -90.0 / -80.0)
INFO     [2021-05-31 09:45:10,326]: *** sta1-wlan1: Scan detected ap1-ssid in range (signal: -90.0 / -80.0)
INFO     [2021-05-31 09:45:11,335]: *** sta1-wlan1: Scan detected ap1-ssid in range (signal: -90.0 / -80.0)
INFO     [2021-05-31 09:45:11,490]: *** sta1-wlan1: Scanning for ap1-ssid
INFO     [2021-05-31 09:45:12,341]: *** sta1-wlan1: Scan detected ap1-ssid in range (signal: -90.0 / -80.0)
INFO     [2021-05-31 09:45:13,357]: *** sta1-wlan1: Scan detected ap1-ssid in range (signal: -90.0 / -80.0)
INFO     [2021-05-31 09:45:14,363]: *** sta1-wlan1: Scan detected ap1-ssid in range (signal: -90.0 / -80.0)
INFO     [2021-05-31 09:45:15,369]: *** sta1-wlan1: Scan detected ap1-ssid in range (signal: -90.0 / -80.0)
INFO     [2021-05-31 09:45:16,375]: *** sta1-wlan1: Scan detected ap1-ssid in range (signal: -90.0 / -80.0)
INFO     [2021-05-31 09:45:17,380]: *** sta1-wlan1: Scan detected ap1-ssid in range (signal: -90.0 / -80.0)
INFO     [2021-05-31 09:45:18,305]: *** sta1-wlan1: Scanning for ap1-ssid
INFO     [2021-05-31 09:45:18,385]: *** sta1-wlan1: Scan detected ap1-ssid in range (signal: -90.0 / -80.0)
INFO     [2021-05-31 09:45:19,389]: *** sta1-wlan1: Scan detected ap1-ssid in range (signal: -90.0 / -80.0)
INFO     [2021-05-31 09:45:20,394]: *** sta1-wlan1: Scan detected ap1-ssid in range (signal: -90.0 / -80.0)
INFO     [2021-05-31 09:45:21,399]: *** sta1-wlan1: Scan detected ap1-ssid in range (signal: -90.0 / -80.0)
INFO     [2021-05-31 09:45:22,404]: *** sta1-wlan1: Scan detected ap1-ssid in range (signal: -90.0 / -80.0)
INFO     [2021-05-31 09:45:23,414]: *** sta1-wlan1: Scan detected ap1-ssid in range (signal: -90.0 / -80.0)
INFO     [2021-05-31 09:45:24,432]: *** sta1-wlan1: Scan detected ap1-ssid in range (signal: -90.0 / -80.0)
INFO     [2021-05-31 09:45:25,134]: *** sta1-wlan1: Scanning for ap1-ssid
INFO     [2021-05-31 09:45:31,965]: *** sta1-wlan1: Scanning for ap1-ssid
INFO     [2021-05-31 09:45:38,752]: *** sta1-wlan1: Scanning for ap1-ssid
INFO     [2021-05-31 09:45:45,549]: *** sta1-wlan1: Scanning for ap1-ssid
INFO     [2021-05-31 09:45:52,318]: *** sta1-wlan1: Scanning for ap1-ssid
INFO     [2021-05-31 09:45:59,105]: *** sta1-wlan1: Scanning for ap1-ssid
INFO     [2021-05-31 09:46:05,853]: *** sta1-wlan1: Scanning for ap1-ssid
INFO     [2021-05-31 09:46:12,648]: *** sta1-wlan1: Scanning for ap1-ssid
INFO     [2021-05-31 09:46:19,462]: *** sta1-wlan1: Scanning for ap1-ssid
INFO     [2021-05-31 09:46:26,241]: *** sta1-wlan1: Scanning for ap1-ssid
INFO     [2021-05-31 09:46:33,050]: *** sta1-wlan1: Scanning for ap1-ssid
INFO     [2021-05-31 09:46:39,792]: *** sta1-wlan1: Scanning for ap1-ssid
INFO     [2021-05-31 09:46:39,902]: *** sta1-wlan1: Scan detected ap1-ssid in range (signal: -85.0 / -80.0)
INFO     [2021-05-31 09:46:40,907]: *** sta1-wlan1: Scan detected ap1-ssid in range (signal: -85.0 / -80.0)
INFO     [2021-05-31 09:46:41,912]: *** sta1-wlan1: Scan detected ap1-ssid in range (signal: -85.0 / -80.0)
INFO     [2021-05-31 09:46:42,924]: *** sta1-wlan1: Scan detected ap1-ssid in range (signal: -85.0 / -80.0)
INFO     [2021-05-31 09:46:43,929]: *** sta1-wlan1: Scan detected ap1-ssid in range (signal: -85.0 / -80.0)
INFO     [2021-05-31 09:46:44,936]: *** sta1-wlan1: Scan detected ap1-ssid in range (signal: -85.0 / -80.0)
INFO     [2021-05-31 09:46:45,944]: *** sta1-wlan1: Scan detected ap1-ssid in range (signal: -85.0 / -80.0)
INFO     [2021-05-31 09:46:46,658]: *** sta1-wlan1: Scanning for ap1-ssid
INFO     [2021-05-31 09:46:46,950]: *** sta1-wlan1: Scan detected ap1-ssid in range (signal: -85.0 / -80.0)
INFO     [2021-05-31 09:46:47,968]: *** sta1-wlan1: Scan detected ap1-ssid in range (signal: -85.0 / -80.0)
INFO     [2021-05-31 09:46:48,973]: *** sta1-wlan1: Scan detected ap1-ssid in range (signal: -85.0 / -80.0)
INFO     [2021-05-31 09:46:49,977]: *** sta1-wlan1: Scan detected ap1-ssid in range (signal: -85.0 / -80.0)
INFO     [2021-05-31 09:46:50,983]: *** sta1-wlan1: Scan detected ap1-ssid in range (signal: -85.0 / -80.0)
INFO     [2021-05-31 09:46:51,989]: *** sta1-wlan1: Scan detected ap1-ssid in range (signal: -85.0 / -80.0)
INFO     [2021-05-31 09:46:52,998]: *** sta1-wlan1: Scan detected ap1-ssid in range (signal: -85.0 / -80.0)
INFO     [2021-05-31 09:46:53,429]: *** sta1-wlan1: Scanning for ap1-ssid
INFO     [2021-05-31 09:46:54,002]: *** sta1-wlan1: Scan detected ap1-ssid in range (signal: -85.0 / -80.0)
INFO     [2021-05-31 09:46:55,007]: *** sta1-wlan1: Scan detected ap1-ssid in range (signal: -85.0 / -80.0)
INFO     [2021-05-31 09:46:56,013]: *** sta1-wlan1: Scan detected ap1-ssid in range (signal: -85.0 / -80.0)
INFO     [2021-05-31 09:46:57,018]: *** sta1-wlan1: Scan detected ap1-ssid in range (signal: -85.0 / -80.0)
INFO     [2021-05-31 09:46:58,032]: *** sta1-wlan1: Scan detected ap1-ssid in range (signal: -85.0 / -80.0)
INFO     [2021-05-31 09:46:59,037]: *** sta1-wlan1: Scan detected ap1-ssid in range (signal: -85.0 / -80.0)
INFO     [2021-05-31 09:47:00,041]: *** sta1-wlan1: Scan detected ap1-ssid in range (signal: -85.0 / -80.0)
INFO     [2021-05-31 09:47:00,202]: *** sta1-wlan1: Scanning for ap1-ssid
INFO     [2021-05-31 09:47:01,046]: *** sta1-wlan1: Scan detected ap1-ssid in range (signal: -85.0 / -80.0)
INFO     [2021-05-31 09:47:02,050]: *** sta1-wlan1: Scan detected ap1-ssid in range (signal: -85.0 / -80.0)
INFO     [2021-05-31 09:47:03,059]: *** sta1-wlan1: Scan detected ap1-ssid in range (signal: -85.0 / -80.0)
INFO     [2021-05-31 09:47:04,064]: *** sta1-wlan1: Scan detected ap1-ssid in range (signal: -85.0 / -80.0)
INFO     [2021-05-31 09:47:05,076]: *** sta1-wlan1: Scan detected ap1-ssid in range (signal: -85.0 / -80.0)
INFO     [2021-05-31 09:47:06,082]: *** sta1-wlan1: Scan detected ap1-ssid in range (signal: -85.0 / -80.0)
INFO     [2021-05-31 09:47:07,024]: *** sta1-wlan1: Scanning for ap1-ssid
INFO     [2021-05-31 09:47:07,088]: *** sta1-wlan1: Scan detected ap1-ssid in range (signal: -85.0 / -80.0)
INFO     [2021-05-31 09:47:08,093]: *** sta1-wlan1: Scan detected ap1-ssid in range (signal: -85.0 / -80.0)
INFO     [2021-05-31 09:47:09,104]: *** sta1-wlan1: Scan detected ap1-ssid in range (signal: -85.0 / -80.0)
INFO     [2021-05-31 09:47:13,881]: *** sta1-wlan1: Scanning for ap1-ssid
INFO     [2021-05-31 09:47:20,661]: *** sta1-wlan1: Scanning for ap1-ssid
INFO     [2021-05-31 09:47:27,427]: *** sta1-wlan1: Scanning for ap1-ssid
INFO     [2021-05-31 09:47:34,234]: *** sta1-wlan1: Scanning for ap1-ssid
INFO     [2021-05-31 09:47:40,989]: *** sta1-wlan1: Scanning for ap1-ssid
INFO     [2021-05-31 09:47:47,782]: *** sta1-wlan1: Scanning for ap1-ssid
INFO     [2021-05-31 09:47:54,621]: *** sta1-wlan1: Scanning for ap1-ssid
INFO     [2021-05-31 09:47:55,453]: *** sta1-wlan1: Scan detected ap1-ssid in range (signal: -88.0 / -80.0)
INFO     [2021-05-31 09:47:56,461]: *** sta1-wlan1: Scan detected ap1-ssid in range (signal: -88.0 / -80.0)
INFO     [2021-05-31 09:47:57,472]: *** sta1-wlan1: Scan detected ap1-ssid in range (signal: -88.0 / -80.0)
INFO     [2021-05-31 09:47:58,478]: *** sta1-wlan1: Scan detected ap1-ssid in range (signal: -88.0 / -80.0)
INFO     [2021-05-31 09:47:59,484]: *** sta1-wlan1: Scan detected ap1-ssid in range (signal: -88.0 / -80.0)
INFO     [2021-05-31 09:48:00,491]: *** sta1-wlan1: Scan detected ap1-ssid in range (signal: -88.0 / -80.0)
INFO     [2021-05-31 09:48:01,369]: *** sta1-wlan1: Scanning for ap1-ssid
INFO     [2021-05-31 09:48:01,499]: *** sta1-wlan1: Scan detected ap1-ssid in range (signal: -88.0 / -80.0)
INFO     [2021-05-31 09:48:02,503]: *** sta1-wlan1: Scan detected ap1-ssid in range (signal: -88.0 / -80.0)
INFO     [2021-05-31 09:48:03,508]: *** sta1-wlan1: Scan detected ap1-ssid in range (signal: -88.0 / -80.0)
INFO     [2021-05-31 09:48:04,516]: *** sta1-wlan1: Scan detected ap1-ssid in range (signal: -88.0 / -80.0)
INFO     [2021-05-31 09:48:05,522]: *** sta1-wlan1: Scan detected ap1-ssid in range (signal: -88.0 / -80.0)
INFO     [2021-05-31 09:48:06,531]: *** sta1-wlan1: Scan detected ap1-ssid in range (signal: -88.0 / -80.0)
INFO     [2021-05-31 09:48:07,536]: *** sta1-wlan1: Scan detected ap1-ssid in range (signal: -88.0 / -80.0)
INFO     [2021-05-31 09:48:08,151]: *** sta1-wlan1: Scanning for ap1-ssid
INFO     [2021-05-31 09:48:08,541]: *** sta1-wlan1: Scan detected ap1-ssid in range (signal: -89.0 / -80.0)
INFO     [2021-05-31 09:48:09,547]: *** sta1-wlan1: Scan detected ap1-ssid in range (signal: -89.0 / -80.0)
INFO     [2021-05-31 09:48:10,551]: *** sta1-wlan1: Scan detected ap1-ssid in range (signal: -89.0 / -80.0)
INFO     [2021-05-31 09:48:11,555]: *** sta1-wlan1: Scan detected ap1-ssid in range (signal: -89.0 / -80.0)
INFO     [2021-05-31 09:48:12,561]: *** sta1-wlan1: Scan detected ap1-ssid in range (signal: -89.0 / -80.0)
INFO     [2021-05-31 09:48:13,565]: *** sta1-wlan1: Scan detected ap1-ssid in range (signal: -89.0 / -80.0)
INFO     [2021-05-31 09:48:14,570]: *** sta1-wlan1: Scan detected ap1-ssid in range (signal: -89.0 / -80.0)
INFO     [2021-05-31 09:48:14,981]: *** sta1-wlan1: Scanning for ap1-ssid
INFO     [2021-05-31 09:48:15,575]: *** sta1-wlan1: Scan detected ap1-ssid in range (signal: -89.0 / -80.0)
INFO     [2021-05-31 09:48:16,581]: *** sta1-wlan1: Scan detected ap1-ssid in range (signal: -89.0 / -80.0)
INFO     [2021-05-31 09:48:17,589]: *** sta1-wlan1: Scan detected ap1-ssid in range (signal: -89.0 / -80.0)
INFO     [2021-05-31 09:48:18,594]: *** sta1-wlan1: Scan detected ap1-ssid in range (signal: -89.0 / -80.0)
INFO     [2021-05-31 09:48:19,600]: *** sta1-wlan1: Scan detected ap1-ssid in range (signal: -89.0 / -80.0)
INFO     [2021-05-31 09:48:20,604]: *** sta1-wlan1: Scan detected ap1-ssid in range (signal: -89.0 / -80.0)
INFO     [2021-05-31 09:48:21,610]: *** sta1-wlan1: Scan detected ap1-ssid in range (signal: -89.0 / -80.0)
INFO     [2021-05-31 09:48:21,789]: *** sta1-wlan1: Scanning for ap1-ssid
INFO     [2021-05-31 09:48:22,617]: *** sta1-wlan1: Scan detected ap1-ssid in range (signal: -89.0 / -80.0)
INFO     [2021-05-31 09:48:23,625]: *** sta1-wlan1: Scan detected ap1-ssid in range (signal: -89.0 / -80.0)
INFO     [2021-05-31 09:48:24,636]: *** sta1-wlan1: Scan detected ap1-ssid in range (signal: -89.0 / -80.0)
INFO     [2021-05-31 09:48:25,641]: *** sta1-wlan1: Scan detected ap1-ssid in range (signal: -89.0 / -80.0)
INFO     [2021-05-31 09:48:26,655]: *** sta1-wlan1: Scan detected ap1-ssid in range (signal: -89.0 / -80.0)
INFO     [2021-05-31 09:48:27,659]: *** sta1-wlan1: Scan detected ap1-ssid in range (signal: -89.0 / -80.0)
INFO     [2021-05-31 09:48:28,569]: *** sta1-wlan1: Scanning for ap1-ssid
INFO     [2021-05-31 09:48:28,665]: *** sta1-wlan1: Scan detected ap1-ssid in range (signal: -89.0 / -80.0)
INFO     [2021-05-31 09:48:29,675]: *** sta1-wlan1: Scan detected ap1-ssid in range (signal: -89.0 / -80.0)
INFO     [2021-05-31 09:48:30,683]: *** sta1-wlan1: Scan detected ap1-ssid in range (signal: -89.0 / -80.0)
INFO     [2021-05-31 09:48:31,689]: *** sta1-wlan1: Scan detected ap1-ssid in range (signal: -89.0 / -80.0)
INFO     [2021-05-31 09:48:32,693]: *** sta1-wlan1: Scan detected ap1-ssid in range (signal: -89.0 / -80.0)
INFO     [2021-05-31 09:48:33,701]: *** sta1-wlan1: Scan detected ap1-ssid in range (signal: -89.0 / -80.0)
INFO     [2021-05-31 09:48:34,707]: *** sta1-wlan1: Scan detected ap1-ssid in range (signal: -89.0 / -80.0)
INFO     [2021-05-31 09:48:35,324]: *** sta1-wlan1: Scanning for ap1-ssid
INFO     [2021-05-31 09:48:35,711]: *** sta1-wlan1: Scan detected ap1-ssid in range (signal: -89.0 / -80.0)
INFO     [2021-05-31 09:48:36,717]: *** sta1-wlan1: Scan detected ap1-ssid in range (signal: -89.0 / -80.0)
INFO     [2021-05-31 09:48:37,727]: *** sta1-wlan1: Scan detected ap1-ssid in range (signal: -89.0 / -80.0)
INFO     [2021-05-31 09:48:42,170]: *** sta1-wlan1: Scanning for ap1-ssid
INFO     [2021-05-31 09:48:48,951]: *** sta1-wlan1: Scanning for ap1-ssid
INFO     [2021-05-31 09:48:55,866]: *** sta1-wlan1: Scanning for ap1-ssid
INFO     [2021-05-31 09:49:02,721]: *** sta1-wlan1: Scanning for ap1-ssid
INFO     [2021-05-31 09:49:09,581]: *** sta1-wlan1: Scanning for ap1-ssid
INFO     [2021-05-31 09:49:16,330]: *** sta1-wlan1: Scanning for ap1-ssid
INFO     [2021-05-31 09:49:23,289]: *** sta1-wlan1: Scanning for ap1-ssid
INFO     [2021-05-31 09:49:30,121]: *** sta1-wlan1: Scanning for ap1-ssid
INFO     [2021-05-31 09:49:31,149]: *** sta1-wlan1: Scan detected ap1-ssid in range (signal: -89.0 / -80.0)
INFO     [2021-05-31 09:49:32,154]: *** sta1-wlan1: Scan detected ap1-ssid in range (signal: -89.0 / -80.0)
INFO     [2021-05-31 09:49:33,159]: *** sta1-wlan1: Scan detected ap1-ssid in range (signal: -89.0 / -80.0)
INFO     [2021-05-31 09:49:34,167]: *** sta1-wlan1: Scan detected ap1-ssid in range (signal: -89.0 / -80.0)
INFO     [2021-05-31 09:49:35,174]: *** sta1-wlan1: Scan detected ap1-ssid in range (signal: -89.0 / -80.0)
INFO     [2021-05-31 09:49:36,185]: *** sta1-wlan1: Scan detected ap1-ssid in range (signal: -89.0 / -80.0)
INFO     [2021-05-31 09:49:36,890]: *** sta1-wlan1: Scanning for ap1-ssid
INFO     [2021-05-31 09:49:37,193]: *** sta1-wlan1: Scan detected ap1-ssid in range (signal: -89.0 / -80.0)
INFO     [2021-05-31 09:49:38,198]: *** sta1-wlan1: Scan detected ap1-ssid in range (signal: -89.0 / -80.0)
INFO     [2021-05-31 09:49:39,208]: *** sta1-wlan1: Scan detected ap1-ssid in range (signal: -89.0 / -80.0)
INFO     [2021-05-31 09:49:40,220]: *** sta1-wlan1: Scan detected ap1-ssid in range (signal: -89.0 / -80.0)
INFO     [2021-05-31 09:49:41,227]: *** sta1-wlan1: Scan detected ap1-ssid in range (signal: -89.0 / -80.0)
INFO     [2021-05-31 09:49:42,232]: *** sta1-wlan1: Scan detected ap1-ssid in range (signal: -89.0 / -80.0)
INFO     [2021-05-31 09:49:43,243]: *** sta1-wlan1: Scan detected ap1-ssid in range (signal: -89.0 / -80.0)
INFO     [2021-05-31 09:49:43,666]: *** sta1-wlan1: Scanning for ap1-ssid
INFO     [2021-05-31 09:49:44,251]: *** sta1-wlan1: Scan detected ap1-ssid in range (signal: -89.0 / -80.0)
INFO     [2021-05-31 09:49:45,255]: *** sta1-wlan1: Scan detected ap1-ssid in range (signal: -89.0 / -80.0)
INFO     [2021-05-31 09:49:46,260]: *** sta1-wlan1: Scan detected ap1-ssid in range (signal: -89.0 / -80.0)
INFO     [2021-05-31 09:49:47,273]: *** sta1-wlan1: Scan detected ap1-ssid in range (signal: -89.0 / -80.0)
INFO     [2021-05-31 09:49:48,283]: *** sta1-wlan1: Scan detected ap1-ssid in range (signal: -89.0 / -80.0)
INFO     [2021-05-31 09:49:49,288]: *** sta1-wlan1: Scan detected ap1-ssid in range (signal: -89.0 / -80.0)
INFO     [2021-05-31 09:49:50,299]: *** sta1-wlan1: Scan detected ap1-ssid in range (signal: -89.0 / -80.0)
INFO     [2021-05-31 09:49:50,441]: *** sta1-wlan1: Scanning for ap1-ssid
INFO     [2021-05-31 09:49:51,305]: *** sta1-wlan1: Scan detected ap1-ssid in range (signal: -89.0 / -80.0)
INFO     [2021-05-31 09:49:52,309]: *** sta1-wlan1: Scan detected ap1-ssid in range (signal: -89.0 / -80.0)
INFO     [2021-05-31 09:49:53,314]: *** sta1-wlan1: Scan detected ap1-ssid in range (signal: -89.0 / -80.0)
INFO     [2021-05-31 09:49:54,322]: *** sta1-wlan1: Scan detected ap1-ssid in range (signal: -89.0 / -80.0)
INFO     [2021-05-31 09:49:55,326]: *** sta1-wlan1: Scan detected ap1-ssid in range (signal: -89.0 / -80.0)
INFO     [2021-05-31 09:49:56,346]: *** sta1-wlan1: Scan detected ap1-ssid in range (signal: -89.0 / -80.0)
INFO     [2021-05-31 09:49:57,223]: *** sta1-wlan1: Scanning for ap1-ssid
INFO     [2021-05-31 09:49:57,362]: *** sta1-wlan1: Scan detected ap1-ssid in range (signal: -89.0 / -80.0)
INFO     [2021-05-31 09:49:58,368]: *** sta1-wlan1: Scan detected ap1-ssid in range (signal: -89.0 / -80.0)
INFO     [2021-05-31 09:49:59,393]: *** sta1-wlan1: Scan detected ap1-ssid in range (signal: -89.0 / -80.0)
INFO     [2021-05-31 09:50:04,273]: *** sta1-wlan1: Scanning for ap1-ssid
INFO     [2021-05-31 09:50:11,154]: *** sta1-wlan1: Scanning for ap1-ssid
INFO     [2021-05-31 09:50:17,930]: *** sta1-wlan1: Scanning for ap1-ssid
INFO     [2021-05-31 09:50:18,557]: *** sta1-wlan1: Scan detected ap1-ssid in range (signal: -90.0 / -80.0)
INFO     [2021-05-31 09:50:19,563]: *** sta1-wlan1: Scan detected ap1-ssid in range (signal: -90.0 / -80.0)
INFO     [2021-05-31 09:50:20,569]: *** sta1-wlan1: Scan detected ap1-ssid in range (signal: -90.0 / -80.0)
INFO     [2021-05-31 09:50:21,576]: *** sta1-wlan1: Scan detected ap1-ssid in range (signal: -90.0 / -80.0)
INFO     [2021-05-31 09:50:22,582]: *** sta1-wlan1: Scan detected ap1-ssid in range (signal: -90.0 / -80.0)
INFO     [2021-05-31 09:50:23,587]: *** sta1-wlan1: Scan detected ap1-ssid in range (signal: -90.0 / -80.0)
INFO     [2021-05-31 09:50:24,594]: *** sta1-wlan1: Scan detected ap1-ssid in range (signal: -90.0 / -80.0)
INFO     [2021-05-31 09:50:24,846]: *** sta1-wlan1: Scanning for ap1-ssid
INFO     [2021-05-31 09:50:25,599]: *** sta1-wlan1: Scan detected ap1-ssid in range (signal: -89.0 / -80.0)
INFO     [2021-05-31 09:50:26,605]: *** sta1-wlan1: Scan detected ap1-ssid in range (signal: -89.0 / -80.0)
INFO     [2021-05-31 09:50:27,609]: *** sta1-wlan1: Scan detected ap1-ssid in range (signal: -89.0 / -80.0)
INFO     [2021-05-31 09:50:28,614]: *** sta1-wlan1: Scan detected ap1-ssid in range (signal: -89.0 / -80.0)
INFO     [2021-05-31 09:50:29,621]: *** sta1-wlan1: Scan detected ap1-ssid in range (signal: -89.0 / -80.0)
INFO     [2021-05-31 09:50:30,627]: *** sta1-wlan1: Scan detected ap1-ssid in range (signal: -89.0 / -80.0)
INFO     [2021-05-31 09:50:31,600]: *** sta1-wlan1: Scanning for ap1-ssid
INFO     [2021-05-31 09:50:31,633]: *** sta1-wlan1: Scan detected ap1-ssid in range (signal: -86.0 / -80.0)
INFO     [2021-05-31 09:50:32,639]: *** sta1-wlan1: Scan detected ap1-ssid in range (signal: -84.0 / -80.0)
INFO     [2021-05-31 09:50:33,651]: *** sta1-wlan1: Scan detected ap1-ssid in range (signal: -84.0 / -80.0)
INFO     [2021-05-31 09:50:34,656]: *** sta1-wlan1: Scan detected ap1-ssid in range (signal: -84.0 / -80.0)
INFO     [2021-05-31 09:50:35,664]: *** sta1-wlan1: Scan detected ap1-ssid in range (signal: -84.0 / -80.0)
INFO     [2021-05-31 09:50:36,670]: *** sta1-wlan1: Scan detected ap1-ssid in range (signal: -84.0 / -80.0)
INFO     [2021-05-31 09:50:37,674]: *** sta1-wlan1: Scan detected ap1-ssid in range (signal: -84.0 / -80.0)
INFO     [2021-05-31 09:50:38,423]: *** sta1-wlan1: Scanning for ap1-ssid
INFO     [2021-05-31 09:50:38,683]: *** sta1-wlan1: Scan detected ap1-ssid in range (signal: -84.0 / -80.0)
INFO     [2021-05-31 09:50:39,690]: *** sta1-wlan1: Scan detected ap1-ssid in range (signal: -84.0 / -80.0)
INFO     [2021-05-31 09:50:40,700]: *** sta1-wlan1: Scan detected ap1-ssid in range (signal: -84.0 / -80.0)
INFO     [2021-05-31 09:50:41,705]: *** sta1-wlan1: Scan detected ap1-ssid in range (signal: -84.0 / -80.0)
INFO     [2021-05-31 09:50:42,712]: *** sta1-wlan1: Scan detected ap1-ssid in range (signal: -84.0 / -80.0)
INFO     [2021-05-31 09:50:43,717]: *** sta1-wlan1: Scan detected ap1-ssid in range (signal: -84.0 / -80.0)
INFO     [2021-05-31 09:50:44,725]: *** sta1-wlan1: Scan detected ap1-ssid in range (signal: -84.0 / -80.0)
INFO     [2021-05-31 09:50:45,342]: *** sta1-wlan1: Scanning for ap1-ssid
INFO     [2021-05-31 09:50:45,732]: *** sta1-wlan1: Scan detected ap1-ssid in range (signal: -81.0 / -80.0)
INFO     [2021-05-31 09:50:46,737]: *** sta1-wlan1: Scan detected ap1-ssid in range (signal: -81.0 / -80.0)
INFO     [2021-05-31 09:50:47,743]: *** sta1-wlan1: Scan detected ap1-ssid in range (signal: -81.0 / -80.0)
INFO     [2021-05-31 09:50:48,760]: *** sta1-wlan1: Scan detected ap1-ssid in range (signal: -81.0 / -80.0)
INFO     [2021-05-31 09:50:49,772]: *** sta1-wlan1: Scan detected ap1-ssid in range (signal: -81.0 / -80.0)
INFO     [2021-05-31 09:50:50,781]: *** sta1-wlan1: Scan detected ap1-ssid in range (signal: -81.0 / -80.0)
INFO     [2021-05-31 09:50:51,802]: *** sta1-wlan1: Scan detected ap1-ssid in range (signal: -81.0 / -80.0)
INFO     [2021-05-31 09:50:52,150]: *** sta1-wlan1: Scanning for ap1-ssid
INFO     [2021-05-31 09:50:52,811]: *** sta1-wlan1: Scan detected ap1-ssid in range (signal: -86.0 / -80.0)
INFO     [2021-05-31 09:50:53,816]: *** sta1-wlan1: Scan detected ap1-ssid in range (signal: -86.0 / -80.0)
INFO     [2021-05-31 09:50:54,820]: *** sta1-wlan1: Scan detected ap1-ssid in range (signal: -86.0 / -80.0)
INFO     [2021-05-31 09:50:55,825]: *** sta1-wlan1: Scan detected ap1-ssid in range (signal: -86.0 / -80.0)
INFO     [2021-05-31 09:50:56,841]: *** sta1-wlan1: Scan detected ap1-ssid in range (signal: -80.0 / -80.0)
INFO     [2021-05-31 09:50:59,025]: *** sta1-wlan1: Scanning for ap1-ssid
INFO     [2021-05-31 09:51:00,649]: *** sta1-wlan0: Connected interface to ap1-ssid
INFO     [2021-05-31 09:51:50,497]: *** sta1-wlan1: Scanner started. Searching for ap1-ssid with interval 3.0
