INFO     [2021-05-31 08:07:32,950]: *** sta1-wlan0: Started flexible_sdn.py
INFO     [2021-05-31 08:07:32,956]: *** sta1: Interface: sta1-wlan0, Scan-interface: sta1-wlan1
INFO     [2021-05-31 08:07:32,963]: *** sta3-wlan0: Started flexible_sdn.py
INFO     [2021-05-31 08:07:32,966]: *** sta3: Interface: sta3-wlan0, Scan-interface: sta3-wlan1
INFO     [2021-05-31 08:09:52,127]: *** sta1-wlan1: Scanner started. Searching for ap1-ssid with interval 3.0
INFO     [2021-05-31 08:09:54,134]: *** sta3-wlan1: Scanner started. Searching for ap1-ssid with interval 3.0
INFO     [2021-05-31 08:09:55,130]: *** sta1-wlan1: Scanning for ap1-ssid
INFO     [2021-05-31 08:09:56,165]: *** sta1-wlan1: Scan detected ap1-ssid in range (signal: -84.0 / -80.0)
INFO     [2021-05-31 08:09:57,135]: *** sta3-wlan1: Scanning for ap1-ssid
INFO     [2021-05-31 08:09:57,171]: *** sta1-wlan1: Scan detected ap1-ssid in range (signal: -84.0 / -80.0)
INFO     [2021-05-31 08:09:58,166]: *** sta3-wlan1: Scan detected ap1-ssid in range (signal: -87.0 / -80.0)
INFO     [2021-05-31 08:09:58,176]: *** sta1-wlan1: Scan detected ap1-ssid in range (signal: -84.0 / -80.0)
INFO     [2021-05-31 08:09:59,181]: *** sta3-wlan1: Scan detected ap1-ssid in range (signal: -87.0 / -80.0)
INFO     [2021-05-31 08:09:59,186]: *** sta1-wlan1: Scan detected ap1-ssid in range (signal: -84.0 / -80.0)
INFO     [2021-05-31 08:10:00,186]: *** sta3-wlan1: Scan detected ap1-ssid in range (signal: -87.0 / -80.0)
INFO     [2021-05-31 08:10:00,191]: *** sta1-wlan1: Scan detected ap1-ssid in range (signal: -84.0 / -80.0)
INFO     [2021-05-31 08:10:01,191]: *** sta3-wlan1: Scan detected ap1-ssid in range (signal: -87.0 / -80.0)
INFO     [2021-05-31 08:10:01,195]: *** sta1-wlan1: Scan detected ap1-ssid in range (signal: -84.0 / -80.0)
INFO     [2021-05-31 08:10:02,026]: *** sta1-wlan1: Scanning for ap1-ssid
INFO     [2021-05-31 08:10:02,198]: *** sta3-wlan1: Scan detected ap1-ssid in range (signal: -87.0 / -80.0)
INFO     [2021-05-31 08:10:02,199]: *** sta1-wlan1: Scan detected ap1-ssid in range (signal: -87.0 / -80.0)
INFO     [2021-05-31 08:10:03,208]: *** sta3-wlan1: Scan detected ap1-ssid in range (signal: -87.0 / -80.0)
INFO     [2021-05-31 08:10:03,211]: *** sta1-wlan1: Scan detected ap1-ssid in range (signal: -87.0 / -80.0)
INFO     [2021-05-31 08:10:04,042]: *** sta3-wlan1: Scanning for ap1-ssid
INFO     [2021-05-31 08:10:04,215]: *** sta3-wlan1: Scan detected ap1-ssid in range (signal: -86.0 / -80.0)
INFO     [2021-05-31 08:10:04,217]: *** sta1-wlan1: Scan detected ap1-ssid in range (signal: -87.0 / -80.0)
INFO     [2021-05-31 08:10:05,226]: *** sta3-wlan1: Scan detected ap1-ssid in range (signal: -86.0 / -80.0)
INFO     [2021-05-31 08:10:05,228]: *** sta1-wlan1: Scan detected ap1-ssid in range (signal: -87.0 / -80.0)
INFO     [2021-05-31 08:10:06,233]: *** sta1-wlan1: Scan detected ap1-ssid in range (signal: -87.0 / -80.0)
INFO     [2021-05-31 08:10:06,234]: *** sta3-wlan1: Scan detected ap1-ssid in range (signal: -86.0 / -80.0)
INFO     [2021-05-31 08:10:07,238]: *** sta1-wlan1: Scan detected ap1-ssid in range (signal: -87.0 / -80.0)
INFO     [2021-05-31 08:10:07,239]: *** sta3-wlan1: Scan detected ap1-ssid in range (signal: -86.0 / -80.0)
INFO     [2021-05-31 08:10:08,243]: *** sta1-wlan1: Scan detected ap1-ssid in range (signal: -87.0 / -80.0)
INFO     [2021-05-31 08:10:08,245]: *** sta3-wlan1: Scan detected ap1-ssid in range (signal: -86.0 / -80.0)
INFO     [2021-05-31 08:10:08,796]: *** sta1-wlan1: Scanning for ap1-ssid
INFO     [2021-05-31 08:10:09,251]: *** sta1-wlan1: Scan detected ap1-ssid in range (signal: -90.0 / -80.0)
INFO     [2021-05-31 08:10:09,252]: *** sta3-wlan1: Scan detected ap1-ssid in range (signal: -86.0 / -80.0)
INFO     [2021-05-31 08:10:10,256]: *** sta1-wlan1: Scan detected ap1-ssid in range (signal: -90.0 / -80.0)
INFO     [2021-05-31 08:10:10,258]: *** sta3-wlan1: Scan detected ap1-ssid in range (signal: -86.0 / -80.0)
INFO     [2021-05-31 08:10:10,827]: *** sta3-wlan1: Scanning for ap1-ssid
INFO     [2021-05-31 08:10:11,261]: *** sta1-wlan1: Scan detected ap1-ssid in range (signal: -90.0 / -80.0)
INFO     [2021-05-31 08:10:11,266]: *** sta3-wlan1: Scan detected ap1-ssid in range (signal: -86.0 / -80.0)
INFO     [2021-05-31 08:10:12,278]: *** sta1-wlan1: Scan detected ap1-ssid in range (signal: -90.0 / -80.0)
INFO     [2021-05-31 08:10:12,278]: *** sta3-wlan1: Scan detected ap1-ssid in range (signal: -86.0 / -80.0)
INFO     [2021-05-31 08:10:13,285]: *** sta3-wlan1: Scan detected ap1-ssid in range (signal: -86.0 / -80.0)
INFO     [2021-05-31 08:10:13,287]: *** sta1-wlan1: Scan detected ap1-ssid in range (signal: -90.0 / -80.0)
INFO     [2021-05-31 08:10:14,356]: *** sta3-wlan1: Scan detected ap1-ssid in range (signal: -86.0 / -80.0)
INFO     [2021-05-31 08:10:14,360]: *** sta1-wlan1: Scan detected ap1-ssid in range (signal: -90.0 / -80.0)
INFO     [2021-05-31 08:10:15,367]: *** sta3-wlan1: Scan detected ap1-ssid in range (signal: -86.0 / -80.0)
INFO     [2021-05-31 08:10:15,371]: *** sta1-wlan1: Scan detected ap1-ssid in range (signal: -90.0 / -80.0)
INFO     [2021-05-31 08:10:15,597]: *** sta1-wlan1: Scanning for ap1-ssid
INFO     [2021-05-31 08:10:16,390]: *** sta1-wlan1: Scan detected ap1-ssid in range (signal: -90.0 / -80.0)
INFO     [2021-05-31 08:10:16,397]: *** sta3-wlan1: Scan detected ap1-ssid in range (signal: -86.0 / -80.0)
INFO     [2021-05-31 08:10:17,408]: *** sta1-wlan1: Scan detected ap1-ssid in range (signal: -90.0 / -80.0)
INFO     [2021-05-31 08:10:17,410]: *** sta3-wlan1: Scan detected ap1-ssid in range (signal: -86.0 / -80.0)
INFO     [2021-05-31 08:10:18,326]: *** sta3-wlan1: Scanning for ap1-ssid
INFO     [2021-05-31 08:10:18,427]: *** sta3-wlan1: Scan detected ap1-ssid in range (signal: -88.0 / -80.0)
INFO     [2021-05-31 08:10:18,430]: *** sta1-wlan1: Scan detected ap1-ssid in range (signal: -90.0 / -80.0)
INFO     [2021-05-31 08:10:19,434]: *** sta3-wlan1: Scan detected ap1-ssid in range (signal: -88.0 / -80.0)
INFO     [2021-05-31 08:10:19,438]: *** sta1-wlan1: Scan detected ap1-ssid in range (signal: -90.0 / -80.0)
INFO     [2021-05-31 08:10:20,445]: *** sta3-wlan1: Scan detected ap1-ssid in range (signal: -88.0 / -80.0)
INFO     [2021-05-31 08:10:20,445]: *** sta1-wlan1: Scan detected ap1-ssid in range (signal: -90.0 / -80.0)
INFO     [2021-05-31 08:10:21,450]: *** sta1-wlan1: Scan detected ap1-ssid in range (signal: -90.0 / -80.0)
INFO     [2021-05-31 08:10:21,453]: *** sta3-wlan1: Scan detected ap1-ssid in range (signal: -88.0 / -80.0)
INFO     [2021-05-31 08:10:22,456]: *** sta1-wlan1: Scan detected ap1-ssid in range (signal: -90.0 / -80.0)
INFO     [2021-05-31 08:10:22,458]: *** sta3-wlan1: Scan detected ap1-ssid in range (signal: -90.0 / -80.0)
INFO     [2021-05-31 08:10:23,244]: *** sta1-wlan1: Scanning for ap1-ssid
INFO     [2021-05-31 08:10:23,461]: *** sta1-wlan1: Scan detected ap1-ssid in range (signal: -90.0 / -80.0)
INFO     [2021-05-31 08:10:23,464]: *** sta3-wlan1: Scan detected ap1-ssid in range (signal: -90.0 / -80.0)
INFO     [2021-05-31 08:10:24,466]: *** sta1-wlan1: Scan detected ap1-ssid in range (signal: -90.0 / -80.0)
INFO     [2021-05-31 08:10:24,469]: *** sta3-wlan1: Scan detected ap1-ssid in range (signal: -90.0 / -80.0)
INFO     [2021-05-31 08:10:25,125]: *** sta3-wlan1: Scanning for ap1-ssid
INFO     [2021-05-31 08:10:25,473]: *** sta1-wlan1: Scan detected ap1-ssid in range (signal: -90.0 / -80.0)
INFO     [2021-05-31 08:10:25,476]: *** sta3-wlan1: Scan detected ap1-ssid in range (signal: -90.0 / -80.0)
INFO     [2021-05-31 08:10:26,495]: *** sta3-wlan1: Scan detected ap1-ssid in range (signal: -90.0 / -80.0)
INFO     [2021-05-31 08:10:26,500]: *** sta1-wlan1: Scan detected ap1-ssid in range (signal: -90.0 / -80.0)
INFO     [2021-05-31 08:10:27,500]: *** sta3-wlan1: Scan detected ap1-ssid in range (signal: -90.0 / -80.0)
INFO     [2021-05-31 08:10:27,505]: *** sta1-wlan1: Scan detected ap1-ssid in range (signal: -90.0 / -80.0)
INFO     [2021-05-31 08:10:28,507]: *** sta3-wlan1: Scan detected ap1-ssid in range (signal: -90.0 / -80.0)
INFO     [2021-05-31 08:10:28,511]: *** sta1-wlan1: Scan detected ap1-ssid in range (signal: -90.0 / -80.0)
INFO     [2021-05-31 08:10:29,522]: *** sta3-wlan1: Scan detected ap1-ssid in range (signal: -90.0 / -80.0)
INFO     [2021-05-31 08:10:29,527]: *** sta1-wlan1: Scan detected ap1-ssid in range (signal: -90.0 / -80.0)
INFO     [2021-05-31 08:10:30,187]: *** sta1-wlan1: Scanning for ap1-ssid
INFO     [2021-05-31 08:10:30,537]: *** sta1-wlan1: Scan detected ap1-ssid in range (signal: -90.0 / -80.0)
INFO     [2021-05-31 08:10:30,539]: *** sta3-wlan1: Scan detected ap1-ssid in range (signal: -90.0 / -80.0)
INFO     [2021-05-31 08:10:31,542]: *** sta1-wlan1: Scan detected ap1-ssid in range (signal: -90.0 / -80.0)
INFO     [2021-05-31 08:10:31,544]: *** sta3-wlan1: Scan detected ap1-ssid in range (signal: -90.0 / -80.0)
INFO     [2021-05-31 08:10:32,291]: *** sta3-wlan1: Scanning for ap1-ssid
INFO     [2021-05-31 08:10:32,549]: *** sta3-wlan1: Scan detected ap1-ssid in range (signal: -90.0 / -80.0)
INFO     [2021-05-31 08:10:32,549]: *** sta1-wlan1: Scan detected ap1-ssid in range (signal: -90.0 / -80.0)
INFO     [2021-05-31 08:10:33,565]: *** sta1-wlan1: Scan detected ap1-ssid in range (signal: -90.0 / -80.0)
INFO     [2021-05-31 08:10:33,565]: *** sta3-wlan1: Scan detected ap1-ssid in range (signal: -90.0 / -80.0)
INFO     [2021-05-31 08:10:34,576]: *** sta3-wlan1: Scan detected ap1-ssid in range (signal: -90.0 / -80.0)
INFO     [2021-05-31 08:10:34,576]: *** sta1-wlan1: Scan detected ap1-ssid in range (signal: -90.0 / -80.0)
INFO     [2021-05-31 08:10:35,585]: *** sta1-wlan1: Scan detected ap1-ssid in range (signal: -90.0 / -80.0)
INFO     [2021-05-31 08:10:35,585]: *** sta3-wlan1: Scan detected ap1-ssid in range (signal: -90.0 / -80.0)
INFO     [2021-05-31 08:10:36,589]: *** sta3-wlan1: Scan detected ap1-ssid in range (signal: -90.0 / -80.0)
INFO     [2021-05-31 08:10:36,590]: *** sta1-wlan1: Scan detected ap1-ssid in range (signal: -90.0 / -80.0)
INFO     [2021-05-31 08:10:37,318]: *** sta1-wlan1: Scanning for ap1-ssid
INFO     [2021-05-31 08:10:37,595]: *** sta1-wlan1: Scan detected ap1-ssid in range (signal: -89.0 / -80.0)
INFO     [2021-05-31 08:10:37,597]: *** sta3-wlan1: Scan detected ap1-ssid in range (signal: -90.0 / -80.0)
INFO     [2021-05-31 08:10:38,607]: *** sta1-wlan1: Scan detected ap1-ssid in range (signal: -89.0 / -80.0)
INFO     [2021-05-31 08:10:38,610]: *** sta3-wlan1: Scan detected ap1-ssid in range (signal: -90.0 / -80.0)
INFO     [2021-05-31 08:10:39,612]: *** sta1-wlan1: Scan detected ap1-ssid in range (signal: -89.0 / -80.0)
INFO     [2021-05-31 08:10:39,615]: *** sta3-wlan1: Scan detected ap1-ssid in range (signal: -90.0 / -80.0)
INFO     [2021-05-31 08:10:39,754]: *** sta3-wlan1: Scanning for ap1-ssid
INFO     [2021-05-31 08:10:40,626]: *** sta1-wlan1: Scan detected ap1-ssid in range (signal: -89.0 / -80.0)
INFO     [2021-05-31 08:10:40,627]: *** sta3-wlan1: Scan detected ap1-ssid in range (signal: -90.0 / -80.0)
INFO     [2021-05-31 08:10:41,632]: *** sta3-wlan1: Scan detected ap1-ssid in range (signal: -90.0 / -80.0)
INFO     [2021-05-31 08:10:41,632]: *** sta1-wlan1: Scan detected ap1-ssid in range (signal: -89.0 / -80.0)
INFO     [2021-05-31 08:10:42,638]: *** sta1-wlan1: Scan detected ap1-ssid in range (signal: -89.0 / -80.0)
INFO     [2021-05-31 08:10:42,639]: *** sta3-wlan1: Scan detected ap1-ssid in range (signal: -90.0 / -80.0)
INFO     [2021-05-31 08:10:43,648]: *** sta1-wlan1: Scan detected ap1-ssid in range (signal: -89.0 / -80.0)
INFO     [2021-05-31 08:10:43,651]: *** sta3-wlan1: Scan detected ap1-ssid in range (signal: -90.0 / -80.0)
INFO     [2021-05-31 08:10:44,082]: *** sta1-wlan1: Scanning for ap1-ssid
INFO     [2021-05-31 08:10:44,655]: *** sta1-wlan1: Scan detected ap1-ssid in range (signal: -89.0 / -80.0)
INFO     [2021-05-31 08:10:44,657]: *** sta3-wlan1: Scan detected ap1-ssid in range (signal: -90.0 / -80.0)
INFO     [2021-05-31 08:10:45,660]: *** sta1-wlan1: Scan detected ap1-ssid in range (signal: -89.0 / -80.0)
INFO     [2021-05-31 08:10:45,662]: *** sta3-wlan1: Scan detected ap1-ssid in range (signal: -90.0 / -80.0)
INFO     [2021-05-31 08:10:46,507]: *** sta3-wlan1: Scanning for ap1-ssid
INFO     [2021-05-31 08:10:46,666]: *** sta1-wlan1: Scan detected ap1-ssid in range (signal: -89.0 / -80.0)
INFO     [2021-05-31 08:10:46,669]: *** sta3-wlan1: Scan detected ap1-ssid in range (signal: -89.0 / -80.0)
INFO     [2021-05-31 08:10:47,671]: *** sta1-wlan1: Scan detected ap1-ssid in range (signal: -89.0 / -80.0)
INFO     [2021-05-31 08:10:47,675]: *** sta3-wlan1: Scan detected ap1-ssid in range (signal: -89.0 / -80.0)
INFO     [2021-05-31 08:10:48,681]: *** sta1-wlan1: Scan detected ap1-ssid in range (signal: -89.0 / -80.0)
INFO     [2021-05-31 08:10:48,682]: *** sta3-wlan1: Scan detected ap1-ssid in range (signal: -89.0 / -80.0)
INFO     [2021-05-31 08:10:49,692]: *** sta1-wlan1: Scan detected ap1-ssid in range (signal: -89.0 / -80.0)
INFO     [2021-05-31 08:10:49,695]: *** sta3-wlan1: Scan detected ap1-ssid in range (signal: -89.0 / -80.0)
INFO     [2021-05-31 08:10:50,700]: *** sta1-wlan1: Scan detected ap1-ssid in range (signal: -89.0 / -80.0)
INFO     [2021-05-31 08:10:50,702]: *** sta3-wlan1: Scan detected ap1-ssid in range (signal: -89.0 / -80.0)
INFO     [2021-05-31 08:10:50,846]: *** sta1-wlan1: Scanning for ap1-ssid
INFO     [2021-05-31 08:10:51,712]: *** sta3-wlan1: Scan detected ap1-ssid in range (signal: -89.0 / -80.0)
INFO     [2021-05-31 08:10:51,714]: *** sta1-wlan1: Scan detected ap1-ssid in range (signal: -89.0 / -80.0)
INFO     [2021-05-31 08:10:52,726]: *** sta1-wlan1: Scan detected ap1-ssid in range (signal: -89.0 / -80.0)
INFO     [2021-05-31 08:10:52,726]: *** sta3-wlan1: Scan detected ap1-ssid in range (signal: -89.0 / -80.0)
INFO     [2021-05-31 08:10:53,250]: *** sta3-wlan1: Scanning for ap1-ssid
INFO     [2021-05-31 08:10:53,742]: *** sta1-wlan1: Scan detected ap1-ssid in range (signal: -89.0 / -80.0)
INFO     [2021-05-31 08:10:53,743]: *** sta3-wlan1: Scan detected ap1-ssid in range (signal: -89.0 / -80.0)
INFO     [2021-05-31 08:10:54,748]: *** sta1-wlan1: Scan detected ap1-ssid in range (signal: -89.0 / -80.0)
INFO     [2021-05-31 08:10:54,751]: *** sta3-wlan1: Scan detected ap1-ssid in range (signal: -89.0 / -80.0)
INFO     [2021-05-31 08:10:55,753]: *** sta1-wlan1: Scan detected ap1-ssid in range (signal: -89.0 / -80.0)
INFO     [2021-05-31 08:10:55,756]: *** sta3-wlan1: Scan detected ap1-ssid in range (signal: -89.0 / -80.0)
INFO     [2021-05-31 08:10:56,757]: *** sta1-wlan1: Scan detected ap1-ssid in range (signal: -89.0 / -80.0)
INFO     [2021-05-31 08:10:56,760]: *** sta3-wlan1: Scan detected ap1-ssid in range (signal: -89.0 / -80.0)
INFO     [2021-05-31 08:10:57,766]: *** sta1-wlan1: Scan detected ap1-ssid in range (signal: -89.0 / -80.0)
INFO     [2021-05-31 08:10:57,767]: *** sta3-wlan1: Scan detected ap1-ssid in range (signal: -89.0 / -80.0)
INFO     [2021-05-31 08:10:57,796]: *** sta1-wlan1: Scanning for ap1-ssid
INFO     [2021-05-31 08:10:58,774]: *** sta3-wlan1: Scan detected ap1-ssid in range (signal: -89.0 / -80.0)
INFO     [2021-05-31 08:10:58,776]: *** sta1-wlan1: Scan detected ap1-ssid in range (signal: -89.0 / -80.0)
INFO     [2021-05-31 08:10:59,779]: *** sta3-wlan1: Scan detected ap1-ssid in range (signal: -89.0 / -80.0)
INFO     [2021-05-31 08:10:59,782]: *** sta1-wlan1: Scan detected ap1-ssid in range (signal: -89.0 / -80.0)
INFO     [2021-05-31 08:11:00,246]: *** sta3-wlan1: Scanning for ap1-ssid
INFO     [2021-05-31 08:11:00,783]: *** sta3-wlan1: Scan detected ap1-ssid in range (signal: -89.0 / -80.0)
INFO     [2021-05-31 08:11:00,788]: *** sta1-wlan1: Scan detected ap1-ssid in range (signal: -89.0 / -80.0)
INFO     [2021-05-31 08:11:01,791]: *** sta3-wlan1: Scan detected ap1-ssid in range (signal: -89.0 / -80.0)
INFO     [2021-05-31 08:11:01,792]: *** sta1-wlan1: Scan detected ap1-ssid in range (signal: -89.0 / -80.0)
INFO     [2021-05-31 08:11:02,797]: *** sta1-wlan1: Scan detected ap1-ssid in range (signal: -89.0 / -80.0)
INFO     [2021-05-31 08:11:02,798]: *** sta3-wlan1: Scan detected ap1-ssid in range (signal: -89.0 / -80.0)
INFO     [2021-05-31 08:11:03,804]: *** sta3-wlan1: Scan detected ap1-ssid in range (signal: -89.0 / -80.0)
INFO     [2021-05-31 08:11:03,805]: *** sta1-wlan1: Scan detected ap1-ssid in range (signal: -89.0 / -80.0)
INFO     [2021-05-31 08:11:04,582]: *** sta1-wlan1: Scanning for ap1-ssid
INFO     [2021-05-31 08:11:04,808]: *** sta3-wlan1: Scan detected ap1-ssid in range (signal: -89.0 / -80.0)
INFO     [2021-05-31 08:11:04,811]: *** sta1-wlan1: Scan detected ap1-ssid in range (signal: -89.0 / -80.0)
INFO     [2021-05-31 08:11:05,821]: *** sta1-wlan1: Scan detected ap1-ssid in range (signal: -89.0 / -80.0)
INFO     [2021-05-31 08:11:05,822]: *** sta3-wlan1: Scan detected ap1-ssid in range (signal: -89.0 / -80.0)
INFO     [2021-05-31 08:11:06,903]: *** sta1-wlan1: Scan detected ap1-ssid in range (signal: -89.0 / -80.0)
INFO     [2021-05-31 08:11:06,904]: *** sta3-wlan1: Scan detected ap1-ssid in range (signal: -89.0 / -80.0)
INFO     [2021-05-31 08:11:07,039]: *** sta3-wlan1: Scanning for ap1-ssid
INFO     [2021-05-31 08:11:07,909]: *** sta3-wlan1: Scan detected ap1-ssid in range (signal: -89.0 / -80.0)
INFO     [2021-05-31 08:11:08,913]: *** sta3-wlan1: Scan detected ap1-ssid in range (signal: -89.0 / -80.0)
INFO     [2021-05-31 08:11:09,929]: *** sta3-wlan1: Scan detected ap1-ssid in range (signal: -89.0 / -80.0)
INFO     [2021-05-31 08:11:10,935]: *** sta3-wlan1: Scan detected ap1-ssid in range (signal: -89.0 / -80.0)
INFO     [2021-05-31 08:11:11,373]: *** sta1-wlan1: Scanning for ap1-ssid
INFO     [2021-05-31 08:11:11,948]: *** sta3-wlan1: Scan detected ap1-ssid in range (signal: -89.0 / -80.0)
INFO     [2021-05-31 08:11:12,955]: *** sta3-wlan1: Scan detected ap1-ssid in range (signal: -89.0 / -80.0)
INFO     [2021-05-31 08:11:13,865]: *** sta3-wlan1: Scanning for ap1-ssid
INFO     [2021-05-31 08:11:13,968]: *** sta3-wlan1: Scan detected ap1-ssid in range (signal: -89.0 / -80.0)
INFO     [2021-05-31 08:11:14,976]: *** sta3-wlan1: Scan detected ap1-ssid in range (signal: -89.0 / -80.0)
INFO     [2021-05-31 08:11:15,981]: *** sta3-wlan1: Scan detected ap1-ssid in range (signal: -89.0 / -80.0)
INFO     [2021-05-31 08:11:18,266]: *** sta1-wlan1: Scanning for ap1-ssid
INFO     [2021-05-31 08:11:20,674]: *** sta3-wlan1: Scanning for ap1-ssid
INFO     [2021-05-31 08:11:25,082]: *** sta1-wlan1: Scanning for ap1-ssid
INFO     [2021-05-31 08:11:27,502]: *** sta3-wlan1: Scanning for ap1-ssid
INFO     [2021-05-31 08:11:31,850]: *** sta1-wlan1: Scanning for ap1-ssid
INFO     [2021-05-31 08:11:34,283]: *** sta3-wlan1: Scanning for ap1-ssid
INFO     [2021-05-31 08:11:38,589]: *** sta1-wlan1: Scanning for ap1-ssid
INFO     [2021-05-31 08:11:41,123]: *** sta3-wlan1: Scanning for ap1-ssid
INFO     [2021-05-31 08:11:45,525]: *** sta1-wlan1: Scanning for ap1-ssid
INFO     [2021-05-31 08:11:46,207]: *** sta1-wlan1: Scan detected ap1-ssid in range (signal: -89.0 / -80.0)
INFO     [2021-05-31 08:11:47,214]: *** sta1-wlan1: Scan detected ap1-ssid in range (signal: -89.0 / -80.0)
INFO     [2021-05-31 08:11:48,113]: *** sta3-wlan1: Scanning for ap1-ssid
INFO     [2021-05-31 08:11:48,220]: *** sta1-wlan1: Scan detected ap1-ssid in range (signal: -89.0 / -80.0)
INFO     [2021-05-31 08:11:49,226]: *** sta1-wlan1: Scan detected ap1-ssid in range (signal: -89.0 / -80.0)
INFO     [2021-05-31 08:11:50,235]: *** sta1-wlan1: Scan detected ap1-ssid in range (signal: -89.0 / -80.0)
INFO     [2021-05-31 08:11:51,242]: *** sta1-wlan1: Scan detected ap1-ssid in range (signal: -89.0 / -80.0)
INFO     [2021-05-31 08:11:52,247]: *** sta1-wlan1: Scan detected ap1-ssid in range (signal: -89.0 / -80.0)
INFO     [2021-05-31 08:11:52,309]: *** sta1-wlan1: Scanning for ap1-ssid
INFO     [2021-05-31 08:11:53,252]: *** sta1-wlan1: Scan detected ap1-ssid in range (signal: -89.0 / -80.0)
INFO     [2021-05-31 08:11:54,297]: *** sta1-wlan1: Scan detected ap1-ssid in range (signal: -89.0 / -80.0)
INFO     [2021-05-31 08:11:54,970]: *** sta3-wlan1: Scanning for ap1-ssid
INFO     [2021-05-31 08:11:55,312]: *** sta1-wlan1: Scan detected ap1-ssid in range (signal: -89.0 / -80.0)
INFO     [2021-05-31 08:11:56,318]: *** sta1-wlan1: Scan detected ap1-ssid in range (signal: -89.0 / -80.0)
INFO     [2021-05-31 08:11:57,326]: *** sta1-wlan1: Scan detected ap1-ssid in range (signal: -89.0 / -80.0)
INFO     [2021-05-31 08:11:58,331]: *** sta1-wlan1: Scan detected ap1-ssid in range (signal: -89.0 / -80.0)
INFO     [2021-05-31 08:11:59,343]: *** sta1-wlan1: Scan detected ap1-ssid in range (signal: -89.0 / -80.0)
INFO     [2021-05-31 08:11:59,495]: *** sta1-wlan1: Scanning for ap1-ssid
INFO     [2021-05-31 08:12:00,347]: *** sta1-wlan1: Scan detected ap1-ssid in range (signal: -89.0 / -80.0)
INFO     [2021-05-31 08:12:01,352]: *** sta1-wlan1: Scan detected ap1-ssid in range (signal: -89.0 / -80.0)
INFO     [2021-05-31 08:12:01,959]: *** sta3-wlan1: Scanning for ap1-ssid
INFO     [2021-05-31 08:12:02,353]: *** sta3-wlan1: Scan detected ap1-ssid in range (signal: -87.0 / -80.0)
INFO     [2021-05-31 08:12:02,356]: *** sta1-wlan1: Scan detected ap1-ssid in range (signal: -89.0 / -80.0)
INFO     [2021-05-31 08:12:03,357]: *** sta3-wlan1: Scan detected ap1-ssid in range (signal: -87.0 / -80.0)
INFO     [2021-05-31 08:12:03,360]: *** sta1-wlan1: Scan detected ap1-ssid in range (signal: -89.0 / -80.0)
INFO     [2021-05-31 08:12:04,361]: *** sta3-wlan1: Scan detected ap1-ssid in range (signal: -87.0 / -80.0)
INFO     [2021-05-31 08:12:04,365]: *** sta1-wlan1: Scan detected ap1-ssid in range (signal: -89.0 / -80.0)
INFO     [2021-05-31 08:12:05,373]: *** sta3-wlan1: Scan detected ap1-ssid in range (signal: -87.0 / -80.0)
INFO     [2021-05-31 08:12:05,377]: *** sta1-wlan1: Scan detected ap1-ssid in range (signal: -89.0 / -80.0)
INFO     [2021-05-31 08:12:06,257]: *** sta1-wlan1: Scanning for ap1-ssid
INFO     [2021-05-31 08:12:06,379]: *** sta3-wlan1: Scan detected ap1-ssid in range (signal: -87.0 / -80.0)
INFO     [2021-05-31 08:12:06,383]: *** sta1-wlan1: Scan detected ap1-ssid in range (signal: -89.0 / -80.0)
INFO     [2021-05-31 08:12:07,384]: *** sta3-wlan1: Scan detected ap1-ssid in range (signal: -87.0 / -80.0)
INFO     [2021-05-31 08:12:07,388]: *** sta1-wlan1: Scan detected ap1-ssid in range (signal: -89.0 / -80.0)
INFO     [2021-05-31 08:12:08,389]: *** sta3-wlan1: Scan detected ap1-ssid in range (signal: -87.0 / -80.0)
INFO     [2021-05-31 08:12:08,393]: *** sta1-wlan1: Scan detected ap1-ssid in range (signal: -89.0 / -80.0)
INFO     [2021-05-31 08:12:08,702]: *** sta3-wlan1: Scanning for ap1-ssid
INFO     [2021-05-31 08:12:09,395]: *** sta3-wlan1: Scan detected ap1-ssid in range (signal: -87.0 / -80.0)
INFO     [2021-05-31 08:12:09,398]: *** sta1-wlan1: Scan detected ap1-ssid in range (signal: -89.0 / -80.0)
INFO     [2021-05-31 08:12:10,403]: *** sta3-wlan1: Scan detected ap1-ssid in range (signal: -87.0 / -80.0)
INFO     [2021-05-31 08:12:10,403]: *** sta1-wlan1: Scan detected ap1-ssid in range (signal: -89.0 / -80.0)
INFO     [2021-05-31 08:12:11,411]: *** sta1-wlan1: Scan detected ap1-ssid in range (signal: -89.0 / -80.0)
INFO     [2021-05-31 08:12:11,412]: *** sta3-wlan1: Scan detected ap1-ssid in range (signal: -87.0 / -80.0)
INFO     [2021-05-31 08:12:12,420]: *** sta1-wlan1: Scan detected ap1-ssid in range (signal: -89.0 / -80.0)
INFO     [2021-05-31 08:12:12,422]: *** sta3-wlan1: Scan detected ap1-ssid in range (signal: -87.0 / -80.0)
INFO     [2021-05-31 08:12:13,003]: *** sta1-wlan1: Scanning for ap1-ssid
INFO     [2021-05-31 08:12:13,428]: *** sta3-wlan1: Scan detected ap1-ssid in range (signal: -87.0 / -80.0)
INFO     [2021-05-31 08:12:13,430]: *** sta1-wlan1: Scan detected ap1-ssid in range (signal: -89.0 / -80.0)
INFO     [2021-05-31 08:12:14,490]: *** sta3-wlan1: Scan detected ap1-ssid in range (signal: -87.0 / -80.0)
INFO     [2021-05-31 08:12:14,491]: *** sta1-wlan1: Scan detected ap1-ssid in range (signal: -89.0 / -80.0)
INFO     [2021-05-31 08:12:15,491]: *** sta3-wlan1: Scanning for ap1-ssid
INFO     [2021-05-31 08:12:15,496]: *** sta1-wlan1: Scan detected ap1-ssid in range (signal: -89.0 / -80.0)
INFO     [2021-05-31 08:12:15,497]: *** sta3-wlan1: Scan detected ap1-ssid in range (signal: -87.0 / -80.0)
INFO     [2021-05-31 08:12:16,506]: *** sta3-wlan1: Scan detected ap1-ssid in range (signal: -90.0 / -80.0)
INFO     [2021-05-31 08:12:17,514]: *** sta3-wlan1: Scan detected ap1-ssid in range (signal: -90.0 / -80.0)
INFO     [2021-05-31 08:12:18,518]: *** sta3-wlan1: Scan detected ap1-ssid in range (signal: -90.0 / -80.0)
INFO     [2021-05-31 08:12:19,523]: *** sta3-wlan1: Scan detected ap1-ssid in range (signal: -90.0 / -80.0)
INFO     [2021-05-31 08:12:20,320]: *** sta1-wlan1: Scanning for ap1-ssid
INFO     [2021-05-31 08:12:20,527]: *** sta3-wlan1: Scan detected ap1-ssid in range (signal: -90.0 / -80.0)
INFO     [2021-05-31 08:12:21,533]: *** sta3-wlan1: Scan detected ap1-ssid in range (signal: -90.0 / -80.0)
INFO     [2021-05-31 08:12:22,539]: *** sta3-wlan1: Scan detected ap1-ssid in range (signal: -90.0 / -80.0)
INFO     [2021-05-31 08:12:22,998]: *** sta3-wlan1: Scanning for ap1-ssid
INFO     [2021-05-31 08:12:23,554]: *** sta3-wlan1: Scan detected ap1-ssid in range (signal: -90.0 / -80.0)
INFO     [2021-05-31 08:12:24,563]: *** sta3-wlan1: Scan detected ap1-ssid in range (signal: -90.0 / -80.0)
INFO     [2021-05-31 08:12:25,575]: *** sta3-wlan1: Scan detected ap1-ssid in range (signal: -90.0 / -80.0)
INFO     [2021-05-31 08:12:26,581]: *** sta3-wlan1: Scan detected ap1-ssid in range (signal: -90.0 / -80.0)
INFO     [2021-05-31 08:12:27,166]: *** sta1-wlan1: Scanning for ap1-ssid
INFO     [2021-05-31 08:12:27,592]: *** sta3-wlan1: Scan detected ap1-ssid in range (signal: -90.0 / -80.0)
INFO     [2021-05-31 08:12:28,597]: *** sta3-wlan1: Scan detected ap1-ssid in range (signal: -90.0 / -80.0)
INFO     [2021-05-31 08:12:29,603]: *** sta3-wlan1: Scan detected ap1-ssid in range (signal: -90.0 / -80.0)
INFO     [2021-05-31 08:12:30,017]: *** sta3-wlan1: Scanning for ap1-ssid
INFO     [2021-05-31 08:12:30,607]: *** sta3-wlan1: Scan detected ap1-ssid in range (signal: -90.0 / -80.0)
INFO     [2021-05-31 08:12:31,613]: *** sta3-wlan1: Scan detected ap1-ssid in range (signal: -90.0 / -80.0)
INFO     [2021-05-31 08:12:32,620]: *** sta3-wlan1: Scan detected ap1-ssid in range (signal: -90.0 / -80.0)
INFO     [2021-05-31 08:12:33,626]: *** sta3-wlan1: Scan detected ap1-ssid in range (signal: -90.0 / -80.0)
INFO     [2021-05-31 08:12:33,958]: *** sta1-wlan1: Scanning for ap1-ssid
INFO     [2021-05-31 08:12:34,631]: *** sta3-wlan1: Scan detected ap1-ssid in range (signal: -90.0 / -80.0)
INFO     [2021-05-31 08:12:35,638]: *** sta3-wlan1: Scan detected ap1-ssid in range (signal: -90.0 / -80.0)
INFO     [2021-05-31 08:12:36,643]: *** sta3-wlan1: Scan detected ap1-ssid in range (signal: -90.0 / -80.0)
INFO     [2021-05-31 08:12:36,802]: *** sta3-wlan1: Scanning for ap1-ssid
INFO     [2021-05-31 08:12:37,653]: *** sta3-wlan1: Scan detected ap1-ssid in range (signal: -90.0 / -80.0)
INFO     [2021-05-31 08:12:38,677]: *** sta3-wlan1: Scan detected ap1-ssid in range (signal: -90.0 / -80.0)
INFO     [2021-05-31 08:12:39,697]: *** sta3-wlan1: Scan detected ap1-ssid in range (signal: -90.0 / -80.0)
INFO     [2021-05-31 08:12:40,704]: *** sta3-wlan1: Scan detected ap1-ssid in range (signal: -90.0 / -80.0)
INFO     [2021-05-31 08:12:40,893]: *** sta1-wlan1: Scanning for ap1-ssid
INFO     [2021-05-31 08:12:41,711]: *** sta3-wlan1: Scan detected ap1-ssid in range (signal: -90.0 / -80.0)
INFO     [2021-05-31 08:12:42,718]: *** sta3-wlan1: Scan detected ap1-ssid in range (signal: -90.0 / -80.0)
INFO     [2021-05-31 08:12:43,723]: *** sta3-wlan1: Scan detected ap1-ssid in range (signal: -90.0 / -80.0)
INFO     [2021-05-31 08:12:44,007]: *** sta3-wlan1: Scanning for ap1-ssid
INFO     [2021-05-31 08:12:44,730]: *** sta3-wlan1: Scan detected ap1-ssid in range (signal: -90.0 / -80.0)
INFO     [2021-05-31 08:12:47,646]: *** sta1-wlan1: Scanning for ap1-ssid
INFO     [2021-05-31 08:12:50,850]: *** sta3-wlan1: Scanning for ap1-ssid
INFO     [2021-05-31 08:12:54,617]: *** sta1-wlan1: Scanning for ap1-ssid
INFO     [2021-05-31 08:12:57,730]: *** sta3-wlan1: Scanning for ap1-ssid
INFO     [2021-05-31 08:13:02,521]: *** sta1-wlan1: Scanning for ap1-ssid
INFO     [2021-05-31 08:13:05,099]: *** sta3-wlan1: Scanning for ap1-ssid
INFO     [2021-05-31 08:13:09,343]: *** sta1-wlan1: Scanning for ap1-ssid
INFO     [2021-05-31 08:13:11,896]: *** sta3-wlan1: Scanning for ap1-ssid
INFO     [2021-05-31 08:13:16,353]: *** sta1-wlan1: Scanning for ap1-ssid
INFO     [2021-05-31 08:13:18,690]: *** sta3-wlan1: Scanning for ap1-ssid
INFO     [2021-05-31 08:13:23,174]: *** sta1-wlan1: Scanning for ap1-ssid
INFO     [2021-05-31 08:13:25,536]: *** sta3-wlan1: Scanning for ap1-ssid
INFO     [2021-05-31 08:13:30,085]: *** sta1-wlan1: Scanning for ap1-ssid
INFO     [2021-05-31 08:13:32,446]: *** sta3-wlan1: Scanning for ap1-ssid
INFO     [2021-05-31 08:13:36,858]: *** sta1-wlan1: Scanning for ap1-ssid
INFO     [2021-05-31 08:13:39,212]: *** sta3-wlan1: Scanning for ap1-ssid
INFO     [2021-05-31 08:13:43,624]: *** sta1-wlan1: Scanning for ap1-ssid
INFO     [2021-05-31 08:13:45,969]: *** sta3-wlan1: Scanning for ap1-ssid
INFO     [2021-05-31 08:13:50,480]: *** sta1-wlan1: Scanning for ap1-ssid
INFO     [2021-05-31 08:13:52,978]: *** sta3-wlan1: Scanning for ap1-ssid
INFO     [2021-05-31 08:13:57,543]: *** sta1-wlan1: Scanning for ap1-ssid
INFO     [2021-05-31 08:13:59,877]: *** sta3-wlan1: Scanning for ap1-ssid
INFO     [2021-05-31 08:14:04,308]: *** sta1-wlan1: Scanning for ap1-ssid
INFO     [2021-05-31 08:14:06,743]: *** sta3-wlan1: Scanning for ap1-ssid
INFO     [2021-05-31 08:14:11,436]: *** sta1-wlan1: Scanning for ap1-ssid
INFO     [2021-05-31 08:14:14,018]: *** sta3-wlan1: Scanning for ap1-ssid
INFO     [2021-05-31 08:14:18,201]: *** sta1-wlan1: Scanning for ap1-ssid
INFO     [2021-05-31 08:14:20,806]: *** sta3-wlan1: Scanning for ap1-ssid
INFO     [2021-05-31 08:14:25,569]: *** sta1-wlan1: Scanning for ap1-ssid
INFO     [2021-05-31 08:14:27,854]: *** sta3-wlan1: Scanning for ap1-ssid
INFO     [2021-05-31 08:14:32,341]: *** sta1-wlan1: Scanning for ap1-ssid
INFO     [2021-05-31 08:14:34,642]: *** sta3-wlan1: Scanning for ap1-ssid
INFO     [2021-05-31 08:14:39,178]: *** sta1-wlan1: Scanning for ap1-ssid
INFO     [2021-05-31 08:14:41,470]: *** sta3-wlan1: Scanning for ap1-ssid
INFO     [2021-05-31 08:14:46,687]: *** sta1-wlan1: Scanning for ap1-ssid
INFO     [2021-05-31 08:14:48,666]: *** sta3-wlan1: Scanning for ap1-ssid
INFO     [2021-05-31 08:14:54,125]: *** sta1-wlan1: Scanning for ap1-ssid
INFO     [2021-05-31 08:14:55,934]: *** sta3-wlan1: Scanning for ap1-ssid
INFO     [2021-05-31 08:15:00,888]: *** sta1-wlan1: Scanning for ap1-ssid
INFO     [2021-05-31 08:15:02,709]: *** sta3-wlan1: Scanning for ap1-ssid
INFO     [2021-05-31 08:15:02,944]: *** sta3-wlan1: Scan detected ap1-ssid in range (signal: -90.0 / -80.0)
INFO     [2021-05-31 08:15:03,956]: *** sta3-wlan1: Scan detected ap1-ssid in range (signal: -90.0 / -80.0)
INFO     [2021-05-31 08:15:04,962]: *** sta3-wlan1: Scan detected ap1-ssid in range (signal: -90.0 / -80.0)
INFO     [2021-05-31 08:15:05,968]: *** sta3-wlan1: Scan detected ap1-ssid in range (signal: -90.0 / -80.0)
INFO     [2021-05-31 08:15:06,975]: *** sta3-wlan1: Scan detected ap1-ssid in range (signal: -90.0 / -80.0)
INFO     [2021-05-31 08:15:07,665]: *** sta1-wlan1: Scanning for ap1-ssid
INFO     [2021-05-31 08:15:07,980]: *** sta3-wlan1: Scan detected ap1-ssid in range (signal: -90.0 / -80.0)
INFO     [2021-05-31 08:15:08,985]: *** sta3-wlan1: Scan detected ap1-ssid in range (signal: -90.0 / -80.0)
INFO     [2021-05-31 08:15:09,465]: *** sta3-wlan1: Scanning for ap1-ssid
INFO     [2021-05-31 08:15:09,990]: *** sta3-wlan1: Scan detected ap1-ssid in range (signal: -90.0 / -80.0)
INFO     [2021-05-31 08:15:10,995]: *** sta3-wlan1: Scan detected ap1-ssid in range (signal: -90.0 / -80.0)
INFO     [2021-05-31 08:15:12,013]: *** sta3-wlan1: Scan detected ap1-ssid in range (signal: -90.0 / -80.0)
INFO     [2021-05-31 08:15:13,021]: *** sta3-wlan1: Scan detected ap1-ssid in range (signal: -90.0 / -80.0)
INFO     [2021-05-31 08:15:14,026]: *** sta3-wlan1: Scan detected ap1-ssid in range (signal: -90.0 / -80.0)
INFO     [2021-05-31 08:15:14,418]: *** sta1-wlan1: Scanning for ap1-ssid
INFO     [2021-05-31 08:15:15,032]: *** sta3-wlan1: Scan detected ap1-ssid in range (signal: -90.0 / -80.0)
INFO     [2021-05-31 08:15:16,036]: *** sta3-wlan1: Scan detected ap1-ssid in range (signal: -90.0 / -80.0)
INFO     [2021-05-31 08:15:16,257]: *** sta3-wlan1: Scanning for ap1-ssid
INFO     [2021-05-31 08:15:17,042]: *** sta3-wlan1: Scan detected ap1-ssid in range (signal: -90.0 / -80.0)
INFO     [2021-05-31 08:15:18,050]: *** sta3-wlan1: Scan detected ap1-ssid in range (signal: -90.0 / -80.0)
INFO     [2021-05-31 08:15:19,055]: *** sta3-wlan1: Scan detected ap1-ssid in range (signal: -90.0 / -80.0)
INFO     [2021-05-31 08:15:20,061]: *** sta3-wlan1: Scan detected ap1-ssid in range (signal: -90.0 / -80.0)
INFO     [2021-05-31 08:15:21,066]: *** sta3-wlan1: Scan detected ap1-ssid in range (signal: -90.0 / -80.0)
INFO     [2021-05-31 08:15:21,222]: *** sta1-wlan1: Scanning for ap1-ssid
INFO     [2021-05-31 08:15:22,070]: *** sta3-wlan1: Scan detected ap1-ssid in range (signal: -90.0 / -80.0)
INFO     [2021-05-31 08:15:23,056]: *** sta3-wlan1: Scanning for ap1-ssid
INFO     [2021-05-31 08:15:23,076]: *** sta3-wlan1: Scan detected ap1-ssid in range (signal: -90.0 / -80.0)
INFO     [2021-05-31 08:15:24,086]: *** sta3-wlan1: Scan detected ap1-ssid in range (signal: -90.0 / -80.0)
INFO     [2021-05-31 08:15:25,094]: *** sta3-wlan1: Scan detected ap1-ssid in range (signal: -90.0 / -80.0)
INFO     [2021-05-31 08:15:26,127]: *** sta3-wlan1: Scan detected ap1-ssid in range (signal: -90.0 / -80.0)
INFO     [2021-05-31 08:15:27,133]: *** sta3-wlan1: Scan detected ap1-ssid in range (signal: -90.0 / -80.0)
INFO     [2021-05-31 08:15:27,996]: *** sta1-wlan1: Scanning for ap1-ssid
INFO     [2021-05-31 08:15:28,140]: *** sta3-wlan1: Scan detected ap1-ssid in range (signal: -90.0 / -80.0)
INFO     [2021-05-31 08:15:28,143]: *** sta1-wlan1: Scan detected ap1-ssid in range (signal: -88.0 / -80.0)
INFO     [2021-05-31 08:15:29,149]: *** sta1-wlan1: Scan detected ap1-ssid in range (signal: -88.0 / -80.0)
INFO     [2021-05-31 08:15:29,150]: *** sta3-wlan1: Scan detected ap1-ssid in range (signal: -90.0 / -80.0)
INFO     [2021-05-31 08:15:30,126]: *** sta3-wlan1: Scanning for ap1-ssid
INFO     [2021-05-31 08:15:30,155]: *** sta1-wlan1: Scan detected ap1-ssid in range (signal: -88.0 / -80.0)
INFO     [2021-05-31 08:15:30,157]: *** sta3-wlan1: Scan detected ap1-ssid in range (signal: -90.0 / -80.0)
INFO     [2021-05-31 08:15:31,177]: *** sta1-wlan1: Scan detected ap1-ssid in range (signal: -88.0 / -80.0)
INFO     [2021-05-31 08:15:31,177]: *** sta3-wlan1: Scan detected ap1-ssid in range (signal: -90.0 / -80.0)
INFO     [2021-05-31 08:15:32,183]: *** sta3-wlan1: Scan detected ap1-ssid in range (signal: -90.0 / -80.0)
INFO     [2021-05-31 08:15:32,184]: *** sta1-wlan1: Scan detected ap1-ssid in range (signal: -88.0 / -80.0)
INFO     [2021-05-31 08:15:33,189]: *** sta1-wlan1: Scan detected ap1-ssid in range (signal: -88.0 / -80.0)
INFO     [2021-05-31 08:15:34,197]: *** sta1-wlan1: Scan detected ap1-ssid in range (signal: -88.0 / -80.0)
INFO     [2021-05-31 08:15:34,778]: *** sta1-wlan1: Scanning for ap1-ssid
INFO     [2021-05-31 08:15:35,202]: *** sta1-wlan1: Scan detected ap1-ssid in range (signal: -89.0 / -80.0)
INFO     [2021-05-31 08:15:36,225]: *** sta1-wlan1: Scan detected ap1-ssid in range (signal: -89.0 / -80.0)
INFO     [2021-05-31 08:15:36,946]: *** sta3-wlan1: Scanning for ap1-ssid
INFO     [2021-05-31 08:15:37,242]: *** sta3-wlan1: Scan detected ap1-ssid in range (signal: -87.0 / -80.0)
INFO     [2021-05-31 08:15:37,251]: *** sta1-wlan1: Scan detected ap1-ssid in range (signal: -89.0 / -80.0)
INFO     [2021-05-31 08:15:38,248]: *** sta3-wlan1: Scan detected ap1-ssid in range (signal: -87.0 / -80.0)
INFO     [2021-05-31 08:15:38,260]: *** sta1-wlan1: Scan detected ap1-ssid in range (signal: -89.0 / -80.0)
INFO     [2021-05-31 08:15:39,253]: *** sta3-wlan1: Scan detected ap1-ssid in range (signal: -87.0 / -80.0)
INFO     [2021-05-31 08:15:39,264]: *** sta1-wlan1: Scan detected ap1-ssid in range (signal: -89.0 / -80.0)
INFO     [2021-05-31 08:15:40,499]: *** sta3-wlan1: Scan detected ap1-ssid in range (signal: -87.0 / -80.0)
INFO     [2021-05-31 08:15:40,500]: *** sta1-wlan1: Scan detected ap1-ssid in range (signal: -89.0 / -80.0)
INFO     [2021-05-31 08:15:41,505]: *** sta1-wlan1: Scan detected ap1-ssid in range (signal: -89.0 / -80.0)
INFO     [2021-05-31 08:15:41,507]: *** sta3-wlan1: Scan detected ap1-ssid in range (signal: -87.0 / -80.0)
INFO     [2021-05-31 08:15:41,807]: *** sta1-wlan1: Scanning for ap1-ssid
INFO     [2021-05-31 08:15:42,141]: *** sta3-wlan1: Scanning for ap1-ssid
INFO     [2021-05-31 08:15:42,510]: *** sta1-wlan1: Scan detected ap1-ssid in range (signal: -89.0 / -80.0)
INFO     [2021-05-31 08:15:42,511]: *** sta3-wlan1: Scan detected ap1-ssid in range (signal: -90.0 / -80.0)
INFO     [2021-05-31 08:15:43,517]: *** sta3-wlan1: Scan detected ap1-ssid in range (signal: -90.0 / -80.0)
INFO     [2021-05-31 08:15:43,517]: *** sta1-wlan1: Scan detected ap1-ssid in range (signal: -89.0 / -80.0)
INFO     [2021-05-31 08:15:44,522]: *** sta1-wlan1: Scan detected ap1-ssid in range (signal: -89.0 / -80.0)
INFO     [2021-05-31 08:15:44,524]: *** sta3-wlan1: Scan detected ap1-ssid in range (signal: -90.0 / -80.0)
INFO     [2021-05-31 08:15:45,528]: *** sta1-wlan1: Scan detected ap1-ssid in range (signal: -89.0 / -80.0)
INFO     [2021-05-31 08:15:45,530]: *** sta3-wlan1: Scan detected ap1-ssid in range (signal: -90.0 / -80.0)
INFO     [2021-05-31 08:15:46,538]: *** sta1-wlan1: Scan detected ap1-ssid in range (signal: -89.0 / -80.0)
INFO     [2021-05-31 08:15:46,540]: *** sta3-wlan1: Scan detected ap1-ssid in range (signal: -90.0 / -80.0)
INFO     [2021-05-31 08:15:47,547]: *** sta1-wlan1: Scan detected ap1-ssid in range (signal: -89.0 / -80.0)
INFO     [2021-05-31 08:15:48,552]: *** sta1-wlan1: Scan detected ap1-ssid in range (signal: -89.0 / -80.0)
INFO     [2021-05-31 08:15:48,618]: *** sta1-wlan1: Scanning for ap1-ssid
INFO     [2021-05-31 08:15:48,930]: *** sta3-wlan1: Scanning for ap1-ssid
INFO     [2021-05-31 08:15:49,557]: *** sta1-wlan1: Scan detected ap1-ssid in range (signal: -88.0 / -80.0)
INFO     [2021-05-31 08:15:50,578]: *** sta1-wlan1: Scan detected ap1-ssid in range (signal: -88.0 / -80.0)
INFO     [2021-05-31 08:15:51,586]: *** sta1-wlan1: Scan detected ap1-ssid in range (signal: -88.0 / -80.0)
INFO     [2021-05-31 08:15:52,591]: *** sta1-wlan1: Scan detected ap1-ssid in range (signal: -88.0 / -80.0)
INFO     [2021-05-31 08:15:53,585]: *** sta3-wlan1: Scan detected ap1-ssid in range (signal: -89.0 / -80.0)
INFO     [2021-05-31 08:15:53,597]: *** sta1-wlan1: Scan detected ap1-ssid in range (signal: -88.0 / -80.0)
INFO     [2021-05-31 08:15:54,596]: *** sta3-wlan1: Scan detected ap1-ssid in range (signal: -89.0 / -80.0)
INFO     [2021-05-31 08:15:54,603]: *** sta1-wlan1: Scan detected ap1-ssid in range (signal: -88.0 / -80.0)
INFO     [2021-05-31 08:15:55,442]: *** sta1-wlan1: Scanning for ap1-ssid
INFO     [2021-05-31 08:15:55,602]: *** sta3-wlan1: Scan detected ap1-ssid in range (signal: -89.0 / -80.0)
INFO     [2021-05-31 08:15:55,618]: *** sta1-wlan1: Scan detected ap1-ssid in range (signal: -89.0 / -80.0)
INFO     [2021-05-31 08:15:55,718]: *** sta3-wlan1: Scanning for ap1-ssid
INFO     [2021-05-31 08:15:56,607]: *** sta3-wlan1: Scan detected ap1-ssid in range (signal: -89.0 / -80.0)
INFO     [2021-05-31 08:15:56,625]: *** sta1-wlan1: Scan detected ap1-ssid in range (signal: -89.0 / -80.0)
INFO     [2021-05-31 08:15:57,613]: *** sta3-wlan1: Scan detected ap1-ssid in range (signal: -89.0 / -80.0)
INFO     [2021-05-31 08:15:57,634]: *** sta1-wlan1: Scan detected ap1-ssid in range (signal: -89.0 / -80.0)
INFO     [2021-05-31 08:15:58,618]: *** sta3-wlan1: Scan detected ap1-ssid in range (signal: -89.0 / -80.0)
INFO     [2021-05-31 08:15:58,641]: *** sta1-wlan1: Scan detected ap1-ssid in range (signal: -89.0 / -80.0)
INFO     [2021-05-31 08:15:59,624]: *** sta3-wlan1: Scan detected ap1-ssid in range (signal: -89.0 / -80.0)
INFO     [2021-05-31 08:15:59,648]: *** sta1-wlan1: Scan detected ap1-ssid in range (signal: -89.0 / -80.0)
INFO     [2021-05-31 08:16:00,630]: *** sta3-wlan1: Scan detected ap1-ssid in range (signal: -89.0 / -80.0)
INFO     [2021-05-31 08:16:00,652]: *** sta1-wlan1: Scan detected ap1-ssid in range (signal: -89.0 / -80.0)
INFO     [2021-05-31 08:16:01,661]: *** sta1-wlan1: Scan detected ap1-ssid in range (signal: -89.0 / -80.0)
INFO     [2021-05-31 08:16:02,249]: *** sta1-wlan1: Scanning for ap1-ssid
INFO     [2021-05-31 08:16:02,585]: *** sta3-wlan1: Scanning for ap1-ssid
INFO     [2021-05-31 08:16:02,673]: *** sta1-wlan1: Scan detected ap1-ssid in range (signal: -86.0 / -80.0)
INFO     [2021-05-31 08:16:03,680]: *** sta1-wlan1: Scan detected ap1-ssid in range (signal: -86.0 / -80.0)
INFO     [2021-05-31 08:16:04,685]: *** sta1-wlan1: Scan detected ap1-ssid in range (signal: -86.0 / -80.0)
INFO     [2021-05-31 08:16:05,689]: *** sta1-wlan1: Scan detected ap1-ssid in range (signal: -86.0 / -80.0)
INFO     [2021-05-31 08:16:06,695]: *** sta1-wlan1: Scan detected ap1-ssid in range (signal: -86.0 / -80.0)
INFO     [2021-05-31 08:16:07,670]: *** sta3-wlan1: Scan detected ap1-ssid in range (signal: -88.0 / -80.0)
INFO     [2021-05-31 08:16:07,700]: *** sta1-wlan1: Scan detected ap1-ssid in range (signal: -86.0 / -80.0)
INFO     [2021-05-31 08:16:08,680]: *** sta3-wlan1: Scan detected ap1-ssid in range (signal: -88.0 / -80.0)
INFO     [2021-05-31 08:16:08,710]: *** sta1-wlan1: Scan detected ap1-ssid in range (signal: -86.0 / -80.0)
INFO     [2021-05-31 08:16:09,014]: *** sta1-wlan1: Scanning for ap1-ssid
INFO     [2021-05-31 08:16:09,337]: *** sta3-wlan1: Scanning for ap1-ssid
INFO     [2021-05-31 08:16:09,685]: *** sta3-wlan1: Scan detected ap1-ssid in range (signal: -86.0 / -80.0)
INFO     [2021-05-31 08:16:09,714]: *** sta1-wlan1: Scan detected ap1-ssid in range (signal: -86.0 / -80.0)
INFO     [2021-05-31 08:16:10,689]: *** sta3-wlan1: Scan detected ap1-ssid in range (signal: -86.0 / -80.0)
INFO     [2021-05-31 08:16:10,718]: *** sta1-wlan1: Scan detected ap1-ssid in range (signal: -86.0 / -80.0)
INFO     [2021-05-31 08:16:11,697]: *** sta3-wlan1: Scan detected ap1-ssid in range (signal: -86.0 / -80.0)
INFO     [2021-05-31 08:16:11,723]: *** sta1-wlan1: Scan detected ap1-ssid in range (signal: -86.0 / -80.0)
INFO     [2021-05-31 08:16:12,728]: *** sta1-wlan1: Scan detected ap1-ssid in range (signal: -86.0 / -80.0)
INFO     [2021-05-31 08:16:13,710]: *** sta3-wlan1: Scan detected ap1-ssid in range (signal: -86.0 / -80.0)
INFO     [2021-05-31 08:16:13,732]: *** sta1-wlan1: Scan detected ap1-ssid in range (signal: -86.0 / -80.0)
INFO     [2021-05-31 08:16:14,717]: *** sta3-wlan1: Scan detected ap1-ssid in range (signal: -86.0 / -80.0)
INFO     [2021-05-31 08:16:14,736]: *** sta1-wlan1: Scan detected ap1-ssid in range (signal: -86.0 / -80.0)
INFO     [2021-05-31 08:16:15,724]: *** sta3-wlan1: Scan detected ap1-ssid in range (signal: -86.0 / -80.0)
INFO     [2021-05-31 08:16:15,742]: *** sta1-wlan1: Scan detected ap1-ssid in range (signal: -86.0 / -80.0)
INFO     [2021-05-31 08:16:15,773]: *** sta1-wlan1: Scanning for ap1-ssid
INFO     [2021-05-31 08:16:16,121]: *** sta3-wlan1: Scanning for ap1-ssid
INFO     [2021-05-31 08:16:16,751]: *** sta1-wlan1: Scan detected ap1-ssid in range (signal: -90.0 / -80.0)
INFO     [2021-05-31 08:16:17,760]: *** sta1-wlan1: Scan detected ap1-ssid in range (signal: -90.0 / -80.0)
INFO     [2021-05-31 08:16:18,764]: *** sta1-wlan1: Scan detected ap1-ssid in range (signal: -90.0 / -80.0)
INFO     [2021-05-31 08:16:19,770]: *** sta1-wlan1: Scan detected ap1-ssid in range (signal: -90.0 / -80.0)
INFO     [2021-05-31 08:16:20,775]: *** sta1-wlan1: Scan detected ap1-ssid in range (signal: -90.0 / -80.0)
INFO     [2021-05-31 08:16:21,785]: *** sta1-wlan1: Scan detected ap1-ssid in range (signal: -90.0 / -80.0)
INFO     [2021-05-31 08:16:22,593]: *** sta1-wlan1: Scanning for ap1-ssid
INFO     [2021-05-31 08:16:22,790]: *** sta1-wlan1: Scan detected ap1-ssid in range (signal: -85.0 / -80.0)
INFO     [2021-05-31 08:16:22,885]: *** sta3-wlan1: Scanning for ap1-ssid
INFO     [2021-05-31 08:16:23,796]: *** sta1-wlan1: Scan detected ap1-ssid in range (signal: -85.0 / -80.0)
INFO     [2021-05-31 08:16:24,802]: *** sta1-wlan1: Scan detected ap1-ssid in range (signal: -85.0 / -80.0)
INFO     [2021-05-31 08:16:25,815]: *** sta1-wlan1: Scan detected ap1-ssid in range (signal: -85.0 / -80.0)
INFO     [2021-05-31 08:16:26,822]: *** sta1-wlan1: Scan detected ap1-ssid in range (signal: -85.0 / -80.0)
INFO     [2021-05-31 08:16:27,829]: *** sta1-wlan1: Scan detected ap1-ssid in range (signal: -85.0 / -80.0)
INFO     [2021-05-31 08:16:28,834]: *** sta1-wlan1: Scan detected ap1-ssid in range (signal: -85.0 / -80.0)
INFO     [2021-05-31 08:16:29,538]: *** sta1-wlan1: Scanning for ap1-ssid
INFO     [2021-05-31 08:16:29,761]: *** sta3-wlan1: Scanning for ap1-ssid
INFO     [2021-05-31 08:16:29,838]: *** sta1-wlan1: Scan detected ap1-ssid in range (signal: -85.0 / -80.0)
INFO     [2021-05-31 08:16:30,846]: *** sta1-wlan1: Scan detected ap1-ssid in range (signal: -85.0 / -80.0)
INFO     [2021-05-31 08:16:31,851]: *** sta1-wlan1: Scan detected ap1-ssid in range (signal: -85.0 / -80.0)
INFO     [2021-05-31 08:16:32,857]: *** sta1-wlan1: Scan detected ap1-ssid in range (signal: -85.0 / -80.0)
INFO     [2021-05-31 08:16:33,863]: *** sta1-wlan1: Scan detected ap1-ssid in range (signal: -86.0 / -80.0)
INFO     [2021-05-31 08:16:34,911]: *** sta1-wlan1: Scan detected ap1-ssid in range (signal: -86.0 / -80.0)
INFO     [2021-05-31 08:16:35,917]: *** sta1-wlan1: Scan detected ap1-ssid in range (signal: -86.0 / -80.0)
INFO     [2021-05-31 08:16:36,299]: *** sta1-wlan1: Scanning for ap1-ssid
INFO     [2021-05-31 08:16:36,517]: *** sta3-wlan1: Scanning for ap1-ssid
INFO     [2021-05-31 08:16:36,923]: *** sta1-wlan1: Scan detected ap1-ssid in range (signal: -86.0 / -80.0)
INFO     [2021-05-31 08:16:37,934]: *** sta1-wlan1: Scan detected ap1-ssid in range (signal: -86.0 / -80.0)
INFO     [2021-05-31 08:16:38,941]: *** sta1-wlan1: Scan detected ap1-ssid in range (signal: -86.0 / -80.0)
INFO     [2021-05-31 08:16:39,958]: *** sta1-wlan1: Scan detected ap1-ssid in range (signal: -86.0 / -80.0)
INFO     [2021-05-31 08:16:41,001]: *** sta1-wlan1: Scan detected ap1-ssid in range (signal: -83.0 / -80.0)
INFO     [2021-05-31 08:16:42,006]: *** sta1-wlan1: Scan detected ap1-ssid in range (signal: -83.0 / -80.0)
INFO     [2021-05-31 08:16:43,025]: *** sta1-wlan1: Scan detected ap1-ssid in range (signal: -83.0 / -80.0)
INFO     [2021-05-31 08:16:43,166]: *** sta1-wlan1: Scanning for ap1-ssid
INFO     [2021-05-31 08:16:43,395]: *** sta3-wlan1: Scanning for ap1-ssid
INFO     [2021-05-31 08:16:44,038]: *** sta1-wlan1: Scan detected ap1-ssid in range (signal: -83.0 / -80.0)
INFO     [2021-05-31 08:16:45,045]: *** sta1-wlan1: Scan detected ap1-ssid in range (signal: -83.0 / -80.0)
INFO     [2021-05-31 08:16:46,052]: *** sta1-wlan1: Scan detected ap1-ssid in range (signal: -83.0 / -80.0)
INFO     [2021-05-31 08:16:47,060]: *** sta1-wlan1: Scan detected ap1-ssid in range (signal: -83.0 / -80.0)
INFO     [2021-05-31 08:16:48,064]: *** sta1-wlan1: Scan detected ap1-ssid in range (signal: -82.0 / -80.0)
INFO     [2021-05-31 08:16:49,083]: *** sta1-wlan1: Scan detected ap1-ssid in range (signal: -82.0 / -80.0)
INFO     [2021-05-31 08:16:50,097]: *** sta1-wlan1: Scan detected ap1-ssid in range (signal: -82.0 / -80.0)
INFO     [2021-05-31 08:16:50,156]: *** sta1-wlan1: Scanning for ap1-ssid
INFO     [2021-05-31 08:16:50,369]: *** sta3-wlan1: Scanning for ap1-ssid
INFO     [2021-05-31 08:16:51,109]: *** sta1-wlan1: Scan detected ap1-ssid in range (signal: -83.0 / -80.0)
INFO     [2021-05-31 08:16:52,125]: *** sta1-wlan1: Scan detected ap1-ssid in range (signal: -83.0 / -80.0)
INFO     [2021-05-31 08:16:53,141]: *** sta1-wlan1: Scan detected ap1-ssid in range (signal: -83.0 / -80.0)
INFO     [2021-05-31 08:16:54,146]: *** sta1-wlan1: Scan detected ap1-ssid in range (signal: -83.0 / -80.0)
INFO     [2021-05-31 08:16:55,152]: *** sta1-wlan1: Scan detected ap1-ssid in range (signal: -83.0 / -80.0)
INFO     [2021-05-31 08:16:56,158]: *** sta1-wlan1: Scan detected ap1-ssid in range (signal: -83.0 / -80.0)
INFO     [2021-05-31 08:16:57,006]: *** sta1-wlan1: Scanning for ap1-ssid
INFO     [2021-05-31 08:16:57,173]: *** sta1-wlan1: Scan detected ap1-ssid in range (signal: -81.0 / -80.0)
INFO     [2021-05-31 08:16:57,229]: *** sta3-wlan1: Scanning for ap1-ssid
INFO     [2021-05-31 08:16:58,182]: *** sta1-wlan1: Scan detected ap1-ssid in range (signal: -81.0 / -80.0)
INFO     [2021-05-31 08:16:59,198]: *** sta1-wlan1: Scan detected ap1-ssid in range (signal: -81.0 / -80.0)
INFO     [2021-05-31 08:17:00,204]: *** sta1-wlan1: Scan detected ap1-ssid in range (signal: -81.0 / -80.0)
INFO     [2021-05-31 08:17:01,210]: *** sta1-wlan1: Scan detected ap1-ssid in range (signal: -81.0 / -80.0)
INFO     [2021-05-31 08:17:02,215]: *** sta1-wlan1: Scan detected ap1-ssid in range (signal: -81.0 / -80.0)
INFO     [2021-05-31 08:17:03,233]: *** sta1-wlan1: Scan detected ap1-ssid in range (signal: -81.0 / -80.0)
INFO     [2021-05-31 08:17:03,958]: *** sta1-wlan1: Scanning for ap1-ssid
INFO     [2021-05-31 08:17:04,182]: *** sta3-wlan1: Scanning for ap1-ssid
INFO     [2021-05-31 08:17:04,240]: *** sta1-wlan1: Scan detected ap1-ssid in range (signal: -78.0 / -80.0)
INFO     [2021-05-31 08:17:08,045]: *** sta1-wlan0: Connected interface to ap1-ssid
INFO     [2021-05-31 08:17:10,950]: *** sta3-wlan1: Scanning for ap1-ssid
INFO     [2021-05-31 08:17:17,767]: *** sta3-wlan1: Scanning for ap1-ssid
INFO     [2021-05-31 08:17:24,580]: *** sta3-wlan1: Scanning for ap1-ssid
INFO     [2021-05-31 08:17:31,943]: *** sta3-wlan1: Scanning for ap1-ssid
INFO     [2021-05-31 08:17:39,057]: *** sta3-wlan1: Scanning for ap1-ssid
INFO     [2021-05-31 08:17:46,038]: *** sta3-wlan1: Scanning for ap1-ssid
INFO     [2021-05-31 08:17:52,909]: *** sta3-wlan1: Scanning for ap1-ssid
INFO     [2021-05-31 08:17:59,797]: *** sta3-wlan1: Scanning for ap1-ssid
INFO     [2021-05-31 08:18:06,770]: *** sta3-wlan1: Scanning for ap1-ssid
INFO     [2021-05-31 08:18:13,621]: *** sta3-wlan1: Scanning for ap1-ssid
INFO     [2021-05-31 08:18:20,911]: *** sta3-wlan1: Scanning for ap1-ssid
INFO     [2021-05-31 08:18:22,503]: *** sta1-wlan1: Scanner started. Searching for ap1-ssid with interval 3.0
