INFO     [2021-06-01 05:09:14,561]: *** sta1-wlan0: Started flexible_sdn.py
INFO     [2021-06-01 05:09:14,568]: *** sta1: Interface: sta1-wlan0, Scan-interface: sta1-wlan1
INFO     [2021-06-01 05:11:51,620]: *** sta1-wlan1: Scanner started. Searching for ap1-ssid with interval 1.0
INFO     [2021-06-01 05:11:52,623]: *** sta1-wlan1: Scanning for ap1-ssid
INFO     [2021-06-01 05:11:53,637]: *** sta1-wlan1: Scan detected ap1-ssid in range (signal: -89.0 / -82.0)
INFO     [2021-06-01 05:11:54,641]: *** sta1-wlan1: Scan detected ap1-ssid in range (signal: -89.0 / -82.0)
INFO     [2021-06-01 05:11:55,646]: *** sta1-wlan1: Scan detected ap1-ssid in range (signal: -89.0 / -82.0)
INFO     [2021-06-01 05:11:56,656]: *** sta1-wlan1: Scan detected ap1-ssid in range (signal: -89.0 / -82.0)
INFO     [2021-06-01 05:11:57,560]: *** sta1-wlan1: Scanning for ap1-ssid
INFO     [2021-06-01 05:11:57,662]: *** sta1-wlan1: Scan detected ap1-ssid in range (signal: -90.0 / -82.0)
INFO     [2021-06-01 05:11:58,666]: *** sta1-wlan1: Scan detected ap1-ssid in range (signal: -90.0 / -82.0)
INFO     [2021-06-01 05:11:59,671]: *** sta1-wlan1: Scan detected ap1-ssid in range (signal: -90.0 / -82.0)
INFO     [2021-06-01 05:12:00,677]: *** sta1-wlan1: Scan detected ap1-ssid in range (signal: -90.0 / -82.0)
INFO     [2021-06-01 05:12:01,682]: *** sta1-wlan1: Scan detected ap1-ssid in range (signal: -90.0 / -82.0)
INFO     [2021-06-01 05:12:02,687]: *** sta1-wlan1: Scan detected ap1-ssid in range (signal: -90.0 / -82.0)
INFO     [2021-06-01 05:12:02,817]: *** sta1-wlan1: Scanning for ap1-ssid
INFO     [2021-06-01 05:12:03,694]: *** sta1-wlan1: Scan detected ap1-ssid in range (signal: -89.0 / -82.0)
INFO     [2021-06-01 05:12:04,698]: *** sta1-wlan1: Scan detected ap1-ssid in range (signal: -89.0 / -82.0)
INFO     [2021-06-01 05:12:05,739]: *** sta1-wlan1: Scan detected ap1-ssid in range (signal: -89.0 / -82.0)
INFO     [2021-06-01 05:12:06,757]: *** sta1-wlan1: Scan detected ap1-ssid in range (signal: -89.0 / -82.0)
INFO     [2021-06-01 05:12:07,759]: *** sta1-wlan1: Scanning for ap1-ssid
INFO     [2021-06-01 05:12:07,762]: *** sta1-wlan1: Scan detected ap1-ssid in range (signal: -89.0 / -82.0)
INFO     [2021-06-01 05:12:08,768]: *** sta1-wlan1: Scan detected ap1-ssid in range (signal: -89.0 / -82.0)
INFO     [2021-06-01 05:12:09,772]: *** sta1-wlan1: Scan detected ap1-ssid in range (signal: -89.0 / -82.0)
INFO     [2021-06-01 05:12:10,781]: *** sta1-wlan1: Scan detected ap1-ssid in range (signal: -89.0 / -82.0)
INFO     [2021-06-01 05:12:11,791]: *** sta1-wlan1: Scan detected ap1-ssid in range (signal: -89.0 / -82.0)
INFO     [2021-06-01 05:12:12,522]: *** sta1-wlan1: Scanning for ap1-ssid
INFO     [2021-06-01 05:12:12,802]: *** sta1-wlan1: Scan detected ap1-ssid in range (signal: -89.0 / -82.0)
INFO     [2021-06-01 05:12:13,807]: *** sta1-wlan1: Scan detected ap1-ssid in range (signal: -89.0 / -82.0)
INFO     [2021-06-01 05:12:14,821]: *** sta1-wlan1: Scan detected ap1-ssid in range (signal: -89.0 / -82.0)
INFO     [2021-06-01 05:12:15,825]: *** sta1-wlan1: Scan detected ap1-ssid in range (signal: -89.0 / -82.0)
INFO     [2021-06-01 05:12:16,831]: *** sta1-wlan1: Scan detected ap1-ssid in range (signal: -89.0 / -82.0)
INFO     [2021-06-01 05:12:17,301]: *** sta1-wlan1: Scanning for ap1-ssid
INFO     [2021-06-01 05:12:17,839]: *** sta1-wlan1: Scan detected ap1-ssid in range (signal: -89.0 / -82.0)
INFO     [2021-06-01 05:12:18,844]: *** sta1-wlan1: Scan detected ap1-ssid in range (signal: -89.0 / -82.0)
INFO     [2021-06-01 05:12:19,851]: *** sta1-wlan1: Scan detected ap1-ssid in range (signal: -89.0 / -82.0)
INFO     [2021-06-01 05:12:20,856]: *** sta1-wlan1: Scan detected ap1-ssid in range (signal: -89.0 / -82.0)
INFO     [2021-06-01 05:12:21,862]: *** sta1-wlan1: Scan detected ap1-ssid in range (signal: -89.0 / -82.0)
INFO     [2021-06-01 05:12:22,150]: *** sta1-wlan1: Scanning for ap1-ssid
INFO     [2021-06-01 05:12:22,867]: *** sta1-wlan1: Scan detected ap1-ssid in range (signal: -89.0 / -82.0)
INFO     [2021-06-01 05:12:23,872]: *** sta1-wlan1: Scan detected ap1-ssid in range (signal: -89.0 / -82.0)
INFO     [2021-06-01 05:12:24,876]: *** sta1-wlan1: Scan detected ap1-ssid in range (signal: -89.0 / -82.0)
INFO     [2021-06-01 05:12:25,880]: *** sta1-wlan1: Scan detected ap1-ssid in range (signal: -89.0 / -82.0)
INFO     [2021-06-01 05:12:26,887]: *** sta1-wlan1: Scan detected ap1-ssid in range (signal: -89.0 / -82.0)
INFO     [2021-06-01 05:12:27,240]: *** sta1-wlan1: Scanning for ap1-ssid
INFO     [2021-06-01 05:12:27,892]: *** sta1-wlan1: Scan detected ap1-ssid in range (signal: -89.0 / -82.0)
INFO     [2021-06-01 05:12:28,897]: *** sta1-wlan1: Scan detected ap1-ssid in range (signal: -89.0 / -82.0)
INFO     [2021-06-01 05:12:29,982]: *** sta1-wlan1: Scan detected ap1-ssid in range (signal: -89.0 / -82.0)
INFO     [2021-06-01 05:12:30,987]: *** sta1-wlan1: Scan detected ap1-ssid in range (signal: -89.0 / -82.0)
INFO     [2021-06-01 05:12:31,992]: *** sta1-wlan1: Scan detected ap1-ssid in range (signal: -89.0 / -82.0)
INFO     [2021-06-01 05:12:32,175]: *** sta1-wlan1: Scanning for ap1-ssid
INFO     [2021-06-01 05:12:32,996]: *** sta1-wlan1: Scan detected ap1-ssid in range (signal: -89.0 / -82.0)
INFO     [2021-06-01 05:12:34,004]: *** sta1-wlan1: Scan detected ap1-ssid in range (signal: -89.0 / -82.0)
INFO     [2021-06-01 05:12:35,010]: *** sta1-wlan1: Scan detected ap1-ssid in range (signal: -89.0 / -82.0)
INFO     [2021-06-01 05:12:36,023]: *** sta1-wlan1: Scan detected ap1-ssid in range (signal: -89.0 / -82.0)
INFO     [2021-06-01 05:12:36,934]: *** sta1-wlan1: Scanning for ap1-ssid
INFO     [2021-06-01 05:12:41,773]: *** sta1-wlan1: Scanning for ap1-ssid
INFO     [2021-06-01 05:12:46,791]: *** sta1-wlan1: Scanning for ap1-ssid
INFO     [2021-06-01 05:12:51,730]: *** sta1-wlan1: Scanning for ap1-ssid
INFO     [2021-06-01 05:12:56,993]: *** sta1-wlan1: Scanning for ap1-ssid
INFO     [2021-06-01 05:13:02,059]: *** sta1-wlan1: Scanning for ap1-ssid
INFO     [2021-06-01 05:13:06,851]: *** sta1-wlan1: Scanning for ap1-ssid
INFO     [2021-06-01 05:13:12,121]: *** sta1-wlan1: Scanning for ap1-ssid
INFO     [2021-06-01 05:13:12,475]: *** sta1-wlan1: Scan detected ap1-ssid in range (signal: -90.0 / -82.0)
INFO     [2021-06-01 05:13:13,480]: *** sta1-wlan1: Scan detected ap1-ssid in range (signal: -90.0 / -82.0)
INFO     [2021-06-01 05:13:14,485]: *** sta1-wlan1: Scan detected ap1-ssid in range (signal: -90.0 / -82.0)
INFO     [2021-06-01 05:13:15,489]: *** sta1-wlan1: Scan detected ap1-ssid in range (signal: -90.0 / -82.0)
INFO     [2021-06-01 05:13:16,499]: *** sta1-wlan1: Scan detected ap1-ssid in range (signal: -90.0 / -82.0)
INFO     [2021-06-01 05:13:16,906]: *** sta1-wlan1: Scanning for ap1-ssid
INFO     [2021-06-01 05:13:17,504]: *** sta1-wlan1: Scan detected ap1-ssid in range (signal: -90.0 / -82.0)
INFO     [2021-06-01 05:13:18,509]: *** sta1-wlan1: Scan detected ap1-ssid in range (signal: -90.0 / -82.0)
INFO     [2021-06-01 05:13:19,515]: *** sta1-wlan1: Scan detected ap1-ssid in range (signal: -90.0 / -82.0)
INFO     [2021-06-01 05:13:20,520]: *** sta1-wlan1: Scan detected ap1-ssid in range (signal: -90.0 / -82.0)
INFO     [2021-06-01 05:13:21,526]: *** sta1-wlan1: Scan detected ap1-ssid in range (signal: -90.0 / -82.0)
INFO     [2021-06-01 05:13:21,821]: *** sta1-wlan1: Scanning for ap1-ssid
INFO     [2021-06-01 05:13:22,545]: *** sta1-wlan1: Scan detected ap1-ssid in range (signal: -90.0 / -82.0)
INFO     [2021-06-01 05:13:23,550]: *** sta1-wlan1: Scan detected ap1-ssid in range (signal: -90.0 / -82.0)
INFO     [2021-06-01 05:13:24,556]: *** sta1-wlan1: Scan detected ap1-ssid in range (signal: -90.0 / -82.0)
INFO     [2021-06-01 05:13:25,562]: *** sta1-wlan1: Scan detected ap1-ssid in range (signal: -90.0 / -82.0)
INFO     [2021-06-01 05:13:26,567]: *** sta1-wlan1: Scan detected ap1-ssid in range (signal: -90.0 / -82.0)
INFO     [2021-06-01 05:13:26,864]: *** sta1-wlan1: Scanning for ap1-ssid
INFO     [2021-06-01 05:13:27,572]: *** sta1-wlan1: Scan detected ap1-ssid in range (signal: -90.0 / -82.0)
INFO     [2021-06-01 05:13:28,577]: *** sta1-wlan1: Scan detected ap1-ssid in range (signal: -90.0 / -82.0)
INFO     [2021-06-01 05:13:29,595]: *** sta1-wlan1: Scan detected ap1-ssid in range (signal: -90.0 / -82.0)
INFO     [2021-06-01 05:13:30,602]: *** sta1-wlan1: Scan detected ap1-ssid in range (signal: -90.0 / -82.0)
INFO     [2021-06-01 05:13:31,606]: *** sta1-wlan1: Scan detected ap1-ssid in range (signal: -90.0 / -82.0)
INFO     [2021-06-01 05:13:31,614]: *** sta1-wlan1: Scanning for ap1-ssid
INFO     [2021-06-01 05:13:32,612]: *** sta1-wlan1: Scan detected ap1-ssid in range (signal: -90.0 / -82.0)
INFO     [2021-06-01 05:13:33,619]: *** sta1-wlan1: Scan detected ap1-ssid in range (signal: -90.0 / -82.0)
INFO     [2021-06-01 05:13:34,624]: *** sta1-wlan1: Scan detected ap1-ssid in range (signal: -90.0 / -82.0)
INFO     [2021-06-01 05:13:35,633]: *** sta1-wlan1: Scan detected ap1-ssid in range (signal: -90.0 / -82.0)
INFO     [2021-06-01 05:13:36,368]: *** sta1-wlan1: Scanning for ap1-ssid
INFO     [2021-06-01 05:13:36,638]: *** sta1-wlan1: Scan detected ap1-ssid in range (signal: -90.0 / -82.0)
INFO     [2021-06-01 05:13:37,646]: *** sta1-wlan1: Scan detected ap1-ssid in range (signal: -90.0 / -82.0)
INFO     [2021-06-01 05:13:38,650]: *** sta1-wlan1: Scan detected ap1-ssid in range (signal: -90.0 / -82.0)
INFO     [2021-06-01 05:13:39,655]: *** sta1-wlan1: Scan detected ap1-ssid in range (signal: -90.0 / -82.0)
INFO     [2021-06-01 05:13:40,661]: *** sta1-wlan1: Scan detected ap1-ssid in range (signal: -90.0 / -82.0)
INFO     [2021-06-01 05:13:41,239]: *** sta1-wlan1: Scanning for ap1-ssid
INFO     [2021-06-01 05:13:41,677]: *** sta1-wlan1: Scan detected ap1-ssid in range (signal: -90.0 / -82.0)
INFO     [2021-06-01 05:13:46,066]: *** sta1-wlan1: Scanning for ap1-ssid
INFO     [2021-06-01 05:13:51,213]: *** sta1-wlan1: Scanning for ap1-ssid
INFO     [2021-06-01 05:13:55,972]: *** sta1-wlan1: Scanning for ap1-ssid
INFO     [2021-06-01 05:14:01,130]: *** sta1-wlan1: Scanning for ap1-ssid
INFO     [2021-06-01 05:14:06,135]: *** sta1-wlan1: Scanning for ap1-ssid
INFO     [2021-06-01 05:14:10,922]: *** sta1-wlan1: Scanning for ap1-ssid
INFO     [2021-06-01 05:14:15,731]: *** sta1-wlan1: Scanning for ap1-ssid
INFO     [2021-06-01 05:14:20,484]: *** sta1-wlan1: Scanning for ap1-ssid
INFO     [2021-06-01 05:14:20,946]: *** sta1-wlan1: Scan detected ap1-ssid in range (signal: -90.0 / -82.0)
INFO     [2021-06-01 05:14:21,950]: *** sta1-wlan1: Scan detected ap1-ssid in range (signal: -90.0 / -82.0)
INFO     [2021-06-01 05:14:22,956]: *** sta1-wlan1: Scan detected ap1-ssid in range (signal: -90.0 / -82.0)
INFO     [2021-06-01 05:14:23,961]: *** sta1-wlan1: Scan detected ap1-ssid in range (signal: -90.0 / -82.0)
INFO     [2021-06-01 05:14:24,969]: *** sta1-wlan1: Scan detected ap1-ssid in range (signal: -90.0 / -82.0)
INFO     [2021-06-01 05:14:25,240]: *** sta1-wlan1: Scanning for ap1-ssid
INFO     [2021-06-01 05:14:25,975]: *** sta1-wlan1: Scan detected ap1-ssid in range (signal: -90.0 / -82.0)
INFO     [2021-06-01 05:14:26,981]: *** sta1-wlan1: Scan detected ap1-ssid in range (signal: -90.0 / -82.0)
INFO     [2021-06-01 05:14:27,986]: *** sta1-wlan1: Scan detected ap1-ssid in range (signal: -90.0 / -82.0)
INFO     [2021-06-01 05:14:28,992]: *** sta1-wlan1: Scan detected ap1-ssid in range (signal: -90.0 / -82.0)
INFO     [2021-06-01 05:14:30,000]: *** sta1-wlan1: Scan detected ap1-ssid in range (signal: -90.0 / -82.0)
INFO     [2021-06-01 05:14:30,216]: *** sta1-wlan1: Scanning for ap1-ssid
INFO     [2021-06-01 05:14:31,008]: *** sta1-wlan1: Scan detected ap1-ssid in range (signal: -89.0 / -82.0)
INFO     [2021-06-01 05:14:32,015]: *** sta1-wlan1: Scan detected ap1-ssid in range (signal: -89.0 / -82.0)
INFO     [2021-06-01 05:14:33,021]: *** sta1-wlan1: Scan detected ap1-ssid in range (signal: -89.0 / -82.0)
INFO     [2021-06-01 05:14:34,026]: *** sta1-wlan1: Scan detected ap1-ssid in range (signal: -89.0 / -82.0)
INFO     [2021-06-01 05:14:35,030]: *** sta1-wlan1: Scan detected ap1-ssid in range (signal: -89.0 / -82.0)
INFO     [2021-06-01 05:14:35,494]: *** sta1-wlan1: Scanning for ap1-ssid
INFO     [2021-06-01 05:14:36,036]: *** sta1-wlan1: Scan detected ap1-ssid in range (signal: -89.0 / -82.0)
INFO     [2021-06-01 05:14:37,041]: *** sta1-wlan1: Scan detected ap1-ssid in range (signal: -89.0 / -82.0)
INFO     [2021-06-01 05:14:38,049]: *** sta1-wlan1: Scan detected ap1-ssid in range (signal: -89.0 / -82.0)
INFO     [2021-06-01 05:14:39,060]: *** sta1-wlan1: Scan detected ap1-ssid in range (signal: -89.0 / -82.0)
INFO     [2021-06-01 05:14:40,068]: *** sta1-wlan1: Scan detected ap1-ssid in range (signal: -89.0 / -82.0)
INFO     [2021-06-01 05:14:40,291]: *** sta1-wlan1: Scanning for ap1-ssid
INFO     [2021-06-01 05:14:41,076]: *** sta1-wlan1: Scan detected ap1-ssid in range (signal: -89.0 / -82.0)
INFO     [2021-06-01 05:14:42,080]: *** sta1-wlan1: Scan detected ap1-ssid in range (signal: -89.0 / -82.0)
INFO     [2021-06-01 05:14:43,087]: *** sta1-wlan1: Scan detected ap1-ssid in range (signal: -89.0 / -82.0)
INFO     [2021-06-01 05:14:44,104]: *** sta1-wlan1: Scan detected ap1-ssid in range (signal: -89.0 / -82.0)
INFO     [2021-06-01 05:14:45,108]: *** sta1-wlan1: Scan detected ap1-ssid in range (signal: -89.0 / -82.0)
INFO     [2021-06-01 05:14:45,175]: *** sta1-wlan1: Scanning for ap1-ssid
INFO     [2021-06-01 05:14:46,113]: *** sta1-wlan1: Scan detected ap1-ssid in range (signal: -89.0 / -82.0)
INFO     [2021-06-01 05:14:47,119]: *** sta1-wlan1: Scan detected ap1-ssid in range (signal: -89.0 / -82.0)
INFO     [2021-06-01 05:14:48,123]: *** sta1-wlan1: Scan detected ap1-ssid in range (signal: -89.0 / -82.0)
INFO     [2021-06-01 05:14:49,129]: *** sta1-wlan1: Scan detected ap1-ssid in range (signal: -89.0 / -82.0)
INFO     [2021-06-01 05:14:49,987]: *** sta1-wlan1: Scanning for ap1-ssid
INFO     [2021-06-01 05:14:50,135]: *** sta1-wlan1: Scan detected ap1-ssid in range (signal: -89.0 / -82.0)
INFO     [2021-06-01 05:14:51,140]: *** sta1-wlan1: Scan detected ap1-ssid in range (signal: -89.0 / -82.0)
INFO     [2021-06-01 05:14:52,144]: *** sta1-wlan1: Scan detected ap1-ssid in range (signal: -89.0 / -82.0)
INFO     [2021-06-01 05:14:53,151]: *** sta1-wlan1: Scan detected ap1-ssid in range (signal: -89.0 / -82.0)
INFO     [2021-06-01 05:14:54,157]: *** sta1-wlan1: Scan detected ap1-ssid in range (signal: -89.0 / -82.0)
INFO     [2021-06-01 05:14:54,756]: *** sta1-wlan1: Scanning for ap1-ssid
INFO     [2021-06-01 05:14:55,161]: *** sta1-wlan1: Scan detected ap1-ssid in range (signal: -89.0 / -82.0)
INFO     [2021-06-01 05:14:56,166]: *** sta1-wlan1: Scan detected ap1-ssid in range (signal: -89.0 / -82.0)
INFO     [2021-06-01 05:14:57,173]: *** sta1-wlan1: Scan detected ap1-ssid in range (signal: -89.0 / -82.0)
INFO     [2021-06-01 05:14:58,177]: *** sta1-wlan1: Scan detected ap1-ssid in range (signal: -89.0 / -82.0)
INFO     [2021-06-01 05:14:59,191]: *** sta1-wlan1: Scan detected ap1-ssid in range (signal: -89.0 / -82.0)
INFO     [2021-06-01 05:14:59,564]: *** sta1-wlan1: Scanning for ap1-ssid
INFO     [2021-06-01 05:15:00,199]: *** sta1-wlan1: Scan detected ap1-ssid in range (signal: -89.0 / -82.0)
INFO     [2021-06-01 05:15:01,203]: *** sta1-wlan1: Scan detected ap1-ssid in range (signal: -89.0 / -82.0)
INFO     [2021-06-01 05:15:02,209]: *** sta1-wlan1: Scan detected ap1-ssid in range (signal: -89.0 / -82.0)
INFO     [2021-06-01 05:15:03,214]: *** sta1-wlan1: Scan detected ap1-ssid in range (signal: -89.0 / -82.0)
INFO     [2021-06-01 05:15:04,220]: *** sta1-wlan1: Scan detected ap1-ssid in range (signal: -89.0 / -82.0)
INFO     [2021-06-01 05:15:04,388]: *** sta1-wlan1: Scanning for ap1-ssid
INFO     [2021-06-01 05:15:09,216]: *** sta1-wlan1: Scanning for ap1-ssid
INFO     [2021-06-01 05:15:13,967]: *** sta1-wlan1: Scanning for ap1-ssid
INFO     [2021-06-01 05:15:18,935]: *** sta1-wlan1: Scanning for ap1-ssid
INFO     [2021-06-01 05:15:23,693]: *** sta1-wlan1: Scanning for ap1-ssid
INFO     [2021-06-01 05:15:28,436]: *** sta1-wlan1: Scanning for ap1-ssid
INFO     [2021-06-01 05:15:33,226]: *** sta1-wlan1: Scanning for ap1-ssid
INFO     [2021-06-01 05:15:38,024]: *** sta1-wlan1: Scanning for ap1-ssid
INFO     [2021-06-01 05:15:42,875]: *** sta1-wlan1: Scanning for ap1-ssid
INFO     [2021-06-01 05:15:47,686]: *** sta1-wlan1: Scanning for ap1-ssid
INFO     [2021-06-01 05:15:53,092]: *** sta1-wlan1: Scanning for ap1-ssid
INFO     [2021-06-01 05:15:57,965]: *** sta1-wlan1: Scanning for ap1-ssid
INFO     [2021-06-01 05:16:03,071]: *** sta1-wlan1: Scanning for ap1-ssid
INFO     [2021-06-01 05:16:07,936]: *** sta1-wlan1: Scanning for ap1-ssid
INFO     [2021-06-01 05:16:08,755]: *** sta1-wlan1: Scan detected ap1-ssid in range (signal: -88.0 / -82.0)
INFO     [2021-06-01 05:16:09,763]: *** sta1-wlan1: Scan detected ap1-ssid in range (signal: -88.0 / -82.0)
INFO     [2021-06-01 05:16:10,771]: *** sta1-wlan1: Scan detected ap1-ssid in range (signal: -88.0 / -82.0)
INFO     [2021-06-01 05:16:11,775]: *** sta1-wlan1: Scan detected ap1-ssid in range (signal: -88.0 / -82.0)
INFO     [2021-06-01 05:16:12,787]: *** sta1-wlan1: Scan detected ap1-ssid in range (signal: -88.0 / -82.0)
INFO     [2021-06-01 05:16:12,934]: *** sta1-wlan1: Scanning for ap1-ssid
INFO     [2021-06-01 05:16:13,793]: *** sta1-wlan1: Scan detected ap1-ssid in range (signal: -88.0 / -82.0)
INFO     [2021-06-01 05:16:14,798]: *** sta1-wlan1: Scan detected ap1-ssid in range (signal: -88.0 / -82.0)
INFO     [2021-06-01 05:16:15,803]: *** sta1-wlan1: Scan detected ap1-ssid in range (signal: -88.0 / -82.0)
INFO     [2021-06-01 05:16:16,813]: *** sta1-wlan1: Scan detected ap1-ssid in range (signal: -88.0 / -82.0)
INFO     [2021-06-01 05:16:17,737]: *** sta1-wlan1: Scanning for ap1-ssid
INFO     [2021-06-01 05:16:17,827]: *** sta1-wlan1: Scan detected ap1-ssid in range (signal: -88.0 / -82.0)
INFO     [2021-06-01 05:16:18,833]: *** sta1-wlan1: Scan detected ap1-ssid in range (signal: -88.0 / -82.0)
INFO     [2021-06-01 05:16:19,837]: *** sta1-wlan1: Scan detected ap1-ssid in range (signal: -88.0 / -82.0)
INFO     [2021-06-01 05:16:20,843]: *** sta1-wlan1: Scan detected ap1-ssid in range (signal: -88.0 / -82.0)
INFO     [2021-06-01 05:16:21,848]: *** sta1-wlan1: Scan detected ap1-ssid in range (signal: -88.0 / -82.0)
INFO     [2021-06-01 05:16:22,516]: *** sta1-wlan1: Scanning for ap1-ssid
INFO     [2021-06-01 05:16:22,853]: *** sta1-wlan1: Scan detected ap1-ssid in range (signal: -88.0 / -82.0)
INFO     [2021-06-01 05:16:23,858]: *** sta1-wlan1: Scan detected ap1-ssid in range (signal: -88.0 / -82.0)
INFO     [2021-06-01 05:16:24,862]: *** sta1-wlan1: Scan detected ap1-ssid in range (signal: -88.0 / -82.0)
INFO     [2021-06-01 05:16:25,868]: *** sta1-wlan1: Scan detected ap1-ssid in range (signal: -88.0 / -82.0)
INFO     [2021-06-01 05:16:26,876]: *** sta1-wlan1: Scan detected ap1-ssid in range (signal: -88.0 / -82.0)
INFO     [2021-06-01 05:16:27,265]: *** sta1-wlan1: Scanning for ap1-ssid
INFO     [2021-06-01 05:16:27,880]: *** sta1-wlan1: Scan detected ap1-ssid in range (signal: -88.0 / -82.0)
INFO     [2021-06-01 05:16:28,885]: *** sta1-wlan1: Scan detected ap1-ssid in range (signal: -88.0 / -82.0)
INFO     [2021-06-01 05:16:29,891]: *** sta1-wlan1: Scan detected ap1-ssid in range (signal: -88.0 / -82.0)
INFO     [2021-06-01 05:16:30,898]: *** sta1-wlan1: Scan detected ap1-ssid in range (signal: -88.0 / -82.0)
INFO     [2021-06-01 05:16:31,903]: *** sta1-wlan1: Scan detected ap1-ssid in range (signal: -88.0 / -82.0)
INFO     [2021-06-01 05:16:32,117]: *** sta1-wlan1: Scanning for ap1-ssid
INFO     [2021-06-01 05:16:32,910]: *** sta1-wlan1: Scan detected ap1-ssid in range (signal: -88.0 / -82.0)
INFO     [2021-06-01 05:16:33,914]: *** sta1-wlan1: Scan detected ap1-ssid in range (signal: -88.0 / -82.0)
INFO     [2021-06-01 05:16:34,918]: *** sta1-wlan1: Scan detected ap1-ssid in range (signal: -88.0 / -82.0)
INFO     [2021-06-01 05:16:35,927]: *** sta1-wlan1: Scan detected ap1-ssid in range (signal: -88.0 / -82.0)
INFO     [2021-06-01 05:16:36,924]: *** sta1-wlan1: Scanning for ap1-ssid
INFO     [2021-06-01 05:16:36,947]: *** sta1-wlan1: Scan detected ap1-ssid in range (signal: -88.0 / -82.0)
INFO     [2021-06-01 05:16:37,953]: *** sta1-wlan1: Scan detected ap1-ssid in range (signal: -88.0 / -82.0)
INFO     [2021-06-01 05:16:41,731]: *** sta1-wlan1: Scanning for ap1-ssid
INFO     [2021-06-01 05:16:46,535]: *** sta1-wlan1: Scanning for ap1-ssid
INFO     [2021-06-01 05:16:51,513]: *** sta1-wlan1: Scanning for ap1-ssid
INFO     [2021-06-01 05:16:56,540]: *** sta1-wlan1: Scanning for ap1-ssid
INFO     [2021-06-01 05:17:01,509]: *** sta1-wlan1: Scanning for ap1-ssid
INFO     [2021-06-01 05:17:06,328]: *** sta1-wlan1: Scanning for ap1-ssid
INFO     [2021-06-01 05:17:07,153]: *** sta1-wlan1: Scan detected ap1-ssid in range (signal: -90.0 / -82.0)
INFO     [2021-06-01 05:17:08,159]: *** sta1-wlan1: Scan detected ap1-ssid in range (signal: -90.0 / -82.0)
INFO     [2021-06-01 05:17:09,163]: *** sta1-wlan1: Scan detected ap1-ssid in range (signal: -90.0 / -82.0)
INFO     [2021-06-01 05:17:10,179]: *** sta1-wlan1: Scan detected ap1-ssid in range (signal: -90.0 / -82.0)
INFO     [2021-06-01 05:17:11,180]: *** sta1-wlan1: Scanning for ap1-ssid
INFO     [2021-06-01 05:17:11,189]: *** sta1-wlan1: Scan detected ap1-ssid in range (signal: -90.0 / -82.0)
INFO     [2021-06-01 05:17:12,194]: *** sta1-wlan1: Scan detected ap1-ssid in range (signal: -90.0 / -82.0)
INFO     [2021-06-01 05:17:13,199]: *** sta1-wlan1: Scan detected ap1-ssid in range (signal: -90.0 / -82.0)
INFO     [2021-06-01 05:17:14,206]: *** sta1-wlan1: Scan detected ap1-ssid in range (signal: -90.0 / -82.0)
INFO     [2021-06-01 05:17:15,211]: *** sta1-wlan1: Scan detected ap1-ssid in range (signal: -90.0 / -82.0)
INFO     [2021-06-01 05:17:15,985]: *** sta1-wlan1: Scanning for ap1-ssid
INFO     [2021-06-01 05:17:16,217]: *** sta1-wlan1: Scan detected ap1-ssid in range (signal: -90.0 / -82.0)
INFO     [2021-06-01 05:17:17,225]: *** sta1-wlan1: Scan detected ap1-ssid in range (signal: -90.0 / -82.0)
INFO     [2021-06-01 05:17:18,231]: *** sta1-wlan1: Scan detected ap1-ssid in range (signal: -90.0 / -82.0)
INFO     [2021-06-01 05:17:19,237]: *** sta1-wlan1: Scan detected ap1-ssid in range (signal: -90.0 / -82.0)
INFO     [2021-06-01 05:17:20,241]: *** sta1-wlan1: Scan detected ap1-ssid in range (signal: -90.0 / -82.0)
INFO     [2021-06-01 05:17:20,760]: *** sta1-wlan1: Scanning for ap1-ssid
INFO     [2021-06-01 05:17:21,249]: *** sta1-wlan1: Scan detected ap1-ssid in range (signal: -90.0 / -82.0)
INFO     [2021-06-01 05:17:22,254]: *** sta1-wlan1: Scan detected ap1-ssid in range (signal: -90.0 / -82.0)
INFO     [2021-06-01 05:17:23,263]: *** sta1-wlan1: Scan detected ap1-ssid in range (signal: -90.0 / -82.0)
INFO     [2021-06-01 05:17:24,270]: *** sta1-wlan1: Scan detected ap1-ssid in range (signal: -90.0 / -82.0)
INFO     [2021-06-01 05:17:25,275]: *** sta1-wlan1: Scan detected ap1-ssid in range (signal: -90.0 / -82.0)
INFO     [2021-06-01 05:17:25,501]: *** sta1-wlan1: Scanning for ap1-ssid
INFO     [2021-06-01 05:17:26,288]: *** sta1-wlan1: Scan detected ap1-ssid in range (signal: -90.0 / -82.0)
INFO     [2021-06-01 05:17:27,297]: *** sta1-wlan1: Scan detected ap1-ssid in range (signal: -90.0 / -82.0)
INFO     [2021-06-01 05:17:28,301]: *** sta1-wlan1: Scan detected ap1-ssid in range (signal: -90.0 / -82.0)
INFO     [2021-06-01 05:17:29,306]: *** sta1-wlan1: Scan detected ap1-ssid in range (signal: -90.0 / -82.0)
INFO     [2021-06-01 05:17:30,284]: *** sta1-wlan1: Scanning for ap1-ssid
INFO     [2021-06-01 05:17:30,310]: *** sta1-wlan1: Scan detected ap1-ssid in range (signal: -87.0 / -82.0)
INFO     [2021-06-01 05:17:31,315]: *** sta1-wlan1: Scan detected ap1-ssid in range (signal: -85.0 / -82.0)
INFO     [2021-06-01 05:17:32,330]: *** sta1-wlan1: Scan detected ap1-ssid in range (signal: -85.0 / -82.0)
INFO     [2021-06-01 05:17:33,336]: *** sta1-wlan1: Scan detected ap1-ssid in range (signal: -85.0 / -82.0)
INFO     [2021-06-01 05:17:34,348]: *** sta1-wlan1: Scan detected ap1-ssid in range (signal: -85.0 / -82.0)
INFO     [2021-06-01 05:17:35,216]: *** sta1-wlan1: Scanning for ap1-ssid
INFO     [2021-06-01 05:17:35,353]: *** sta1-wlan1: Scan detected ap1-ssid in range (signal: -87.0 / -82.0)
INFO     [2021-06-01 05:17:36,365]: *** sta1-wlan1: Scan detected ap1-ssid in range (signal: -87.0 / -82.0)
INFO     [2021-06-01 05:17:37,369]: *** sta1-wlan1: Scan detected ap1-ssid in range (signal: -87.0 / -82.0)
INFO     [2021-06-01 05:17:38,375]: *** sta1-wlan1: Scan detected ap1-ssid in range (signal: -87.0 / -82.0)
INFO     [2021-06-01 05:17:39,379]: *** sta1-wlan1: Scan detected ap1-ssid in range (signal: -87.0 / -82.0)
INFO     [2021-06-01 05:17:39,969]: *** sta1-wlan1: Scanning for ap1-ssid
INFO     [2021-06-01 05:17:40,384]: *** sta1-wlan1: Scan detected ap1-ssid in range (signal: -89.0 / -82.0)
INFO     [2021-06-01 05:17:41,388]: *** sta1-wlan1: Scan detected ap1-ssid in range (signal: -89.0 / -82.0)
INFO     [2021-06-01 05:17:42,395]: *** sta1-wlan1: Scan detected ap1-ssid in range (signal: -89.0 / -82.0)
INFO     [2021-06-01 05:17:43,400]: *** sta1-wlan1: Scan detected ap1-ssid in range (signal: -89.0 / -82.0)
INFO     [2021-06-01 05:17:44,404]: *** sta1-wlan1: Scan detected ap1-ssid in range (signal: -89.0 / -82.0)
INFO     [2021-06-01 05:17:44,724]: *** sta1-wlan1: Scanning for ap1-ssid
INFO     [2021-06-01 05:17:45,408]: *** sta1-wlan1: Scan detected ap1-ssid in range (signal: -82.0 / -82.0)
INFO     [2021-06-01 05:17:49,414]: *** sta1-wlan0: Connected interface to ap1-ssid
