INFO     [2021-05-31 06:04:51,324]: *** sta1-wlan0: Started flexible_sdn.py
INFO     [2021-05-31 06:04:51,327]: *** sta1: Interface: sta1-wlan0, Scan-interface: sta1-wlan1
INFO     [2021-05-31 06:04:51,329]: *** sta3-wlan0: Started flexible_sdn.py
INFO     [2021-05-31 06:04:51,332]: *** sta3: Interface: sta3-wlan0, Scan-interface: sta3-wlan1
INFO     [2021-05-31 06:07:08,289]: *** sta1-wlan1: Scanner started. Searching for ap1-ssid with interval 3.0
INFO     [2021-05-31 06:07:08,292]: *** sta3-wlan1: Scanner started. Searching for ap1-ssid with interval 3.0
INFO     [2021-05-31 06:07:11,293]: *** sta1-wlan1: Scanning for ap1-ssid
INFO     [2021-05-31 06:07:11,294]: *** sta3-wlan1: Scanning for ap1-ssid
INFO     [2021-05-31 06:07:12,316]: *** sta1-wlan1: Scan detected ap1-ssid in range (signal: -89.0 / -80.0)
INFO     [2021-05-31 06:07:12,316]: *** sta3-wlan1: Scan detected ap1-ssid in range (signal: -85.0 / -80.0)
INFO     [2021-05-31 06:07:13,320]: *** sta1-wlan1: Scan detected ap1-ssid in range (signal: -89.0 / -80.0)
INFO     [2021-05-31 06:07:13,321]: *** sta3-wlan1: Scan detected ap1-ssid in range (signal: -85.0 / -80.0)
INFO     [2021-05-31 06:07:14,328]: *** sta3-wlan1: Scan detected ap1-ssid in range (signal: -85.0 / -80.0)
INFO     [2021-05-31 06:07:14,328]: *** sta1-wlan1: Scan detected ap1-ssid in range (signal: -89.0 / -80.0)
INFO     [2021-05-31 06:07:15,361]: *** sta3-wlan1: Scan detected ap1-ssid in range (signal: -86.0 / -80.0)
INFO     [2021-05-31 06:07:15,366]: *** sta1-wlan1: Scan detected ap1-ssid in range (signal: -88.0 / -80.0)
INFO     [2021-05-31 06:07:16,387]: *** sta1-wlan1: Scan detected ap1-ssid in range (signal: -88.0 / -80.0)
INFO     [2021-05-31 06:07:16,388]: *** sta3-wlan1: Scan detected ap1-ssid in range (signal: -86.0 / -80.0)
INFO     [2021-05-31 06:07:17,399]: *** sta1-wlan1: Scan detected ap1-ssid in range (signal: -88.0 / -80.0)
INFO     [2021-05-31 06:07:17,401]: *** sta3-wlan1: Scan detected ap1-ssid in range (signal: -86.0 / -80.0)
INFO     [2021-05-31 06:07:18,129]: *** sta1-wlan1: Scanning for ap1-ssid
INFO     [2021-05-31 06:07:18,129]: *** sta3-wlan1: Scanning for ap1-ssid
INFO     [2021-05-31 06:07:18,405]: *** sta1-wlan1: Scan detected ap1-ssid in range (signal: -88.0 / -80.0)
INFO     [2021-05-31 06:07:18,407]: *** sta3-wlan1: Scan detected ap1-ssid in range (signal: -87.0 / -80.0)
INFO     [2021-05-31 06:07:19,409]: *** sta1-wlan1: Scan detected ap1-ssid in range (signal: -88.0 / -80.0)
INFO     [2021-05-31 06:07:19,412]: *** sta3-wlan1: Scan detected ap1-ssid in range (signal: -87.0 / -80.0)
INFO     [2021-05-31 06:07:20,414]: *** sta1-wlan1: Scan detected ap1-ssid in range (signal: -88.0 / -80.0)
INFO     [2021-05-31 06:07:20,417]: *** sta3-wlan1: Scan detected ap1-ssid in range (signal: -87.0 / -80.0)
INFO     [2021-05-31 06:07:21,419]: *** sta1-wlan1: Scan detected ap1-ssid in range (signal: -88.0 / -80.0)
INFO     [2021-05-31 06:07:21,420]: *** sta3-wlan1: Scan detected ap1-ssid in range (signal: -87.0 / -80.0)
INFO     [2021-05-31 06:07:22,427]: *** sta3-wlan1: Scan detected ap1-ssid in range (signal: -87.0 / -80.0)
INFO     [2021-05-31 06:07:22,428]: *** sta1-wlan1: Scan detected ap1-ssid in range (signal: -88.0 / -80.0)
INFO     [2021-05-31 06:07:23,432]: *** sta1-wlan1: Scan detected ap1-ssid in range (signal: -88.0 / -80.0)
INFO     [2021-05-31 06:07:23,434]: *** sta3-wlan1: Scan detected ap1-ssid in range (signal: -87.0 / -80.0)
INFO     [2021-05-31 06:07:24,438]: *** sta1-wlan1: Scan detected ap1-ssid in range (signal: -88.0 / -80.0)
INFO     [2021-05-31 06:07:24,439]: *** sta3-wlan1: Scan detected ap1-ssid in range (signal: -87.0 / -80.0)
INFO     [2021-05-31 06:07:24,973]: *** sta1-wlan1: Scanning for ap1-ssid
INFO     [2021-05-31 06:07:24,973]: *** sta3-wlan1: Scanning for ap1-ssid
INFO     [2021-05-31 06:07:25,442]: *** sta1-wlan1: Scan detected ap1-ssid in range (signal: -88.0 / -80.0)
INFO     [2021-05-31 06:07:25,444]: *** sta3-wlan1: Scan detected ap1-ssid in range (signal: -88.0 / -80.0)
INFO     [2021-05-31 06:07:26,448]: *** sta1-wlan1: Scan detected ap1-ssid in range (signal: -88.0 / -80.0)
INFO     [2021-05-31 06:07:26,450]: *** sta3-wlan1: Scan detected ap1-ssid in range (signal: -88.0 / -80.0)
INFO     [2021-05-31 06:07:27,453]: *** sta1-wlan1: Scan detected ap1-ssid in range (signal: -88.0 / -80.0)
INFO     [2021-05-31 06:07:27,455]: *** sta3-wlan1: Scan detected ap1-ssid in range (signal: -88.0 / -80.0)
INFO     [2021-05-31 06:07:28,458]: *** sta1-wlan1: Scan detected ap1-ssid in range (signal: -88.0 / -80.0)
INFO     [2021-05-31 06:07:28,459]: *** sta3-wlan1: Scan detected ap1-ssid in range (signal: -88.0 / -80.0)
INFO     [2021-05-31 06:07:29,464]: *** sta3-wlan1: Scan detected ap1-ssid in range (signal: -88.0 / -80.0)
INFO     [2021-05-31 06:07:29,465]: *** sta1-wlan1: Scan detected ap1-ssid in range (signal: -88.0 / -80.0)
INFO     [2021-05-31 06:07:30,469]: *** sta3-wlan1: Scan detected ap1-ssid in range (signal: -88.0 / -80.0)
INFO     [2021-05-31 06:07:30,471]: *** sta1-wlan1: Scan detected ap1-ssid in range (signal: -88.0 / -80.0)
INFO     [2021-05-31 06:07:31,474]: *** sta3-wlan1: Scan detected ap1-ssid in range (signal: -88.0 / -80.0)
INFO     [2021-05-31 06:07:31,476]: *** sta1-wlan1: Scan detected ap1-ssid in range (signal: -88.0 / -80.0)
INFO     [2021-05-31 06:07:31,713]: *** sta3-wlan1: Scanning for ap1-ssid
INFO     [2021-05-31 06:07:31,713]: *** sta1-wlan1: Scanning for ap1-ssid
INFO     [2021-05-31 06:07:32,488]: *** sta3-wlan1: Scan detected ap1-ssid in range (signal: -88.0 / -80.0)
INFO     [2021-05-31 06:07:32,491]: *** sta1-wlan1: Scan detected ap1-ssid in range (signal: -83.0 / -80.0)
INFO     [2021-05-31 06:07:33,493]: *** sta3-wlan1: Scan detected ap1-ssid in range (signal: -88.0 / -80.0)
INFO     [2021-05-31 06:07:33,496]: *** sta1-wlan1: Scan detected ap1-ssid in range (signal: -83.0 / -80.0)
INFO     [2021-05-31 06:07:34,497]: *** sta3-wlan1: Scan detected ap1-ssid in range (signal: -88.0 / -80.0)
INFO     [2021-05-31 06:07:34,501]: *** sta1-wlan1: Scan detected ap1-ssid in range (signal: -83.0 / -80.0)
INFO     [2021-05-31 06:07:35,501]: *** sta3-wlan1: Scan detected ap1-ssid in range (signal: -88.0 / -80.0)
INFO     [2021-05-31 06:07:35,507]: *** sta1-wlan1: Scan detected ap1-ssid in range (signal: -83.0 / -80.0)
INFO     [2021-05-31 06:07:36,505]: *** sta3-wlan1: Scan detected ap1-ssid in range (signal: -88.0 / -80.0)
INFO     [2021-05-31 06:07:36,512]: *** sta1-wlan1: Scan detected ap1-ssid in range (signal: -83.0 / -80.0)
INFO     [2021-05-31 06:07:37,510]: *** sta3-wlan1: Scan detected ap1-ssid in range (signal: -88.0 / -80.0)
INFO     [2021-05-31 06:07:37,517]: *** sta1-wlan1: Scan detected ap1-ssid in range (signal: -83.0 / -80.0)
INFO     [2021-05-31 06:07:38,511]: *** sta3-wlan1: Scanning for ap1-ssid
INFO     [2021-05-31 06:07:38,513]: *** sta1-wlan1: Scanning for ap1-ssid
INFO     [2021-05-31 06:07:38,516]: *** sta3-wlan1: Scan detected ap1-ssid in range (signal: -88.0 / -80.0)
INFO     [2021-05-31 06:07:38,529]: *** sta1-wlan1: Scan detected ap1-ssid in range (signal: -83.0 / -80.0)
INFO     [2021-05-31 06:07:39,520]: *** sta3-wlan1: Scan detected ap1-ssid in range (signal: -88.0 / -80.0)
INFO     [2021-05-31 06:07:39,533]: *** sta1-wlan1: Scan detected ap1-ssid in range (signal: -83.0 / -80.0)
INFO     [2021-05-31 06:07:40,523]: *** sta3-wlan1: Scan detected ap1-ssid in range (signal: -88.0 / -80.0)
INFO     [2021-05-31 06:07:40,542]: *** sta1-wlan1: Scan detected ap1-ssid in range (signal: -83.0 / -80.0)
INFO     [2021-05-31 06:07:41,531]: *** sta3-wlan1: Scan detected ap1-ssid in range (signal: -88.0 / -80.0)
INFO     [2021-05-31 06:07:41,548]: *** sta1-wlan1: Scan detected ap1-ssid in range (signal: -83.0 / -80.0)
INFO     [2021-05-31 06:07:42,539]: *** sta3-wlan1: Scan detected ap1-ssid in range (signal: -88.0 / -80.0)
INFO     [2021-05-31 06:07:42,553]: *** sta1-wlan1: Scan detected ap1-ssid in range (signal: -83.0 / -80.0)
INFO     [2021-05-31 06:07:43,544]: *** sta3-wlan1: Scan detected ap1-ssid in range (signal: -88.0 / -80.0)
INFO     [2021-05-31 06:07:43,558]: *** sta1-wlan1: Scan detected ap1-ssid in range (signal: -83.0 / -80.0)
INFO     [2021-05-31 06:07:44,551]: *** sta3-wlan1: Scan detected ap1-ssid in range (signal: -88.0 / -80.0)
INFO     [2021-05-31 06:07:44,563]: *** sta1-wlan1: Scan detected ap1-ssid in range (signal: -83.0 / -80.0)
INFO     [2021-05-31 06:07:45,357]: *** sta1-wlan1: Scanning for ap1-ssid
INFO     [2021-05-31 06:07:45,357]: *** sta3-wlan1: Scanning for ap1-ssid
INFO     [2021-05-31 06:07:45,558]: *** sta3-wlan1: Scan detected ap1-ssid in range (signal: -88.0 / -80.0)
INFO     [2021-05-31 06:07:45,569]: *** sta1-wlan1: Scan detected ap1-ssid in range (signal: -83.0 / -80.0)
INFO     [2021-05-31 06:07:46,563]: *** sta3-wlan1: Scan detected ap1-ssid in range (signal: -88.0 / -80.0)
INFO     [2021-05-31 06:07:46,572]: *** sta1-wlan1: Scan detected ap1-ssid in range (signal: -83.0 / -80.0)
INFO     [2021-05-31 06:07:47,568]: *** sta3-wlan1: Scan detected ap1-ssid in range (signal: -88.0 / -80.0)
INFO     [2021-05-31 06:07:47,577]: *** sta1-wlan1: Scan detected ap1-ssid in range (signal: -83.0 / -80.0)
INFO     [2021-05-31 06:07:48,573]: *** sta3-wlan1: Scan detected ap1-ssid in range (signal: -88.0 / -80.0)
INFO     [2021-05-31 06:07:48,581]: *** sta1-wlan1: Scan detected ap1-ssid in range (signal: -83.0 / -80.0)
INFO     [2021-05-31 06:07:49,578]: *** sta3-wlan1: Scan detected ap1-ssid in range (signal: -88.0 / -80.0)
INFO     [2021-05-31 06:07:49,588]: *** sta1-wlan1: Scan detected ap1-ssid in range (signal: -83.0 / -80.0)
INFO     [2021-05-31 06:07:50,586]: *** sta3-wlan1: Scan detected ap1-ssid in range (signal: -88.0 / -80.0)
INFO     [2021-05-31 06:07:50,592]: *** sta1-wlan1: Scan detected ap1-ssid in range (signal: -83.0 / -80.0)
INFO     [2021-05-31 06:07:51,591]: *** sta3-wlan1: Scan detected ap1-ssid in range (signal: -88.0 / -80.0)
INFO     [2021-05-31 06:07:51,597]: *** sta1-wlan1: Scan detected ap1-ssid in range (signal: -83.0 / -80.0)
INFO     [2021-05-31 06:07:52,126]: *** sta1-wlan1: Scanning for ap1-ssid
INFO     [2021-05-31 06:07:52,126]: *** sta3-wlan1: Scanning for ap1-ssid
INFO     [2021-05-31 06:07:52,596]: *** sta3-wlan1: Scan detected ap1-ssid in range (signal: -88.0 / -80.0)
INFO     [2021-05-31 06:07:52,601]: *** sta1-wlan1: Scan detected ap1-ssid in range (signal: -83.0 / -80.0)
INFO     [2021-05-31 06:07:53,600]: *** sta3-wlan1: Scan detected ap1-ssid in range (signal: -88.0 / -80.0)
INFO     [2021-05-31 06:07:53,606]: *** sta1-wlan1: Scan detected ap1-ssid in range (signal: -83.0 / -80.0)
INFO     [2021-05-31 06:07:54,605]: *** sta3-wlan1: Scan detected ap1-ssid in range (signal: -88.0 / -80.0)
INFO     [2021-05-31 06:07:54,617]: *** sta1-wlan1: Scan detected ap1-ssid in range (signal: -83.0 / -80.0)
INFO     [2021-05-31 06:07:55,610]: *** sta3-wlan1: Scan detected ap1-ssid in range (signal: -88.0 / -80.0)
INFO     [2021-05-31 06:07:55,636]: *** sta1-wlan1: Scan detected ap1-ssid in range (signal: -83.0 / -80.0)
INFO     [2021-05-31 06:07:56,622]: *** sta3-wlan1: Scan detected ap1-ssid in range (signal: -88.0 / -80.0)
INFO     [2021-05-31 06:07:56,643]: *** sta1-wlan1: Scan detected ap1-ssid in range (signal: -83.0 / -80.0)
INFO     [2021-05-31 06:07:57,627]: *** sta3-wlan1: Scan detected ap1-ssid in range (signal: -88.0 / -80.0)
INFO     [2021-05-31 06:07:57,648]: *** sta1-wlan1: Scan detected ap1-ssid in range (signal: -83.0 / -80.0)
INFO     [2021-05-31 06:07:58,632]: *** sta3-wlan1: Scan detected ap1-ssid in range (signal: -88.0 / -80.0)
INFO     [2021-05-31 06:07:58,656]: *** sta1-wlan1: Scan detected ap1-ssid in range (signal: -83.0 / -80.0)
INFO     [2021-05-31 06:07:58,887]: *** sta1-wlan1: Scanning for ap1-ssid
INFO     [2021-05-31 06:07:58,889]: *** sta3-wlan1: Scanning for ap1-ssid
INFO     [2021-05-31 06:07:59,637]: *** sta3-wlan1: Scan detected ap1-ssid in range (signal: -88.0 / -80.0)
INFO     [2021-05-31 06:07:59,660]: *** sta1-wlan1: Scan detected ap1-ssid in range (signal: -83.0 / -80.0)
INFO     [2021-05-31 06:08:00,651]: *** sta3-wlan1: Scan detected ap1-ssid in range (signal: -88.0 / -80.0)
INFO     [2021-05-31 06:08:00,669]: *** sta1-wlan1: Scan detected ap1-ssid in range (signal: -83.0 / -80.0)
INFO     [2021-05-31 06:08:01,659]: *** sta3-wlan1: Scan detected ap1-ssid in range (signal: -88.0 / -80.0)
INFO     [2021-05-31 06:08:01,673]: *** sta1-wlan1: Scan detected ap1-ssid in range (signal: -83.0 / -80.0)
INFO     [2021-05-31 06:08:02,673]: *** sta3-wlan1: Scan detected ap1-ssid in range (signal: -88.0 / -80.0)
INFO     [2021-05-31 06:08:03,681]: *** sta3-wlan1: Scan detected ap1-ssid in range (signal: -88.0 / -80.0)
INFO     [2021-05-31 06:08:04,690]: *** sta3-wlan1: Scan detected ap1-ssid in range (signal: -88.0 / -80.0)
INFO     [2021-05-31 06:08:05,643]: *** sta3-wlan1: Scanning for ap1-ssid
INFO     [2021-05-31 06:08:05,643]: *** sta1-wlan1: Scanning for ap1-ssid
INFO     [2021-05-31 06:08:12,401]: *** sta1-wlan1: Scanning for ap1-ssid
INFO     [2021-05-31 06:08:12,402]: *** sta3-wlan1: Scanning for ap1-ssid
INFO     [2021-05-31 06:08:19,154]: *** sta3-wlan1: Scanning for ap1-ssid
INFO     [2021-05-31 06:08:19,158]: *** sta1-wlan1: Scanning for ap1-ssid
INFO     [2021-05-31 06:08:25,976]: *** sta3-wlan1: Scanning for ap1-ssid
INFO     [2021-05-31 06:08:26,006]: *** sta1-wlan1: Scanning for ap1-ssid
INFO     [2021-05-31 06:08:26,810]: *** sta1-wlan1: Scan detected ap1-ssid in range (signal: -89.0 / -80.0)
INFO     [2021-05-31 06:08:27,817]: *** sta1-wlan1: Scan detected ap1-ssid in range (signal: -89.0 / -80.0)
INFO     [2021-05-31 06:08:28,820]: *** sta1-wlan1: Scan detected ap1-ssid in range (signal: -89.0 / -80.0)
INFO     [2021-05-31 06:08:29,824]: *** sta1-wlan1: Scan detected ap1-ssid in range (signal: -89.0 / -80.0)
INFO     [2021-05-31 06:08:30,830]: *** sta1-wlan1: Scan detected ap1-ssid in range (signal: -89.0 / -80.0)
INFO     [2021-05-31 06:08:31,835]: *** sta1-wlan1: Scan detected ap1-ssid in range (signal: -89.0 / -80.0)
INFO     [2021-05-31 06:08:32,844]: *** sta1-wlan1: Scan detected ap1-ssid in range (signal: -89.0 / -80.0)
INFO     [2021-05-31 06:08:33,110]: *** sta3-wlan1: Scanning for ap1-ssid
INFO     [2021-05-31 06:08:33,111]: *** sta1-wlan1: Scanning for ap1-ssid
INFO     [2021-05-31 06:08:33,850]: *** sta1-wlan1: Scan detected ap1-ssid in range (signal: -89.0 / -80.0)
INFO     [2021-05-31 06:08:34,857]: *** sta1-wlan1: Scan detected ap1-ssid in range (signal: -89.0 / -80.0)
INFO     [2021-05-31 06:08:35,864]: *** sta1-wlan1: Scan detected ap1-ssid in range (signal: -89.0 / -80.0)
INFO     [2021-05-31 06:08:36,871]: *** sta1-wlan1: Scan detected ap1-ssid in range (signal: -89.0 / -80.0)
INFO     [2021-05-31 06:08:37,876]: *** sta1-wlan1: Scan detected ap1-ssid in range (signal: -89.0 / -80.0)
INFO     [2021-05-31 06:08:38,880]: *** sta1-wlan1: Scan detected ap1-ssid in range (signal: -89.0 / -80.0)
INFO     [2021-05-31 06:08:39,890]: *** sta1-wlan1: Scan detected ap1-ssid in range (signal: -89.0 / -80.0)
INFO     [2021-05-31 06:08:39,926]: *** sta1-wlan1: Scanning for ap1-ssid
INFO     [2021-05-31 06:08:39,926]: *** sta3-wlan1: Scanning for ap1-ssid
INFO     [2021-05-31 06:08:40,907]: *** sta1-wlan1: Scan detected ap1-ssid in range (signal: -89.0 / -80.0)
INFO     [2021-05-31 06:08:41,914]: *** sta1-wlan1: Scan detected ap1-ssid in range (signal: -89.0 / -80.0)
INFO     [2021-05-31 06:08:42,920]: *** sta1-wlan1: Scan detected ap1-ssid in range (signal: -89.0 / -80.0)
INFO     [2021-05-31 06:08:43,937]: *** sta1-wlan1: Scan detected ap1-ssid in range (signal: -89.0 / -80.0)
INFO     [2021-05-31 06:08:44,949]: *** sta1-wlan1: Scan detected ap1-ssid in range (signal: -89.0 / -80.0)
INFO     [2021-05-31 06:08:45,953]: *** sta1-wlan1: Scan detected ap1-ssid in range (signal: -89.0 / -80.0)
INFO     [2021-05-31 06:08:46,705]: *** sta1-wlan1: Scanning for ap1-ssid
INFO     [2021-05-31 06:08:46,706]: *** sta3-wlan1: Scanning for ap1-ssid
INFO     [2021-05-31 06:08:46,968]: *** sta1-wlan1: Scan detected ap1-ssid in range (signal: -89.0 / -80.0)
INFO     [2021-05-31 06:08:47,973]: *** sta1-wlan1: Scan detected ap1-ssid in range (signal: -89.0 / -80.0)
INFO     [2021-05-31 06:08:48,982]: *** sta1-wlan1: Scan detected ap1-ssid in range (signal: -89.0 / -80.0)
INFO     [2021-05-31 06:08:50,009]: *** sta1-wlan1: Scan detected ap1-ssid in range (signal: -89.0 / -80.0)
INFO     [2021-05-31 06:08:51,034]: *** sta1-wlan1: Scan detected ap1-ssid in range (signal: -89.0 / -80.0)
INFO     [2021-05-31 06:08:52,044]: *** sta1-wlan1: Scan detected ap1-ssid in range (signal: -89.0 / -80.0)
INFO     [2021-05-31 06:08:53,049]: *** sta1-wlan1: Scan detected ap1-ssid in range (signal: -89.0 / -80.0)
INFO     [2021-05-31 06:08:53,522]: *** sta1-wlan1: Scanning for ap1-ssid
INFO     [2021-05-31 06:08:53,522]: *** sta3-wlan1: Scanning for ap1-ssid
INFO     [2021-05-31 06:08:54,055]: *** sta1-wlan1: Scan detected ap1-ssid in range (signal: -89.0 / -80.0)
INFO     [2021-05-31 06:08:55,060]: *** sta1-wlan1: Scan detected ap1-ssid in range (signal: -89.0 / -80.0)
INFO     [2021-05-31 06:08:56,065]: *** sta1-wlan1: Scan detected ap1-ssid in range (signal: -89.0 / -80.0)
INFO     [2021-05-31 06:08:57,069]: *** sta1-wlan1: Scan detected ap1-ssid in range (signal: -89.0 / -80.0)
INFO     [2021-05-31 06:08:58,074]: *** sta1-wlan1: Scan detected ap1-ssid in range (signal: -89.0 / -80.0)
INFO     [2021-05-31 06:08:59,080]: *** sta1-wlan1: Scan detected ap1-ssid in range (signal: -89.0 / -80.0)
INFO     [2021-05-31 06:09:00,085]: *** sta1-wlan1: Scan detected ap1-ssid in range (signal: -89.0 / -80.0)
INFO     [2021-05-31 06:09:00,276]: *** sta3-wlan1: Scanning for ap1-ssid
INFO     [2021-05-31 06:09:00,278]: *** sta1-wlan1: Scanning for ap1-ssid
INFO     [2021-05-31 06:09:07,083]: *** sta1-wlan1: Scanning for ap1-ssid
INFO     [2021-05-31 06:09:07,084]: *** sta3-wlan1: Scanning for ap1-ssid
INFO     [2021-05-31 06:09:13,909]: *** sta3-wlan1: Scanning for ap1-ssid
INFO     [2021-05-31 06:09:13,909]: *** sta1-wlan1: Scanning for ap1-ssid
INFO     [2021-05-31 06:09:20,655]: *** sta1-wlan1: Scanning for ap1-ssid
INFO     [2021-05-31 06:09:20,658]: *** sta3-wlan1: Scanning for ap1-ssid
INFO     [2021-05-31 06:09:27,417]: *** sta3-wlan1: Scanning for ap1-ssid
INFO     [2021-05-31 06:09:27,418]: *** sta1-wlan1: Scanning for ap1-ssid
INFO     [2021-05-31 06:09:28,252]: *** sta1-wlan1: Scan detected ap1-ssid in range (signal: -89.0 / -80.0)
INFO     [2021-05-31 06:09:29,257]: *** sta1-wlan1: Scan detected ap1-ssid in range (signal: -89.0 / -80.0)
INFO     [2021-05-31 06:09:30,261]: *** sta1-wlan1: Scan detected ap1-ssid in range (signal: -89.0 / -80.0)
INFO     [2021-05-31 06:09:31,281]: *** sta1-wlan1: Scan detected ap1-ssid in range (signal: -89.0 / -80.0)
INFO     [2021-05-31 06:09:32,286]: *** sta1-wlan1: Scan detected ap1-ssid in range (signal: -89.0 / -80.0)
INFO     [2021-05-31 06:09:33,290]: *** sta1-wlan1: Scan detected ap1-ssid in range (signal: -89.0 / -80.0)
INFO     [2021-05-31 06:09:34,222]: *** sta1-wlan1: Scanning for ap1-ssid
INFO     [2021-05-31 06:09:34,225]: *** sta3-wlan1: Scanning for ap1-ssid
INFO     [2021-05-31 06:09:34,294]: *** sta1-wlan1: Scan detected ap1-ssid in range (signal: -89.0 / -80.0)
INFO     [2021-05-31 06:09:35,299]: *** sta1-wlan1: Scan detected ap1-ssid in range (signal: -89.0 / -80.0)
INFO     [2021-05-31 06:09:36,304]: *** sta1-wlan1: Scan detected ap1-ssid in range (signal: -89.0 / -80.0)
INFO     [2021-05-31 06:09:37,309]: *** sta1-wlan1: Scan detected ap1-ssid in range (signal: -89.0 / -80.0)
INFO     [2021-05-31 06:09:38,314]: *** sta1-wlan1: Scan detected ap1-ssid in range (signal: -89.0 / -80.0)
INFO     [2021-05-31 06:09:39,319]: *** sta1-wlan1: Scan detected ap1-ssid in range (signal: -89.0 / -80.0)
INFO     [2021-05-31 06:09:40,324]: *** sta1-wlan1: Scan detected ap1-ssid in range (signal: -89.0 / -80.0)
INFO     [2021-05-31 06:09:41,156]: *** sta3-wlan1: Scanning for ap1-ssid
INFO     [2021-05-31 06:09:41,156]: *** sta1-wlan1: Scanning for ap1-ssid
INFO     [2021-05-31 06:09:41,334]: *** sta1-wlan1: Scan detected ap1-ssid in range (signal: -89.0 / -80.0)
INFO     [2021-05-31 06:09:42,348]: *** sta1-wlan1: Scan detected ap1-ssid in range (signal: -89.0 / -80.0)
INFO     [2021-05-31 06:09:43,353]: *** sta1-wlan1: Scan detected ap1-ssid in range (signal: -89.0 / -80.0)
INFO     [2021-05-31 06:09:44,357]: *** sta1-wlan1: Scan detected ap1-ssid in range (signal: -89.0 / -80.0)
INFO     [2021-05-31 06:09:45,364]: *** sta1-wlan1: Scan detected ap1-ssid in range (signal: -89.0 / -80.0)
INFO     [2021-05-31 06:09:46,368]: *** sta1-wlan1: Scan detected ap1-ssid in range (signal: -89.0 / -80.0)
INFO     [2021-05-31 06:09:47,380]: *** sta1-wlan1: Scan detected ap1-ssid in range (signal: -89.0 / -80.0)
INFO     [2021-05-31 06:09:48,057]: *** sta3-wlan1: Scanning for ap1-ssid
INFO     [2021-05-31 06:09:48,058]: *** sta1-wlan1: Scanning for ap1-ssid
INFO     [2021-05-31 06:09:48,384]: *** sta1-wlan1: Scan detected ap1-ssid in range (signal: -89.0 / -80.0)
INFO     [2021-05-31 06:09:49,389]: *** sta1-wlan1: Scan detected ap1-ssid in range (signal: -89.0 / -80.0)
INFO     [2021-05-31 06:09:50,393]: *** sta1-wlan1: Scan detected ap1-ssid in range (signal: -89.0 / -80.0)
INFO     [2021-05-31 06:09:51,411]: *** sta1-wlan1: Scan detected ap1-ssid in range (signal: -89.0 / -80.0)
INFO     [2021-05-31 06:09:52,416]: *** sta1-wlan1: Scan detected ap1-ssid in range (signal: -89.0 / -80.0)
INFO     [2021-05-31 06:09:53,420]: *** sta1-wlan1: Scan detected ap1-ssid in range (signal: -89.0 / -80.0)
INFO     [2021-05-31 06:09:54,424]: *** sta1-wlan1: Scan detected ap1-ssid in range (signal: -89.0 / -80.0)
INFO     [2021-05-31 06:09:54,841]: *** sta3-wlan1: Scanning for ap1-ssid
INFO     [2021-05-31 06:09:54,842]: *** sta1-wlan1: Scanning for ap1-ssid
INFO     [2021-05-31 06:09:55,451]: *** sta1-wlan1: Scan detected ap1-ssid in range (signal: -89.0 / -80.0)
INFO     [2021-05-31 06:09:56,457]: *** sta1-wlan1: Scan detected ap1-ssid in range (signal: -89.0 / -80.0)
INFO     [2021-05-31 06:09:57,468]: *** sta1-wlan1: Scan detected ap1-ssid in range (signal: -89.0 / -80.0)
INFO     [2021-05-31 06:09:58,474]: *** sta1-wlan1: Scan detected ap1-ssid in range (signal: -89.0 / -80.0)
INFO     [2021-05-31 06:09:59,479]: *** sta1-wlan1: Scan detected ap1-ssid in range (signal: -89.0 / -80.0)
INFO     [2021-05-31 06:10:00,484]: *** sta1-wlan1: Scan detected ap1-ssid in range (signal: -89.0 / -80.0)
INFO     [2021-05-31 06:10:01,488]: *** sta1-wlan1: Scan detected ap1-ssid in range (signal: -89.0 / -80.0)
INFO     [2021-05-31 06:10:02,084]: *** sta1-wlan1: Scanning for ap1-ssid
INFO     [2021-05-31 06:10:02,085]: *** sta3-wlan1: Scanning for ap1-ssid
INFO     [2021-05-31 06:10:02,493]: *** sta1-wlan1: Scan detected ap1-ssid in range (signal: -89.0 / -80.0)
INFO     [2021-05-31 06:10:03,499]: *** sta1-wlan1: Scan detected ap1-ssid in range (signal: -89.0 / -80.0)
INFO     [2021-05-31 06:10:04,504]: *** sta1-wlan1: Scan detected ap1-ssid in range (signal: -89.0 / -80.0)
INFO     [2021-05-31 06:10:05,509]: *** sta1-wlan1: Scan detected ap1-ssid in range (signal: -89.0 / -80.0)
INFO     [2021-05-31 06:10:06,517]: *** sta1-wlan1: Scan detected ap1-ssid in range (signal: -89.0 / -80.0)
INFO     [2021-05-31 06:10:07,599]: *** sta1-wlan1: Scan detected ap1-ssid in range (signal: -89.0 / -80.0)
INFO     [2021-05-31 06:10:08,608]: *** sta1-wlan1: Scan detected ap1-ssid in range (signal: -89.0 / -80.0)
INFO     [2021-05-31 06:10:08,827]: *** sta3-wlan1: Scanning for ap1-ssid
INFO     [2021-05-31 06:10:08,830]: *** sta1-wlan1: Scanning for ap1-ssid
INFO     [2021-05-31 06:10:09,613]: *** sta1-wlan1: Scan detected ap1-ssid in range (signal: -89.0 / -80.0)
INFO     [2021-05-31 06:10:10,618]: *** sta1-wlan1: Scan detected ap1-ssid in range (signal: -89.0 / -80.0)
INFO     [2021-05-31 06:10:11,631]: *** sta1-wlan1: Scan detected ap1-ssid in range (signal: -89.0 / -80.0)
INFO     [2021-05-31 06:10:12,640]: *** sta1-wlan1: Scan detected ap1-ssid in range (signal: -89.0 / -80.0)
INFO     [2021-05-31 06:10:13,643]: *** sta1-wlan1: Scan detected ap1-ssid in range (signal: -89.0 / -80.0)
INFO     [2021-05-31 06:10:14,648]: *** sta1-wlan1: Scan detected ap1-ssid in range (signal: -89.0 / -80.0)
INFO     [2021-05-31 06:10:15,658]: *** sta1-wlan1: Scan detected ap1-ssid in range (signal: -89.0 / -80.0)
INFO     [2021-05-31 06:10:15,661]: *** sta1-wlan1: Scanning for ap1-ssid
INFO     [2021-05-31 06:10:15,661]: *** sta3-wlan1: Scanning for ap1-ssid
INFO     [2021-05-31 06:10:16,663]: *** sta1-wlan1: Scan detected ap1-ssid in range (signal: -89.0 / -80.0)
INFO     [2021-05-31 06:10:17,673]: *** sta1-wlan1: Scan detected ap1-ssid in range (signal: -89.0 / -80.0)
INFO     [2021-05-31 06:10:18,677]: *** sta1-wlan1: Scan detected ap1-ssid in range (signal: -89.0 / -80.0)
INFO     [2021-05-31 06:10:19,681]: *** sta1-wlan1: Scan detected ap1-ssid in range (signal: -89.0 / -80.0)
INFO     [2021-05-31 06:10:20,685]: *** sta1-wlan1: Scan detected ap1-ssid in range (signal: -89.0 / -80.0)
INFO     [2021-05-31 06:10:21,689]: *** sta1-wlan1: Scan detected ap1-ssid in range (signal: -89.0 / -80.0)
INFO     [2021-05-31 06:10:22,558]: *** sta3-wlan1: Scanning for ap1-ssid
INFO     [2021-05-31 06:10:22,558]: *** sta1-wlan1: Scanning for ap1-ssid
INFO     [2021-05-31 06:10:22,699]: *** sta1-wlan1: Scan detected ap1-ssid in range (signal: -90.0 / -80.0)
INFO     [2021-05-31 06:10:23,705]: *** sta1-wlan1: Scan detected ap1-ssid in range (signal: -90.0 / -80.0)
INFO     [2021-05-31 06:10:24,711]: *** sta1-wlan1: Scan detected ap1-ssid in range (signal: -90.0 / -80.0)
INFO     [2021-05-31 06:10:25,734]: *** sta1-wlan1: Scan detected ap1-ssid in range (signal: -90.0 / -80.0)
INFO     [2021-05-31 06:10:26,741]: *** sta1-wlan1: Scan detected ap1-ssid in range (signal: -90.0 / -80.0)
INFO     [2021-05-31 06:10:27,744]: *** sta1-wlan1: Scan detected ap1-ssid in range (signal: -90.0 / -80.0)
INFO     [2021-05-31 06:10:28,756]: *** sta1-wlan1: Scan detected ap1-ssid in range (signal: -90.0 / -80.0)
INFO     [2021-05-31 06:10:29,501]: *** sta3-wlan1: Scanning for ap1-ssid
INFO     [2021-05-31 06:10:29,501]: *** sta1-wlan1: Scanning for ap1-ssid
INFO     [2021-05-31 06:10:29,761]: *** sta1-wlan1: Scan detected ap1-ssid in range (signal: -90.0 / -80.0)
INFO     [2021-05-31 06:10:30,766]: *** sta1-wlan1: Scan detected ap1-ssid in range (signal: -90.0 / -80.0)
INFO     [2021-05-31 06:10:31,771]: *** sta1-wlan1: Scan detected ap1-ssid in range (signal: -90.0 / -80.0)
INFO     [2021-05-31 06:10:32,775]: *** sta1-wlan1: Scan detected ap1-ssid in range (signal: -90.0 / -80.0)
INFO     [2021-05-31 06:10:33,780]: *** sta1-wlan1: Scan detected ap1-ssid in range (signal: -90.0 / -80.0)
INFO     [2021-05-31 06:10:34,785]: *** sta1-wlan1: Scan detected ap1-ssid in range (signal: -90.0 / -80.0)
INFO     [2021-05-31 06:10:35,795]: *** sta1-wlan1: Scan detected ap1-ssid in range (signal: -90.0 / -80.0)
INFO     [2021-05-31 06:10:36,274]: *** sta1-wlan1: Scanning for ap1-ssid
INFO     [2021-05-31 06:10:36,277]: *** sta3-wlan1: Scanning for ap1-ssid
INFO     [2021-05-31 06:10:36,800]: *** sta1-wlan1: Scan detected ap1-ssid in range (signal: -90.0 / -80.0)
INFO     [2021-05-31 06:10:37,807]: *** sta1-wlan1: Scan detected ap1-ssid in range (signal: -90.0 / -80.0)
INFO     [2021-05-31 06:10:38,813]: *** sta1-wlan1: Scan detected ap1-ssid in range (signal: -90.0 / -80.0)
INFO     [2021-05-31 06:10:39,817]: *** sta1-wlan1: Scan detected ap1-ssid in range (signal: -90.0 / -80.0)
INFO     [2021-05-31 06:10:40,821]: *** sta1-wlan1: Scan detected ap1-ssid in range (signal: -90.0 / -80.0)
INFO     [2021-05-31 06:10:41,829]: *** sta1-wlan1: Scan detected ap1-ssid in range (signal: -90.0 / -80.0)
INFO     [2021-05-31 06:10:42,834]: *** sta1-wlan1: Scan detected ap1-ssid in range (signal: -90.0 / -80.0)
INFO     [2021-05-31 06:10:43,135]: *** sta3-wlan1: Scanning for ap1-ssid
INFO     [2021-05-31 06:10:43,135]: *** sta1-wlan1: Scanning for ap1-ssid
INFO     [2021-05-31 06:10:43,841]: *** sta1-wlan1: Scan detected ap1-ssid in range (signal: -90.0 / -80.0)
INFO     [2021-05-31 06:10:44,845]: *** sta1-wlan1: Scan detected ap1-ssid in range (signal: -90.0 / -80.0)
INFO     [2021-05-31 06:10:45,854]: *** sta1-wlan1: Scan detected ap1-ssid in range (signal: -90.0 / -80.0)
INFO     [2021-05-31 06:10:46,859]: *** sta1-wlan1: Scan detected ap1-ssid in range (signal: -90.0 / -80.0)
INFO     [2021-05-31 06:10:47,863]: *** sta1-wlan1: Scan detected ap1-ssid in range (signal: -90.0 / -80.0)
INFO     [2021-05-31 06:10:48,869]: *** sta1-wlan1: Scan detected ap1-ssid in range (signal: -90.0 / -80.0)
INFO     [2021-05-31 06:10:49,891]: *** sta1-wlan1: Scan detected ap1-ssid in range (signal: -90.0 / -80.0)
INFO     [2021-05-31 06:10:50,089]: *** sta3-wlan1: Scanning for ap1-ssid
INFO     [2021-05-31 06:10:50,089]: *** sta1-wlan1: Scanning for ap1-ssid
INFO     [2021-05-31 06:10:50,897]: *** sta1-wlan1: Scan detected ap1-ssid in range (signal: -90.0 / -80.0)
INFO     [2021-05-31 06:10:51,900]: *** sta1-wlan1: Scan detected ap1-ssid in range (signal: -90.0 / -80.0)
INFO     [2021-05-31 06:10:52,906]: *** sta1-wlan1: Scan detected ap1-ssid in range (signal: -90.0 / -80.0)
INFO     [2021-05-31 06:10:53,911]: *** sta1-wlan1: Scan detected ap1-ssid in range (signal: -90.0 / -80.0)
INFO     [2021-05-31 06:10:54,915]: *** sta1-wlan1: Scan detected ap1-ssid in range (signal: -90.0 / -80.0)
INFO     [2021-05-31 06:10:55,921]: *** sta1-wlan1: Scan detected ap1-ssid in range (signal: -90.0 / -80.0)
INFO     [2021-05-31 06:10:56,870]: *** sta1-wlan1: Scanning for ap1-ssid
INFO     [2021-05-31 06:10:56,871]: *** sta3-wlan1: Scanning for ap1-ssid
INFO     [2021-05-31 06:11:03,654]: *** sta3-wlan1: Scanning for ap1-ssid
INFO     [2021-05-31 06:11:03,654]: *** sta1-wlan1: Scanning for ap1-ssid
INFO     [2021-05-31 06:11:10,526]: *** sta1-wlan1: Scanning for ap1-ssid
INFO     [2021-05-31 06:11:10,537]: *** sta3-wlan1: Scanning for ap1-ssid
INFO     [2021-05-31 06:11:17,340]: *** sta3-wlan1: Scanning for ap1-ssid
INFO     [2021-05-31 06:11:17,341]: *** sta1-wlan1: Scanning for ap1-ssid
INFO     [2021-05-31 06:11:24,265]: *** sta3-wlan1: Scanning for ap1-ssid
INFO     [2021-05-31 06:11:24,265]: *** sta1-wlan1: Scanning for ap1-ssid
INFO     [2021-05-31 06:11:25,101]: *** sta3-wlan1: Scan detected ap1-ssid in range (signal: -90.0 / -80.0)
INFO     [2021-05-31 06:11:26,106]: *** sta3-wlan1: Scan detected ap1-ssid in range (signal: -90.0 / -80.0)
INFO     [2021-05-31 06:11:27,119]: *** sta3-wlan1: Scan detected ap1-ssid in range (signal: -90.0 / -80.0)
INFO     [2021-05-31 06:11:28,125]: *** sta3-wlan1: Scan detected ap1-ssid in range (signal: -90.0 / -80.0)
INFO     [2021-05-31 06:11:29,129]: *** sta3-wlan1: Scan detected ap1-ssid in range (signal: -90.0 / -80.0)
INFO     [2021-05-31 06:11:30,134]: *** sta3-wlan1: Scan detected ap1-ssid in range (signal: -90.0 / -80.0)
INFO     [2021-05-31 06:11:31,041]: *** sta1-wlan1: Scanning for ap1-ssid
INFO     [2021-05-31 06:11:31,041]: *** sta3-wlan1: Scanning for ap1-ssid
INFO     [2021-05-31 06:11:31,139]: *** sta3-wlan1: Scan detected ap1-ssid in range (signal: -90.0 / -80.0)
INFO     [2021-05-31 06:11:32,143]: *** sta3-wlan1: Scan detected ap1-ssid in range (signal: -90.0 / -80.0)
INFO     [2021-05-31 06:11:33,147]: *** sta3-wlan1: Scan detected ap1-ssid in range (signal: -90.0 / -80.0)
INFO     [2021-05-31 06:11:34,152]: *** sta3-wlan1: Scan detected ap1-ssid in range (signal: -90.0 / -80.0)
INFO     [2021-05-31 06:11:35,160]: *** sta3-wlan1: Scan detected ap1-ssid in range (signal: -90.0 / -80.0)
INFO     [2021-05-31 06:11:36,171]: *** sta3-wlan1: Scan detected ap1-ssid in range (signal: -90.0 / -80.0)
INFO     [2021-05-31 06:11:37,178]: *** sta3-wlan1: Scan detected ap1-ssid in range (signal: -90.0 / -80.0)
INFO     [2021-05-31 06:11:37,785]: *** sta3-wlan1: Scanning for ap1-ssid
INFO     [2021-05-31 06:11:37,786]: *** sta1-wlan1: Scanning for ap1-ssid
INFO     [2021-05-31 06:11:38,182]: *** sta3-wlan1: Scan detected ap1-ssid in range (signal: -90.0 / -80.0)
INFO     [2021-05-31 06:11:39,192]: *** sta3-wlan1: Scan detected ap1-ssid in range (signal: -90.0 / -80.0)
INFO     [2021-05-31 06:11:40,225]: *** sta3-wlan1: Scan detected ap1-ssid in range (signal: -90.0 / -80.0)
INFO     [2021-05-31 06:11:41,231]: *** sta3-wlan1: Scan detected ap1-ssid in range (signal: -90.0 / -80.0)
INFO     [2021-05-31 06:11:42,236]: *** sta3-wlan1: Scan detected ap1-ssid in range (signal: -90.0 / -80.0)
INFO     [2021-05-31 06:11:43,241]: *** sta3-wlan1: Scan detected ap1-ssid in range (signal: -90.0 / -80.0)
INFO     [2021-05-31 06:11:44,246]: *** sta3-wlan1: Scan detected ap1-ssid in range (signal: -90.0 / -80.0)
INFO     [2021-05-31 06:11:44,721]: *** sta3-wlan1: Scanning for ap1-ssid
INFO     [2021-05-31 06:11:44,723]: *** sta1-wlan1: Scanning for ap1-ssid
INFO     [2021-05-31 06:11:45,249]: *** sta1-wlan1: Scan detected ap1-ssid in range (signal: -90.0 / -80.0)
INFO     [2021-05-31 06:11:45,251]: *** sta3-wlan1: Scan detected ap1-ssid in range (signal: -90.0 / -80.0)
INFO     [2021-05-31 06:11:46,254]: *** sta1-wlan1: Scan detected ap1-ssid in range (signal: -90.0 / -80.0)
INFO     [2021-05-31 06:11:46,256]: *** sta3-wlan1: Scan detected ap1-ssid in range (signal: -90.0 / -80.0)
INFO     [2021-05-31 06:11:47,261]: *** sta1-wlan1: Scan detected ap1-ssid in range (signal: -90.0 / -80.0)
INFO     [2021-05-31 06:11:47,264]: *** sta3-wlan1: Scan detected ap1-ssid in range (signal: -90.0 / -80.0)
INFO     [2021-05-31 06:11:48,278]: *** sta3-wlan1: Scan detected ap1-ssid in range (signal: -90.0 / -80.0)
INFO     [2021-05-31 06:11:48,279]: *** sta1-wlan1: Scan detected ap1-ssid in range (signal: -90.0 / -80.0)
INFO     [2021-05-31 06:11:49,283]: *** sta3-wlan1: Scan detected ap1-ssid in range (signal: -90.0 / -80.0)
INFO     [2021-05-31 06:11:49,284]: *** sta1-wlan1: Scan detected ap1-ssid in range (signal: -90.0 / -80.0)
INFO     [2021-05-31 06:11:50,294]: *** sta3-wlan1: Scan detected ap1-ssid in range (signal: -90.0 / -80.0)
INFO     [2021-05-31 06:11:50,295]: *** sta1-wlan1: Scan detected ap1-ssid in range (signal: -90.0 / -80.0)
INFO     [2021-05-31 06:11:51,304]: *** sta1-wlan1: Scan detected ap1-ssid in range (signal: -90.0 / -80.0)
INFO     [2021-05-31 06:11:51,304]: *** sta3-wlan1: Scan detected ap1-ssid in range (signal: -90.0 / -80.0)
INFO     [2021-05-31 06:11:51,537]: *** sta3-wlan1: Scanning for ap1-ssid
INFO     [2021-05-31 06:11:51,538]: *** sta1-wlan1: Scanning for ap1-ssid
INFO     [2021-05-31 06:11:52,308]: *** sta1-wlan1: Scan detected ap1-ssid in range (signal: -90.0 / -80.0)
INFO     [2021-05-31 06:11:52,310]: *** sta3-wlan1: Scan detected ap1-ssid in range (signal: -90.0 / -80.0)
INFO     [2021-05-31 06:11:53,312]: *** sta1-wlan1: Scan detected ap1-ssid in range (signal: -90.0 / -80.0)
INFO     [2021-05-31 06:11:53,315]: *** sta3-wlan1: Scan detected ap1-ssid in range (signal: -90.0 / -80.0)
INFO     [2021-05-31 06:11:54,317]: *** sta1-wlan1: Scan detected ap1-ssid in range (signal: -90.0 / -80.0)
INFO     [2021-05-31 06:11:55,331]: *** sta1-wlan1: Scan detected ap1-ssid in range (signal: -90.0 / -80.0)
INFO     [2021-05-31 06:11:56,337]: *** sta1-wlan1: Scan detected ap1-ssid in range (signal: -90.0 / -80.0)
INFO     [2021-05-31 06:11:57,342]: *** sta1-wlan1: Scan detected ap1-ssid in range (signal: -90.0 / -80.0)
INFO     [2021-05-31 06:11:58,347]: *** sta1-wlan1: Scan detected ap1-ssid in range (signal: -90.0 / -80.0)
INFO     [2021-05-31 06:11:58,365]: *** sta3-wlan1: Scanning for ap1-ssid
INFO     [2021-05-31 06:11:58,365]: *** sta1-wlan1: Scanning for ap1-ssid
INFO     [2021-05-31 06:11:59,355]: *** sta1-wlan1: Scan detected ap1-ssid in range (signal: -90.0 / -80.0)
INFO     [2021-05-31 06:12:00,359]: *** sta1-wlan1: Scan detected ap1-ssid in range (signal: -90.0 / -80.0)
INFO     [2021-05-31 06:12:01,365]: *** sta1-wlan1: Scan detected ap1-ssid in range (signal: -90.0 / -80.0)
INFO     [2021-05-31 06:12:02,368]: *** sta1-wlan1: Scan detected ap1-ssid in range (signal: -90.0 / -80.0)
INFO     [2021-05-31 06:12:03,378]: *** sta1-wlan1: Scan detected ap1-ssid in range (signal: -90.0 / -80.0)
INFO     [2021-05-31 06:12:04,384]: *** sta1-wlan1: Scan detected ap1-ssid in range (signal: -90.0 / -80.0)
INFO     [2021-05-31 06:12:05,144]: *** sta1-wlan1: Scanning for ap1-ssid
INFO     [2021-05-31 06:12:05,145]: *** sta3-wlan1: Scanning for ap1-ssid
INFO     [2021-05-31 06:12:05,389]: *** sta1-wlan1: Scan detected ap1-ssid in range (signal: -90.0 / -80.0)
INFO     [2021-05-31 06:12:06,394]: *** sta1-wlan1: Scan detected ap1-ssid in range (signal: -90.0 / -80.0)
INFO     [2021-05-31 06:12:07,399]: *** sta1-wlan1: Scan detected ap1-ssid in range (signal: -90.0 / -80.0)
INFO     [2021-05-31 06:12:08,404]: *** sta1-wlan1: Scan detected ap1-ssid in range (signal: -90.0 / -80.0)
INFO     [2021-05-31 06:12:09,412]: *** sta1-wlan1: Scan detected ap1-ssid in range (signal: -90.0 / -80.0)
INFO     [2021-05-31 06:12:10,416]: *** sta1-wlan1: Scan detected ap1-ssid in range (signal: -90.0 / -80.0)
INFO     [2021-05-31 06:12:11,421]: *** sta1-wlan1: Scan detected ap1-ssid in range (signal: -90.0 / -80.0)
INFO     [2021-05-31 06:12:11,981]: *** sta1-wlan1: Scanning for ap1-ssid
INFO     [2021-05-31 06:12:11,985]: *** sta3-wlan1: Scanning for ap1-ssid
INFO     [2021-05-31 06:12:12,430]: *** sta1-wlan1: Scan detected ap1-ssid in range (signal: -90.0 / -80.0)
INFO     [2021-05-31 06:12:13,438]: *** sta1-wlan1: Scan detected ap1-ssid in range (signal: -90.0 / -80.0)
INFO     [2021-05-31 06:12:14,443]: *** sta1-wlan1: Scan detected ap1-ssid in range (signal: -90.0 / -80.0)
INFO     [2021-05-31 06:12:18,816]: *** sta3-wlan1: Scanning for ap1-ssid
INFO     [2021-05-31 06:12:18,817]: *** sta1-wlan1: Scanning for ap1-ssid
INFO     [2021-05-31 06:12:25,641]: *** sta1-wlan1: Scanning for ap1-ssid
INFO     [2021-05-31 06:12:25,643]: *** sta3-wlan1: Scanning for ap1-ssid
INFO     [2021-05-31 06:12:32,426]: *** sta1-wlan1: Scanning for ap1-ssid
INFO     [2021-05-31 06:12:32,426]: *** sta3-wlan1: Scanning for ap1-ssid
INFO     [2021-05-31 06:12:39,342]: *** sta1-wlan1: Scanning for ap1-ssid
INFO     [2021-05-31 06:12:39,343]: *** sta3-wlan1: Scanning for ap1-ssid
INFO     [2021-05-31 06:12:39,621]: *** sta1-wlan1: Scan detected ap1-ssid in range (signal: -90.0 / -80.0)
INFO     [2021-05-31 06:12:40,627]: *** sta1-wlan1: Scan detected ap1-ssid in range (signal: -90.0 / -80.0)
INFO     [2021-05-31 06:12:41,634]: *** sta1-wlan1: Scan detected ap1-ssid in range (signal: -90.0 / -80.0)
INFO     [2021-05-31 06:12:42,642]: *** sta1-wlan1: Scan detected ap1-ssid in range (signal: -90.0 / -80.0)
INFO     [2021-05-31 06:12:43,653]: *** sta1-wlan1: Scan detected ap1-ssid in range (signal: -90.0 / -80.0)
INFO     [2021-05-31 06:12:44,659]: *** sta1-wlan1: Scan detected ap1-ssid in range (signal: -90.0 / -80.0)
INFO     [2021-05-31 06:12:45,672]: *** sta1-wlan1: Scan detected ap1-ssid in range (signal: -90.0 / -80.0)
INFO     [2021-05-31 06:12:46,306]: *** sta3-wlan1: Scanning for ap1-ssid
INFO     [2021-05-31 06:12:46,306]: *** sta1-wlan1: Scanning for ap1-ssid
INFO     [2021-05-31 06:12:46,677]: *** sta3-wlan1: Scan detected ap1-ssid in range (signal: -89.0 / -80.0)
INFO     [2021-05-31 06:12:46,678]: *** sta1-wlan1: Scan detected ap1-ssid in range (signal: -90.0 / -80.0)
INFO     [2021-05-31 06:12:47,682]: *** sta3-wlan1: Scan detected ap1-ssid in range (signal: -89.0 / -80.0)
INFO     [2021-05-31 06:12:47,683]: *** sta1-wlan1: Scan detected ap1-ssid in range (signal: -90.0 / -80.0)
INFO     [2021-05-31 06:12:48,688]: *** sta1-wlan1: Scan detected ap1-ssid in range (signal: -90.0 / -80.0)
INFO     [2021-05-31 06:12:48,688]: *** sta3-wlan1: Scan detected ap1-ssid in range (signal: -89.0 / -80.0)
INFO     [2021-05-31 06:12:49,692]: *** sta3-wlan1: Scan detected ap1-ssid in range (signal: -89.0 / -80.0)
INFO     [2021-05-31 06:12:49,693]: *** sta1-wlan1: Scan detected ap1-ssid in range (signal: -90.0 / -80.0)
INFO     [2021-05-31 06:12:50,701]: *** sta3-wlan1: Scan detected ap1-ssid in range (signal: -89.0 / -80.0)
INFO     [2021-05-31 06:12:50,701]: *** sta1-wlan1: Scan detected ap1-ssid in range (signal: -90.0 / -80.0)
INFO     [2021-05-31 06:12:51,714]: *** sta1-wlan1: Scan detected ap1-ssid in range (signal: -90.0 / -80.0)
INFO     [2021-05-31 06:12:51,721]: *** sta3-wlan1: Scan detected ap1-ssid in range (signal: -89.0 / -80.0)
INFO     [2021-05-31 06:12:52,721]: *** sta1-wlan1: Scan detected ap1-ssid in range (signal: -90.0 / -80.0)
INFO     [2021-05-31 06:12:52,727]: *** sta3-wlan1: Scan detected ap1-ssid in range (signal: -89.0 / -80.0)
INFO     [2021-05-31 06:12:53,138]: *** sta3-wlan1: Scanning for ap1-ssid
INFO     [2021-05-31 06:12:53,139]: *** sta1-wlan1: Scanning for ap1-ssid
INFO     [2021-05-31 06:12:53,727]: *** sta1-wlan1: Scan detected ap1-ssid in range (signal: -90.0 / -80.0)
INFO     [2021-05-31 06:12:53,732]: *** sta3-wlan1: Scan detected ap1-ssid in range (signal: -89.0 / -80.0)
INFO     [2021-05-31 06:12:54,732]: *** sta1-wlan1: Scan detected ap1-ssid in range (signal: -90.0 / -80.0)
INFO     [2021-05-31 06:12:54,737]: *** sta3-wlan1: Scan detected ap1-ssid in range (signal: -89.0 / -80.0)
INFO     [2021-05-31 06:12:55,736]: *** sta1-wlan1: Scan detected ap1-ssid in range (signal: -90.0 / -80.0)
INFO     [2021-05-31 06:12:55,741]: *** sta3-wlan1: Scan detected ap1-ssid in range (signal: -89.0 / -80.0)
INFO     [2021-05-31 06:12:56,744]: *** sta3-wlan1: Scan detected ap1-ssid in range (signal: -89.0 / -80.0)
INFO     [2021-05-31 06:12:56,745]: *** sta1-wlan1: Scan detected ap1-ssid in range (signal: -90.0 / -80.0)
INFO     [2021-05-31 06:12:57,749]: *** sta3-wlan1: Scan detected ap1-ssid in range (signal: -89.0 / -80.0)
INFO     [2021-05-31 06:12:57,751]: *** sta1-wlan1: Scan detected ap1-ssid in range (signal: -90.0 / -80.0)
INFO     [2021-05-31 06:12:58,754]: *** sta3-wlan1: Scan detected ap1-ssid in range (signal: -89.0 / -80.0)
INFO     [2021-05-31 06:12:58,758]: *** sta1-wlan1: Scan detected ap1-ssid in range (signal: -90.0 / -80.0)
INFO     [2021-05-31 06:12:59,759]: *** sta3-wlan1: Scan detected ap1-ssid in range (signal: -89.0 / -80.0)
INFO     [2021-05-31 06:12:59,767]: *** sta1-wlan1: Scan detected ap1-ssid in range (signal: -90.0 / -80.0)
INFO     [2021-05-31 06:13:00,093]: *** sta1-wlan1: Scanning for ap1-ssid
INFO     [2021-05-31 06:13:00,093]: *** sta3-wlan1: Scanning for ap1-ssid
INFO     [2021-05-31 06:13:00,763]: *** sta3-wlan1: Scan detected ap1-ssid in range (signal: -88.0 / -80.0)
INFO     [2021-05-31 06:13:00,771]: *** sta1-wlan1: Scan detected ap1-ssid in range (signal: -90.0 / -80.0)
INFO     [2021-05-31 06:13:01,768]: *** sta3-wlan1: Scan detected ap1-ssid in range (signal: -88.0 / -80.0)
INFO     [2021-05-31 06:13:01,776]: *** sta1-wlan1: Scan detected ap1-ssid in range (signal: -90.0 / -80.0)
INFO     [2021-05-31 06:13:02,772]: *** sta3-wlan1: Scan detected ap1-ssid in range (signal: -88.0 / -80.0)
INFO     [2021-05-31 06:13:02,780]: *** sta1-wlan1: Scan detected ap1-ssid in range (signal: -90.0 / -80.0)
INFO     [2021-05-31 06:13:03,776]: *** sta3-wlan1: Scan detected ap1-ssid in range (signal: -88.0 / -80.0)
INFO     [2021-05-31 06:13:03,785]: *** sta1-wlan1: Scan detected ap1-ssid in range (signal: -90.0 / -80.0)
INFO     [2021-05-31 06:13:04,797]: *** sta3-wlan1: Scan detected ap1-ssid in range (signal: -88.0 / -80.0)
INFO     [2021-05-31 06:13:04,802]: *** sta1-wlan1: Scan detected ap1-ssid in range (signal: -90.0 / -80.0)
INFO     [2021-05-31 06:13:05,804]: *** sta3-wlan1: Scan detected ap1-ssid in range (signal: -88.0 / -80.0)
INFO     [2021-05-31 06:13:05,808]: *** sta1-wlan1: Scan detected ap1-ssid in range (signal: -90.0 / -80.0)
INFO     [2021-05-31 06:13:06,809]: *** sta3-wlan1: Scan detected ap1-ssid in range (signal: -88.0 / -80.0)
INFO     [2021-05-31 06:13:06,812]: *** sta1-wlan1: Scan detected ap1-ssid in range (signal: -90.0 / -80.0)
INFO     [2021-05-31 06:13:06,861]: *** sta3-wlan1: Scanning for ap1-ssid
INFO     [2021-05-31 06:13:06,861]: *** sta1-wlan1: Scanning for ap1-ssid
INFO     [2021-05-31 06:13:07,813]: *** sta3-wlan1: Scan detected ap1-ssid in range (signal: -89.0 / -80.0)
INFO     [2021-05-31 06:13:07,817]: *** sta1-wlan1: Scan detected ap1-ssid in range (signal: -88.0 / -80.0)
INFO     [2021-05-31 06:13:08,820]: *** sta3-wlan1: Scan detected ap1-ssid in range (signal: -89.0 / -80.0)
INFO     [2021-05-31 06:13:08,822]: *** sta1-wlan1: Scan detected ap1-ssid in range (signal: -88.0 / -80.0)
INFO     [2021-05-31 06:13:09,826]: *** sta3-wlan1: Scan detected ap1-ssid in range (signal: -89.0 / -80.0)
INFO     [2021-05-31 06:13:09,827]: *** sta1-wlan1: Scan detected ap1-ssid in range (signal: -88.0 / -80.0)
INFO     [2021-05-31 06:13:10,831]: *** sta1-wlan1: Scan detected ap1-ssid in range (signal: -88.0 / -80.0)
INFO     [2021-05-31 06:13:10,831]: *** sta3-wlan1: Scan detected ap1-ssid in range (signal: -89.0 / -80.0)
INFO     [2021-05-31 06:13:11,837]: *** sta3-wlan1: Scan detected ap1-ssid in range (signal: -89.0 / -80.0)
INFO     [2021-05-31 06:13:11,837]: *** sta1-wlan1: Scan detected ap1-ssid in range (signal: -88.0 / -80.0)
INFO     [2021-05-31 06:13:12,848]: *** sta1-wlan1: Scan detected ap1-ssid in range (signal: -88.0 / -80.0)
INFO     [2021-05-31 06:13:12,850]: *** sta3-wlan1: Scan detected ap1-ssid in range (signal: -89.0 / -80.0)
INFO     [2021-05-31 06:13:13,613]: *** sta3-wlan1: Scanning for ap1-ssid
INFO     [2021-05-31 06:13:13,613]: *** sta1-wlan1: Scanning for ap1-ssid
INFO     [2021-05-31 06:13:13,852]: *** sta1-wlan1: Scan detected ap1-ssid in range (signal: -88.0 / -80.0)
INFO     [2021-05-31 06:13:13,854]: *** sta3-wlan1: Scan detected ap1-ssid in range (signal: -89.0 / -80.0)
INFO     [2021-05-31 06:13:14,859]: *** sta3-wlan1: Scan detected ap1-ssid in range (signal: -89.0 / -80.0)
INFO     [2021-05-31 06:13:14,861]: *** sta1-wlan1: Scan detected ap1-ssid in range (signal: -88.0 / -80.0)
INFO     [2021-05-31 06:13:15,864]: *** sta3-wlan1: Scan detected ap1-ssid in range (signal: -89.0 / -80.0)
INFO     [2021-05-31 06:13:15,864]: *** sta1-wlan1: Scan detected ap1-ssid in range (signal: -88.0 / -80.0)
INFO     [2021-05-31 06:13:16,870]: *** sta1-wlan1: Scan detected ap1-ssid in range (signal: -88.0 / -80.0)
INFO     [2021-05-31 06:13:16,870]: *** sta3-wlan1: Scan detected ap1-ssid in range (signal: -89.0 / -80.0)
INFO     [2021-05-31 06:13:17,879]: *** sta3-wlan1: Scan detected ap1-ssid in range (signal: -89.0 / -80.0)
INFO     [2021-05-31 06:13:17,880]: *** sta1-wlan1: Scan detected ap1-ssid in range (signal: -88.0 / -80.0)
INFO     [2021-05-31 06:13:18,885]: *** sta1-wlan1: Scan detected ap1-ssid in range (signal: -88.0 / -80.0)
INFO     [2021-05-31 06:13:18,886]: *** sta3-wlan1: Scan detected ap1-ssid in range (signal: -89.0 / -80.0)
INFO     [2021-05-31 06:13:19,896]: *** sta1-wlan1: Scan detected ap1-ssid in range (signal: -88.0 / -80.0)
INFO     [2021-05-31 06:13:19,898]: *** sta3-wlan1: Scan detected ap1-ssid in range (signal: -89.0 / -80.0)
INFO     [2021-05-31 06:13:20,432]: *** sta3-wlan1: Scanning for ap1-ssid
INFO     [2021-05-31 06:13:20,432]: *** sta1-wlan1: Scanning for ap1-ssid
INFO     [2021-05-31 06:13:20,906]: *** sta3-wlan1: Scan detected ap1-ssid in range (signal: -89.0 / -80.0)
INFO     [2021-05-31 06:13:20,907]: *** sta1-wlan1: Scan detected ap1-ssid in range (signal: -88.0 / -80.0)
INFO     [2021-05-31 06:13:21,913]: *** sta3-wlan1: Scan detected ap1-ssid in range (signal: -89.0 / -80.0)
INFO     [2021-05-31 06:13:21,914]: *** sta1-wlan1: Scan detected ap1-ssid in range (signal: -88.0 / -80.0)
INFO     [2021-05-31 06:13:22,923]: *** sta3-wlan1: Scan detected ap1-ssid in range (signal: -89.0 / -80.0)
INFO     [2021-05-31 06:13:22,923]: *** sta1-wlan1: Scan detected ap1-ssid in range (signal: -88.0 / -80.0)
INFO     [2021-05-31 06:13:23,931]: *** sta1-wlan1: Scan detected ap1-ssid in range (signal: -88.0 / -80.0)
INFO     [2021-05-31 06:13:23,934]: *** sta3-wlan1: Scan detected ap1-ssid in range (signal: -89.0 / -80.0)
INFO     [2021-05-31 06:13:24,938]: *** sta3-wlan1: Scan detected ap1-ssid in range (signal: -89.0 / -80.0)
INFO     [2021-05-31 06:13:24,939]: *** sta1-wlan1: Scan detected ap1-ssid in range (signal: -88.0 / -80.0)
INFO     [2021-05-31 06:13:25,943]: *** sta3-wlan1: Scan detected ap1-ssid in range (signal: -89.0 / -80.0)
INFO     [2021-05-31 06:13:25,943]: *** sta1-wlan1: Scan detected ap1-ssid in range (signal: -88.0 / -80.0)
INFO     [2021-05-31 06:13:26,948]: *** sta3-wlan1: Scan detected ap1-ssid in range (signal: -89.0 / -80.0)
INFO     [2021-05-31 06:13:26,948]: *** sta1-wlan1: Scan detected ap1-ssid in range (signal: -88.0 / -80.0)
INFO     [2021-05-31 06:13:27,249]: *** sta1-wlan1: Scanning for ap1-ssid
INFO     [2021-05-31 06:13:27,250]: *** sta3-wlan1: Scanning for ap1-ssid
INFO     [2021-05-31 06:13:27,953]: *** sta3-wlan1: Scan detected ap1-ssid in range (signal: -87.0 / -80.0)
INFO     [2021-05-31 06:13:27,953]: *** sta1-wlan1: Scan detected ap1-ssid in range (signal: -88.0 / -80.0)
INFO     [2021-05-31 06:13:28,958]: *** sta3-wlan1: Scan detected ap1-ssid in range (signal: -87.0 / -80.0)
INFO     [2021-05-31 06:13:28,959]: *** sta1-wlan1: Scan detected ap1-ssid in range (signal: -88.0 / -80.0)
INFO     [2021-05-31 06:13:29,967]: *** sta3-wlan1: Scan detected ap1-ssid in range (signal: -87.0 / -80.0)
INFO     [2021-05-31 06:13:29,968]: *** sta1-wlan1: Scan detected ap1-ssid in range (signal: -88.0 / -80.0)
INFO     [2021-05-31 06:13:30,977]: *** sta3-wlan1: Scan detected ap1-ssid in range (signal: -87.0 / -80.0)
INFO     [2021-05-31 06:13:30,978]: *** sta1-wlan1: Scan detected ap1-ssid in range (signal: -88.0 / -80.0)
INFO     [2021-05-31 06:13:31,982]: *** sta3-wlan1: Scan detected ap1-ssid in range (signal: -87.0 / -80.0)
INFO     [2021-05-31 06:13:31,983]: *** sta1-wlan1: Scan detected ap1-ssid in range (signal: -88.0 / -80.0)
INFO     [2021-05-31 06:13:32,987]: *** sta3-wlan1: Scan detected ap1-ssid in range (signal: -87.0 / -80.0)
INFO     [2021-05-31 06:13:32,989]: *** sta1-wlan1: Scan detected ap1-ssid in range (signal: -88.0 / -80.0)
INFO     [2021-05-31 06:13:33,992]: *** sta3-wlan1: Scan detected ap1-ssid in range (signal: -87.0 / -80.0)
INFO     [2021-05-31 06:13:33,994]: *** sta1-wlan1: Scan detected ap1-ssid in range (signal: -88.0 / -80.0)
INFO     [2021-05-31 06:13:34,010]: *** sta3-wlan1: Scanning for ap1-ssid
INFO     [2021-05-31 06:13:34,013]: *** sta1-wlan1: Scanning for ap1-ssid
INFO     [2021-05-31 06:13:35,000]: *** sta3-wlan1: Scan detected ap1-ssid in range (signal: -85.0 / -80.0)
INFO     [2021-05-31 06:13:35,001]: *** sta1-wlan1: Scan detected ap1-ssid in range (signal: -87.0 / -80.0)
INFO     [2021-05-31 06:13:36,008]: *** sta3-wlan1: Scan detected ap1-ssid in range (signal: -85.0 / -80.0)
INFO     [2021-05-31 06:13:36,010]: *** sta1-wlan1: Scan detected ap1-ssid in range (signal: -87.0 / -80.0)
INFO     [2021-05-31 06:13:37,014]: *** sta1-wlan1: Scan detected ap1-ssid in range (signal: -87.0 / -80.0)
INFO     [2021-05-31 06:13:37,015]: *** sta3-wlan1: Scan detected ap1-ssid in range (signal: -85.0 / -80.0)
INFO     [2021-05-31 06:13:38,031]: *** sta1-wlan1: Scan detected ap1-ssid in range (signal: -87.0 / -80.0)
INFO     [2021-05-31 06:13:38,032]: *** sta3-wlan1: Scan detected ap1-ssid in range (signal: -85.0 / -80.0)
INFO     [2021-05-31 06:13:39,044]: *** sta3-wlan1: Scan detected ap1-ssid in range (signal: -85.0 / -80.0)
INFO     [2021-05-31 06:13:39,045]: *** sta1-wlan1: Scan detected ap1-ssid in range (signal: -87.0 / -80.0)
INFO     [2021-05-31 06:13:40,078]: *** sta3-wlan1: Scan detected ap1-ssid in range (signal: -85.0 / -80.0)
INFO     [2021-05-31 06:13:40,083]: *** sta1-wlan1: Scan detected ap1-ssid in range (signal: -87.0 / -80.0)
INFO     [2021-05-31 06:13:40,825]: *** sta3-wlan1: Scanning for ap1-ssid
INFO     [2021-05-31 06:13:40,826]: *** sta1-wlan1: Scanning for ap1-ssid
INFO     [2021-05-31 06:13:41,085]: *** sta3-wlan1: Scan detected ap1-ssid in range (signal: -90.0 / -80.0)
INFO     [2021-05-31 06:13:41,088]: *** sta1-wlan1: Scan detected ap1-ssid in range (signal: -89.0 / -80.0)
INFO     [2021-05-31 06:13:42,089]: *** sta3-wlan1: Scan detected ap1-ssid in range (signal: -90.0 / -80.0)
INFO     [2021-05-31 06:13:42,093]: *** sta1-wlan1: Scan detected ap1-ssid in range (signal: -89.0 / -80.0)
INFO     [2021-05-31 06:13:43,094]: *** sta3-wlan1: Scan detected ap1-ssid in range (signal: -90.0 / -80.0)
INFO     [2021-05-31 06:13:43,097]: *** sta1-wlan1: Scan detected ap1-ssid in range (signal: -89.0 / -80.0)
INFO     [2021-05-31 06:13:44,099]: *** sta3-wlan1: Scan detected ap1-ssid in range (signal: -90.0 / -80.0)
INFO     [2021-05-31 06:13:44,102]: *** sta1-wlan1: Scan detected ap1-ssid in range (signal: -89.0 / -80.0)
INFO     [2021-05-31 06:13:45,105]: *** sta3-wlan1: Scan detected ap1-ssid in range (signal: -90.0 / -80.0)
INFO     [2021-05-31 06:13:45,107]: *** sta1-wlan1: Scan detected ap1-ssid in range (signal: -89.0 / -80.0)
INFO     [2021-05-31 06:13:46,114]: *** sta1-wlan1: Scan detected ap1-ssid in range (signal: -89.0 / -80.0)
INFO     [2021-05-31 06:13:46,116]: *** sta3-wlan1: Scan detected ap1-ssid in range (signal: -90.0 / -80.0)
INFO     [2021-05-31 06:13:47,121]: *** sta3-wlan1: Scan detected ap1-ssid in range (signal: -90.0 / -80.0)
INFO     [2021-05-31 06:13:47,122]: *** sta1-wlan1: Scan detected ap1-ssid in range (signal: -89.0 / -80.0)
INFO     [2021-05-31 06:13:47,597]: *** sta3-wlan1: Scanning for ap1-ssid
INFO     [2021-05-31 06:13:47,605]: *** sta1-wlan1: Scanning for ap1-ssid
INFO     [2021-05-31 06:13:48,127]: *** sta3-wlan1: Scan detected ap1-ssid in range (signal: -85.0 / -80.0)
INFO     [2021-05-31 06:13:48,129]: *** sta1-wlan1: Scan detected ap1-ssid in range (signal: -85.0 / -80.0)
INFO     [2021-05-31 06:13:49,132]: *** sta3-wlan1: Scan detected ap1-ssid in range (signal: -85.0 / -80.0)
INFO     [2021-05-31 06:13:49,135]: *** sta1-wlan1: Scan detected ap1-ssid in range (signal: -85.0 / -80.0)
INFO     [2021-05-31 06:13:50,138]: *** sta3-wlan1: Scan detected ap1-ssid in range (signal: -85.0 / -80.0)
INFO     [2021-05-31 06:13:50,140]: *** sta1-wlan1: Scan detected ap1-ssid in range (signal: -85.0 / -80.0)
INFO     [2021-05-31 06:13:51,143]: *** sta3-wlan1: Scan detected ap1-ssid in range (signal: -85.0 / -80.0)
INFO     [2021-05-31 06:13:51,144]: *** sta1-wlan1: Scan detected ap1-ssid in range (signal: -85.0 / -80.0)
INFO     [2021-05-31 06:13:52,149]: *** sta3-wlan1: Scan detected ap1-ssid in range (signal: -85.0 / -80.0)
INFO     [2021-05-31 06:13:52,150]: *** sta1-wlan1: Scan detected ap1-ssid in range (signal: -86.0 / -80.0)
INFO     [2021-05-31 06:13:53,154]: *** sta3-wlan1: Scan detected ap1-ssid in range (signal: -85.0 / -80.0)
INFO     [2021-05-31 06:13:53,155]: *** sta1-wlan1: Scan detected ap1-ssid in range (signal: -86.0 / -80.0)
INFO     [2021-05-31 06:13:54,164]: *** sta3-wlan1: Scan detected ap1-ssid in range (signal: -85.0 / -80.0)
INFO     [2021-05-31 06:13:54,165]: *** sta1-wlan1: Scan detected ap1-ssid in range (signal: -86.0 / -80.0)
INFO     [2021-05-31 06:13:54,490]: *** sta1-wlan1: Scanning for ap1-ssid
INFO     [2021-05-31 06:13:54,490]: *** sta3-wlan1: Scanning for ap1-ssid
INFO     [2021-05-31 06:13:55,170]: *** sta1-wlan1: Scan detected ap1-ssid in range (signal: -84.0 / -80.0)
INFO     [2021-05-31 06:13:55,171]: *** sta3-wlan1: Scan detected ap1-ssid in range (signal: -81.0 / -80.0)
INFO     [2021-05-31 06:13:56,175]: *** sta3-wlan1: Scan detected ap1-ssid in range (signal: -81.0 / -80.0)
INFO     [2021-05-31 06:13:56,175]: *** sta1-wlan1: Scan detected ap1-ssid in range (signal: -84.0 / -80.0)
INFO     [2021-05-31 06:13:57,179]: *** sta3-wlan1: Scan detected ap1-ssid in range (signal: -81.0 / -80.0)
INFO     [2021-05-31 06:13:57,180]: *** sta1-wlan1: Scan detected ap1-ssid in range (signal: -84.0 / -80.0)
INFO     [2021-05-31 06:13:58,186]: *** sta1-wlan1: Scan detected ap1-ssid in range (signal: -84.0 / -80.0)
INFO     [2021-05-31 06:13:58,186]: *** sta3-wlan1: Scan detected ap1-ssid in range (signal: -81.0 / -80.0)
INFO     [2021-05-31 06:13:59,191]: *** sta1-wlan1: Scan detected ap1-ssid in range (signal: -84.0 / -80.0)
INFO     [2021-05-31 06:13:59,192]: *** sta3-wlan1: Scan detected ap1-ssid in range (signal: -81.0 / -80.0)
INFO     [2021-05-31 06:14:00,196]: *** sta1-wlan1: Scan detected ap1-ssid in range (signal: -84.0 / -80.0)
INFO     [2021-05-31 06:14:00,197]: *** sta3-wlan1: Scan detected ap1-ssid in range (signal: -81.0 / -80.0)
INFO     [2021-05-31 06:14:01,203]: *** sta1-wlan1: Scan detected ap1-ssid in range (signal: -84.0 / -80.0)
INFO     [2021-05-31 06:14:01,203]: *** sta3-wlan1: Scan detected ap1-ssid in range (signal: -81.0 / -80.0)
INFO     [2021-05-31 06:14:01,301]: *** sta3-wlan1: Scanning for ap1-ssid
INFO     [2021-05-31 06:14:01,301]: *** sta1-wlan1: Scanning for ap1-ssid
INFO     [2021-05-31 06:14:02,208]: *** sta1-wlan1: Scan detected ap1-ssid in range (signal: -83.0 / -80.0)
INFO     [2021-05-31 06:14:02,208]: *** sta3-wlan1: Scan detected ap1-ssid in range (signal: -86.0 / -80.0)
INFO     [2021-05-31 06:14:03,214]: *** sta1-wlan1: Scan detected ap1-ssid in range (signal: -83.0 / -80.0)
INFO     [2021-05-31 06:14:03,214]: *** sta3-wlan1: Scan detected ap1-ssid in range (signal: -86.0 / -80.0)
INFO     [2021-05-31 06:14:04,219]: *** sta3-wlan1: Scan detected ap1-ssid in range (signal: -86.0 / -80.0)
INFO     [2021-05-31 06:14:04,219]: *** sta1-wlan1: Scan detected ap1-ssid in range (signal: -83.0 / -80.0)
INFO     [2021-05-31 06:14:05,224]: *** sta3-wlan1: Scan detected ap1-ssid in range (signal: -86.0 / -80.0)
INFO     [2021-05-31 06:14:05,226]: *** sta1-wlan1: Scan detected ap1-ssid in range (signal: -83.0 / -80.0)
INFO     [2021-05-31 06:14:06,229]: *** sta3-wlan1: Scan detected ap1-ssid in range (signal: -86.0 / -80.0)
INFO     [2021-05-31 06:14:06,232]: *** sta1-wlan1: Scan detected ap1-ssid in range (signal: -83.0 / -80.0)
INFO     [2021-05-31 06:14:07,235]: *** sta3-wlan1: Scan detected ap1-ssid in range (signal: -86.0 / -80.0)
INFO     [2021-05-31 06:14:07,236]: *** sta1-wlan1: Scan detected ap1-ssid in range (signal: -83.0 / -80.0)
INFO     [2021-05-31 06:14:08,061]: *** sta1-wlan1: Scanning for ap1-ssid
INFO     [2021-05-31 06:14:08,087]: *** sta3-wlan1: Scanning for ap1-ssid
INFO     [2021-05-31 06:14:08,240]: *** sta3-wlan1: Scan detected ap1-ssid in range (signal: -82.0 / -80.0)
INFO     [2021-05-31 06:14:08,241]: *** sta1-wlan1: Scan detected ap1-ssid in range (signal: -81.0 / -80.0)
INFO     [2021-05-31 06:14:09,245]: *** sta3-wlan1: Scan detected ap1-ssid in range (signal: -82.0 / -80.0)
INFO     [2021-05-31 06:14:09,246]: *** sta1-wlan1: Scan detected ap1-ssid in range (signal: -81.0 / -80.0)
INFO     [2021-05-31 06:14:10,252]: *** sta1-wlan1: Scan detected ap1-ssid in range (signal: -81.0 / -80.0)
INFO     [2021-05-31 06:14:10,254]: *** sta3-wlan1: Scan detected ap1-ssid in range (signal: -82.0 / -80.0)
INFO     [2021-05-31 06:14:11,257]: *** sta1-wlan1: Scan detected ap1-ssid in range (signal: -81.0 / -80.0)
INFO     [2021-05-31 06:14:11,260]: *** sta3-wlan1: Scan detected ap1-ssid in range (signal: -82.0 / -80.0)
INFO     [2021-05-31 06:14:12,263]: *** sta1-wlan1: Scan detected ap1-ssid in range (signal: -84.0 / -80.0)
INFO     [2021-05-31 06:14:12,265]: *** sta3-wlan1: Scan detected ap1-ssid in range (signal: -80.0 / -80.0)
INFO     [2021-05-31 06:14:13,270]: *** sta1-wlan1: Scan detected ap1-ssid in range (signal: -84.0 / -80.0)
INFO     [2021-05-31 06:14:14,275]: *** sta1-wlan1: Scan detected ap1-ssid in range (signal: -84.0 / -80.0)
INFO     [2021-05-31 06:14:14,837]: *** sta1-wlan1: Scanning for ap1-ssid
INFO     [2021-05-31 06:14:14,857]: *** sta3-wlan1: Scanning for ap1-ssid
INFO     [2021-05-31 06:14:15,280]: *** sta1-wlan1: Scan detected ap1-ssid in range (signal: -81.0 / -80.0)
INFO     [2021-05-31 06:14:16,056]: *** sta3-wlan0: Connected interface to ap1-ssid
INFO     [2021-05-31 06:14:16,293]: *** sta1-wlan1: Scan detected ap1-ssid in range (signal: -81.0 / -80.0)
INFO     [2021-05-31 06:14:17,298]: *** sta1-wlan1: Scan detected ap1-ssid in range (signal: -81.0 / -80.0)
INFO     [2021-05-31 06:14:18,306]: *** sta1-wlan1: Scan detected ap1-ssid in range (signal: -81.0 / -80.0)
INFO     [2021-05-31 06:14:19,311]: *** sta1-wlan1: Scan detected ap1-ssid in range (signal: -84.0 / -80.0)
INFO     [2021-05-31 06:14:20,318]: *** sta1-wlan1: Scan detected ap1-ssid in range (signal: -84.0 / -80.0)
INFO     [2021-05-31 06:14:21,323]: *** sta1-wlan1: Scan detected ap1-ssid in range (signal: -84.0 / -80.0)
INFO     [2021-05-31 06:14:21,645]: *** sta1-wlan1: Scanning for ap1-ssid
INFO     [2021-05-31 06:14:22,327]: *** sta1-wlan1: Scan detected ap1-ssid in range (signal: -85.0 / -80.0)
INFO     [2021-05-31 06:14:23,332]: *** sta1-wlan1: Scan detected ap1-ssid in range (signal: -85.0 / -80.0)
INFO     [2021-05-31 06:14:24,343]: *** sta1-wlan1: Scan detected ap1-ssid in range (signal: -85.0 / -80.0)
INFO     [2021-05-31 06:14:25,348]: *** sta1-wlan1: Scan detected ap1-ssid in range (signal: -85.0 / -80.0)
INFO     [2021-05-31 06:14:26,365]: *** sta1-wlan1: Scan detected ap1-ssid in range (signal: -85.0 / -80.0)
INFO     [2021-05-31 06:14:27,371]: *** sta1-wlan1: Scan detected ap1-ssid in range (signal: -85.0 / -80.0)
INFO     [2021-05-31 06:14:28,377]: *** sta1-wlan1: Scan detected ap1-ssid in range (signal: -85.0 / -80.0)
INFO     [2021-05-31 06:14:28,405]: *** sta1-wlan1: Scanning for ap1-ssid
INFO     [2021-05-31 06:14:29,382]: *** sta1-wlan1: Scan detected ap1-ssid in range (signal: -79.0 / -80.0)
INFO     [2021-05-31 06:14:33,140]: *** sta1-wlan0: Connected interface to ap1-ssid
INFO     [2021-05-31 07:11:15,447]: *** sta1-wlan1: Scanner started. Searching for ap1-ssid with interval 3.0
