INFO     [2021-06-01 03:49:32,860]: *** sta3-wlan0: Started flexible_sdn.py
INFO     [2021-06-01 03:49:32,862]: *** sta3: Interface: sta3-wlan0, Scan-interface: sta3-wlan1
INFO     [2021-06-01 03:51:52,712]: *** sta3-wlan1: Scanner started. Searching for ap1-ssid with interval 3.0
INFO     [2021-06-01 03:51:55,713]: *** sta3-wlan1: Scanning for ap1-ssid
INFO     [2021-06-01 03:51:56,743]: *** sta3-wlan1: Scan detected ap1-ssid in range (signal: -84.0 / -80.0)
INFO     [2021-06-01 03:51:57,750]: *** sta3-wlan1: Scan detected ap1-ssid in range (signal: -84.0 / -80.0)
INFO     [2021-06-01 03:51:58,754]: *** sta3-wlan1: Scan detected ap1-ssid in range (signal: -84.0 / -80.0)
INFO     [2021-06-01 03:51:59,760]: *** sta3-wlan1: Scan detected ap1-ssid in range (signal: -84.0 / -80.0)
INFO     [2021-06-01 03:52:00,765]: *** sta3-wlan1: Scan detected ap1-ssid in range (signal: -84.0 / -80.0)
INFO     [2021-06-01 03:52:01,770]: *** sta3-wlan1: Scan detected ap1-ssid in range (signal: -84.0 / -80.0)
INFO     [2021-06-01 03:52:02,472]: *** sta3-wlan1: Scanning for ap1-ssid
INFO     [2021-06-01 03:52:02,777]: *** sta3-wlan1: Scan detected ap1-ssid in range (signal: -84.0 / -80.0)
INFO     [2021-06-01 03:52:03,783]: *** sta3-wlan1: Scan detected ap1-ssid in range (signal: -84.0 / -80.0)
INFO     [2021-06-01 03:52:04,788]: *** sta3-wlan1: Scan detected ap1-ssid in range (signal: -84.0 / -80.0)
INFO     [2021-06-01 03:52:05,795]: *** sta3-wlan1: Scan detected ap1-ssid in range (signal: -84.0 / -80.0)
INFO     [2021-06-01 03:52:06,800]: *** sta3-wlan1: Scan detected ap1-ssid in range (signal: -84.0 / -80.0)
INFO     [2021-06-01 03:52:07,812]: *** sta3-wlan1: Scan detected ap1-ssid in range (signal: -84.0 / -80.0)
INFO     [2021-06-01 03:52:08,818]: *** sta3-wlan1: Scan detected ap1-ssid in range (signal: -84.0 / -80.0)
INFO     [2021-06-01 03:52:09,247]: *** sta3-wlan1: Scanning for ap1-ssid
INFO     [2021-06-01 03:52:09,823]: *** sta3-wlan1: Scan detected ap1-ssid in range (signal: -84.0 / -80.0)
INFO     [2021-06-01 03:52:10,831]: *** sta3-wlan1: Scan detected ap1-ssid in range (signal: -84.0 / -80.0)
INFO     [2021-06-01 03:52:11,835]: *** sta3-wlan1: Scan detected ap1-ssid in range (signal: -84.0 / -80.0)
INFO     [2021-06-01 03:52:12,859]: *** sta3-wlan1: Scan detected ap1-ssid in range (signal: -84.0 / -80.0)
INFO     [2021-06-01 03:52:13,865]: *** sta3-wlan1: Scan detected ap1-ssid in range (signal: -84.0 / -80.0)
INFO     [2021-06-01 03:52:14,870]: *** sta3-wlan1: Scan detected ap1-ssid in range (signal: -84.0 / -80.0)
INFO     [2021-06-01 03:52:15,874]: *** sta3-wlan1: Scan detected ap1-ssid in range (signal: -84.0 / -80.0)
INFO     [2021-06-01 03:52:16,078]: *** sta3-wlan1: Scanning for ap1-ssid
INFO     [2021-06-01 03:52:16,880]: *** sta3-wlan1: Scan detected ap1-ssid in range (signal: -90.0 / -80.0)
INFO     [2021-06-01 03:52:17,884]: *** sta3-wlan1: Scan detected ap1-ssid in range (signal: -90.0 / -80.0)
INFO     [2021-06-01 03:52:18,889]: *** sta3-wlan1: Scan detected ap1-ssid in range (signal: -90.0 / -80.0)
INFO     [2021-06-01 03:52:19,906]: *** sta3-wlan1: Scan detected ap1-ssid in range (signal: -90.0 / -80.0)
INFO     [2021-06-01 03:52:20,911]: *** sta3-wlan1: Scan detected ap1-ssid in range (signal: -90.0 / -80.0)
INFO     [2021-06-01 03:52:21,919]: *** sta3-wlan1: Scan detected ap1-ssid in range (signal: -90.0 / -80.0)
INFO     [2021-06-01 03:52:22,886]: *** sta3-wlan1: Scanning for ap1-ssid
INFO     [2021-06-01 03:52:22,924]: *** sta3-wlan1: Scan detected ap1-ssid in range (signal: -90.0 / -80.0)
INFO     [2021-06-01 03:52:23,934]: *** sta3-wlan1: Scan detected ap1-ssid in range (signal: -90.0 / -80.0)
INFO     [2021-06-01 03:52:24,941]: *** sta3-wlan1: Scan detected ap1-ssid in range (signal: -90.0 / -80.0)
INFO     [2021-06-01 03:52:25,947]: *** sta3-wlan1: Scan detected ap1-ssid in range (signal: -90.0 / -80.0)
INFO     [2021-06-01 03:52:26,951]: *** sta3-wlan1: Scan detected ap1-ssid in range (signal: -90.0 / -80.0)
INFO     [2021-06-01 03:52:27,957]: *** sta3-wlan1: Scan detected ap1-ssid in range (signal: -90.0 / -80.0)
INFO     [2021-06-01 03:52:28,966]: *** sta3-wlan1: Scan detected ap1-ssid in range (signal: -90.0 / -80.0)
INFO     [2021-06-01 03:52:29,694]: *** sta3-wlan1: Scanning for ap1-ssid
INFO     [2021-06-01 03:52:29,970]: *** sta3-wlan1: Scan detected ap1-ssid in range (signal: -90.0 / -80.0)
INFO     [2021-06-01 03:52:30,975]: *** sta3-wlan1: Scan detected ap1-ssid in range (signal: -90.0 / -80.0)
INFO     [2021-06-01 03:52:31,992]: *** sta3-wlan1: Scan detected ap1-ssid in range (signal: -90.0 / -80.0)
INFO     [2021-06-01 03:52:33,000]: *** sta3-wlan1: Scan detected ap1-ssid in range (signal: -90.0 / -80.0)
INFO     [2021-06-01 03:52:34,005]: *** sta3-wlan1: Scan detected ap1-ssid in range (signal: -90.0 / -80.0)
INFO     [2021-06-01 03:52:35,012]: *** sta3-wlan1: Scan detected ap1-ssid in range (signal: -90.0 / -80.0)
INFO     [2021-06-01 03:52:36,017]: *** sta3-wlan1: Scan detected ap1-ssid in range (signal: -90.0 / -80.0)
INFO     [2021-06-01 03:52:36,599]: *** sta3-wlan1: Scanning for ap1-ssid
INFO     [2021-06-01 03:52:37,021]: *** sta3-wlan1: Scan detected ap1-ssid in range (signal: -90.0 / -80.0)
INFO     [2021-06-01 03:52:38,041]: *** sta3-wlan1: Scan detected ap1-ssid in range (signal: -90.0 / -80.0)
INFO     [2021-06-01 03:52:39,050]: *** sta3-wlan1: Scan detected ap1-ssid in range (signal: -90.0 / -80.0)
INFO     [2021-06-01 03:52:40,057]: *** sta3-wlan1: Scan detected ap1-ssid in range (signal: -90.0 / -80.0)
INFO     [2021-06-01 03:52:41,069]: *** sta3-wlan1: Scan detected ap1-ssid in range (signal: -90.0 / -80.0)
INFO     [2021-06-01 03:52:42,079]: *** sta3-wlan1: Scan detected ap1-ssid in range (signal: -90.0 / -80.0)
INFO     [2021-06-01 03:52:43,084]: *** sta3-wlan1: Scan detected ap1-ssid in range (signal: -90.0 / -80.0)
INFO     [2021-06-01 03:52:43,390]: *** sta3-wlan1: Scanning for ap1-ssid
INFO     [2021-06-01 03:52:44,089]: *** sta3-wlan1: Scan detected ap1-ssid in range (signal: -90.0 / -80.0)
INFO     [2021-06-01 03:52:45,093]: *** sta3-wlan1: Scan detected ap1-ssid in range (signal: -90.0 / -80.0)
INFO     [2021-06-01 03:52:46,098]: *** sta3-wlan1: Scan detected ap1-ssid in range (signal: -90.0 / -80.0)
INFO     [2021-06-01 03:52:47,103]: *** sta3-wlan1: Scan detected ap1-ssid in range (signal: -90.0 / -80.0)
INFO     [2021-06-01 03:52:48,108]: *** sta3-wlan1: Scan detected ap1-ssid in range (signal: -90.0 / -80.0)
INFO     [2021-06-01 03:52:49,114]: *** sta3-wlan1: Scan detected ap1-ssid in range (signal: -90.0 / -80.0)
INFO     [2021-06-01 03:52:50,210]: *** sta3-wlan1: Scanning for ap1-ssid
INFO     [2021-06-01 03:52:57,018]: *** sta3-wlan1: Scanning for ap1-ssid
INFO     [2021-06-01 03:53:03,784]: *** sta3-wlan1: Scanning for ap1-ssid
INFO     [2021-06-01 03:53:10,542]: *** sta3-wlan1: Scanning for ap1-ssid
INFO     [2021-06-01 03:53:17,350]: *** sta3-wlan1: Scanning for ap1-ssid
INFO     [2021-06-01 03:53:24,130]: *** sta3-wlan1: Scanning for ap1-ssid
INFO     [2021-06-01 03:53:30,867]: *** sta3-wlan1: Scanning for ap1-ssid
INFO     [2021-06-01 03:53:37,757]: *** sta3-wlan1: Scanning for ap1-ssid
INFO     [2021-06-01 03:53:44,526]: *** sta3-wlan1: Scanning for ap1-ssid
INFO     [2021-06-01 03:53:51,267]: *** sta3-wlan1: Scanning for ap1-ssid
INFO     [2021-06-01 03:53:58,003]: *** sta3-wlan1: Scanning for ap1-ssid
INFO     [2021-06-01 03:54:04,816]: *** sta3-wlan1: Scanning for ap1-ssid
INFO     [2021-06-01 03:54:11,602]: *** sta3-wlan1: Scanning for ap1-ssid
INFO     [2021-06-01 03:54:18,395]: *** sta3-wlan1: Scanning for ap1-ssid
INFO     [2021-06-01 03:54:25,181]: *** sta3-wlan1: Scanning for ap1-ssid
INFO     [2021-06-01 03:54:31,950]: *** sta3-wlan1: Scanning for ap1-ssid
INFO     [2021-06-01 03:54:38,734]: *** sta3-wlan1: Scanning for ap1-ssid
INFO     [2021-06-01 03:54:45,521]: *** sta3-wlan1: Scanning for ap1-ssid
INFO     [2021-06-01 03:54:52,283]: *** sta3-wlan1: Scanning for ap1-ssid
INFO     [2021-06-01 03:54:59,066]: *** sta3-wlan1: Scanning for ap1-ssid
INFO     [2021-06-01 03:55:05,844]: *** sta3-wlan1: Scanning for ap1-ssid
INFO     [2021-06-01 03:55:06,873]: *** sta3-wlan1: Scan detected ap1-ssid in range (signal: -90.0 / -80.0)
INFO     [2021-06-01 03:55:07,878]: *** sta3-wlan1: Scan detected ap1-ssid in range (signal: -90.0 / -80.0)
INFO     [2021-06-01 03:55:08,882]: *** sta3-wlan1: Scan detected ap1-ssid in range (signal: -90.0 / -80.0)
INFO     [2021-06-01 03:55:09,898]: *** sta3-wlan1: Scan detected ap1-ssid in range (signal: -90.0 / -80.0)
INFO     [2021-06-01 03:55:10,906]: *** sta3-wlan1: Scan detected ap1-ssid in range (signal: -90.0 / -80.0)
INFO     [2021-06-01 03:55:11,957]: *** sta3-wlan1: Scan detected ap1-ssid in range (signal: -90.0 / -80.0)
INFO     [2021-06-01 03:55:12,639]: *** sta3-wlan1: Scanning for ap1-ssid
INFO     [2021-06-01 03:55:12,962]: *** sta3-wlan1: Scan detected ap1-ssid in range (signal: -90.0 / -80.0)
INFO     [2021-06-01 03:55:13,967]: *** sta3-wlan1: Scan detected ap1-ssid in range (signal: -90.0 / -80.0)
INFO     [2021-06-01 03:55:14,971]: *** sta3-wlan1: Scan detected ap1-ssid in range (signal: -90.0 / -80.0)
INFO     [2021-06-01 03:55:15,977]: *** sta3-wlan1: Scan detected ap1-ssid in range (signal: -90.0 / -80.0)
INFO     [2021-06-01 03:55:16,982]: *** sta3-wlan1: Scan detected ap1-ssid in range (signal: -90.0 / -80.0)
INFO     [2021-06-01 03:55:17,986]: *** sta3-wlan1: Scan detected ap1-ssid in range (signal: -90.0 / -80.0)
INFO     [2021-06-01 03:55:18,992]: *** sta3-wlan1: Scan detected ap1-ssid in range (signal: -90.0 / -80.0)
INFO     [2021-06-01 03:55:19,419]: *** sta3-wlan1: Scanning for ap1-ssid
INFO     [2021-06-01 03:55:20,010]: *** sta3-wlan1: Scan detected ap1-ssid in range (signal: -90.0 / -80.0)
INFO     [2021-06-01 03:55:21,015]: *** sta3-wlan1: Scan detected ap1-ssid in range (signal: -90.0 / -80.0)
INFO     [2021-06-01 03:55:22,020]: *** sta3-wlan1: Scan detected ap1-ssid in range (signal: -90.0 / -80.0)
INFO     [2021-06-01 03:55:23,025]: *** sta3-wlan1: Scan detected ap1-ssid in range (signal: -90.0 / -80.0)
INFO     [2021-06-01 03:55:24,033]: *** sta3-wlan1: Scan detected ap1-ssid in range (signal: -90.0 / -80.0)
INFO     [2021-06-01 03:55:25,038]: *** sta3-wlan1: Scan detected ap1-ssid in range (signal: -90.0 / -80.0)
INFO     [2021-06-01 03:55:26,044]: *** sta3-wlan1: Scan detected ap1-ssid in range (signal: -90.0 / -80.0)
INFO     [2021-06-01 03:55:26,194]: *** sta3-wlan1: Scanning for ap1-ssid
INFO     [2021-06-01 03:55:27,048]: *** sta3-wlan1: Scan detected ap1-ssid in range (signal: -90.0 / -80.0)
INFO     [2021-06-01 03:55:28,054]: *** sta3-wlan1: Scan detected ap1-ssid in range (signal: -90.0 / -80.0)
INFO     [2021-06-01 03:55:29,058]: *** sta3-wlan1: Scan detected ap1-ssid in range (signal: -90.0 / -80.0)
INFO     [2021-06-01 03:55:30,061]: *** sta3-wlan1: Scan detected ap1-ssid in range (signal: -90.0 / -80.0)
INFO     [2021-06-01 03:55:31,066]: *** sta3-wlan1: Scan detected ap1-ssid in range (signal: -90.0 / -80.0)
INFO     [2021-06-01 03:55:32,076]: *** sta3-wlan1: Scan detected ap1-ssid in range (signal: -90.0 / -80.0)
INFO     [2021-06-01 03:55:32,950]: *** sta3-wlan1: Scanning for ap1-ssid
INFO     [2021-06-01 03:55:33,082]: *** sta3-wlan1: Scan detected ap1-ssid in range (signal: -90.0 / -80.0)
INFO     [2021-06-01 03:55:34,086]: *** sta3-wlan1: Scan detected ap1-ssid in range (signal: -90.0 / -80.0)
INFO     [2021-06-01 03:55:35,091]: *** sta3-wlan1: Scan detected ap1-ssid in range (signal: -90.0 / -80.0)
INFO     [2021-06-01 03:55:39,725]: *** sta3-wlan1: Scanning for ap1-ssid
INFO     [2021-06-01 03:55:46,508]: *** sta3-wlan1: Scanning for ap1-ssid
INFO     [2021-06-01 03:55:53,343]: *** sta3-wlan1: Scanning for ap1-ssid
INFO     [2021-06-01 03:56:00,107]: *** sta3-wlan1: Scanning for ap1-ssid
INFO     [2021-06-01 03:56:06,860]: *** sta3-wlan1: Scanning for ap1-ssid
INFO     [2021-06-01 03:56:13,609]: *** sta3-wlan1: Scanning for ap1-ssid
INFO     [2021-06-01 03:56:20,609]: *** sta3-wlan1: Scanning for ap1-ssid
INFO     [2021-06-01 03:56:27,450]: *** sta3-wlan1: Scanning for ap1-ssid
INFO     [2021-06-01 03:56:34,199]: *** sta3-wlan1: Scanning for ap1-ssid
INFO     [2021-06-01 03:56:40,950]: *** sta3-wlan1: Scanning for ap1-ssid
INFO     [2021-06-01 03:56:47,736]: *** sta3-wlan1: Scanning for ap1-ssid
INFO     [2021-06-01 03:56:48,582]: *** sta3-wlan1: Scan detected ap1-ssid in range (signal: -87.0 / -80.0)
INFO     [2021-06-01 03:56:49,590]: *** sta3-wlan1: Scan detected ap1-ssid in range (signal: -87.0 / -80.0)
INFO     [2021-06-01 03:56:50,606]: *** sta3-wlan1: Scan detected ap1-ssid in range (signal: -87.0 / -80.0)
INFO     [2021-06-01 03:56:51,613]: *** sta3-wlan1: Scan detected ap1-ssid in range (signal: -87.0 / -80.0)
INFO     [2021-06-01 03:56:52,624]: *** sta3-wlan1: Scan detected ap1-ssid in range (signal: -87.0 / -80.0)
INFO     [2021-06-01 03:56:53,631]: *** sta3-wlan1: Scan detected ap1-ssid in range (signal: -87.0 / -80.0)
INFO     [2021-06-01 03:56:54,540]: *** sta3-wlan1: Scanning for ap1-ssid
INFO     [2021-06-01 03:56:54,638]: *** sta3-wlan1: Scan detected ap1-ssid in range (signal: -87.0 / -80.0)
INFO     [2021-06-01 03:56:55,643]: *** sta3-wlan1: Scan detected ap1-ssid in range (signal: -87.0 / -80.0)
INFO     [2021-06-01 03:56:56,658]: *** sta3-wlan1: Scan detected ap1-ssid in range (signal: -87.0 / -80.0)
INFO     [2021-06-01 03:56:57,675]: *** sta3-wlan1: Scan detected ap1-ssid in range (signal: -87.0 / -80.0)
INFO     [2021-06-01 03:56:58,681]: *** sta3-wlan1: Scan detected ap1-ssid in range (signal: -87.0 / -80.0)
INFO     [2021-06-01 03:56:59,686]: *** sta3-wlan1: Scan detected ap1-ssid in range (signal: -87.0 / -80.0)
INFO     [2021-06-01 03:57:00,691]: *** sta3-wlan1: Scan detected ap1-ssid in range (signal: -87.0 / -80.0)
INFO     [2021-06-01 03:57:01,295]: *** sta3-wlan1: Scanning for ap1-ssid
INFO     [2021-06-01 03:57:01,696]: *** sta3-wlan1: Scan detected ap1-ssid in range (signal: -87.0 / -80.0)
INFO     [2021-06-01 03:57:02,701]: *** sta3-wlan1: Scan detected ap1-ssid in range (signal: -87.0 / -80.0)
INFO     [2021-06-01 03:57:03,708]: *** sta3-wlan1: Scan detected ap1-ssid in range (signal: -87.0 / -80.0)
INFO     [2021-06-01 03:57:04,730]: *** sta3-wlan1: Scan detected ap1-ssid in range (signal: -87.0 / -80.0)
INFO     [2021-06-01 03:57:05,734]: *** sta3-wlan1: Scan detected ap1-ssid in range (signal: -87.0 / -80.0)
INFO     [2021-06-01 03:57:06,739]: *** sta3-wlan1: Scan detected ap1-ssid in range (signal: -87.0 / -80.0)
INFO     [2021-06-01 03:57:07,748]: *** sta3-wlan1: Scan detected ap1-ssid in range (signal: -87.0 / -80.0)
INFO     [2021-06-01 03:57:08,064]: *** sta3-wlan1: Scanning for ap1-ssid
INFO     [2021-06-01 03:57:08,753]: *** sta3-wlan1: Scan detected ap1-ssid in range (signal: -87.0 / -80.0)
INFO     [2021-06-01 03:57:09,760]: *** sta3-wlan1: Scan detected ap1-ssid in range (signal: -87.0 / -80.0)
INFO     [2021-06-01 03:57:10,765]: *** sta3-wlan1: Scan detected ap1-ssid in range (signal: -87.0 / -80.0)
INFO     [2021-06-01 03:57:11,769]: *** sta3-wlan1: Scan detected ap1-ssid in range (signal: -87.0 / -80.0)
INFO     [2021-06-01 03:57:12,773]: *** sta3-wlan1: Scan detected ap1-ssid in range (signal: -87.0 / -80.0)
INFO     [2021-06-01 03:57:13,780]: *** sta3-wlan1: Scan detected ap1-ssid in range (signal: -87.0 / -80.0)
INFO     [2021-06-01 03:57:14,785]: *** sta3-wlan1: Scan detected ap1-ssid in range (signal: -87.0 / -80.0)
INFO     [2021-06-01 03:57:14,831]: *** sta3-wlan1: Scanning for ap1-ssid
INFO     [2021-06-01 03:57:15,789]: *** sta3-wlan1: Scan detected ap1-ssid in range (signal: -87.0 / -80.0)
INFO     [2021-06-01 03:57:16,795]: *** sta3-wlan1: Scan detected ap1-ssid in range (signal: -87.0 / -80.0)
INFO     [2021-06-01 03:57:21,723]: *** sta3-wlan1: Scanning for ap1-ssid
INFO     [2021-06-01 03:57:28,501]: *** sta3-wlan1: Scanning for ap1-ssid
INFO     [2021-06-01 03:57:35,249]: *** sta3-wlan1: Scanning for ap1-ssid
INFO     [2021-06-01 03:57:35,905]: *** sta3-wlan1: Scan detected ap1-ssid in range (signal: -87.0 / -80.0)
INFO     [2021-06-01 03:57:36,912]: *** sta3-wlan1: Scan detected ap1-ssid in range (signal: -87.0 / -80.0)
INFO     [2021-06-01 03:57:37,926]: *** sta3-wlan1: Scan detected ap1-ssid in range (signal: -87.0 / -80.0)
INFO     [2021-06-01 03:57:38,933]: *** sta3-wlan1: Scan detected ap1-ssid in range (signal: -87.0 / -80.0)
INFO     [2021-06-01 03:57:39,937]: *** sta3-wlan1: Scan detected ap1-ssid in range (signal: -87.0 / -80.0)
INFO     [2021-06-01 03:57:40,942]: *** sta3-wlan1: Scan detected ap1-ssid in range (signal: -87.0 / -80.0)
INFO     [2021-06-01 03:57:41,947]: *** sta3-wlan1: Scan detected ap1-ssid in range (signal: -87.0 / -80.0)
INFO     [2021-06-01 03:57:42,011]: *** sta3-wlan1: Scanning for ap1-ssid
INFO     [2021-06-01 03:57:42,953]: *** sta3-wlan1: Scan detected ap1-ssid in range (signal: -87.0 / -80.0)
INFO     [2021-06-01 03:57:43,970]: *** sta3-wlan1: Scan detected ap1-ssid in range (signal: -87.0 / -80.0)
INFO     [2021-06-01 03:57:44,974]: *** sta3-wlan1: Scan detected ap1-ssid in range (signal: -87.0 / -80.0)
INFO     [2021-06-01 03:57:45,978]: *** sta3-wlan1: Scan detected ap1-ssid in range (signal: -87.0 / -80.0)
INFO     [2021-06-01 03:57:46,985]: *** sta3-wlan1: Scan detected ap1-ssid in range (signal: -87.0 / -80.0)
INFO     [2021-06-01 03:57:47,992]: *** sta3-wlan1: Scan detected ap1-ssid in range (signal: -87.0 / -80.0)
INFO     [2021-06-01 03:57:48,828]: *** sta3-wlan1: Scanning for ap1-ssid
INFO     [2021-06-01 03:57:48,997]: *** sta3-wlan1: Scan detected ap1-ssid in range (signal: -89.0 / -80.0)
INFO     [2021-06-01 03:57:50,004]: *** sta3-wlan1: Scan detected ap1-ssid in range (signal: -89.0 / -80.0)
INFO     [2021-06-01 03:57:51,009]: *** sta3-wlan1: Scan detected ap1-ssid in range (signal: -89.0 / -80.0)
INFO     [2021-06-01 03:57:52,021]: *** sta3-wlan1: Scan detected ap1-ssid in range (signal: -89.0 / -80.0)
INFO     [2021-06-01 03:57:53,026]: *** sta3-wlan1: Scan detected ap1-ssid in range (signal: -89.0 / -80.0)
INFO     [2021-06-01 03:57:54,039]: *** sta3-wlan1: Scan detected ap1-ssid in range (signal: -89.0 / -80.0)
INFO     [2021-06-01 03:57:55,044]: *** sta3-wlan1: Scan detected ap1-ssid in range (signal: -89.0 / -80.0)
INFO     [2021-06-01 03:57:55,696]: *** sta3-wlan1: Scanning for ap1-ssid
INFO     [2021-06-01 03:57:56,049]: *** sta3-wlan1: Scan detected ap1-ssid in range (signal: -88.0 / -80.0)
INFO     [2021-06-01 03:57:57,054]: *** sta3-wlan1: Scan detected ap1-ssid in range (signal: -88.0 / -80.0)
INFO     [2021-06-01 03:57:58,059]: *** sta3-wlan1: Scan detected ap1-ssid in range (signal: -88.0 / -80.0)
INFO     [2021-06-01 03:57:59,065]: *** sta3-wlan1: Scan detected ap1-ssid in range (signal: -88.0 / -80.0)
INFO     [2021-06-01 03:58:00,074]: *** sta3-wlan1: Scan detected ap1-ssid in range (signal: -88.0 / -80.0)
INFO     [2021-06-01 03:58:01,080]: *** sta3-wlan1: Scan detected ap1-ssid in range (signal: -88.0 / -80.0)
INFO     [2021-06-01 03:58:02,085]: *** sta3-wlan1: Scan detected ap1-ssid in range (signal: -88.0 / -80.0)
INFO     [2021-06-01 03:58:02,498]: *** sta3-wlan1: Scanning for ap1-ssid
INFO     [2021-06-01 03:58:03,090]: *** sta3-wlan1: Scan detected ap1-ssid in range (signal: -90.0 / -80.0)
INFO     [2021-06-01 03:58:04,096]: *** sta3-wlan1: Scan detected ap1-ssid in range (signal: -90.0 / -80.0)
INFO     [2021-06-01 03:58:05,100]: *** sta3-wlan1: Scan detected ap1-ssid in range (signal: -90.0 / -80.0)
INFO     [2021-06-01 03:58:06,105]: *** sta3-wlan1: Scan detected ap1-ssid in range (signal: -90.0 / -80.0)
INFO     [2021-06-01 03:58:07,109]: *** sta3-wlan1: Scan detected ap1-ssid in range (signal: -90.0 / -80.0)
INFO     [2021-06-01 03:58:08,114]: *** sta3-wlan1: Scan detected ap1-ssid in range (signal: -90.0 / -80.0)
INFO     [2021-06-01 03:58:09,119]: *** sta3-wlan1: Scan detected ap1-ssid in range (signal: -90.0 / -80.0)
INFO     [2021-06-01 03:58:09,266]: *** sta3-wlan1: Scanning for ap1-ssid
INFO     [2021-06-01 03:58:10,133]: *** sta3-wlan1: Scan detected ap1-ssid in range (signal: -87.0 / -80.0)
INFO     [2021-06-01 03:58:11,138]: *** sta3-wlan1: Scan detected ap1-ssid in range (signal: -87.0 / -80.0)
INFO     [2021-06-01 03:58:12,148]: *** sta3-wlan1: Scan detected ap1-ssid in range (signal: -87.0 / -80.0)
INFO     [2021-06-01 03:58:13,152]: *** sta3-wlan1: Scan detected ap1-ssid in range (signal: -88.0 / -80.0)
INFO     [2021-06-01 03:58:14,157]: *** sta3-wlan1: Scan detected ap1-ssid in range (signal: -88.0 / -80.0)
INFO     [2021-06-01 03:58:15,162]: *** sta3-wlan1: Scan detected ap1-ssid in range (signal: -88.0 / -80.0)
INFO     [2021-06-01 03:58:16,046]: *** sta3-wlan1: Scanning for ap1-ssid
INFO     [2021-06-01 03:58:16,169]: *** sta3-wlan1: Scan detected ap1-ssid in range (signal: -84.0 / -80.0)
INFO     [2021-06-01 03:58:17,175]: *** sta3-wlan1: Scan detected ap1-ssid in range (signal: -84.0 / -80.0)
INFO     [2021-06-01 03:58:18,181]: *** sta3-wlan1: Scan detected ap1-ssid in range (signal: -84.0 / -80.0)
INFO     [2021-06-01 03:58:19,186]: *** sta3-wlan1: Scan detected ap1-ssid in range (signal: -84.0 / -80.0)
INFO     [2021-06-01 03:58:20,191]: *** sta3-wlan1: Scan detected ap1-ssid in range (signal: -84.0 / -80.0)
INFO     [2021-06-01 03:58:21,196]: *** sta3-wlan1: Scan detected ap1-ssid in range (signal: -84.0 / -80.0)
INFO     [2021-06-01 03:58:22,201]: *** sta3-wlan1: Scan detected ap1-ssid in range (signal: -84.0 / -80.0)
INFO     [2021-06-01 03:58:22,790]: *** sta3-wlan1: Scanning for ap1-ssid
INFO     [2021-06-01 03:58:23,205]: *** sta3-wlan1: Scan detected ap1-ssid in range (signal: -88.0 / -80.0)
INFO     [2021-06-01 03:58:24,209]: *** sta3-wlan1: Scan detected ap1-ssid in range (signal: -88.0 / -80.0)
INFO     [2021-06-01 03:58:25,214]: *** sta3-wlan1: Scan detected ap1-ssid in range (signal: -88.0 / -80.0)
INFO     [2021-06-01 03:58:26,217]: *** sta3-wlan1: Scan detected ap1-ssid in range (signal: -88.0 / -80.0)
INFO     [2021-06-01 03:58:27,224]: *** sta3-wlan1: Scan detected ap1-ssid in range (signal: -88.0 / -80.0)
INFO     [2021-06-01 03:58:28,230]: *** sta3-wlan1: Scan detected ap1-ssid in range (signal: -88.0 / -80.0)
INFO     [2021-06-01 03:58:29,235]: *** sta3-wlan1: Scan detected ap1-ssid in range (signal: -88.0 / -80.0)
INFO     [2021-06-01 03:58:29,551]: *** sta3-wlan1: Scanning for ap1-ssid
INFO     [2021-06-01 03:58:30,239]: *** sta3-wlan1: Scan detected ap1-ssid in range (signal: -86.0 / -80.0)
INFO     [2021-06-01 03:58:31,244]: *** sta3-wlan1: Scan detected ap1-ssid in range (signal: -86.0 / -80.0)
INFO     [2021-06-01 03:58:32,249]: *** sta3-wlan1: Scan detected ap1-ssid in range (signal: -86.0 / -80.0)
INFO     [2021-06-01 03:58:33,254]: *** sta3-wlan1: Scan detected ap1-ssid in range (signal: -86.0 / -80.0)
INFO     [2021-06-01 03:58:34,263]: *** sta3-wlan1: Scan detected ap1-ssid in range (signal: -86.0 / -80.0)
INFO     [2021-06-01 03:58:35,267]: *** sta3-wlan1: Scan detected ap1-ssid in range (signal: -86.0 / -80.0)
INFO     [2021-06-01 03:58:36,278]: *** sta3-wlan1: Scan detected ap1-ssid in range (signal: -86.0 / -80.0)
INFO     [2021-06-01 03:58:36,330]: *** sta3-wlan1: Scanning for ap1-ssid
INFO     [2021-06-01 03:58:37,282]: *** sta3-wlan1: Scan detected ap1-ssid in range (signal: -84.0 / -80.0)
INFO     [2021-06-01 03:58:38,287]: *** sta3-wlan1: Scan detected ap1-ssid in range (signal: -84.0 / -80.0)
INFO     [2021-06-01 03:58:39,291]: *** sta3-wlan1: Scan detected ap1-ssid in range (signal: -84.0 / -80.0)
INFO     [2021-06-01 03:58:40,298]: *** sta3-wlan1: Scan detected ap1-ssid in range (signal: -84.0 / -80.0)
INFO     [2021-06-01 03:58:41,310]: *** sta3-wlan1: Scan detected ap1-ssid in range (signal: -84.0 / -80.0)
INFO     [2021-06-01 03:58:42,315]: *** sta3-wlan1: Scan detected ap1-ssid in range (signal: -84.0 / -80.0)
INFO     [2021-06-01 03:58:43,150]: *** sta3-wlan1: Scanning for ap1-ssid
INFO     [2021-06-01 03:58:43,320]: *** sta3-wlan1: Scan detected ap1-ssid in range (signal: -80.0 / -80.0)
INFO     [2021-06-01 03:58:47,105]: *** sta3-wlan0: Connected interface to ap1-ssid
