INFO     [2021-06-01 04:55:14,443]: *** sta3-wlan0: Started flexible_sdn.py
INFO     [2021-06-01 04:55:14,446]: *** sta3: Interface: sta3-wlan0, Scan-interface: sta3-wlan1
INFO     [2021-06-01 04:57:33,234]: *** sta3-wlan1: Scanner started. Searching for ap1-ssid with interval 2.0
INFO     [2021-06-01 04:57:35,237]: *** sta3-wlan1: Scanning for ap1-ssid
INFO     [2021-06-01 04:57:36,254]: *** sta3-wlan1: Scan detected ap1-ssid in range (signal: -88.0 / -82.0)
INFO     [2021-06-01 04:57:37,258]: *** sta3-wlan1: Scan detected ap1-ssid in range (signal: -88.0 / -82.0)
INFO     [2021-06-01 04:57:38,266]: *** sta3-wlan1: Scan detected ap1-ssid in range (signal: -88.0 / -82.0)
INFO     [2021-06-01 04:57:39,270]: *** sta3-wlan1: Scan detected ap1-ssid in range (signal: -84.0 / -82.0)
INFO     [2021-06-01 04:57:40,273]: *** sta3-wlan1: Scan detected ap1-ssid in range (signal: -84.0 / -82.0)
INFO     [2021-06-01 04:57:40,969]: *** sta3-wlan1: Scanning for ap1-ssid
INFO     [2021-06-01 04:57:41,277]: *** sta3-wlan1: Scan detected ap1-ssid in range (signal: -87.0 / -82.0)
INFO     [2021-06-01 04:57:42,281]: *** sta3-wlan1: Scan detected ap1-ssid in range (signal: -87.0 / -82.0)
INFO     [2021-06-01 04:57:43,286]: *** sta3-wlan1: Scan detected ap1-ssid in range (signal: -87.0 / -82.0)
INFO     [2021-06-01 04:57:44,305]: *** sta3-wlan1: Scan detected ap1-ssid in range (signal: -87.0 / -82.0)
INFO     [2021-06-01 04:57:45,311]: *** sta3-wlan1: Scan detected ap1-ssid in range (signal: -87.0 / -82.0)
INFO     [2021-06-01 04:57:46,320]: *** sta3-wlan1: Scan detected ap1-ssid in range (signal: -87.0 / -82.0)
INFO     [2021-06-01 04:57:46,720]: *** sta3-wlan1: Scanning for ap1-ssid
INFO     [2021-06-01 04:57:47,330]: *** sta3-wlan1: Scan detected ap1-ssid in range (signal: -89.0 / -82.0)
INFO     [2021-06-01 04:57:48,346]: *** sta3-wlan1: Scan detected ap1-ssid in range (signal: -89.0 / -82.0)
INFO     [2021-06-01 04:57:49,350]: *** sta3-wlan1: Scan detected ap1-ssid in range (signal: -89.0 / -82.0)
INFO     [2021-06-01 04:57:50,355]: *** sta3-wlan1: Scan detected ap1-ssid in range (signal: -89.0 / -82.0)
INFO     [2021-06-01 04:57:51,367]: *** sta3-wlan1: Scan detected ap1-ssid in range (signal: -89.0 / -82.0)
INFO     [2021-06-01 04:57:52,374]: *** sta3-wlan1: Scan detected ap1-ssid in range (signal: -89.0 / -82.0)
INFO     [2021-06-01 04:57:52,485]: *** sta3-wlan1: Scanning for ap1-ssid
INFO     [2021-06-01 04:57:53,378]: *** sta3-wlan1: Scan detected ap1-ssid in range (signal: -87.0 / -82.0)
INFO     [2021-06-01 04:57:54,382]: *** sta3-wlan1: Scan detected ap1-ssid in range (signal: -87.0 / -82.0)
INFO     [2021-06-01 04:57:55,387]: *** sta3-wlan1: Scan detected ap1-ssid in range (signal: -87.0 / -82.0)
INFO     [2021-06-01 04:57:56,391]: *** sta3-wlan1: Scan detected ap1-ssid in range (signal: -87.0 / -82.0)
INFO     [2021-06-01 04:57:57,398]: *** sta3-wlan1: Scan detected ap1-ssid in range (signal: -87.0 / -82.0)
INFO     [2021-06-01 04:57:58,290]: *** sta3-wlan1: Scanning for ap1-ssid
INFO     [2021-06-01 04:57:58,408]: *** sta3-wlan1: Scan detected ap1-ssid in range (signal: -89.0 / -82.0)
INFO     [2021-06-01 04:57:59,413]: *** sta3-wlan1: Scan detected ap1-ssid in range (signal: -89.0 / -82.0)
INFO     [2021-06-01 04:58:00,425]: *** sta3-wlan1: Scan detected ap1-ssid in range (signal: -89.0 / -82.0)
INFO     [2021-06-01 04:58:01,433]: *** sta3-wlan1: Scan detected ap1-ssid in range (signal: -89.0 / -82.0)
INFO     [2021-06-01 04:58:02,438]: *** sta3-wlan1: Scan detected ap1-ssid in range (signal: -89.0 / -82.0)
INFO     [2021-06-01 04:58:03,443]: *** sta3-wlan1: Scan detected ap1-ssid in range (signal: -89.0 / -82.0)
INFO     [2021-06-01 04:58:04,057]: *** sta3-wlan1: Scanning for ap1-ssid
INFO     [2021-06-01 04:58:04,448]: *** sta3-wlan1: Scan detected ap1-ssid in range (signal: -87.0 / -82.0)
INFO     [2021-06-01 04:58:05,453]: *** sta3-wlan1: Scan detected ap1-ssid in range (signal: -87.0 / -82.0)
INFO     [2021-06-01 04:58:06,460]: *** sta3-wlan1: Scan detected ap1-ssid in range (signal: -87.0 / -82.0)
INFO     [2021-06-01 04:58:07,466]: *** sta3-wlan1: Scan detected ap1-ssid in range (signal: -87.0 / -82.0)
INFO     [2021-06-01 04:58:08,474]: *** sta3-wlan1: Scan detected ap1-ssid in range (signal: -87.0 / -82.0)
INFO     [2021-06-01 04:58:09,488]: *** sta3-wlan1: Scan detected ap1-ssid in range (signal: -87.0 / -82.0)
INFO     [2021-06-01 04:58:09,849]: *** sta3-wlan1: Scanning for ap1-ssid
INFO     [2021-06-01 04:58:10,494]: *** sta3-wlan1: Scan detected ap1-ssid in range (signal: -87.0 / -82.0)
INFO     [2021-06-01 04:58:11,505]: *** sta3-wlan1: Scan detected ap1-ssid in range (signal: -87.0 / -82.0)
INFO     [2021-06-01 04:58:12,510]: *** sta3-wlan1: Scan detected ap1-ssid in range (signal: -87.0 / -82.0)
INFO     [2021-06-01 04:58:13,527]: *** sta3-wlan1: Scan detected ap1-ssid in range (signal: -87.0 / -82.0)
INFO     [2021-06-01 04:58:14,533]: *** sta3-wlan1: Scan detected ap1-ssid in range (signal: -87.0 / -82.0)
INFO     [2021-06-01 04:58:15,544]: *** sta3-wlan1: Scan detected ap1-ssid in range (signal: -87.0 / -82.0)
INFO     [2021-06-01 04:58:15,587]: *** sta3-wlan1: Scanning for ap1-ssid
INFO     [2021-06-01 04:58:16,558]: *** sta3-wlan1: Scan detected ap1-ssid in range (signal: -87.0 / -82.0)
INFO     [2021-06-01 04:58:17,563]: *** sta3-wlan1: Scan detected ap1-ssid in range (signal: -87.0 / -82.0)
INFO     [2021-06-01 04:58:18,568]: *** sta3-wlan1: Scan detected ap1-ssid in range (signal: -87.0 / -82.0)
INFO     [2021-06-01 04:58:19,573]: *** sta3-wlan1: Scan detected ap1-ssid in range (signal: -87.0 / -82.0)
INFO     [2021-06-01 04:58:20,578]: *** sta3-wlan1: Scan detected ap1-ssid in range (signal: -87.0 / -82.0)
INFO     [2021-06-01 04:58:21,321]: *** sta3-wlan1: Scanning for ap1-ssid
INFO     [2021-06-01 04:58:21,583]: *** sta3-wlan1: Scan detected ap1-ssid in range (signal: -87.0 / -82.0)
INFO     [2021-06-01 04:58:22,591]: *** sta3-wlan1: Scan detected ap1-ssid in range (signal: -87.0 / -82.0)
INFO     [2021-06-01 04:58:23,599]: *** sta3-wlan1: Scan detected ap1-ssid in range (signal: -87.0 / -82.0)
INFO     [2021-06-01 04:58:24,604]: *** sta3-wlan1: Scan detected ap1-ssid in range (signal: -87.0 / -82.0)
INFO     [2021-06-01 04:58:25,609]: *** sta3-wlan1: Scan detected ap1-ssid in range (signal: -87.0 / -82.0)
INFO     [2021-06-01 04:58:26,614]: *** sta3-wlan1: Scan detected ap1-ssid in range (signal: -87.0 / -82.0)
INFO     [2021-06-01 04:58:27,160]: *** sta3-wlan1: Scanning for ap1-ssid
INFO     [2021-06-01 04:58:27,618]: *** sta3-wlan1: Scan detected ap1-ssid in range (signal: -90.0 / -82.0)
INFO     [2021-06-01 04:58:28,628]: *** sta3-wlan1: Scan detected ap1-ssid in range (signal: -90.0 / -82.0)
INFO     [2021-06-01 04:58:29,638]: *** sta3-wlan1: Scan detected ap1-ssid in range (signal: -90.0 / -82.0)
INFO     [2021-06-01 04:58:30,645]: *** sta3-wlan1: Scan detected ap1-ssid in range (signal: -90.0 / -82.0)
INFO     [2021-06-01 04:58:31,655]: *** sta3-wlan1: Scan detected ap1-ssid in range (signal: -90.0 / -82.0)
INFO     [2021-06-01 04:58:32,663]: *** sta3-wlan1: Scan detected ap1-ssid in range (signal: -90.0 / -82.0)
INFO     [2021-06-01 04:58:32,966]: *** sta3-wlan1: Scanning for ap1-ssid
INFO     [2021-06-01 04:58:33,669]: *** sta3-wlan1: Scan detected ap1-ssid in range (signal: -90.0 / -82.0)
INFO     [2021-06-01 04:58:34,674]: *** sta3-wlan1: Scan detected ap1-ssid in range (signal: -90.0 / -82.0)
INFO     [2021-06-01 04:58:35,678]: *** sta3-wlan1: Scan detected ap1-ssid in range (signal: -90.0 / -82.0)
INFO     [2021-06-01 04:58:36,684]: *** sta3-wlan1: Scan detected ap1-ssid in range (signal: -90.0 / -82.0)
INFO     [2021-06-01 04:58:37,690]: *** sta3-wlan1: Scan detected ap1-ssid in range (signal: -90.0 / -82.0)
INFO     [2021-06-01 04:58:38,746]: *** sta3-wlan1: Scan detected ap1-ssid in range (signal: -90.0 / -82.0)
INFO     [2021-06-01 04:58:38,781]: *** sta3-wlan1: Scanning for ap1-ssid
INFO     [2021-06-01 04:58:39,755]: *** sta3-wlan1: Scan detected ap1-ssid in range (signal: -90.0 / -82.0)
INFO     [2021-06-01 04:58:40,772]: *** sta3-wlan1: Scan detected ap1-ssid in range (signal: -90.0 / -82.0)
INFO     [2021-06-01 04:58:41,781]: *** sta3-wlan1: Scan detected ap1-ssid in range (signal: -90.0 / -82.0)
INFO     [2021-06-01 04:58:42,786]: *** sta3-wlan1: Scan detected ap1-ssid in range (signal: -90.0 / -82.0)
INFO     [2021-06-01 04:58:43,791]: *** sta3-wlan1: Scan detected ap1-ssid in range (signal: -90.0 / -82.0)
INFO     [2021-06-01 04:58:44,793]: *** sta3-wlan1: Scanning for ap1-ssid
INFO     [2021-06-01 04:58:44,796]: *** sta3-wlan1: Scan detected ap1-ssid in range (signal: -90.0 / -82.0)
INFO     [2021-06-01 04:58:45,802]: *** sta3-wlan1: Scan detected ap1-ssid in range (signal: -90.0 / -82.0)
INFO     [2021-06-01 04:58:46,808]: *** sta3-wlan1: Scan detected ap1-ssid in range (signal: -90.0 / -82.0)
INFO     [2021-06-01 04:58:47,812]: *** sta3-wlan1: Scan detected ap1-ssid in range (signal: -90.0 / -82.0)
INFO     [2021-06-01 04:58:48,816]: *** sta3-wlan1: Scan detected ap1-ssid in range (signal: -90.0 / -82.0)
INFO     [2021-06-01 04:58:49,821]: *** sta3-wlan1: Scan detected ap1-ssid in range (signal: -90.0 / -82.0)
INFO     [2021-06-01 04:58:50,566]: *** sta3-wlan1: Scanning for ap1-ssid
INFO     [2021-06-01 04:58:50,830]: *** sta3-wlan1: Scan detected ap1-ssid in range (signal: -90.0 / -82.0)
INFO     [2021-06-01 04:58:51,840]: *** sta3-wlan1: Scan detected ap1-ssid in range (signal: -90.0 / -82.0)
INFO     [2021-06-01 04:58:52,848]: *** sta3-wlan1: Scan detected ap1-ssid in range (signal: -90.0 / -82.0)
INFO     [2021-06-01 04:58:53,852]: *** sta3-wlan1: Scan detected ap1-ssid in range (signal: -90.0 / -82.0)
INFO     [2021-06-01 04:58:54,856]: *** sta3-wlan1: Scan detected ap1-ssid in range (signal: -90.0 / -82.0)
INFO     [2021-06-01 04:58:55,869]: *** sta3-wlan1: Scan detected ap1-ssid in range (signal: -90.0 / -82.0)
INFO     [2021-06-01 04:58:56,386]: *** sta3-wlan1: Scanning for ap1-ssid
INFO     [2021-06-01 04:58:56,885]: *** sta3-wlan1: Scan detected ap1-ssid in range (signal: -90.0 / -82.0)
INFO     [2021-06-01 04:59:02,245]: *** sta3-wlan1: Scanning for ap1-ssid
INFO     [2021-06-01 04:59:08,087]: *** sta3-wlan1: Scanning for ap1-ssid
INFO     [2021-06-01 04:59:13,907]: *** sta3-wlan1: Scanning for ap1-ssid
INFO     [2021-06-01 04:59:19,676]: *** sta3-wlan1: Scanning for ap1-ssid
INFO     [2021-06-01 04:59:25,451]: *** sta3-wlan1: Scanning for ap1-ssid
INFO     [2021-06-01 04:59:31,523]: *** sta3-wlan1: Scanning for ap1-ssid
INFO     [2021-06-01 04:59:37,732]: *** sta3-wlan1: Scanning for ap1-ssid
INFO     [2021-06-01 04:59:43,510]: *** sta3-wlan1: Scanning for ap1-ssid
INFO     [2021-06-01 04:59:49,266]: *** sta3-wlan1: Scanning for ap1-ssid
INFO     [2021-06-01 04:59:55,311]: *** sta3-wlan1: Scanning for ap1-ssid
INFO     [2021-06-01 05:00:01,966]: *** sta3-wlan1: Scanning for ap1-ssid
INFO     [2021-06-01 05:00:08,376]: *** sta3-wlan1: Scanning for ap1-ssid
INFO     [2021-06-01 05:00:14,208]: *** sta3-wlan1: Scanning for ap1-ssid
INFO     [2021-06-01 05:00:20,451]: *** sta3-wlan1: Scanning for ap1-ssid
INFO     [2021-06-01 05:00:26,259]: *** sta3-wlan1: Scanning for ap1-ssid
INFO     [2021-06-01 05:00:26,874]: *** sta3-wlan1: Scan detected ap1-ssid in range (signal: -90.0 / -82.0)
INFO     [2021-06-01 05:00:27,879]: *** sta3-wlan1: Scan detected ap1-ssid in range (signal: -90.0 / -82.0)
INFO     [2021-06-01 05:00:28,884]: *** sta3-wlan1: Scan detected ap1-ssid in range (signal: -90.0 / -82.0)
INFO     [2021-06-01 05:00:29,891]: *** sta3-wlan1: Scan detected ap1-ssid in range (signal: -90.0 / -82.0)
INFO     [2021-06-01 05:00:30,895]: *** sta3-wlan1: Scan detected ap1-ssid in range (signal: -90.0 / -82.0)
INFO     [2021-06-01 05:00:31,900]: *** sta3-wlan1: Scan detected ap1-ssid in range (signal: -90.0 / -82.0)
INFO     [2021-06-01 05:00:32,046]: *** sta3-wlan1: Scanning for ap1-ssid
INFO     [2021-06-01 05:00:32,904]: *** sta3-wlan1: Scan detected ap1-ssid in range (signal: -90.0 / -82.0)
INFO     [2021-06-01 05:00:33,909]: *** sta3-wlan1: Scan detected ap1-ssid in range (signal: -90.0 / -82.0)
INFO     [2021-06-01 05:00:34,914]: *** sta3-wlan1: Scan detected ap1-ssid in range (signal: -90.0 / -82.0)
INFO     [2021-06-01 05:00:35,920]: *** sta3-wlan1: Scan detected ap1-ssid in range (signal: -90.0 / -82.0)
INFO     [2021-06-01 05:00:36,925]: *** sta3-wlan1: Scan detected ap1-ssid in range (signal: -90.0 / -82.0)
INFO     [2021-06-01 05:00:37,874]: *** sta3-wlan1: Scanning for ap1-ssid
INFO     [2021-06-01 05:00:37,930]: *** sta3-wlan1: Scan detected ap1-ssid in range (signal: -90.0 / -82.0)
INFO     [2021-06-01 05:00:38,935]: *** sta3-wlan1: Scan detected ap1-ssid in range (signal: -90.0 / -82.0)
INFO     [2021-06-01 05:00:39,956]: *** sta3-wlan1: Scan detected ap1-ssid in range (signal: -90.0 / -82.0)
INFO     [2021-06-01 05:00:40,970]: *** sta3-wlan1: Scan detected ap1-ssid in range (signal: -90.0 / -82.0)
INFO     [2021-06-01 05:00:41,976]: *** sta3-wlan1: Scan detected ap1-ssid in range (signal: -90.0 / -82.0)
INFO     [2021-06-01 05:00:42,982]: *** sta3-wlan1: Scan detected ap1-ssid in range (signal: -90.0 / -82.0)
INFO     [2021-06-01 05:00:43,860]: *** sta3-wlan1: Scanning for ap1-ssid
INFO     [2021-06-01 05:00:43,987]: *** sta3-wlan1: Scan detected ap1-ssid in range (signal: -90.0 / -82.0)
INFO     [2021-06-01 05:00:44,992]: *** sta3-wlan1: Scan detected ap1-ssid in range (signal: -90.0 / -82.0)
INFO     [2021-06-01 05:00:46,002]: *** sta3-wlan1: Scan detected ap1-ssid in range (signal: -90.0 / -82.0)
INFO     [2021-06-01 05:00:47,018]: *** sta3-wlan1: Scan detected ap1-ssid in range (signal: -90.0 / -82.0)
INFO     [2021-06-01 05:00:48,022]: *** sta3-wlan1: Scan detected ap1-ssid in range (signal: -90.0 / -82.0)
INFO     [2021-06-01 05:00:49,027]: *** sta3-wlan1: Scan detected ap1-ssid in range (signal: -90.0 / -82.0)
INFO     [2021-06-01 05:00:49,632]: *** sta3-wlan1: Scanning for ap1-ssid
INFO     [2021-06-01 05:00:50,031]: *** sta3-wlan1: Scan detected ap1-ssid in range (signal: -90.0 / -82.0)
INFO     [2021-06-01 05:00:51,037]: *** sta3-wlan1: Scan detected ap1-ssid in range (signal: -90.0 / -82.0)
INFO     [2021-06-01 05:00:52,042]: *** sta3-wlan1: Scan detected ap1-ssid in range (signal: -90.0 / -82.0)
INFO     [2021-06-01 05:00:53,046]: *** sta3-wlan1: Scan detected ap1-ssid in range (signal: -90.0 / -82.0)
INFO     [2021-06-01 05:00:54,050]: *** sta3-wlan1: Scan detected ap1-ssid in range (signal: -90.0 / -82.0)
INFO     [2021-06-01 05:00:55,054]: *** sta3-wlan1: Scan detected ap1-ssid in range (signal: -90.0 / -82.0)
INFO     [2021-06-01 05:00:55,402]: *** sta3-wlan1: Scanning for ap1-ssid
INFO     [2021-06-01 05:00:56,058]: *** sta3-wlan1: Scan detected ap1-ssid in range (signal: -90.0 / -82.0)
INFO     [2021-06-01 05:01:01,179]: *** sta3-wlan1: Scanning for ap1-ssid
INFO     [2021-06-01 05:01:06,934]: *** sta3-wlan1: Scanning for ap1-ssid
INFO     [2021-06-01 05:01:12,726]: *** sta3-wlan1: Scanning for ap1-ssid
INFO     [2021-06-01 05:01:18,526]: *** sta3-wlan1: Scanning for ap1-ssid
INFO     [2021-06-01 05:01:24,319]: *** sta3-wlan1: Scanning for ap1-ssid
INFO     [2021-06-01 05:01:30,115]: *** sta3-wlan1: Scanning for ap1-ssid
INFO     [2021-06-01 05:01:35,987]: *** sta3-wlan1: Scanning for ap1-ssid
INFO     [2021-06-01 05:01:41,784]: *** sta3-wlan1: Scanning for ap1-ssid
INFO     [2021-06-01 05:01:47,534]: *** sta3-wlan1: Scanning for ap1-ssid
INFO     [2021-06-01 05:01:53,287]: *** sta3-wlan1: Scanning for ap1-ssid
INFO     [2021-06-01 05:01:59,045]: *** sta3-wlan1: Scanning for ap1-ssid
INFO     [2021-06-01 05:02:04,809]: *** sta3-wlan1: Scanning for ap1-ssid
INFO     [2021-06-01 05:02:10,948]: *** sta3-wlan1: Scanning for ap1-ssid
INFO     [2021-06-01 05:02:17,158]: *** sta3-wlan1: Scanning for ap1-ssid
INFO     [2021-06-01 05:02:22,921]: *** sta3-wlan1: Scanning for ap1-ssid
INFO     [2021-06-01 05:02:28,665]: *** sta3-wlan1: Scanning for ap1-ssid
INFO     [2021-06-01 05:02:35,425]: *** sta3-wlan1: Scanning for ap1-ssid
INFO     [2021-06-01 05:02:41,865]: *** sta3-wlan1: Scanning for ap1-ssid
INFO     [2021-06-01 05:02:41,871]: *** sta3-wlan1: Scan detected ap1-ssid in range (signal: -88.0 / -82.0)
INFO     [2021-06-01 05:02:42,877]: *** sta3-wlan1: Scan detected ap1-ssid in range (signal: -88.0 / -82.0)
INFO     [2021-06-01 05:02:43,882]: *** sta3-wlan1: Scan detected ap1-ssid in range (signal: -88.0 / -82.0)
INFO     [2021-06-01 05:02:44,888]: *** sta3-wlan1: Scan detected ap1-ssid in range (signal: -88.0 / -82.0)
INFO     [2021-06-01 05:02:45,893]: *** sta3-wlan1: Scan detected ap1-ssid in range (signal: -88.0 / -82.0)
INFO     [2021-06-01 05:02:46,900]: *** sta3-wlan1: Scan detected ap1-ssid in range (signal: -88.0 / -82.0)
INFO     [2021-06-01 05:02:47,638]: *** sta3-wlan1: Scanning for ap1-ssid
INFO     [2021-06-01 05:02:47,904]: *** sta3-wlan1: Scan detected ap1-ssid in range (signal: -90.0 / -82.0)
INFO     [2021-06-01 05:02:48,909]: *** sta3-wlan1: Scan detected ap1-ssid in range (signal: -90.0 / -82.0)
INFO     [2021-06-01 05:02:49,915]: *** sta3-wlan1: Scan detected ap1-ssid in range (signal: -90.0 / -82.0)
INFO     [2021-06-01 05:02:50,920]: *** sta3-wlan1: Scan detected ap1-ssid in range (signal: -90.0 / -82.0)
INFO     [2021-06-01 05:02:51,925]: *** sta3-wlan1: Scan detected ap1-ssid in range (signal: -90.0 / -82.0)
INFO     [2021-06-01 05:02:52,937]: *** sta3-wlan1: Scan detected ap1-ssid in range (signal: -90.0 / -82.0)
INFO     [2021-06-01 05:02:53,376]: *** sta3-wlan1: Scanning for ap1-ssid
INFO     [2021-06-01 05:02:53,943]: *** sta3-wlan1: Scan detected ap1-ssid in range (signal: -90.0 / -82.0)
INFO     [2021-06-01 05:02:54,951]: *** sta3-wlan1: Scan detected ap1-ssid in range (signal: -90.0 / -82.0)
INFO     [2021-06-01 05:02:55,956]: *** sta3-wlan1: Scan detected ap1-ssid in range (signal: -90.0 / -82.0)
INFO     [2021-06-01 05:02:56,962]: *** sta3-wlan1: Scan detected ap1-ssid in range (signal: -90.0 / -82.0)
INFO     [2021-06-01 05:02:57,969]: *** sta3-wlan1: Scan detected ap1-ssid in range (signal: -90.0 / -82.0)
INFO     [2021-06-01 05:02:58,974]: *** sta3-wlan1: Scan detected ap1-ssid in range (signal: -90.0 / -82.0)
INFO     [2021-06-01 05:02:59,133]: *** sta3-wlan1: Scanning for ap1-ssid
INFO     [2021-06-01 05:02:59,980]: *** sta3-wlan1: Scan detected ap1-ssid in range (signal: -89.0 / -82.0)
INFO     [2021-06-01 05:03:00,998]: *** sta3-wlan1: Scan detected ap1-ssid in range (signal: -89.0 / -82.0)
INFO     [2021-06-01 05:03:02,020]: *** sta3-wlan1: Scan detected ap1-ssid in range (signal: -89.0 / -82.0)
INFO     [2021-06-01 05:03:03,026]: *** sta3-wlan1: Scan detected ap1-ssid in range (signal: -89.0 / -82.0)
INFO     [2021-06-01 05:03:04,033]: *** sta3-wlan1: Scan detected ap1-ssid in range (signal: -89.0 / -82.0)
INFO     [2021-06-01 05:03:04,917]: *** sta3-wlan1: Scanning for ap1-ssid
INFO     [2021-06-01 05:03:05,038]: *** sta3-wlan1: Scan detected ap1-ssid in range (signal: -89.0 / -82.0)
INFO     [2021-06-01 05:03:06,042]: *** sta3-wlan1: Scan detected ap1-ssid in range (signal: -89.0 / -82.0)
INFO     [2021-06-01 05:03:07,048]: *** sta3-wlan1: Scan detected ap1-ssid in range (signal: -89.0 / -82.0)
INFO     [2021-06-01 05:03:08,063]: *** sta3-wlan1: Scan detected ap1-ssid in range (signal: -89.0 / -82.0)
INFO     [2021-06-01 05:03:09,069]: *** sta3-wlan1: Scan detected ap1-ssid in range (signal: -89.0 / -82.0)
INFO     [2021-06-01 05:03:10,085]: *** sta3-wlan1: Scan detected ap1-ssid in range (signal: -89.0 / -82.0)
INFO     [2021-06-01 05:03:10,658]: *** sta3-wlan1: Scanning for ap1-ssid
INFO     [2021-06-01 05:03:11,090]: *** sta3-wlan1: Scan detected ap1-ssid in range (signal: -89.0 / -82.0)
INFO     [2021-06-01 05:03:12,102]: *** sta3-wlan1: Scan detected ap1-ssid in range (signal: -89.0 / -82.0)
INFO     [2021-06-01 05:03:13,108]: *** sta3-wlan1: Scan detected ap1-ssid in range (signal: -89.0 / -82.0)
INFO     [2021-06-01 05:03:14,117]: *** sta3-wlan1: Scan detected ap1-ssid in range (signal: -89.0 / -82.0)
INFO     [2021-06-01 05:03:15,122]: *** sta3-wlan1: Scan detected ap1-ssid in range (signal: -89.0 / -82.0)
INFO     [2021-06-01 05:03:16,127]: *** sta3-wlan1: Scan detected ap1-ssid in range (signal: -89.0 / -82.0)
INFO     [2021-06-01 05:03:16,446]: *** sta3-wlan1: Scanning for ap1-ssid
INFO     [2021-06-01 05:03:17,131]: *** sta3-wlan1: Scan detected ap1-ssid in range (signal: -90.0 / -82.0)
INFO     [2021-06-01 05:03:18,152]: *** sta3-wlan1: Scan detected ap1-ssid in range (signal: -90.0 / -82.0)
INFO     [2021-06-01 05:03:19,159]: *** sta3-wlan1: Scan detected ap1-ssid in range (signal: -90.0 / -82.0)
INFO     [2021-06-01 05:03:20,164]: *** sta3-wlan1: Scan detected ap1-ssid in range (signal: -90.0 / -82.0)
INFO     [2021-06-01 05:03:21,168]: *** sta3-wlan1: Scan detected ap1-ssid in range (signal: -90.0 / -82.0)
INFO     [2021-06-01 05:03:22,184]: *** sta3-wlan1: Scan detected ap1-ssid in range (signal: -90.0 / -82.0)
INFO     [2021-06-01 05:03:22,225]: *** sta3-wlan1: Scanning for ap1-ssid
INFO     [2021-06-01 05:03:23,198]: *** sta3-wlan1: Scan detected ap1-ssid in range (signal: -89.0 / -82.0)
INFO     [2021-06-01 05:03:24,205]: *** sta3-wlan1: Scan detected ap1-ssid in range (signal: -89.0 / -82.0)
INFO     [2021-06-01 05:03:25,211]: *** sta3-wlan1: Scan detected ap1-ssid in range (signal: -89.0 / -82.0)
INFO     [2021-06-01 05:03:26,216]: *** sta3-wlan1: Scan detected ap1-ssid in range (signal: -89.0 / -82.0)
INFO     [2021-06-01 05:03:27,221]: *** sta3-wlan1: Scan detected ap1-ssid in range (signal: -89.0 / -82.0)
INFO     [2021-06-01 05:03:27,982]: *** sta3-wlan1: Scanning for ap1-ssid
INFO     [2021-06-01 05:03:28,228]: *** sta3-wlan1: Scan detected ap1-ssid in range (signal: -88.0 / -82.0)
INFO     [2021-06-01 05:03:29,238]: *** sta3-wlan1: Scan detected ap1-ssid in range (signal: -88.0 / -82.0)
INFO     [2021-06-01 05:03:30,243]: *** sta3-wlan1: Scan detected ap1-ssid in range (signal: -88.0 / -82.0)
INFO     [2021-06-01 05:03:31,254]: *** sta3-wlan1: Scan detected ap1-ssid in range (signal: -88.0 / -82.0)
INFO     [2021-06-01 05:03:32,262]: *** sta3-wlan1: Scan detected ap1-ssid in range (signal: -88.0 / -82.0)
INFO     [2021-06-01 05:03:33,269]: *** sta3-wlan1: Scan detected ap1-ssid in range (signal: -88.0 / -82.0)
INFO     [2021-06-01 05:03:33,738]: *** sta3-wlan1: Scanning for ap1-ssid
INFO     [2021-06-01 05:03:34,274]: *** sta3-wlan1: Scan detected ap1-ssid in range (signal: -90.0 / -82.0)
INFO     [2021-06-01 05:03:35,281]: *** sta3-wlan1: Scan detected ap1-ssid in range (signal: -90.0 / -82.0)
INFO     [2021-06-01 05:03:36,286]: *** sta3-wlan1: Scan detected ap1-ssid in range (signal: -90.0 / -82.0)
INFO     [2021-06-01 05:03:37,303]: *** sta3-wlan1: Scan detected ap1-ssid in range (signal: -90.0 / -82.0)
INFO     [2021-06-01 05:03:38,311]: *** sta3-wlan1: Scan detected ap1-ssid in range (signal: -88.0 / -82.0)
INFO     [2021-06-01 05:03:39,316]: *** sta3-wlan1: Scan detected ap1-ssid in range (signal: -88.0 / -82.0)
INFO     [2021-06-01 05:03:39,649]: *** sta3-wlan1: Scanning for ap1-ssid
INFO     [2021-06-01 05:03:40,320]: *** sta3-wlan1: Scan detected ap1-ssid in range (signal: -83.0 / -82.0)
INFO     [2021-06-01 05:03:41,329]: *** sta3-wlan1: Scan detected ap1-ssid in range (signal: -83.0 / -82.0)
INFO     [2021-06-01 05:03:42,356]: *** sta3-wlan1: Scan detected ap1-ssid in range (signal: -83.0 / -82.0)
INFO     [2021-06-01 05:03:43,371]: *** sta3-wlan1: Scan detected ap1-ssid in range (signal: -83.0 / -82.0)
INFO     [2021-06-01 05:03:44,394]: *** sta3-wlan1: Scan detected ap1-ssid in range (signal: -88.0 / -82.0)
INFO     [2021-06-01 05:03:45,406]: *** sta3-wlan1: Scan detected ap1-ssid in range (signal: -88.0 / -82.0)
INFO     [2021-06-01 05:03:45,630]: *** sta3-wlan1: Scanning for ap1-ssid
INFO     [2021-06-01 05:03:46,427]: *** sta3-wlan1: Scan detected ap1-ssid in range (signal: -89.0 / -82.0)
INFO     [2021-06-01 05:03:47,434]: *** sta3-wlan1: Scan detected ap1-ssid in range (signal: -89.0 / -82.0)
INFO     [2021-06-01 05:03:48,438]: *** sta3-wlan1: Scan detected ap1-ssid in range (signal: -89.0 / -82.0)
INFO     [2021-06-01 05:03:49,445]: *** sta3-wlan1: Scan detected ap1-ssid in range (signal: -89.0 / -82.0)
INFO     [2021-06-01 05:03:50,456]: *** sta3-wlan1: Scan detected ap1-ssid in range (signal: -82.0 / -82.0)
INFO     [2021-06-01 05:03:51,449]: *** sta3-wlan1: Scanning for ap1-ssid
INFO     [2021-06-01 05:03:54,222]: *** sta3-wlan0: Connected interface to ap1-ssid
INFO     [2021-06-01 05:03:59,813]: *** sta3-wlan1: Scanner started. Searching for ap1-ssid with interval 2.0
INFO     [2021-06-01 05:03:59,815]: *** sta3-wlan1: Scan detected ap1-ssid in range (signal: -87.0 / -82.0)
INFO     [2021-06-01 05:04:00,840]: *** sta3-wlan1: Scan detected ap1-ssid in range (signal: -87.0 / -82.0)
INFO     [2021-06-01 05:04:01,814]: *** sta3-wlan1: Scanning for ap1-ssid
INFO     [2021-06-01 05:04:01,850]: *** sta3-wlan1: Scan detected ap1-ssid in range (signal: -90.0 / -82.0)
INFO     [2021-06-01 05:04:02,854]: *** sta3-wlan1: Scan detected ap1-ssid in range (signal: -85.0 / -82.0)
INFO     [2021-06-01 05:04:03,870]: *** sta3-wlan1: Scan detected ap1-ssid in range (signal: -85.0 / -82.0)
INFO     [2021-06-01 05:04:04,888]: *** sta3-wlan1: Scan detected ap1-ssid in range (signal: -85.0 / -82.0)
INFO     [2021-06-01 05:04:05,894]: *** sta3-wlan1: Scan detected ap1-ssid in range (signal: -85.0 / -82.0)
INFO     [2021-06-01 05:04:06,916]: *** sta3-wlan1: Scan detected ap1-ssid in range (signal: -85.0 / -82.0)
INFO     [2021-06-01 05:04:07,589]: *** sta3-wlan1: Scanning for ap1-ssid
INFO     [2021-06-01 05:04:07,921]: *** sta3-wlan1: Scan detected ap1-ssid in range (signal: -81.0 / -82.0)
INFO     [2021-06-01 05:04:07,933]: *** sta3-wlan0: Connected interface to ap1-ssid
INFO     [2021-06-01 05:07:53,973]: *** sta3-wlan1: Scanner started. Searching for ap1-ssid with interval 2.0
