INFO     [2021-05-31 09:56:53,430]: *** sta1-wlan0: Started flexible_sdn.py
INFO     [2021-05-31 09:56:53,436]: *** sta1: Interface: sta1-wlan0, Scan-interface: sta1-wlan1
INFO     [2021-05-31 09:56:53,441]: *** sta3-wlan0: Started flexible_sdn.py
INFO     [2021-05-31 09:56:53,444]: *** sta3: Interface: sta3-wlan0, Scan-interface: sta3-wlan1
INFO     [2021-05-31 09:59:12,175]: *** sta1-wlan1: Scanner started. Searching for ap1-ssid with interval 3.0
INFO     [2021-05-31 09:59:15,175]: *** sta1-wlan1: Scanning for ap1-ssid
INFO     [2021-05-31 09:59:15,196]: *** sta3-wlan1: Scanner started. Searching for ap1-ssid with interval 3.0
INFO     [2021-05-31 09:59:18,202]: *** sta3-wlan1: Scanning for ap1-ssid
INFO     [2021-05-31 09:59:19,236]: *** sta3-wlan1: Scan detected ap1-ssid in range (signal: -88.0 / -80.0)
INFO     [2021-05-31 09:59:20,243]: *** sta3-wlan1: Scan detected ap1-ssid in range (signal: -88.0 / -80.0)
INFO     [2021-05-31 09:59:21,249]: *** sta3-wlan1: Scan detected ap1-ssid in range (signal: -88.0 / -80.0)
INFO     [2021-05-31 09:59:21,991]: *** sta1-wlan1: Scanning for ap1-ssid
INFO     [2021-05-31 09:59:22,252]: *** sta3-wlan1: Scan detected ap1-ssid in range (signal: -88.0 / -80.0)
INFO     [2021-05-31 09:59:22,254]: *** sta1-wlan1: Scan detected ap1-ssid in range (signal: -88.0 / -80.0)
INFO     [2021-05-31 09:59:23,259]: *** sta3-wlan1: Scan detected ap1-ssid in range (signal: -88.0 / -80.0)
INFO     [2021-05-31 09:59:23,260]: *** sta1-wlan1: Scan detected ap1-ssid in range (signal: -88.0 / -80.0)
INFO     [2021-05-31 09:59:24,264]: *** sta3-wlan1: Scan detected ap1-ssid in range (signal: -88.0 / -80.0)
INFO     [2021-05-31 09:59:24,266]: *** sta1-wlan1: Scan detected ap1-ssid in range (signal: -88.0 / -80.0)
INFO     [2021-05-31 09:59:24,987]: *** sta3-wlan1: Scanning for ap1-ssid
INFO     [2021-05-31 09:59:25,268]: *** sta3-wlan1: Scan detected ap1-ssid in range (signal: -89.0 / -80.0)
INFO     [2021-05-31 09:59:25,271]: *** sta1-wlan1: Scan detected ap1-ssid in range (signal: -88.0 / -80.0)
INFO     [2021-05-31 09:59:26,274]: *** sta3-wlan1: Scan detected ap1-ssid in range (signal: -89.0 / -80.0)
INFO     [2021-05-31 09:59:26,277]: *** sta1-wlan1: Scan detected ap1-ssid in range (signal: -88.0 / -80.0)
INFO     [2021-05-31 09:59:27,279]: *** sta3-wlan1: Scan detected ap1-ssid in range (signal: -89.0 / -80.0)
INFO     [2021-05-31 09:59:27,283]: *** sta1-wlan1: Scan detected ap1-ssid in range (signal: -88.0 / -80.0)
INFO     [2021-05-31 09:59:28,286]: *** sta3-wlan1: Scan detected ap1-ssid in range (signal: -89.0 / -80.0)
INFO     [2021-05-31 09:59:28,290]: *** sta1-wlan1: Scan detected ap1-ssid in range (signal: -88.0 / -80.0)
INFO     [2021-05-31 09:59:28,749]: *** sta1-wlan1: Scanning for ap1-ssid
INFO     [2021-05-31 09:59:29,291]: *** sta3-wlan1: Scan detected ap1-ssid in range (signal: -85.0 / -80.0)
INFO     [2021-05-31 09:59:29,297]: *** sta1-wlan1: Scan detected ap1-ssid in range (signal: -90.0 / -80.0)
INFO     [2021-05-31 09:59:30,295]: *** sta3-wlan1: Scan detected ap1-ssid in range (signal: -85.0 / -80.0)
INFO     [2021-05-31 09:59:30,301]: *** sta1-wlan1: Scan detected ap1-ssid in range (signal: -90.0 / -80.0)
INFO     [2021-05-31 09:59:31,304]: *** sta3-wlan1: Scan detected ap1-ssid in range (signal: -85.0 / -80.0)
INFO     [2021-05-31 09:59:31,306]: *** sta1-wlan1: Scan detected ap1-ssid in range (signal: -90.0 / -80.0)
INFO     [2021-05-31 09:59:31,761]: *** sta3-wlan1: Scanning for ap1-ssid
INFO     [2021-05-31 09:59:32,311]: *** sta1-wlan1: Scan detected ap1-ssid in range (signal: -90.0 / -80.0)
INFO     [2021-05-31 09:59:32,312]: *** sta3-wlan1: Scan detected ap1-ssid in range (signal: -85.0 / -80.0)
INFO     [2021-05-31 09:59:33,320]: *** sta3-wlan1: Scan detected ap1-ssid in range (signal: -85.0 / -80.0)
INFO     [2021-05-31 09:59:33,323]: *** sta1-wlan1: Scan detected ap1-ssid in range (signal: -90.0 / -80.0)
INFO     [2021-05-31 09:59:34,324]: *** sta3-wlan1: Scan detected ap1-ssid in range (signal: -85.0 / -80.0)
INFO     [2021-05-31 09:59:34,328]: *** sta1-wlan1: Scan detected ap1-ssid in range (signal: -90.0 / -80.0)
INFO     [2021-05-31 09:59:35,328]: *** sta3-wlan1: Scan detected ap1-ssid in range (signal: -85.0 / -80.0)
INFO     [2021-05-31 09:59:35,333]: *** sta1-wlan1: Scan detected ap1-ssid in range (signal: -90.0 / -80.0)
INFO     [2021-05-31 09:59:35,493]: *** sta1-wlan1: Scanning for ap1-ssid
INFO     [2021-05-31 09:59:36,333]: *** sta3-wlan1: Scan detected ap1-ssid in range (signal: -85.0 / -80.0)
INFO     [2021-05-31 09:59:36,337]: *** sta1-wlan1: Scan detected ap1-ssid in range (signal: -90.0 / -80.0)
INFO     [2021-05-31 09:59:37,337]: *** sta3-wlan1: Scan detected ap1-ssid in range (signal: -85.0 / -80.0)
INFO     [2021-05-31 09:59:37,341]: *** sta1-wlan1: Scan detected ap1-ssid in range (signal: -90.0 / -80.0)
INFO     [2021-05-31 09:59:38,342]: *** sta3-wlan1: Scan detected ap1-ssid in range (signal: -85.0 / -80.0)
INFO     [2021-05-31 09:59:38,345]: *** sta1-wlan1: Scan detected ap1-ssid in range (signal: -90.0 / -80.0)
INFO     [2021-05-31 09:59:38,524]: *** sta3-wlan1: Scanning for ap1-ssid
INFO     [2021-05-31 09:59:39,348]: *** sta3-wlan1: Scan detected ap1-ssid in range (signal: -89.0 / -80.0)
INFO     [2021-05-31 09:59:39,348]: *** sta1-wlan1: Scan detected ap1-ssid in range (signal: -90.0 / -80.0)
INFO     [2021-05-31 09:59:40,353]: *** sta3-wlan1: Scan detected ap1-ssid in range (signal: -89.0 / -80.0)
INFO     [2021-05-31 09:59:40,355]: *** sta1-wlan1: Scan detected ap1-ssid in range (signal: -90.0 / -80.0)
INFO     [2021-05-31 09:59:41,360]: *** sta3-wlan1: Scan detected ap1-ssid in range (signal: -89.0 / -80.0)
INFO     [2021-05-31 09:59:41,361]: *** sta1-wlan1: Scan detected ap1-ssid in range (signal: -90.0 / -80.0)
INFO     [2021-05-31 09:59:42,329]: *** sta1-wlan1: Scanning for ap1-ssid
INFO     [2021-05-31 09:59:42,366]: *** sta3-wlan1: Scan detected ap1-ssid in range (signal: -89.0 / -80.0)
INFO     [2021-05-31 09:59:42,367]: *** sta1-wlan1: Scan detected ap1-ssid in range (signal: -90.0 / -80.0)
INFO     [2021-05-31 09:59:43,382]: *** sta1-wlan1: Scan detected ap1-ssid in range (signal: -90.0 / -80.0)
INFO     [2021-05-31 09:59:43,384]: *** sta3-wlan1: Scan detected ap1-ssid in range (signal: -89.0 / -80.0)
INFO     [2021-05-31 09:59:44,389]: *** sta3-wlan1: Scan detected ap1-ssid in range (signal: -89.0 / -80.0)
INFO     [2021-05-31 09:59:44,392]: *** sta1-wlan1: Scan detected ap1-ssid in range (signal: -90.0 / -80.0)
INFO     [2021-05-31 09:59:45,284]: *** sta3-wlan1: Scanning for ap1-ssid
INFO     [2021-05-31 09:59:45,395]: *** sta3-wlan1: Scan detected ap1-ssid in range (signal: -89.0 / -80.0)
INFO     [2021-05-31 09:59:45,399]: *** sta1-wlan1: Scan detected ap1-ssid in range (signal: -90.0 / -80.0)
INFO     [2021-05-31 09:59:46,400]: *** sta3-wlan1: Scan detected ap1-ssid in range (signal: -89.0 / -80.0)
INFO     [2021-05-31 09:59:46,404]: *** sta1-wlan1: Scan detected ap1-ssid in range (signal: -90.0 / -80.0)
INFO     [2021-05-31 09:59:47,404]: *** sta3-wlan1: Scan detected ap1-ssid in range (signal: -89.0 / -80.0)
INFO     [2021-05-31 09:59:47,410]: *** sta1-wlan1: Scan detected ap1-ssid in range (signal: -90.0 / -80.0)
INFO     [2021-05-31 09:59:48,410]: *** sta3-wlan1: Scan detected ap1-ssid in range (signal: -89.0 / -80.0)
INFO     [2021-05-31 09:59:48,415]: *** sta1-wlan1: Scan detected ap1-ssid in range (signal: -90.0 / -80.0)
INFO     [2021-05-31 09:59:49,104]: *** sta1-wlan1: Scanning for ap1-ssid
INFO     [2021-05-31 09:59:49,414]: *** sta3-wlan1: Scan detected ap1-ssid in range (signal: -89.0 / -80.0)
INFO     [2021-05-31 09:59:49,419]: *** sta1-wlan1: Scan detected ap1-ssid in range (signal: -90.0 / -80.0)
INFO     [2021-05-31 09:59:50,423]: *** sta1-wlan1: Scan detected ap1-ssid in range (signal: -90.0 / -80.0)
INFO     [2021-05-31 09:59:50,425]: *** sta3-wlan1: Scan detected ap1-ssid in range (signal: -89.0 / -80.0)
INFO     [2021-05-31 09:59:51,429]: *** sta1-wlan1: Scan detected ap1-ssid in range (signal: -90.0 / -80.0)
INFO     [2021-05-31 09:59:51,431]: *** sta3-wlan1: Scan detected ap1-ssid in range (signal: -89.0 / -80.0)
INFO     [2021-05-31 09:59:52,037]: *** sta3-wlan1: Scanning for ap1-ssid
INFO     [2021-05-31 09:59:52,441]: *** sta1-wlan1: Scan detected ap1-ssid in range (signal: -90.0 / -80.0)
INFO     [2021-05-31 09:59:52,442]: *** sta3-wlan1: Scan detected ap1-ssid in range (signal: -89.0 / -80.0)
INFO     [2021-05-31 09:59:53,447]: *** sta3-wlan1: Scan detected ap1-ssid in range (signal: -89.0 / -80.0)
INFO     [2021-05-31 09:59:53,448]: *** sta1-wlan1: Scan detected ap1-ssid in range (signal: -90.0 / -80.0)
INFO     [2021-05-31 09:59:54,465]: *** sta3-wlan1: Scan detected ap1-ssid in range (signal: -89.0 / -80.0)
INFO     [2021-05-31 09:59:54,470]: *** sta1-wlan1: Scan detected ap1-ssid in range (signal: -90.0 / -80.0)
INFO     [2021-05-31 09:59:55,474]: *** sta3-wlan1: Scan detected ap1-ssid in range (signal: -89.0 / -80.0)
INFO     [2021-05-31 09:59:55,476]: *** sta1-wlan1: Scan detected ap1-ssid in range (signal: -90.0 / -80.0)
INFO     [2021-05-31 09:59:55,881]: *** sta1-wlan1: Scanning for ap1-ssid
INFO     [2021-05-31 09:59:56,478]: *** sta3-wlan1: Scan detected ap1-ssid in range (signal: -89.0 / -80.0)
INFO     [2021-05-31 09:59:56,481]: *** sta1-wlan1: Scan detected ap1-ssid in range (signal: -90.0 / -80.0)
INFO     [2021-05-31 09:59:57,486]: *** sta3-wlan1: Scan detected ap1-ssid in range (signal: -89.0 / -80.0)
INFO     [2021-05-31 09:59:57,488]: *** sta1-wlan1: Scan detected ap1-ssid in range (signal: -90.0 / -80.0)
INFO     [2021-05-31 09:59:58,493]: *** sta1-wlan1: Scan detected ap1-ssid in range (signal: -90.0 / -80.0)
INFO     [2021-05-31 09:59:58,494]: *** sta3-wlan1: Scan detected ap1-ssid in range (signal: -89.0 / -80.0)
INFO     [2021-05-31 09:59:58,810]: *** sta3-wlan1: Scanning for ap1-ssid
INFO     [2021-05-31 09:59:59,498]: *** sta1-wlan1: Scan detected ap1-ssid in range (signal: -90.0 / -80.0)
INFO     [2021-05-31 09:59:59,500]: *** sta3-wlan1: Scan detected ap1-ssid in range (signal: -89.0 / -80.0)
INFO     [2021-05-31 10:00:00,505]: *** sta3-wlan1: Scan detected ap1-ssid in range (signal: -89.0 / -80.0)
INFO     [2021-05-31 10:00:00,506]: *** sta1-wlan1: Scan detected ap1-ssid in range (signal: -90.0 / -80.0)
INFO     [2021-05-31 10:00:01,510]: *** sta3-wlan1: Scan detected ap1-ssid in range (signal: -89.0 / -80.0)
INFO     [2021-05-31 10:00:01,512]: *** sta1-wlan1: Scan detected ap1-ssid in range (signal: -90.0 / -80.0)
INFO     [2021-05-31 10:00:02,516]: *** sta3-wlan1: Scan detected ap1-ssid in range (signal: -89.0 / -80.0)
INFO     [2021-05-31 10:00:02,637]: *** sta1-wlan1: Scanning for ap1-ssid
INFO     [2021-05-31 10:00:03,536]: *** sta3-wlan1: Scan detected ap1-ssid in range (signal: -89.0 / -80.0)
INFO     [2021-05-31 10:00:04,546]: *** sta3-wlan1: Scan detected ap1-ssid in range (signal: -89.0 / -80.0)
INFO     [2021-05-31 10:00:05,554]: *** sta3-wlan1: Scan detected ap1-ssid in range (signal: -89.0 / -80.0)
INFO     [2021-05-31 10:00:05,587]: *** sta3-wlan1: Scanning for ap1-ssid
INFO     [2021-05-31 10:00:06,558]: *** sta3-wlan1: Scan detected ap1-ssid in range (signal: -89.0 / -80.0)
INFO     [2021-05-31 10:00:07,569]: *** sta3-wlan1: Scan detected ap1-ssid in range (signal: -89.0 / -80.0)
INFO     [2021-05-31 10:00:08,573]: *** sta3-wlan1: Scan detected ap1-ssid in range (signal: -89.0 / -80.0)
INFO     [2021-05-31 10:00:09,384]: *** sta1-wlan1: Scanning for ap1-ssid
INFO     [2021-05-31 10:00:09,577]: *** sta3-wlan1: Scan detected ap1-ssid in range (signal: -89.0 / -80.0)
INFO     [2021-05-31 10:00:10,583]: *** sta3-wlan1: Scan detected ap1-ssid in range (signal: -89.0 / -80.0)
INFO     [2021-05-31 10:00:11,591]: *** sta3-wlan1: Scan detected ap1-ssid in range (signal: -89.0 / -80.0)
INFO     [2021-05-31 10:00:12,378]: *** sta3-wlan1: Scanning for ap1-ssid
INFO     [2021-05-31 10:00:12,603]: *** sta3-wlan1: Scan detected ap1-ssid in range (signal: -89.0 / -80.0)
INFO     [2021-05-31 10:00:13,610]: *** sta3-wlan1: Scan detected ap1-ssid in range (signal: -89.0 / -80.0)
INFO     [2021-05-31 10:00:14,614]: *** sta3-wlan1: Scan detected ap1-ssid in range (signal: -89.0 / -80.0)
INFO     [2021-05-31 10:00:16,205]: *** sta1-wlan1: Scanning for ap1-ssid
INFO     [2021-05-31 10:00:16,621]: *** sta1-wlan1: Scan detected ap1-ssid in range (signal: -90.0 / -80.0)
INFO     [2021-05-31 10:00:17,625]: *** sta1-wlan1: Scan detected ap1-ssid in range (signal: -90.0 / -80.0)
INFO     [2021-05-31 10:00:18,630]: *** sta1-wlan1: Scan detected ap1-ssid in range (signal: -90.0 / -80.0)
INFO     [2021-05-31 10:00:19,162]: *** sta3-wlan1: Scanning for ap1-ssid
INFO     [2021-05-31 10:00:19,643]: *** sta1-wlan1: Scan detected ap1-ssid in range (signal: -90.0 / -80.0)
INFO     [2021-05-31 10:00:20,650]: *** sta1-wlan1: Scan detected ap1-ssid in range (signal: -90.0 / -80.0)
INFO     [2021-05-31 10:00:21,656]: *** sta1-wlan1: Scan detected ap1-ssid in range (signal: -90.0 / -80.0)
INFO     [2021-05-31 10:00:22,669]: *** sta1-wlan1: Scan detected ap1-ssid in range (signal: -90.0 / -80.0)
INFO     [2021-05-31 10:00:22,986]: *** sta1-wlan1: Scanning for ap1-ssid
INFO     [2021-05-31 10:00:23,680]: *** sta1-wlan1: Scan detected ap1-ssid in range (signal: -90.0 / -80.0)
INFO     [2021-05-31 10:00:24,706]: *** sta1-wlan1: Scan detected ap1-ssid in range (signal: -90.0 / -80.0)
INFO     [2021-05-31 10:00:25,711]: *** sta1-wlan1: Scan detected ap1-ssid in range (signal: -90.0 / -80.0)
INFO     [2021-05-31 10:00:25,945]: *** sta3-wlan1: Scanning for ap1-ssid
INFO     [2021-05-31 10:00:26,729]: *** sta1-wlan1: Scan detected ap1-ssid in range (signal: -90.0 / -80.0)
INFO     [2021-05-31 10:00:27,735]: *** sta1-wlan1: Scan detected ap1-ssid in range (signal: -90.0 / -80.0)
INFO     [2021-05-31 10:00:28,740]: *** sta1-wlan1: Scan detected ap1-ssid in range (signal: -90.0 / -80.0)
INFO     [2021-05-31 10:00:29,746]: *** sta1-wlan1: Scan detected ap1-ssid in range (signal: -90.0 / -80.0)
INFO     [2021-05-31 10:00:29,965]: *** sta1-wlan1: Scanning for ap1-ssid
INFO     [2021-05-31 10:00:30,752]: *** sta1-wlan1: Scan detected ap1-ssid in range (signal: -90.0 / -80.0)
INFO     [2021-05-31 10:00:31,757]: *** sta1-wlan1: Scan detected ap1-ssid in range (signal: -90.0 / -80.0)
INFO     [2021-05-31 10:00:32,714]: *** sta3-wlan1: Scanning for ap1-ssid
INFO     [2021-05-31 10:00:32,770]: *** sta1-wlan1: Scan detected ap1-ssid in range (signal: -90.0 / -80.0)
INFO     [2021-05-31 10:00:33,776]: *** sta1-wlan1: Scan detected ap1-ssid in range (signal: -90.0 / -80.0)
INFO     [2021-05-31 10:00:34,783]: *** sta1-wlan1: Scan detected ap1-ssid in range (signal: -90.0 / -80.0)
INFO     [2021-05-31 10:00:35,794]: *** sta1-wlan1: Scan detected ap1-ssid in range (signal: -90.0 / -80.0)
INFO     [2021-05-31 10:00:36,791]: *** sta1-wlan1: Scanning for ap1-ssid
INFO     [2021-05-31 10:00:36,800]: *** sta1-wlan1: Scan detected ap1-ssid in range (signal: -90.0 / -80.0)
INFO     [2021-05-31 10:00:37,808]: *** sta1-wlan1: Scan detected ap1-ssid in range (signal: -90.0 / -80.0)
INFO     [2021-05-31 10:00:38,813]: *** sta1-wlan1: Scan detected ap1-ssid in range (signal: -90.0 / -80.0)
INFO     [2021-05-31 10:00:39,501]: *** sta3-wlan1: Scanning for ap1-ssid
INFO     [2021-05-31 10:00:39,817]: *** sta1-wlan1: Scan detected ap1-ssid in range (signal: -90.0 / -80.0)
INFO     [2021-05-31 10:00:40,823]: *** sta1-wlan1: Scan detected ap1-ssid in range (signal: -90.0 / -80.0)
INFO     [2021-05-31 10:00:41,831]: *** sta1-wlan1: Scan detected ap1-ssid in range (signal: -90.0 / -80.0)
INFO     [2021-05-31 10:00:42,837]: *** sta1-wlan1: Scan detected ap1-ssid in range (signal: -90.0 / -80.0)
INFO     [2021-05-31 10:00:43,553]: *** sta1-wlan1: Scanning for ap1-ssid
INFO     [2021-05-31 10:00:43,842]: *** sta1-wlan1: Scan detected ap1-ssid in range (signal: -88.0 / -80.0)
INFO     [2021-05-31 10:00:44,847]: *** sta1-wlan1: Scan detected ap1-ssid in range (signal: -88.0 / -80.0)
INFO     [2021-05-31 10:00:45,857]: *** sta1-wlan1: Scan detected ap1-ssid in range (signal: -88.0 / -80.0)
INFO     [2021-05-31 10:00:46,276]: *** sta3-wlan1: Scanning for ap1-ssid
INFO     [2021-05-31 10:00:46,861]: *** sta1-wlan1: Scan detected ap1-ssid in range (signal: -88.0 / -80.0)
INFO     [2021-05-31 10:00:47,867]: *** sta1-wlan1: Scan detected ap1-ssid in range (signal: -88.0 / -80.0)
INFO     [2021-05-31 10:00:48,874]: *** sta1-wlan1: Scan detected ap1-ssid in range (signal: -88.0 / -80.0)
INFO     [2021-05-31 10:00:49,879]: *** sta1-wlan1: Scan detected ap1-ssid in range (signal: -88.0 / -80.0)
INFO     [2021-05-31 10:00:50,350]: *** sta1-wlan1: Scanning for ap1-ssid
INFO     [2021-05-31 10:00:50,884]: *** sta1-wlan1: Scan detected ap1-ssid in range (signal: -88.0 / -80.0)
INFO     [2021-05-31 10:00:51,903]: *** sta1-wlan1: Scan detected ap1-ssid in range (signal: -88.0 / -80.0)
INFO     [2021-05-31 10:00:52,911]: *** sta1-wlan1: Scan detected ap1-ssid in range (signal: -88.0 / -80.0)
INFO     [2021-05-31 10:00:53,050]: *** sta3-wlan1: Scanning for ap1-ssid
INFO     [2021-05-31 10:00:53,916]: *** sta1-wlan1: Scan detected ap1-ssid in range (signal: -88.0 / -80.0)
INFO     [2021-05-31 10:00:54,923]: *** sta1-wlan1: Scan detected ap1-ssid in range (signal: -88.0 / -80.0)
INFO     [2021-05-31 10:00:55,929]: *** sta1-wlan1: Scan detected ap1-ssid in range (signal: -88.0 / -80.0)
INFO     [2021-05-31 10:00:56,935]: *** sta1-wlan1: Scan detected ap1-ssid in range (signal: -88.0 / -80.0)
INFO     [2021-05-31 10:00:57,126]: *** sta1-wlan1: Scanning for ap1-ssid
INFO     [2021-05-31 10:00:57,940]: *** sta1-wlan1: Scan detected ap1-ssid in range (signal: -88.0 / -80.0)
INFO     [2021-05-31 10:00:58,944]: *** sta1-wlan1: Scan detected ap1-ssid in range (signal: -88.0 / -80.0)
INFO     [2021-05-31 10:00:59,823]: *** sta3-wlan1: Scanning for ap1-ssid
INFO     [2021-05-31 10:00:59,950]: *** sta1-wlan1: Scan detected ap1-ssid in range (signal: -88.0 / -80.0)
INFO     [2021-05-31 10:01:00,955]: *** sta1-wlan1: Scan detected ap1-ssid in range (signal: -88.0 / -80.0)
INFO     [2021-05-31 10:01:01,961]: *** sta1-wlan1: Scan detected ap1-ssid in range (signal: -88.0 / -80.0)
INFO     [2021-05-31 10:01:02,967]: *** sta1-wlan1: Scan detected ap1-ssid in range (signal: -88.0 / -80.0)
INFO     [2021-05-31 10:01:03,896]: *** sta1-wlan1: Scanning for ap1-ssid
INFO     [2021-05-31 10:01:03,972]: *** sta1-wlan1: Scan detected ap1-ssid in range (signal: -88.0 / -80.0)
INFO     [2021-05-31 10:01:04,988]: *** sta1-wlan1: Scan detected ap1-ssid in range (signal: -88.0 / -80.0)
INFO     [2021-05-31 10:01:05,992]: *** sta1-wlan1: Scan detected ap1-ssid in range (signal: -88.0 / -80.0)
INFO     [2021-05-31 10:01:06,598]: *** sta3-wlan1: Scanning for ap1-ssid
INFO     [2021-05-31 10:01:06,999]: *** sta1-wlan1: Scan detected ap1-ssid in range (signal: -88.0 / -80.0)
INFO     [2021-05-31 10:01:08,014]: *** sta1-wlan1: Scan detected ap1-ssid in range (signal: -88.0 / -80.0)
INFO     [2021-05-31 10:01:09,020]: *** sta1-wlan1: Scan detected ap1-ssid in range (signal: -88.0 / -80.0)
INFO     [2021-05-31 10:01:10,025]: *** sta1-wlan1: Scan detected ap1-ssid in range (signal: -88.0 / -80.0)
INFO     [2021-05-31 10:01:10,697]: *** sta1-wlan1: Scanning for ap1-ssid
INFO     [2021-05-31 10:01:11,029]: *** sta1-wlan1: Scan detected ap1-ssid in range (signal: -88.0 / -80.0)
INFO     [2021-05-31 10:01:12,033]: *** sta1-wlan1: Scan detected ap1-ssid in range (signal: -88.0 / -80.0)
INFO     [2021-05-31 10:01:13,041]: *** sta1-wlan1: Scan detected ap1-ssid in range (signal: -88.0 / -80.0)
INFO     [2021-05-31 10:01:13,342]: *** sta3-wlan1: Scanning for ap1-ssid
INFO     [2021-05-31 10:01:17,495]: *** sta1-wlan1: Scanning for ap1-ssid
INFO     [2021-05-31 10:01:20,198]: *** sta3-wlan1: Scanning for ap1-ssid
INFO     [2021-05-31 10:01:24,400]: *** sta1-wlan1: Scanning for ap1-ssid
INFO     [2021-05-31 10:01:27,001]: *** sta3-wlan1: Scanning for ap1-ssid
INFO     [2021-05-31 10:01:31,355]: *** sta1-wlan1: Scanning for ap1-ssid
INFO     [2021-05-31 10:01:34,153]: *** sta3-wlan1: Scanning for ap1-ssid
INFO     [2021-05-31 10:01:38,122]: *** sta1-wlan1: Scanning for ap1-ssid
INFO     [2021-05-31 10:01:40,994]: *** sta3-wlan1: Scanning for ap1-ssid
INFO     [2021-05-31 10:01:44,929]: *** sta1-wlan1: Scanning for ap1-ssid
INFO     [2021-05-31 10:01:47,782]: *** sta3-wlan1: Scanning for ap1-ssid
INFO     [2021-05-31 10:01:51,706]: *** sta1-wlan1: Scanning for ap1-ssid
INFO     [2021-05-31 10:01:54,578]: *** sta3-wlan1: Scanning for ap1-ssid
INFO     [2021-05-31 10:01:58,494]: *** sta1-wlan1: Scanning for ap1-ssid
INFO     [2021-05-31 10:02:01,413]: *** sta3-wlan1: Scanning for ap1-ssid
INFO     [2021-05-31 10:02:05,290]: *** sta1-wlan1: Scanning for ap1-ssid
INFO     [2021-05-31 10:02:08,166]: *** sta3-wlan1: Scanning for ap1-ssid
INFO     [2021-05-31 10:02:12,054]: *** sta1-wlan1: Scanning for ap1-ssid
INFO     [2021-05-31 10:02:14,921]: *** sta3-wlan1: Scanning for ap1-ssid
INFO     [2021-05-31 10:02:18,841]: *** sta1-wlan1: Scanning for ap1-ssid
INFO     [2021-05-31 10:02:21,713]: *** sta3-wlan1: Scanning for ap1-ssid
INFO     [2021-05-31 10:02:25,706]: *** sta1-wlan1: Scanning for ap1-ssid
INFO     [2021-05-31 10:02:28,683]: *** sta3-wlan1: Scanning for ap1-ssid
INFO     [2021-05-31 10:02:32,711]: *** sta1-wlan1: Scanning for ap1-ssid
INFO     [2021-05-31 10:02:35,473]: *** sta3-wlan1: Scanning for ap1-ssid
INFO     [2021-05-31 10:02:39,500]: *** sta1-wlan1: Scanning for ap1-ssid
INFO     [2021-05-31 10:02:42,248]: *** sta3-wlan1: Scanning for ap1-ssid
INFO     [2021-05-31 10:02:42,694]: *** sta3-wlan1: Scan detected ap1-ssid in range (signal: -89.0 / -80.0)
INFO     [2021-05-31 10:02:43,700]: *** sta3-wlan1: Scan detected ap1-ssid in range (signal: -89.0 / -80.0)
INFO     [2021-05-31 10:02:44,724]: *** sta3-wlan1: Scan detected ap1-ssid in range (signal: -89.0 / -80.0)
INFO     [2021-05-31 10:02:45,731]: *** sta3-wlan1: Scan detected ap1-ssid in range (signal: -89.0 / -80.0)
INFO     [2021-05-31 10:02:46,274]: *** sta1-wlan1: Scanning for ap1-ssid
INFO     [2021-05-31 10:02:46,745]: *** sta3-wlan1: Scan detected ap1-ssid in range (signal: -89.0 / -80.0)
INFO     [2021-05-31 10:02:47,752]: *** sta3-wlan1: Scan detected ap1-ssid in range (signal: -89.0 / -80.0)
INFO     [2021-05-31 10:02:48,756]: *** sta3-wlan1: Scan detected ap1-ssid in range (signal: -89.0 / -80.0)
INFO     [2021-05-31 10:02:49,050]: *** sta3-wlan1: Scanning for ap1-ssid
INFO     [2021-05-31 10:02:49,760]: *** sta3-wlan1: Scan detected ap1-ssid in range (signal: -89.0 / -80.0)
INFO     [2021-05-31 10:02:50,767]: *** sta3-wlan1: Scan detected ap1-ssid in range (signal: -89.0 / -80.0)
INFO     [2021-05-31 10:02:51,772]: *** sta3-wlan1: Scan detected ap1-ssid in range (signal: -89.0 / -80.0)
INFO     [2021-05-31 10:02:52,785]: *** sta3-wlan1: Scan detected ap1-ssid in range (signal: -89.0 / -80.0)
INFO     [2021-05-31 10:02:53,159]: *** sta1-wlan1: Scanning for ap1-ssid
INFO     [2021-05-31 10:02:53,790]: *** sta3-wlan1: Scan detected ap1-ssid in range (signal: -89.0 / -80.0)
INFO     [2021-05-31 10:02:54,795]: *** sta3-wlan1: Scan detected ap1-ssid in range (signal: -89.0 / -80.0)
INFO     [2021-05-31 10:02:55,799]: *** sta3-wlan1: Scan detected ap1-ssid in range (signal: -89.0 / -80.0)
INFO     [2021-05-31 10:02:55,826]: *** sta3-wlan1: Scanning for ap1-ssid
INFO     [2021-05-31 10:02:56,807]: *** sta3-wlan1: Scan detected ap1-ssid in range (signal: -89.0 / -80.0)
INFO     [2021-05-31 10:02:57,825]: *** sta3-wlan1: Scan detected ap1-ssid in range (signal: -89.0 / -80.0)
INFO     [2021-05-31 10:02:58,829]: *** sta3-wlan1: Scan detected ap1-ssid in range (signal: -89.0 / -80.0)
INFO     [2021-05-31 10:02:59,835]: *** sta3-wlan1: Scan detected ap1-ssid in range (signal: -89.0 / -80.0)
INFO     [2021-05-31 10:02:59,963]: *** sta1-wlan1: Scanning for ap1-ssid
INFO     [2021-05-31 10:03:00,850]: *** sta3-wlan1: Scan detected ap1-ssid in range (signal: -89.0 / -80.0)
INFO     [2021-05-31 10:03:00,858]: *** sta1-wlan1: Scan detected ap1-ssid in range (signal: -90.0 / -80.0)
INFO     [2021-05-31 10:03:01,863]: *** sta3-wlan1: Scan detected ap1-ssid in range (signal: -89.0 / -80.0)
INFO     [2021-05-31 10:03:01,868]: *** sta1-wlan1: Scan detected ap1-ssid in range (signal: -90.0 / -80.0)
INFO     [2021-05-31 10:03:02,632]: *** sta3-wlan1: Scanning for ap1-ssid
INFO     [2021-05-31 10:03:02,871]: *** sta3-wlan1: Scan detected ap1-ssid in range (signal: -89.0 / -80.0)
INFO     [2021-05-31 10:03:02,873]: *** sta1-wlan1: Scan detected ap1-ssid in range (signal: -90.0 / -80.0)
INFO     [2021-05-31 10:03:03,876]: *** sta3-wlan1: Scan detected ap1-ssid in range (signal: -89.0 / -80.0)
INFO     [2021-05-31 10:03:03,879]: *** sta1-wlan1: Scan detected ap1-ssid in range (signal: -90.0 / -80.0)
INFO     [2021-05-31 10:03:04,883]: *** sta3-wlan1: Scan detected ap1-ssid in range (signal: -89.0 / -80.0)
INFO     [2021-05-31 10:03:04,887]: *** sta1-wlan1: Scan detected ap1-ssid in range (signal: -90.0 / -80.0)
INFO     [2021-05-31 10:03:05,893]: *** sta1-wlan1: Scan detected ap1-ssid in range (signal: -90.0 / -80.0)
INFO     [2021-05-31 10:03:05,894]: *** sta3-wlan1: Scan detected ap1-ssid in range (signal: -89.0 / -80.0)
INFO     [2021-05-31 10:03:06,770]: *** sta1-wlan1: Scanning for ap1-ssid
INFO     [2021-05-31 10:03:06,899]: *** sta1-wlan1: Scan detected ap1-ssid in range (signal: -90.0 / -80.0)
INFO     [2021-05-31 10:03:06,900]: *** sta3-wlan1: Scan detected ap1-ssid in range (signal: -89.0 / -80.0)
INFO     [2021-05-31 10:03:07,904]: *** sta1-wlan1: Scan detected ap1-ssid in range (signal: -90.0 / -80.0)
INFO     [2021-05-31 10:03:07,905]: *** sta3-wlan1: Scan detected ap1-ssid in range (signal: -89.0 / -80.0)
INFO     [2021-05-31 10:03:08,910]: *** sta1-wlan1: Scan detected ap1-ssid in range (signal: -90.0 / -80.0)
INFO     [2021-05-31 10:03:08,910]: *** sta3-wlan1: Scan detected ap1-ssid in range (signal: -89.0 / -80.0)
INFO     [2021-05-31 10:03:09,413]: *** sta3-wlan1: Scanning for ap1-ssid
INFO     [2021-05-31 10:03:09,929]: *** sta3-wlan1: Scan detected ap1-ssid in range (signal: -89.0 / -80.0)
INFO     [2021-05-31 10:03:09,929]: *** sta1-wlan1: Scan detected ap1-ssid in range (signal: -90.0 / -80.0)
INFO     [2021-05-31 10:03:10,936]: *** sta1-wlan1: Scan detected ap1-ssid in range (signal: -90.0 / -80.0)
INFO     [2021-05-31 10:03:10,936]: *** sta3-wlan1: Scan detected ap1-ssid in range (signal: -89.0 / -80.0)
INFO     [2021-05-31 10:03:11,941]: *** sta3-wlan1: Scan detected ap1-ssid in range (signal: -89.0 / -80.0)
INFO     [2021-05-31 10:03:11,943]: *** sta1-wlan1: Scan detected ap1-ssid in range (signal: -90.0 / -80.0)
INFO     [2021-05-31 10:03:12,951]: *** sta1-wlan1: Scan detected ap1-ssid in range (signal: -90.0 / -80.0)
INFO     [2021-05-31 10:03:13,542]: *** sta1-wlan1: Scanning for ap1-ssid
INFO     [2021-05-31 10:03:13,957]: *** sta1-wlan1: Scan detected ap1-ssid in range (signal: -90.0 / -80.0)
INFO     [2021-05-31 10:03:14,964]: *** sta1-wlan1: Scan detected ap1-ssid in range (signal: -90.0 / -80.0)
INFO     [2021-05-31 10:03:15,970]: *** sta1-wlan1: Scan detected ap1-ssid in range (signal: -90.0 / -80.0)
INFO     [2021-05-31 10:03:16,166]: *** sta3-wlan1: Scanning for ap1-ssid
INFO     [2021-05-31 10:03:16,975]: *** sta1-wlan1: Scan detected ap1-ssid in range (signal: -90.0 / -80.0)
INFO     [2021-05-31 10:03:17,987]: *** sta1-wlan1: Scan detected ap1-ssid in range (signal: -90.0 / -80.0)
INFO     [2021-05-31 10:03:18,992]: *** sta1-wlan1: Scan detected ap1-ssid in range (signal: -90.0 / -80.0)
INFO     [2021-05-31 10:03:20,009]: *** sta1-wlan1: Scan detected ap1-ssid in range (signal: -90.0 / -80.0)
INFO     [2021-05-31 10:03:20,305]: *** sta1-wlan1: Scanning for ap1-ssid
INFO     [2021-05-31 10:03:21,018]: *** sta1-wlan1: Scan detected ap1-ssid in range (signal: -90.0 / -80.0)
INFO     [2021-05-31 10:03:22,023]: *** sta1-wlan1: Scan detected ap1-ssid in range (signal: -90.0 / -80.0)
INFO     [2021-05-31 10:03:22,951]: *** sta3-wlan1: Scanning for ap1-ssid
INFO     [2021-05-31 10:03:23,027]: *** sta3-wlan1: Scan detected ap1-ssid in range (signal: -88.0 / -80.0)
INFO     [2021-05-31 10:03:23,027]: *** sta1-wlan1: Scan detected ap1-ssid in range (signal: -90.0 / -80.0)
INFO     [2021-05-31 10:03:24,032]: *** sta3-wlan1: Scan detected ap1-ssid in range (signal: -88.0 / -80.0)
INFO     [2021-05-31 10:03:24,033]: *** sta1-wlan1: Scan detected ap1-ssid in range (signal: -90.0 / -80.0)
INFO     [2021-05-31 10:03:25,038]: *** sta3-wlan1: Scan detected ap1-ssid in range (signal: -88.0 / -80.0)
INFO     [2021-05-31 10:03:25,039]: *** sta1-wlan1: Scan detected ap1-ssid in range (signal: -90.0 / -80.0)
INFO     [2021-05-31 10:03:26,043]: *** sta3-wlan1: Scan detected ap1-ssid in range (signal: -88.0 / -80.0)
INFO     [2021-05-31 10:03:26,044]: *** sta1-wlan1: Scan detected ap1-ssid in range (signal: -90.0 / -80.0)
INFO     [2021-05-31 10:03:27,050]: *** sta1-wlan1: Scan detected ap1-ssid in range (signal: -90.0 / -80.0)
INFO     [2021-05-31 10:03:27,051]: *** sta3-wlan1: Scan detected ap1-ssid in range (signal: -88.0 / -80.0)
INFO     [2021-05-31 10:03:27,077]: *** sta1-wlan1: Scanning for ap1-ssid
INFO     [2021-05-31 10:03:28,057]: *** sta3-wlan1: Scan detected ap1-ssid in range (signal: -88.0 / -80.0)
INFO     [2021-05-31 10:03:28,059]: *** sta1-wlan1: Scan detected ap1-ssid in range (signal: -90.0 / -80.0)
INFO     [2021-05-31 10:03:29,062]: *** sta3-wlan1: Scan detected ap1-ssid in range (signal: -88.0 / -80.0)
INFO     [2021-05-31 10:03:29,064]: *** sta1-wlan1: Scan detected ap1-ssid in range (signal: -90.0 / -80.0)
INFO     [2021-05-31 10:03:29,727]: *** sta3-wlan1: Scanning for ap1-ssid
INFO     [2021-05-31 10:03:30,069]: *** sta3-wlan1: Scan detected ap1-ssid in range (signal: -88.0 / -80.0)
INFO     [2021-05-31 10:03:31,073]: *** sta3-wlan1: Scan detected ap1-ssid in range (signal: -88.0 / -80.0)
INFO     [2021-05-31 10:03:32,078]: *** sta3-wlan1: Scan detected ap1-ssid in range (signal: -88.0 / -80.0)
INFO     [2021-05-31 10:03:33,083]: *** sta3-wlan1: Scan detected ap1-ssid in range (signal: -88.0 / -80.0)
INFO     [2021-05-31 10:03:33,911]: *** sta1-wlan1: Scanning for ap1-ssid
INFO     [2021-05-31 10:03:34,089]: *** sta3-wlan1: Scan detected ap1-ssid in range (signal: -88.0 / -80.0)
INFO     [2021-05-31 10:03:35,094]: *** sta3-wlan1: Scan detected ap1-ssid in range (signal: -88.0 / -80.0)
INFO     [2021-05-31 10:03:36,101]: *** sta3-wlan1: Scan detected ap1-ssid in range (signal: -88.0 / -80.0)
INFO     [2021-05-31 10:03:36,518]: *** sta3-wlan1: Scanning for ap1-ssid
INFO     [2021-05-31 10:03:37,107]: *** sta3-wlan1: Scan detected ap1-ssid in range (signal: -88.0 / -80.0)
INFO     [2021-05-31 10:03:38,123]: *** sta3-wlan1: Scan detected ap1-ssid in range (signal: -88.0 / -80.0)
INFO     [2021-05-31 10:03:39,127]: *** sta3-wlan1: Scan detected ap1-ssid in range (signal: -88.0 / -80.0)
INFO     [2021-05-31 10:03:40,132]: *** sta3-wlan1: Scan detected ap1-ssid in range (signal: -88.0 / -80.0)
INFO     [2021-05-31 10:03:40,674]: *** sta1-wlan1: Scanning for ap1-ssid
INFO     [2021-05-31 10:03:41,137]: *** sta3-wlan1: Scan detected ap1-ssid in range (signal: -88.0 / -80.0)
INFO     [2021-05-31 10:03:42,147]: *** sta3-wlan1: Scan detected ap1-ssid in range (signal: -88.0 / -80.0)
INFO     [2021-05-31 10:03:43,153]: *** sta3-wlan1: Scan detected ap1-ssid in range (signal: -88.0 / -80.0)
INFO     [2021-05-31 10:03:43,282]: *** sta3-wlan1: Scanning for ap1-ssid
INFO     [2021-05-31 10:03:44,168]: *** sta3-wlan1: Scan detected ap1-ssid in range (signal: -88.0 / -80.0)
INFO     [2021-05-31 10:03:45,183]: *** sta3-wlan1: Scan detected ap1-ssid in range (signal: -88.0 / -80.0)
INFO     [2021-05-31 10:03:46,188]: *** sta3-wlan1: Scan detected ap1-ssid in range (signal: -88.0 / -80.0)
INFO     [2021-05-31 10:03:47,201]: *** sta3-wlan1: Scan detected ap1-ssid in range (signal: -88.0 / -80.0)
INFO     [2021-05-31 10:03:47,457]: *** sta1-wlan1: Scanning for ap1-ssid
INFO     [2021-05-31 10:03:48,207]: *** sta3-wlan1: Scan detected ap1-ssid in range (signal: -88.0 / -80.0)
INFO     [2021-05-31 10:03:49,216]: *** sta3-wlan1: Scan detected ap1-ssid in range (signal: -88.0 / -80.0)
INFO     [2021-05-31 10:03:50,076]: *** sta3-wlan1: Scanning for ap1-ssid
INFO     [2021-05-31 10:03:50,221]: *** sta3-wlan1: Scan detected ap1-ssid in range (signal: -88.0 / -80.0)
INFO     [2021-05-31 10:03:51,226]: *** sta3-wlan1: Scan detected ap1-ssid in range (signal: -88.0 / -80.0)
INFO     [2021-05-31 10:03:52,232]: *** sta3-wlan1: Scan detected ap1-ssid in range (signal: -88.0 / -80.0)
INFO     [2021-05-31 10:03:54,220]: *** sta1-wlan1: Scanning for ap1-ssid
INFO     [2021-05-31 10:03:56,831]: *** sta3-wlan1: Scanning for ap1-ssid
INFO     [2021-05-31 10:04:01,048]: *** sta1-wlan1: Scanning for ap1-ssid
INFO     [2021-05-31 10:04:03,616]: *** sta3-wlan1: Scanning for ap1-ssid
INFO     [2021-05-31 10:04:04,323]: *** sta3-wlan1: Scan detected ap1-ssid in range (signal: -90.0 / -80.0)
INFO     [2021-05-31 10:04:05,332]: *** sta3-wlan1: Scan detected ap1-ssid in range (signal: -90.0 / -80.0)
INFO     [2021-05-31 10:04:06,338]: *** sta3-wlan1: Scan detected ap1-ssid in range (signal: -90.0 / -80.0)
INFO     [2021-05-31 10:04:07,344]: *** sta3-wlan1: Scan detected ap1-ssid in range (signal: -90.0 / -80.0)
INFO     [2021-05-31 10:04:07,811]: *** sta1-wlan1: Scanning for ap1-ssid
INFO     [2021-05-31 10:04:08,350]: *** sta1-wlan1: Scan detected ap1-ssid in range (signal: -86.0 / -80.0)
INFO     [2021-05-31 10:04:08,350]: *** sta3-wlan1: Scan detected ap1-ssid in range (signal: -90.0 / -80.0)
INFO     [2021-05-31 10:04:09,355]: *** sta1-wlan1: Scan detected ap1-ssid in range (signal: -86.0 / -80.0)
INFO     [2021-05-31 10:04:09,356]: *** sta3-wlan1: Scan detected ap1-ssid in range (signal: -90.0 / -80.0)
INFO     [2021-05-31 10:04:10,361]: *** sta1-wlan1: Scan detected ap1-ssid in range (signal: -86.0 / -80.0)
INFO     [2021-05-31 10:04:10,362]: *** sta3-wlan1: Scan detected ap1-ssid in range (signal: -90.0 / -80.0)
INFO     [2021-05-31 10:04:10,421]: *** sta3-wlan1: Scanning for ap1-ssid
INFO     [2021-05-31 10:04:11,367]: *** sta1-wlan1: Scan detected ap1-ssid in range (signal: -86.0 / -80.0)
INFO     [2021-05-31 10:04:11,367]: *** sta3-wlan1: Scan detected ap1-ssid in range (signal: -90.0 / -80.0)
INFO     [2021-05-31 10:04:12,372]: *** sta1-wlan1: Scan detected ap1-ssid in range (signal: -86.0 / -80.0)
INFO     [2021-05-31 10:04:12,372]: *** sta3-wlan1: Scan detected ap1-ssid in range (signal: -90.0 / -80.0)
INFO     [2021-05-31 10:04:13,376]: *** sta1-wlan1: Scan detected ap1-ssid in range (signal: -86.0 / -80.0)
INFO     [2021-05-31 10:04:13,379]: *** sta3-wlan1: Scan detected ap1-ssid in range (signal: -90.0 / -80.0)
INFO     [2021-05-31 10:04:14,386]: *** sta1-wlan1: Scan detected ap1-ssid in range (signal: -86.0 / -80.0)
INFO     [2021-05-31 10:04:14,386]: *** sta3-wlan1: Scan detected ap1-ssid in range (signal: -90.0 / -80.0)
INFO     [2021-05-31 10:04:14,612]: *** sta1-wlan1: Scanning for ap1-ssid
INFO     [2021-05-31 10:04:15,393]: *** sta3-wlan1: Scan detected ap1-ssid in range (signal: -90.0 / -80.0)
INFO     [2021-05-31 10:04:15,394]: *** sta1-wlan1: Scan detected ap1-ssid in range (signal: -86.0 / -80.0)
INFO     [2021-05-31 10:04:16,400]: *** sta3-wlan1: Scan detected ap1-ssid in range (signal: -90.0 / -80.0)
INFO     [2021-05-31 10:04:16,401]: *** sta1-wlan1: Scan detected ap1-ssid in range (signal: -86.0 / -80.0)
INFO     [2021-05-31 10:04:17,210]: *** sta3-wlan1: Scanning for ap1-ssid
INFO     [2021-05-31 10:04:17,408]: *** sta1-wlan1: Scan detected ap1-ssid in range (signal: -86.0 / -80.0)
INFO     [2021-05-31 10:04:17,409]: *** sta3-wlan1: Scan detected ap1-ssid in range (signal: -90.0 / -80.0)
INFO     [2021-05-31 10:04:18,412]: *** sta1-wlan1: Scan detected ap1-ssid in range (signal: -86.0 / -80.0)
INFO     [2021-05-31 10:04:18,413]: *** sta3-wlan1: Scan detected ap1-ssid in range (signal: -90.0 / -80.0)
INFO     [2021-05-31 10:04:19,417]: *** sta1-wlan1: Scan detected ap1-ssid in range (signal: -86.0 / -80.0)
INFO     [2021-05-31 10:04:19,421]: *** sta3-wlan1: Scan detected ap1-ssid in range (signal: -90.0 / -80.0)
INFO     [2021-05-31 10:04:20,425]: *** sta3-wlan1: Scan detected ap1-ssid in range (signal: -90.0 / -80.0)
INFO     [2021-05-31 10:04:20,426]: *** sta1-wlan1: Scan detected ap1-ssid in range (signal: -86.0 / -80.0)
INFO     [2021-05-31 10:04:21,385]: *** sta1-wlan1: Scanning for ap1-ssid
INFO     [2021-05-31 10:04:21,430]: *** sta1-wlan1: Scan detected ap1-ssid in range (signal: -86.0 / -80.0)
INFO     [2021-05-31 10:04:21,432]: *** sta3-wlan1: Scan detected ap1-ssid in range (signal: -90.0 / -80.0)
INFO     [2021-05-31 10:04:22,435]: *** sta1-wlan1: Scan detected ap1-ssid in range (signal: -86.0 / -80.0)
INFO     [2021-05-31 10:04:22,437]: *** sta3-wlan1: Scan detected ap1-ssid in range (signal: -90.0 / -80.0)
INFO     [2021-05-31 10:04:23,449]: *** sta3-wlan1: Scan detected ap1-ssid in range (signal: -90.0 / -80.0)
INFO     [2021-05-31 10:04:23,449]: *** sta1-wlan1: Scan detected ap1-ssid in range (signal: -86.0 / -80.0)
INFO     [2021-05-31 10:04:24,020]: *** sta3-wlan1: Scanning for ap1-ssid
INFO     [2021-05-31 10:04:24,455]: *** sta3-wlan1: Scan detected ap1-ssid in range (signal: -90.0 / -80.0)
INFO     [2021-05-31 10:04:24,455]: *** sta1-wlan1: Scan detected ap1-ssid in range (signal: -86.0 / -80.0)
INFO     [2021-05-31 10:04:25,460]: *** sta1-wlan1: Scan detected ap1-ssid in range (signal: -86.0 / -80.0)
INFO     [2021-05-31 10:04:25,461]: *** sta3-wlan1: Scan detected ap1-ssid in range (signal: -90.0 / -80.0)
INFO     [2021-05-31 10:04:26,465]: *** sta1-wlan1: Scan detected ap1-ssid in range (signal: -86.0 / -80.0)
INFO     [2021-05-31 10:04:26,465]: *** sta3-wlan1: Scan detected ap1-ssid in range (signal: -90.0 / -80.0)
INFO     [2021-05-31 10:04:27,476]: *** sta3-wlan1: Scan detected ap1-ssid in range (signal: -90.0 / -80.0)
INFO     [2021-05-31 10:04:27,477]: *** sta1-wlan1: Scan detected ap1-ssid in range (signal: -86.0 / -80.0)
INFO     [2021-05-31 10:04:28,186]: *** sta1-wlan1: Scanning for ap1-ssid
INFO     [2021-05-31 10:04:28,482]: *** sta1-wlan1: Scan detected ap1-ssid in range (signal: -86.0 / -80.0)
INFO     [2021-05-31 10:04:28,483]: *** sta3-wlan1: Scan detected ap1-ssid in range (signal: -90.0 / -80.0)
INFO     [2021-05-31 10:04:29,490]: *** sta3-wlan1: Scan detected ap1-ssid in range (signal: -90.0 / -80.0)
INFO     [2021-05-31 10:04:29,491]: *** sta1-wlan1: Scan detected ap1-ssid in range (signal: -86.0 / -80.0)
INFO     [2021-05-31 10:04:30,497]: *** sta3-wlan1: Scan detected ap1-ssid in range (signal: -90.0 / -80.0)
INFO     [2021-05-31 10:04:30,497]: *** sta1-wlan1: Scan detected ap1-ssid in range (signal: -86.0 / -80.0)
INFO     [2021-05-31 10:04:30,830]: *** sta3-wlan1: Scanning for ap1-ssid
INFO     [2021-05-31 10:04:31,501]: *** sta1-wlan1: Scan detected ap1-ssid in range (signal: -86.0 / -80.0)
INFO     [2021-05-31 10:04:31,502]: *** sta3-wlan1: Scan detected ap1-ssid in range (signal: -90.0 / -80.0)
INFO     [2021-05-31 10:04:32,506]: *** sta3-wlan1: Scan detected ap1-ssid in range (signal: -90.0 / -80.0)
INFO     [2021-05-31 10:04:32,506]: *** sta1-wlan1: Scan detected ap1-ssid in range (signal: -86.0 / -80.0)
INFO     [2021-05-31 10:04:33,512]: *** sta1-wlan1: Scan detected ap1-ssid in range (signal: -86.0 / -80.0)
INFO     [2021-05-31 10:04:33,513]: *** sta3-wlan1: Scan detected ap1-ssid in range (signal: -90.0 / -80.0)
INFO     [2021-05-31 10:04:34,518]: *** sta1-wlan1: Scan detected ap1-ssid in range (signal: -86.0 / -80.0)
INFO     [2021-05-31 10:04:34,519]: *** sta3-wlan1: Scan detected ap1-ssid in range (signal: -90.0 / -80.0)
INFO     [2021-05-31 10:04:34,994]: *** sta1-wlan1: Scanning for ap1-ssid
INFO     [2021-05-31 10:04:35,523]: *** sta3-wlan1: Scan detected ap1-ssid in range (signal: -90.0 / -80.0)
INFO     [2021-05-31 10:04:35,525]: *** sta1-wlan1: Scan detected ap1-ssid in range (signal: -86.0 / -80.0)
INFO     [2021-05-31 10:04:36,535]: *** sta3-wlan1: Scan detected ap1-ssid in range (signal: -90.0 / -80.0)
INFO     [2021-05-31 10:04:36,540]: *** sta1-wlan1: Scan detected ap1-ssid in range (signal: -86.0 / -80.0)
INFO     [2021-05-31 10:04:37,553]: *** sta1-wlan1: Scan detected ap1-ssid in range (signal: -86.0 / -80.0)
INFO     [2021-05-31 10:04:37,637]: *** sta3-wlan1: Scanning for ap1-ssid
INFO     [2021-05-31 10:04:38,562]: *** sta3-wlan1: Scan detected ap1-ssid in range (signal: -88.0 / -80.0)
INFO     [2021-05-31 10:04:39,568]: *** sta3-wlan1: Scan detected ap1-ssid in range (signal: -88.0 / -80.0)
INFO     [2021-05-31 10:04:40,572]: *** sta3-wlan1: Scan detected ap1-ssid in range (signal: -88.0 / -80.0)
INFO     [2021-05-31 10:04:41,576]: *** sta3-wlan1: Scan detected ap1-ssid in range (signal: -88.0 / -80.0)
INFO     [2021-05-31 10:04:41,810]: *** sta1-wlan1: Scanning for ap1-ssid
INFO     [2021-05-31 10:04:42,591]: *** sta1-wlan1: Scan detected ap1-ssid in range (signal: -87.0 / -80.0)
INFO     [2021-05-31 10:04:42,594]: *** sta3-wlan1: Scan detected ap1-ssid in range (signal: -88.0 / -80.0)
INFO     [2021-05-31 10:04:43,599]: *** sta1-wlan1: Scan detected ap1-ssid in range (signal: -87.0 / -80.0)
INFO     [2021-05-31 10:04:43,603]: *** sta3-wlan1: Scan detected ap1-ssid in range (signal: -88.0 / -80.0)
INFO     [2021-05-31 10:04:44,474]: *** sta3-wlan1: Scanning for ap1-ssid
INFO     [2021-05-31 10:04:44,606]: *** sta1-wlan1: Scan detected ap1-ssid in range (signal: -87.0 / -80.0)
INFO     [2021-05-31 10:04:44,607]: *** sta3-wlan1: Scan detected ap1-ssid in range (signal: -88.0 / -80.0)
INFO     [2021-05-31 10:04:45,612]: *** sta1-wlan1: Scan detected ap1-ssid in range (signal: -87.0 / -80.0)
INFO     [2021-05-31 10:04:45,613]: *** sta3-wlan1: Scan detected ap1-ssid in range (signal: -88.0 / -80.0)
INFO     [2021-05-31 10:04:46,617]: *** sta1-wlan1: Scan detected ap1-ssid in range (signal: -87.0 / -80.0)
INFO     [2021-05-31 10:04:46,618]: *** sta3-wlan1: Scan detected ap1-ssid in range (signal: -88.0 / -80.0)
INFO     [2021-05-31 10:04:47,621]: *** sta1-wlan1: Scan detected ap1-ssid in range (signal: -87.0 / -80.0)
INFO     [2021-05-31 10:04:47,623]: *** sta3-wlan1: Scan detected ap1-ssid in range (signal: -88.0 / -80.0)
INFO     [2021-05-31 10:04:48,600]: *** sta1-wlan1: Scanning for ap1-ssid
INFO     [2021-05-31 10:04:48,626]: *** sta1-wlan1: Scan detected ap1-ssid in range (signal: -87.0 / -80.0)
INFO     [2021-05-31 10:04:48,629]: *** sta3-wlan1: Scan detected ap1-ssid in range (signal: -88.0 / -80.0)
INFO     [2021-05-31 10:04:49,633]: *** sta1-wlan1: Scan detected ap1-ssid in range (signal: -87.0 / -80.0)
INFO     [2021-05-31 10:04:49,634]: *** sta3-wlan1: Scan detected ap1-ssid in range (signal: -88.0 / -80.0)
INFO     [2021-05-31 10:04:50,640]: *** sta1-wlan1: Scan detected ap1-ssid in range (signal: -87.0 / -80.0)
INFO     [2021-05-31 10:04:50,641]: *** sta3-wlan1: Scan detected ap1-ssid in range (signal: -88.0 / -80.0)
INFO     [2021-05-31 10:04:51,262]: *** sta3-wlan1: Scanning for ap1-ssid
INFO     [2021-05-31 10:04:51,658]: *** sta3-wlan1: Scan detected ap1-ssid in range (signal: -88.0 / -80.0)
INFO     [2021-05-31 10:04:51,661]: *** sta1-wlan1: Scan detected ap1-ssid in range (signal: -87.0 / -80.0)
INFO     [2021-05-31 10:04:52,665]: *** sta3-wlan1: Scan detected ap1-ssid in range (signal: -88.0 / -80.0)
INFO     [2021-05-31 10:04:52,666]: *** sta1-wlan1: Scan detected ap1-ssid in range (signal: -87.0 / -80.0)
INFO     [2021-05-31 10:04:53,670]: *** sta3-wlan1: Scan detected ap1-ssid in range (signal: -88.0 / -80.0)
INFO     [2021-05-31 10:04:53,672]: *** sta1-wlan1: Scan detected ap1-ssid in range (signal: -87.0 / -80.0)
INFO     [2021-05-31 10:04:54,683]: *** sta3-wlan1: Scan detected ap1-ssid in range (signal: -88.0 / -80.0)
INFO     [2021-05-31 10:04:54,686]: *** sta1-wlan1: Scan detected ap1-ssid in range (signal: -87.0 / -80.0)
INFO     [2021-05-31 10:04:55,354]: *** sta1-wlan1: Scanning for ap1-ssid
INFO     [2021-05-31 10:04:55,700]: *** sta1-wlan1: Scan detected ap1-ssid in range (signal: -90.0 / -80.0)
INFO     [2021-05-31 10:04:56,721]: *** sta1-wlan1: Scan detected ap1-ssid in range (signal: -90.0 / -80.0)
INFO     [2021-05-31 10:04:56,724]: *** sta3-wlan1: Scan detected ap1-ssid in range (signal: -88.0 / -80.0)
INFO     [2021-05-31 10:04:57,744]: *** sta1-wlan1: Scan detected ap1-ssid in range (signal: -90.0 / -80.0)
INFO     [2021-05-31 10:04:57,746]: *** sta3-wlan1: Scan detected ap1-ssid in range (signal: -88.0 / -80.0)
INFO     [2021-05-31 10:04:58,017]: *** sta3-wlan1: Scanning for ap1-ssid
INFO     [2021-05-31 10:04:58,750]: *** sta1-wlan1: Scan detected ap1-ssid in range (signal: -90.0 / -80.0)
INFO     [2021-05-31 10:04:58,752]: *** sta3-wlan1: Scan detected ap1-ssid in range (signal: -83.0 / -80.0)
INFO     [2021-05-31 10:04:59,760]: *** sta1-wlan1: Scan detected ap1-ssid in range (signal: -90.0 / -80.0)
INFO     [2021-05-31 10:04:59,761]: *** sta3-wlan1: Scan detected ap1-ssid in range (signal: -83.0 / -80.0)
INFO     [2021-05-31 10:05:00,766]: *** sta1-wlan1: Scan detected ap1-ssid in range (signal: -90.0 / -80.0)
INFO     [2021-05-31 10:05:00,767]: *** sta3-wlan1: Scan detected ap1-ssid in range (signal: -83.0 / -80.0)
INFO     [2021-05-31 10:05:01,779]: *** sta3-wlan1: Scan detected ap1-ssid in range (signal: -83.0 / -80.0)
INFO     [2021-05-31 10:05:01,779]: *** sta1-wlan1: Scan detected ap1-ssid in range (signal: -90.0 / -80.0)
INFO     [2021-05-31 10:05:02,283]: *** sta1-wlan1: Scanning for ap1-ssid
INFO     [2021-05-31 10:05:02,785]: *** sta1-wlan1: Scan detected ap1-ssid in range (signal: -89.0 / -80.0)
INFO     [2021-05-31 10:05:02,787]: *** sta3-wlan1: Scan detected ap1-ssid in range (signal: -83.0 / -80.0)
INFO     [2021-05-31 10:05:03,794]: *** sta1-wlan1: Scan detected ap1-ssid in range (signal: -89.0 / -80.0)
INFO     [2021-05-31 10:05:03,794]: *** sta3-wlan1: Scan detected ap1-ssid in range (signal: -83.0 / -80.0)
INFO     [2021-05-31 10:05:04,801]: *** sta1-wlan1: Scan detected ap1-ssid in range (signal: -89.0 / -80.0)
INFO     [2021-05-31 10:05:04,801]: *** sta3-wlan1: Scan detected ap1-ssid in range (signal: -83.0 / -80.0)
INFO     [2021-05-31 10:05:04,838]: *** sta3-wlan1: Scanning for ap1-ssid
INFO     [2021-05-31 10:05:05,807]: *** sta3-wlan1: Scan detected ap1-ssid in range (signal: -86.0 / -80.0)
INFO     [2021-05-31 10:05:06,812]: *** sta3-wlan1: Scan detected ap1-ssid in range (signal: -86.0 / -80.0)
INFO     [2021-05-31 10:05:07,819]: *** sta3-wlan1: Scan detected ap1-ssid in range (signal: -86.0 / -80.0)
INFO     [2021-05-31 10:05:08,817]: *** sta1-wlan1: Scan detected ap1-ssid in range (signal: -89.0 / -80.0)
INFO     [2021-05-31 10:05:09,113]: *** sta1-wlan1: Scanning for ap1-ssid
INFO     [2021-05-31 10:05:09,822]: *** sta1-wlan1: Scan detected ap1-ssid in range (signal: -89.0 / -80.0)
INFO     [2021-05-31 10:05:09,838]: *** sta3-wlan1: Scan detected ap1-ssid in range (signal: -83.0 / -80.0)
INFO     [2021-05-31 10:05:10,828]: *** sta1-wlan1: Scan detected ap1-ssid in range (signal: -89.0 / -80.0)
INFO     [2021-05-31 10:05:10,843]: *** sta3-wlan1: Scan detected ap1-ssid in range (signal: -83.0 / -80.0)
INFO     [2021-05-31 10:05:11,702]: *** sta3-wlan1: Scanning for ap1-ssid
INFO     [2021-05-31 10:05:11,834]: *** sta1-wlan1: Scan detected ap1-ssid in range (signal: -89.0 / -80.0)
INFO     [2021-05-31 10:05:11,848]: *** sta3-wlan1: Scan detected ap1-ssid in range (signal: -89.0 / -80.0)
INFO     [2021-05-31 10:05:12,841]: *** sta1-wlan1: Scan detected ap1-ssid in range (signal: -89.0 / -80.0)
INFO     [2021-05-31 10:05:13,846]: *** sta1-wlan1: Scan detected ap1-ssid in range (signal: -89.0 / -80.0)
INFO     [2021-05-31 10:05:13,859]: *** sta3-wlan1: Scan detected ap1-ssid in range (signal: -89.0 / -80.0)
INFO     [2021-05-31 10:05:14,856]: *** sta1-wlan1: Scan detected ap1-ssid in range (signal: -89.0 / -80.0)
INFO     [2021-05-31 10:05:14,863]: *** sta3-wlan1: Scan detected ap1-ssid in range (signal: -89.0 / -80.0)
INFO     [2021-05-31 10:05:15,859]: *** sta1-wlan1: Scanning for ap1-ssid
INFO     [2021-05-31 10:05:15,863]: *** sta1-wlan1: Scan detected ap1-ssid in range (signal: -89.0 / -80.0)
INFO     [2021-05-31 10:05:16,869]: *** sta1-wlan1: Scan detected ap1-ssid in range (signal: -85.0 / -80.0)
INFO     [2021-05-31 10:05:17,875]: *** sta1-wlan1: Scan detected ap1-ssid in range (signal: -85.0 / -80.0)
INFO     [2021-05-31 10:05:18,473]: *** sta3-wlan1: Scanning for ap1-ssid
INFO     [2021-05-31 10:05:18,885]: *** sta1-wlan1: Scan detected ap1-ssid in range (signal: -85.0 / -80.0)
INFO     [2021-05-31 10:05:19,905]: *** sta1-wlan1: Scan detected ap1-ssid in range (signal: -85.0 / -80.0)
INFO     [2021-05-31 10:05:20,914]: *** sta1-wlan1: Scan detected ap1-ssid in range (signal: -85.0 / -80.0)
INFO     [2021-05-31 10:05:22,646]: *** sta1-wlan1: Scanning for ap1-ssid
INFO     [2021-05-31 10:05:23,928]: *** sta1-wlan1: Scan detected ap1-ssid in range (signal: -85.0 / -80.0)
INFO     [2021-05-31 10:05:24,935]: *** sta1-wlan1: Scan detected ap1-ssid in range (signal: -85.0 / -80.0)
INFO     [2021-05-31 10:05:25,293]: *** sta3-wlan1: Scanning for ap1-ssid
INFO     [2021-05-31 10:05:26,956]: *** sta1-wlan1: Scan detected ap1-ssid in range (signal: -85.0 / -80.0)
INFO     [2021-05-31 10:05:27,960]: *** sta1-wlan1: Scan detected ap1-ssid in range (signal: -85.0 / -80.0)
INFO     [2021-05-31 10:05:29,445]: *** sta1-wlan1: Scanning for ap1-ssid
INFO     [2021-05-31 10:05:29,947]: *** sta3-wlan1: Scan detected ap1-ssid in range (signal: -89.0 / -80.0)
INFO     [2021-05-31 10:05:30,961]: *** sta3-wlan1: Scan detected ap1-ssid in range (signal: -89.0 / -80.0)
INFO     [2021-05-31 10:05:31,967]: *** sta3-wlan1: Scan detected ap1-ssid in range (signal: -89.0 / -80.0)
INFO     [2021-05-31 10:05:32,061]: *** sta3-wlan1: Scanning for ap1-ssid
INFO     [2021-05-31 10:05:32,973]: *** sta3-wlan1: Scan detected ap1-ssid in range (signal: -81.0 / -80.0)
INFO     [2021-05-31 10:05:33,988]: *** sta3-wlan1: Scan detected ap1-ssid in range (signal: -81.0 / -80.0)
INFO     [2021-05-31 10:05:34,993]: *** sta3-wlan1: Scan detected ap1-ssid in range (signal: -81.0 / -80.0)
INFO     [2021-05-31 10:05:35,999]: *** sta3-wlan1: Scan detected ap1-ssid in range (signal: -81.0 / -80.0)
INFO     [2021-05-31 10:05:36,203]: *** sta1-wlan1: Scanning for ap1-ssid
INFO     [2021-05-31 10:05:37,002]: *** sta1-wlan1: Scan detected ap1-ssid in range (signal: -89.0 / -80.0)
INFO     [2021-05-31 10:05:38,007]: *** sta1-wlan1: Scan detected ap1-ssid in range (signal: -89.0 / -80.0)
INFO     [2021-05-31 10:05:38,907]: *** sta3-wlan1: Scanning for ap1-ssid
INFO     [2021-05-31 10:05:39,014]: *** sta1-wlan1: Scan detected ap1-ssid in range (signal: -89.0 / -80.0)
INFO     [2021-05-31 10:05:40,020]: *** sta1-wlan1: Scan detected ap1-ssid in range (signal: -89.0 / -80.0)
INFO     [2021-05-31 10:05:43,011]: *** sta1-wlan1: Scanning for ap1-ssid
INFO     [2021-05-31 10:05:45,733]: *** sta3-wlan1: Scanning for ap1-ssid
INFO     [2021-05-31 10:05:49,777]: *** sta1-wlan1: Scanning for ap1-ssid
INFO     [2021-05-31 10:05:52,494]: *** sta3-wlan1: Scanning for ap1-ssid
INFO     [2021-05-31 10:05:56,550]: *** sta1-wlan1: Scanning for ap1-ssid
INFO     [2021-05-31 10:05:59,255]: *** sta3-wlan1: Scanning for ap1-ssid
INFO     [2021-05-31 10:06:03,318]: *** sta1-wlan1: Scanning for ap1-ssid
INFO     [2021-05-31 10:06:06,009]: *** sta3-wlan1: Scanning for ap1-ssid
INFO     [2021-05-31 10:06:10,078]: *** sta1-wlan1: Scanning for ap1-ssid
INFO     [2021-05-31 10:06:12,812]: *** sta3-wlan1: Scanning for ap1-ssid
INFO     [2021-05-31 10:06:16,855]: *** sta1-wlan1: Scanning for ap1-ssid
INFO     [2021-05-31 10:06:19,613]: *** sta3-wlan1: Scanning for ap1-ssid
INFO     [2021-05-31 10:06:23,831]: *** sta1-wlan1: Scanning for ap1-ssid
INFO     [2021-05-31 10:06:26,505]: *** sta3-wlan1: Scanning for ap1-ssid
INFO     [2021-05-31 10:06:30,990]: *** sta1-wlan1: Scanning for ap1-ssid
INFO     [2021-05-31 10:06:33,261]: *** sta3-wlan1: Scanning for ap1-ssid
INFO     [2021-05-31 10:06:37,752]: *** sta1-wlan1: Scanning for ap1-ssid
INFO     [2021-05-31 10:06:40,070]: *** sta3-wlan1: Scanning for ap1-ssid
INFO     [2021-05-31 10:06:44,691]: *** sta1-wlan1: Scanning for ap1-ssid
INFO     [2021-05-31 10:06:47,174]: *** sta3-wlan1: Scanning for ap1-ssid
INFO     [2021-05-31 10:06:51,734]: *** sta1-wlan1: Scanning for ap1-ssid
INFO     [2021-05-31 10:06:54,232]: *** sta3-wlan1: Scanning for ap1-ssid
INFO     [2021-05-31 10:06:58,725]: *** sta1-wlan1: Scanning for ap1-ssid
INFO     [2021-05-31 10:07:01,150]: *** sta3-wlan1: Scanning for ap1-ssid
