INFO     [2021-06-01 03:27:06,335]: *** sta1-wlan0: Started flexible_sdn.py
INFO     [2021-06-01 03:27:06,339]: *** sta1: Interface: sta1-wlan0, Scan-interface: sta1-wlan1
INFO     [2021-06-01 03:27:06,348]: *** sta3-wlan0: Started flexible_sdn.py
INFO     [2021-06-01 03:27:06,350]: *** sta3: Interface: sta3-wlan0, Scan-interface: sta3-wlan1
INFO     [2021-06-01 03:29:08,165]: *** sta1-wlan1: Scanner started. Searching for ap1-ssid with interval 3.0
INFO     [2021-06-01 03:29:11,168]: *** sta1-wlan1: Scanning for ap1-ssid
INFO     [2021-06-01 03:29:12,195]: *** sta1-wlan1: Scan detected ap1-ssid in range (signal: -89.0 / -80.0)
INFO     [2021-06-01 03:29:13,211]: *** sta1-wlan1: Scan detected ap1-ssid in range (signal: -89.0 / -80.0)
INFO     [2021-06-01 03:29:14,216]: *** sta1-wlan1: Scan detected ap1-ssid in range (signal: -89.0 / -80.0)
INFO     [2021-06-01 03:29:15,221]: *** sta1-wlan1: Scan detected ap1-ssid in range (signal: -89.0 / -80.0)
INFO     [2021-06-01 03:29:16,225]: *** sta1-wlan1: Scan detected ap1-ssid in range (signal: -89.0 / -80.0)
INFO     [2021-06-01 03:29:17,243]: *** sta1-wlan1: Scan detected ap1-ssid in range (signal: -89.0 / -80.0)
INFO     [2021-06-01 03:29:18,025]: *** sta1-wlan1: Scanning for ap1-ssid
INFO     [2021-06-01 03:29:18,248]: *** sta1-wlan1: Scan detected ap1-ssid in range (signal: -85.0 / -80.0)
INFO     [2021-06-01 03:29:19,257]: *** sta1-wlan1: Scan detected ap1-ssid in range (signal: -85.0 / -80.0)
INFO     [2021-06-01 03:29:20,261]: *** sta1-wlan1: Scan detected ap1-ssid in range (signal: -85.0 / -80.0)
INFO     [2021-06-01 03:29:21,266]: *** sta1-wlan1: Scan detected ap1-ssid in range (signal: -85.0 / -80.0)
INFO     [2021-06-01 03:29:22,270]: *** sta1-wlan1: Scan detected ap1-ssid in range (signal: -85.0 / -80.0)
INFO     [2021-06-01 03:29:23,276]: *** sta1-wlan1: Scan detected ap1-ssid in range (signal: -85.0 / -80.0)
INFO     [2021-06-01 03:29:24,282]: *** sta1-wlan1: Scan detected ap1-ssid in range (signal: -85.0 / -80.0)
INFO     [2021-06-01 03:29:24,826]: *** sta1-wlan1: Scanning for ap1-ssid
INFO     [2021-06-01 03:29:25,290]: *** sta1-wlan1: Scan detected ap1-ssid in range (signal: -85.0 / -80.0)
INFO     [2021-06-01 03:29:26,111]: *** sta3-wlan1: Scanner started. Searching for ap1-ssid with interval 3.0
INFO     [2021-06-01 03:29:26,295]: *** sta1-wlan1: Scan detected ap1-ssid in range (signal: -85.0 / -80.0)
INFO     [2021-06-01 03:29:27,310]: *** sta1-wlan1: Scan detected ap1-ssid in range (signal: -85.0 / -80.0)
INFO     [2021-06-01 03:29:28,316]: *** sta1-wlan1: Scan detected ap1-ssid in range (signal: -85.0 / -80.0)
INFO     [2021-06-01 03:29:29,114]: *** sta3-wlan1: Scanning for ap1-ssid
INFO     [2021-06-01 03:29:29,329]: *** sta1-wlan1: Scan detected ap1-ssid in range (signal: -85.0 / -80.0)
INFO     [2021-06-01 03:29:30,150]: *** sta3-wlan1: Scan detected ap1-ssid in range (signal: -90.0 / -80.0)
INFO     [2021-06-01 03:29:30,347]: *** sta1-wlan1: Scan detected ap1-ssid in range (signal: -85.0 / -80.0)
INFO     [2021-06-01 03:29:31,163]: *** sta3-wlan1: Scan detected ap1-ssid in range (signal: -90.0 / -80.0)
INFO     [2021-06-01 03:29:31,352]: *** sta1-wlan1: Scan detected ap1-ssid in range (signal: -85.0 / -80.0)
INFO     [2021-06-01 03:29:31,586]: *** sta1-wlan1: Scanning for ap1-ssid
INFO     [2021-06-01 03:29:32,169]: *** sta3-wlan1: Scan detected ap1-ssid in range (signal: -90.0 / -80.0)
INFO     [2021-06-01 03:29:32,357]: *** sta1-wlan1: Scan detected ap1-ssid in range (signal: -88.0 / -80.0)
INFO     [2021-06-01 03:29:33,174]: *** sta3-wlan1: Scan detected ap1-ssid in range (signal: -90.0 / -80.0)
INFO     [2021-06-01 03:29:33,365]: *** sta1-wlan1: Scan detected ap1-ssid in range (signal: -88.0 / -80.0)
INFO     [2021-06-01 03:29:34,179]: *** sta3-wlan1: Scan detected ap1-ssid in range (signal: -90.0 / -80.0)
INFO     [2021-06-01 03:29:34,369]: *** sta1-wlan1: Scan detected ap1-ssid in range (signal: -88.0 / -80.0)
INFO     [2021-06-01 03:29:35,184]: *** sta3-wlan1: Scan detected ap1-ssid in range (signal: -90.0 / -80.0)
INFO     [2021-06-01 03:29:35,376]: *** sta1-wlan1: Scan detected ap1-ssid in range (signal: -84.0 / -80.0)
INFO     [2021-06-01 03:29:35,872]: *** sta3-wlan1: Scanning for ap1-ssid
INFO     [2021-06-01 03:29:36,190]: *** sta3-wlan1: Scan detected ap1-ssid in range (signal: -90.0 / -80.0)
INFO     [2021-06-01 03:29:36,381]: *** sta1-wlan1: Scan detected ap1-ssid in range (signal: -84.0 / -80.0)
INFO     [2021-06-01 03:29:37,194]: *** sta3-wlan1: Scan detected ap1-ssid in range (signal: -90.0 / -80.0)
INFO     [2021-06-01 03:29:37,385]: *** sta1-wlan1: Scan detected ap1-ssid in range (signal: -84.0 / -80.0)
INFO     [2021-06-01 03:29:38,203]: *** sta3-wlan1: Scan detected ap1-ssid in range (signal: -90.0 / -80.0)
INFO     [2021-06-01 03:29:38,358]: *** sta1-wlan1: Scanning for ap1-ssid
INFO     [2021-06-01 03:29:38,389]: *** sta1-wlan1: Scan detected ap1-ssid in range (signal: -84.0 / -80.0)
INFO     [2021-06-01 03:29:39,211]: *** sta3-wlan1: Scan detected ap1-ssid in range (signal: -90.0 / -80.0)
INFO     [2021-06-01 03:29:39,393]: *** sta1-wlan1: Scan detected ap1-ssid in range (signal: -84.0 / -80.0)
INFO     [2021-06-01 03:29:40,217]: *** sta3-wlan1: Scan detected ap1-ssid in range (signal: -90.0 / -80.0)
INFO     [2021-06-01 03:29:40,406]: *** sta1-wlan1: Scan detected ap1-ssid in range (signal: -84.0 / -80.0)
INFO     [2021-06-01 03:29:41,221]: *** sta3-wlan1: Scan detected ap1-ssid in range (signal: -90.0 / -80.0)
INFO     [2021-06-01 03:29:41,410]: *** sta1-wlan1: Scan detected ap1-ssid in range (signal: -84.0 / -80.0)
INFO     [2021-06-01 03:29:42,231]: *** sta3-wlan1: Scan detected ap1-ssid in range (signal: -90.0 / -80.0)
INFO     [2021-06-01 03:29:42,425]: *** sta1-wlan1: Scan detected ap1-ssid in range (signal: -84.0 / -80.0)
INFO     [2021-06-01 03:29:42,694]: *** sta3-wlan1: Scanning for ap1-ssid
INFO     [2021-06-01 03:29:43,236]: *** sta3-wlan1: Scan detected ap1-ssid in range (signal: -90.0 / -80.0)
INFO     [2021-06-01 03:29:43,430]: *** sta1-wlan1: Scan detected ap1-ssid in range (signal: -84.0 / -80.0)
INFO     [2021-06-01 03:29:44,246]: *** sta3-wlan1: Scan detected ap1-ssid in range (signal: -90.0 / -80.0)
INFO     [2021-06-01 03:29:44,437]: *** sta1-wlan1: Scan detected ap1-ssid in range (signal: -84.0 / -80.0)
INFO     [2021-06-01 03:29:45,123]: *** sta1-wlan1: Scanning for ap1-ssid
INFO     [2021-06-01 03:29:45,252]: *** sta3-wlan1: Scan detected ap1-ssid in range (signal: -90.0 / -80.0)
INFO     [2021-06-01 03:29:45,445]: *** sta1-wlan1: Scan detected ap1-ssid in range (signal: -90.0 / -80.0)
INFO     [2021-06-01 03:29:46,257]: *** sta3-wlan1: Scan detected ap1-ssid in range (signal: -90.0 / -80.0)
INFO     [2021-06-01 03:29:46,449]: *** sta1-wlan1: Scan detected ap1-ssid in range (signal: -90.0 / -80.0)
INFO     [2021-06-01 03:29:47,266]: *** sta3-wlan1: Scan detected ap1-ssid in range (signal: -90.0 / -80.0)
INFO     [2021-06-01 03:29:47,457]: *** sta1-wlan1: Scan detected ap1-ssid in range (signal: -90.0 / -80.0)
INFO     [2021-06-01 03:29:48,270]: *** sta3-wlan1: Scan detected ap1-ssid in range (signal: -90.0 / -80.0)
INFO     [2021-06-01 03:29:48,468]: *** sta1-wlan1: Scan detected ap1-ssid in range (signal: -90.0 / -80.0)
INFO     [2021-06-01 03:29:49,275]: *** sta3-wlan1: Scan detected ap1-ssid in range (signal: -90.0 / -80.0)
INFO     [2021-06-01 03:29:49,474]: *** sta1-wlan1: Scan detected ap1-ssid in range (signal: -90.0 / -80.0)
INFO     [2021-06-01 03:29:49,554]: *** sta3-wlan1: Scanning for ap1-ssid
INFO     [2021-06-01 03:29:50,290]: *** sta3-wlan1: Scan detected ap1-ssid in range (signal: -90.0 / -80.0)
INFO     [2021-06-01 03:29:50,485]: *** sta1-wlan1: Scan detected ap1-ssid in range (signal: -90.0 / -80.0)
INFO     [2021-06-01 03:29:51,310]: *** sta3-wlan1: Scan detected ap1-ssid in range (signal: -90.0 / -80.0)
INFO     [2021-06-01 03:29:51,493]: *** sta1-wlan1: Scan detected ap1-ssid in range (signal: -90.0 / -80.0)
INFO     [2021-06-01 03:29:52,059]: *** sta1-wlan1: Scanning for ap1-ssid
INFO     [2021-06-01 03:29:52,319]: *** sta3-wlan1: Scan detected ap1-ssid in range (signal: -90.0 / -80.0)
INFO     [2021-06-01 03:29:52,501]: *** sta1-wlan1: Scan detected ap1-ssid in range (signal: -90.0 / -80.0)
INFO     [2021-06-01 03:29:53,324]: *** sta3-wlan1: Scan detected ap1-ssid in range (signal: -90.0 / -80.0)
INFO     [2021-06-01 03:29:53,506]: *** sta1-wlan1: Scan detected ap1-ssid in range (signal: -90.0 / -80.0)
INFO     [2021-06-01 03:29:54,328]: *** sta3-wlan1: Scan detected ap1-ssid in range (signal: -90.0 / -80.0)
INFO     [2021-06-01 03:29:54,511]: *** sta1-wlan1: Scan detected ap1-ssid in range (signal: -90.0 / -80.0)
INFO     [2021-06-01 03:29:55,332]: *** sta3-wlan1: Scan detected ap1-ssid in range (signal: -90.0 / -80.0)
INFO     [2021-06-01 03:29:55,517]: *** sta1-wlan1: Scan detected ap1-ssid in range (signal: -90.0 / -80.0)
INFO     [2021-06-01 03:29:56,337]: *** sta3-wlan1: Scan detected ap1-ssid in range (signal: -90.0 / -80.0)
INFO     [2021-06-01 03:29:56,451]: *** sta3-wlan1: Scanning for ap1-ssid
INFO     [2021-06-01 03:29:56,530]: *** sta1-wlan1: Scan detected ap1-ssid in range (signal: -90.0 / -80.0)
INFO     [2021-06-01 03:29:57,345]: *** sta3-wlan1: Scan detected ap1-ssid in range (signal: -90.0 / -80.0)
INFO     [2021-06-01 03:29:57,535]: *** sta1-wlan1: Scan detected ap1-ssid in range (signal: -90.0 / -80.0)
INFO     [2021-06-01 03:29:58,351]: *** sta3-wlan1: Scan detected ap1-ssid in range (signal: -90.0 / -80.0)
INFO     [2021-06-01 03:29:58,541]: *** sta1-wlan1: Scan detected ap1-ssid in range (signal: -90.0 / -80.0)
INFO     [2021-06-01 03:29:58,875]: *** sta1-wlan1: Scanning for ap1-ssid
INFO     [2021-06-01 03:29:59,371]: *** sta3-wlan1: Scan detected ap1-ssid in range (signal: -90.0 / -80.0)
INFO     [2021-06-01 03:29:59,558]: *** sta1-wlan1: Scan detected ap1-ssid in range (signal: -90.0 / -80.0)
INFO     [2021-06-01 03:30:00,392]: *** sta3-wlan1: Scan detected ap1-ssid in range (signal: -90.0 / -80.0)
INFO     [2021-06-01 03:30:00,573]: *** sta1-wlan1: Scan detected ap1-ssid in range (signal: -90.0 / -80.0)
INFO     [2021-06-01 03:30:01,398]: *** sta3-wlan1: Scan detected ap1-ssid in range (signal: -90.0 / -80.0)
INFO     [2021-06-01 03:30:01,582]: *** sta1-wlan1: Scan detected ap1-ssid in range (signal: -90.0 / -80.0)
INFO     [2021-06-01 03:30:02,401]: *** sta3-wlan1: Scan detected ap1-ssid in range (signal: -90.0 / -80.0)
INFO     [2021-06-01 03:30:02,598]: *** sta1-wlan1: Scan detected ap1-ssid in range (signal: -90.0 / -80.0)
INFO     [2021-06-01 03:30:03,406]: *** sta3-wlan1: Scan detected ap1-ssid in range (signal: -90.0 / -80.0)
INFO     [2021-06-01 03:30:03,586]: *** sta3-wlan1: Scanning for ap1-ssid
INFO     [2021-06-01 03:30:03,603]: *** sta1-wlan1: Scan detected ap1-ssid in range (signal: -90.0 / -80.0)
INFO     [2021-06-01 03:30:04,416]: *** sta3-wlan1: Scan detected ap1-ssid in range (signal: -86.0 / -80.0)
INFO     [2021-06-01 03:30:04,609]: *** sta1-wlan1: Scan detected ap1-ssid in range (signal: -90.0 / -80.0)
INFO     [2021-06-01 03:30:05,422]: *** sta3-wlan1: Scan detected ap1-ssid in range (signal: -86.0 / -80.0)
INFO     [2021-06-01 03:30:05,615]: *** sta1-wlan1: Scan detected ap1-ssid in range (signal: -90.0 / -80.0)
INFO     [2021-06-01 03:30:05,983]: *** sta1-wlan1: Scanning for ap1-ssid
INFO     [2021-06-01 03:30:06,426]: *** sta3-wlan1: Scan detected ap1-ssid in range (signal: -86.0 / -80.0)
INFO     [2021-06-01 03:30:06,620]: *** sta1-wlan1: Scan detected ap1-ssid in range (signal: -90.0 / -80.0)
INFO     [2021-06-01 03:30:07,440]: *** sta3-wlan1: Scan detected ap1-ssid in range (signal: -86.0 / -80.0)
INFO     [2021-06-01 03:30:07,626]: *** sta1-wlan1: Scan detected ap1-ssid in range (signal: -90.0 / -80.0)
INFO     [2021-06-01 03:30:08,444]: *** sta3-wlan1: Scan detected ap1-ssid in range (signal: -86.0 / -80.0)
INFO     [2021-06-01 03:30:08,631]: *** sta1-wlan1: Scan detected ap1-ssid in range (signal: -90.0 / -80.0)
INFO     [2021-06-01 03:30:09,449]: *** sta3-wlan1: Scan detected ap1-ssid in range (signal: -86.0 / -80.0)
INFO     [2021-06-01 03:30:09,639]: *** sta1-wlan1: Scan detected ap1-ssid in range (signal: -90.0 / -80.0)
INFO     [2021-06-01 03:30:10,454]: *** sta3-wlan1: Scan detected ap1-ssid in range (signal: -86.0 / -80.0)
INFO     [2021-06-01 03:30:10,478]: *** sta3-wlan1: Scanning for ap1-ssid
INFO     [2021-06-01 03:30:10,643]: *** sta1-wlan1: Scan detected ap1-ssid in range (signal: -90.0 / -80.0)
INFO     [2021-06-01 03:30:11,460]: *** sta3-wlan1: Scan detected ap1-ssid in range (signal: -86.0 / -80.0)
INFO     [2021-06-01 03:30:11,648]: *** sta1-wlan1: Scan detected ap1-ssid in range (signal: -90.0 / -80.0)
INFO     [2021-06-01 03:30:12,465]: *** sta3-wlan1: Scan detected ap1-ssid in range (signal: -86.0 / -80.0)
INFO     [2021-06-01 03:30:12,690]: *** sta1-wlan1: Scan detected ap1-ssid in range (signal: -90.0 / -80.0)
INFO     [2021-06-01 03:30:12,775]: *** sta1-wlan1: Scanning for ap1-ssid
INFO     [2021-06-01 03:30:13,487]: *** sta3-wlan1: Scan detected ap1-ssid in range (signal: -86.0 / -80.0)
INFO     [2021-06-01 03:30:13,695]: *** sta1-wlan1: Scan detected ap1-ssid in range (signal: -90.0 / -80.0)
INFO     [2021-06-01 03:30:14,496]: *** sta3-wlan1: Scan detected ap1-ssid in range (signal: -86.0 / -80.0)
INFO     [2021-06-01 03:30:14,712]: *** sta1-wlan1: Scan detected ap1-ssid in range (signal: -90.0 / -80.0)
INFO     [2021-06-01 03:30:15,502]: *** sta3-wlan1: Scan detected ap1-ssid in range (signal: -86.0 / -80.0)
INFO     [2021-06-01 03:30:15,721]: *** sta1-wlan1: Scan detected ap1-ssid in range (signal: -90.0 / -80.0)
INFO     [2021-06-01 03:30:16,506]: *** sta3-wlan1: Scan detected ap1-ssid in range (signal: -86.0 / -80.0)
INFO     [2021-06-01 03:30:16,725]: *** sta1-wlan1: Scan detected ap1-ssid in range (signal: -90.0 / -80.0)
INFO     [2021-06-01 03:30:17,408]: *** sta3-wlan1: Scanning for ap1-ssid
INFO     [2021-06-01 03:30:17,513]: *** sta3-wlan1: Scan detected ap1-ssid in range (signal: -86.0 / -80.0)
INFO     [2021-06-01 03:30:17,730]: *** sta1-wlan1: Scan detected ap1-ssid in range (signal: -90.0 / -80.0)
INFO     [2021-06-01 03:30:18,520]: *** sta3-wlan1: Scan detected ap1-ssid in range (signal: -86.0 / -80.0)
INFO     [2021-06-01 03:30:18,734]: *** sta1-wlan1: Scan detected ap1-ssid in range (signal: -90.0 / -80.0)
INFO     [2021-06-01 03:30:19,526]: *** sta3-wlan1: Scan detected ap1-ssid in range (signal: -86.0 / -80.0)
INFO     [2021-06-01 03:30:19,622]: *** sta1-wlan1: Scanning for ap1-ssid
INFO     [2021-06-01 03:30:19,754]: *** sta1-wlan1: Scan detected ap1-ssid in range (signal: -90.0 / -80.0)
INFO     [2021-06-01 03:30:20,531]: *** sta3-wlan1: Scan detected ap1-ssid in range (signal: -86.0 / -80.0)
INFO     [2021-06-01 03:30:20,771]: *** sta1-wlan1: Scan detected ap1-ssid in range (signal: -90.0 / -80.0)
INFO     [2021-06-01 03:30:21,537]: *** sta3-wlan1: Scan detected ap1-ssid in range (signal: -86.0 / -80.0)
INFO     [2021-06-01 03:30:21,779]: *** sta1-wlan1: Scan detected ap1-ssid in range (signal: -90.0 / -80.0)
INFO     [2021-06-01 03:30:22,542]: *** sta3-wlan1: Scan detected ap1-ssid in range (signal: -86.0 / -80.0)
INFO     [2021-06-01 03:30:22,790]: *** sta1-wlan1: Scan detected ap1-ssid in range (signal: -90.0 / -80.0)
INFO     [2021-06-01 03:30:23,558]: *** sta3-wlan1: Scan detected ap1-ssid in range (signal: -86.0 / -80.0)
INFO     [2021-06-01 03:30:23,796]: *** sta1-wlan1: Scan detected ap1-ssid in range (signal: -90.0 / -80.0)
INFO     [2021-06-01 03:30:24,204]: *** sta3-wlan1: Scanning for ap1-ssid
INFO     [2021-06-01 03:30:24,562]: *** sta3-wlan1: Scan detected ap1-ssid in range (signal: -86.0 / -80.0)
INFO     [2021-06-01 03:30:24,801]: *** sta1-wlan1: Scan detected ap1-ssid in range (signal: -90.0 / -80.0)
INFO     [2021-06-01 03:30:25,567]: *** sta3-wlan1: Scan detected ap1-ssid in range (signal: -86.0 / -80.0)
INFO     [2021-06-01 03:30:25,812]: *** sta1-wlan1: Scan detected ap1-ssid in range (signal: -90.0 / -80.0)
INFO     [2021-06-01 03:30:26,492]: *** sta1-wlan1: Scanning for ap1-ssid
INFO     [2021-06-01 03:30:26,571]: *** sta3-wlan1: Scan detected ap1-ssid in range (signal: -86.0 / -80.0)
INFO     [2021-06-01 03:30:26,817]: *** sta1-wlan1: Scan detected ap1-ssid in range (signal: -90.0 / -80.0)
INFO     [2021-06-01 03:30:27,576]: *** sta3-wlan1: Scan detected ap1-ssid in range (signal: -86.0 / -80.0)
INFO     [2021-06-01 03:30:27,822]: *** sta1-wlan1: Scan detected ap1-ssid in range (signal: -90.0 / -80.0)
INFO     [2021-06-01 03:30:28,580]: *** sta3-wlan1: Scan detected ap1-ssid in range (signal: -86.0 / -80.0)
INFO     [2021-06-01 03:30:28,831]: *** sta1-wlan1: Scan detected ap1-ssid in range (signal: -90.0 / -80.0)
INFO     [2021-06-01 03:30:29,587]: *** sta3-wlan1: Scan detected ap1-ssid in range (signal: -86.0 / -80.0)
INFO     [2021-06-01 03:30:30,593]: *** sta3-wlan1: Scan detected ap1-ssid in range (signal: -86.0 / -80.0)
INFO     [2021-06-01 03:30:31,001]: *** sta3-wlan1: Scanning for ap1-ssid
INFO     [2021-06-01 03:30:31,601]: *** sta3-wlan1: Scan detected ap1-ssid in range (signal: -86.0 / -80.0)
INFO     [2021-06-01 03:30:32,606]: *** sta3-wlan1: Scan detected ap1-ssid in range (signal: -86.0 / -80.0)
INFO     [2021-06-01 03:30:33,467]: *** sta1-wlan1: Scanning for ap1-ssid
INFO     [2021-06-01 03:30:37,753]: *** sta3-wlan1: Scanning for ap1-ssid
INFO     [2021-06-01 03:30:40,298]: *** sta1-wlan1: Scanning for ap1-ssid
INFO     [2021-06-01 03:30:44,798]: *** sta3-wlan1: Scanning for ap1-ssid
INFO     [2021-06-01 03:30:47,370]: *** sta1-wlan1: Scanning for ap1-ssid
INFO     [2021-06-01 03:30:51,738]: *** sta3-wlan1: Scanning for ap1-ssid
INFO     [2021-06-01 03:30:54,369]: *** sta1-wlan1: Scanning for ap1-ssid
INFO     [2021-06-01 03:30:58,607]: *** sta3-wlan1: Scanning for ap1-ssid
INFO     [2021-06-01 03:31:01,267]: *** sta1-wlan1: Scanning for ap1-ssid
INFO     [2021-06-01 03:31:05,363]: *** sta3-wlan1: Scanning for ap1-ssid
INFO     [2021-06-01 03:31:08,103]: *** sta1-wlan1: Scanning for ap1-ssid
INFO     [2021-06-01 03:31:12,134]: *** sta3-wlan1: Scanning for ap1-ssid
INFO     [2021-06-01 03:31:14,923]: *** sta1-wlan1: Scanning for ap1-ssid
INFO     [2021-06-01 03:31:18,918]: *** sta3-wlan1: Scanning for ap1-ssid
INFO     [2021-06-01 03:31:19,070]: *** sta3-wlan1: Scan detected ap1-ssid in range (signal: -90.0 / -80.0)
INFO     [2021-06-01 03:31:20,081]: *** sta3-wlan1: Scan detected ap1-ssid in range (signal: -90.0 / -80.0)
INFO     [2021-06-01 03:31:21,090]: *** sta3-wlan1: Scan detected ap1-ssid in range (signal: -90.0 / -80.0)
INFO     [2021-06-01 03:31:21,718]: *** sta1-wlan1: Scanning for ap1-ssid
INFO     [2021-06-01 03:31:22,095]: *** sta3-wlan1: Scan detected ap1-ssid in range (signal: -90.0 / -80.0)
INFO     [2021-06-01 03:31:23,099]: *** sta3-wlan1: Scan detected ap1-ssid in range (signal: -90.0 / -80.0)
INFO     [2021-06-01 03:31:24,114]: *** sta3-wlan1: Scan detected ap1-ssid in range (signal: -90.0 / -80.0)
INFO     [2021-06-01 03:31:25,123]: *** sta3-wlan1: Scan detected ap1-ssid in range (signal: -90.0 / -80.0)
INFO     [2021-06-01 03:31:25,706]: *** sta3-wlan1: Scanning for ap1-ssid
INFO     [2021-06-01 03:31:26,133]: *** sta3-wlan1: Scan detected ap1-ssid in range (signal: -89.0 / -80.0)
INFO     [2021-06-01 03:31:27,144]: *** sta3-wlan1: Scan detected ap1-ssid in range (signal: -89.0 / -80.0)
INFO     [2021-06-01 03:31:28,149]: *** sta3-wlan1: Scan detected ap1-ssid in range (signal: -89.0 / -80.0)
INFO     [2021-06-01 03:31:28,522]: *** sta1-wlan1: Scanning for ap1-ssid
INFO     [2021-06-01 03:31:29,159]: *** sta3-wlan1: Scan detected ap1-ssid in range (signal: -89.0 / -80.0)
INFO     [2021-06-01 03:31:30,164]: *** sta3-wlan1: Scan detected ap1-ssid in range (signal: -89.0 / -80.0)
INFO     [2021-06-01 03:31:31,168]: *** sta3-wlan1: Scan detected ap1-ssid in range (signal: -89.0 / -80.0)
INFO     [2021-06-01 03:31:32,173]: *** sta3-wlan1: Scan detected ap1-ssid in range (signal: -89.0 / -80.0)
INFO     [2021-06-01 03:31:32,480]: *** sta3-wlan1: Scanning for ap1-ssid
INFO     [2021-06-01 03:31:33,194]: *** sta3-wlan1: Scan detected ap1-ssid in range (signal: -89.0 / -80.0)
INFO     [2021-06-01 03:31:34,198]: *** sta3-wlan1: Scan detected ap1-ssid in range (signal: -89.0 / -80.0)
INFO     [2021-06-01 03:31:35,208]: *** sta3-wlan1: Scan detected ap1-ssid in range (signal: -89.0 / -80.0)
INFO     [2021-06-01 03:31:35,361]: *** sta1-wlan1: Scanning for ap1-ssid
INFO     [2021-06-01 03:31:36,228]: *** sta3-wlan1: Scan detected ap1-ssid in range (signal: -89.0 / -80.0)
INFO     [2021-06-01 03:31:37,246]: *** sta3-wlan1: Scan detected ap1-ssid in range (signal: -89.0 / -80.0)
INFO     [2021-06-01 03:31:38,249]: *** sta3-wlan1: Scan detected ap1-ssid in range (signal: -89.0 / -80.0)
INFO     [2021-06-01 03:31:39,259]: *** sta3-wlan1: Scan detected ap1-ssid in range (signal: -89.0 / -80.0)
INFO     [2021-06-01 03:31:39,342]: *** sta3-wlan1: Scanning for ap1-ssid
INFO     [2021-06-01 03:31:40,265]: *** sta3-wlan1: Scan detected ap1-ssid in range (signal: -89.0 / -80.0)
INFO     [2021-06-01 03:31:41,270]: *** sta3-wlan1: Scan detected ap1-ssid in range (signal: -89.0 / -80.0)
INFO     [2021-06-01 03:31:42,118]: *** sta1-wlan1: Scanning for ap1-ssid
INFO     [2021-06-01 03:31:42,274]: *** sta3-wlan1: Scan detected ap1-ssid in range (signal: -89.0 / -80.0)
INFO     [2021-06-01 03:31:43,282]: *** sta3-wlan1: Scan detected ap1-ssid in range (signal: -89.0 / -80.0)
INFO     [2021-06-01 03:31:44,287]: *** sta3-wlan1: Scan detected ap1-ssid in range (signal: -89.0 / -80.0)
INFO     [2021-06-01 03:31:45,292]: *** sta3-wlan1: Scan detected ap1-ssid in range (signal: -89.0 / -80.0)
INFO     [2021-06-01 03:31:46,096]: *** sta3-wlan1: Scanning for ap1-ssid
INFO     [2021-06-01 03:31:46,300]: *** sta3-wlan1: Scan detected ap1-ssid in range (signal: -89.0 / -80.0)
INFO     [2021-06-01 03:31:47,305]: *** sta3-wlan1: Scan detected ap1-ssid in range (signal: -89.0 / -80.0)
INFO     [2021-06-01 03:31:48,312]: *** sta3-wlan1: Scan detected ap1-ssid in range (signal: -89.0 / -80.0)
INFO     [2021-06-01 03:31:48,864]: *** sta1-wlan1: Scanning for ap1-ssid
INFO     [2021-06-01 03:31:49,322]: *** sta3-wlan1: Scan detected ap1-ssid in range (signal: -89.0 / -80.0)
INFO     [2021-06-01 03:31:50,327]: *** sta3-wlan1: Scan detected ap1-ssid in range (signal: -89.0 / -80.0)
INFO     [2021-06-01 03:31:51,332]: *** sta3-wlan1: Scan detected ap1-ssid in range (signal: -89.0 / -80.0)
INFO     [2021-06-01 03:31:52,337]: *** sta3-wlan1: Scan detected ap1-ssid in range (signal: -89.0 / -80.0)
INFO     [2021-06-01 03:31:52,955]: *** sta3-wlan1: Scanning for ap1-ssid
INFO     [2021-06-01 03:31:53,344]: *** sta3-wlan1: Scan detected ap1-ssid in range (signal: -90.0 / -80.0)
INFO     [2021-06-01 03:31:54,358]: *** sta3-wlan1: Scan detected ap1-ssid in range (signal: -90.0 / -80.0)
INFO     [2021-06-01 03:31:55,364]: *** sta3-wlan1: Scan detected ap1-ssid in range (signal: -90.0 / -80.0)
INFO     [2021-06-01 03:31:55,711]: *** sta1-wlan1: Scanning for ap1-ssid
INFO     [2021-06-01 03:31:56,369]: *** sta3-wlan1: Scan detected ap1-ssid in range (signal: -90.0 / -80.0)
INFO     [2021-06-01 03:31:57,374]: *** sta3-wlan1: Scan detected ap1-ssid in range (signal: -90.0 / -80.0)
INFO     [2021-06-01 03:31:58,379]: *** sta3-wlan1: Scan detected ap1-ssid in range (signal: -90.0 / -80.0)
INFO     [2021-06-01 03:31:59,382]: *** sta3-wlan1: Scan detected ap1-ssid in range (signal: -90.0 / -80.0)
INFO     [2021-06-01 03:31:59,763]: *** sta3-wlan1: Scanning for ap1-ssid
INFO     [2021-06-01 03:32:00,399]: *** sta3-wlan1: Scan detected ap1-ssid in range (signal: -90.0 / -80.0)
INFO     [2021-06-01 03:32:01,407]: *** sta3-wlan1: Scan detected ap1-ssid in range (signal: -90.0 / -80.0)
INFO     [2021-06-01 03:32:02,412]: *** sta3-wlan1: Scan detected ap1-ssid in range (signal: -90.0 / -80.0)
INFO     [2021-06-01 03:32:02,494]: *** sta1-wlan1: Scanning for ap1-ssid
INFO     [2021-06-01 03:32:03,417]: *** sta3-wlan1: Scan detected ap1-ssid in range (signal: -90.0 / -80.0)
INFO     [2021-06-01 03:32:04,422]: *** sta3-wlan1: Scan detected ap1-ssid in range (signal: -90.0 / -80.0)
INFO     [2021-06-01 03:32:05,437]: *** sta3-wlan1: Scan detected ap1-ssid in range (signal: -90.0 / -80.0)
INFO     [2021-06-01 03:32:06,446]: *** sta3-wlan1: Scan detected ap1-ssid in range (signal: -90.0 / -80.0)
INFO     [2021-06-01 03:32:06,557]: *** sta3-wlan1: Scanning for ap1-ssid
INFO     [2021-06-01 03:32:07,451]: *** sta3-wlan1: Scan detected ap1-ssid in range (signal: -90.0 / -80.0)
INFO     [2021-06-01 03:32:08,454]: *** sta3-wlan1: Scan detected ap1-ssid in range (signal: -90.0 / -80.0)
INFO     [2021-06-01 03:32:09,270]: *** sta1-wlan1: Scanning for ap1-ssid
INFO     [2021-06-01 03:32:09,458]: *** sta3-wlan1: Scan detected ap1-ssid in range (signal: -90.0 / -80.0)
INFO     [2021-06-01 03:32:10,548]: *** sta3-wlan1: Scan detected ap1-ssid in range (signal: -90.0 / -80.0)
INFO     [2021-06-01 03:32:11,554]: *** sta3-wlan1: Scan detected ap1-ssid in range (signal: -90.0 / -80.0)
INFO     [2021-06-01 03:32:12,559]: *** sta3-wlan1: Scan detected ap1-ssid in range (signal: -90.0 / -80.0)
INFO     [2021-06-01 03:32:13,540]: *** sta3-wlan1: Scanning for ap1-ssid
INFO     [2021-06-01 03:32:13,565]: *** sta3-wlan1: Scan detected ap1-ssid in range (signal: -90.0 / -80.0)
INFO     [2021-06-01 03:32:14,570]: *** sta3-wlan1: Scan detected ap1-ssid in range (signal: -90.0 / -80.0)
INFO     [2021-06-01 03:32:15,575]: *** sta3-wlan1: Scan detected ap1-ssid in range (signal: -90.0 / -80.0)
INFO     [2021-06-01 03:32:16,235]: *** sta1-wlan1: Scanning for ap1-ssid
INFO     [2021-06-01 03:32:16,585]: *** sta3-wlan1: Scan detected ap1-ssid in range (signal: -90.0 / -80.0)
INFO     [2021-06-01 03:32:17,591]: *** sta3-wlan1: Scan detected ap1-ssid in range (signal: -90.0 / -80.0)
INFO     [2021-06-01 03:32:18,596]: *** sta3-wlan1: Scan detected ap1-ssid in range (signal: -90.0 / -80.0)
INFO     [2021-06-01 03:32:19,602]: *** sta3-wlan1: Scan detected ap1-ssid in range (signal: -90.0 / -80.0)
INFO     [2021-06-01 03:32:20,312]: *** sta3-wlan1: Scanning for ap1-ssid
INFO     [2021-06-01 03:32:20,605]: *** sta3-wlan1: Scan detected ap1-ssid in range (signal: -90.0 / -80.0)
INFO     [2021-06-01 03:32:21,611]: *** sta3-wlan1: Scan detected ap1-ssid in range (signal: -90.0 / -80.0)
INFO     [2021-06-01 03:32:22,617]: *** sta3-wlan1: Scan detected ap1-ssid in range (signal: -90.0 / -80.0)
INFO     [2021-06-01 03:32:23,011]: *** sta1-wlan1: Scanning for ap1-ssid
INFO     [2021-06-01 03:32:27,158]: *** sta3-wlan1: Scanning for ap1-ssid
INFO     [2021-06-01 03:32:29,813]: *** sta1-wlan1: Scanning for ap1-ssid
INFO     [2021-06-01 03:32:33,986]: *** sta3-wlan1: Scanning for ap1-ssid
INFO     [2021-06-01 03:32:36,795]: *** sta1-wlan1: Scanning for ap1-ssid
INFO     [2021-06-01 03:32:40,744]: *** sta3-wlan1: Scanning for ap1-ssid
INFO     [2021-06-01 03:32:43,620]: *** sta1-wlan1: Scanning for ap1-ssid
INFO     [2021-06-01 03:32:47,583]: *** sta3-wlan1: Scanning for ap1-ssid
INFO     [2021-06-01 03:32:50,524]: *** sta1-wlan1: Scanning for ap1-ssid
INFO     [2021-06-01 03:32:54,410]: *** sta3-wlan1: Scanning for ap1-ssid
INFO     [2021-06-01 03:32:57,435]: *** sta1-wlan1: Scanning for ap1-ssid
INFO     [2021-06-01 03:33:01,220]: *** sta3-wlan1: Scanning for ap1-ssid
INFO     [2021-06-01 03:33:04,255]: *** sta1-wlan1: Scanning for ap1-ssid
INFO     [2021-06-01 03:33:08,270]: *** sta3-wlan1: Scanning for ap1-ssid
INFO     [2021-06-01 03:33:11,139]: *** sta1-wlan1: Scanning for ap1-ssid
INFO     [2021-06-01 03:33:15,073]: *** sta3-wlan1: Scanning for ap1-ssid
INFO     [2021-06-01 03:33:17,898]: *** sta1-wlan1: Scanning for ap1-ssid
INFO     [2021-06-01 03:33:21,834]: *** sta3-wlan1: Scanning for ap1-ssid
INFO     [2021-06-01 03:33:24,715]: *** sta1-wlan1: Scanning for ap1-ssid
INFO     [2021-06-01 03:33:28,771]: *** sta3-wlan1: Scanning for ap1-ssid
INFO     [2021-06-01 03:33:31,479]: *** sta1-wlan1: Scanning for ap1-ssid
INFO     [2021-06-01 03:33:35,646]: *** sta3-wlan1: Scanning for ap1-ssid
INFO     [2021-06-01 03:33:38,230]: *** sta1-wlan1: Scanning for ap1-ssid
INFO     [2021-06-01 03:33:42,457]: *** sta3-wlan1: Scanning for ap1-ssid
INFO     [2021-06-01 03:33:44,983]: *** sta1-wlan1: Scanning for ap1-ssid
INFO     [2021-06-01 03:33:49,838]: *** sta3-wlan1: Scanning for ap1-ssid
INFO     [2021-06-01 03:33:51,744]: *** sta1-wlan1: Scanning for ap1-ssid
INFO     [2021-06-01 03:33:56,763]: *** sta3-wlan1: Scanning for ap1-ssid
INFO     [2021-06-01 03:33:58,537]: *** sta1-wlan1: Scanning for ap1-ssid
INFO     [2021-06-01 03:34:03,754]: *** sta3-wlan1: Scanning for ap1-ssid
INFO     [2021-06-01 03:34:05,658]: *** sta1-wlan1: Scanning for ap1-ssid
INFO     [2021-06-01 03:34:06,549]: *** sta1-wlan1: Scan detected ap1-ssid in range (signal: -90.0 / -80.0)
INFO     [2021-06-01 03:34:07,555]: *** sta1-wlan1: Scan detected ap1-ssid in range (signal: -90.0 / -80.0)
INFO     [2021-06-01 03:34:08,560]: *** sta1-wlan1: Scan detected ap1-ssid in range (signal: -90.0 / -80.0)
INFO     [2021-06-01 03:34:09,567]: *** sta1-wlan1: Scan detected ap1-ssid in range (signal: -90.0 / -80.0)
INFO     [2021-06-01 03:34:10,572]: *** sta1-wlan1: Scan detected ap1-ssid in range (signal: -90.0 / -80.0)
INFO     [2021-06-01 03:34:10,602]: *** sta3-wlan1: Scanning for ap1-ssid
INFO     [2021-06-01 03:34:11,578]: *** sta1-wlan1: Scan detected ap1-ssid in range (signal: -90.0 / -80.0)
INFO     [2021-06-01 03:34:12,488]: *** sta1-wlan1: Scanning for ap1-ssid
INFO     [2021-06-01 03:34:12,583]: *** sta1-wlan1: Scan detected ap1-ssid in range (signal: -90.0 / -80.0)
INFO     [2021-06-01 03:34:13,587]: *** sta1-wlan1: Scan detected ap1-ssid in range (signal: -90.0 / -80.0)
INFO     [2021-06-01 03:34:14,591]: *** sta1-wlan1: Scan detected ap1-ssid in range (signal: -90.0 / -80.0)
INFO     [2021-06-01 03:34:15,642]: *** sta1-wlan1: Scan detected ap1-ssid in range (signal: -90.0 / -80.0)
INFO     [2021-06-01 03:34:16,648]: *** sta1-wlan1: Scan detected ap1-ssid in range (signal: -90.0 / -80.0)
INFO     [2021-06-01 03:34:17,508]: *** sta3-wlan1: Scanning for ap1-ssid
INFO     [2021-06-01 03:34:17,653]: *** sta1-wlan1: Scan detected ap1-ssid in range (signal: -90.0 / -80.0)
INFO     [2021-06-01 03:34:18,657]: *** sta1-wlan1: Scan detected ap1-ssid in range (signal: -90.0 / -80.0)
INFO     [2021-06-01 03:34:19,329]: *** sta1-wlan1: Scanning for ap1-ssid
INFO     [2021-06-01 03:34:19,662]: *** sta1-wlan1: Scan detected ap1-ssid in range (signal: -90.0 / -80.0)
INFO     [2021-06-01 03:34:20,666]: *** sta1-wlan1: Scan detected ap1-ssid in range (signal: -90.0 / -80.0)
INFO     [2021-06-01 03:34:21,670]: *** sta1-wlan1: Scan detected ap1-ssid in range (signal: -90.0 / -80.0)
INFO     [2021-06-01 03:34:22,673]: *** sta1-wlan1: Scan detected ap1-ssid in range (signal: -90.0 / -80.0)
INFO     [2021-06-01 03:34:23,677]: *** sta1-wlan1: Scan detected ap1-ssid in range (signal: -90.0 / -80.0)
INFO     [2021-06-01 03:34:24,291]: *** sta3-wlan1: Scanning for ap1-ssid
INFO     [2021-06-01 03:34:24,685]: *** sta1-wlan1: Scan detected ap1-ssid in range (signal: -90.0 / -80.0)
INFO     [2021-06-01 03:34:25,693]: *** sta1-wlan1: Scan detected ap1-ssid in range (signal: -90.0 / -80.0)
INFO     [2021-06-01 03:34:26,091]: *** sta1-wlan1: Scanning for ap1-ssid
INFO     [2021-06-01 03:34:26,699]: *** sta1-wlan1: Scan detected ap1-ssid in range (signal: -89.0 / -80.0)
INFO     [2021-06-01 03:34:27,703]: *** sta1-wlan1: Scan detected ap1-ssid in range (signal: -89.0 / -80.0)
INFO     [2021-06-01 03:34:28,708]: *** sta1-wlan1: Scan detected ap1-ssid in range (signal: -89.0 / -80.0)
INFO     [2021-06-01 03:34:29,713]: *** sta1-wlan1: Scan detected ap1-ssid in range (signal: -89.0 / -80.0)
INFO     [2021-06-01 03:34:30,720]: *** sta1-wlan1: Scan detected ap1-ssid in range (signal: -89.0 / -80.0)
INFO     [2021-06-01 03:34:31,063]: *** sta3-wlan1: Scanning for ap1-ssid
INFO     [2021-06-01 03:34:31,724]: *** sta1-wlan1: Scan detected ap1-ssid in range (signal: -89.0 / -80.0)
INFO     [2021-06-01 03:34:32,729]: *** sta1-wlan1: Scan detected ap1-ssid in range (signal: -89.0 / -80.0)
INFO     [2021-06-01 03:34:32,913]: *** sta1-wlan1: Scanning for ap1-ssid
INFO     [2021-06-01 03:34:33,733]: *** sta1-wlan1: Scan detected ap1-ssid in range (signal: -89.0 / -80.0)
INFO     [2021-06-01 03:34:34,741]: *** sta1-wlan1: Scan detected ap1-ssid in range (signal: -89.0 / -80.0)
INFO     [2021-06-01 03:34:35,746]: *** sta1-wlan1: Scan detected ap1-ssid in range (signal: -89.0 / -80.0)
INFO     [2021-06-01 03:34:36,750]: *** sta1-wlan1: Scan detected ap1-ssid in range (signal: -89.0 / -80.0)
INFO     [2021-06-01 03:34:37,759]: *** sta1-wlan1: Scan detected ap1-ssid in range (signal: -89.0 / -80.0)
INFO     [2021-06-01 03:34:37,824]: *** sta3-wlan1: Scanning for ap1-ssid
INFO     [2021-06-01 03:34:38,764]: *** sta1-wlan1: Scan detected ap1-ssid in range (signal: -89.0 / -80.0)
INFO     [2021-06-01 03:34:39,668]: *** sta1-wlan1: Scanning for ap1-ssid
INFO     [2021-06-01 03:34:39,773]: *** sta1-wlan1: Scan detected ap1-ssid in range (signal: -89.0 / -80.0)
INFO     [2021-06-01 03:34:40,779]: *** sta1-wlan1: Scan detected ap1-ssid in range (signal: -89.0 / -80.0)
INFO     [2021-06-01 03:34:41,784]: *** sta1-wlan1: Scan detected ap1-ssid in range (signal: -89.0 / -80.0)
INFO     [2021-06-01 03:34:42,788]: *** sta1-wlan1: Scan detected ap1-ssid in range (signal: -89.0 / -80.0)
INFO     [2021-06-01 03:34:43,793]: *** sta1-wlan1: Scan detected ap1-ssid in range (signal: -89.0 / -80.0)
INFO     [2021-06-01 03:34:44,658]: *** sta3-wlan1: Scanning for ap1-ssid
INFO     [2021-06-01 03:34:44,796]: *** sta1-wlan1: Scan detected ap1-ssid in range (signal: -89.0 / -80.0)
INFO     [2021-06-01 03:34:45,807]: *** sta1-wlan1: Scan detected ap1-ssid in range (signal: -89.0 / -80.0)
INFO     [2021-06-01 03:34:46,456]: *** sta1-wlan1: Scanning for ap1-ssid
INFO     [2021-06-01 03:34:46,819]: *** sta1-wlan1: Scan detected ap1-ssid in range (signal: -89.0 / -80.0)
INFO     [2021-06-01 03:34:47,825]: *** sta1-wlan1: Scan detected ap1-ssid in range (signal: -89.0 / -80.0)
INFO     [2021-06-01 03:34:48,833]: *** sta1-wlan1: Scan detected ap1-ssid in range (signal: -89.0 / -80.0)
INFO     [2021-06-01 03:34:49,837]: *** sta1-wlan1: Scan detected ap1-ssid in range (signal: -89.0 / -80.0)
INFO     [2021-06-01 03:34:50,841]: *** sta1-wlan1: Scan detected ap1-ssid in range (signal: -89.0 / -80.0)
INFO     [2021-06-01 03:34:51,667]: *** sta3-wlan1: Scanning for ap1-ssid
INFO     [2021-06-01 03:34:51,846]: *** sta1-wlan1: Scan detected ap1-ssid in range (signal: -89.0 / -80.0)
INFO     [2021-06-01 03:34:52,856]: *** sta1-wlan1: Scan detected ap1-ssid in range (signal: -89.0 / -80.0)
INFO     [2021-06-01 03:34:53,590]: *** sta1-wlan1: Scanning for ap1-ssid
INFO     [2021-06-01 03:34:53,861]: *** sta1-wlan1: Scan detected ap1-ssid in range (signal: -89.0 / -80.0)
INFO     [2021-06-01 03:34:54,865]: *** sta1-wlan1: Scan detected ap1-ssid in range (signal: -89.0 / -80.0)
INFO     [2021-06-01 03:34:55,870]: *** sta1-wlan1: Scan detected ap1-ssid in range (signal: -89.0 / -80.0)
INFO     [2021-06-01 03:34:58,499]: *** sta3-wlan1: Scanning for ap1-ssid
INFO     [2021-06-01 03:34:58,887]: *** sta3-wlan1: Scan detected ap1-ssid in range (signal: -90.0 / -80.0)
INFO     [2021-06-01 03:34:59,943]: *** sta3-wlan1: Scan detected ap1-ssid in range (signal: -90.0 / -80.0)
INFO     [2021-06-01 03:35:00,420]: *** sta1-wlan1: Scanning for ap1-ssid
INFO     [2021-06-01 03:35:00,955]: *** sta1-wlan1: Scan detected ap1-ssid in range (signal: -89.0 / -80.0)
INFO     [2021-06-01 03:35:00,957]: *** sta3-wlan1: Scan detected ap1-ssid in range (signal: -90.0 / -80.0)
INFO     [2021-06-01 03:35:01,961]: *** sta1-wlan1: Scan detected ap1-ssid in range (signal: -89.0 / -80.0)
INFO     [2021-06-01 03:35:01,963]: *** sta3-wlan1: Scan detected ap1-ssid in range (signal: -90.0 / -80.0)
INFO     [2021-06-01 03:35:02,969]: *** sta1-wlan1: Scan detected ap1-ssid in range (signal: -89.0 / -80.0)
INFO     [2021-06-01 03:35:02,970]: *** sta3-wlan1: Scan detected ap1-ssid in range (signal: -90.0 / -80.0)
INFO     [2021-06-01 03:35:03,977]: *** sta1-wlan1: Scan detected ap1-ssid in range (signal: -89.0 / -80.0)
INFO     [2021-06-01 03:35:03,978]: *** sta3-wlan1: Scan detected ap1-ssid in range (signal: -90.0 / -80.0)
INFO     [2021-06-01 03:35:04,986]: *** sta3-wlan1: Scan detected ap1-ssid in range (signal: -90.0 / -80.0)
INFO     [2021-06-01 03:35:04,986]: *** sta1-wlan1: Scan detected ap1-ssid in range (signal: -89.0 / -80.0)
INFO     [2021-06-01 03:35:05,388]: *** sta3-wlan1: Scanning for ap1-ssid
INFO     [2021-06-01 03:35:05,993]: *** sta3-wlan1: Scan detected ap1-ssid in range (signal: -90.0 / -80.0)
INFO     [2021-06-01 03:35:05,993]: *** sta1-wlan1: Scan detected ap1-ssid in range (signal: -89.0 / -80.0)
INFO     [2021-06-01 03:35:06,997]: *** sta3-wlan1: Scan detected ap1-ssid in range (signal: -90.0 / -80.0)
INFO     [2021-06-01 03:35:06,998]: *** sta1-wlan1: Scan detected ap1-ssid in range (signal: -89.0 / -80.0)
INFO     [2021-06-01 03:35:07,195]: *** sta1-wlan1: Scanning for ap1-ssid
INFO     [2021-06-01 03:35:08,002]: *** sta1-wlan1: Scan detected ap1-ssid in range (signal: -84.0 / -80.0)
INFO     [2021-06-01 03:35:08,002]: *** sta3-wlan1: Scan detected ap1-ssid in range (signal: -90.0 / -80.0)
INFO     [2021-06-01 03:35:09,007]: *** sta3-wlan1: Scan detected ap1-ssid in range (signal: -90.0 / -80.0)
INFO     [2021-06-01 03:35:10,018]: *** sta3-wlan1: Scan detected ap1-ssid in range (signal: -90.0 / -80.0)
INFO     [2021-06-01 03:35:10,019]: *** sta1-wlan1: Scan detected ap1-ssid in range (signal: -84.0 / -80.0)
INFO     [2021-06-01 03:35:11,023]: *** sta3-wlan1: Scan detected ap1-ssid in range (signal: -90.0 / -80.0)
INFO     [2021-06-01 03:35:11,025]: *** sta1-wlan1: Scan detected ap1-ssid in range (signal: -84.0 / -80.0)
INFO     [2021-06-01 03:35:11,278]: *** sta1-wlan1: Scanning for ap1-ssid
INFO     [2021-06-01 03:35:11,279]: *** sta3-wlan1: Scanning for ap1-ssid
INFO     [2021-06-01 03:35:12,031]: *** sta1-wlan1: Scan detected ap1-ssid in range (signal: -89.0 / -80.0)
INFO     [2021-06-01 03:35:12,032]: *** sta3-wlan1: Scan detected ap1-ssid in range (signal: -90.0 / -80.0)
INFO     [2021-06-01 03:35:13,036]: *** sta1-wlan1: Scan detected ap1-ssid in range (signal: -89.0 / -80.0)
INFO     [2021-06-01 03:35:13,039]: *** sta3-wlan1: Scan detected ap1-ssid in range (signal: -90.0 / -80.0)
INFO     [2021-06-01 03:35:14,044]: *** sta1-wlan1: Scan detected ap1-ssid in range (signal: -89.0 / -80.0)
INFO     [2021-06-01 03:35:14,045]: *** sta3-wlan1: Scan detected ap1-ssid in range (signal: -90.0 / -80.0)
INFO     [2021-06-01 03:35:15,048]: *** sta1-wlan1: Scan detected ap1-ssid in range (signal: -89.0 / -80.0)
INFO     [2021-06-01 03:35:15,049]: *** sta3-wlan1: Scan detected ap1-ssid in range (signal: -90.0 / -80.0)
INFO     [2021-06-01 03:35:16,053]: *** sta1-wlan1: Scan detected ap1-ssid in range (signal: -89.0 / -80.0)
INFO     [2021-06-01 03:35:16,053]: *** sta3-wlan1: Scan detected ap1-ssid in range (signal: -90.0 / -80.0)
INFO     [2021-06-01 03:35:17,062]: *** sta1-wlan1: Scan detected ap1-ssid in range (signal: -89.0 / -80.0)
INFO     [2021-06-01 03:35:17,062]: *** sta3-wlan1: Scan detected ap1-ssid in range (signal: -90.0 / -80.0)
INFO     [2021-06-01 03:35:18,069]: *** sta1-wlan1: Scan detected ap1-ssid in range (signal: -89.0 / -80.0)
INFO     [2021-06-01 03:35:18,071]: *** sta3-wlan1: Scan detected ap1-ssid in range (signal: -90.0 / -80.0)
INFO     [2021-06-01 03:35:18,465]: *** sta3-wlan1: Scanning for ap1-ssid
INFO     [2021-06-01 03:35:18,466]: *** sta1-wlan1: Scanning for ap1-ssid
INFO     [2021-06-01 03:35:19,074]: *** sta1-wlan1: Scan detected ap1-ssid in range (signal: -85.0 / -80.0)
INFO     [2021-06-01 03:35:19,078]: *** sta3-wlan1: Scan detected ap1-ssid in range (signal: -89.0 / -80.0)
INFO     [2021-06-01 03:35:20,085]: *** sta3-wlan1: Scan detected ap1-ssid in range (signal: -89.0 / -80.0)
INFO     [2021-06-01 03:35:20,086]: *** sta1-wlan1: Scan detected ap1-ssid in range (signal: -85.0 / -80.0)
INFO     [2021-06-01 03:35:21,090]: *** sta3-wlan1: Scan detected ap1-ssid in range (signal: -89.0 / -80.0)
INFO     [2021-06-01 03:35:21,092]: *** sta1-wlan1: Scan detected ap1-ssid in range (signal: -85.0 / -80.0)
INFO     [2021-06-01 03:35:22,095]: *** sta3-wlan1: Scan detected ap1-ssid in range (signal: -89.0 / -80.0)
INFO     [2021-06-01 03:35:22,098]: *** sta1-wlan1: Scan detected ap1-ssid in range (signal: -85.0 / -80.0)
INFO     [2021-06-01 03:35:23,100]: *** sta3-wlan1: Scan detected ap1-ssid in range (signal: -89.0 / -80.0)
INFO     [2021-06-01 03:35:23,102]: *** sta1-wlan1: Scan detected ap1-ssid in range (signal: -85.0 / -80.0)
INFO     [2021-06-01 03:35:24,104]: *** sta3-wlan1: Scan detected ap1-ssid in range (signal: -89.0 / -80.0)
INFO     [2021-06-01 03:35:24,107]: *** sta1-wlan1: Scan detected ap1-ssid in range (signal: -85.0 / -80.0)
INFO     [2021-06-01 03:35:25,115]: *** sta3-wlan1: Scan detected ap1-ssid in range (signal: -89.0 / -80.0)
INFO     [2021-06-01 03:35:25,117]: *** sta1-wlan1: Scan detected ap1-ssid in range (signal: -85.0 / -80.0)
INFO     [2021-06-01 03:35:25,326]: *** sta1-wlan1: Scanning for ap1-ssid
INFO     [2021-06-01 03:35:25,326]: *** sta3-wlan1: Scanning for ap1-ssid
INFO     [2021-06-01 03:35:26,120]: *** sta1-wlan1: Scan detected ap1-ssid in range (signal: -84.0 / -80.0)
INFO     [2021-06-01 03:35:26,121]: *** sta3-wlan1: Scan detected ap1-ssid in range (signal: -87.0 / -80.0)
INFO     [2021-06-01 03:35:27,127]: *** sta3-wlan1: Scan detected ap1-ssid in range (signal: -87.0 / -80.0)
INFO     [2021-06-01 03:35:27,128]: *** sta1-wlan1: Scan detected ap1-ssid in range (signal: -84.0 / -80.0)
INFO     [2021-06-01 03:35:28,133]: *** sta1-wlan1: Scan detected ap1-ssid in range (signal: -84.0 / -80.0)
INFO     [2021-06-01 03:35:28,136]: *** sta3-wlan1: Scan detected ap1-ssid in range (signal: -87.0 / -80.0)
INFO     [2021-06-01 03:35:29,138]: *** sta1-wlan1: Scan detected ap1-ssid in range (signal: -84.0 / -80.0)
INFO     [2021-06-01 03:35:29,141]: *** sta3-wlan1: Scan detected ap1-ssid in range (signal: -87.0 / -80.0)
INFO     [2021-06-01 03:35:30,146]: *** sta3-wlan1: Scan detected ap1-ssid in range (signal: -87.0 / -80.0)
INFO     [2021-06-01 03:35:31,146]: *** sta1-wlan1: Scan detected ap1-ssid in range (signal: -84.0 / -80.0)
INFO     [2021-06-01 03:35:31,150]: *** sta3-wlan1: Scan detected ap1-ssid in range (signal: -87.0 / -80.0)
INFO     [2021-06-01 03:35:32,151]: *** sta3-wlan1: Scanning for ap1-ssid
INFO     [2021-06-01 03:35:32,151]: *** sta1-wlan1: Scanning for ap1-ssid
INFO     [2021-06-01 03:35:32,152]: *** sta1-wlan1: Scan detected ap1-ssid in range (signal: -84.0 / -80.0)
INFO     [2021-06-01 03:35:32,156]: *** sta3-wlan1: Scan detected ap1-ssid in range (signal: -87.0 / -80.0)
INFO     [2021-06-01 03:35:33,159]: *** sta3-wlan1: Scan detected ap1-ssid in range (signal: -87.0 / -80.0)
INFO     [2021-06-01 03:35:33,160]: *** sta1-wlan1: Scan detected ap1-ssid in range (signal: -81.0 / -80.0)
INFO     [2021-06-01 03:35:34,170]: *** sta1-wlan1: Scan detected ap1-ssid in range (signal: -81.0 / -80.0)
INFO     [2021-06-01 03:35:34,174]: *** sta3-wlan1: Scan detected ap1-ssid in range (signal: -87.0 / -80.0)
INFO     [2021-06-01 03:35:35,183]: *** sta1-wlan1: Scan detected ap1-ssid in range (signal: -81.0 / -80.0)
INFO     [2021-06-01 03:35:35,184]: *** sta3-wlan1: Scan detected ap1-ssid in range (signal: -87.0 / -80.0)
INFO     [2021-06-01 03:35:36,200]: *** sta1-wlan1: Scan detected ap1-ssid in range (signal: -87.0 / -80.0)
INFO     [2021-06-01 03:35:36,207]: *** sta3-wlan1: Scan detected ap1-ssid in range (signal: -87.0 / -80.0)
INFO     [2021-06-01 03:35:37,213]: *** sta1-wlan1: Scan detected ap1-ssid in range (signal: -87.0 / -80.0)
INFO     [2021-06-01 03:35:37,213]: *** sta3-wlan1: Scan detected ap1-ssid in range (signal: -87.0 / -80.0)
INFO     [2021-06-01 03:35:38,222]: *** sta1-wlan1: Scan detected ap1-ssid in range (signal: -87.0 / -80.0)
INFO     [2021-06-01 03:35:38,224]: *** sta3-wlan1: Scan detected ap1-ssid in range (signal: -87.0 / -80.0)
INFO     [2021-06-01 03:35:38,999]: *** sta1-wlan1: Scanning for ap1-ssid
INFO     [2021-06-01 03:35:38,999]: *** sta3-wlan1: Scanning for ap1-ssid
INFO     [2021-06-01 03:35:39,227]: *** sta1-wlan1: Scan detected ap1-ssid in range (signal: -89.0 / -80.0)
INFO     [2021-06-01 03:35:39,229]: *** sta3-wlan1: Scan detected ap1-ssid in range (signal: -89.0 / -80.0)
INFO     [2021-06-01 03:35:40,234]: *** sta3-wlan1: Scan detected ap1-ssid in range (signal: -89.0 / -80.0)
INFO     [2021-06-01 03:35:41,242]: *** sta3-wlan1: Scan detected ap1-ssid in range (signal: -89.0 / -80.0)
INFO     [2021-06-01 03:35:42,248]: *** sta3-wlan1: Scan detected ap1-ssid in range (signal: -89.0 / -80.0)
INFO     [2021-06-01 03:35:43,254]: *** sta3-wlan1: Scan detected ap1-ssid in range (signal: -87.0 / -80.0)
INFO     [2021-06-01 03:35:44,258]: *** sta3-wlan1: Scan detected ap1-ssid in range (signal: -87.0 / -80.0)
INFO     [2021-06-01 03:35:45,264]: *** sta1-wlan1: Scan detected ap1-ssid in range (signal: -84.0 / -80.0)
INFO     [2021-06-01 03:35:45,266]: *** sta3-wlan1: Scan detected ap1-ssid in range (signal: -87.0 / -80.0)
INFO     [2021-06-01 03:35:45,790]: *** sta3-wlan1: Scanning for ap1-ssid
INFO     [2021-06-01 03:35:45,790]: *** sta1-wlan1: Scanning for ap1-ssid
INFO     [2021-06-01 03:35:46,270]: *** sta3-wlan1: Scan detected ap1-ssid in range (signal: -84.0 / -80.0)
INFO     [2021-06-01 03:35:46,270]: *** sta1-wlan1: Scan detected ap1-ssid in range (signal: -89.0 / -80.0)
INFO     [2021-06-01 03:35:47,275]: *** sta3-wlan1: Scan detected ap1-ssid in range (signal: -84.0 / -80.0)
INFO     [2021-06-01 03:35:47,276]: *** sta1-wlan1: Scan detected ap1-ssid in range (signal: -89.0 / -80.0)
INFO     [2021-06-01 03:35:48,280]: *** sta3-wlan1: Scan detected ap1-ssid in range (signal: -84.0 / -80.0)
INFO     [2021-06-01 03:35:48,282]: *** sta1-wlan1: Scan detected ap1-ssid in range (signal: -89.0 / -80.0)
INFO     [2021-06-01 03:35:49,285]: *** sta3-wlan1: Scan detected ap1-ssid in range (signal: -84.0 / -80.0)
INFO     [2021-06-01 03:35:49,287]: *** sta1-wlan1: Scan detected ap1-ssid in range (signal: -89.0 / -80.0)
INFO     [2021-06-01 03:35:50,302]: *** sta3-wlan1: Scan detected ap1-ssid in range (signal: -84.0 / -80.0)
INFO     [2021-06-01 03:35:51,305]: *** sta1-wlan1: Scan detected ap1-ssid in range (signal: -89.0 / -80.0)
INFO     [2021-06-01 03:35:51,306]: *** sta3-wlan1: Scan detected ap1-ssid in range (signal: -84.0 / -80.0)
INFO     [2021-06-01 03:35:52,312]: *** sta3-wlan1: Scan detected ap1-ssid in range (signal: -84.0 / -80.0)
INFO     [2021-06-01 03:35:52,586]: *** sta1-wlan1: Scanning for ap1-ssid
INFO     [2021-06-01 03:35:52,586]: *** sta3-wlan1: Scanning for ap1-ssid
INFO     [2021-06-01 03:35:53,316]: *** sta3-wlan1: Scan detected ap1-ssid in range (signal: -87.0 / -80.0)
INFO     [2021-06-01 03:35:54,322]: *** sta3-wlan1: Scan detected ap1-ssid in range (signal: -87.0 / -80.0)
INFO     [2021-06-01 03:35:55,337]: *** sta3-wlan1: Scan detected ap1-ssid in range (signal: -87.0 / -80.0)
INFO     [2021-06-01 03:35:56,356]: *** sta3-wlan1: Scan detected ap1-ssid in range (signal: -87.0 / -80.0)
INFO     [2021-06-01 03:35:57,362]: *** sta3-wlan1: Scan detected ap1-ssid in range (signal: -87.0 / -80.0)
INFO     [2021-06-01 03:35:58,366]: *** sta3-wlan1: Scan detected ap1-ssid in range (signal: -87.0 / -80.0)
INFO     [2021-06-01 03:35:59,370]: *** sta3-wlan1: Scan detected ap1-ssid in range (signal: -87.0 / -80.0)
INFO     [2021-06-01 03:35:59,878]: *** sta3-wlan1: Scanning for ap1-ssid
INFO     [2021-06-01 03:35:59,878]: *** sta1-wlan1: Scanning for ap1-ssid
INFO     [2021-06-01 03:36:00,381]: *** sta3-wlan1: Scan detected ap1-ssid in range (signal: -86.0 / -80.0)
INFO     [2021-06-01 03:36:01,393]: *** sta3-wlan1: Scan detected ap1-ssid in range (signal: -86.0 / -80.0)
INFO     [2021-06-01 03:36:02,402]: *** sta3-wlan1: Scan detected ap1-ssid in range (signal: -86.0 / -80.0)
INFO     [2021-06-01 03:36:03,406]: *** sta3-wlan1: Scan detected ap1-ssid in range (signal: -86.0 / -80.0)
INFO     [2021-06-01 03:36:04,410]: *** sta3-wlan1: Scan detected ap1-ssid in range (signal: -86.0 / -80.0)
INFO     [2021-06-01 03:36:05,415]: *** sta3-wlan1: Scan detected ap1-ssid in range (signal: -86.0 / -80.0)
INFO     [2021-06-01 03:36:06,420]: *** sta3-wlan1: Scan detected ap1-ssid in range (signal: -86.0 / -80.0)
INFO     [2021-06-01 03:36:07,425]: *** sta3-wlan1: Scan detected ap1-ssid in range (signal: -86.0 / -80.0)
INFO     [2021-06-01 03:36:07,460]: *** sta3-wlan1: Scanning for ap1-ssid
INFO     [2021-06-01 03:36:07,461]: *** sta1-wlan1: Scanning for ap1-ssid
INFO     [2021-06-01 03:36:08,442]: *** sta3-wlan1: Scan detected ap1-ssid in range (signal: -86.0 / -80.0)
INFO     [2021-06-01 03:36:09,450]: *** sta3-wlan1: Scan detected ap1-ssid in range (signal: -86.0 / -80.0)
INFO     [2021-06-01 03:36:10,454]: *** sta3-wlan1: Scan detected ap1-ssid in range (signal: -86.0 / -80.0)
INFO     [2021-06-01 03:36:11,469]: *** sta3-wlan1: Scan detected ap1-ssid in range (signal: -86.0 / -80.0)
INFO     [2021-06-01 03:36:12,474]: *** sta3-wlan1: Scan detected ap1-ssid in range (signal: -86.0 / -80.0)
INFO     [2021-06-01 03:36:13,486]: *** sta3-wlan1: Scan detected ap1-ssid in range (signal: -86.0 / -80.0)
INFO     [2021-06-01 03:36:14,266]: *** sta1-wlan1: Scanning for ap1-ssid
INFO     [2021-06-01 03:36:14,266]: *** sta3-wlan1: Scanning for ap1-ssid
INFO     [2021-06-01 03:36:14,514]: *** sta3-wlan1: Scan detected ap1-ssid in range (signal: -83.0 / -80.0)
INFO     [2021-06-01 03:36:15,634]: *** sta3-wlan1: Scan detected ap1-ssid in range (signal: -83.0 / -80.0)
INFO     [2021-06-01 03:36:16,640]: *** sta3-wlan1: Scan detected ap1-ssid in range (signal: -83.0 / -80.0)
INFO     [2021-06-01 03:36:17,646]: *** sta3-wlan1: Scan detected ap1-ssid in range (signal: -83.0 / -80.0)
INFO     [2021-06-01 03:36:18,668]: *** sta3-wlan1: Scan detected ap1-ssid in range (signal: -83.0 / -80.0)
INFO     [2021-06-01 03:36:19,683]: *** sta3-wlan1: Scan detected ap1-ssid in range (signal: -83.0 / -80.0)
INFO     [2021-06-01 03:36:20,701]: *** sta3-wlan1: Scan detected ap1-ssid in range (signal: -83.0 / -80.0)
INFO     [2021-06-01 03:36:21,668]: *** sta1-wlan1: Scanning for ap1-ssid
INFO     [2021-06-01 03:36:21,668]: *** sta3-wlan1: Scanning for ap1-ssid
INFO     [2021-06-01 03:36:21,707]: *** sta3-wlan1: Scan detected ap1-ssid in range (signal: -83.0 / -80.0)
INFO     [2021-06-01 03:36:22,725]: *** sta3-wlan1: Scan detected ap1-ssid in range (signal: -82.0 / -80.0)
INFO     [2021-06-01 03:36:23,733]: *** sta3-wlan1: Scan detected ap1-ssid in range (signal: -82.0 / -80.0)
INFO     [2021-06-01 03:36:24,739]: *** sta3-wlan1: Scan detected ap1-ssid in range (signal: -82.0 / -80.0)
INFO     [2021-06-01 03:36:25,745]: *** sta3-wlan1: Scan detected ap1-ssid in range (signal: -82.0 / -80.0)
INFO     [2021-06-01 03:36:26,760]: *** sta3-wlan1: Scan detected ap1-ssid in range (signal: -82.0 / -80.0)
INFO     [2021-06-01 03:36:27,776]: *** sta3-wlan1: Scan detected ap1-ssid in range (signal: -82.0 / -80.0)
INFO     [2021-06-01 03:36:28,793]: *** sta3-wlan1: Scan detected ap1-ssid in range (signal: -82.0 / -80.0)
INFO     [2021-06-01 03:36:28,963]: *** sta1-wlan1: Scanning for ap1-ssid
INFO     [2021-06-01 03:36:28,964]: *** sta3-wlan1: Scanning for ap1-ssid
INFO     [2021-06-01 03:36:29,799]: *** sta3-wlan1: Scan detected ap1-ssid in range (signal: -82.0 / -80.0)
INFO     [2021-06-01 03:36:30,804]: *** sta3-wlan1: Scan detected ap1-ssid in range (signal: -82.0 / -80.0)
INFO     [2021-06-01 03:36:31,811]: *** sta3-wlan1: Scan detected ap1-ssid in range (signal: -82.0 / -80.0)
INFO     [2021-06-01 03:36:32,817]: *** sta3-wlan1: Scan detected ap1-ssid in range (signal: -82.0 / -80.0)
INFO     [2021-06-01 03:36:33,822]: *** sta3-wlan1: Scan detected ap1-ssid in range (signal: -82.0 / -80.0)
INFO     [2021-06-01 03:36:34,825]: *** sta3-wlan1: Scan detected ap1-ssid in range (signal: -82.0 / -80.0)
INFO     [2021-06-01 03:36:35,726]: *** sta3-wlan1: Scanning for ap1-ssid
INFO     [2021-06-01 03:36:35,727]: *** sta1-wlan1: Scanning for ap1-ssid
INFO     [2021-06-01 03:36:35,831]: *** sta3-wlan1: Scan detected ap1-ssid in range (signal: -83.0 / -80.0)
INFO     [2021-06-01 03:36:36,837]: *** sta3-wlan1: Scan detected ap1-ssid in range (signal: -83.0 / -80.0)
INFO     [2021-06-01 03:36:37,843]: *** sta3-wlan1: Scan detected ap1-ssid in range (signal: -83.0 / -80.0)
INFO     [2021-06-01 03:36:38,853]: *** sta3-wlan1: Scan detected ap1-ssid in range (signal: -83.0 / -80.0)
INFO     [2021-06-01 03:36:39,884]: *** sta3-wlan1: Scan detected ap1-ssid in range (signal: -82.0 / -80.0)
INFO     [2021-06-01 03:36:40,889]: *** sta3-wlan1: Scan detected ap1-ssid in range (signal: -82.0 / -80.0)
INFO     [2021-06-01 03:36:41,938]: *** sta3-wlan1: Scan detected ap1-ssid in range (signal: -82.0 / -80.0)
INFO     [2021-06-01 03:36:42,529]: *** sta1-wlan1: Scanning for ap1-ssid
INFO     [2021-06-01 03:36:42,530]: *** sta3-wlan1: Scanning for ap1-ssid
INFO     [2021-06-01 03:36:42,950]: *** sta3-wlan1: Scan detected ap1-ssid in range (signal: -72.0 / -80.0)
INFO     [2021-06-01 03:36:46,726]: *** sta3-wlan0: Connected interface to ap1-ssid
INFO     [2021-06-01 03:36:49,339]: *** sta1-wlan1: Scanning for ap1-ssid
INFO     [2021-06-01 03:36:56,360]: *** sta1-wlan1: Scanning for ap1-ssid
INFO     [2021-06-01 03:37:03,279]: *** sta1-wlan1: Scanning for ap1-ssid
INFO     [2021-06-01 03:37:10,589]: *** sta1-wlan1: Scanning for ap1-ssid
INFO     [2021-06-01 03:37:17,393]: *** sta1-wlan1: Scanning for ap1-ssid
INFO     [2021-06-01 03:37:24,315]: *** sta1-wlan1: Scanning for ap1-ssid
INFO     [2021-06-01 03:37:31,401]: *** sta1-wlan1: Scanning for ap1-ssid
INFO     [2021-06-01 03:37:38,504]: *** sta1-wlan1: Scanning for ap1-ssid
INFO     [2021-06-01 03:37:45,438]: *** sta1-wlan1: Scanning for ap1-ssid
INFO     [2021-06-01 03:37:52,251]: *** sta1-wlan1: Scanning for ap1-ssid
INFO     [2021-06-01 03:37:59,217]: *** sta1-wlan1: Scanning for ap1-ssid
INFO     [2021-06-01 03:38:06,149]: *** sta1-wlan1: Scanning for ap1-ssid
INFO     [2021-06-01 03:38:13,442]: *** sta1-wlan1: Scanning for ap1-ssid
INFO     [2021-06-01 03:38:20,768]: *** sta1-wlan1: Scanning for ap1-ssid
INFO     [2021-06-01 03:38:27,638]: *** sta1-wlan1: Scanning for ap1-ssid
INFO     [2021-06-01 03:38:34,417]: *** sta1-wlan1: Scanning for ap1-ssid
INFO     [2021-06-01 03:38:41,218]: *** sta1-wlan1: Scanning for ap1-ssid
INFO     [2021-06-01 03:38:48,093]: *** sta1-wlan1: Scanning for ap1-ssid
INFO     [2021-06-01 03:38:55,339]: *** sta1-wlan1: Scanning for ap1-ssid
INFO     [2021-06-01 03:39:02,327]: *** sta1-wlan1: Scanning for ap1-ssid
INFO     [2021-06-01 03:39:09,516]: *** sta1-wlan1: Scanning for ap1-ssid
INFO     [2021-06-01 03:39:16,410]: *** sta1-wlan1: Scanning for ap1-ssid
INFO     [2021-06-01 03:39:23,256]: *** sta1-wlan1: Scanning for ap1-ssid
INFO     [2021-06-01 03:39:30,070]: *** sta1-wlan1: Scanning for ap1-ssid
INFO     [2021-06-01 03:39:37,123]: *** sta1-wlan1: Scanning for ap1-ssid
INFO     [2021-06-01 03:39:44,022]: *** sta1-wlan1: Scanning for ap1-ssid
INFO     [2021-06-01 03:39:50,882]: *** sta1-wlan1: Scanning for ap1-ssid
INFO     [2021-06-01 03:39:57,687]: *** sta1-wlan1: Scanning for ap1-ssid
INFO     [2021-06-01 03:40:04,582]: *** sta1-wlan1: Scanning for ap1-ssid
INFO     [2021-06-01 03:40:11,377]: *** sta1-wlan1: Scanning for ap1-ssid
INFO     [2021-06-01 03:40:18,238]: *** sta1-wlan1: Scanning for ap1-ssid
INFO     [2021-06-01 03:40:25,259]: *** sta1-wlan1: Scanning for ap1-ssid
INFO     [2021-06-01 03:40:32,576]: *** sta1-wlan1: Scanning for ap1-ssid
INFO     [2021-06-01 03:40:39,646]: *** sta1-wlan1: Scanning for ap1-ssid
INFO     [2021-06-01 03:40:46,553]: *** sta1-wlan1: Scanning for ap1-ssid
INFO     [2021-06-01 03:40:53,491]: *** sta1-wlan1: Scanning for ap1-ssid
INFO     [2021-06-01 03:41:00,419]: *** sta1-wlan1: Scanning for ap1-ssid
INFO     [2021-06-01 03:41:07,256]: *** sta1-wlan1: Scanning for ap1-ssid
INFO     [2021-06-01 03:41:14,101]: *** sta1-wlan1: Scanning for ap1-ssid
INFO     [2021-06-01 03:41:21,143]: *** sta1-wlan1: Scanning for ap1-ssid
INFO     [2021-06-01 03:41:28,107]: *** sta1-wlan1: Scanning for ap1-ssid
INFO     [2021-06-01 03:41:35,302]: *** sta1-wlan1: Scanning for ap1-ssid
INFO     [2021-06-01 03:41:42,259]: *** sta1-wlan1: Scanning for ap1-ssid
INFO     [2021-06-01 03:41:49,116]: *** sta1-wlan1: Scanning for ap1-ssid
INFO     [2021-06-01 03:41:56,236]: *** sta1-wlan1: Scanning for ap1-ssid
INFO     [2021-06-01 03:42:03,355]: *** sta1-wlan1: Scanning for ap1-ssid
INFO     [2021-06-01 03:42:10,573]: *** sta1-wlan1: Scanning for ap1-ssid
INFO     [2021-06-01 03:42:17,603]: *** sta1-wlan1: Scanning for ap1-ssid
INFO     [2021-06-01 03:42:24,554]: *** sta1-wlan1: Scanning for ap1-ssid
INFO     [2021-06-01 03:42:31,407]: *** sta1-wlan1: Scanning for ap1-ssid
INFO     [2021-06-01 03:42:38,372]: *** sta1-wlan1: Scanning for ap1-ssid
INFO     [2021-06-01 03:42:45,608]: *** sta1-wlan1: Scanning for ap1-ssid
INFO     [2021-06-01 03:42:52,487]: *** sta1-wlan1: Scanning for ap1-ssid
INFO     [2021-06-01 03:42:59,719]: *** sta1-wlan1: Scanning for ap1-ssid
INFO     [2021-06-01 03:43:06,640]: *** sta1-wlan1: Scanning for ap1-ssid
INFO     [2021-06-01 03:43:13,705]: *** sta1-wlan1: Scanning for ap1-ssid
INFO     [2021-06-01 03:43:20,651]: *** sta1-wlan1: Scanning for ap1-ssid
INFO     [2021-06-01 03:43:27,455]: *** sta1-wlan1: Scanning for ap1-ssid
INFO     [2021-06-01 03:43:34,266]: *** sta1-wlan1: Scanning for ap1-ssid
INFO     [2021-06-01 03:43:41,330]: *** sta1-wlan1: Scanning for ap1-ssid
INFO     [2021-06-01 03:43:48,276]: *** sta1-wlan1: Scanning for ap1-ssid
INFO     [2021-06-01 03:43:55,172]: *** sta1-wlan1: Scanning for ap1-ssid
INFO     [2021-06-01 03:44:02,359]: *** sta1-wlan1: Scanning for ap1-ssid
INFO     [2021-06-01 03:44:09,277]: *** sta1-wlan1: Scanning for ap1-ssid
INFO     [2021-06-01 03:44:16,252]: *** sta1-wlan1: Scanning for ap1-ssid
INFO     [2021-06-01 03:44:23,063]: *** sta1-wlan1: Scanning for ap1-ssid
INFO     [2021-06-01 03:44:29,927]: *** sta1-wlan1: Scanning for ap1-ssid
INFO     [2021-06-01 03:44:37,053]: *** sta1-wlan1: Scanning for ap1-ssid
INFO     [2021-06-01 03:44:43,982]: *** sta1-wlan1: Scanning for ap1-ssid
INFO     [2021-06-01 03:44:51,040]: *** sta1-wlan1: Scanning for ap1-ssid
INFO     [2021-06-01 03:44:58,144]: *** sta1-wlan1: Scanning for ap1-ssid
INFO     [2021-06-01 03:45:05,191]: *** sta1-wlan1: Scanning for ap1-ssid
INFO     [2021-06-01 03:45:12,044]: *** sta1-wlan1: Scanning for ap1-ssid
INFO     [2021-06-01 03:45:18,866]: *** sta1-wlan1: Scanning for ap1-ssid
INFO     [2021-06-01 03:45:25,696]: *** sta1-wlan1: Scanning for ap1-ssid
INFO     [2021-06-01 03:45:32,475]: *** sta1-wlan1: Scanning for ap1-ssid
INFO     [2021-06-01 03:45:39,298]: *** sta1-wlan1: Scanning for ap1-ssid
INFO     [2021-06-01 03:45:46,221]: *** sta1-wlan1: Scanning for ap1-ssid
INFO     [2021-06-01 03:45:53,059]: *** sta1-wlan1: Scanning for ap1-ssid
INFO     [2021-06-01 03:45:59,842]: *** sta1-wlan1: Scanning for ap1-ssid
INFO     [2021-06-01 03:46:06,663]: *** sta1-wlan1: Scanning for ap1-ssid
INFO     [2021-06-01 03:46:13,567]: *** sta1-wlan1: Scanning for ap1-ssid
INFO     [2021-06-01 03:46:20,386]: *** sta1-wlan1: Scanning for ap1-ssid
INFO     [2021-06-01 03:46:27,223]: *** sta1-wlan1: Scanning for ap1-ssid
INFO     [2021-06-01 03:46:34,119]: *** sta1-wlan1: Scanning for ap1-ssid
INFO     [2021-06-01 03:46:40,947]: *** sta1-wlan1: Scanning for ap1-ssid
INFO     [2021-06-01 03:46:47,721]: *** sta1-wlan1: Scanning for ap1-ssid
INFO     [2021-06-01 03:46:54,675]: *** sta1-wlan1: Scanning for ap1-ssid
INFO     [2021-06-01 03:47:01,766]: *** sta1-wlan1: Scanning for ap1-ssid
INFO     [2021-06-01 03:47:08,551]: *** sta1-wlan1: Scanning for ap1-ssid
INFO     [2021-06-01 03:47:15,593]: *** sta1-wlan1: Scanning for ap1-ssid
INFO     [2021-06-01 03:47:22,863]: *** sta1-wlan1: Scanning for ap1-ssid
INFO     [2021-06-01 03:47:29,769]: *** sta1-wlan1: Scanning for ap1-ssid
INFO     [2021-06-01 03:47:36,611]: *** sta1-wlan1: Scanning for ap1-ssid
INFO     [2021-06-01 03:47:43,396]: *** sta1-wlan1: Scanning for ap1-ssid
INFO     [2021-06-01 03:47:50,229]: *** sta1-wlan1: Scanning for ap1-ssid
INFO     [2021-06-01 03:47:57,280]: *** sta1-wlan1: Scanning for ap1-ssid
INFO     [2021-06-01 03:48:04,127]: *** sta1-wlan1: Scanning for ap1-ssid
INFO     [2021-06-01 03:48:10,971]: *** sta1-wlan1: Scanning for ap1-ssid
INFO     [2021-06-01 03:48:17,891]: *** sta1-wlan1: Scanning for ap1-ssid
INFO     [2021-06-01 03:48:24,766]: *** sta1-wlan1: Scanning for ap1-ssid
INFO     [2021-06-01 03:48:31,939]: *** sta1-wlan1: Scanning for ap1-ssid
INFO     [2021-06-01 03:48:38,777]: *** sta1-wlan1: Scanning for ap1-ssid
INFO     [2021-06-01 03:48:40,820]: *** sta3-wlan1: Scanner started. Searching for ap1-ssid with interval 3.0
