INFO     [2021-06-01 04:15:52,674]: *** sta1-wlan0: Started flexible_sdn.py
INFO     [2021-06-01 04:15:52,677]: *** sta1: Interface: sta1-wlan0, Scan-interface: sta1-wlan1
INFO     [2021-06-01 04:18:10,578]: *** sta1-wlan1: Scanner started. Searching for ap1-ssid with interval 2.0
INFO     [2021-06-01 04:18:12,580]: *** sta1-wlan1: Scanning for ap1-ssid
INFO     [2021-06-01 04:18:13,623]: *** sta1-wlan1: Scan detected ap1-ssid in range (signal: -88.0 / -80.0)
INFO     [2021-06-01 04:18:14,628]: *** sta1-wlan1: Scan detected ap1-ssid in range (signal: -88.0 / -80.0)
INFO     [2021-06-01 04:18:15,632]: *** sta1-wlan1: Scan detected ap1-ssid in range (signal: -88.0 / -80.0)
INFO     [2021-06-01 04:18:16,637]: *** sta1-wlan1: Scan detected ap1-ssid in range (signal: -88.0 / -80.0)
INFO     [2021-06-01 04:18:17,642]: *** sta1-wlan1: Scan detected ap1-ssid in range (signal: -88.0 / -80.0)
INFO     [2021-06-01 04:18:18,362]: *** sta1-wlan1: Scanning for ap1-ssid
INFO     [2021-06-01 04:18:18,646]: *** sta1-wlan1: Scan detected ap1-ssid in range (signal: -89.0 / -80.0)
INFO     [2021-06-01 04:18:19,650]: *** sta1-wlan1: Scan detected ap1-ssid in range (signal: -89.0 / -80.0)
INFO     [2021-06-01 04:18:20,654]: *** sta1-wlan1: Scan detected ap1-ssid in range (signal: -89.0 / -80.0)
INFO     [2021-06-01 04:18:21,658]: *** sta1-wlan1: Scan detected ap1-ssid in range (signal: -89.0 / -80.0)
INFO     [2021-06-01 04:18:22,662]: *** sta1-wlan1: Scan detected ap1-ssid in range (signal: -89.0 / -80.0)
INFO     [2021-06-01 04:18:23,666]: *** sta1-wlan1: Scan detected ap1-ssid in range (signal: -89.0 / -80.0)
INFO     [2021-06-01 04:18:24,146]: *** sta1-wlan1: Scanning for ap1-ssid
INFO     [2021-06-01 04:18:24,671]: *** sta1-wlan1: Scan detected ap1-ssid in range (signal: -85.0 / -80.0)
INFO     [2021-06-01 04:18:25,682]: *** sta1-wlan1: Scan detected ap1-ssid in range (signal: -85.0 / -80.0)
INFO     [2021-06-01 04:18:26,686]: *** sta1-wlan1: Scan detected ap1-ssid in range (signal: -85.0 / -80.0)
INFO     [2021-06-01 04:18:27,690]: *** sta1-wlan1: Scan detected ap1-ssid in range (signal: -85.0 / -80.0)
INFO     [2021-06-01 04:18:28,695]: *** sta1-wlan1: Scan detected ap1-ssid in range (signal: -85.0 / -80.0)
INFO     [2021-06-01 04:18:29,702]: *** sta1-wlan1: Scan detected ap1-ssid in range (signal: -85.0 / -80.0)
INFO     [2021-06-01 04:18:30,178]: *** sta1-wlan1: Scanning for ap1-ssid
INFO     [2021-06-01 04:18:30,707]: *** sta1-wlan1: Scan detected ap1-ssid in range (signal: -89.0 / -80.0)
INFO     [2021-06-01 04:18:31,712]: *** sta1-wlan1: Scan detected ap1-ssid in range (signal: -89.0 / -80.0)
INFO     [2021-06-01 04:18:32,720]: *** sta1-wlan1: Scan detected ap1-ssid in range (signal: -89.0 / -80.0)
INFO     [2021-06-01 04:18:33,725]: *** sta1-wlan1: Scan detected ap1-ssid in range (signal: -89.0 / -80.0)
INFO     [2021-06-01 04:18:34,729]: *** sta1-wlan1: Scan detected ap1-ssid in range (signal: -90.0 / -80.0)
INFO     [2021-06-01 04:18:35,734]: *** sta1-wlan1: Scan detected ap1-ssid in range (signal: -90.0 / -80.0)
INFO     [2021-06-01 04:18:35,974]: *** sta1-wlan1: Scanning for ap1-ssid
INFO     [2021-06-01 04:18:36,740]: *** sta1-wlan1: Scan detected ap1-ssid in range (signal: -90.0 / -80.0)
INFO     [2021-06-01 04:18:37,744]: *** sta1-wlan1: Scan detected ap1-ssid in range (signal: -90.0 / -80.0)
INFO     [2021-06-01 04:18:38,749]: *** sta1-wlan1: Scan detected ap1-ssid in range (signal: -90.0 / -80.0)
INFO     [2021-06-01 04:18:39,764]: *** sta1-wlan1: Scan detected ap1-ssid in range (signal: -90.0 / -80.0)
INFO     [2021-06-01 04:18:40,770]: *** sta1-wlan1: Scan detected ap1-ssid in range (signal: -90.0 / -80.0)
INFO     [2021-06-01 04:18:41,775]: *** sta1-wlan1: Scan detected ap1-ssid in range (signal: -90.0 / -80.0)
INFO     [2021-06-01 04:18:41,789]: *** sta1-wlan1: Scanning for ap1-ssid
INFO     [2021-06-01 04:18:42,780]: *** sta1-wlan1: Scan detected ap1-ssid in range (signal: -86.0 / -80.0)
INFO     [2021-06-01 04:18:43,788]: *** sta1-wlan1: Scan detected ap1-ssid in range (signal: -86.0 / -80.0)
INFO     [2021-06-01 04:18:44,793]: *** sta1-wlan1: Scan detected ap1-ssid in range (signal: -86.0 / -80.0)
INFO     [2021-06-01 04:18:45,808]: *** sta1-wlan1: Scan detected ap1-ssid in range (signal: -86.0 / -80.0)
INFO     [2021-06-01 04:18:46,814]: *** sta1-wlan1: Scan detected ap1-ssid in range (signal: -86.0 / -80.0)
INFO     [2021-06-01 04:18:47,573]: *** sta1-wlan1: Scanning for ap1-ssid
INFO     [2021-06-01 04:18:47,820]: *** sta1-wlan1: Scan detected ap1-ssid in range (signal: -89.0 / -80.0)
INFO     [2021-06-01 04:18:48,825]: *** sta1-wlan1: Scan detected ap1-ssid in range (signal: -89.0 / -80.0)
INFO     [2021-06-01 04:18:49,830]: *** sta1-wlan1: Scan detected ap1-ssid in range (signal: -89.0 / -80.0)
INFO     [2021-06-01 04:18:50,834]: *** sta1-wlan1: Scan detected ap1-ssid in range (signal: -89.0 / -80.0)
INFO     [2021-06-01 04:18:51,841]: *** sta1-wlan1: Scan detected ap1-ssid in range (signal: -89.0 / -80.0)
INFO     [2021-06-01 04:18:52,851]: *** sta1-wlan1: Scan detected ap1-ssid in range (signal: -89.0 / -80.0)
INFO     [2021-06-01 04:18:53,436]: *** sta1-wlan1: Scanning for ap1-ssid
INFO     [2021-06-01 04:18:53,860]: *** sta1-wlan1: Scan detected ap1-ssid in range (signal: -89.0 / -80.0)
INFO     [2021-06-01 04:18:54,867]: *** sta1-wlan1: Scan detected ap1-ssid in range (signal: -89.0 / -80.0)
INFO     [2021-06-01 04:18:55,885]: *** sta1-wlan1: Scan detected ap1-ssid in range (signal: -89.0 / -80.0)
INFO     [2021-06-01 04:18:56,900]: *** sta1-wlan1: Scan detected ap1-ssid in range (signal: -89.0 / -80.0)
INFO     [2021-06-01 04:18:57,912]: *** sta1-wlan1: Scan detected ap1-ssid in range (signal: -89.0 / -80.0)
INFO     [2021-06-01 04:18:58,917]: *** sta1-wlan1: Scan detected ap1-ssid in range (signal: -89.0 / -80.0)
INFO     [2021-06-01 04:18:59,413]: *** sta1-wlan1: Scanning for ap1-ssid
INFO     [2021-06-01 04:18:59,927]: *** sta1-wlan1: Scan detected ap1-ssid in range (signal: -89.0 / -80.0)
INFO     [2021-06-01 04:19:00,931]: *** sta1-wlan1: Scan detected ap1-ssid in range (signal: -89.0 / -80.0)
INFO     [2021-06-01 04:19:01,944]: *** sta1-wlan1: Scan detected ap1-ssid in range (signal: -89.0 / -80.0)
INFO     [2021-06-01 04:19:02,949]: *** sta1-wlan1: Scan detected ap1-ssid in range (signal: -89.0 / -80.0)
INFO     [2021-06-01 04:19:03,955]: *** sta1-wlan1: Scan detected ap1-ssid in range (signal: -89.0 / -80.0)
INFO     [2021-06-01 04:19:04,961]: *** sta1-wlan1: Scan detected ap1-ssid in range (signal: -89.0 / -80.0)
INFO     [2021-06-01 04:19:05,227]: *** sta1-wlan1: Scanning for ap1-ssid
INFO     [2021-06-01 04:19:05,970]: *** sta1-wlan1: Scan detected ap1-ssid in range (signal: -90.0 / -80.0)
INFO     [2021-06-01 04:19:06,974]: *** sta1-wlan1: Scan detected ap1-ssid in range (signal: -90.0 / -80.0)
INFO     [2021-06-01 04:19:07,978]: *** sta1-wlan1: Scan detected ap1-ssid in range (signal: -90.0 / -80.0)
INFO     [2021-06-01 04:19:08,981]: *** sta1-wlan1: Scan detected ap1-ssid in range (signal: -90.0 / -80.0)
INFO     [2021-06-01 04:19:09,987]: *** sta1-wlan1: Scan detected ap1-ssid in range (signal: -90.0 / -80.0)
INFO     [2021-06-01 04:19:10,999]: *** sta1-wlan1: Scan detected ap1-ssid in range (signal: -90.0 / -80.0)
INFO     [2021-06-01 04:19:11,097]: *** sta1-wlan1: Scanning for ap1-ssid
INFO     [2021-06-01 04:19:12,004]: *** sta1-wlan1: Scan detected ap1-ssid in range (signal: -90.0 / -80.0)
INFO     [2021-06-01 04:19:13,009]: *** sta1-wlan1: Scan detected ap1-ssid in range (signal: -90.0 / -80.0)
INFO     [2021-06-01 04:19:14,024]: *** sta1-wlan1: Scan detected ap1-ssid in range (signal: -90.0 / -80.0)
INFO     [2021-06-01 04:19:15,031]: *** sta1-wlan1: Scan detected ap1-ssid in range (signal: -90.0 / -80.0)
INFO     [2021-06-01 04:19:16,040]: *** sta1-wlan1: Scan detected ap1-ssid in range (signal: -90.0 / -80.0)
INFO     [2021-06-01 04:19:16,867]: *** sta1-wlan1: Scanning for ap1-ssid
INFO     [2021-06-01 04:19:17,052]: *** sta1-wlan1: Scan detected ap1-ssid in range (signal: -90.0 / -80.0)
INFO     [2021-06-01 04:19:18,057]: *** sta1-wlan1: Scan detected ap1-ssid in range (signal: -90.0 / -80.0)
INFO     [2021-06-01 04:19:19,061]: *** sta1-wlan1: Scan detected ap1-ssid in range (signal: -90.0 / -80.0)
INFO     [2021-06-01 04:19:20,065]: *** sta1-wlan1: Scan detected ap1-ssid in range (signal: -90.0 / -80.0)
INFO     [2021-06-01 04:19:21,083]: *** sta1-wlan1: Scan detected ap1-ssid in range (signal: -90.0 / -80.0)
INFO     [2021-06-01 04:19:22,086]: *** sta1-wlan1: Scan detected ap1-ssid in range (signal: -90.0 / -80.0)
INFO     [2021-06-01 04:19:22,654]: *** sta1-wlan1: Scanning for ap1-ssid
INFO     [2021-06-01 04:19:23,091]: *** sta1-wlan1: Scan detected ap1-ssid in range (signal: -90.0 / -80.0)
INFO     [2021-06-01 04:19:24,098]: *** sta1-wlan1: Scan detected ap1-ssid in range (signal: -90.0 / -80.0)
INFO     [2021-06-01 04:19:25,103]: *** sta1-wlan1: Scan detected ap1-ssid in range (signal: -90.0 / -80.0)
INFO     [2021-06-01 04:19:26,380]: *** sta1-wlan1: Scan detected ap1-ssid in range (signal: -90.0 / -80.0)
INFO     [2021-06-01 04:19:27,401]: *** sta1-wlan1: Scan detected ap1-ssid in range (signal: -90.0 / -80.0)
INFO     [2021-06-01 04:19:28,416]: *** sta1-wlan1: Scan detected ap1-ssid in range (signal: -90.0 / -80.0)
INFO     [2021-06-01 04:19:28,601]: *** sta1-wlan1: Scanning for ap1-ssid
INFO     [2021-06-01 04:19:29,421]: *** sta1-wlan1: Scan detected ap1-ssid in range (signal: -90.0 / -80.0)
INFO     [2021-06-01 04:19:30,427]: *** sta1-wlan1: Scan detected ap1-ssid in range (signal: -90.0 / -80.0)
INFO     [2021-06-01 04:19:31,438]: *** sta1-wlan1: Scan detected ap1-ssid in range (signal: -90.0 / -80.0)
INFO     [2021-06-01 04:19:32,443]: *** sta1-wlan1: Scan detected ap1-ssid in range (signal: -90.0 / -80.0)
INFO     [2021-06-01 04:19:33,447]: *** sta1-wlan1: Scan detected ap1-ssid in range (signal: -90.0 / -80.0)
INFO     [2021-06-01 04:19:34,421]: *** sta1-wlan1: Scanning for ap1-ssid
INFO     [2021-06-01 04:19:34,453]: *** sta1-wlan1: Scan detected ap1-ssid in range (signal: -90.0 / -80.0)
INFO     [2021-06-01 04:19:35,457]: *** sta1-wlan1: Scan detected ap1-ssid in range (signal: -90.0 / -80.0)
INFO     [2021-06-01 04:19:36,463]: *** sta1-wlan1: Scan detected ap1-ssid in range (signal: -90.0 / -80.0)
INFO     [2021-06-01 04:19:37,481]: *** sta1-wlan1: Scan detected ap1-ssid in range (signal: -90.0 / -80.0)
INFO     [2021-06-01 04:19:38,486]: *** sta1-wlan1: Scan detected ap1-ssid in range (signal: -90.0 / -80.0)
INFO     [2021-06-01 04:19:39,494]: *** sta1-wlan1: Scan detected ap1-ssid in range (signal: -90.0 / -80.0)
INFO     [2021-06-01 04:19:40,232]: *** sta1-wlan1: Scanning for ap1-ssid
INFO     [2021-06-01 04:19:40,505]: *** sta1-wlan1: Scan detected ap1-ssid in range (signal: -89.0 / -80.0)
INFO     [2021-06-01 04:19:41,510]: *** sta1-wlan1: Scan detected ap1-ssid in range (signal: -89.0 / -80.0)
INFO     [2021-06-01 04:19:42,514]: *** sta1-wlan1: Scan detected ap1-ssid in range (signal: -89.0 / -80.0)
INFO     [2021-06-01 04:19:43,518]: *** sta1-wlan1: Scan detected ap1-ssid in range (signal: -89.0 / -80.0)
INFO     [2021-06-01 04:19:44,527]: *** sta1-wlan1: Scan detected ap1-ssid in range (signal: -89.0 / -80.0)
INFO     [2021-06-01 04:19:45,538]: *** sta1-wlan1: Scan detected ap1-ssid in range (signal: -89.0 / -80.0)
INFO     [2021-06-01 04:19:46,035]: *** sta1-wlan1: Scanning for ap1-ssid
INFO     [2021-06-01 04:19:46,548]: *** sta1-wlan1: Scan detected ap1-ssid in range (signal: -90.0 / -80.0)
INFO     [2021-06-01 04:19:47,553]: *** sta1-wlan1: Scan detected ap1-ssid in range (signal: -90.0 / -80.0)
INFO     [2021-06-01 04:19:48,581]: *** sta1-wlan1: Scan detected ap1-ssid in range (signal: -90.0 / -80.0)
INFO     [2021-06-01 04:19:49,586]: *** sta1-wlan1: Scan detected ap1-ssid in range (signal: -90.0 / -80.0)
INFO     [2021-06-01 04:19:50,591]: *** sta1-wlan1: Scan detected ap1-ssid in range (signal: -90.0 / -80.0)
INFO     [2021-06-01 04:19:51,596]: *** sta1-wlan1: Scan detected ap1-ssid in range (signal: -90.0 / -80.0)
INFO     [2021-06-01 04:19:51,957]: *** sta1-wlan1: Scanning for ap1-ssid
INFO     [2021-06-01 04:19:52,600]: *** sta1-wlan1: Scan detected ap1-ssid in range (signal: -90.0 / -80.0)
INFO     [2021-06-01 04:19:53,604]: *** sta1-wlan1: Scan detected ap1-ssid in range (signal: -90.0 / -80.0)
INFO     [2021-06-01 04:19:54,610]: *** sta1-wlan1: Scan detected ap1-ssid in range (signal: -90.0 / -80.0)
INFO     [2021-06-01 04:19:55,613]: *** sta1-wlan1: Scan detected ap1-ssid in range (signal: -90.0 / -80.0)
INFO     [2021-06-01 04:19:56,620]: *** sta1-wlan1: Scan detected ap1-ssid in range (signal: -90.0 / -80.0)
INFO     [2021-06-01 04:19:57,624]: *** sta1-wlan1: Scan detected ap1-ssid in range (signal: -90.0 / -80.0)
INFO     [2021-06-01 04:19:57,742]: *** sta1-wlan1: Scanning for ap1-ssid
INFO     [2021-06-01 04:19:58,629]: *** sta1-wlan1: Scan detected ap1-ssid in range (signal: -90.0 / -80.0)
INFO     [2021-06-01 04:19:59,639]: *** sta1-wlan1: Scan detected ap1-ssid in range (signal: -90.0 / -80.0)
INFO     [2021-06-01 04:20:00,648]: *** sta1-wlan1: Scan detected ap1-ssid in range (signal: -90.0 / -80.0)
INFO     [2021-06-01 04:20:01,653]: *** sta1-wlan1: Scan detected ap1-ssid in range (signal: -90.0 / -80.0)
INFO     [2021-06-01 04:20:02,658]: *** sta1-wlan1: Scan detected ap1-ssid in range (signal: -90.0 / -80.0)
INFO     [2021-06-01 04:20:03,632]: *** sta1-wlan1: Scanning for ap1-ssid
INFO     [2021-06-01 04:20:03,665]: *** sta1-wlan1: Scan detected ap1-ssid in range (signal: -90.0 / -80.0)
INFO     [2021-06-01 04:20:04,671]: *** sta1-wlan1: Scan detected ap1-ssid in range (signal: -90.0 / -80.0)
INFO     [2021-06-01 04:20:05,686]: *** sta1-wlan1: Scan detected ap1-ssid in range (signal: -90.0 / -80.0)
INFO     [2021-06-01 04:20:06,691]: *** sta1-wlan1: Scan detected ap1-ssid in range (signal: -90.0 / -80.0)
INFO     [2021-06-01 04:20:07,703]: *** sta1-wlan1: Scan detected ap1-ssid in range (signal: -90.0 / -80.0)
INFO     [2021-06-01 04:20:08,708]: *** sta1-wlan1: Scan detected ap1-ssid in range (signal: -90.0 / -80.0)
INFO     [2021-06-01 04:20:09,713]: *** sta1-wlan1: Scan detected ap1-ssid in range (signal: -90.0 / -80.0)
INFO     [2021-06-01 04:20:09,758]: *** sta1-wlan1: Scanning for ap1-ssid
INFO     [2021-06-01 04:20:10,721]: *** sta1-wlan1: Scan detected ap1-ssid in range (signal: -90.0 / -80.0)
INFO     [2021-06-01 04:20:11,787]: *** sta1-wlan1: Scan detected ap1-ssid in range (signal: -90.0 / -80.0)
INFO     [2021-06-01 04:20:12,793]: *** sta1-wlan1: Scan detected ap1-ssid in range (signal: -90.0 / -80.0)
INFO     [2021-06-01 04:20:13,797]: *** sta1-wlan1: Scan detected ap1-ssid in range (signal: -90.0 / -80.0)
INFO     [2021-06-01 04:20:14,802]: *** sta1-wlan1: Scan detected ap1-ssid in range (signal: -90.0 / -80.0)
INFO     [2021-06-01 04:20:15,749]: *** sta1-wlan1: Scanning for ap1-ssid
INFO     [2021-06-01 04:20:15,815]: *** sta1-wlan1: Scan detected ap1-ssid in range (signal: -90.0 / -80.0)
INFO     [2021-06-01 04:20:21,553]: *** sta1-wlan1: Scanning for ap1-ssid
INFO     [2021-06-01 04:20:27,341]: *** sta1-wlan1: Scanning for ap1-ssid
INFO     [2021-06-01 04:20:33,174]: *** sta1-wlan1: Scanning for ap1-ssid
INFO     [2021-06-01 04:20:38,950]: *** sta1-wlan1: Scanning for ap1-ssid
INFO     [2021-06-01 04:20:44,741]: *** sta1-wlan1: Scanning for ap1-ssid
INFO     [2021-06-01 04:20:50,534]: *** sta1-wlan1: Scanning for ap1-ssid
INFO     [2021-06-01 04:20:56,447]: *** sta1-wlan1: Scanning for ap1-ssid
INFO     [2021-06-01 04:21:02,229]: *** sta1-wlan1: Scanning for ap1-ssid
INFO     [2021-06-01 04:21:08,030]: *** sta1-wlan1: Scanning for ap1-ssid
INFO     [2021-06-01 04:21:14,012]: *** sta1-wlan1: Scanning for ap1-ssid
INFO     [2021-06-01 04:21:14,249]: *** sta1-wlan1: Scan detected ap1-ssid in range (signal: -88.0 / -80.0)
INFO     [2021-06-01 04:21:15,281]: *** sta1-wlan1: Scan detected ap1-ssid in range (signal: -88.0 / -80.0)
INFO     [2021-06-01 04:21:16,290]: *** sta1-wlan1: Scan detected ap1-ssid in range (signal: -88.0 / -80.0)
INFO     [2021-06-01 04:21:17,295]: *** sta1-wlan1: Scan detected ap1-ssid in range (signal: -88.0 / -80.0)
INFO     [2021-06-01 04:21:18,302]: *** sta1-wlan1: Scan detected ap1-ssid in range (signal: -88.0 / -80.0)
INFO     [2021-06-01 04:21:19,306]: *** sta1-wlan1: Scan detected ap1-ssid in range (signal: -88.0 / -80.0)
INFO     [2021-06-01 04:21:19,831]: *** sta1-wlan1: Scanning for ap1-ssid
INFO     [2021-06-01 04:21:20,311]: *** sta1-wlan1: Scan detected ap1-ssid in range (signal: -88.0 / -80.0)
INFO     [2021-06-01 04:21:21,316]: *** sta1-wlan1: Scan detected ap1-ssid in range (signal: -88.0 / -80.0)
INFO     [2021-06-01 04:21:22,321]: *** sta1-wlan1: Scan detected ap1-ssid in range (signal: -88.0 / -80.0)
INFO     [2021-06-01 04:21:23,326]: *** sta1-wlan1: Scan detected ap1-ssid in range (signal: -88.0 / -80.0)
INFO     [2021-06-01 04:21:24,330]: *** sta1-wlan1: Scan detected ap1-ssid in range (signal: -88.0 / -80.0)
INFO     [2021-06-01 04:21:25,339]: *** sta1-wlan1: Scan detected ap1-ssid in range (signal: -88.0 / -80.0)
INFO     [2021-06-01 04:21:25,659]: *** sta1-wlan1: Scanning for ap1-ssid
INFO     [2021-06-01 04:21:26,344]: *** sta1-wlan1: Scan detected ap1-ssid in range (signal: -88.0 / -80.0)
INFO     [2021-06-01 04:21:27,349]: *** sta1-wlan1: Scan detected ap1-ssid in range (signal: -88.0 / -80.0)
INFO     [2021-06-01 04:21:28,353]: *** sta1-wlan1: Scan detected ap1-ssid in range (signal: -88.0 / -80.0)
INFO     [2021-06-01 04:21:29,358]: *** sta1-wlan1: Scan detected ap1-ssid in range (signal: -88.0 / -80.0)
INFO     [2021-06-01 04:21:30,376]: *** sta1-wlan1: Scan detected ap1-ssid in range (signal: -88.0 / -80.0)
INFO     [2021-06-01 04:21:31,381]: *** sta1-wlan1: Scan detected ap1-ssid in range (signal: -88.0 / -80.0)
INFO     [2021-06-01 04:21:31,446]: *** sta1-wlan1: Scanning for ap1-ssid
INFO     [2021-06-01 04:21:32,386]: *** sta1-wlan1: Scan detected ap1-ssid in range (signal: -87.0 / -80.0)
INFO     [2021-06-01 04:21:33,402]: *** sta1-wlan1: Scan detected ap1-ssid in range (signal: -87.0 / -80.0)
INFO     [2021-06-01 04:21:34,406]: *** sta1-wlan1: Scan detected ap1-ssid in range (signal: -87.0 / -80.0)
INFO     [2021-06-01 04:21:35,413]: *** sta1-wlan1: Scan detected ap1-ssid in range (signal: -87.0 / -80.0)
INFO     [2021-06-01 04:21:36,418]: *** sta1-wlan1: Scan detected ap1-ssid in range (signal: -87.0 / -80.0)
INFO     [2021-06-01 04:21:37,219]: *** sta1-wlan1: Scanning for ap1-ssid
INFO     [2021-06-01 04:21:37,424]: *** sta1-wlan1: Scan detected ap1-ssid in range (signal: -87.0 / -80.0)
INFO     [2021-06-01 04:21:38,430]: *** sta1-wlan1: Scan detected ap1-ssid in range (signal: -87.0 / -80.0)
INFO     [2021-06-01 04:21:39,436]: *** sta1-wlan1: Scan detected ap1-ssid in range (signal: -87.0 / -80.0)
INFO     [2021-06-01 04:21:40,440]: *** sta1-wlan1: Scan detected ap1-ssid in range (signal: -87.0 / -80.0)
INFO     [2021-06-01 04:21:41,453]: *** sta1-wlan1: Scan detected ap1-ssid in range (signal: -87.0 / -80.0)
INFO     [2021-06-01 04:21:42,461]: *** sta1-wlan1: Scan detected ap1-ssid in range (signal: -87.0 / -80.0)
INFO     [2021-06-01 04:21:43,018]: *** sta1-wlan1: Scanning for ap1-ssid
INFO     [2021-06-01 04:21:43,467]: *** sta1-wlan1: Scan detected ap1-ssid in range (signal: -87.0 / -80.0)
INFO     [2021-06-01 04:21:44,472]: *** sta1-wlan1: Scan detected ap1-ssid in range (signal: -87.0 / -80.0)
INFO     [2021-06-01 04:21:45,480]: *** sta1-wlan1: Scan detected ap1-ssid in range (signal: -87.0 / -80.0)
INFO     [2021-06-01 04:21:46,484]: *** sta1-wlan1: Scan detected ap1-ssid in range (signal: -87.0 / -80.0)
INFO     [2021-06-01 04:21:47,491]: *** sta1-wlan1: Scan detected ap1-ssid in range (signal: -87.0 / -80.0)
INFO     [2021-06-01 04:21:48,501]: *** sta1-wlan1: Scan detected ap1-ssid in range (signal: -87.0 / -80.0)
INFO     [2021-06-01 04:21:48,829]: *** sta1-wlan1: Scanning for ap1-ssid
INFO     [2021-06-01 04:21:49,505]: *** sta1-wlan1: Scan detected ap1-ssid in range (signal: -87.0 / -80.0)
INFO     [2021-06-01 04:21:50,512]: *** sta1-wlan1: Scan detected ap1-ssid in range (signal: -87.0 / -80.0)
INFO     [2021-06-01 04:21:51,519]: *** sta1-wlan1: Scan detected ap1-ssid in range (signal: -87.0 / -80.0)
INFO     [2021-06-01 04:21:52,527]: *** sta1-wlan1: Scan detected ap1-ssid in range (signal: -87.0 / -80.0)
INFO     [2021-06-01 04:21:53,531]: *** sta1-wlan1: Scan detected ap1-ssid in range (signal: -87.0 / -80.0)
INFO     [2021-06-01 04:21:54,538]: *** sta1-wlan1: Scan detected ap1-ssid in range (signal: -87.0 / -80.0)
INFO     [2021-06-01 04:21:54,678]: *** sta1-wlan1: Scanning for ap1-ssid
INFO     [2021-06-01 04:21:55,543]: *** sta1-wlan1: Scan detected ap1-ssid in range (signal: -87.0 / -80.0)
INFO     [2021-06-01 04:21:56,551]: *** sta1-wlan1: Scan detected ap1-ssid in range (signal: -87.0 / -80.0)
INFO     [2021-06-01 04:21:57,557]: *** sta1-wlan1: Scan detected ap1-ssid in range (signal: -87.0 / -80.0)
INFO     [2021-06-01 04:21:58,561]: *** sta1-wlan1: Scan detected ap1-ssid in range (signal: -87.0 / -80.0)
INFO     [2021-06-01 04:21:59,580]: *** sta1-wlan1: Scan detected ap1-ssid in range (signal: -87.0 / -80.0)
INFO     [2021-06-01 04:22:00,570]: *** sta1-wlan1: Scanning for ap1-ssid
INFO     [2021-06-01 04:22:00,586]: *** sta1-wlan1: Scan detected ap1-ssid in range (signal: -87.0 / -80.0)
INFO     [2021-06-01 04:22:06,422]: *** sta1-wlan1: Scanning for ap1-ssid
INFO     [2021-06-01 04:22:12,902]: *** sta1-wlan1: Scanning for ap1-ssid
INFO     [2021-06-01 04:22:18,693]: *** sta1-wlan1: Scanning for ap1-ssid
INFO     [2021-06-01 04:22:24,645]: *** sta1-wlan1: Scanning for ap1-ssid
INFO     [2021-06-01 04:22:24,752]: *** sta1-wlan1: Scan detected ap1-ssid in range (signal: -89.0 / -80.0)
INFO     [2021-06-01 04:22:25,768]: *** sta1-wlan1: Scan detected ap1-ssid in range (signal: -89.0 / -80.0)
INFO     [2021-06-01 04:22:26,786]: *** sta1-wlan1: Scan detected ap1-ssid in range (signal: -89.0 / -80.0)
INFO     [2021-06-01 04:22:27,795]: *** sta1-wlan1: Scan detected ap1-ssid in range (signal: -89.0 / -80.0)
INFO     [2021-06-01 04:22:28,810]: *** sta1-wlan1: Scan detected ap1-ssid in range (signal: -89.0 / -80.0)
INFO     [2021-06-01 04:22:29,822]: *** sta1-wlan1: Scan detected ap1-ssid in range (signal: -89.0 / -80.0)
INFO     [2021-06-01 04:22:30,447]: *** sta1-wlan1: Scanning for ap1-ssid
INFO     [2021-06-01 04:22:30,828]: *** sta1-wlan1: Scan detected ap1-ssid in range (signal: -89.0 / -80.0)
INFO     [2021-06-01 04:22:31,834]: *** sta1-wlan1: Scan detected ap1-ssid in range (signal: -89.0 / -80.0)
INFO     [2021-06-01 04:22:32,838]: *** sta1-wlan1: Scan detected ap1-ssid in range (signal: -89.0 / -80.0)
INFO     [2021-06-01 04:22:33,843]: *** sta1-wlan1: Scan detected ap1-ssid in range (signal: -89.0 / -80.0)
INFO     [2021-06-01 04:22:34,848]: *** sta1-wlan1: Scan detected ap1-ssid in range (signal: -89.0 / -80.0)
INFO     [2021-06-01 04:22:35,858]: *** sta1-wlan1: Scan detected ap1-ssid in range (signal: -89.0 / -80.0)
INFO     [2021-06-01 04:22:36,489]: *** sta1-wlan1: Scanning for ap1-ssid
INFO     [2021-06-01 04:22:36,865]: *** sta1-wlan1: Scan detected ap1-ssid in range (signal: -89.0 / -80.0)
INFO     [2021-06-01 04:22:37,869]: *** sta1-wlan1: Scan detected ap1-ssid in range (signal: -89.0 / -80.0)
INFO     [2021-06-01 04:22:38,886]: *** sta1-wlan1: Scan detected ap1-ssid in range (signal: -89.0 / -80.0)
INFO     [2021-06-01 04:22:39,892]: *** sta1-wlan1: Scan detected ap1-ssid in range (signal: -89.0 / -80.0)
INFO     [2021-06-01 04:22:40,896]: *** sta1-wlan1: Scan detected ap1-ssid in range (signal: -89.0 / -80.0)
INFO     [2021-06-01 04:22:41,901]: *** sta1-wlan1: Scan detected ap1-ssid in range (signal: -89.0 / -80.0)
INFO     [2021-06-01 04:22:42,313]: *** sta1-wlan1: Scanning for ap1-ssid
INFO     [2021-06-01 04:22:42,906]: *** sta1-wlan1: Scan detected ap1-ssid in range (signal: -89.0 / -80.0)
INFO     [2021-06-01 04:22:43,914]: *** sta1-wlan1: Scan detected ap1-ssid in range (signal: -89.0 / -80.0)
INFO     [2021-06-01 04:22:44,919]: *** sta1-wlan1: Scan detected ap1-ssid in range (signal: -89.0 / -80.0)
INFO     [2021-06-01 04:22:45,925]: *** sta1-wlan1: Scan detected ap1-ssid in range (signal: -89.0 / -80.0)
INFO     [2021-06-01 04:22:46,947]: *** sta1-wlan1: Scan detected ap1-ssid in range (signal: -89.0 / -80.0)
INFO     [2021-06-01 04:22:47,972]: *** sta1-wlan1: Scan detected ap1-ssid in range (signal: -89.0 / -80.0)
INFO     [2021-06-01 04:22:48,245]: *** sta1-wlan1: Scanning for ap1-ssid
INFO     [2021-06-01 04:22:48,981]: *** sta1-wlan1: Scan detected ap1-ssid in range (signal: -89.0 / -80.0)
INFO     [2021-06-01 04:22:49,992]: *** sta1-wlan1: Scan detected ap1-ssid in range (signal: -89.0 / -80.0)
INFO     [2021-06-01 04:22:50,999]: *** sta1-wlan1: Scan detected ap1-ssid in range (signal: -89.0 / -80.0)
INFO     [2021-06-01 04:22:52,006]: *** sta1-wlan1: Scan detected ap1-ssid in range (signal: -89.0 / -80.0)
INFO     [2021-06-01 04:22:53,011]: *** sta1-wlan1: Scan detected ap1-ssid in range (signal: -89.0 / -80.0)
INFO     [2021-06-01 04:22:54,016]: *** sta1-wlan1: Scan detected ap1-ssid in range (signal: -89.0 / -80.0)
INFO     [2021-06-01 04:22:54,516]: *** sta1-wlan1: Scanning for ap1-ssid
INFO     [2021-06-01 04:23:00,290]: *** sta1-wlan1: Scanning for ap1-ssid
INFO     [2021-06-01 04:23:06,037]: *** sta1-wlan1: Scanning for ap1-ssid
INFO     [2021-06-01 04:23:11,782]: *** sta1-wlan1: Scanning for ap1-ssid
INFO     [2021-06-01 04:23:17,989]: *** sta1-wlan1: Scanning for ap1-ssid
INFO     [2021-06-01 04:23:23,751]: *** sta1-wlan1: Scanning for ap1-ssid
INFO     [2021-06-01 04:23:24,205]: *** sta1-wlan1: Scan detected ap1-ssid in range (signal: -90.0 / -80.0)
INFO     [2021-06-01 04:23:25,211]: *** sta1-wlan1: Scan detected ap1-ssid in range (signal: -90.0 / -80.0)
INFO     [2021-06-01 04:23:26,217]: *** sta1-wlan1: Scan detected ap1-ssid in range (signal: -90.0 / -80.0)
INFO     [2021-06-01 04:23:27,228]: *** sta1-wlan1: Scan detected ap1-ssid in range (signal: -90.0 / -80.0)
INFO     [2021-06-01 04:23:28,234]: *** sta1-wlan1: Scan detected ap1-ssid in range (signal: -90.0 / -80.0)
INFO     [2021-06-01 04:23:29,239]: *** sta1-wlan1: Scan detected ap1-ssid in range (signal: -90.0 / -80.0)
INFO     [2021-06-01 04:23:29,719]: *** sta1-wlan1: Scanning for ap1-ssid
INFO     [2021-06-01 04:23:30,246]: *** sta1-wlan1: Scan detected ap1-ssid in range (signal: -90.0 / -80.0)
INFO     [2021-06-01 04:23:31,252]: *** sta1-wlan1: Scan detected ap1-ssid in range (signal: -90.0 / -80.0)
INFO     [2021-06-01 04:23:32,256]: *** sta1-wlan1: Scan detected ap1-ssid in range (signal: -90.0 / -80.0)
INFO     [2021-06-01 04:23:33,261]: *** sta1-wlan1: Scan detected ap1-ssid in range (signal: -90.0 / -80.0)
INFO     [2021-06-01 04:23:34,273]: *** sta1-wlan1: Scan detected ap1-ssid in range (signal: -90.0 / -80.0)
INFO     [2021-06-01 04:23:35,278]: *** sta1-wlan1: Scan detected ap1-ssid in range (signal: -90.0 / -80.0)
INFO     [2021-06-01 04:23:35,494]: *** sta1-wlan1: Scanning for ap1-ssid
INFO     [2021-06-01 04:23:36,281]: *** sta1-wlan1: Scan detected ap1-ssid in range (signal: -90.0 / -80.0)
INFO     [2021-06-01 04:23:37,286]: *** sta1-wlan1: Scan detected ap1-ssid in range (signal: -90.0 / -80.0)
INFO     [2021-06-01 04:23:38,290]: *** sta1-wlan1: Scan detected ap1-ssid in range (signal: -90.0 / -80.0)
INFO     [2021-06-01 04:23:39,301]: *** sta1-wlan1: Scan detected ap1-ssid in range (signal: -90.0 / -80.0)
INFO     [2021-06-01 04:23:40,309]: *** sta1-wlan1: Scan detected ap1-ssid in range (signal: -90.0 / -80.0)
INFO     [2021-06-01 04:23:41,299]: *** sta1-wlan1: Scanning for ap1-ssid
INFO     [2021-06-01 04:23:41,316]: *** sta1-wlan1: Scan detected ap1-ssid in range (signal: -90.0 / -80.0)
INFO     [2021-06-01 04:23:42,320]: *** sta1-wlan1: Scan detected ap1-ssid in range (signal: -90.0 / -80.0)
INFO     [2021-06-01 04:23:43,328]: *** sta1-wlan1: Scan detected ap1-ssid in range (signal: -90.0 / -80.0)
INFO     [2021-06-01 04:23:44,332]: *** sta1-wlan1: Scan detected ap1-ssid in range (signal: -90.0 / -80.0)
INFO     [2021-06-01 04:23:45,336]: *** sta1-wlan1: Scan detected ap1-ssid in range (signal: -90.0 / -80.0)
INFO     [2021-06-01 04:23:46,349]: *** sta1-wlan1: Scan detected ap1-ssid in range (signal: -90.0 / -80.0)
INFO     [2021-06-01 04:23:47,125]: *** sta1-wlan1: Scanning for ap1-ssid
INFO     [2021-06-01 04:23:47,354]: *** sta1-wlan1: Scan detected ap1-ssid in range (signal: -90.0 / -80.0)
INFO     [2021-06-01 04:23:48,358]: *** sta1-wlan1: Scan detected ap1-ssid in range (signal: -90.0 / -80.0)
INFO     [2021-06-01 04:23:49,370]: *** sta1-wlan1: Scan detected ap1-ssid in range (signal: -90.0 / -80.0)
INFO     [2021-06-01 04:23:50,416]: *** sta1-wlan1: Scan detected ap1-ssid in range (signal: -90.0 / -80.0)
INFO     [2021-06-01 04:23:51,422]: *** sta1-wlan1: Scan detected ap1-ssid in range (signal: -90.0 / -80.0)
INFO     [2021-06-01 04:23:52,435]: *** sta1-wlan1: Scan detected ap1-ssid in range (signal: -90.0 / -80.0)
INFO     [2021-06-01 04:23:52,889]: *** sta1-wlan1: Scanning for ap1-ssid
INFO     [2021-06-01 04:23:53,439]: *** sta1-wlan1: Scan detected ap1-ssid in range (signal: -90.0 / -80.0)
INFO     [2021-06-01 04:23:58,658]: *** sta1-wlan1: Scanning for ap1-ssid
INFO     [2021-06-01 04:24:04,412]: *** sta1-wlan1: Scanning for ap1-ssid
INFO     [2021-06-01 04:24:04,506]: *** sta1-wlan1: Scan detected ap1-ssid in range (signal: -88.0 / -80.0)
INFO     [2021-06-01 04:24:05,511]: *** sta1-wlan1: Scan detected ap1-ssid in range (signal: -88.0 / -80.0)
INFO     [2021-06-01 04:24:06,516]: *** sta1-wlan1: Scan detected ap1-ssid in range (signal: -88.0 / -80.0)
INFO     [2021-06-01 04:24:07,521]: *** sta1-wlan1: Scan detected ap1-ssid in range (signal: -88.0 / -80.0)
INFO     [2021-06-01 04:24:08,526]: *** sta1-wlan1: Scan detected ap1-ssid in range (signal: -88.0 / -80.0)
INFO     [2021-06-01 04:24:09,531]: *** sta1-wlan1: Scan detected ap1-ssid in range (signal: -88.0 / -80.0)
INFO     [2021-06-01 04:24:10,185]: *** sta1-wlan1: Scanning for ap1-ssid
INFO     [2021-06-01 04:24:10,536]: *** sta1-wlan1: Scan detected ap1-ssid in range (signal: -90.0 / -80.0)
INFO     [2021-06-01 04:24:11,540]: *** sta1-wlan1: Scan detected ap1-ssid in range (signal: -90.0 / -80.0)
INFO     [2021-06-01 04:24:12,545]: *** sta1-wlan1: Scan detected ap1-ssid in range (signal: -90.0 / -80.0)
INFO     [2021-06-01 04:24:13,553]: *** sta1-wlan1: Scan detected ap1-ssid in range (signal: -90.0 / -80.0)
INFO     [2021-06-01 04:24:14,561]: *** sta1-wlan1: Scan detected ap1-ssid in range (signal: -90.0 / -80.0)
INFO     [2021-06-01 04:24:15,565]: *** sta1-wlan1: Scan detected ap1-ssid in range (signal: -90.0 / -80.0)
INFO     [2021-06-01 04:24:15,937]: *** sta1-wlan1: Scanning for ap1-ssid
INFO     [2021-06-01 04:24:16,570]: *** sta1-wlan1: Scan detected ap1-ssid in range (signal: -90.0 / -80.0)
INFO     [2021-06-01 04:24:17,574]: *** sta1-wlan1: Scan detected ap1-ssid in range (signal: -90.0 / -80.0)
INFO     [2021-06-01 04:24:18,579]: *** sta1-wlan1: Scan detected ap1-ssid in range (signal: -90.0 / -80.0)
INFO     [2021-06-01 04:24:19,591]: *** sta1-wlan1: Scan detected ap1-ssid in range (signal: -90.0 / -80.0)
INFO     [2021-06-01 04:24:20,596]: *** sta1-wlan1: Scan detected ap1-ssid in range (signal: -90.0 / -80.0)
INFO     [2021-06-01 04:24:21,605]: *** sta1-wlan1: Scan detected ap1-ssid in range (signal: -90.0 / -80.0)
INFO     [2021-06-01 04:24:21,681]: *** sta1-wlan1: Scanning for ap1-ssid
INFO     [2021-06-01 04:24:22,612]: *** sta1-wlan1: Scan detected ap1-ssid in range (signal: -90.0 / -80.0)
INFO     [2021-06-01 04:24:23,629]: *** sta1-wlan1: Scan detected ap1-ssid in range (signal: -90.0 / -80.0)
INFO     [2021-06-01 04:24:24,640]: *** sta1-wlan1: Scan detected ap1-ssid in range (signal: -90.0 / -80.0)
INFO     [2021-06-01 04:24:25,645]: *** sta1-wlan1: Scan detected ap1-ssid in range (signal: -90.0 / -80.0)
INFO     [2021-06-01 04:24:26,650]: *** sta1-wlan1: Scan detected ap1-ssid in range (signal: -90.0 / -80.0)
INFO     [2021-06-01 04:24:27,649]: *** sta1-wlan1: Scanning for ap1-ssid
INFO     [2021-06-01 04:24:27,655]: *** sta1-wlan1: Scan detected ap1-ssid in range (signal: -90.0 / -80.0)
INFO     [2021-06-01 04:24:28,673]: *** sta1-wlan1: Scan detected ap1-ssid in range (signal: -84.0 / -80.0)
INFO     [2021-06-01 04:24:29,681]: *** sta1-wlan1: Scan detected ap1-ssid in range (signal: -84.0 / -80.0)
INFO     [2021-06-01 04:24:30,685]: *** sta1-wlan1: Scan detected ap1-ssid in range (signal: -84.0 / -80.0)
INFO     [2021-06-01 04:24:31,690]: *** sta1-wlan1: Scan detected ap1-ssid in range (signal: -86.0 / -80.0)
INFO     [2021-06-01 04:24:32,695]: *** sta1-wlan1: Scan detected ap1-ssid in range (signal: -86.0 / -80.0)
INFO     [2021-06-01 04:24:33,430]: *** sta1-wlan1: Scanning for ap1-ssid
INFO     [2021-06-01 04:24:33,702]: *** sta1-wlan1: Scan detected ap1-ssid in range (signal: -87.0 / -80.0)
INFO     [2021-06-01 04:24:34,708]: *** sta1-wlan1: Scan detected ap1-ssid in range (signal: -87.0 / -80.0)
INFO     [2021-06-01 04:24:35,781]: *** sta1-wlan1: Scan detected ap1-ssid in range (signal: -87.0 / -80.0)
INFO     [2021-06-01 04:24:36,785]: *** sta1-wlan1: Scan detected ap1-ssid in range (signal: -87.0 / -80.0)
INFO     [2021-06-01 04:24:37,790]: *** sta1-wlan1: Scan detected ap1-ssid in range (signal: -87.0 / -80.0)
INFO     [2021-06-01 04:24:38,799]: *** sta1-wlan1: Scan detected ap1-ssid in range (signal: -87.0 / -80.0)
INFO     [2021-06-01 04:24:39,345]: *** sta1-wlan1: Scanning for ap1-ssid
INFO     [2021-06-01 04:24:39,803]: *** sta1-wlan1: Scan detected ap1-ssid in range (signal: -90.0 / -80.0)
INFO     [2021-06-01 04:24:40,815]: *** sta1-wlan1: Scan detected ap1-ssid in range (signal: -90.0 / -80.0)
INFO     [2021-06-01 04:24:41,820]: *** sta1-wlan1: Scan detected ap1-ssid in range (signal: -90.0 / -80.0)
INFO     [2021-06-01 04:24:42,826]: *** sta1-wlan1: Scan detected ap1-ssid in range (signal: -90.0 / -80.0)
INFO     [2021-06-01 04:24:43,831]: *** sta1-wlan1: Scan detected ap1-ssid in range (signal: -90.0 / -80.0)
INFO     [2021-06-01 04:24:44,835]: *** sta1-wlan1: Scan detected ap1-ssid in range (signal: -90.0 / -80.0)
INFO     [2021-06-01 04:24:45,142]: *** sta1-wlan1: Scanning for ap1-ssid
INFO     [2021-06-01 04:24:45,842]: *** sta1-wlan1: Scan detected ap1-ssid in range (signal: -83.0 / -80.0)
INFO     [2021-06-01 04:24:46,848]: *** sta1-wlan1: Scan detected ap1-ssid in range (signal: -83.0 / -80.0)
INFO     [2021-06-01 04:24:47,854]: *** sta1-wlan1: Scan detected ap1-ssid in range (signal: -83.0 / -80.0)
INFO     [2021-06-01 04:24:48,859]: *** sta1-wlan1: Scan detected ap1-ssid in range (signal: -83.0 / -80.0)
INFO     [2021-06-01 04:24:49,863]: *** sta1-wlan1: Scan detected ap1-ssid in range (signal: -87.0 / -80.0)
INFO     [2021-06-01 04:24:50,870]: *** sta1-wlan1: Scan detected ap1-ssid in range (signal: -87.0 / -80.0)
INFO     [2021-06-01 04:24:51,117]: *** sta1-wlan1: Scanning for ap1-ssid
INFO     [2021-06-01 04:24:51,875]: *** sta1-wlan1: Scan detected ap1-ssid in range (signal: -85.0 / -80.0)
INFO     [2021-06-01 04:24:52,879]: *** sta1-wlan1: Scan detected ap1-ssid in range (signal: -85.0 / -80.0)
INFO     [2021-06-01 04:24:53,884]: *** sta1-wlan1: Scan detected ap1-ssid in range (signal: -85.0 / -80.0)
INFO     [2021-06-01 04:24:54,891]: *** sta1-wlan1: Scan detected ap1-ssid in range (signal: -85.0 / -80.0)
INFO     [2021-06-01 04:24:55,896]: *** sta1-wlan1: Scan detected ap1-ssid in range (signal: -85.0 / -80.0)
INFO     [2021-06-01 04:24:56,877]: *** sta1-wlan1: Scanning for ap1-ssid
INFO     [2021-06-01 04:24:56,902]: *** sta1-wlan1: Scan detected ap1-ssid in range (signal: -80.0 / -80.0)
INFO     [2021-06-01 04:25:00,671]: *** sta1-wlan0: Connected interface to ap1-ssid
INFO     [2021-06-01 04:27:04,353]: *** sta1-wlan1: Scanner started. Searching for ap1-ssid with interval 2.0
