INFO     [2021-06-02 03:22:05,838]: *** sta1-wlan0: Started flexible_sdn.py
INFO     [2021-06-02 03:22:05,840]: *** sta3-wlan0: Started flexible_sdn.py
INFO     [2021-06-02 03:22:05,843]: *** sta3: Interface: sta3-wlan0, Scan-interface: sta3-wlan1
INFO     [2021-06-02 03:22:05,843]: *** sta1: Interface: sta1-wlan0, Scan-interface: sta1-wlan1
INFO     [2021-06-02 03:23:39,517]: *** sta1-wlan1: Scanner started. Searching for ap1-ssid with interval 1.0
INFO     [2021-06-02 03:23:39,531]: *** sta1-wlan0: Set type to ibss
INFO     [2021-06-02 03:23:39,531]: *** sta3-wlan1: Scanner started. Searching for ap1-ssid with interval 1.0
INFO     [2021-06-02 03:23:39,535]: *** sta1-wlan0: Set ip link up
INFO     [2021-06-02 03:23:39,540]: *** sta3-wlan0: Set type to ibss
INFO     [2021-06-02 03:23:39,542]: *** sta1-wlan0: Join ibss adhocNet
INFO     [2021-06-02 03:23:39,545]: *** sta3-wlan0: Set ip link up
INFO     [2021-06-02 03:23:39,546]: *** sta1-wlan0: Starting OLSR
INFO     [2021-06-02 03:23:39,554]: *** sta3-wlan0: Join ibss adhocNet
INFO     [2021-06-02 03:23:39,559]: *** sta3-wlan0: Starting OLSR
INFO     [2021-06-02 03:23:40,518]: *** sta1-wlan1: Scanning for ap1-ssid
INFO     [2021-06-02 03:23:40,533]: *** sta3-wlan1: Scanning for ap1-ssid
INFO     [2021-06-02 03:23:41,525]: *** sta1-wlan1: Scanning for ap1-ssid
INFO     [2021-06-02 03:23:41,539]: *** sta3-wlan1: Scanning for ap1-ssid
INFO     [2021-06-02 03:23:42,533]: *** sta1-wlan1: Scanning for ap1-ssid
INFO     [2021-06-02 03:23:42,547]: *** sta3-wlan1: Scanning for ap1-ssid
INFO     [2021-06-02 03:23:43,539]: *** sta1-wlan1: Scanning for ap1-ssid
INFO     [2021-06-02 03:23:43,552]: *** sta3-wlan1: Scanning for ap1-ssid
INFO     [2021-06-02 03:23:44,546]: *** sta1-wlan1: Scanning for ap1-ssid
INFO     [2021-06-02 03:23:44,558]: *** sta3-wlan1: Scanning for ap1-ssid
INFO     [2021-06-02 03:23:44,564]: *** sta1-wlan0: Started olsrd in the background (PID: )
INFO     [2021-06-02 03:23:44,573]: *** sta3-wlan0: Started olsrd in the background (PID: )
INFO     [2021-06-02 03:23:45,551]: *** sta1-wlan1: Scanning for ap1-ssid
INFO     [2021-06-02 03:23:45,573]: *** sta3-wlan1: Scanning for ap1-ssid
INFO     [2021-06-02 03:23:46,558]: *** sta1-wlan1: Scanning for ap1-ssid
INFO     [2021-06-02 03:23:46,579]: *** sta3-wlan1: Scanning for ap1-ssid
INFO     [2021-06-02 03:23:47,564]: *** sta1-wlan1: Scanning for ap1-ssid
INFO     [2021-06-02 03:23:47,586]: *** sta3-wlan1: Scanning for ap1-ssid
INFO     [2021-06-02 03:23:48,581]: *** sta1-wlan1: Scanning for ap1-ssid
INFO     [2021-06-02 03:23:48,594]: *** sta3-wlan1: Scanning for ap1-ssid
INFO     [2021-06-02 03:23:49,596]: *** sta1-wlan1: Scanning for ap1-ssid
INFO     [2021-06-02 03:23:49,599]: *** sta3-wlan1: Scanning for ap1-ssid
INFO     [2021-06-02 03:23:50,601]: *** sta1-wlan1: Scanning for ap1-ssid
INFO     [2021-06-02 03:23:50,604]: *** sta3-wlan1: Scanning for ap1-ssid
INFO     [2021-06-02 03:23:51,608]: *** sta1-wlan1: Scanning for ap1-ssid
INFO     [2021-06-02 03:23:51,609]: *** sta3-wlan1: Scanning for ap1-ssid
INFO     [2021-06-02 03:23:52,614]: *** sta3-wlan1: Scanning for ap1-ssid
INFO     [2021-06-02 03:23:52,615]: *** sta1-wlan1: Scanning for ap1-ssid
INFO     [2021-06-02 03:23:53,627]: *** sta3-wlan1: Scanning for ap1-ssid
INFO     [2021-06-02 03:23:53,628]: *** sta1-wlan1: Scanning for ap1-ssid
INFO     [2021-06-02 03:23:54,632]: *** sta3-wlan1: Scanning for ap1-ssid
INFO     [2021-06-02 03:23:54,633]: *** sta1-wlan1: Scanning for ap1-ssid
INFO     [2021-06-02 03:23:55,637]: *** sta3-wlan1: Scanning for ap1-ssid
INFO     [2021-06-02 03:23:55,638]: *** sta1-wlan1: Scanning for ap1-ssid
INFO     [2021-06-02 03:23:56,644]: *** sta3-wlan1: Scanning for ap1-ssid
INFO     [2021-06-02 03:23:56,645]: *** sta1-wlan1: Scanning for ap1-ssid
INFO     [2021-06-02 03:23:57,651]: *** sta1-wlan1: Scanning for ap1-ssid
INFO     [2021-06-02 03:23:57,651]: *** sta3-wlan1: Scanning for ap1-ssid
INFO     [2021-06-02 03:23:58,661]: *** sta3-wlan1: Scanning for ap1-ssid
INFO     [2021-06-02 03:23:58,662]: *** sta1-wlan1: Scanning for ap1-ssid
INFO     [2021-06-02 03:23:59,683]: *** sta3-wlan1: Scanning for ap1-ssid
INFO     [2021-06-02 03:23:59,683]: *** sta1-wlan1: Scanning for ap1-ssid
INFO     [2021-06-02 03:24:00,703]: *** sta1-wlan1: Scanning for ap1-ssid
INFO     [2021-06-02 03:24:00,704]: *** sta3-wlan1: Scanning for ap1-ssid
INFO     [2021-06-02 03:24:01,740]: *** sta3-wlan1: Scanning for ap1-ssid
INFO     [2021-06-02 03:24:01,740]: *** sta1-wlan1: Scanning for ap1-ssid
INFO     [2021-06-02 03:24:02,748]: *** sta3-wlan1: Scanning for ap1-ssid
INFO     [2021-06-02 03:24:02,749]: *** sta1-wlan1: Scanning for ap1-ssid
INFO     [2021-06-02 03:24:03,769]: *** sta3-wlan1: Scanning for ap1-ssid
INFO     [2021-06-02 03:24:03,769]: *** sta1-wlan1: Scanning for ap1-ssid
INFO     [2021-06-02 03:24:04,783]: *** sta3-wlan1: Scanning for ap1-ssid
INFO     [2021-06-02 03:24:04,783]: *** sta1-wlan1: Scanning for ap1-ssid
INFO     [2021-06-02 03:24:05,803]: *** sta3-wlan1: Scanning for ap1-ssid
INFO     [2021-06-02 03:24:05,810]: *** sta1-wlan1: Scanning for ap1-ssid
INFO     [2021-06-02 03:24:06,827]: *** sta3-wlan1: Scanning for ap1-ssid
INFO     [2021-06-02 03:24:06,830]: *** sta1-wlan1: Scanning for ap1-ssid
INFO     [2021-06-02 03:24:07,857]: *** sta3-wlan1: Scanning for ap1-ssid
INFO     [2021-06-02 03:24:07,857]: *** sta1-wlan1: Scanning for ap1-ssid
INFO     [2021-06-02 03:24:08,892]: *** sta1-wlan1: Scanning for ap1-ssid
INFO     [2021-06-02 03:24:08,895]: *** sta3-wlan1: Scanning for ap1-ssid
INFO     [2021-06-02 03:24:09,918]: *** sta1-wlan1: Scanning for ap1-ssid
INFO     [2021-06-02 03:24:09,918]: *** sta3-wlan1: Scanning for ap1-ssid
INFO     [2021-06-02 03:24:10,930]: *** sta3-wlan1: Scanning for ap1-ssid
INFO     [2021-06-02 03:24:10,932]: *** sta1-wlan1: Scanning for ap1-ssid
INFO     [2021-06-02 03:24:11,950]: *** sta3-wlan1: Scanning for ap1-ssid
INFO     [2021-06-02 03:24:11,951]: *** sta1-wlan1: Scanning for ap1-ssid
INFO     [2021-06-02 03:24:12,963]: *** sta3-wlan1: Scanning for ap1-ssid
INFO     [2021-06-02 03:24:12,972]: *** sta1-wlan1: Scanning for ap1-ssid
INFO     [2021-06-02 03:24:13,987]: *** sta3-wlan1: Scanning for ap1-ssid
INFO     [2021-06-02 03:24:13,991]: *** sta1-wlan1: Scanning for ap1-ssid
INFO     [2021-06-02 03:24:15,010]: *** sta3-wlan1: Scanning for ap1-ssid
INFO     [2021-06-02 03:24:15,012]: *** sta1-wlan1: Scanning for ap1-ssid
INFO     [2021-06-02 03:24:16,032]: *** sta1-wlan1: Scanning for ap1-ssid
INFO     [2021-06-02 03:24:16,032]: *** sta3-wlan1: Scanning for ap1-ssid
INFO     [2021-06-02 03:24:17,042]: *** sta3-wlan1: Scanning for ap1-ssid
INFO     [2021-06-02 03:24:17,043]: *** sta1-wlan1: Scanning for ap1-ssid
INFO     [2021-06-02 03:24:18,060]: *** sta3-wlan1: Scanning for ap1-ssid
INFO     [2021-06-02 03:24:18,060]: *** sta1-wlan1: Scanning for ap1-ssid
INFO     [2021-06-02 03:24:19,080]: *** sta3-wlan1: Scanning for ap1-ssid
INFO     [2021-06-02 03:24:19,082]: *** sta1-wlan1: Scanning for ap1-ssid
INFO     [2021-06-02 03:24:20,085]: *** sta3-wlan1: Scanning for ap1-ssid
INFO     [2021-06-02 03:24:20,088]: *** sta1-wlan1: Scanning for ap1-ssid
INFO     [2021-06-02 03:24:21,098]: *** sta3-wlan1: Scanning for ap1-ssid
INFO     [2021-06-02 03:24:21,099]: *** sta1-wlan1: Scanning for ap1-ssid
INFO     [2021-06-02 03:24:22,114]: *** sta1-wlan1: Scanning for ap1-ssid
INFO     [2021-06-02 03:24:22,114]: *** sta3-wlan1: Scanning for ap1-ssid
INFO     [2021-06-02 03:24:23,127]: *** sta1-wlan1: Scanning for ap1-ssid
INFO     [2021-06-02 03:24:23,127]: *** sta3-wlan1: Scanning for ap1-ssid
INFO     [2021-06-02 03:24:24,165]: *** sta3-wlan1: Scanning for ap1-ssid
INFO     [2021-06-02 03:24:24,165]: *** sta1-wlan1: Scanning for ap1-ssid
INFO     [2021-06-02 03:24:25,190]: *** sta3-wlan1: Scanning for ap1-ssid
INFO     [2021-06-02 03:24:25,190]: *** sta1-wlan1: Scanning for ap1-ssid
INFO     [2021-06-02 03:24:26,209]: *** sta1-wlan1: Scanning for ap1-ssid
INFO     [2021-06-02 03:24:26,210]: *** sta3-wlan1: Scanning for ap1-ssid
INFO     [2021-06-02 03:24:27,229]: *** sta1-wlan1: Scanning for ap1-ssid
INFO     [2021-06-02 03:24:27,231]: *** sta3-wlan1: Scanning for ap1-ssid
INFO     [2021-06-02 03:24:28,263]: *** sta1-wlan1: Scanning for ap1-ssid
INFO     [2021-06-02 03:24:28,263]: *** sta3-wlan1: Scanning for ap1-ssid
INFO     [2021-06-02 03:24:29,284]: *** sta1-wlan1: Scanning for ap1-ssid
INFO     [2021-06-02 03:24:29,288]: *** sta3-wlan1: Scanning for ap1-ssid
INFO     [2021-06-02 03:24:30,305]: *** sta1-wlan1: Scanning for ap1-ssid
INFO     [2021-06-02 03:24:30,308]: *** sta3-wlan1: Scanning for ap1-ssid
INFO     [2021-06-02 03:24:31,312]: *** sta1-wlan1: Scanning for ap1-ssid
INFO     [2021-06-02 03:24:31,314]: *** sta3-wlan1: Scanning for ap1-ssid
INFO     [2021-06-02 03:24:32,332]: *** sta1-wlan1: Scanning for ap1-ssid
INFO     [2021-06-02 03:24:32,334]: *** sta3-wlan1: Scanning for ap1-ssid
INFO     [2021-06-02 03:24:33,353]: *** sta1-wlan1: Scanning for ap1-ssid
INFO     [2021-06-02 03:24:33,355]: *** sta3-wlan1: Scanning for ap1-ssid
INFO     [2021-06-02 03:24:34,362]: *** sta3-wlan1: Scanning for ap1-ssid
INFO     [2021-06-02 03:24:34,364]: *** sta1-wlan1: Scanning for ap1-ssid
INFO     [2021-06-02 03:24:35,382]: *** sta3-wlan1: Scanning for ap1-ssid
INFO     [2021-06-02 03:24:35,384]: *** sta1-wlan1: Scanning for ap1-ssid
INFO     [2021-06-02 03:24:36,404]: *** sta1-wlan1: Scanning for ap1-ssid
INFO     [2021-06-02 03:24:36,407]: *** sta3-wlan1: Scanning for ap1-ssid
INFO     [2021-06-02 03:24:37,423]: *** sta1-wlan1: Scanning for ap1-ssid
INFO     [2021-06-02 03:24:37,427]: *** sta3-wlan1: Scanning for ap1-ssid
INFO     [2021-06-02 03:24:38,430]: *** sta1-wlan1: Scanning for ap1-ssid
INFO     [2021-06-02 03:24:38,432]: *** sta3-wlan1: Scanning for ap1-ssid
INFO     [2021-06-02 03:24:39,439]: *** sta1-wlan1: Scanning for ap1-ssid
INFO     [2021-06-02 03:24:39,440]: *** sta3-wlan1: Scanning for ap1-ssid
INFO     [2021-06-02 03:24:40,453]: *** sta1-wlan1: Scanning for ap1-ssid
INFO     [2021-06-02 03:24:40,452]: *** sta3-wlan1: Scanning for ap1-ssid
INFO     [2021-06-02 03:24:41,466]: *** sta1-wlan1: Scanning for ap1-ssid
INFO     [2021-06-02 03:24:41,467]: *** sta3-wlan1: Scanning for ap1-ssid
INFO     [2021-06-02 03:24:42,474]: *** sta3-wlan1: Scanning for ap1-ssid
INFO     [2021-06-02 03:24:42,474]: *** sta1-wlan1: Scanning for ap1-ssid
INFO     [2021-06-02 03:24:43,495]: *** sta3-wlan1: Scanning for ap1-ssid
INFO     [2021-06-02 03:24:43,497]: *** sta1-wlan1: Scanning for ap1-ssid
INFO     [2021-06-02 03:24:44,515]: *** sta3-wlan1: Scanning for ap1-ssid
INFO     [2021-06-02 03:24:44,519]: *** sta1-wlan1: Scanning for ap1-ssid
INFO     [2021-06-02 03:24:45,535]: *** sta3-wlan1: Scanning for ap1-ssid
INFO     [2021-06-02 03:24:45,539]: *** sta1-wlan1: Scanning for ap1-ssid
INFO     [2021-06-02 03:24:46,555]: *** sta3-wlan1: Scanning for ap1-ssid
INFO     [2021-06-02 03:24:46,559]: *** sta1-wlan1: Scanning for ap1-ssid
INFO     [2021-06-02 03:24:47,595]: *** sta3-wlan1: Scanning for ap1-ssid
INFO     [2021-06-02 03:24:47,595]: *** sta1-wlan1: Scanning for ap1-ssid
INFO     [2021-06-02 03:24:48,619]: *** sta3-wlan1: Scanning for ap1-ssid
INFO     [2021-06-02 03:24:48,623]: *** sta1-wlan1: Scanning for ap1-ssid
INFO     [2021-06-02 03:24:49,629]: *** sta3-wlan1: Scanning for ap1-ssid
INFO     [2021-06-02 03:24:49,629]: *** sta1-wlan1: Scanning for ap1-ssid
INFO     [2021-06-02 03:24:50,644]: *** sta3-wlan1: Scanning for ap1-ssid
INFO     [2021-06-02 03:24:50,645]: *** sta1-wlan1: Scanning for ap1-ssid
INFO     [2021-06-02 03:24:51,656]: *** sta3-wlan1: Scanning for ap1-ssid
INFO     [2021-06-02 03:24:51,656]: *** sta1-wlan1: Scanning for ap1-ssid
INFO     [2021-06-02 03:24:52,676]: *** sta1-wlan1: Scanning for ap1-ssid
INFO     [2021-06-02 03:24:52,676]: *** sta3-wlan1: Scanning for ap1-ssid
INFO     [2021-06-02 03:24:53,682]: *** sta3-wlan1: Scanning for ap1-ssid
INFO     [2021-06-02 03:24:53,683]: *** sta1-wlan1: Scanning for ap1-ssid
INFO     [2021-06-02 03:24:54,705]: *** sta3-wlan1: Scanning for ap1-ssid
INFO     [2021-06-02 03:24:54,706]: *** sta1-wlan1: Scanning for ap1-ssid
INFO     [2021-06-02 03:24:55,718]: *** sta3-wlan1: Scanning for ap1-ssid
INFO     [2021-06-02 03:24:55,720]: *** sta1-wlan1: Scanning for ap1-ssid
INFO     [2021-06-02 03:24:56,727]: *** sta3-wlan1: Scanning for ap1-ssid
INFO     [2021-06-02 03:24:56,730]: *** sta1-wlan1: Scanning for ap1-ssid
INFO     [2021-06-02 03:24:57,736]: *** sta3-wlan1: Scanning for ap1-ssid
INFO     [2021-06-02 03:24:57,740]: *** sta1-wlan1: Scanning for ap1-ssid
INFO     [2021-06-02 03:24:58,745]: *** sta3-wlan1: Scanning for ap1-ssid
INFO     [2021-06-02 03:24:58,747]: *** sta1-wlan1: Scanning for ap1-ssid
INFO     [2021-06-02 03:24:59,754]: *** sta3-wlan1: Scanning for ap1-ssid
INFO     [2021-06-02 03:24:59,756]: *** sta1-wlan1: Scanning for ap1-ssid
INFO     [2021-06-02 03:25:00,773]: *** sta3-wlan1: Scanning for ap1-ssid
INFO     [2021-06-02 03:25:00,777]: *** sta1-wlan1: Scanning for ap1-ssid
INFO     [2021-06-02 03:25:01,793]: *** sta3-wlan1: Scanning for ap1-ssid
INFO     [2021-06-02 03:25:01,797]: *** sta1-wlan1: Scanning for ap1-ssid
INFO     [2021-06-02 03:25:02,814]: *** sta3-wlan1: Scanning for ap1-ssid
INFO     [2021-06-02 03:25:02,817]: *** sta1-wlan1: Scanning for ap1-ssid
INFO     [2021-06-02 03:25:03,827]: *** sta3-wlan1: Scanning for ap1-ssid
INFO     [2021-06-02 03:25:04,836]: *** sta3-wlan1: Scanning for ap1-ssid
