INFO     [2021-06-01 05:22:26,913]: *** sta3-wlan0: Started flexible_sdn.py
INFO     [2021-06-01 05:22:26,915]: *** sta3: Interface: sta3-wlan0, Scan-interface: sta3-wlan1
INFO     [2021-06-01 05:24:59,865]: *** sta3-wlan1: Scanner started. Searching for ap1-ssid with interval 1.0
INFO     [2021-06-01 05:25:00,870]: *** sta3-wlan1: Scanning for ap1-ssid
INFO     [2021-06-01 05:25:01,883]: *** sta3-wlan1: Scan detected ap1-ssid in range (signal: -86.0 / -83.0)
INFO     [2021-06-01 05:25:02,890]: *** sta3-wlan1: Scan detected ap1-ssid in range (signal: -86.0 / -83.0)
INFO     [2021-06-01 05:25:03,895]: *** sta3-wlan1: Scan detected ap1-ssid in range (signal: -86.0 / -83.0)
INFO     [2021-06-01 05:25:04,899]: *** sta3-wlan1: Scan detected ap1-ssid in range (signal: -86.0 / -83.0)
INFO     [2021-06-01 05:25:05,652]: *** sta3-wlan1: Scanning for ap1-ssid
INFO     [2021-06-01 05:25:05,910]: *** sta3-wlan1: Scan detected ap1-ssid in range (signal: -90.0 / -83.0)
INFO     [2021-06-01 05:25:06,915]: *** sta3-wlan1: Scan detected ap1-ssid in range (signal: -90.0 / -83.0)
INFO     [2021-06-01 05:25:07,930]: *** sta3-wlan1: Scan detected ap1-ssid in range (signal: -90.0 / -83.0)
INFO     [2021-06-01 05:25:08,936]: *** sta3-wlan1: Scan detected ap1-ssid in range (signal: -90.0 / -83.0)
INFO     [2021-06-01 05:25:09,951]: *** sta3-wlan1: Scan detected ap1-ssid in range (signal: -90.0 / -83.0)
INFO     [2021-06-01 05:25:10,528]: *** sta3-wlan1: Scanning for ap1-ssid
INFO     [2021-06-01 05:25:10,955]: *** sta3-wlan1: Scan detected ap1-ssid in range (signal: -90.0 / -83.0)
INFO     [2021-06-01 05:25:11,962]: *** sta3-wlan1: Scan detected ap1-ssid in range (signal: -90.0 / -83.0)
INFO     [2021-06-01 05:25:12,966]: *** sta3-wlan1: Scan detected ap1-ssid in range (signal: -90.0 / -83.0)
INFO     [2021-06-01 05:25:13,978]: *** sta3-wlan1: Scan detected ap1-ssid in range (signal: -90.0 / -83.0)
INFO     [2021-06-01 05:25:14,987]: *** sta3-wlan1: Scan detected ap1-ssid in range (signal: -90.0 / -83.0)
INFO     [2021-06-01 05:25:15,303]: *** sta3-wlan1: Scanning for ap1-ssid
INFO     [2021-06-01 05:25:15,992]: *** sta3-wlan1: Scan detected ap1-ssid in range (signal: -90.0 / -83.0)
INFO     [2021-06-01 05:25:16,998]: *** sta3-wlan1: Scan detected ap1-ssid in range (signal: -90.0 / -83.0)
INFO     [2021-06-01 05:25:18,003]: *** sta3-wlan1: Scan detected ap1-ssid in range (signal: -90.0 / -83.0)
INFO     [2021-06-01 05:25:19,012]: *** sta3-wlan1: Scan detected ap1-ssid in range (signal: -90.0 / -83.0)
INFO     [2021-06-01 05:25:20,031]: *** sta3-wlan1: Scan detected ap1-ssid in range (signal: -90.0 / -83.0)
INFO     [2021-06-01 05:25:20,060]: *** sta3-wlan1: Scanning for ap1-ssid
INFO     [2021-06-01 05:25:21,037]: *** sta3-wlan1: Scan detected ap1-ssid in range (signal: -88.0 / -83.0)
INFO     [2021-06-01 05:25:22,065]: *** sta3-wlan1: Scan detected ap1-ssid in range (signal: -88.0 / -83.0)
INFO     [2021-06-01 05:25:23,074]: *** sta3-wlan1: Scan detected ap1-ssid in range (signal: -88.0 / -83.0)
INFO     [2021-06-01 05:25:24,081]: *** sta3-wlan1: Scan detected ap1-ssid in range (signal: -88.0 / -83.0)
INFO     [2021-06-01 05:25:25,095]: *** sta3-wlan1: Scan detected ap1-ssid in range (signal: -88.0 / -83.0)
INFO     [2021-06-01 05:25:25,158]: *** sta3-wlan1: Scanning for ap1-ssid
INFO     [2021-06-01 05:25:26,105]: *** sta3-wlan1: Scan detected ap1-ssid in range (signal: -88.0 / -83.0)
INFO     [2021-06-01 05:25:27,111]: *** sta3-wlan1: Scan detected ap1-ssid in range (signal: -88.0 / -83.0)
INFO     [2021-06-01 05:25:28,117]: *** sta3-wlan1: Scan detected ap1-ssid in range (signal: -88.0 / -83.0)
INFO     [2021-06-01 05:25:29,122]: *** sta3-wlan1: Scan detected ap1-ssid in range (signal: -88.0 / -83.0)
INFO     [2021-06-01 05:25:30,132]: *** sta3-wlan1: Scan detected ap1-ssid in range (signal: -88.0 / -83.0)
INFO     [2021-06-01 05:25:30,240]: *** sta3-wlan1: Scanning for ap1-ssid
INFO     [2021-06-01 05:25:31,136]: *** sta3-wlan1: Scan detected ap1-ssid in range (signal: -88.0 / -83.0)
INFO     [2021-06-01 05:25:32,141]: *** sta3-wlan1: Scan detected ap1-ssid in range (signal: -88.0 / -83.0)
INFO     [2021-06-01 05:25:33,147]: *** sta3-wlan1: Scan detected ap1-ssid in range (signal: -88.0 / -83.0)
INFO     [2021-06-01 05:25:34,153]: *** sta3-wlan1: Scan detected ap1-ssid in range (signal: -88.0 / -83.0)
INFO     [2021-06-01 05:25:35,168]: *** sta3-wlan1: Scan detected ap1-ssid in range (signal: -88.0 / -83.0)
INFO     [2021-06-01 05:25:35,206]: *** sta3-wlan1: Scanning for ap1-ssid
INFO     [2021-06-01 05:25:36,174]: *** sta3-wlan1: Scan detected ap1-ssid in range (signal: -88.0 / -83.0)
INFO     [2021-06-01 05:25:37,184]: *** sta3-wlan1: Scan detected ap1-ssid in range (signal: -88.0 / -83.0)
INFO     [2021-06-01 05:25:38,190]: *** sta3-wlan1: Scan detected ap1-ssid in range (signal: -88.0 / -83.0)
INFO     [2021-06-01 05:25:39,194]: *** sta3-wlan1: Scan detected ap1-ssid in range (signal: -88.0 / -83.0)
INFO     [2021-06-01 05:25:39,996]: *** sta3-wlan1: Scanning for ap1-ssid
INFO     [2021-06-01 05:25:40,198]: *** sta3-wlan1: Scan detected ap1-ssid in range (signal: -88.0 / -83.0)
INFO     [2021-06-01 05:25:41,203]: *** sta3-wlan1: Scan detected ap1-ssid in range (signal: -88.0 / -83.0)
INFO     [2021-06-01 05:25:42,209]: *** sta3-wlan1: Scan detected ap1-ssid in range (signal: -88.0 / -83.0)
INFO     [2021-06-01 05:25:43,214]: *** sta3-wlan1: Scan detected ap1-ssid in range (signal: -88.0 / -83.0)
INFO     [2021-06-01 05:25:44,219]: *** sta3-wlan1: Scan detected ap1-ssid in range (signal: -88.0 / -83.0)
INFO     [2021-06-01 05:25:44,736]: *** sta3-wlan1: Scanning for ap1-ssid
INFO     [2021-06-01 05:25:45,225]: *** sta3-wlan1: Scan detected ap1-ssid in range (signal: -88.0 / -83.0)
INFO     [2021-06-01 05:25:46,231]: *** sta3-wlan1: Scan detected ap1-ssid in range (signal: -88.0 / -83.0)
INFO     [2021-06-01 05:25:47,238]: *** sta3-wlan1: Scan detected ap1-ssid in range (signal: -88.0 / -83.0)
INFO     [2021-06-01 05:25:48,244]: *** sta3-wlan1: Scan detected ap1-ssid in range (signal: -88.0 / -83.0)
INFO     [2021-06-01 05:25:49,254]: *** sta3-wlan1: Scan detected ap1-ssid in range (signal: -88.0 / -83.0)
INFO     [2021-06-01 05:25:49,580]: *** sta3-wlan1: Scanning for ap1-ssid
INFO     [2021-06-01 05:25:54,394]: *** sta3-wlan1: Scanning for ap1-ssid
INFO     [2021-06-01 05:25:59,128]: *** sta3-wlan1: Scanning for ap1-ssid
INFO     [2021-06-01 05:26:03,992]: *** sta3-wlan1: Scanning for ap1-ssid
INFO     [2021-06-01 05:26:04,330]: *** sta3-wlan1: Scan detected ap1-ssid in range (signal: -89.0 / -83.0)
INFO     [2021-06-01 05:26:05,338]: *** sta3-wlan1: Scan detected ap1-ssid in range (signal: -89.0 / -83.0)
INFO     [2021-06-01 05:26:06,342]: *** sta3-wlan1: Scan detected ap1-ssid in range (signal: -89.0 / -83.0)
INFO     [2021-06-01 05:26:07,349]: *** sta3-wlan1: Scan detected ap1-ssid in range (signal: -89.0 / -83.0)
INFO     [2021-06-01 05:26:08,360]: *** sta3-wlan1: Scan detected ap1-ssid in range (signal: -89.0 / -83.0)
INFO     [2021-06-01 05:26:09,107]: *** sta3-wlan1: Scanning for ap1-ssid
INFO     [2021-06-01 05:26:09,374]: *** sta3-wlan1: Scan detected ap1-ssid in range (signal: -89.0 / -83.0)
INFO     [2021-06-01 05:26:10,378]: *** sta3-wlan1: Scan detected ap1-ssid in range (signal: -89.0 / -83.0)
INFO     [2021-06-01 05:26:11,381]: *** sta3-wlan1: Scan detected ap1-ssid in range (signal: -89.0 / -83.0)
INFO     [2021-06-01 05:26:12,385]: *** sta3-wlan1: Scan detected ap1-ssid in range (signal: -89.0 / -83.0)
INFO     [2021-06-01 05:26:13,392]: *** sta3-wlan1: Scan detected ap1-ssid in range (signal: -89.0 / -83.0)
INFO     [2021-06-01 05:26:13,926]: *** sta3-wlan1: Scanning for ap1-ssid
INFO     [2021-06-01 05:26:14,412]: *** sta3-wlan1: Scan detected ap1-ssid in range (signal: -89.0 / -83.0)
INFO     [2021-06-01 05:26:15,417]: *** sta3-wlan1: Scan detected ap1-ssid in range (signal: -89.0 / -83.0)
INFO     [2021-06-01 05:26:16,424]: *** sta3-wlan1: Scan detected ap1-ssid in range (signal: -89.0 / -83.0)
INFO     [2021-06-01 05:26:17,432]: *** sta3-wlan1: Scan detected ap1-ssid in range (signal: -89.0 / -83.0)
INFO     [2021-06-01 05:26:18,440]: *** sta3-wlan1: Scan detected ap1-ssid in range (signal: -89.0 / -83.0)
INFO     [2021-06-01 05:26:18,741]: *** sta3-wlan1: Scanning for ap1-ssid
INFO     [2021-06-01 05:26:19,446]: *** sta3-wlan1: Scan detected ap1-ssid in range (signal: -89.0 / -83.0)
INFO     [2021-06-01 05:26:20,453]: *** sta3-wlan1: Scan detected ap1-ssid in range (signal: -89.0 / -83.0)
INFO     [2021-06-01 05:26:21,458]: *** sta3-wlan1: Scan detected ap1-ssid in range (signal: -89.0 / -83.0)
INFO     [2021-06-01 05:26:22,466]: *** sta3-wlan1: Scan detected ap1-ssid in range (signal: -89.0 / -83.0)
INFO     [2021-06-01 05:26:23,476]: *** sta3-wlan1: Scan detected ap1-ssid in range (signal: -89.0 / -83.0)
INFO     [2021-06-01 05:26:23,484]: *** sta3-wlan1: Scanning for ap1-ssid
INFO     [2021-06-01 05:26:24,481]: *** sta3-wlan1: Scan detected ap1-ssid in range (signal: -89.0 / -83.0)
INFO     [2021-06-01 05:26:25,512]: *** sta3-wlan1: Scan detected ap1-ssid in range (signal: -89.0 / -83.0)
INFO     [2021-06-01 05:26:26,518]: *** sta3-wlan1: Scan detected ap1-ssid in range (signal: -89.0 / -83.0)
INFO     [2021-06-01 05:26:27,521]: *** sta3-wlan1: Scan detected ap1-ssid in range (signal: -89.0 / -83.0)
INFO     [2021-06-01 05:26:28,284]: *** sta3-wlan1: Scanning for ap1-ssid
INFO     [2021-06-01 05:26:28,553]: *** sta3-wlan1: Scan detected ap1-ssid in range (signal: -89.0 / -83.0)
INFO     [2021-06-01 05:26:29,567]: *** sta3-wlan1: Scan detected ap1-ssid in range (signal: -89.0 / -83.0)
INFO     [2021-06-01 05:26:30,574]: *** sta3-wlan1: Scan detected ap1-ssid in range (signal: -89.0 / -83.0)
INFO     [2021-06-01 05:26:31,579]: *** sta3-wlan1: Scan detected ap1-ssid in range (signal: -89.0 / -83.0)
INFO     [2021-06-01 05:26:32,585]: *** sta3-wlan1: Scan detected ap1-ssid in range (signal: -89.0 / -83.0)
INFO     [2021-06-01 05:26:33,089]: *** sta3-wlan1: Scanning for ap1-ssid
INFO     [2021-06-01 05:26:33,589]: *** sta3-wlan1: Scan detected ap1-ssid in range (signal: -89.0 / -83.0)
INFO     [2021-06-01 05:26:34,599]: *** sta3-wlan1: Scan detected ap1-ssid in range (signal: -89.0 / -83.0)
INFO     [2021-06-01 05:26:35,608]: *** sta3-wlan1: Scan detected ap1-ssid in range (signal: -89.0 / -83.0)
INFO     [2021-06-01 05:26:36,617]: *** sta3-wlan1: Scan detected ap1-ssid in range (signal: -89.0 / -83.0)
INFO     [2021-06-01 05:26:37,623]: *** sta3-wlan1: Scan detected ap1-ssid in range (signal: -89.0 / -83.0)
INFO     [2021-06-01 05:26:37,948]: *** sta3-wlan1: Scanning for ap1-ssid
INFO     [2021-06-01 05:26:38,630]: *** sta3-wlan1: Scan detected ap1-ssid in range (signal: -89.0 / -83.0)
INFO     [2021-06-01 05:26:42,805]: *** sta3-wlan1: Scanning for ap1-ssid
INFO     [2021-06-01 05:26:47,591]: *** sta3-wlan1: Scanning for ap1-ssid
INFO     [2021-06-01 05:26:52,547]: *** sta3-wlan1: Scanning for ap1-ssid
INFO     [2021-06-01 05:26:57,402]: *** sta3-wlan1: Scanning for ap1-ssid
INFO     [2021-06-01 05:27:02,199]: *** sta3-wlan1: Scanning for ap1-ssid
INFO     [2021-06-01 05:27:06,958]: *** sta3-wlan1: Scanning for ap1-ssid
INFO     [2021-06-01 05:27:11,752]: *** sta3-wlan1: Scanning for ap1-ssid
INFO     [2021-06-01 05:27:16,952]: *** sta3-wlan1: Scanning for ap1-ssid
INFO     [2021-06-01 05:27:21,777]: *** sta3-wlan1: Scanning for ap1-ssid
INFO     [2021-06-01 05:27:26,568]: *** sta3-wlan1: Scanning for ap1-ssid
INFO     [2021-06-01 05:27:31,427]: *** sta3-wlan1: Scanning for ap1-ssid
INFO     [2021-06-01 05:27:36,246]: *** sta3-wlan1: Scanning for ap1-ssid
INFO     [2021-06-01 05:27:41,006]: *** sta3-wlan1: Scanning for ap1-ssid
INFO     [2021-06-01 05:27:45,804]: *** sta3-wlan1: Scanning for ap1-ssid
INFO     [2021-06-01 05:27:50,616]: *** sta3-wlan1: Scanning for ap1-ssid
INFO     [2021-06-01 05:27:55,414]: *** sta3-wlan1: Scanning for ap1-ssid
INFO     [2021-06-01 05:28:00,375]: *** sta3-wlan1: Scanning for ap1-ssid
INFO     [2021-06-01 05:28:05,109]: *** sta3-wlan1: Scanning for ap1-ssid
INFO     [2021-06-01 05:28:09,845]: *** sta3-wlan1: Scanning for ap1-ssid
INFO     [2021-06-01 05:28:14,641]: *** sta3-wlan1: Scanning for ap1-ssid
INFO     [2021-06-01 05:28:19,406]: *** sta3-wlan1: Scanning for ap1-ssid
INFO     [2021-06-01 05:28:24,336]: *** sta3-wlan1: Scanning for ap1-ssid
INFO     [2021-06-01 05:28:29,137]: *** sta3-wlan1: Scanning for ap1-ssid
INFO     [2021-06-01 05:28:34,165]: *** sta3-wlan1: Scanning for ap1-ssid
INFO     [2021-06-01 05:28:39,047]: *** sta3-wlan1: Scanning for ap1-ssid
INFO     [2021-06-01 05:28:43,873]: *** sta3-wlan1: Scanning for ap1-ssid
INFO     [2021-06-01 05:28:48,708]: *** sta3-wlan1: Scanning for ap1-ssid
INFO     [2021-06-01 05:28:53,554]: *** sta3-wlan1: Scanning for ap1-ssid
INFO     [2021-06-01 05:28:58,443]: *** sta3-wlan1: Scanning for ap1-ssid
INFO     [2021-06-01 05:29:03,242]: *** sta3-wlan1: Scanning for ap1-ssid
INFO     [2021-06-01 05:29:08,033]: *** sta3-wlan1: Scanning for ap1-ssid
INFO     [2021-06-01 05:29:12,826]: *** sta3-wlan1: Scanning for ap1-ssid
INFO     [2021-06-01 05:29:17,627]: *** sta3-wlan1: Scanning for ap1-ssid
INFO     [2021-06-01 05:29:22,483]: *** sta3-wlan1: Scanning for ap1-ssid
INFO     [2021-06-01 05:29:27,604]: *** sta3-wlan1: Scanning for ap1-ssid
INFO     [2021-06-01 05:29:32,766]: *** sta3-wlan1: Scanning for ap1-ssid
INFO     [2021-06-01 05:29:37,589]: *** sta3-wlan1: Scanning for ap1-ssid
INFO     [2021-06-01 05:29:42,572]: *** sta3-wlan1: Scanning for ap1-ssid
INFO     [2021-06-01 05:29:47,708]: *** sta3-wlan1: Scanning for ap1-ssid
INFO     [2021-06-01 05:29:52,764]: *** sta3-wlan1: Scanning for ap1-ssid
INFO     [2021-06-01 05:29:57,511]: *** sta3-wlan1: Scanning for ap1-ssid
INFO     [2021-06-01 05:30:02,704]: *** sta3-wlan1: Scanning for ap1-ssid
INFO     [2021-06-01 05:30:07,634]: *** sta3-wlan1: Scanning for ap1-ssid
INFO     [2021-06-01 05:30:12,524]: *** sta3-wlan1: Scanning for ap1-ssid
INFO     [2021-06-01 05:30:17,312]: *** sta3-wlan1: Scanning for ap1-ssid
INFO     [2021-06-01 05:30:18,337]: *** sta3-wlan1: Scan detected ap1-ssid in range (signal: -86.0 / -83.0)
INFO     [2021-06-01 05:30:19,343]: *** sta3-wlan1: Scan detected ap1-ssid in range (signal: -86.0 / -83.0)
INFO     [2021-06-01 05:30:20,348]: *** sta3-wlan1: Scan detected ap1-ssid in range (signal: -86.0 / -83.0)
INFO     [2021-06-01 05:30:21,354]: *** sta3-wlan1: Scan detected ap1-ssid in range (signal: -86.0 / -83.0)
INFO     [2021-06-01 05:30:22,075]: *** sta3-wlan1: Scanning for ap1-ssid
INFO     [2021-06-01 05:30:22,363]: *** sta3-wlan1: Scan detected ap1-ssid in range (signal: -90.0 / -83.0)
INFO     [2021-06-01 05:30:23,368]: *** sta3-wlan1: Scan detected ap1-ssid in range (signal: -90.0 / -83.0)
INFO     [2021-06-01 05:30:24,373]: *** sta3-wlan1: Scan detected ap1-ssid in range (signal: -90.0 / -83.0)
INFO     [2021-06-01 05:30:25,380]: *** sta3-wlan1: Scan detected ap1-ssid in range (signal: -90.0 / -83.0)
INFO     [2021-06-01 05:30:26,386]: *** sta3-wlan1: Scan detected ap1-ssid in range (signal: -90.0 / -83.0)
INFO     [2021-06-01 05:30:27,118]: *** sta3-wlan1: Scanning for ap1-ssid
INFO     [2021-06-01 05:30:27,392]: *** sta3-wlan1: Scan detected ap1-ssid in range (signal: -90.0 / -83.0)
INFO     [2021-06-01 05:30:28,397]: *** sta3-wlan1: Scan detected ap1-ssid in range (signal: -90.0 / -83.0)
INFO     [2021-06-01 05:30:29,405]: *** sta3-wlan1: Scan detected ap1-ssid in range (signal: -90.0 / -83.0)
INFO     [2021-06-01 05:30:29,875]: *** sta3-wlan1: Scanning for ap1-ssid
INFO     [2021-06-01 05:30:30,879]: *** sta3-wlan1: Scanning for ap1-ssid
INFO     [2021-06-01 05:30:31,885]: *** sta3-wlan1: Scanning for ap1-ssid
INFO     [2021-06-01 05:30:32,428]: *** sta3-wlan1: Scan detected ap1-ssid in range (signal: -85.0 / -83.0)
INFO     [2021-06-01 05:30:33,445]: *** sta3-wlan1: Scan detected ap1-ssid in range (signal: -85.0 / -83.0)
INFO     [2021-06-01 05:30:34,464]: *** sta3-wlan1: Scan detected ap1-ssid in range (signal: -85.0 / -83.0)
INFO     [2021-06-01 05:30:35,485]: *** sta3-wlan1: Scan detected ap1-ssid in range (signal: -85.0 / -83.0)
INFO     [2021-06-01 05:30:36,492]: *** sta3-wlan1: Scan detected ap1-ssid in range (signal: -85.0 / -83.0)
INFO     [2021-06-01 05:30:36,986]: *** sta3-wlan1: Scanning for ap1-ssid
INFO     [2021-06-01 05:30:37,506]: *** sta3-wlan1: Scan detected ap1-ssid in range (signal: -89.0 / -83.0)
INFO     [2021-06-01 05:30:41,858]: *** sta3-wlan1: Scanning for ap1-ssid
INFO     [2021-06-01 05:30:45,546]: *** sta3-wlan1: Scan detected ap1-ssid in range (signal: -89.0 / -83.0)
INFO     [2021-06-01 05:30:46,560]: *** sta3-wlan1: Scan detected ap1-ssid in range (signal: -89.0 / -83.0)
INFO     [2021-06-01 05:30:46,676]: *** sta3-wlan1: Scanning for ap1-ssid
INFO     [2021-06-01 05:30:47,565]: *** sta3-wlan1: Scan detected ap1-ssid in range (signal: -88.0 / -83.0)
INFO     [2021-06-01 05:30:48,570]: *** sta3-wlan1: Scan detected ap1-ssid in range (signal: -88.0 / -83.0)
INFO     [2021-06-01 05:30:51,497]: *** sta3-wlan1: Scanning for ap1-ssid
INFO     [2021-06-01 05:30:56,344]: *** sta3-wlan1: Scanning for ap1-ssid
INFO     [2021-06-01 05:30:58,629]: *** sta3-wlan1: Scan detected ap1-ssid in range (signal: -88.0 / -83.0)
INFO     [2021-06-01 05:30:59,634]: *** sta3-wlan1: Scan detected ap1-ssid in range (signal: -88.0 / -83.0)
INFO     [2021-06-01 05:31:00,637]: *** sta3-wlan1: Scan detected ap1-ssid in range (signal: -88.0 / -83.0)
INFO     [2021-06-01 05:31:01,120]: *** sta3-wlan1: Scanning for ap1-ssid
INFO     [2021-06-01 05:31:01,641]: *** sta3-wlan1: Scan detected ap1-ssid in range (signal: -86.0 / -83.0)
INFO     [2021-06-01 05:31:02,647]: *** sta3-wlan1: Scan detected ap1-ssid in range (signal: -86.0 / -83.0)
INFO     [2021-06-01 05:31:03,651]: *** sta3-wlan1: Scan detected ap1-ssid in range (signal: -86.0 / -83.0)
INFO     [2021-06-01 05:31:04,664]: *** sta3-wlan1: Scan detected ap1-ssid in range (signal: -86.0 / -83.0)
INFO     [2021-06-01 05:31:05,715]: *** sta3-wlan1: Scan detected ap1-ssid in range (signal: -86.0 / -83.0)
INFO     [2021-06-01 05:31:05,921]: *** sta3-wlan1: Scanning for ap1-ssid
INFO     [2021-06-01 05:31:06,730]: *** sta3-wlan1: Scan detected ap1-ssid in range (signal: -86.0 / -83.0)
INFO     [2021-06-01 05:31:10,759]: *** sta3-wlan1: Scanning for ap1-ssid
INFO     [2021-06-01 05:31:15,551]: *** sta3-wlan1: Scanning for ap1-ssid
INFO     [2021-06-01 05:31:20,394]: *** sta3-wlan1: Scanning for ap1-ssid
INFO     [2021-06-01 05:31:25,256]: *** sta3-wlan1: Scanning for ap1-ssid
INFO     [2021-06-01 05:31:30,147]: *** sta3-wlan1: Scanning for ap1-ssid
INFO     [2021-06-01 05:31:35,002]: *** sta3-wlan1: Scanning for ap1-ssid
INFO     [2021-06-01 05:31:39,893]: *** sta3-wlan1: Scanning for ap1-ssid
INFO     [2021-06-01 05:31:44,802]: *** sta3-wlan1: Scanning for ap1-ssid
INFO     [2021-06-01 05:31:49,732]: *** sta3-wlan1: Scanning for ap1-ssid
INFO     [2021-06-01 05:31:54,596]: *** sta3-wlan1: Scanning for ap1-ssid
INFO     [2021-06-01 05:31:59,364]: *** sta3-wlan1: Scanning for ap1-ssid
INFO     [2021-06-01 05:32:04,180]: *** sta3-wlan1: Scanning for ap1-ssid
INFO     [2021-06-01 05:32:08,928]: *** sta3-wlan1: Scanning for ap1-ssid
INFO     [2021-06-01 05:32:13,797]: *** sta3-wlan1: Scanning for ap1-ssid
INFO     [2021-06-01 05:32:18,767]: *** sta3-wlan1: Scanning for ap1-ssid
INFO     [2021-06-01 05:32:23,659]: *** sta3-wlan1: Scanning for ap1-ssid
INFO     [2021-06-01 05:32:28,418]: *** sta3-wlan1: Scanning for ap1-ssid
INFO     [2021-06-01 05:32:33,232]: *** sta3-wlan1: Scanning for ap1-ssid
INFO     [2021-06-01 05:32:38,113]: *** sta3-wlan1: Scanning for ap1-ssid
INFO     [2021-06-01 05:32:42,968]: *** sta3-wlan1: Scanning for ap1-ssid
INFO     [2021-06-01 05:32:48,027]: *** sta3-wlan1: Scanning for ap1-ssid
