INFO     [2021-05-27 10:49:08,928]: *** sta1-wlan0: Started flexible_sdn.py
INFO     [2021-05-27 10:49:08,939]: *** sta1: Interface: sta1-wlan0, Scan-interface: sta1-wlan1
INFO     [2021-05-27 10:49:08,941]: *** sta3-wlan0: Started flexible_sdn.py
INFO     [2021-05-27 10:49:08,943]: *** sta3: Interface: sta3-wlan0, Scan-interface: sta3-wlan1
INFO     [2021-05-27 10:49:36,288]: *** sta3-wlan1: Scanner started. Searching for ap1-ssid with interval 5.0
INFO     [2021-05-27 10:49:36,292]: *** sta3-wlan0: Set type to ibss
INFO     [2021-05-27 10:49:36,294]: *** sta3-wlan0: Set ip link up
INFO     [2021-05-27 10:49:36,295]: *** sta3-wlan0: Join ibss adhocNet
INFO     [2021-05-27 10:49:38,294]: *** sta1-wlan1: Scanner started. Searching for ap1-ssid with interval 5.0
INFO     [2021-05-27 10:49:38,301]: *** sta1-wlan0: Set type to ibss
INFO     [2021-05-27 10:49:38,307]: *** sta1-wlan0: Set ip link up
INFO     [2021-05-27 10:49:38,308]: *** sta1-wlan0: Join ibss adhocNet
INFO     [2021-05-27 10:49:41,293]: *** sta3-wlan1: Scanning for ap1-ssid
INFO     [2021-05-27 10:49:43,297]: *** sta1-wlan1: Scanning for ap1-ssid
INFO     [2021-05-27 10:49:45,466]: *** sta3-wlan0: Starting OLSR
INFO     [2021-05-27 10:49:45,486]: *** sta3-wlan0: Started olsrd in the background (PID: )
INFO     [2021-05-27 10:49:46,492]: *** sta3-wlan1: Scan detected ap1-ssid in range (signal: -75.0 / -65.0)
INFO     [2021-05-27 10:49:47,496]: *** sta3-wlan1: Scan detected ap1-ssid in range (signal: -75.0 / -65.0)
INFO     [2021-05-27 10:49:47,530]: *** sta1-wlan0: Starting OLSR
INFO     [2021-05-27 10:49:47,542]: *** sta1-wlan0: Started olsrd in the background (PID: )
INFO     [2021-05-27 10:49:48,503]: *** sta3-wlan1: Scan detected ap1-ssid in range (signal: -75.0 / -65.0)
INFO     [2021-05-27 10:49:48,547]: *** sta1-wlan1: Scan detected ap1-ssid in range (signal: -78.0 / -65.0)
INFO     [2021-05-27 10:49:49,508]: *** sta3-wlan1: Scan detected ap1-ssid in range (signal: -75.0 / -65.0)
INFO     [2021-05-27 10:49:49,551]: *** sta1-wlan1: Scan detected ap1-ssid in range (signal: -78.0 / -65.0)
INFO     [2021-05-27 10:49:50,084]: *** sta3-wlan1: Scanning for ap1-ssid
INFO     [2021-05-27 10:49:50,514]: *** sta3-wlan1: Scan detected ap1-ssid in range (signal: -84.0 / -65.0)
INFO     [2021-05-27 10:49:50,557]: *** sta1-wlan1: Scan detected ap1-ssid in range (signal: -78.0 / -65.0)
INFO     [2021-05-27 10:49:51,519]: *** sta3-wlan1: Scan detected ap1-ssid in range (signal: -84.0 / -65.0)
INFO     [2021-05-27 10:49:51,562]: *** sta1-wlan1: Scan detected ap1-ssid in range (signal: -78.0 / -65.0)
INFO     [2021-05-27 10:49:52,058]: *** sta1-wlan1: Scanning for ap1-ssid
INFO     [2021-05-27 10:49:52,524]: *** sta3-wlan1: Scan detected ap1-ssid in range (signal: -84.0 / -65.0)
INFO     [2021-05-27 10:49:52,568]: *** sta1-wlan1: Scan detected ap1-ssid in range (signal: -89.0 / -65.0)
INFO     [2021-05-27 10:49:53,532]: *** sta3-wlan1: Scan detected ap1-ssid in range (signal: -84.0 / -65.0)
INFO     [2021-05-27 10:49:53,576]: *** sta1-wlan1: Scan detected ap1-ssid in range (signal: -89.0 / -65.0)
INFO     [2021-05-27 10:49:54,536]: *** sta3-wlan1: Scan detected ap1-ssid in range (signal: -84.0 / -65.0)
INFO     [2021-05-27 10:49:54,582]: *** sta1-wlan1: Scan detected ap1-ssid in range (signal: -89.0 / -65.0)
INFO     [2021-05-27 10:49:55,549]: *** sta3-wlan1: Scan detected ap1-ssid in range (signal: -84.0 / -65.0)
INFO     [2021-05-27 10:49:55,587]: *** sta1-wlan1: Scan detected ap1-ssid in range (signal: -89.0 / -65.0)
INFO     [2021-05-27 10:49:56,557]: *** sta3-wlan1: Scan detected ap1-ssid in range (signal: -84.0 / -65.0)
INFO     [2021-05-27 10:49:56,593]: *** sta1-wlan1: Scan detected ap1-ssid in range (signal: -89.0 / -65.0)
INFO     [2021-05-27 10:49:57,562]: *** sta3-wlan1: Scan detected ap1-ssid in range (signal: -84.0 / -65.0)
INFO     [2021-05-27 10:49:57,598]: *** sta1-wlan1: Scan detected ap1-ssid in range (signal: -89.0 / -65.0)
INFO     [2021-05-27 10:49:58,569]: *** sta3-wlan1: Scan detected ap1-ssid in range (signal: -84.0 / -65.0)
INFO     [2021-05-27 10:49:58,603]: *** sta1-wlan1: Scan detected ap1-ssid in range (signal: -89.0 / -65.0)
INFO     [2021-05-27 10:49:58,848]: *** sta3-wlan1: Scanning for ap1-ssid
INFO     [2021-05-27 10:49:59,575]: *** sta3-wlan1: Scan detected ap1-ssid in range (signal: -84.0 / -65.0)
INFO     [2021-05-27 10:49:59,608]: *** sta1-wlan1: Scan detected ap1-ssid in range (signal: -89.0 / -65.0)
INFO     [2021-05-27 10:50:00,587]: *** sta3-wlan1: Scan detected ap1-ssid in range (signal: -84.0 / -65.0)
INFO     [2021-05-27 10:50:00,617]: *** sta1-wlan1: Scan detected ap1-ssid in range (signal: -89.0 / -65.0)
INFO     [2021-05-27 10:50:00,834]: *** sta1-wlan1: Scanning for ap1-ssid
INFO     [2021-05-27 10:50:01,616]: *** sta3-wlan1: Scan detected ap1-ssid in range (signal: -84.0 / -65.0)
INFO     [2021-05-27 10:50:01,628]: *** sta1-wlan1: Scan detected ap1-ssid in range (signal: -89.0 / -65.0)
INFO     [2021-05-27 10:50:02,625]: *** sta3-wlan1: Scan detected ap1-ssid in range (signal: -84.0 / -65.0)
INFO     [2021-05-27 10:50:02,632]: *** sta1-wlan1: Scan detected ap1-ssid in range (signal: -89.0 / -65.0)
INFO     [2021-05-27 10:50:03,631]: *** sta3-wlan1: Scan detected ap1-ssid in range (signal: -84.0 / -65.0)
INFO     [2021-05-27 10:50:03,637]: *** sta1-wlan1: Scan detected ap1-ssid in range (signal: -89.0 / -65.0)
INFO     [2021-05-27 10:50:04,637]: *** sta3-wlan1: Scan detected ap1-ssid in range (signal: -84.0 / -65.0)
INFO     [2021-05-27 10:50:04,643]: *** sta1-wlan1: Scan detected ap1-ssid in range (signal: -89.0 / -65.0)
INFO     [2021-05-27 10:50:05,643]: *** sta3-wlan1: Scan detected ap1-ssid in range (signal: -84.0 / -65.0)
INFO     [2021-05-27 10:50:05,647]: *** sta1-wlan1: Scan detected ap1-ssid in range (signal: -89.0 / -65.0)
INFO     [2021-05-27 10:50:06,650]: *** sta3-wlan1: Scan detected ap1-ssid in range (signal: -84.0 / -65.0)
INFO     [2021-05-27 10:50:06,654]: *** sta1-wlan1: Scan detected ap1-ssid in range (signal: -89.0 / -65.0)
INFO     [2021-05-27 10:50:07,659]: *** sta3-wlan1: Scan detected ap1-ssid in range (signal: -84.0 / -65.0)
INFO     [2021-05-27 10:50:07,660]: *** sta1-wlan1: Scan detected ap1-ssid in range (signal: -89.0 / -65.0)
INFO     [2021-05-27 10:50:07,669]: *** sta3-wlan1: Scanning for ap1-ssid
INFO     [2021-05-27 10:50:08,665]: *** sta1-wlan1: Scan detected ap1-ssid in range (signal: -89.0 / -65.0)
INFO     [2021-05-27 10:50:08,665]: *** sta3-wlan1: Scan detected ap1-ssid in range (signal: -84.0 / -65.0)
INFO     [2021-05-27 10:50:09,595]: *** sta1-wlan1: Scanning for ap1-ssid
INFO     [2021-05-27 10:50:09,676]: *** sta3-wlan1: Scan detected ap1-ssid in range (signal: -84.0 / -65.0)
INFO     [2021-05-27 10:50:09,678]: *** sta1-wlan1: Scan detected ap1-ssid in range (signal: -89.0 / -65.0)
INFO     [2021-05-27 10:50:10,682]: *** sta3-wlan1: Scan detected ap1-ssid in range (signal: -84.0 / -65.0)
INFO     [2021-05-27 10:50:10,683]: *** sta1-wlan1: Scan detected ap1-ssid in range (signal: -89.0 / -65.0)
INFO     [2021-05-27 10:50:11,688]: *** sta1-wlan1: Scan detected ap1-ssid in range (signal: -89.0 / -65.0)
INFO     [2021-05-27 10:50:11,690]: *** sta3-wlan1: Scan detected ap1-ssid in range (signal: -84.0 / -65.0)
INFO     [2021-05-27 10:50:12,694]: *** sta1-wlan1: Scan detected ap1-ssid in range (signal: -89.0 / -65.0)
INFO     [2021-05-27 10:50:12,695]: *** sta3-wlan1: Scan detected ap1-ssid in range (signal: -84.0 / -65.0)
INFO     [2021-05-27 10:50:13,700]: *** sta3-wlan1: Scan detected ap1-ssid in range (signal: -84.0 / -65.0)
INFO     [2021-05-27 10:50:13,701]: *** sta1-wlan1: Scan detected ap1-ssid in range (signal: -89.0 / -65.0)
INFO     [2021-05-27 10:50:14,707]: *** sta3-wlan1: Scan detected ap1-ssid in range (signal: -84.0 / -65.0)
INFO     [2021-05-27 10:50:14,708]: *** sta1-wlan1: Scan detected ap1-ssid in range (signal: -89.0 / -65.0)
INFO     [2021-05-27 10:50:15,712]: *** sta1-wlan1: Scan detected ap1-ssid in range (signal: -89.0 / -65.0)
INFO     [2021-05-27 10:50:15,713]: *** sta3-wlan1: Scan detected ap1-ssid in range (signal: -84.0 / -65.0)
INFO     [2021-05-27 10:50:16,560]: *** sta3-wlan1: Scanning for ap1-ssid
INFO     [2021-05-27 10:50:16,722]: *** sta3-wlan1: Scan detected ap1-ssid in range (signal: -84.0 / -65.0)
INFO     [2021-05-27 10:50:16,724]: *** sta1-wlan1: Scan detected ap1-ssid in range (signal: -89.0 / -65.0)
INFO     [2021-05-27 10:50:17,728]: *** sta3-wlan1: Scan detected ap1-ssid in range (signal: -84.0 / -65.0)
INFO     [2021-05-27 10:50:17,729]: *** sta1-wlan1: Scan detected ap1-ssid in range (signal: -89.0 / -65.0)
INFO     [2021-05-27 10:50:18,449]: *** sta1-wlan1: Scanning for ap1-ssid
INFO     [2021-05-27 10:50:18,746]: *** sta3-wlan1: Scan detected ap1-ssid in range (signal: -84.0 / -65.0)
INFO     [2021-05-27 10:50:18,752]: *** sta1-wlan1: Scan detected ap1-ssid in range (signal: -89.0 / -65.0)
INFO     [2021-05-27 10:50:19,755]: *** sta3-wlan1: Scan detected ap1-ssid in range (signal: -84.0 / -65.0)
INFO     [2021-05-27 10:50:19,757]: *** sta1-wlan1: Scan detected ap1-ssid in range (signal: -89.0 / -65.0)
INFO     [2021-05-27 10:50:20,777]: *** sta3-wlan1: Scan detected ap1-ssid in range (signal: -84.0 / -65.0)
INFO     [2021-05-27 10:50:20,778]: *** sta1-wlan1: Scan detected ap1-ssid in range (signal: -89.0 / -65.0)
INFO     [2021-05-27 10:50:21,783]: *** sta3-wlan1: Scan detected ap1-ssid in range (signal: -84.0 / -65.0)
INFO     [2021-05-27 10:50:21,785]: *** sta1-wlan1: Scan detected ap1-ssid in range (signal: -89.0 / -65.0)
INFO     [2021-05-27 10:50:22,789]: *** sta3-wlan1: Scan detected ap1-ssid in range (signal: -84.0 / -65.0)
INFO     [2021-05-27 10:50:22,790]: *** sta1-wlan1: Scan detected ap1-ssid in range (signal: -89.0 / -65.0)
INFO     [2021-05-27 10:50:23,794]: *** sta1-wlan1: Scan detected ap1-ssid in range (signal: -89.0 / -65.0)
INFO     [2021-05-27 10:50:23,795]: *** sta3-wlan1: Scan detected ap1-ssid in range (signal: -84.0 / -65.0)
INFO     [2021-05-27 10:50:24,799]: *** sta1-wlan1: Scan detected ap1-ssid in range (signal: -89.0 / -65.0)
INFO     [2021-05-27 10:50:25,753]: *** sta3-wlan1: Scanning for ap1-ssid
INFO     [2021-05-27 10:50:25,804]: *** sta1-wlan1: Scan detected ap1-ssid in range (signal: -89.0 / -65.0)
INFO     [2021-05-27 10:50:25,808]: *** sta3-wlan1: Scan detected ap1-ssid in range (signal: -89.0 / -65.0)
INFO     [2021-05-27 10:50:26,818]: *** sta3-wlan1: Scan detected ap1-ssid in range (signal: -89.0 / -65.0)
INFO     [2021-05-27 10:50:27,622]: *** sta1-wlan1: Scanning for ap1-ssid
INFO     [2021-05-27 10:50:27,827]: *** sta3-wlan1: Scan detected ap1-ssid in range (signal: -89.0 / -65.0)
INFO     [2021-05-27 10:50:28,833]: *** sta3-wlan1: Scan detected ap1-ssid in range (signal: -89.0 / -65.0)
INFO     [2021-05-27 10:50:29,839]: *** sta3-wlan1: Scan detected ap1-ssid in range (signal: -89.0 / -65.0)
INFO     [2021-05-27 10:50:30,845]: *** sta3-wlan1: Scan detected ap1-ssid in range (signal: -89.0 / -65.0)
INFO     [2021-05-27 10:50:31,849]: *** sta3-wlan1: Scan detected ap1-ssid in range (signal: -89.0 / -65.0)
INFO     [2021-05-27 10:50:32,854]: *** sta3-wlan1: Scan detected ap1-ssid in range (signal: -89.0 / -65.0)
INFO     [2021-05-27 10:50:33,859]: *** sta3-wlan1: Scan detected ap1-ssid in range (signal: -89.0 / -65.0)
INFO     [2021-05-27 10:50:34,560]: *** sta3-wlan1: Scanning for ap1-ssid
INFO     [2021-05-27 10:50:34,866]: *** sta3-wlan1: Scan detected ap1-ssid in range (signal: -89.0 / -65.0)
INFO     [2021-05-27 10:50:35,870]: *** sta3-wlan1: Scan detected ap1-ssid in range (signal: -89.0 / -65.0)
INFO     [2021-05-27 10:50:36,433]: *** sta1-wlan1: Scanning for ap1-ssid
INFO     [2021-05-27 10:50:36,875]: *** sta3-wlan1: Scan detected ap1-ssid in range (signal: -89.0 / -65.0)
INFO     [2021-05-27 10:50:37,880]: *** sta3-wlan1: Scan detected ap1-ssid in range (signal: -89.0 / -65.0)
INFO     [2021-05-27 10:50:38,884]: *** sta3-wlan1: Scan detected ap1-ssid in range (signal: -89.0 / -65.0)
INFO     [2021-05-27 10:50:39,891]: *** sta3-wlan1: Scan detected ap1-ssid in range (signal: -89.0 / -65.0)
INFO     [2021-05-27 10:50:40,900]: *** sta3-wlan1: Scan detected ap1-ssid in range (signal: -89.0 / -65.0)
INFO     [2021-05-27 10:50:41,905]: *** sta3-wlan1: Scan detected ap1-ssid in range (signal: -89.0 / -65.0)
INFO     [2021-05-27 10:50:42,911]: *** sta3-wlan1: Scan detected ap1-ssid in range (signal: -89.0 / -65.0)
INFO     [2021-05-27 10:50:43,365]: *** sta3-wlan1: Scanning for ap1-ssid
INFO     [2021-05-27 10:50:43,915]: *** sta3-wlan1: Scan detected ap1-ssid in range (signal: -89.0 / -65.0)
INFO     [2021-05-27 10:50:44,921]: *** sta3-wlan1: Scan detected ap1-ssid in range (signal: -89.0 / -65.0)
INFO     [2021-05-27 10:50:45,189]: *** sta1-wlan1: Scanning for ap1-ssid
INFO     [2021-05-27 10:50:45,926]: *** sta1-wlan1: Scan detected ap1-ssid in range (signal: -83.0 / -65.0)
INFO     [2021-05-27 10:50:45,927]: *** sta3-wlan1: Scan detected ap1-ssid in range (signal: -89.0 / -65.0)
INFO     [2021-05-27 10:50:46,930]: *** sta1-wlan1: Scan detected ap1-ssid in range (signal: -83.0 / -65.0)
INFO     [2021-05-27 10:50:46,933]: *** sta3-wlan1: Scan detected ap1-ssid in range (signal: -89.0 / -65.0)
INFO     [2021-05-27 10:50:47,935]: *** sta1-wlan1: Scan detected ap1-ssid in range (signal: -83.0 / -65.0)
INFO     [2021-05-27 10:50:47,939]: *** sta3-wlan1: Scan detected ap1-ssid in range (signal: -89.0 / -65.0)
INFO     [2021-05-27 10:50:48,948]: *** sta3-wlan1: Scan detected ap1-ssid in range (signal: -89.0 / -65.0)
INFO     [2021-05-27 10:50:48,948]: *** sta1-wlan1: Scan detected ap1-ssid in range (signal: -83.0 / -65.0)
INFO     [2021-05-27 10:50:49,953]: *** sta3-wlan1: Scan detected ap1-ssid in range (signal: -89.0 / -65.0)
INFO     [2021-05-27 10:50:49,956]: *** sta1-wlan1: Scan detected ap1-ssid in range (signal: -83.0 / -65.0)
INFO     [2021-05-27 10:50:50,969]: *** sta1-wlan1: Scan detected ap1-ssid in range (signal: -83.0 / -65.0)
INFO     [2021-05-27 10:50:50,969]: *** sta3-wlan1: Scan detected ap1-ssid in range (signal: -89.0 / -65.0)
INFO     [2021-05-27 10:50:51,976]: *** sta3-wlan1: Scan detected ap1-ssid in range (signal: -89.0 / -65.0)
INFO     [2021-05-27 10:50:51,978]: *** sta1-wlan1: Scan detected ap1-ssid in range (signal: -83.0 / -65.0)
INFO     [2021-05-27 10:50:52,183]: *** sta3-wlan1: Scanning for ap1-ssid
INFO     [2021-05-27 10:50:52,982]: *** sta3-wlan1: Scan detected ap1-ssid in range (signal: -74.0 / -65.0)
INFO     [2021-05-27 10:50:52,983]: *** sta1-wlan1: Scan detected ap1-ssid in range (signal: -83.0 / -65.0)
INFO     [2021-05-27 10:50:53,977]: *** sta1-wlan1: Scanning for ap1-ssid
INFO     [2021-05-27 10:50:53,989]: *** sta3-wlan1: Scan detected ap1-ssid in range (signal: -74.0 / -65.0)
INFO     [2021-05-27 10:50:53,991]: *** sta1-wlan1: Scan detected ap1-ssid in range (signal: -83.0 / -65.0)
INFO     [2021-05-27 10:50:54,994]: *** sta3-wlan1: Scan detected ap1-ssid in range (signal: -74.0 / -65.0)
INFO     [2021-05-27 10:50:54,997]: *** sta1-wlan1: Scan detected ap1-ssid in range (signal: -75.0 / -65.0)
INFO     [2021-05-27 10:50:56,000]: *** sta3-wlan1: Scan detected ap1-ssid in range (signal: -74.0 / -65.0)
INFO     [2021-05-27 10:50:56,001]: *** sta1-wlan1: Scan detected ap1-ssid in range (signal: -75.0 / -65.0)
INFO     [2021-05-27 10:50:57,004]: *** sta3-wlan1: Scan detected ap1-ssid in range (signal: -74.0 / -65.0)
INFO     [2021-05-27 10:50:57,008]: *** sta1-wlan1: Scan detected ap1-ssid in range (signal: -75.0 / -65.0)
INFO     [2021-05-27 10:50:58,009]: *** sta3-wlan1: Scan detected ap1-ssid in range (signal: -74.0 / -65.0)
INFO     [2021-05-27 10:50:58,013]: *** sta1-wlan1: Scan detected ap1-ssid in range (signal: -77.0 / -65.0)
INFO     [2021-05-27 10:50:59,014]: *** sta3-wlan1: Scan detected ap1-ssid in range (signal: -74.0 / -65.0)
INFO     [2021-05-27 10:50:59,018]: *** sta1-wlan1: Scan detected ap1-ssid in range (signal: -77.0 / -65.0)
INFO     [2021-05-27 10:51:00,019]: *** sta3-wlan1: Scan detected ap1-ssid in range (signal: -74.0 / -65.0)
INFO     [2021-05-27 10:51:00,024]: *** sta1-wlan1: Scan detected ap1-ssid in range (signal: -77.0 / -65.0)
INFO     [2021-05-27 10:51:00,933]: *** sta3-wlan1: Scanning for ap1-ssid
INFO     [2021-05-27 10:51:01,024]: *** sta3-wlan1: Scan detected ap1-ssid in range (signal: -68.0 / -65.0)
INFO     [2021-05-27 10:51:01,035]: *** sta1-wlan1: Scan detected ap1-ssid in range (signal: -77.0 / -65.0)
INFO     [2021-05-27 10:51:02,030]: *** sta3-wlan1: Scan detected ap1-ssid in range (signal: -68.0 / -65.0)
INFO     [2021-05-27 10:51:02,041]: *** sta1-wlan1: Scan detected ap1-ssid in range (signal: -77.0 / -65.0)
INFO     [2021-05-27 10:51:02,733]: *** sta1-wlan1: Scanning for ap1-ssid
INFO     [2021-05-27 10:51:03,034]: *** sta3-wlan1: Scan detected ap1-ssid in range (signal: -68.0 / -65.0)
INFO     [2021-05-27 10:51:03,056]: *** sta1-wlan1: Scan detected ap1-ssid in range (signal: -61.0 / -65.0)
INFO     [2021-05-27 10:51:03,058]: *** sta1-wlan0: OLSR runnning: Killing olsrd process (PID: 30639)
INFO     [2021-05-27 10:51:03,061]: *** sta1-wlan0: Killed given olsrd process (PID: 30639)
INFO     [2021-05-27 10:51:03,101]: *** sta1-wlan0: IBSS leave completed
INFO     [2021-05-27 10:51:03,103]: *** sta1-wlan0: Set type to managed
INFO     [2021-05-27 10:51:03,112]: *** sta1-wlan0: Connected interface to ap1-ssid
INFO     [2021-05-27 10:51:04,050]: *** sta3-wlan1: Scan detected ap1-ssid in range (signal: -68.0 / -65.0)
INFO     [2021-05-27 10:51:05,056]: *** sta3-wlan1: Scan detected ap1-ssid in range (signal: -69.0 / -65.0)
INFO     [2021-05-27 10:51:06,068]: *** sta3-wlan1: Scan detected ap1-ssid in range (signal: -69.0 / -65.0)
INFO     [2021-05-27 10:51:07,073]: *** sta3-wlan1: Scan detected ap1-ssid in range (signal: -69.0 / -65.0)
INFO     [2021-05-27 10:51:08,078]: *** sta3-wlan1: Scan detected ap1-ssid in range (signal: -69.0 / -65.0)
INFO     [2021-05-27 10:51:09,086]: *** sta3-wlan1: Scan detected ap1-ssid in range (signal: -69.0 / -65.0)
INFO     [2021-05-27 10:51:09,729]: *** sta3-wlan1: Scanning for ap1-ssid
INFO     [2021-05-27 10:51:10,101]: *** sta3-wlan1: Scan detected ap1-ssid in range (signal: -54.0 / -65.0)
INFO     [2021-05-27 10:51:10,101]: *** sta3-wlan0: OLSR runnning: Killing olsrd process (PID: 29469)
INFO     [2021-05-27 10:51:10,101]: *** sta3-wlan0: Killed given olsrd process (PID: 29469)
INFO     [2021-05-27 10:51:10,117]: *** sta3-wlan0: IBSS leave completed
INFO     [2021-05-27 10:51:10,120]: *** sta3-wlan0: Set type to managed
INFO     [2021-05-27 10:51:10,130]: *** sta3-wlan0: Connected interface to ap1-ssid
INFO     [2021-05-27 10:52:13,120]: *** sta1-wlan1: Scanner started. Searching for ap1-ssid with interval 5.0
INFO     [2021-05-27 10:52:13,144]: *** sta1-wlan0: Set type to ibss
INFO     [2021-05-27 10:52:13,315]: *** sta1-wlan0: Set ip link up
INFO     [2021-05-27 10:52:13,333]: *** sta1-wlan0: Join ibss adhocNet
INFO     [2021-05-27 10:52:13,352]: *** sta1-wlan0: Starting OLSR
