INFO     [2021-06-02 04:29:39,416]: *** sta3-wlan0: Started flexible_sdn.py
INFO     [2021-06-02 04:29:39,424]: *** sta3: Interface: sta3-wlan0, Scan-interface: sta3-wlan1
INFO     [2021-06-02 04:29:39,452]: *** sta1-wlan0: Started flexible_sdn.py
INFO     [2021-06-02 04:29:39,454]: *** sta1: Interface: sta1-wlan0, Scan-interface: sta1-wlan1
INFO     [2021-06-02 04:32:15,441]: *** sta3-wlan1: Scanner started. Searching for ap1-ssid with interval 3.0
INFO     [2021-06-02 04:32:15,443]: *** sta3-wlan0: Set type to ibss
INFO     [2021-06-02 04:32:15,445]: *** sta3-wlan0: Set ip link up
INFO     [2021-06-02 04:32:15,447]: *** sta3-wlan0: Join ibss adhocNet
INFO     [2021-06-02 04:32:18,443]: *** sta3-wlan1: Scanning for ap1-ssid
INFO     [2021-06-02 04:32:19,452]: *** sta1-wlan1: Scanner started. Searching for ap1-ssid with interval 3.0
INFO     [2021-06-02 04:32:19,457]: *** sta1-wlan0: Set type to ibss
INFO     [2021-06-02 04:32:19,460]: *** sta1-wlan0: Set ip link up
INFO     [2021-06-02 04:32:19,464]: *** sta1-wlan0: Join ibss adhocNet
INFO     [2021-06-02 04:32:22,455]: *** sta1-wlan1: Scanning for ap1-ssid
INFO     [2021-06-02 04:32:24,495]: *** sta3-wlan0: Starting OLSR
INFO     [2021-06-02 04:32:24,508]: *** sta3-wlan0: Started olsrd in the background (PID: )
INFO     [2021-06-02 04:32:25,215]: *** sta3-wlan1: Scanning for ap1-ssid
INFO     [2021-06-02 04:32:25,514]: *** sta3-wlan1: Scan detected ap1-ssid in range (signal: -88.0 / -75.0)
INFO     [2021-06-02 04:32:25,552]: *** sta1-wlan0: Starting OLSR
INFO     [2021-06-02 04:32:25,564]: *** sta1-wlan0: Started olsrd in the background (PID: )
INFO     [2021-06-02 04:32:26,525]: *** sta3-wlan1: Scan detected ap1-ssid in range (signal: -88.0 / -75.0)
INFO     [2021-06-02 04:32:27,544]: *** sta3-wlan1: Scan detected ap1-ssid in range (signal: -88.0 / -75.0)
INFO     [2021-06-02 04:32:28,554]: *** sta3-wlan1: Scan detected ap1-ssid in range (signal: -88.0 / -75.0)
INFO     [2021-06-02 04:32:29,271]: *** sta1-wlan1: Scanning for ap1-ssid
INFO     [2021-06-02 04:32:29,561]: *** sta3-wlan1: Scan detected ap1-ssid in range (signal: -88.0 / -75.0)
INFO     [2021-06-02 04:32:29,585]: *** sta1-wlan1: Scan detected ap1-ssid in range (signal: -90.0 / -75.0)
INFO     [2021-06-02 04:32:30,570]: *** sta3-wlan1: Scan detected ap1-ssid in range (signal: -88.0 / -75.0)
INFO     [2021-06-02 04:32:30,590]: *** sta1-wlan1: Scan detected ap1-ssid in range (signal: -90.0 / -75.0)
INFO     [2021-06-02 04:32:31,577]: *** sta3-wlan1: Scan detected ap1-ssid in range (signal: -88.0 / -75.0)
INFO     [2021-06-02 04:32:31,594]: *** sta1-wlan1: Scan detected ap1-ssid in range (signal: -90.0 / -75.0)
INFO     [2021-06-02 04:32:32,219]: *** sta3-wlan1: Scanning for ap1-ssid
INFO     [2021-06-02 04:32:32,582]: *** sta3-wlan1: Scan detected ap1-ssid in range (signal: -88.0 / -75.0)
INFO     [2021-06-02 04:32:32,598]: *** sta1-wlan1: Scan detected ap1-ssid in range (signal: -90.0 / -75.0)
INFO     [2021-06-02 04:32:33,602]: *** sta3-wlan1: Scan detected ap1-ssid in range (signal: -88.0 / -75.0)
INFO     [2021-06-02 04:32:33,614]: *** sta1-wlan1: Scan detected ap1-ssid in range (signal: -90.0 / -75.0)
INFO     [2021-06-02 04:32:34,610]: *** sta3-wlan1: Scan detected ap1-ssid in range (signal: -88.0 / -75.0)
INFO     [2021-06-02 04:32:34,620]: *** sta1-wlan1: Scan detected ap1-ssid in range (signal: -90.0 / -75.0)
INFO     [2021-06-02 04:32:35,624]: *** sta3-wlan1: Scan detected ap1-ssid in range (signal: -88.0 / -75.0)
INFO     [2021-06-02 04:32:35,630]: *** sta1-wlan1: Scan detected ap1-ssid in range (signal: -90.0 / -75.0)
INFO     [2021-06-02 04:32:36,311]: *** sta1-wlan1: Scanning for ap1-ssid
INFO     [2021-06-02 04:32:36,628]: *** sta3-wlan1: Scan detected ap1-ssid in range (signal: -88.0 / -75.0)
INFO     [2021-06-02 04:32:36,634]: *** sta1-wlan1: Scan detected ap1-ssid in range (signal: -90.0 / -75.0)
INFO     [2021-06-02 04:32:37,632]: *** sta3-wlan1: Scan detected ap1-ssid in range (signal: -88.0 / -75.0)
INFO     [2021-06-02 04:32:37,638]: *** sta1-wlan1: Scan detected ap1-ssid in range (signal: -90.0 / -75.0)
INFO     [2021-06-02 04:32:38,637]: *** sta3-wlan1: Scan detected ap1-ssid in range (signal: -88.0 / -75.0)
INFO     [2021-06-02 04:32:38,645]: *** sta1-wlan1: Scan detected ap1-ssid in range (signal: -90.0 / -75.0)
INFO     [2021-06-02 04:32:39,362]: *** sta3-wlan1: Scanning for ap1-ssid
INFO     [2021-06-02 04:32:39,642]: *** sta3-wlan1: Scan detected ap1-ssid in range (signal: -88.0 / -75.0)
INFO     [2021-06-02 04:32:39,651]: *** sta1-wlan1: Scan detected ap1-ssid in range (signal: -90.0 / -75.0)
INFO     [2021-06-02 04:32:40,648]: *** sta3-wlan1: Scan detected ap1-ssid in range (signal: -88.0 / -75.0)
INFO     [2021-06-02 04:32:40,656]: *** sta1-wlan1: Scan detected ap1-ssid in range (signal: -90.0 / -75.0)
INFO     [2021-06-02 04:32:41,660]: *** sta3-wlan1: Scan detected ap1-ssid in range (signal: -88.0 / -75.0)
INFO     [2021-06-02 04:32:41,667]: *** sta1-wlan1: Scan detected ap1-ssid in range (signal: -90.0 / -75.0)
INFO     [2021-06-02 04:32:42,666]: *** sta3-wlan1: Scan detected ap1-ssid in range (signal: -88.0 / -75.0)
INFO     [2021-06-02 04:32:42,671]: *** sta1-wlan1: Scan detected ap1-ssid in range (signal: -90.0 / -75.0)
INFO     [2021-06-02 04:32:43,164]: *** sta1-wlan1: Scanning for ap1-ssid
INFO     [2021-06-02 04:32:43,682]: *** sta3-wlan1: Scan detected ap1-ssid in range (signal: -88.0 / -75.0)
INFO     [2021-06-02 04:32:43,683]: *** sta1-wlan1: Scan detected ap1-ssid in range (signal: -90.0 / -75.0)
INFO     [2021-06-02 04:32:44,703]: *** sta1-wlan1: Scan detected ap1-ssid in range (signal: -90.0 / -75.0)
INFO     [2021-06-02 04:32:44,703]: *** sta3-wlan1: Scan detected ap1-ssid in range (signal: -88.0 / -75.0)
INFO     [2021-06-02 04:32:45,708]: *** sta1-wlan1: Scan detected ap1-ssid in range (signal: -90.0 / -75.0)
INFO     [2021-06-02 04:32:45,709]: *** sta3-wlan1: Scan detected ap1-ssid in range (signal: -88.0 / -75.0)
INFO     [2021-06-02 04:32:46,253]: *** sta3-wlan1: Scanning for ap1-ssid
INFO     [2021-06-02 04:32:46,714]: *** sta1-wlan1: Scan detected ap1-ssid in range (signal: -90.0 / -75.0)
INFO     [2021-06-02 04:32:46,715]: *** sta3-wlan1: Scan detected ap1-ssid in range (signal: -88.0 / -75.0)
INFO     [2021-06-02 04:32:47,720]: *** sta1-wlan1: Scan detected ap1-ssid in range (signal: -90.0 / -75.0)
INFO     [2021-06-02 04:32:47,722]: *** sta3-wlan1: Scan detected ap1-ssid in range (signal: -88.0 / -75.0)
INFO     [2021-06-02 04:32:48,727]: *** sta1-wlan1: Scan detected ap1-ssid in range (signal: -90.0 / -75.0)
INFO     [2021-06-02 04:32:48,728]: *** sta3-wlan1: Scan detected ap1-ssid in range (signal: -88.0 / -75.0)
INFO     [2021-06-02 04:32:49,733]: *** sta1-wlan1: Scan detected ap1-ssid in range (signal: -90.0 / -75.0)
INFO     [2021-06-02 04:32:49,735]: *** sta3-wlan1: Scan detected ap1-ssid in range (signal: -88.0 / -75.0)
INFO     [2021-06-02 04:32:50,247]: *** sta1-wlan1: Scanning for ap1-ssid
INFO     [2021-06-02 04:32:50,741]: *** sta3-wlan1: Scan detected ap1-ssid in range (signal: -88.0 / -75.0)
INFO     [2021-06-02 04:32:50,742]: *** sta1-wlan1: Scan detected ap1-ssid in range (signal: -90.0 / -75.0)
INFO     [2021-06-02 04:32:51,747]: *** sta1-wlan1: Scan detected ap1-ssid in range (signal: -90.0 / -75.0)
INFO     [2021-06-02 04:32:51,748]: *** sta3-wlan1: Scan detected ap1-ssid in range (signal: -88.0 / -75.0)
INFO     [2021-06-02 04:32:52,753]: *** sta1-wlan1: Scan detected ap1-ssid in range (signal: -90.0 / -75.0)
INFO     [2021-06-02 04:32:52,754]: *** sta3-wlan1: Scan detected ap1-ssid in range (signal: -88.0 / -75.0)
INFO     [2021-06-02 04:32:53,358]: *** sta3-wlan1: Scanning for ap1-ssid
INFO     [2021-06-02 04:32:53,758]: *** sta1-wlan1: Scan detected ap1-ssid in range (signal: -90.0 / -75.0)
INFO     [2021-06-02 04:32:53,760]: *** sta3-wlan1: Scan detected ap1-ssid in range (signal: -88.0 / -75.0)
INFO     [2021-06-02 04:32:54,769]: *** sta1-wlan1: Scan detected ap1-ssid in range (signal: -90.0 / -75.0)
INFO     [2021-06-02 04:32:54,773]: *** sta3-wlan1: Scan detected ap1-ssid in range (signal: -88.0 / -75.0)
INFO     [2021-06-02 04:32:55,773]: *** sta1-wlan1: Scan detected ap1-ssid in range (signal: -90.0 / -75.0)
INFO     [2021-06-02 04:32:55,778]: *** sta3-wlan1: Scan detected ap1-ssid in range (signal: -88.0 / -75.0)
INFO     [2021-06-02 04:32:56,777]: *** sta1-wlan1: Scan detected ap1-ssid in range (signal: -90.0 / -75.0)
INFO     [2021-06-02 04:32:56,782]: *** sta3-wlan1: Scan detected ap1-ssid in range (signal: -88.0 / -75.0)
INFO     [2021-06-02 04:32:57,070]: *** sta1-wlan1: Scanning for ap1-ssid
INFO     [2021-06-02 04:32:57,782]: *** sta1-wlan1: Scan detected ap1-ssid in range (signal: -90.0 / -75.0)
INFO     [2021-06-02 04:32:57,786]: *** sta3-wlan1: Scan detected ap1-ssid in range (signal: -88.0 / -75.0)
INFO     [2021-06-02 04:32:58,793]: *** sta1-wlan1: Scan detected ap1-ssid in range (signal: -90.0 / -75.0)
INFO     [2021-06-02 04:32:58,793]: *** sta3-wlan1: Scan detected ap1-ssid in range (signal: -88.0 / -75.0)
INFO     [2021-06-02 04:32:59,798]: *** sta1-wlan1: Scan detected ap1-ssid in range (signal: -90.0 / -75.0)
INFO     [2021-06-02 04:33:00,131]: *** sta3-wlan1: Scanning for ap1-ssid
INFO     [2021-06-02 04:33:00,802]: *** sta1-wlan1: Scan detected ap1-ssid in range (signal: -90.0 / -75.0)
INFO     [2021-06-02 04:33:01,809]: *** sta1-wlan1: Scan detected ap1-ssid in range (signal: -90.0 / -75.0)
INFO     [2021-06-02 04:33:02,815]: *** sta1-wlan1: Scan detected ap1-ssid in range (signal: -90.0 / -75.0)
INFO     [2021-06-02 04:33:03,820]: *** sta1-wlan1: Scan detected ap1-ssid in range (signal: -90.0 / -75.0)
INFO     [2021-06-02 04:33:03,907]: *** sta1-wlan1: Scanning for ap1-ssid
INFO     [2021-06-02 04:33:04,824]: *** sta1-wlan1: Scan detected ap1-ssid in range (signal: -90.0 / -75.0)
INFO     [2021-06-02 04:33:05,832]: *** sta1-wlan1: Scan detected ap1-ssid in range (signal: -90.0 / -75.0)
INFO     [2021-06-02 04:33:06,843]: *** sta1-wlan1: Scan detected ap1-ssid in range (signal: -90.0 / -75.0)
INFO     [2021-06-02 04:33:06,987]: *** sta3-wlan1: Scanning for ap1-ssid
INFO     [2021-06-02 04:33:07,849]: *** sta1-wlan1: Scan detected ap1-ssid in range (signal: -90.0 / -75.0)
INFO     [2021-06-02 04:33:08,854]: *** sta1-wlan1: Scan detected ap1-ssid in range (signal: -90.0 / -75.0)
INFO     [2021-06-02 04:33:09,860]: *** sta1-wlan1: Scan detected ap1-ssid in range (signal: -90.0 / -75.0)
INFO     [2021-06-02 04:33:10,779]: *** sta1-wlan1: Scanning for ap1-ssid
INFO     [2021-06-02 04:33:10,870]: *** sta1-wlan1: Scan detected ap1-ssid in range (signal: -90.0 / -75.0)
INFO     [2021-06-02 04:33:11,880]: *** sta1-wlan1: Scan detected ap1-ssid in range (signal: -90.0 / -75.0)
INFO     [2021-06-02 04:33:12,888]: *** sta1-wlan1: Scan detected ap1-ssid in range (signal: -90.0 / -75.0)
INFO     [2021-06-02 04:33:13,772]: *** sta3-wlan1: Scanning for ap1-ssid
INFO     [2021-06-02 04:33:13,898]: *** sta1-wlan1: Scan detected ap1-ssid in range (signal: -90.0 / -75.0)
INFO     [2021-06-02 04:33:14,906]: *** sta1-wlan1: Scan detected ap1-ssid in range (signal: -90.0 / -75.0)
INFO     [2021-06-02 04:33:15,912]: *** sta1-wlan1: Scan detected ap1-ssid in range (signal: -90.0 / -75.0)
INFO     [2021-06-02 04:33:16,918]: *** sta1-wlan1: Scan detected ap1-ssid in range (signal: -90.0 / -75.0)
INFO     [2021-06-02 04:33:17,619]: *** sta1-wlan1: Scanning for ap1-ssid
INFO     [2021-06-02 04:33:20,526]: *** sta3-wlan1: Scanning for ap1-ssid
INFO     [2021-06-02 04:33:24,371]: *** sta1-wlan1: Scanning for ap1-ssid
INFO     [2021-06-02 04:33:27,322]: *** sta3-wlan1: Scanning for ap1-ssid
INFO     [2021-06-02 04:33:31,302]: *** sta1-wlan1: Scanning for ap1-ssid
INFO     [2021-06-02 04:33:34,146]: *** sta3-wlan1: Scanning for ap1-ssid
INFO     [2021-06-02 04:33:38,083]: *** sta1-wlan1: Scanning for ap1-ssid
INFO     [2021-06-02 04:33:40,941]: *** sta3-wlan1: Scanning for ap1-ssid
INFO     [2021-06-02 04:33:45,047]: *** sta1-wlan1: Scanning for ap1-ssid
INFO     [2021-06-02 04:33:47,737]: *** sta3-wlan1: Scanning for ap1-ssid
INFO     [2021-06-02 04:33:51,899]: *** sta1-wlan1: Scanning for ap1-ssid
INFO     [2021-06-02 04:33:54,530]: *** sta3-wlan1: Scanning for ap1-ssid
INFO     [2021-06-02 04:33:58,691]: *** sta1-wlan1: Scanning for ap1-ssid
INFO     [2021-06-02 04:34:01,307]: *** sta3-wlan1: Scanning for ap1-ssid
INFO     [2021-06-02 04:34:05,483]: *** sta1-wlan1: Scanning for ap1-ssid
INFO     [2021-06-02 04:34:08,062]: *** sta3-wlan1: Scanning for ap1-ssid
INFO     [2021-06-02 04:34:12,234]: *** sta1-wlan1: Scanning for ap1-ssid
INFO     [2021-06-02 04:34:14,860]: *** sta3-wlan1: Scanning for ap1-ssid
INFO     [2021-06-02 04:34:18,995]: *** sta1-wlan1: Scanning for ap1-ssid
INFO     [2021-06-02 04:34:21,633]: *** sta3-wlan1: Scanning for ap1-ssid
INFO     [2021-06-02 04:34:25,829]: *** sta1-wlan1: Scanning for ap1-ssid
INFO     [2021-06-02 04:34:28,402]: *** sta3-wlan1: Scanning for ap1-ssid
INFO     [2021-06-02 04:34:32,814]: *** sta1-wlan1: Scanning for ap1-ssid
INFO     [2021-06-02 04:34:35,479]: *** sta3-wlan1: Scanning for ap1-ssid
INFO     [2021-06-02 04:34:39,600]: *** sta1-wlan1: Scanning for ap1-ssid
INFO     [2021-06-02 04:34:42,259]: *** sta3-wlan1: Scanning for ap1-ssid
INFO     [2021-06-02 04:34:46,442]: *** sta1-wlan1: Scanning for ap1-ssid
INFO     [2021-06-02 04:34:49,042]: *** sta3-wlan1: Scanning for ap1-ssid
INFO     [2021-06-02 04:34:53,261]: *** sta1-wlan1: Scanning for ap1-ssid
INFO     [2021-06-02 04:34:55,913]: *** sta3-wlan1: Scanning for ap1-ssid
INFO     [2021-06-02 04:35:00,088]: *** sta1-wlan1: Scanning for ap1-ssid
INFO     [2021-06-02 04:35:02,755]: *** sta3-wlan1: Scanning for ap1-ssid
INFO     [2021-06-02 04:35:06,930]: *** sta1-wlan1: Scanning for ap1-ssid
INFO     [2021-06-02 04:35:09,709]: *** sta3-wlan1: Scanning for ap1-ssid
INFO     [2021-06-02 04:35:13,794]: *** sta1-wlan1: Scanning for ap1-ssid
INFO     [2021-06-02 04:35:16,518]: *** sta3-wlan1: Scanning for ap1-ssid
INFO     [2021-06-02 04:35:20,569]: *** sta1-wlan1: Scanning for ap1-ssid
INFO     [2021-06-02 04:35:23,298]: *** sta3-wlan1: Scanning for ap1-ssid
INFO     [2021-06-02 04:35:27,439]: *** sta1-wlan1: Scanning for ap1-ssid
INFO     [2021-06-02 04:35:30,198]: *** sta3-wlan1: Scanning for ap1-ssid
INFO     [2021-06-02 04:35:34,223]: *** sta1-wlan1: Scanning for ap1-ssid
INFO     [2021-06-02 04:35:36,962]: *** sta3-wlan1: Scanning for ap1-ssid
INFO     [2021-06-02 04:35:40,994]: *** sta1-wlan1: Scanning for ap1-ssid
INFO     [2021-06-02 04:35:43,755]: *** sta3-wlan1: Scanning for ap1-ssid
INFO     [2021-06-02 04:35:47,754]: *** sta1-wlan1: Scanning for ap1-ssid
INFO     [2021-06-02 04:35:50,543]: *** sta3-wlan1: Scanning for ap1-ssid
INFO     [2021-06-02 04:35:54,760]: *** sta1-wlan1: Scanning for ap1-ssid
INFO     [2021-06-02 04:35:57,357]: *** sta3-wlan1: Scanning for ap1-ssid
INFO     [2021-06-02 04:36:01,571]: *** sta1-wlan1: Scanning for ap1-ssid
INFO     [2021-06-02 04:36:04,171]: *** sta3-wlan1: Scanning for ap1-ssid
INFO     [2021-06-02 04:36:08,334]: *** sta1-wlan1: Scanning for ap1-ssid
INFO     [2021-06-02 04:36:10,946]: *** sta3-wlan1: Scanning for ap1-ssid
INFO     [2021-06-02 04:36:15,090]: *** sta1-wlan1: Scanning for ap1-ssid
INFO     [2021-06-02 04:36:17,740]: *** sta3-wlan1: Scanning for ap1-ssid
INFO     [2021-06-02 04:36:21,955]: *** sta1-wlan1: Scanning for ap1-ssid
INFO     [2021-06-02 04:36:24,574]: *** sta3-wlan1: Scanning for ap1-ssid
INFO     [2021-06-02 04:36:28,714]: *** sta1-wlan1: Scanning for ap1-ssid
INFO     [2021-06-02 04:36:31,358]: *** sta3-wlan1: Scanning for ap1-ssid
INFO     [2021-06-02 04:36:35,456]: *** sta1-wlan1: Scanning for ap1-ssid
INFO     [2021-06-02 04:36:36,367]: *** sta1-wlan1: Scan detected ap1-ssid in range (signal: -88.0 / -75.0)
INFO     [2021-06-02 04:36:37,378]: *** sta1-wlan1: Scan detected ap1-ssid in range (signal: -88.0 / -75.0)
INFO     [2021-06-02 04:36:38,116]: *** sta3-wlan1: Scanning for ap1-ssid
INFO     [2021-06-02 04:36:38,387]: *** sta3-wlan1: Scan detected ap1-ssid in range (signal: -89.0 / -75.0)
INFO     [2021-06-02 04:36:38,387]: *** sta1-wlan1: Scan detected ap1-ssid in range (signal: -88.0 / -75.0)
INFO     [2021-06-02 04:36:39,394]: *** sta1-wlan1: Scan detected ap1-ssid in range (signal: -88.0 / -75.0)
INFO     [2021-06-02 04:36:39,394]: *** sta3-wlan1: Scan detected ap1-ssid in range (signal: -89.0 / -75.0)
INFO     [2021-06-02 04:36:40,399]: *** sta3-wlan1: Scan detected ap1-ssid in range (signal: -89.0 / -75.0)
INFO     [2021-06-02 04:36:40,399]: *** sta1-wlan1: Scan detected ap1-ssid in range (signal: -88.0 / -75.0)
INFO     [2021-06-02 04:36:41,405]: *** sta1-wlan1: Scan detected ap1-ssid in range (signal: -88.0 / -75.0)
INFO     [2021-06-02 04:36:41,406]: *** sta3-wlan1: Scan detected ap1-ssid in range (signal: -89.0 / -75.0)
INFO     [2021-06-02 04:36:42,242]: *** sta1-wlan1: Scanning for ap1-ssid
INFO     [2021-06-02 04:36:42,409]: *** sta1-wlan1: Scan detected ap1-ssid in range (signal: -88.0 / -75.0)
INFO     [2021-06-02 04:36:42,410]: *** sta3-wlan1: Scan detected ap1-ssid in range (signal: -89.0 / -75.0)
INFO     [2021-06-02 04:36:43,415]: *** sta3-wlan1: Scan detected ap1-ssid in range (signal: -89.0 / -75.0)
INFO     [2021-06-02 04:36:43,415]: *** sta1-wlan1: Scan detected ap1-ssid in range (signal: -88.0 / -75.0)
INFO     [2021-06-02 04:36:44,422]: *** sta1-wlan1: Scan detected ap1-ssid in range (signal: -88.0 / -75.0)
INFO     [2021-06-02 04:36:44,423]: *** sta3-wlan1: Scan detected ap1-ssid in range (signal: -89.0 / -75.0)
INFO     [2021-06-02 04:36:44,915]: *** sta3-wlan1: Scanning for ap1-ssid
INFO     [2021-06-02 04:36:45,427]: *** sta1-wlan1: Scan detected ap1-ssid in range (signal: -88.0 / -75.0)
INFO     [2021-06-02 04:36:45,429]: *** sta3-wlan1: Scan detected ap1-ssid in range (signal: -89.0 / -75.0)
INFO     [2021-06-02 04:36:46,432]: *** sta1-wlan1: Scan detected ap1-ssid in range (signal: -88.0 / -75.0)
INFO     [2021-06-02 04:36:46,434]: *** sta3-wlan1: Scan detected ap1-ssid in range (signal: -89.0 / -75.0)
INFO     [2021-06-02 04:36:47,439]: *** sta3-wlan1: Scan detected ap1-ssid in range (signal: -89.0 / -75.0)
INFO     [2021-06-02 04:36:47,440]: *** sta1-wlan1: Scan detected ap1-ssid in range (signal: -88.0 / -75.0)
INFO     [2021-06-02 04:36:48,445]: *** sta3-wlan1: Scan detected ap1-ssid in range (signal: -89.0 / -75.0)
INFO     [2021-06-02 04:36:48,447]: *** sta1-wlan1: Scan detected ap1-ssid in range (signal: -88.0 / -75.0)
INFO     [2021-06-02 04:36:49,023]: *** sta1-wlan1: Scanning for ap1-ssid
INFO     [2021-06-02 04:36:49,450]: *** sta1-wlan1: Scan detected ap1-ssid in range (signal: -88.0 / -75.0)
INFO     [2021-06-02 04:36:49,450]: *** sta3-wlan1: Scan detected ap1-ssid in range (signal: -89.0 / -75.0)
INFO     [2021-06-02 04:36:50,456]: *** sta3-wlan1: Scan detected ap1-ssid in range (signal: -89.0 / -75.0)
INFO     [2021-06-02 04:36:50,456]: *** sta1-wlan1: Scan detected ap1-ssid in range (signal: -88.0 / -75.0)
INFO     [2021-06-02 04:36:51,460]: *** sta1-wlan1: Scan detected ap1-ssid in range (signal: -88.0 / -75.0)
INFO     [2021-06-02 04:36:51,461]: *** sta3-wlan1: Scan detected ap1-ssid in range (signal: -89.0 / -75.0)
INFO     [2021-06-02 04:36:51,690]: *** sta3-wlan1: Scanning for ap1-ssid
INFO     [2021-06-02 04:36:52,467]: *** sta1-wlan1: Scan detected ap1-ssid in range (signal: -88.0 / -75.0)
INFO     [2021-06-02 04:36:52,470]: *** sta3-wlan1: Scan detected ap1-ssid in range (signal: -89.0 / -75.0)
INFO     [2021-06-02 04:36:53,472]: *** sta1-wlan1: Scan detected ap1-ssid in range (signal: -88.0 / -75.0)
INFO     [2021-06-02 04:36:53,475]: *** sta3-wlan1: Scan detected ap1-ssid in range (signal: -89.0 / -75.0)
INFO     [2021-06-02 04:36:54,477]: *** sta1-wlan1: Scan detected ap1-ssid in range (signal: -88.0 / -75.0)
INFO     [2021-06-02 04:36:54,480]: *** sta3-wlan1: Scan detected ap1-ssid in range (signal: -89.0 / -75.0)
INFO     [2021-06-02 04:36:55,491]: *** sta1-wlan1: Scan detected ap1-ssid in range (signal: -88.0 / -75.0)
INFO     [2021-06-02 04:36:55,492]: *** sta3-wlan1: Scan detected ap1-ssid in range (signal: -89.0 / -75.0)
INFO     [2021-06-02 04:36:55,958]: *** sta1-wlan1: Scanning for ap1-ssid
INFO     [2021-06-02 04:36:56,496]: *** sta1-wlan1: Scan detected ap1-ssid in range (signal: -88.0 / -75.0)
INFO     [2021-06-02 04:36:56,498]: *** sta3-wlan1: Scan detected ap1-ssid in range (signal: -89.0 / -75.0)
INFO     [2021-06-02 04:36:57,501]: *** sta1-wlan1: Scan detected ap1-ssid in range (signal: -88.0 / -75.0)
INFO     [2021-06-02 04:36:57,504]: *** sta3-wlan1: Scan detected ap1-ssid in range (signal: -89.0 / -75.0)
INFO     [2021-06-02 04:36:58,506]: *** sta1-wlan1: Scan detected ap1-ssid in range (signal: -88.0 / -75.0)
INFO     [2021-06-02 04:36:58,509]: *** sta3-wlan1: Scan detected ap1-ssid in range (signal: -89.0 / -75.0)
INFO     [2021-06-02 04:36:58,794]: *** sta3-wlan1: Scanning for ap1-ssid
INFO     [2021-06-02 04:36:59,523]: *** sta1-wlan1: Scan detected ap1-ssid in range (signal: -88.0 / -75.0)
INFO     [2021-06-02 04:36:59,524]: *** sta3-wlan1: Scan detected ap1-ssid in range (signal: -89.0 / -75.0)
INFO     [2021-06-02 04:37:00,540]: *** sta3-wlan1: Scan detected ap1-ssid in range (signal: -89.0 / -75.0)
INFO     [2021-06-02 04:37:00,541]: *** sta1-wlan1: Scan detected ap1-ssid in range (signal: -88.0 / -75.0)
INFO     [2021-06-02 04:37:01,547]: *** sta1-wlan1: Scan detected ap1-ssid in range (signal: -88.0 / -75.0)
INFO     [2021-06-02 04:37:01,549]: *** sta3-wlan1: Scan detected ap1-ssid in range (signal: -89.0 / -75.0)
INFO     [2021-06-02 04:37:02,553]: *** sta3-wlan1: Scan detected ap1-ssid in range (signal: -89.0 / -75.0)
INFO     [2021-06-02 04:37:02,554]: *** sta1-wlan1: Scan detected ap1-ssid in range (signal: -88.0 / -75.0)
INFO     [2021-06-02 04:37:02,734]: *** sta1-wlan1: Scanning for ap1-ssid
INFO     [2021-06-02 04:37:03,559]: *** sta3-wlan1: Scan detected ap1-ssid in range (signal: -89.0 / -75.0)
INFO     [2021-06-02 04:37:03,559]: *** sta1-wlan1: Scan detected ap1-ssid in range (signal: -88.0 / -75.0)
INFO     [2021-06-02 04:37:04,567]: *** sta3-wlan1: Scan detected ap1-ssid in range (signal: -89.0 / -75.0)
INFO     [2021-06-02 04:37:04,567]: *** sta1-wlan1: Scan detected ap1-ssid in range (signal: -88.0 / -75.0)
INFO     [2021-06-02 04:37:05,571]: *** sta3-wlan1: Scanning for ap1-ssid
INFO     [2021-06-02 04:37:05,573]: *** sta3-wlan1: Scan detected ap1-ssid in range (signal: -89.0 / -75.0)
INFO     [2021-06-02 04:37:06,580]: *** sta3-wlan1: Scan detected ap1-ssid in range (signal: -89.0 / -75.0)
INFO     [2021-06-02 04:37:07,585]: *** sta3-wlan1: Scan detected ap1-ssid in range (signal: -89.0 / -75.0)
INFO     [2021-06-02 04:37:09,568]: *** sta1-wlan1: Scanning for ap1-ssid
INFO     [2021-06-02 04:37:12,471]: *** sta3-wlan1: Scanning for ap1-ssid
INFO     [2021-06-02 04:37:16,395]: *** sta1-wlan1: Scanning for ap1-ssid
INFO     [2021-06-02 04:37:19,295]: *** sta3-wlan1: Scanning for ap1-ssid
INFO     [2021-06-02 04:37:23,173]: *** sta1-wlan1: Scanning for ap1-ssid
INFO     [2021-06-02 04:37:26,115]: *** sta3-wlan1: Scanning for ap1-ssid
INFO     [2021-06-02 04:37:30,015]: *** sta1-wlan1: Scanning for ap1-ssid
INFO     [2021-06-02 04:37:32,931]: *** sta3-wlan1: Scanning for ap1-ssid
INFO     [2021-06-02 04:37:36,838]: *** sta1-wlan1: Scanning for ap1-ssid
INFO     [2021-06-02 04:37:37,787]: *** sta1-wlan1: Scan detected ap1-ssid in range (signal: -86.0 / -75.0)
INFO     [2021-06-02 04:37:38,792]: *** sta1-wlan1: Scan detected ap1-ssid in range (signal: -86.0 / -75.0)
INFO     [2021-06-02 04:37:39,730]: *** sta3-wlan1: Scanning for ap1-ssid
INFO     [2021-06-02 04:37:39,799]: *** sta1-wlan1: Scan detected ap1-ssid in range (signal: -86.0 / -75.0)
INFO     [2021-06-02 04:37:40,804]: *** sta1-wlan1: Scan detected ap1-ssid in range (signal: -86.0 / -75.0)
INFO     [2021-06-02 04:37:41,810]: *** sta1-wlan1: Scan detected ap1-ssid in range (signal: -86.0 / -75.0)
INFO     [2021-06-02 04:37:42,814]: *** sta1-wlan1: Scan detected ap1-ssid in range (signal: -86.0 / -75.0)
INFO     [2021-06-02 04:37:43,614]: *** sta1-wlan1: Scanning for ap1-ssid
INFO     [2021-06-02 04:37:43,822]: *** sta1-wlan1: Scan detected ap1-ssid in range (signal: -86.0 / -75.0)
INFO     [2021-06-02 04:37:44,827]: *** sta1-wlan1: Scan detected ap1-ssid in range (signal: -86.0 / -75.0)
INFO     [2021-06-02 04:37:45,831]: *** sta1-wlan1: Scan detected ap1-ssid in range (signal: -86.0 / -75.0)
INFO     [2021-06-02 04:37:46,473]: *** sta3-wlan1: Scanning for ap1-ssid
INFO     [2021-06-02 04:37:46,835]: *** sta3-wlan1: Scan detected ap1-ssid in range (signal: -89.0 / -75.0)
INFO     [2021-06-02 04:37:46,836]: *** sta1-wlan1: Scan detected ap1-ssid in range (signal: -86.0 / -75.0)
INFO     [2021-06-02 04:37:47,841]: *** sta3-wlan1: Scan detected ap1-ssid in range (signal: -89.0 / -75.0)
INFO     [2021-06-02 04:37:47,842]: *** sta1-wlan1: Scan detected ap1-ssid in range (signal: -86.0 / -75.0)
INFO     [2021-06-02 04:37:48,846]: *** sta3-wlan1: Scan detected ap1-ssid in range (signal: -89.0 / -75.0)
INFO     [2021-06-02 04:37:48,847]: *** sta1-wlan1: Scan detected ap1-ssid in range (signal: -86.0 / -75.0)
INFO     [2021-06-02 04:37:49,852]: *** sta1-wlan1: Scan detected ap1-ssid in range (signal: -86.0 / -75.0)
INFO     [2021-06-02 04:37:49,855]: *** sta3-wlan1: Scan detected ap1-ssid in range (signal: -89.0 / -75.0)
INFO     [2021-06-02 04:37:50,407]: *** sta1-wlan1: Scanning for ap1-ssid
INFO     [2021-06-02 04:37:50,857]: *** sta1-wlan1: Scan detected ap1-ssid in range (signal: -90.0 / -75.0)
INFO     [2021-06-02 04:37:50,860]: *** sta3-wlan1: Scan detected ap1-ssid in range (signal: -90.0 / -75.0)
INFO     [2021-06-02 04:37:51,862]: *** sta1-wlan1: Scan detected ap1-ssid in range (signal: -90.0 / -75.0)
INFO     [2021-06-02 04:37:51,864]: *** sta3-wlan1: Scan detected ap1-ssid in range (signal: -90.0 / -75.0)
INFO     [2021-06-02 04:37:52,873]: *** sta1-wlan1: Scan detected ap1-ssid in range (signal: -90.0 / -75.0)
INFO     [2021-06-02 04:37:52,873]: *** sta3-wlan1: Scan detected ap1-ssid in range (signal: -90.0 / -75.0)
INFO     [2021-06-02 04:37:53,267]: *** sta3-wlan1: Scanning for ap1-ssid
INFO     [2021-06-02 04:37:53,879]: *** sta3-wlan1: Scan detected ap1-ssid in range (signal: -90.0 / -75.0)
INFO     [2021-06-02 04:37:53,879]: *** sta1-wlan1: Scan detected ap1-ssid in range (signal: -90.0 / -75.0)
INFO     [2021-06-02 04:37:54,884]: *** sta3-wlan1: Scan detected ap1-ssid in range (signal: -90.0 / -75.0)
INFO     [2021-06-02 04:37:54,885]: *** sta1-wlan1: Scan detected ap1-ssid in range (signal: -90.0 / -75.0)
INFO     [2021-06-02 04:37:55,889]: *** sta3-wlan1: Scan detected ap1-ssid in range (signal: -90.0 / -75.0)
INFO     [2021-06-02 04:37:55,892]: *** sta1-wlan1: Scan detected ap1-ssid in range (signal: -90.0 / -75.0)
INFO     [2021-06-02 04:37:56,900]: *** sta3-wlan1: Scan detected ap1-ssid in range (signal: -90.0 / -75.0)
INFO     [2021-06-02 04:37:56,902]: *** sta1-wlan1: Scan detected ap1-ssid in range (signal: -90.0 / -75.0)
INFO     [2021-06-02 04:37:57,279]: *** sta1-wlan1: Scanning for ap1-ssid
INFO     [2021-06-02 04:37:57,912]: *** sta3-wlan1: Scan detected ap1-ssid in range (signal: -90.0 / -75.0)
INFO     [2021-06-02 04:37:57,914]: *** sta1-wlan1: Scan detected ap1-ssid in range (signal: -90.0 / -75.0)
INFO     [2021-06-02 04:37:58,916]: *** sta3-wlan1: Scan detected ap1-ssid in range (signal: -90.0 / -75.0)
INFO     [2021-06-02 04:37:58,918]: *** sta1-wlan1: Scan detected ap1-ssid in range (signal: -90.0 / -75.0)
INFO     [2021-06-02 04:37:59,923]: *** sta3-wlan1: Scan detected ap1-ssid in range (signal: -90.0 / -75.0)
INFO     [2021-06-02 04:37:59,924]: *** sta1-wlan1: Scan detected ap1-ssid in range (signal: -90.0 / -75.0)
INFO     [2021-06-02 04:38:00,145]: *** sta3-wlan1: Scanning for ap1-ssid
INFO     [2021-06-02 04:38:00,930]: *** sta1-wlan1: Scan detected ap1-ssid in range (signal: -90.0 / -75.0)
INFO     [2021-06-02 04:38:00,932]: *** sta3-wlan1: Scan detected ap1-ssid in range (signal: -89.0 / -75.0)
INFO     [2021-06-02 04:38:01,935]: *** sta3-wlan1: Scan detected ap1-ssid in range (signal: -89.0 / -75.0)
INFO     [2021-06-02 04:38:01,936]: *** sta1-wlan1: Scan detected ap1-ssid in range (signal: -90.0 / -75.0)
INFO     [2021-06-02 04:38:02,942]: *** sta3-wlan1: Scan detected ap1-ssid in range (signal: -89.0 / -75.0)
INFO     [2021-06-02 04:38:02,945]: *** sta1-wlan1: Scan detected ap1-ssid in range (signal: -90.0 / -75.0)
INFO     [2021-06-02 04:38:03,948]: *** sta3-wlan1: Scan detected ap1-ssid in range (signal: -89.0 / -75.0)
INFO     [2021-06-02 04:38:03,950]: *** sta1-wlan1: Scan detected ap1-ssid in range (signal: -90.0 / -75.0)
INFO     [2021-06-02 04:38:04,067]: *** sta1-wlan1: Scanning for ap1-ssid
INFO     [2021-06-02 04:38:04,953]: *** sta3-wlan1: Scan detected ap1-ssid in range (signal: -89.0 / -75.0)
INFO     [2021-06-02 04:38:04,955]: *** sta1-wlan1: Scan detected ap1-ssid in range (signal: -90.0 / -75.0)
INFO     [2021-06-02 04:38:05,966]: *** sta3-wlan1: Scan detected ap1-ssid in range (signal: -89.0 / -75.0)
INFO     [2021-06-02 04:38:05,969]: *** sta1-wlan1: Scan detected ap1-ssid in range (signal: -90.0 / -75.0)
INFO     [2021-06-02 04:38:06,923]: *** sta3-wlan1: Scanning for ap1-ssid
INFO     [2021-06-02 04:38:06,970]: *** sta3-wlan1: Scan detected ap1-ssid in range (signal: -89.0 / -75.0)
INFO     [2021-06-02 04:38:06,975]: *** sta1-wlan1: Scan detected ap1-ssid in range (signal: -90.0 / -75.0)
INFO     [2021-06-02 04:38:07,975]: *** sta3-wlan1: Scan detected ap1-ssid in range (signal: -89.0 / -75.0)
INFO     [2021-06-02 04:38:07,980]: *** sta1-wlan1: Scan detected ap1-ssid in range (signal: -90.0 / -75.0)
INFO     [2021-06-02 04:38:08,984]: *** sta3-wlan1: Scan detected ap1-ssid in range (signal: -89.0 / -75.0)
INFO     [2021-06-02 04:38:08,986]: *** sta1-wlan1: Scan detected ap1-ssid in range (signal: -90.0 / -75.0)
INFO     [2021-06-02 04:38:09,992]: *** sta1-wlan1: Scan detected ap1-ssid in range (signal: -90.0 / -75.0)
INFO     [2021-06-02 04:38:09,993]: *** sta3-wlan1: Scan detected ap1-ssid in range (signal: -89.0 / -75.0)
INFO     [2021-06-02 04:38:10,796]: *** sta1-wlan1: Scanning for ap1-ssid
INFO     [2021-06-02 04:38:11,000]: *** sta3-wlan1: Scan detected ap1-ssid in range (signal: -89.0 / -75.0)
INFO     [2021-06-02 04:38:11,000]: *** sta1-wlan1: Scan detected ap1-ssid in range (signal: -90.0 / -75.0)
INFO     [2021-06-02 04:38:12,005]: *** sta3-wlan1: Scan detected ap1-ssid in range (signal: -89.0 / -75.0)
INFO     [2021-06-02 04:38:12,006]: *** sta1-wlan1: Scan detected ap1-ssid in range (signal: -90.0 / -75.0)
INFO     [2021-06-02 04:38:13,012]: *** sta1-wlan1: Scan detected ap1-ssid in range (signal: -90.0 / -75.0)
INFO     [2021-06-02 04:38:13,014]: *** sta3-wlan1: Scan detected ap1-ssid in range (signal: -89.0 / -75.0)
INFO     [2021-06-02 04:38:13,694]: *** sta3-wlan1: Scanning for ap1-ssid
INFO     [2021-06-02 04:38:14,019]: *** sta3-wlan1: Scan detected ap1-ssid in range (signal: -88.0 / -75.0)
INFO     [2021-06-02 04:38:14,023]: *** sta1-wlan1: Scan detected ap1-ssid in range (signal: -90.0 / -75.0)
INFO     [2021-06-02 04:38:15,026]: *** sta3-wlan1: Scan detected ap1-ssid in range (signal: -88.0 / -75.0)
INFO     [2021-06-02 04:38:15,029]: *** sta1-wlan1: Scan detected ap1-ssid in range (signal: -90.0 / -75.0)
INFO     [2021-06-02 04:38:16,034]: *** sta1-wlan1: Scan detected ap1-ssid in range (signal: -90.0 / -75.0)
INFO     [2021-06-02 04:38:16,034]: *** sta3-wlan1: Scan detected ap1-ssid in range (signal: -88.0 / -75.0)
INFO     [2021-06-02 04:38:17,040]: *** sta1-wlan1: Scan detected ap1-ssid in range (signal: -90.0 / -75.0)
INFO     [2021-06-02 04:38:17,040]: *** sta3-wlan1: Scan detected ap1-ssid in range (signal: -88.0 / -75.0)
INFO     [2021-06-02 04:38:17,546]: *** sta1-wlan1: Scanning for ap1-ssid
INFO     [2021-06-02 04:38:18,045]: *** sta3-wlan1: Scan detected ap1-ssid in range (signal: -88.0 / -75.0)
INFO     [2021-06-02 04:38:18,045]: *** sta1-wlan1: Scan detected ap1-ssid in range (signal: -87.0 / -75.0)
INFO     [2021-06-02 04:38:19,051]: *** sta3-wlan1: Scan detected ap1-ssid in range (signal: -88.0 / -75.0)
INFO     [2021-06-02 04:38:19,051]: *** sta1-wlan1: Scan detected ap1-ssid in range (signal: -87.0 / -75.0)
INFO     [2021-06-02 04:38:20,057]: *** sta3-wlan1: Scan detected ap1-ssid in range (signal: -88.0 / -75.0)
INFO     [2021-06-02 04:38:20,057]: *** sta1-wlan1: Scan detected ap1-ssid in range (signal: -87.0 / -75.0)
INFO     [2021-06-02 04:38:20,485]: *** sta3-wlan1: Scanning for ap1-ssid
INFO     [2021-06-02 04:38:21,066]: *** sta3-wlan1: Scan detected ap1-ssid in range (signal: -88.0 / -75.0)
INFO     [2021-06-02 04:38:21,067]: *** sta1-wlan1: Scan detected ap1-ssid in range (signal: -87.0 / -75.0)
INFO     [2021-06-02 04:38:22,071]: *** sta1-wlan1: Scan detected ap1-ssid in range (signal: -87.0 / -75.0)
INFO     [2021-06-02 04:38:22,073]: *** sta3-wlan1: Scan detected ap1-ssid in range (signal: -88.0 / -75.0)
INFO     [2021-06-02 04:38:23,076]: *** sta1-wlan1: Scan detected ap1-ssid in range (signal: -87.0 / -75.0)
INFO     [2021-06-02 04:38:23,077]: *** sta3-wlan1: Scan detected ap1-ssid in range (signal: -88.0 / -75.0)
INFO     [2021-06-02 04:38:24,085]: *** sta3-wlan1: Scan detected ap1-ssid in range (signal: -88.0 / -75.0)
INFO     [2021-06-02 04:38:24,085]: *** sta1-wlan1: Scan detected ap1-ssid in range (signal: -87.0 / -75.0)
INFO     [2021-06-02 04:38:24,409]: *** sta1-wlan1: Scanning for ap1-ssid
INFO     [2021-06-02 04:38:25,090]: *** sta1-wlan1: Scan detected ap1-ssid in range (signal: -89.0 / -75.0)
INFO     [2021-06-02 04:38:25,091]: *** sta3-wlan1: Scan detected ap1-ssid in range (signal: -88.0 / -75.0)
INFO     [2021-06-02 04:38:26,095]: *** sta1-wlan1: Scan detected ap1-ssid in range (signal: -89.0 / -75.0)
INFO     [2021-06-02 04:38:26,096]: *** sta3-wlan1: Scan detected ap1-ssid in range (signal: -88.0 / -75.0)
INFO     [2021-06-02 04:38:27,101]: *** sta1-wlan1: Scan detected ap1-ssid in range (signal: -89.0 / -75.0)
INFO     [2021-06-02 04:38:27,103]: *** sta3-wlan1: Scan detected ap1-ssid in range (signal: -88.0 / -75.0)
INFO     [2021-06-02 04:38:27,354]: *** sta3-wlan1: Scanning for ap1-ssid
INFO     [2021-06-02 04:38:28,192]: *** sta3-wlan1: Scan detected ap1-ssid in range (signal: -89.0 / -75.0)
INFO     [2021-06-02 04:38:28,196]: *** sta1-wlan1: Scan detected ap1-ssid in range (signal: -89.0 / -75.0)
INFO     [2021-06-02 04:38:29,198]: *** sta3-wlan1: Scan detected ap1-ssid in range (signal: -89.0 / -75.0)
INFO     [2021-06-02 04:38:29,202]: *** sta1-wlan1: Scan detected ap1-ssid in range (signal: -89.0 / -75.0)
INFO     [2021-06-02 04:38:30,203]: *** sta3-wlan1: Scan detected ap1-ssid in range (signal: -89.0 / -75.0)
INFO     [2021-06-02 04:38:30,207]: *** sta1-wlan1: Scan detected ap1-ssid in range (signal: -89.0 / -75.0)
INFO     [2021-06-02 04:38:31,183]: *** sta1-wlan1: Scanning for ap1-ssid
INFO     [2021-06-02 04:38:31,210]: *** sta3-wlan1: Scan detected ap1-ssid in range (signal: -89.0 / -75.0)
INFO     [2021-06-02 04:38:31,212]: *** sta1-wlan1: Scan detected ap1-ssid in range (signal: -89.0 / -75.0)
INFO     [2021-06-02 04:38:32,216]: *** sta3-wlan1: Scan detected ap1-ssid in range (signal: -89.0 / -75.0)
INFO     [2021-06-02 04:38:32,219]: *** sta1-wlan1: Scan detected ap1-ssid in range (signal: -84.0 / -75.0)
INFO     [2021-06-02 04:38:33,225]: *** sta3-wlan1: Scan detected ap1-ssid in range (signal: -89.0 / -75.0)
INFO     [2021-06-02 04:38:33,226]: *** sta1-wlan1: Scan detected ap1-ssid in range (signal: -84.0 / -75.0)
INFO     [2021-06-02 04:38:34,115]: *** sta3-wlan1: Scanning for ap1-ssid
INFO     [2021-06-02 04:38:34,231]: *** sta3-wlan1: Scan detected ap1-ssid in range (signal: -82.0 / -75.0)
INFO     [2021-06-02 04:38:34,234]: *** sta1-wlan1: Scan detected ap1-ssid in range (signal: -84.0 / -75.0)
INFO     [2021-06-02 04:38:35,237]: *** sta3-wlan1: Scan detected ap1-ssid in range (signal: -82.0 / -75.0)
INFO     [2021-06-02 04:38:35,239]: *** sta1-wlan1: Scan detected ap1-ssid in range (signal: -84.0 / -75.0)
INFO     [2021-06-02 04:38:36,244]: *** sta3-wlan1: Scan detected ap1-ssid in range (signal: -82.0 / -75.0)
INFO     [2021-06-02 04:38:36,244]: *** sta1-wlan1: Scan detected ap1-ssid in range (signal: -84.0 / -75.0)
INFO     [2021-06-02 04:38:37,249]: *** sta3-wlan1: Scan detected ap1-ssid in range (signal: -82.0 / -75.0)
INFO     [2021-06-02 04:38:37,252]: *** sta1-wlan1: Scan detected ap1-ssid in range (signal: -84.0 / -75.0)
INFO     [2021-06-02 04:38:37,938]: *** sta1-wlan1: Scanning for ap1-ssid
INFO     [2021-06-02 04:38:38,254]: *** sta3-wlan1: Scan detected ap1-ssid in range (signal: -82.0 / -75.0)
INFO     [2021-06-02 04:38:38,256]: *** sta1-wlan1: Scan detected ap1-ssid in range (signal: -85.0 / -75.0)
INFO     [2021-06-02 04:38:39,260]: *** sta3-wlan1: Scan detected ap1-ssid in range (signal: -82.0 / -75.0)
INFO     [2021-06-02 04:38:39,261]: *** sta1-wlan1: Scan detected ap1-ssid in range (signal: -85.0 / -75.0)
INFO     [2021-06-02 04:38:40,265]: *** sta3-wlan1: Scan detected ap1-ssid in range (signal: -82.0 / -75.0)
INFO     [2021-06-02 04:38:40,266]: *** sta1-wlan1: Scan detected ap1-ssid in range (signal: -85.0 / -75.0)
INFO     [2021-06-02 04:38:40,875]: *** sta3-wlan1: Scanning for ap1-ssid
INFO     [2021-06-02 04:38:41,269]: *** sta3-wlan1: Scan detected ap1-ssid in range (signal: -83.0 / -75.0)
INFO     [2021-06-02 04:38:41,270]: *** sta1-wlan1: Scan detected ap1-ssid in range (signal: -85.0 / -75.0)
INFO     [2021-06-02 04:38:42,274]: *** sta3-wlan1: Scan detected ap1-ssid in range (signal: -83.0 / -75.0)
INFO     [2021-06-02 04:38:42,278]: *** sta1-wlan1: Scan detected ap1-ssid in range (signal: -85.0 / -75.0)
INFO     [2021-06-02 04:38:43,280]: *** sta3-wlan1: Scan detected ap1-ssid in range (signal: -83.0 / -75.0)
INFO     [2021-06-02 04:38:43,284]: *** sta1-wlan1: Scan detected ap1-ssid in range (signal: -85.0 / -75.0)
INFO     [2021-06-02 04:38:44,296]: *** sta3-wlan1: Scan detected ap1-ssid in range (signal: -83.0 / -75.0)
INFO     [2021-06-02 04:38:44,298]: *** sta1-wlan1: Scan detected ap1-ssid in range (signal: -85.0 / -75.0)
INFO     [2021-06-02 04:38:44,707]: *** sta1-wlan1: Scanning for ap1-ssid
INFO     [2021-06-02 04:38:45,303]: *** sta1-wlan1: Scan detected ap1-ssid in range (signal: -86.0 / -75.0)
INFO     [2021-06-02 04:38:45,304]: *** sta3-wlan1: Scan detected ap1-ssid in range (signal: -83.0 / -75.0)
INFO     [2021-06-02 04:38:46,310]: *** sta1-wlan1: Scan detected ap1-ssid in range (signal: -86.0 / -75.0)
INFO     [2021-06-02 04:38:46,313]: *** sta3-wlan1: Scan detected ap1-ssid in range (signal: -83.0 / -75.0)
INFO     [2021-06-02 04:38:47,314]: *** sta1-wlan1: Scan detected ap1-ssid in range (signal: -86.0 / -75.0)
INFO     [2021-06-02 04:38:47,318]: *** sta3-wlan1: Scan detected ap1-ssid in range (signal: -83.0 / -75.0)
INFO     [2021-06-02 04:38:47,648]: *** sta3-wlan1: Scanning for ap1-ssid
INFO     [2021-06-02 04:38:48,322]: *** sta3-wlan1: Scan detected ap1-ssid in range (signal: -83.0 / -75.0)
INFO     [2021-06-02 04:38:48,324]: *** sta1-wlan1: Scan detected ap1-ssid in range (signal: -86.0 / -75.0)
INFO     [2021-06-02 04:38:49,330]: *** sta3-wlan1: Scan detected ap1-ssid in range (signal: -83.0 / -75.0)
INFO     [2021-06-02 04:38:49,331]: *** sta1-wlan1: Scan detected ap1-ssid in range (signal: -86.0 / -75.0)
INFO     [2021-06-02 04:38:50,337]: *** sta3-wlan1: Scan detected ap1-ssid in range (signal: -83.0 / -75.0)
INFO     [2021-06-02 04:38:50,338]: *** sta1-wlan1: Scan detected ap1-ssid in range (signal: -86.0 / -75.0)
INFO     [2021-06-02 04:38:51,346]: *** sta1-wlan1: Scan detected ap1-ssid in range (signal: -86.0 / -75.0)
INFO     [2021-06-02 04:38:51,346]: *** sta3-wlan1: Scan detected ap1-ssid in range (signal: -83.0 / -75.0)
INFO     [2021-06-02 04:38:51,478]: *** sta1-wlan1: Scanning for ap1-ssid
INFO     [2021-06-02 04:38:52,353]: *** sta1-wlan1: Scan detected ap1-ssid in range (signal: -78.0 / -75.0)
INFO     [2021-06-02 04:38:52,354]: *** sta3-wlan1: Scan detected ap1-ssid in range (signal: -83.0 / -75.0)
INFO     [2021-06-02 04:38:53,360]: *** sta1-wlan1: Scan detected ap1-ssid in range (signal: -78.0 / -75.0)
INFO     [2021-06-02 04:38:53,361]: *** sta3-wlan1: Scan detected ap1-ssid in range (signal: -83.0 / -75.0)
INFO     [2021-06-02 04:38:54,370]: *** sta3-wlan1: Scan detected ap1-ssid in range (signal: -83.0 / -75.0)
INFO     [2021-06-02 04:38:54,371]: *** sta1-wlan1: Scan detected ap1-ssid in range (signal: -78.0 / -75.0)
INFO     [2021-06-02 04:38:54,425]: *** sta3-wlan1: Scanning for ap1-ssid
INFO     [2021-06-02 04:38:55,376]: *** sta3-wlan1: Scan detected ap1-ssid in range (signal: -85.0 / -75.0)
INFO     [2021-06-02 04:38:55,377]: *** sta1-wlan1: Scan detected ap1-ssid in range (signal: -78.0 / -75.0)
INFO     [2021-06-02 04:38:56,384]: *** sta1-wlan1: Scan detected ap1-ssid in range (signal: -78.0 / -75.0)
INFO     [2021-06-02 04:38:56,386]: *** sta3-wlan1: Scan detected ap1-ssid in range (signal: -85.0 / -75.0)
INFO     [2021-06-02 04:38:57,404]: *** sta3-wlan1: Scan detected ap1-ssid in range (signal: -85.0 / -75.0)
INFO     [2021-06-02 04:38:57,409]: *** sta1-wlan1: Scan detected ap1-ssid in range (signal: -78.0 / -75.0)
INFO     [2021-06-02 04:38:58,253]: *** sta1-wlan1: Scanning for ap1-ssid
INFO     [2021-06-02 04:38:58,413]: *** sta3-wlan1: Scan detected ap1-ssid in range (signal: -85.0 / -75.0)
INFO     [2021-06-02 04:38:58,415]: *** sta1-wlan1: Scan detected ap1-ssid in range (signal: -79.0 / -75.0)
INFO     [2021-06-02 04:38:59,418]: *** sta3-wlan1: Scan detected ap1-ssid in range (signal: -85.0 / -75.0)
INFO     [2021-06-02 04:38:59,421]: *** sta1-wlan1: Scan detected ap1-ssid in range (signal: -79.0 / -75.0)
INFO     [2021-06-02 04:39:00,423]: *** sta3-wlan1: Scan detected ap1-ssid in range (signal: -85.0 / -75.0)
INFO     [2021-06-02 04:39:00,427]: *** sta1-wlan1: Scan detected ap1-ssid in range (signal: -79.0 / -75.0)
INFO     [2021-06-02 04:39:01,290]: *** sta3-wlan1: Scanning for ap1-ssid
INFO     [2021-06-02 04:39:01,428]: *** sta3-wlan1: Scan detected ap1-ssid in range (signal: -82.0 / -75.0)
INFO     [2021-06-02 04:39:01,432]: *** sta1-wlan1: Scan detected ap1-ssid in range (signal: -79.0 / -75.0)
INFO     [2021-06-02 04:39:02,432]: *** sta3-wlan1: Scan detected ap1-ssid in range (signal: -82.0 / -75.0)
INFO     [2021-06-02 04:39:02,437]: *** sta1-wlan1: Scan detected ap1-ssid in range (signal: -79.0 / -75.0)
INFO     [2021-06-02 04:39:03,436]: *** sta3-wlan1: Scan detected ap1-ssid in range (signal: -82.0 / -75.0)
INFO     [2021-06-02 04:39:03,442]: *** sta1-wlan1: Scan detected ap1-ssid in range (signal: -79.0 / -75.0)
INFO     [2021-06-02 04:39:04,447]: *** sta3-wlan1: Scan detected ap1-ssid in range (signal: -82.0 / -75.0)
INFO     [2021-06-02 04:39:04,452]: *** sta1-wlan1: Scan detected ap1-ssid in range (signal: -79.0 / -75.0)
INFO     [2021-06-02 04:39:05,070]: *** sta1-wlan1: Scanning for ap1-ssid
INFO     [2021-06-02 04:39:05,452]: *** sta3-wlan1: Scan detected ap1-ssid in range (signal: -82.0 / -75.0)
INFO     [2021-06-02 04:39:05,456]: *** sta1-wlan1: Scan detected ap1-ssid in range (signal: -80.0 / -75.0)
INFO     [2021-06-02 04:39:06,457]: *** sta3-wlan1: Scan detected ap1-ssid in range (signal: -82.0 / -75.0)
INFO     [2021-06-02 04:39:06,461]: *** sta1-wlan1: Scan detected ap1-ssid in range (signal: -80.0 / -75.0)
INFO     [2021-06-02 04:39:07,462]: *** sta3-wlan1: Scan detected ap1-ssid in range (signal: -82.0 / -75.0)
INFO     [2021-06-02 04:39:07,465]: *** sta1-wlan1: Scan detected ap1-ssid in range (signal: -80.0 / -75.0)
INFO     [2021-06-02 04:39:08,054]: *** sta3-wlan1: Scanning for ap1-ssid
INFO     [2021-06-02 04:39:08,466]: *** sta3-wlan1: Scan detected ap1-ssid in range (signal: -82.0 / -75.0)
INFO     [2021-06-02 04:39:08,469]: *** sta1-wlan1: Scan detected ap1-ssid in range (signal: -80.0 / -75.0)
INFO     [2021-06-02 04:39:09,470]: *** sta3-wlan1: Scan detected ap1-ssid in range (signal: -82.0 / -75.0)
INFO     [2021-06-02 04:39:09,475]: *** sta1-wlan1: Scan detected ap1-ssid in range (signal: -80.0 / -75.0)
INFO     [2021-06-02 04:39:10,475]: *** sta3-wlan1: Scan detected ap1-ssid in range (signal: -82.0 / -75.0)
INFO     [2021-06-02 04:39:10,480]: *** sta1-wlan1: Scan detected ap1-ssid in range (signal: -80.0 / -75.0)
INFO     [2021-06-02 04:39:11,482]: *** sta3-wlan1: Scan detected ap1-ssid in range (signal: -82.0 / -75.0)
INFO     [2021-06-02 04:39:11,485]: *** sta1-wlan1: Scan detected ap1-ssid in range (signal: -80.0 / -75.0)
INFO     [2021-06-02 04:39:11,851]: *** sta1-wlan1: Scanning for ap1-ssid
INFO     [2021-06-02 04:39:12,486]: *** sta3-wlan1: Scan detected ap1-ssid in range (signal: -82.0 / -75.0)
INFO     [2021-06-02 04:39:12,490]: *** sta1-wlan1: Scan detected ap1-ssid in range (signal: -79.0 / -75.0)
INFO     [2021-06-02 04:39:13,491]: *** sta3-wlan1: Scan detected ap1-ssid in range (signal: -82.0 / -75.0)
INFO     [2021-06-02 04:39:13,496]: *** sta1-wlan1: Scan detected ap1-ssid in range (signal: -79.0 / -75.0)
INFO     [2021-06-02 04:39:14,496]: *** sta3-wlan1: Scan detected ap1-ssid in range (signal: -82.0 / -75.0)
INFO     [2021-06-02 04:39:14,500]: *** sta1-wlan1: Scan detected ap1-ssid in range (signal: -79.0 / -75.0)
INFO     [2021-06-02 04:39:14,846]: *** sta3-wlan1: Scanning for ap1-ssid
INFO     [2021-06-02 04:39:15,500]: *** sta3-wlan1: Scan detected ap1-ssid in range (signal: -81.0 / -75.0)
INFO     [2021-06-02 04:39:15,506]: *** sta1-wlan1: Scan detected ap1-ssid in range (signal: -79.0 / -75.0)
INFO     [2021-06-02 04:39:16,505]: *** sta3-wlan1: Scan detected ap1-ssid in range (signal: -81.0 / -75.0)
INFO     [2021-06-02 04:39:16,511]: *** sta1-wlan1: Scan detected ap1-ssid in range (signal: -79.0 / -75.0)
INFO     [2021-06-02 04:39:17,516]: *** sta1-wlan1: Scan detected ap1-ssid in range (signal: -79.0 / -75.0)
INFO     [2021-06-02 04:39:17,516]: *** sta3-wlan1: Scan detected ap1-ssid in range (signal: -81.0 / -75.0)
INFO     [2021-06-02 04:39:18,523]: *** sta3-wlan1: Scan detected ap1-ssid in range (signal: -81.0 / -75.0)
INFO     [2021-06-02 04:39:18,525]: *** sta1-wlan1: Scan detected ap1-ssid in range (signal: -79.0 / -75.0)
INFO     [2021-06-02 04:39:18,727]: *** sta1-wlan1: Scanning for ap1-ssid
INFO     [2021-06-02 04:39:19,537]: *** sta3-wlan1: Scan detected ap1-ssid in range (signal: -84.0 / -75.0)
INFO     [2021-06-02 04:39:19,541]: *** sta1-wlan1: Scan detected ap1-ssid in range (signal: -76.0 / -75.0)
INFO     [2021-06-02 04:39:20,545]: *** sta1-wlan1: Scan detected ap1-ssid in range (signal: -76.0 / -75.0)
INFO     [2021-06-02 04:39:20,545]: *** sta3-wlan1: Scan detected ap1-ssid in range (signal: -84.0 / -75.0)
INFO     [2021-06-02 04:39:21,554]: *** sta1-wlan1: Scan detected ap1-ssid in range (signal: -76.0 / -75.0)
INFO     [2021-06-02 04:39:21,554]: *** sta3-wlan1: Scan detected ap1-ssid in range (signal: -84.0 / -75.0)
INFO     [2021-06-02 04:39:21,658]: *** sta3-wlan1: Scanning for ap1-ssid
INFO     [2021-06-02 04:39:22,560]: *** sta1-wlan1: Scan detected ap1-ssid in range (signal: -76.0 / -75.0)
INFO     [2021-06-02 04:39:22,561]: *** sta3-wlan1: Scan detected ap1-ssid in range (signal: -80.0 / -75.0)
INFO     [2021-06-02 04:39:23,569]: *** sta3-wlan1: Scan detected ap1-ssid in range (signal: -80.0 / -75.0)
INFO     [2021-06-02 04:39:23,570]: *** sta1-wlan1: Scan detected ap1-ssid in range (signal: -79.0 / -75.0)
INFO     [2021-06-02 04:39:24,577]: *** sta1-wlan1: Scan detected ap1-ssid in range (signal: -79.0 / -75.0)
INFO     [2021-06-02 04:39:24,577]: *** sta3-wlan1: Scan detected ap1-ssid in range (signal: -80.0 / -75.0)
INFO     [2021-06-02 04:39:25,581]: *** sta1-wlan1: Scan detected ap1-ssid in range (signal: -79.0 / -75.0)
INFO     [2021-06-02 04:39:25,583]: *** sta3-wlan1: Scan detected ap1-ssid in range (signal: -80.0 / -75.0)
INFO     [2021-06-02 04:39:25,711]: *** sta1-wlan1: Scanning for ap1-ssid
INFO     [2021-06-02 04:39:26,589]: *** sta1-wlan1: Scan detected ap1-ssid in range (signal: -81.0 / -75.0)
INFO     [2021-06-02 04:39:26,590]: *** sta3-wlan1: Scan detected ap1-ssid in range (signal: -80.0 / -75.0)
INFO     [2021-06-02 04:39:27,594]: *** sta1-wlan1: Scan detected ap1-ssid in range (signal: -81.0 / -75.0)
INFO     [2021-06-02 04:39:27,596]: *** sta3-wlan1: Scan detected ap1-ssid in range (signal: -80.0 / -75.0)
INFO     [2021-06-02 04:39:28,444]: *** sta3-wlan1: Scanning for ap1-ssid
INFO     [2021-06-02 04:39:28,600]: *** sta1-wlan1: Scan detected ap1-ssid in range (signal: -81.0 / -75.0)
INFO     [2021-06-02 04:39:28,602]: *** sta3-wlan1: Scan detected ap1-ssid in range (signal: -78.0 / -75.0)
INFO     [2021-06-02 04:39:29,609]: *** sta1-wlan1: Scan detected ap1-ssid in range (signal: -76.0 / -75.0)
INFO     [2021-06-02 04:39:29,610]: *** sta3-wlan1: Scan detected ap1-ssid in range (signal: -78.0 / -75.0)
INFO     [2021-06-02 04:39:30,616]: *** sta1-wlan1: Scan detected ap1-ssid in range (signal: -76.0 / -75.0)
INFO     [2021-06-02 04:39:30,618]: *** sta3-wlan1: Scan detected ap1-ssid in range (signal: -78.0 / -75.0)
INFO     [2021-06-02 04:39:31,622]: *** sta1-wlan1: Scan detected ap1-ssid in range (signal: -76.0 / -75.0)
INFO     [2021-06-02 04:39:31,624]: *** sta3-wlan1: Scan detected ap1-ssid in range (signal: -78.0 / -75.0)
INFO     [2021-06-02 04:39:32,457]: *** sta1-wlan1: Scanning for ap1-ssid
INFO     [2021-06-02 04:39:32,628]: *** sta1-wlan1: Scan detected ap1-ssid in range (signal: -77.0 / -75.0)
INFO     [2021-06-02 04:39:32,629]: *** sta3-wlan1: Scan detected ap1-ssid in range (signal: -78.0 / -75.0)
INFO     [2021-06-02 04:39:33,632]: *** sta1-wlan1: Scan detected ap1-ssid in range (signal: -77.0 / -75.0)
INFO     [2021-06-02 04:39:33,634]: *** sta3-wlan1: Scan detected ap1-ssid in range (signal: -78.0 / -75.0)
INFO     [2021-06-02 04:39:34,638]: *** sta1-wlan1: Scan detected ap1-ssid in range (signal: -77.0 / -75.0)
INFO     [2021-06-02 04:39:34,640]: *** sta3-wlan1: Scan detected ap1-ssid in range (signal: -78.0 / -75.0)
INFO     [2021-06-02 04:39:35,215]: *** sta3-wlan1: Scanning for ap1-ssid
INFO     [2021-06-02 04:39:35,644]: *** sta1-wlan1: Scan detected ap1-ssid in range (signal: -77.0 / -75.0)
INFO     [2021-06-02 04:39:35,646]: *** sta3-wlan1: Scan detected ap1-ssid in range (signal: -72.0 / -75.0)
INFO     [2021-06-02 04:39:35,646]: *** sta3-wlan0: OLSR runnning: Killing olsrd process (PID: 103441)
INFO     [2021-06-02 04:39:35,646]: *** sta3-wlan0: Killed given olsrd process (PID: 103441)
INFO     [2021-06-02 04:39:35,667]: *** sta3-wlan0: IBSS leave completed
INFO     [2021-06-02 04:39:35,669]: *** sta3-wlan0: Set type to managed
INFO     [2021-06-02 04:39:36,649]: *** sta1-wlan1: Scan detected ap1-ssid in range (signal: -74.0 / -75.0)
INFO     [2021-06-02 04:39:36,650]: *** sta1-wlan0: OLSR runnning: Killing olsrd process (PID: 104050)
INFO     [2021-06-02 04:39:36,650]: *** sta1-wlan0: Killed given olsrd process (PID: 104050)
INFO     [2021-06-02 04:39:36,663]: *** sta1-wlan0: IBSS leave completed
INFO     [2021-06-02 04:39:36,665]: *** sta1-wlan0: Set type to managed
INFO     [2021-06-02 04:39:39,246]: *** sta1-wlan1: Scanning for ap1-ssid
INFO     [2021-06-02 04:39:39,462]: *** sta3-wlan0: Connected interface to ap1-ssid
INFO     [2021-06-02 04:39:40,450]: *** sta1-wlan0: Connected interface to ap1-ssid
