INFO     [2021-06-01 04:28:07,321]: *** sta1-wlan0: Started flexible_sdn.py
INFO     [2021-06-01 04:28:07,323]: *** sta1: Interface: sta1-wlan0, Scan-interface: sta1-wlan1
INFO     [2021-06-01 04:30:23,324]: *** sta1-wlan1: Scanner started. Searching for ap1-ssid with interval 2.0
INFO     [2021-06-01 04:30:25,326]: *** sta1-wlan1: Scanning for ap1-ssid
INFO     [2021-06-01 04:30:26,351]: *** sta1-wlan1: Scan detected ap1-ssid in range (signal: -85.0 / -80.0)
INFO     [2021-06-01 04:30:27,362]: *** sta1-wlan1: Scan detected ap1-ssid in range (signal: -85.0 / -80.0)
INFO     [2021-06-01 04:30:28,378]: *** sta1-wlan1: Scan detected ap1-ssid in range (signal: -85.0 / -80.0)
INFO     [2021-06-01 04:30:29,391]: *** sta1-wlan1: Scan detected ap1-ssid in range (signal: -88.0 / -80.0)
INFO     [2021-06-01 04:30:30,396]: *** sta1-wlan1: Scan detected ap1-ssid in range (signal: -88.0 / -80.0)
INFO     [2021-06-01 04:30:31,093]: *** sta1-wlan1: Scanning for ap1-ssid
INFO     [2021-06-01 04:30:31,401]: *** sta1-wlan1: Scan detected ap1-ssid in range (signal: -87.0 / -80.0)
INFO     [2021-06-01 04:30:32,412]: *** sta1-wlan1: Scan detected ap1-ssid in range (signal: -87.0 / -80.0)
INFO     [2021-06-01 04:30:33,418]: *** sta1-wlan1: Scan detected ap1-ssid in range (signal: -87.0 / -80.0)
INFO     [2021-06-01 04:30:34,422]: *** sta1-wlan1: Scan detected ap1-ssid in range (signal: -87.0 / -80.0)
INFO     [2021-06-01 04:30:35,425]: *** sta1-wlan1: Scan detected ap1-ssid in range (signal: -87.0 / -80.0)
INFO     [2021-06-01 04:30:36,431]: *** sta1-wlan1: Scan detected ap1-ssid in range (signal: -87.0 / -80.0)
INFO     [2021-06-01 04:30:36,961]: *** sta1-wlan1: Scanning for ap1-ssid
INFO     [2021-06-01 04:30:37,437]: *** sta1-wlan1: Scan detected ap1-ssid in range (signal: -86.0 / -80.0)
INFO     [2021-06-01 04:30:38,441]: *** sta1-wlan1: Scan detected ap1-ssid in range (signal: -86.0 / -80.0)
INFO     [2021-06-01 04:30:39,447]: *** sta1-wlan1: Scan detected ap1-ssid in range (signal: -86.0 / -80.0)
INFO     [2021-06-01 04:30:40,462]: *** sta1-wlan1: Scan detected ap1-ssid in range (signal: -86.0 / -80.0)
INFO     [2021-06-01 04:30:41,466]: *** sta1-wlan1: Scan detected ap1-ssid in range (signal: -86.0 / -80.0)
INFO     [2021-06-01 04:30:42,469]: *** sta1-wlan1: Scan detected ap1-ssid in range (signal: -86.0 / -80.0)
INFO     [2021-06-01 04:30:42,726]: *** sta1-wlan1: Scanning for ap1-ssid
INFO     [2021-06-01 04:30:43,474]: *** sta1-wlan1: Scan detected ap1-ssid in range (signal: -86.0 / -80.0)
INFO     [2021-06-01 04:30:44,479]: *** sta1-wlan1: Scan detected ap1-ssid in range (signal: -86.0 / -80.0)
INFO     [2021-06-01 04:30:45,484]: *** sta1-wlan1: Scan detected ap1-ssid in range (signal: -86.0 / -80.0)
INFO     [2021-06-01 04:30:46,489]: *** sta1-wlan1: Scan detected ap1-ssid in range (signal: -86.0 / -80.0)
INFO     [2021-06-01 04:30:47,496]: *** sta1-wlan1: Scan detected ap1-ssid in range (signal: -86.0 / -80.0)
INFO     [2021-06-01 04:30:48,498]: *** sta1-wlan1: Scanning for ap1-ssid
INFO     [2021-06-01 04:30:48,501]: *** sta1-wlan1: Scan detected ap1-ssid in range (signal: -86.0 / -80.0)
INFO     [2021-06-01 04:30:49,506]: *** sta1-wlan1: Scan detected ap1-ssid in range (signal: -88.0 / -80.0)
INFO     [2021-06-01 04:30:50,518]: *** sta1-wlan1: Scan detected ap1-ssid in range (signal: -88.0 / -80.0)
INFO     [2021-06-01 04:30:51,523]: *** sta1-wlan1: Scan detected ap1-ssid in range (signal: -88.0 / -80.0)
INFO     [2021-06-01 04:30:52,528]: *** sta1-wlan1: Scan detected ap1-ssid in range (signal: -88.0 / -80.0)
INFO     [2021-06-01 04:30:53,534]: *** sta1-wlan1: Scan detected ap1-ssid in range (signal: -88.0 / -80.0)
INFO     [2021-06-01 04:30:54,438]: *** sta1-wlan1: Scanning for ap1-ssid
INFO     [2021-06-01 04:30:54,540]: *** sta1-wlan1: Scan detected ap1-ssid in range (signal: -90.0 / -80.0)
INFO     [2021-06-01 04:30:55,545]: *** sta1-wlan1: Scan detected ap1-ssid in range (signal: -90.0 / -80.0)
INFO     [2021-06-01 04:30:56,551]: *** sta1-wlan1: Scan detected ap1-ssid in range (signal: -90.0 / -80.0)
INFO     [2021-06-01 04:30:57,556]: *** sta1-wlan1: Scan detected ap1-ssid in range (signal: -90.0 / -80.0)
INFO     [2021-06-01 04:30:58,562]: *** sta1-wlan1: Scan detected ap1-ssid in range (signal: -90.0 / -80.0)
INFO     [2021-06-01 04:30:59,569]: *** sta1-wlan1: Scan detected ap1-ssid in range (signal: -90.0 / -80.0)
INFO     [2021-06-01 04:31:00,202]: *** sta1-wlan1: Scanning for ap1-ssid
INFO     [2021-06-01 04:31:00,577]: *** sta1-wlan1: Scan detected ap1-ssid in range (signal: -90.0 / -80.0)
INFO     [2021-06-01 04:31:01,583]: *** sta1-wlan1: Scan detected ap1-ssid in range (signal: -90.0 / -80.0)
INFO     [2021-06-01 04:31:02,588]: *** sta1-wlan1: Scan detected ap1-ssid in range (signal: -90.0 / -80.0)
INFO     [2021-06-01 04:31:03,601]: *** sta1-wlan1: Scan detected ap1-ssid in range (signal: -90.0 / -80.0)
INFO     [2021-06-01 04:31:04,608]: *** sta1-wlan1: Scan detected ap1-ssid in range (signal: -90.0 / -80.0)
INFO     [2021-06-01 04:31:05,615]: *** sta1-wlan1: Scan detected ap1-ssid in range (signal: -90.0 / -80.0)
INFO     [2021-06-01 04:31:05,981]: *** sta1-wlan1: Scanning for ap1-ssid
INFO     [2021-06-01 04:31:06,621]: *** sta1-wlan1: Scan detected ap1-ssid in range (signal: -90.0 / -80.0)
INFO     [2021-06-01 04:31:07,626]: *** sta1-wlan1: Scan detected ap1-ssid in range (signal: -90.0 / -80.0)
INFO     [2021-06-01 04:31:08,637]: *** sta1-wlan1: Scan detected ap1-ssid in range (signal: -90.0 / -80.0)
INFO     [2021-06-01 04:31:09,643]: *** sta1-wlan1: Scan detected ap1-ssid in range (signal: -90.0 / -80.0)
INFO     [2021-06-01 04:31:10,649]: *** sta1-wlan1: Scan detected ap1-ssid in range (signal: -90.0 / -80.0)
INFO     [2021-06-01 04:31:11,654]: *** sta1-wlan1: Scan detected ap1-ssid in range (signal: -90.0 / -80.0)
INFO     [2021-06-01 04:31:11,733]: *** sta1-wlan1: Scanning for ap1-ssid
INFO     [2021-06-01 04:31:12,663]: *** sta1-wlan1: Scan detected ap1-ssid in range (signal: -90.0 / -80.0)
INFO     [2021-06-01 04:31:13,668]: *** sta1-wlan1: Scan detected ap1-ssid in range (signal: -90.0 / -80.0)
INFO     [2021-06-01 04:31:14,683]: *** sta1-wlan1: Scan detected ap1-ssid in range (signal: -90.0 / -80.0)
INFO     [2021-06-01 04:31:15,689]: *** sta1-wlan1: Scan detected ap1-ssid in range (signal: -90.0 / -80.0)
INFO     [2021-06-01 04:31:16,694]: *** sta1-wlan1: Scan detected ap1-ssid in range (signal: -90.0 / -80.0)
INFO     [2021-06-01 04:31:17,688]: *** sta1-wlan1: Scanning for ap1-ssid
INFO     [2021-06-01 04:31:17,699]: *** sta1-wlan1: Scan detected ap1-ssid in range (signal: -90.0 / -80.0)
INFO     [2021-06-01 04:31:18,705]: *** sta1-wlan1: Scan detected ap1-ssid in range (signal: -90.0 / -80.0)
INFO     [2021-06-01 04:31:19,712]: *** sta1-wlan1: Scan detected ap1-ssid in range (signal: -90.0 / -80.0)
INFO     [2021-06-01 04:31:20,726]: *** sta1-wlan1: Scan detected ap1-ssid in range (signal: -90.0 / -80.0)
INFO     [2021-06-01 04:31:21,773]: *** sta1-wlan1: Scan detected ap1-ssid in range (signal: -90.0 / -80.0)
INFO     [2021-06-01 04:31:22,781]: *** sta1-wlan1: Scan detected ap1-ssid in range (signal: -90.0 / -80.0)
INFO     [2021-06-01 04:31:23,479]: *** sta1-wlan1: Scanning for ap1-ssid
INFO     [2021-06-01 04:31:23,788]: *** sta1-wlan1: Scan detected ap1-ssid in range (signal: -90.0 / -80.0)
INFO     [2021-06-01 04:31:24,793]: *** sta1-wlan1: Scan detected ap1-ssid in range (signal: -90.0 / -80.0)
INFO     [2021-06-01 04:31:25,798]: *** sta1-wlan1: Scan detected ap1-ssid in range (signal: -90.0 / -80.0)
INFO     [2021-06-01 04:31:26,803]: *** sta1-wlan1: Scan detected ap1-ssid in range (signal: -90.0 / -80.0)
INFO     [2021-06-01 04:31:27,813]: *** sta1-wlan1: Scan detected ap1-ssid in range (signal: -90.0 / -80.0)
INFO     [2021-06-01 04:31:29,345]: *** sta1-wlan1: Scanning for ap1-ssid
INFO     [2021-06-01 04:31:35,594]: *** sta1-wlan1: Scanning for ap1-ssid
INFO     [2021-06-01 04:31:41,445]: *** sta1-wlan1: Scanning for ap1-ssid
INFO     [2021-06-01 04:31:47,197]: *** sta1-wlan1: Scanning for ap1-ssid
INFO     [2021-06-01 04:31:53,022]: *** sta1-wlan1: Scanning for ap1-ssid
INFO     [2021-06-01 04:31:59,104]: *** sta1-wlan1: Scanning for ap1-ssid
INFO     [2021-06-01 04:32:04,878]: *** sta1-wlan1: Scanning for ap1-ssid
INFO     [2021-06-01 04:32:10,663]: *** sta1-wlan1: Scanning for ap1-ssid
INFO     [2021-06-01 04:32:16,425]: *** sta1-wlan1: Scanning for ap1-ssid
INFO     [2021-06-01 04:32:22,207]: *** sta1-wlan1: Scanning for ap1-ssid
INFO     [2021-06-01 04:32:28,006]: *** sta1-wlan1: Scanning for ap1-ssid
INFO     [2021-06-01 04:32:33,822]: *** sta1-wlan1: Scanning for ap1-ssid
INFO     [2021-06-01 04:32:39,646]: *** sta1-wlan1: Scanning for ap1-ssid
INFO     [2021-06-01 04:32:45,442]: *** sta1-wlan1: Scanning for ap1-ssid
INFO     [2021-06-01 04:32:51,193]: *** sta1-wlan1: Scanning for ap1-ssid
INFO     [2021-06-01 04:32:57,169]: *** sta1-wlan1: Scanning for ap1-ssid
INFO     [2021-06-01 04:33:02,920]: *** sta1-wlan1: Scanning for ap1-ssid
INFO     [2021-06-01 04:33:03,530]: *** sta1-wlan1: Scan detected ap1-ssid in range (signal: -89.0 / -80.0)
INFO     [2021-06-01 04:33:04,534]: *** sta1-wlan1: Scan detected ap1-ssid in range (signal: -89.0 / -80.0)
INFO     [2021-06-01 04:33:05,541]: *** sta1-wlan1: Scan detected ap1-ssid in range (signal: -89.0 / -80.0)
INFO     [2021-06-01 04:33:06,548]: *** sta1-wlan1: Scan detected ap1-ssid in range (signal: -89.0 / -80.0)
INFO     [2021-06-01 04:33:07,556]: *** sta1-wlan1: Scan detected ap1-ssid in range (signal: -89.0 / -80.0)
INFO     [2021-06-01 04:33:08,562]: *** sta1-wlan1: Scan detected ap1-ssid in range (signal: -89.0 / -80.0)
INFO     [2021-06-01 04:33:08,734]: *** sta1-wlan1: Scanning for ap1-ssid
INFO     [2021-06-01 04:33:09,568]: *** sta1-wlan1: Scan detected ap1-ssid in range (signal: -89.0 / -80.0)
INFO     [2021-06-01 04:33:10,581]: *** sta1-wlan1: Scan detected ap1-ssid in range (signal: -89.0 / -80.0)
INFO     [2021-06-01 04:33:11,585]: *** sta1-wlan1: Scan detected ap1-ssid in range (signal: -89.0 / -80.0)
INFO     [2021-06-01 04:33:12,592]: *** sta1-wlan1: Scan detected ap1-ssid in range (signal: -89.0 / -80.0)
INFO     [2021-06-01 04:33:13,598]: *** sta1-wlan1: Scan detected ap1-ssid in range (signal: -89.0 / -80.0)
INFO     [2021-06-01 04:33:14,603]: *** sta1-wlan1: Scan detected ap1-ssid in range (signal: -89.0 / -80.0)
INFO     [2021-06-01 04:33:14,730]: *** sta1-wlan1: Scanning for ap1-ssid
INFO     [2021-06-01 04:33:15,608]: *** sta1-wlan1: Scan detected ap1-ssid in range (signal: -89.0 / -80.0)
INFO     [2021-06-01 04:33:16,618]: *** sta1-wlan1: Scan detected ap1-ssid in range (signal: -89.0 / -80.0)
INFO     [2021-06-01 04:33:17,625]: *** sta1-wlan1: Scan detected ap1-ssid in range (signal: -89.0 / -80.0)
INFO     [2021-06-01 04:33:18,631]: *** sta1-wlan1: Scan detected ap1-ssid in range (signal: -89.0 / -80.0)
INFO     [2021-06-01 04:33:19,640]: *** sta1-wlan1: Scan detected ap1-ssid in range (signal: -89.0 / -80.0)
INFO     [2021-06-01 04:33:20,602]: *** sta1-wlan1: Scanning for ap1-ssid
INFO     [2021-06-01 04:33:20,651]: *** sta1-wlan1: Scan detected ap1-ssid in range (signal: -89.0 / -80.0)
INFO     [2021-06-01 04:33:21,656]: *** sta1-wlan1: Scan detected ap1-ssid in range (signal: -89.0 / -80.0)
INFO     [2021-06-01 04:33:22,662]: *** sta1-wlan1: Scan detected ap1-ssid in range (signal: -89.0 / -80.0)
INFO     [2021-06-01 04:33:23,668]: *** sta1-wlan1: Scan detected ap1-ssid in range (signal: -89.0 / -80.0)
INFO     [2021-06-01 04:33:24,675]: *** sta1-wlan1: Scan detected ap1-ssid in range (signal: -89.0 / -80.0)
INFO     [2021-06-01 04:33:25,681]: *** sta1-wlan1: Scan detected ap1-ssid in range (signal: -89.0 / -80.0)
INFO     [2021-06-01 04:33:26,392]: *** sta1-wlan1: Scanning for ap1-ssid
INFO     [2021-06-01 04:33:26,696]: *** sta1-wlan1: Scan detected ap1-ssid in range (signal: -89.0 / -80.0)
INFO     [2021-06-01 04:33:27,706]: *** sta1-wlan1: Scan detected ap1-ssid in range (signal: -89.0 / -80.0)
INFO     [2021-06-01 04:33:28,713]: *** sta1-wlan1: Scan detected ap1-ssid in range (signal: -89.0 / -80.0)
INFO     [2021-06-01 04:33:29,719]: *** sta1-wlan1: Scan detected ap1-ssid in range (signal: -89.0 / -80.0)
INFO     [2021-06-01 04:33:30,725]: *** sta1-wlan1: Scan detected ap1-ssid in range (signal: -89.0 / -80.0)
INFO     [2021-06-01 04:33:31,730]: *** sta1-wlan1: Scan detected ap1-ssid in range (signal: -89.0 / -80.0)
INFO     [2021-06-01 04:33:32,153]: *** sta1-wlan1: Scanning for ap1-ssid
INFO     [2021-06-01 04:33:32,735]: *** sta1-wlan1: Scan detected ap1-ssid in range (signal: -89.0 / -80.0)
INFO     [2021-06-01 04:33:33,740]: *** sta1-wlan1: Scan detected ap1-ssid in range (signal: -89.0 / -80.0)
INFO     [2021-06-01 04:33:34,750]: *** sta1-wlan1: Scan detected ap1-ssid in range (signal: -89.0 / -80.0)
INFO     [2021-06-01 04:33:35,755]: *** sta1-wlan1: Scan detected ap1-ssid in range (signal: -89.0 / -80.0)
INFO     [2021-06-01 04:33:36,760]: *** sta1-wlan1: Scan detected ap1-ssid in range (signal: -89.0 / -80.0)
INFO     [2021-06-01 04:33:37,765]: *** sta1-wlan1: Scan detected ap1-ssid in range (signal: -89.0 / -80.0)
INFO     [2021-06-01 04:33:37,914]: *** sta1-wlan1: Scanning for ap1-ssid
INFO     [2021-06-01 04:33:38,770]: *** sta1-wlan1: Scan detected ap1-ssid in range (signal: -89.0 / -80.0)
INFO     [2021-06-01 04:33:39,775]: *** sta1-wlan1: Scan detected ap1-ssid in range (signal: -89.0 / -80.0)
INFO     [2021-06-01 04:33:40,780]: *** sta1-wlan1: Scan detected ap1-ssid in range (signal: -89.0 / -80.0)
INFO     [2021-06-01 04:33:41,785]: *** sta1-wlan1: Scan detected ap1-ssid in range (signal: -89.0 / -80.0)
INFO     [2021-06-01 04:33:42,794]: *** sta1-wlan1: Scan detected ap1-ssid in range (signal: -89.0 / -80.0)
INFO     [2021-06-01 04:33:43,665]: *** sta1-wlan1: Scanning for ap1-ssid
INFO     [2021-06-01 04:33:43,800]: *** sta1-wlan1: Scan detected ap1-ssid in range (signal: -89.0 / -80.0)
INFO     [2021-06-01 04:33:44,805]: *** sta1-wlan1: Scan detected ap1-ssid in range (signal: -89.0 / -80.0)
INFO     [2021-06-01 04:33:45,810]: *** sta1-wlan1: Scan detected ap1-ssid in range (signal: -89.0 / -80.0)
INFO     [2021-06-01 04:33:46,823]: *** sta1-wlan1: Scan detected ap1-ssid in range (signal: -89.0 / -80.0)
INFO     [2021-06-01 04:33:47,828]: *** sta1-wlan1: Scan detected ap1-ssid in range (signal: -89.0 / -80.0)
INFO     [2021-06-01 04:33:48,832]: *** sta1-wlan1: Scan detected ap1-ssid in range (signal: -89.0 / -80.0)
INFO     [2021-06-01 04:33:49,458]: *** sta1-wlan1: Scanning for ap1-ssid
INFO     [2021-06-01 04:33:49,924]: *** sta1-wlan1: Scan detected ap1-ssid in range (signal: -89.0 / -80.0)
INFO     [2021-06-01 04:33:50,931]: *** sta1-wlan1: Scan detected ap1-ssid in range (signal: -89.0 / -80.0)
INFO     [2021-06-01 04:33:51,935]: *** sta1-wlan1: Scan detected ap1-ssid in range (signal: -89.0 / -80.0)
INFO     [2021-06-01 04:33:52,941]: *** sta1-wlan1: Scan detected ap1-ssid in range (signal: -89.0 / -80.0)
INFO     [2021-06-01 04:33:53,952]: *** sta1-wlan1: Scan detected ap1-ssid in range (signal: -89.0 / -80.0)
INFO     [2021-06-01 04:33:54,957]: *** sta1-wlan1: Scan detected ap1-ssid in range (signal: -89.0 / -80.0)
INFO     [2021-06-01 04:33:55,477]: *** sta1-wlan1: Scanning for ap1-ssid
INFO     [2021-06-01 04:33:55,962]: *** sta1-wlan1: Scan detected ap1-ssid in range (signal: -88.0 / -80.0)
INFO     [2021-06-01 04:33:56,968]: *** sta1-wlan1: Scan detected ap1-ssid in range (signal: -88.0 / -80.0)
INFO     [2021-06-01 04:33:57,974]: *** sta1-wlan1: Scan detected ap1-ssid in range (signal: -88.0 / -80.0)
INFO     [2021-06-01 04:33:58,979]: *** sta1-wlan1: Scan detected ap1-ssid in range (signal: -88.0 / -80.0)
INFO     [2021-06-01 04:33:59,984]: *** sta1-wlan1: Scan detected ap1-ssid in range (signal: -88.0 / -80.0)
INFO     [2021-06-01 04:34:00,995]: *** sta1-wlan1: Scan detected ap1-ssid in range (signal: -88.0 / -80.0)
INFO     [2021-06-01 04:34:01,235]: *** sta1-wlan1: Scanning for ap1-ssid
INFO     [2021-06-01 04:34:02,000]: *** sta1-wlan1: Scan detected ap1-ssid in range (signal: -88.0 / -80.0)
INFO     [2021-06-01 04:34:03,004]: *** sta1-wlan1: Scan detected ap1-ssid in range (signal: -88.0 / -80.0)
INFO     [2021-06-01 04:34:04,011]: *** sta1-wlan1: Scan detected ap1-ssid in range (signal: -88.0 / -80.0)
INFO     [2021-06-01 04:34:05,025]: *** sta1-wlan1: Scan detected ap1-ssid in range (signal: -88.0 / -80.0)
INFO     [2021-06-01 04:34:06,030]: *** sta1-wlan1: Scan detected ap1-ssid in range (signal: -88.0 / -80.0)
INFO     [2021-06-01 04:34:07,029]: *** sta1-wlan1: Scanning for ap1-ssid
INFO     [2021-06-01 04:34:07,034]: *** sta1-wlan1: Scan detected ap1-ssid in range (signal: -88.0 / -80.0)
INFO     [2021-06-01 04:34:08,041]: *** sta1-wlan1: Scan detected ap1-ssid in range (signal: -88.0 / -80.0)
INFO     [2021-06-01 04:34:09,046]: *** sta1-wlan1: Scan detected ap1-ssid in range (signal: -88.0 / -80.0)
INFO     [2021-06-01 04:34:10,050]: *** sta1-wlan1: Scan detected ap1-ssid in range (signal: -88.0 / -80.0)
INFO     [2021-06-01 04:34:11,055]: *** sta1-wlan1: Scan detected ap1-ssid in range (signal: -88.0 / -80.0)
INFO     [2021-06-01 04:34:12,060]: *** sta1-wlan1: Scan detected ap1-ssid in range (signal: -88.0 / -80.0)
INFO     [2021-06-01 04:34:13,001]: *** sta1-wlan1: Scanning for ap1-ssid
INFO     [2021-06-01 04:34:13,066]: *** sta1-wlan1: Scan detected ap1-ssid in range (signal: -88.0 / -80.0)
INFO     [2021-06-01 04:34:14,071]: *** sta1-wlan1: Scan detected ap1-ssid in range (signal: -88.0 / -80.0)
INFO     [2021-06-01 04:34:15,075]: *** sta1-wlan1: Scan detected ap1-ssid in range (signal: -88.0 / -80.0)
INFO     [2021-06-01 04:34:16,080]: *** sta1-wlan1: Scan detected ap1-ssid in range (signal: -88.0 / -80.0)
INFO     [2021-06-01 04:34:17,089]: *** sta1-wlan1: Scan detected ap1-ssid in range (signal: -88.0 / -80.0)
INFO     [2021-06-01 04:34:18,095]: *** sta1-wlan1: Scan detected ap1-ssid in range (signal: -88.0 / -80.0)
INFO     [2021-06-01 04:34:18,777]: *** sta1-wlan1: Scanning for ap1-ssid
INFO     [2021-06-01 04:34:19,100]: *** sta1-wlan1: Scan detected ap1-ssid in range (signal: -88.0 / -80.0)
INFO     [2021-06-01 04:34:20,104]: *** sta1-wlan1: Scan detected ap1-ssid in range (signal: -88.0 / -80.0)
INFO     [2021-06-01 04:34:21,110]: *** sta1-wlan1: Scan detected ap1-ssid in range (signal: -88.0 / -80.0)
INFO     [2021-06-01 04:34:22,115]: *** sta1-wlan1: Scan detected ap1-ssid in range (signal: -88.0 / -80.0)
INFO     [2021-06-01 04:34:23,120]: *** sta1-wlan1: Scan detected ap1-ssid in range (signal: -88.0 / -80.0)
INFO     [2021-06-01 04:34:24,126]: *** sta1-wlan1: Scan detected ap1-ssid in range (signal: -88.0 / -80.0)
INFO     [2021-06-01 04:34:24,609]: *** sta1-wlan1: Scanning for ap1-ssid
INFO     [2021-06-01 04:34:25,132]: *** sta1-wlan1: Scan detected ap1-ssid in range (signal: -88.0 / -80.0)
INFO     [2021-06-01 04:34:26,139]: *** sta1-wlan1: Scan detected ap1-ssid in range (signal: -88.0 / -80.0)
INFO     [2021-06-01 04:34:27,153]: *** sta1-wlan1: Scan detected ap1-ssid in range (signal: -88.0 / -80.0)
INFO     [2021-06-01 04:34:28,160]: *** sta1-wlan1: Scan detected ap1-ssid in range (signal: -88.0 / -80.0)
INFO     [2021-06-01 04:34:29,164]: *** sta1-wlan1: Scan detected ap1-ssid in range (signal: -88.0 / -80.0)
INFO     [2021-06-01 04:34:30,649]: *** sta1-wlan1: Scanning for ap1-ssid
INFO     [2021-06-01 04:34:36,593]: *** sta1-wlan1: Scanning for ap1-ssid
INFO     [2021-06-01 04:34:42,361]: *** sta1-wlan1: Scanning for ap1-ssid
INFO     [2021-06-01 04:34:43,236]: *** sta1-wlan1: Scan detected ap1-ssid in range (signal: -90.0 / -80.0)
INFO     [2021-06-01 04:34:44,241]: *** sta1-wlan1: Scan detected ap1-ssid in range (signal: -90.0 / -80.0)
INFO     [2021-06-01 04:34:45,247]: *** sta1-wlan1: Scan detected ap1-ssid in range (signal: -90.0 / -80.0)
INFO     [2021-06-01 04:34:46,252]: *** sta1-wlan1: Scan detected ap1-ssid in range (signal: -90.0 / -80.0)
INFO     [2021-06-01 04:34:47,260]: *** sta1-wlan1: Scan detected ap1-ssid in range (signal: -90.0 / -80.0)
INFO     [2021-06-01 04:34:48,218]: *** sta1-wlan1: Scanning for ap1-ssid
INFO     [2021-06-01 04:34:48,266]: *** sta1-wlan1: Scan detected ap1-ssid in range (signal: -90.0 / -80.0)
INFO     [2021-06-01 04:34:49,271]: *** sta1-wlan1: Scan detected ap1-ssid in range (signal: -90.0 / -80.0)
INFO     [2021-06-01 04:34:50,276]: *** sta1-wlan1: Scan detected ap1-ssid in range (signal: -90.0 / -80.0)
INFO     [2021-06-01 04:34:51,288]: *** sta1-wlan1: Scan detected ap1-ssid in range (signal: -90.0 / -80.0)
INFO     [2021-06-01 04:34:52,293]: *** sta1-wlan1: Scan detected ap1-ssid in range (signal: -90.0 / -80.0)
INFO     [2021-06-01 04:34:53,298]: *** sta1-wlan1: Scan detected ap1-ssid in range (signal: -90.0 / -80.0)
INFO     [2021-06-01 04:34:53,997]: *** sta1-wlan1: Scanning for ap1-ssid
INFO     [2021-06-01 04:34:54,304]: *** sta1-wlan1: Scan detected ap1-ssid in range (signal: -90.0 / -80.0)
INFO     [2021-06-01 04:34:55,309]: *** sta1-wlan1: Scan detected ap1-ssid in range (signal: -90.0 / -80.0)
INFO     [2021-06-01 04:34:56,313]: *** sta1-wlan1: Scan detected ap1-ssid in range (signal: -90.0 / -80.0)
INFO     [2021-06-01 04:34:57,318]: *** sta1-wlan1: Scan detected ap1-ssid in range (signal: -90.0 / -80.0)
INFO     [2021-06-01 04:34:58,322]: *** sta1-wlan1: Scan detected ap1-ssid in range (signal: -90.0 / -80.0)
INFO     [2021-06-01 04:34:59,332]: *** sta1-wlan1: Scan detected ap1-ssid in range (signal: -90.0 / -80.0)
INFO     [2021-06-01 04:34:59,999]: *** sta1-wlan1: Scanning for ap1-ssid
INFO     [2021-06-01 04:35:00,337]: *** sta1-wlan1: Scan detected ap1-ssid in range (signal: -90.0 / -80.0)
INFO     [2021-06-01 04:35:01,341]: *** sta1-wlan1: Scan detected ap1-ssid in range (signal: -90.0 / -80.0)
INFO     [2021-06-01 04:35:02,347]: *** sta1-wlan1: Scan detected ap1-ssid in range (signal: -90.0 / -80.0)
INFO     [2021-06-01 04:35:03,352]: *** sta1-wlan1: Scan detected ap1-ssid in range (signal: -90.0 / -80.0)
INFO     [2021-06-01 04:35:04,360]: *** sta1-wlan1: Scan detected ap1-ssid in range (signal: -90.0 / -80.0)
INFO     [2021-06-01 04:35:05,367]: *** sta1-wlan1: Scan detected ap1-ssid in range (signal: -90.0 / -80.0)
INFO     [2021-06-01 04:35:05,790]: *** sta1-wlan1: Scanning for ap1-ssid
INFO     [2021-06-01 04:35:06,376]: *** sta1-wlan1: Scan detected ap1-ssid in range (signal: -90.0 / -80.0)
INFO     [2021-06-01 04:35:07,381]: *** sta1-wlan1: Scan detected ap1-ssid in range (signal: -90.0 / -80.0)
INFO     [2021-06-01 04:35:08,390]: *** sta1-wlan1: Scan detected ap1-ssid in range (signal: -90.0 / -80.0)
INFO     [2021-06-01 04:35:09,396]: *** sta1-wlan1: Scan detected ap1-ssid in range (signal: -90.0 / -80.0)
INFO     [2021-06-01 04:35:10,404]: *** sta1-wlan1: Scan detected ap1-ssid in range (signal: -90.0 / -80.0)
INFO     [2021-06-01 04:35:11,411]: *** sta1-wlan1: Scan detected ap1-ssid in range (signal: -90.0 / -80.0)
INFO     [2021-06-01 04:35:12,179]: *** sta1-wlan1: Scanning for ap1-ssid
INFO     [2021-06-01 04:35:17,979]: *** sta1-wlan1: Scanning for ap1-ssid
INFO     [2021-06-01 04:35:18,444]: *** sta1-wlan1: Scan detected ap1-ssid in range (signal: -90.0 / -80.0)
INFO     [2021-06-01 04:35:19,459]: *** sta1-wlan1: Scan detected ap1-ssid in range (signal: -90.0 / -80.0)
INFO     [2021-06-01 04:35:20,465]: *** sta1-wlan1: Scan detected ap1-ssid in range (signal: -90.0 / -80.0)
INFO     [2021-06-01 04:35:21,469]: *** sta1-wlan1: Scan detected ap1-ssid in range (signal: -90.0 / -80.0)
INFO     [2021-06-01 04:35:22,474]: *** sta1-wlan1: Scan detected ap1-ssid in range (signal: -90.0 / -80.0)
INFO     [2021-06-01 04:35:23,494]: *** sta1-wlan1: Scan detected ap1-ssid in range (signal: -90.0 / -80.0)
INFO     [2021-06-01 04:35:23,808]: *** sta1-wlan1: Scanning for ap1-ssid
INFO     [2021-06-01 04:35:24,508]: *** sta1-wlan1: Scan detected ap1-ssid in range (signal: -90.0 / -80.0)
INFO     [2021-06-01 04:35:25,513]: *** sta1-wlan1: Scan detected ap1-ssid in range (signal: -90.0 / -80.0)
INFO     [2021-06-01 04:35:26,518]: *** sta1-wlan1: Scan detected ap1-ssid in range (signal: -90.0 / -80.0)
INFO     [2021-06-01 04:35:27,525]: *** sta1-wlan1: Scan detected ap1-ssid in range (signal: -90.0 / -80.0)
INFO     [2021-06-01 04:35:28,530]: *** sta1-wlan1: Scan detected ap1-ssid in range (signal: -90.0 / -80.0)
INFO     [2021-06-01 04:35:29,533]: *** sta1-wlan1: Scan detected ap1-ssid in range (signal: -90.0 / -80.0)
INFO     [2021-06-01 04:35:29,638]: *** sta1-wlan1: Scanning for ap1-ssid
INFO     [2021-06-01 04:35:30,538]: *** sta1-wlan1: Scan detected ap1-ssid in range (signal: -90.0 / -80.0)
INFO     [2021-06-01 04:35:31,542]: *** sta1-wlan1: Scan detected ap1-ssid in range (signal: -90.0 / -80.0)
INFO     [2021-06-01 04:35:32,547]: *** sta1-wlan1: Scan detected ap1-ssid in range (signal: -90.0 / -80.0)
INFO     [2021-06-01 04:35:33,554]: *** sta1-wlan1: Scan detected ap1-ssid in range (signal: -90.0 / -80.0)
INFO     [2021-06-01 04:35:34,557]: *** sta1-wlan1: Scan detected ap1-ssid in range (signal: -90.0 / -80.0)
INFO     [2021-06-01 04:35:35,577]: *** sta1-wlan1: Scan detected ap1-ssid in range (signal: -90.0 / -80.0)
INFO     [2021-06-01 04:35:35,660]: *** sta1-wlan1: Scanning for ap1-ssid
INFO     [2021-06-01 04:35:36,582]: *** sta1-wlan1: Scan detected ap1-ssid in range (signal: -90.0 / -80.0)
INFO     [2021-06-01 04:35:37,586]: *** sta1-wlan1: Scan detected ap1-ssid in range (signal: -90.0 / -80.0)
INFO     [2021-06-01 04:35:38,590]: *** sta1-wlan1: Scan detected ap1-ssid in range (signal: -90.0 / -80.0)
INFO     [2021-06-01 04:35:39,598]: *** sta1-wlan1: Scan detected ap1-ssid in range (signal: -90.0 / -80.0)
INFO     [2021-06-01 04:35:40,611]: *** sta1-wlan1: Scan detected ap1-ssid in range (signal: -90.0 / -80.0)
INFO     [2021-06-01 04:35:41,618]: *** sta1-wlan1: Scan detected ap1-ssid in range (signal: -90.0 / -80.0)
INFO     [2021-06-01 04:35:41,759]: *** sta1-wlan1: Scanning for ap1-ssid
INFO     [2021-06-01 04:35:42,627]: *** sta1-wlan1: Scan detected ap1-ssid in range (signal: -90.0 / -80.0)
INFO     [2021-06-01 04:35:43,631]: *** sta1-wlan1: Scan detected ap1-ssid in range (signal: -90.0 / -80.0)
INFO     [2021-06-01 04:35:44,639]: *** sta1-wlan1: Scan detected ap1-ssid in range (signal: -90.0 / -80.0)
INFO     [2021-06-01 04:35:45,648]: *** sta1-wlan1: Scan detected ap1-ssid in range (signal: -90.0 / -80.0)
INFO     [2021-06-01 04:35:46,653]: *** sta1-wlan1: Scan detected ap1-ssid in range (signal: -90.0 / -80.0)
INFO     [2021-06-01 04:35:47,641]: *** sta1-wlan1: Scanning for ap1-ssid
INFO     [2021-06-01 04:35:47,658]: *** sta1-wlan1: Scan detected ap1-ssid in range (signal: -90.0 / -80.0)
INFO     [2021-06-01 04:35:53,540]: *** sta1-wlan1: Scanning for ap1-ssid
INFO     [2021-06-01 04:35:59,486]: *** sta1-wlan1: Scanning for ap1-ssid
INFO     [2021-06-01 04:35:59,736]: *** sta1-wlan1: Scan detected ap1-ssid in range (signal: -90.0 / -80.0)
INFO     [2021-06-01 04:36:00,745]: *** sta1-wlan1: Scan detected ap1-ssid in range (signal: -90.0 / -80.0)
INFO     [2021-06-01 04:36:01,752]: *** sta1-wlan1: Scan detected ap1-ssid in range (signal: -90.0 / -80.0)
INFO     [2021-06-01 04:36:02,757]: *** sta1-wlan1: Scan detected ap1-ssid in range (signal: -90.0 / -80.0)
INFO     [2021-06-01 04:36:03,771]: *** sta1-wlan1: Scan detected ap1-ssid in range (signal: -90.0 / -80.0)
INFO     [2021-06-01 04:36:04,776]: *** sta1-wlan1: Scan detected ap1-ssid in range (signal: -90.0 / -80.0)
INFO     [2021-06-01 04:36:05,487]: *** sta1-wlan1: Scanning for ap1-ssid
INFO     [2021-06-01 04:36:05,781]: *** sta1-wlan1: Scan detected ap1-ssid in range (signal: -90.0 / -80.0)
INFO     [2021-06-01 04:36:06,790]: *** sta1-wlan1: Scan detected ap1-ssid in range (signal: -90.0 / -80.0)
INFO     [2021-06-01 04:36:07,796]: *** sta1-wlan1: Scan detected ap1-ssid in range (signal: -90.0 / -80.0)
INFO     [2021-06-01 04:36:08,802]: *** sta1-wlan1: Scan detected ap1-ssid in range (signal: -90.0 / -80.0)
INFO     [2021-06-01 04:36:09,807]: *** sta1-wlan1: Scan detected ap1-ssid in range (signal: -90.0 / -80.0)
INFO     [2021-06-01 04:36:10,815]: *** sta1-wlan1: Scan detected ap1-ssid in range (signal: -90.0 / -80.0)
INFO     [2021-06-01 04:36:11,325]: *** sta1-wlan1: Scanning for ap1-ssid
INFO     [2021-06-01 04:36:11,824]: *** sta1-wlan1: Scan detected ap1-ssid in range (signal: -90.0 / -80.0)
INFO     [2021-06-01 04:36:12,843]: *** sta1-wlan1: Scan detected ap1-ssid in range (signal: -90.0 / -80.0)
INFO     [2021-06-01 04:36:13,849]: *** sta1-wlan1: Scan detected ap1-ssid in range (signal: -90.0 / -80.0)
INFO     [2021-06-01 04:36:14,855]: *** sta1-wlan1: Scan detected ap1-ssid in range (signal: -90.0 / -80.0)
INFO     [2021-06-01 04:36:15,246]: *** sta1-wlan1: Scanning for ap1-ssid
INFO     [2021-06-01 04:36:15,863]: *** sta1-wlan1: Scan detected ap1-ssid in range (signal: -86.0 / -80.0)
INFO     [2021-06-01 04:36:16,868]: *** sta1-wlan1: Scan detected ap1-ssid in range (signal: -86.0 / -80.0)
INFO     [2021-06-01 04:36:17,876]: *** sta1-wlan1: Scan detected ap1-ssid in range (signal: -86.0 / -80.0)
INFO     [2021-06-01 04:36:18,880]: *** sta1-wlan1: Scan detected ap1-ssid in range (signal: -86.0 / -80.0)
INFO     [2021-06-01 04:36:19,891]: *** sta1-wlan1: Scan detected ap1-ssid in range (signal: -86.0 / -80.0)
INFO     [2021-06-01 04:36:20,896]: *** sta1-wlan1: Scan detected ap1-ssid in range (signal: -86.0 / -80.0)
INFO     [2021-06-01 04:36:21,059]: *** sta1-wlan1: Scanning for ap1-ssid
INFO     [2021-06-01 04:36:21,903]: *** sta1-wlan1: Scan detected ap1-ssid in range (signal: -88.0 / -80.0)
INFO     [2021-06-01 04:36:26,956]: *** sta1-wlan1: Scanning for ap1-ssid
INFO     [2021-06-01 04:36:32,981]: *** sta1-wlan1: Scanning for ap1-ssid
INFO     [2021-06-01 04:36:34,963]: *** sta1-wlan1: Scan detected ap1-ssid in range (signal: -87.0 / -80.0)
INFO     [2021-06-01 04:36:38,970]: *** sta1-wlan1: Scanning for ap1-ssid
INFO     [2021-06-01 04:36:44,831]: *** sta1-wlan1: Scanning for ap1-ssid
INFO     [2021-06-01 04:36:45,036]: *** sta1-wlan1: Scan detected ap1-ssid in range (signal: -81.0 / -80.0)
INFO     [2021-06-01 04:36:46,046]: *** sta1-wlan1: Scan detected ap1-ssid in range (signal: -81.0 / -80.0)
INFO     [2021-06-01 04:36:47,052]: *** sta1-wlan1: Scan detected ap1-ssid in range (signal: -81.0 / -80.0)
INFO     [2021-06-01 04:36:48,057]: *** sta1-wlan1: Scan detected ap1-ssid in range (signal: -81.0 / -80.0)
INFO     [2021-06-01 04:36:49,068]: *** sta1-wlan1: Scan detected ap1-ssid in range (signal: -81.0 / -80.0)
INFO     [2021-06-01 04:36:50,116]: *** sta1-wlan1: Scan detected ap1-ssid in range (signal: -81.0 / -80.0)
INFO     [2021-06-01 04:36:50,617]: *** sta1-wlan1: Scanning for ap1-ssid
INFO     [2021-06-01 04:36:56,481]: *** sta1-wlan1: Scanning for ap1-ssid
INFO     [2021-06-01 04:37:01,159]: *** sta1-wlan1: Scan detected ap1-ssid in range (signal: -86.0 / -80.0)
INFO     [2021-06-01 04:37:02,273]: *** sta1-wlan1: Scanning for ap1-ssid
INFO     [2021-06-01 04:37:04,180]: *** sta1-wlan1: Scan detected ap1-ssid in range (signal: -86.0 / -80.0)
INFO     [2021-06-01 04:37:08,059]: *** sta1-wlan1: Scanning for ap1-ssid
INFO     [2021-06-01 04:37:14,093]: *** sta1-wlan1: Scanning for ap1-ssid
INFO     [2021-06-01 04:37:19,858]: *** sta1-wlan1: Scanning for ap1-ssid
INFO     [2021-06-01 04:37:25,637]: *** sta1-wlan1: Scanning for ap1-ssid
INFO     [2021-06-01 04:37:31,437]: *** sta1-wlan1: Scanning for ap1-ssid
INFO     [2021-06-01 04:37:37,205]: *** sta1-wlan1: Scanning for ap1-ssid
INFO     [2021-06-01 04:37:43,115]: *** sta1-wlan1: Scanning for ap1-ssid
INFO     [2021-06-01 04:37:49,053]: *** sta1-wlan1: Scanning for ap1-ssid
INFO     [2021-06-01 04:37:54,806]: *** sta1-wlan1: Scanning for ap1-ssid
INFO     [2021-06-01 04:38:00,703]: *** sta1-wlan1: Scanning for ap1-ssid
INFO     [2021-06-01 04:38:06,595]: *** sta1-wlan1: Scanning for ap1-ssid
INFO     [2021-06-01 04:38:12,598]: *** sta1-wlan1: Scanning for ap1-ssid
INFO     [2021-06-01 04:38:18,431]: *** sta1-wlan1: Scanning for ap1-ssid
INFO     [2021-06-01 04:38:24,210]: *** sta1-wlan1: Scanning for ap1-ssid
INFO     [2021-06-01 04:38:30,143]: *** sta1-wlan1: Scanning for ap1-ssid
INFO     [2021-06-01 04:38:36,044]: *** sta1-wlan1: Scanning for ap1-ssid
INFO     [2021-06-01 04:38:42,024]: *** sta1-wlan1: Scanning for ap1-ssid
INFO     [2021-06-01 04:38:47,855]: *** sta1-wlan1: Scanning for ap1-ssid
INFO     [2021-06-01 04:38:53,961]: *** sta1-wlan1: Scanning for ap1-ssid
INFO     [2021-06-01 04:38:59,847]: *** sta1-wlan1: Scanning for ap1-ssid
INFO     [2021-06-01 04:39:06,203]: *** sta1-wlan1: Scanning for ap1-ssid
INFO     [2021-06-01 04:39:12,038]: *** sta1-wlan1: Scanning for ap1-ssid
INFO     [2021-06-01 04:39:17,799]: *** sta1-wlan1: Scanning for ap1-ssid
INFO     [2021-06-01 04:39:23,620]: *** sta1-wlan1: Scanning for ap1-ssid
INFO     [2021-06-01 04:39:29,426]: *** sta1-wlan1: Scanning for ap1-ssid
INFO     [2021-06-01 04:39:35,216]: *** sta1-wlan1: Scanning for ap1-ssid
INFO     [2021-06-01 04:39:41,056]: *** sta1-wlan1: Scanning for ap1-ssid
INFO     [2021-06-01 04:39:46,893]: *** sta1-wlan1: Scanning for ap1-ssid
INFO     [2021-06-01 04:39:52,885]: *** sta1-wlan1: Scanning for ap1-ssid
INFO     [2021-06-01 04:39:58,831]: *** sta1-wlan1: Scanning for ap1-ssid
INFO     [2021-06-01 04:40:05,171]: *** sta1-wlan1: Scanning for ap1-ssid
INFO     [2021-06-01 04:40:10,964]: *** sta1-wlan1: Scanning for ap1-ssid
INFO     [2021-06-01 04:40:17,036]: *** sta1-wlan1: Scanning for ap1-ssid
INFO     [2021-06-01 04:40:22,871]: *** sta1-wlan1: Scanning for ap1-ssid
INFO     [2021-06-01 04:40:28,823]: *** sta1-wlan1: Scanning for ap1-ssid
INFO     [2021-06-01 04:40:34,679]: *** sta1-wlan1: Scanning for ap1-ssid
INFO     [2021-06-01 04:40:40,677]: *** sta1-wlan1: Scanning for ap1-ssid
INFO     [2021-06-01 04:40:46,491]: *** sta1-wlan1: Scanning for ap1-ssid
INFO     [2021-06-01 04:40:52,366]: *** sta1-wlan1: Scanning for ap1-ssid
INFO     [2021-06-01 04:40:58,312]: *** sta1-wlan1: Scanning for ap1-ssid
INFO     [2021-06-01 04:41:04,216]: *** sta1-wlan1: Scanning for ap1-ssid
INFO     [2021-06-01 04:41:10,163]: *** sta1-wlan1: Scanning for ap1-ssid
INFO     [2021-06-01 04:41:16,101]: *** sta1-wlan1: Scanning for ap1-ssid
