INFO     [2021-06-02 10:36:43,192]: *** sta3-wlan0: Started flexible_sdn.py
INFO     [2021-06-02 10:36:43,201]: *** sta3: Interface: sta3-wlan0, Scan-interface: sta3-wlan1
INFO     [2021-06-02 10:36:43,230]: *** sta1-wlan0: Started flexible_sdn.py
INFO     [2021-06-02 10:36:43,233]: *** sta1: Interface: sta1-wlan0, Scan-interface: sta1-wlan1
INFO     [2021-06-02 10:38:54,440]: *** sta3-wlan1: Scanner started. Searching for ap1-ssid with interval 3.0
INFO     [2021-06-02 10:38:54,449]: *** sta3-wlan0: Set type to ibss
INFO     [2021-06-02 10:38:54,451]: *** sta3-wlan0: Set ip link up
INFO     [2021-06-02 10:38:54,453]: *** sta3-wlan0: Join ibss adhocNet
INFO     [2021-06-02 10:38:57,443]: *** sta3-wlan1: Scanning for ap1-ssid
INFO     [2021-06-02 10:39:03,473]: *** sta3-wlan0: Starting OLSR
INFO     [2021-06-02 10:39:03,488]: *** sta3-wlan0: Started olsrd in the background (PID: )
INFO     [2021-06-02 10:39:04,226]: *** sta3-wlan1: Scanning for ap1-ssid
INFO     [2021-06-02 10:39:04,502]: *** sta1-wlan1: Scanner started. Searching for ap1-ssid with interval 3.0
INFO     [2021-06-02 10:39:04,512]: *** sta1-wlan0: Set type to ibss
INFO     [2021-06-02 10:39:04,515]: *** sta1-wlan0: Set ip link up
INFO     [2021-06-02 10:39:04,519]: *** sta1-wlan0: Join ibss adhocNet
INFO     [2021-06-02 10:39:07,503]: *** sta1-wlan1: Scanning for ap1-ssid
INFO     [2021-06-02 10:39:11,090]: *** sta3-wlan1: Scanning for ap1-ssid
INFO     [2021-06-02 10:39:11,546]: *** sta3-wlan1: Scan detected ap1-ssid in range (signal: -89.0 / -82.0)
INFO     [2021-06-02 10:39:12,550]: *** sta3-wlan1: Scan detected ap1-ssid in range (signal: -89.0 / -82.0)
INFO     [2021-06-02 10:39:13,464]: *** sta1-wlan0: Starting OLSR
INFO     [2021-06-02 10:39:13,477]: *** sta1-wlan0: Started olsrd in the background (PID: )
INFO     [2021-06-02 10:39:13,560]: *** sta3-wlan1: Scan detected ap1-ssid in range (signal: -89.0 / -82.0)
INFO     [2021-06-02 10:39:14,259]: *** sta1-wlan1: Scanning for ap1-ssid
INFO     [2021-06-02 10:39:14,485]: *** sta1-wlan1: Scan detected ap1-ssid in range (signal: -85.0 / -82.0)
INFO     [2021-06-02 10:39:14,566]: *** sta3-wlan1: Scan detected ap1-ssid in range (signal: -89.0 / -82.0)
INFO     [2021-06-02 10:39:15,497]: *** sta1-wlan1: Scan detected ap1-ssid in range (signal: -85.0 / -82.0)
INFO     [2021-06-02 10:39:15,571]: *** sta3-wlan1: Scan detected ap1-ssid in range (signal: -89.0 / -82.0)
INFO     [2021-06-02 10:39:16,505]: *** sta1-wlan1: Scan detected ap1-ssid in range (signal: -85.0 / -82.0)
INFO     [2021-06-02 10:39:16,578]: *** sta3-wlan1: Scan detected ap1-ssid in range (signal: -89.0 / -82.0)
INFO     [2021-06-02 10:39:17,513]: *** sta1-wlan1: Scan detected ap1-ssid in range (signal: -85.0 / -82.0)
INFO     [2021-06-02 10:39:17,584]: *** sta3-wlan1: Scan detected ap1-ssid in range (signal: -89.0 / -82.0)
INFO     [2021-06-02 10:39:17,870]: *** sta3-wlan1: Scanning for ap1-ssid
INFO     [2021-06-02 10:39:18,521]: *** sta1-wlan1: Scan detected ap1-ssid in range (signal: -85.0 / -82.0)
INFO     [2021-06-02 10:39:18,606]: *** sta3-wlan1: Scan detected ap1-ssid in range (signal: -90.0 / -82.0)
INFO     [2021-06-02 10:39:19,525]: *** sta1-wlan1: Scan detected ap1-ssid in range (signal: -85.0 / -82.0)
INFO     [2021-06-02 10:39:19,613]: *** sta3-wlan1: Scan detected ap1-ssid in range (signal: -90.0 / -82.0)
INFO     [2021-06-02 10:39:20,531]: *** sta1-wlan1: Scan detected ap1-ssid in range (signal: -85.0 / -82.0)
INFO     [2021-06-02 10:39:20,619]: *** sta3-wlan1: Scan detected ap1-ssid in range (signal: -90.0 / -82.0)
INFO     [2021-06-02 10:39:21,059]: *** sta1-wlan1: Scanning for ap1-ssid
INFO     [2021-06-02 10:39:21,539]: *** sta1-wlan1: Scan detected ap1-ssid in range (signal: -88.0 / -82.0)
INFO     [2021-06-02 10:39:21,626]: *** sta3-wlan1: Scan detected ap1-ssid in range (signal: -90.0 / -82.0)
INFO     [2021-06-02 10:39:22,545]: *** sta1-wlan1: Scan detected ap1-ssid in range (signal: -88.0 / -82.0)
INFO     [2021-06-02 10:39:22,633]: *** sta3-wlan1: Scan detected ap1-ssid in range (signal: -90.0 / -82.0)
INFO     [2021-06-02 10:39:23,550]: *** sta1-wlan1: Scan detected ap1-ssid in range (signal: -88.0 / -82.0)
INFO     [2021-06-02 10:39:23,639]: *** sta3-wlan1: Scan detected ap1-ssid in range (signal: -90.0 / -82.0)
INFO     [2021-06-02 10:39:24,557]: *** sta1-wlan1: Scan detected ap1-ssid in range (signal: -88.0 / -82.0)
INFO     [2021-06-02 10:39:24,646]: *** sta3-wlan1: Scanning for ap1-ssid
INFO     [2021-06-02 10:39:24,646]: *** sta3-wlan1: Scan detected ap1-ssid in range (signal: -90.0 / -82.0)
INFO     [2021-06-02 10:39:25,566]: *** sta1-wlan1: Scan detected ap1-ssid in range (signal: -88.0 / -82.0)
INFO     [2021-06-02 10:39:25,651]: *** sta3-wlan1: Scan detected ap1-ssid in range (signal: -88.0 / -82.0)
INFO     [2021-06-02 10:39:26,582]: *** sta1-wlan1: Scan detected ap1-ssid in range (signal: -88.0 / -82.0)
INFO     [2021-06-02 10:39:26,657]: *** sta3-wlan1: Scan detected ap1-ssid in range (signal: -88.0 / -82.0)
INFO     [2021-06-02 10:39:27,588]: *** sta1-wlan1: Scan detected ap1-ssid in range (signal: -88.0 / -82.0)
INFO     [2021-06-02 10:39:27,664]: *** sta3-wlan1: Scan detected ap1-ssid in range (signal: -88.0 / -82.0)
INFO     [2021-06-02 10:39:27,855]: *** sta1-wlan1: Scanning for ap1-ssid
INFO     [2021-06-02 10:39:28,594]: *** sta1-wlan1: Scan detected ap1-ssid in range (signal: -88.0 / -82.0)
INFO     [2021-06-02 10:39:28,671]: *** sta3-wlan1: Scan detected ap1-ssid in range (signal: -88.0 / -82.0)
INFO     [2021-06-02 10:39:29,602]: *** sta1-wlan1: Scan detected ap1-ssid in range (signal: -88.0 / -82.0)
INFO     [2021-06-02 10:39:29,684]: *** sta3-wlan1: Scan detected ap1-ssid in range (signal: -88.0 / -82.0)
INFO     [2021-06-02 10:39:30,611]: *** sta1-wlan1: Scan detected ap1-ssid in range (signal: -88.0 / -82.0)
INFO     [2021-06-02 10:39:30,695]: *** sta3-wlan1: Scan detected ap1-ssid in range (signal: -88.0 / -82.0)
INFO     [2021-06-02 10:39:31,415]: *** sta3-wlan1: Scanning for ap1-ssid
INFO     [2021-06-02 10:39:31,621]: *** sta1-wlan1: Scan detected ap1-ssid in range (signal: -88.0 / -82.0)
INFO     [2021-06-02 10:39:31,703]: *** sta3-wlan1: Scan detected ap1-ssid in range (signal: -88.0 / -82.0)
INFO     [2021-06-02 10:39:32,644]: *** sta1-wlan1: Scan detected ap1-ssid in range (signal: -88.0 / -82.0)
INFO     [2021-06-02 10:39:32,720]: *** sta3-wlan1: Scan detected ap1-ssid in range (signal: -88.0 / -82.0)
INFO     [2021-06-02 10:39:33,655]: *** sta1-wlan1: Scan detected ap1-ssid in range (signal: -88.0 / -82.0)
INFO     [2021-06-02 10:39:33,726]: *** sta3-wlan1: Scan detected ap1-ssid in range (signal: -88.0 / -82.0)
INFO     [2021-06-02 10:39:34,660]: *** sta1-wlan1: Scan detected ap1-ssid in range (signal: -88.0 / -82.0)
INFO     [2021-06-02 10:39:34,679]: *** sta1-wlan1: Scanning for ap1-ssid
INFO     [2021-06-02 10:39:34,732]: *** sta3-wlan1: Scan detected ap1-ssid in range (signal: -88.0 / -82.0)
INFO     [2021-06-02 10:39:35,670]: *** sta1-wlan1: Scan detected ap1-ssid in range (signal: -88.0 / -82.0)
INFO     [2021-06-02 10:39:35,740]: *** sta3-wlan1: Scan detected ap1-ssid in range (signal: -88.0 / -82.0)
INFO     [2021-06-02 10:39:36,690]: *** sta1-wlan1: Scan detected ap1-ssid in range (signal: -88.0 / -82.0)
INFO     [2021-06-02 10:39:36,745]: *** sta3-wlan1: Scan detected ap1-ssid in range (signal: -88.0 / -82.0)
INFO     [2021-06-02 10:39:37,696]: *** sta1-wlan1: Scan detected ap1-ssid in range (signal: -88.0 / -82.0)
INFO     [2021-06-02 10:39:37,752]: *** sta3-wlan1: Scan detected ap1-ssid in range (signal: -88.0 / -82.0)
INFO     [2021-06-02 10:39:38,255]: *** sta3-wlan1: Scanning for ap1-ssid
INFO     [2021-06-02 10:39:38,703]: *** sta1-wlan1: Scan detected ap1-ssid in range (signal: -88.0 / -82.0)
INFO     [2021-06-02 10:39:38,756]: *** sta3-wlan1: Scan detected ap1-ssid in range (signal: -90.0 / -82.0)
INFO     [2021-06-02 10:39:39,710]: *** sta1-wlan1: Scan detected ap1-ssid in range (signal: -88.0 / -82.0)
INFO     [2021-06-02 10:39:39,762]: *** sta3-wlan1: Scan detected ap1-ssid in range (signal: -90.0 / -82.0)
INFO     [2021-06-02 10:39:40,721]: *** sta1-wlan1: Scan detected ap1-ssid in range (signal: -88.0 / -82.0)
INFO     [2021-06-02 10:39:40,769]: *** sta3-wlan1: Scan detected ap1-ssid in range (signal: -90.0 / -82.0)
INFO     [2021-06-02 10:39:41,435]: *** sta1-wlan1: Scanning for ap1-ssid
INFO     [2021-06-02 10:39:41,738]: *** sta1-wlan1: Scan detected ap1-ssid in range (signal: -88.0 / -82.0)
INFO     [2021-06-02 10:39:41,775]: *** sta3-wlan1: Scan detected ap1-ssid in range (signal: -90.0 / -82.0)
INFO     [2021-06-02 10:39:42,745]: *** sta1-wlan1: Scan detected ap1-ssid in range (signal: -88.0 / -82.0)
INFO     [2021-06-02 10:39:42,781]: *** sta3-wlan1: Scan detected ap1-ssid in range (signal: -90.0 / -82.0)
INFO     [2021-06-02 10:39:43,750]: *** sta1-wlan1: Scan detected ap1-ssid in range (signal: -88.0 / -82.0)
INFO     [2021-06-02 10:39:43,786]: *** sta3-wlan1: Scan detected ap1-ssid in range (signal: -90.0 / -82.0)
INFO     [2021-06-02 10:39:44,758]: *** sta1-wlan1: Scan detected ap1-ssid in range (signal: -88.0 / -82.0)
INFO     [2021-06-02 10:39:44,791]: *** sta3-wlan1: Scan detected ap1-ssid in range (signal: -90.0 / -82.0)
INFO     [2021-06-02 10:39:45,043]: *** sta3-wlan1: Scanning for ap1-ssid
INFO     [2021-06-02 10:39:45,763]: *** sta1-wlan1: Scan detected ap1-ssid in range (signal: -88.0 / -82.0)
INFO     [2021-06-02 10:39:45,798]: *** sta3-wlan1: Scan detected ap1-ssid in range (signal: -90.0 / -82.0)
INFO     [2021-06-02 10:39:46,777]: *** sta1-wlan1: Scan detected ap1-ssid in range (signal: -88.0 / -82.0)
INFO     [2021-06-02 10:39:46,803]: *** sta3-wlan1: Scan detected ap1-ssid in range (signal: -90.0 / -82.0)
INFO     [2021-06-02 10:39:47,782]: *** sta1-wlan1: Scan detected ap1-ssid in range (signal: -88.0 / -82.0)
INFO     [2021-06-02 10:39:47,809]: *** sta3-wlan1: Scan detected ap1-ssid in range (signal: -90.0 / -82.0)
INFO     [2021-06-02 10:39:48,287]: *** sta1-wlan1: Scanning for ap1-ssid
INFO     [2021-06-02 10:39:48,795]: *** sta1-wlan1: Scan detected ap1-ssid in range (signal: -88.0 / -82.0)
INFO     [2021-06-02 10:39:48,816]: *** sta3-wlan1: Scan detected ap1-ssid in range (signal: -90.0 / -82.0)
INFO     [2021-06-02 10:39:49,800]: *** sta1-wlan1: Scan detected ap1-ssid in range (signal: -88.0 / -82.0)
INFO     [2021-06-02 10:39:49,822]: *** sta3-wlan1: Scan detected ap1-ssid in range (signal: -90.0 / -82.0)
INFO     [2021-06-02 10:39:50,807]: *** sta1-wlan1: Scan detected ap1-ssid in range (signal: -88.0 / -82.0)
INFO     [2021-06-02 10:39:50,828]: *** sta3-wlan1: Scan detected ap1-ssid in range (signal: -90.0 / -82.0)
INFO     [2021-06-02 10:39:51,812]: *** sta1-wlan1: Scan detected ap1-ssid in range (signal: -88.0 / -82.0)
INFO     [2021-06-02 10:39:51,833]: *** sta3-wlan1: Scan detected ap1-ssid in range (signal: -90.0 / -82.0)
INFO     [2021-06-02 10:39:51,851]: *** sta3-wlan1: Scanning for ap1-ssid
INFO     [2021-06-02 10:39:52,817]: *** sta1-wlan1: Scan detected ap1-ssid in range (signal: -88.0 / -82.0)
INFO     [2021-06-02 10:39:52,838]: *** sta3-wlan1: Scan detected ap1-ssid in range (signal: -90.0 / -82.0)
INFO     [2021-06-02 10:39:53,822]: *** sta1-wlan1: Scan detected ap1-ssid in range (signal: -88.0 / -82.0)
INFO     [2021-06-02 10:39:53,843]: *** sta3-wlan1: Scan detected ap1-ssid in range (signal: -90.0 / -82.0)
INFO     [2021-06-02 10:39:54,827]: *** sta1-wlan1: Scan detected ap1-ssid in range (signal: -88.0 / -82.0)
INFO     [2021-06-02 10:39:54,852]: *** sta3-wlan1: Scan detected ap1-ssid in range (signal: -90.0 / -82.0)
INFO     [2021-06-02 10:39:55,076]: *** sta1-wlan1: Scanning for ap1-ssid
INFO     [2021-06-02 10:39:55,834]: *** sta1-wlan1: Scan detected ap1-ssid in range (signal: -89.0 / -82.0)
INFO     [2021-06-02 10:39:55,857]: *** sta3-wlan1: Scan detected ap1-ssid in range (signal: -90.0 / -82.0)
INFO     [2021-06-02 10:39:56,840]: *** sta1-wlan1: Scan detected ap1-ssid in range (signal: -89.0 / -82.0)
INFO     [2021-06-02 10:39:56,863]: *** sta3-wlan1: Scan detected ap1-ssid in range (signal: -90.0 / -82.0)
INFO     [2021-06-02 10:39:57,845]: *** sta1-wlan1: Scan detected ap1-ssid in range (signal: -89.0 / -82.0)
INFO     [2021-06-02 10:39:57,869]: *** sta3-wlan1: Scan detected ap1-ssid in range (signal: -90.0 / -82.0)
INFO     [2021-06-02 10:39:58,639]: *** sta3-wlan1: Scanning for ap1-ssid
INFO     [2021-06-02 10:39:58,851]: *** sta1-wlan1: Scan detected ap1-ssid in range (signal: -89.0 / -82.0)
INFO     [2021-06-02 10:39:58,874]: *** sta3-wlan1: Scan detected ap1-ssid in range (signal: -87.0 / -82.0)
INFO     [2021-06-02 10:39:59,863]: *** sta1-wlan1: Scan detected ap1-ssid in range (signal: -89.0 / -82.0)
INFO     [2021-06-02 10:39:59,881]: *** sta3-wlan1: Scan detected ap1-ssid in range (signal: -87.0 / -82.0)
INFO     [2021-06-02 10:40:00,869]: *** sta1-wlan1: Scan detected ap1-ssid in range (signal: -89.0 / -82.0)
INFO     [2021-06-02 10:40:00,886]: *** sta3-wlan1: Scan detected ap1-ssid in range (signal: -87.0 / -82.0)
INFO     [2021-06-02 10:40:01,870]: *** sta1-wlan1: Scanning for ap1-ssid
INFO     [2021-06-02 10:40:01,874]: *** sta1-wlan1: Scan detected ap1-ssid in range (signal: -89.0 / -82.0)
INFO     [2021-06-02 10:40:01,890]: *** sta3-wlan1: Scan detected ap1-ssid in range (signal: -87.0 / -82.0)
INFO     [2021-06-02 10:40:02,880]: *** sta1-wlan1: Scan detected ap1-ssid in range (signal: -89.0 / -82.0)
INFO     [2021-06-02 10:40:02,903]: *** sta3-wlan1: Scan detected ap1-ssid in range (signal: -87.0 / -82.0)
INFO     [2021-06-02 10:40:03,885]: *** sta1-wlan1: Scan detected ap1-ssid in range (signal: -89.0 / -82.0)
INFO     [2021-06-02 10:40:03,910]: *** sta3-wlan1: Scan detected ap1-ssid in range (signal: -87.0 / -82.0)
INFO     [2021-06-02 10:40:04,890]: *** sta1-wlan1: Scan detected ap1-ssid in range (signal: -89.0 / -82.0)
INFO     [2021-06-02 10:40:04,917]: *** sta3-wlan1: Scan detected ap1-ssid in range (signal: -87.0 / -82.0)
INFO     [2021-06-02 10:40:05,431]: *** sta3-wlan1: Scanning for ap1-ssid
INFO     [2021-06-02 10:40:05,896]: *** sta1-wlan1: Scan detected ap1-ssid in range (signal: -89.0 / -82.0)
INFO     [2021-06-02 10:40:05,923]: *** sta3-wlan1: Scan detected ap1-ssid in range (signal: -87.0 / -82.0)
INFO     [2021-06-02 10:40:06,904]: *** sta1-wlan1: Scan detected ap1-ssid in range (signal: -89.0 / -82.0)
INFO     [2021-06-02 10:40:06,937]: *** sta3-wlan1: Scan detected ap1-ssid in range (signal: -87.0 / -82.0)
INFO     [2021-06-02 10:40:07,910]: *** sta1-wlan1: Scan detected ap1-ssid in range (signal: -89.0 / -82.0)
INFO     [2021-06-02 10:40:07,957]: *** sta3-wlan1: Scan detected ap1-ssid in range (signal: -87.0 / -82.0)
INFO     [2021-06-02 10:40:08,659]: *** sta1-wlan1: Scanning for ap1-ssid
INFO     [2021-06-02 10:40:08,924]: *** sta1-wlan1: Scan detected ap1-ssid in range (signal: -89.0 / -82.0)
INFO     [2021-06-02 10:40:08,962]: *** sta3-wlan1: Scan detected ap1-ssid in range (signal: -87.0 / -82.0)
INFO     [2021-06-02 10:40:09,929]: *** sta1-wlan1: Scan detected ap1-ssid in range (signal: -89.0 / -82.0)
INFO     [2021-06-02 10:40:09,971]: *** sta3-wlan1: Scan detected ap1-ssid in range (signal: -87.0 / -82.0)
INFO     [2021-06-02 10:40:10,934]: *** sta1-wlan1: Scan detected ap1-ssid in range (signal: -89.0 / -82.0)
INFO     [2021-06-02 10:40:10,977]: *** sta3-wlan1: Scan detected ap1-ssid in range (signal: -87.0 / -82.0)
INFO     [2021-06-02 10:40:11,939]: *** sta1-wlan1: Scan detected ap1-ssid in range (signal: -89.0 / -82.0)
INFO     [2021-06-02 10:40:11,982]: *** sta3-wlan1: Scan detected ap1-ssid in range (signal: -87.0 / -82.0)
INFO     [2021-06-02 10:40:12,230]: *** sta3-wlan1: Scanning for ap1-ssid
INFO     [2021-06-02 10:40:12,968]: *** sta1-wlan1: Scan detected ap1-ssid in range (signal: -89.0 / -82.0)
INFO     [2021-06-02 10:40:12,993]: *** sta3-wlan1: Scan detected ap1-ssid in range (signal: -87.0 / -82.0)
INFO     [2021-06-02 10:40:13,988]: *** sta1-wlan1: Scan detected ap1-ssid in range (signal: -89.0 / -82.0)
INFO     [2021-06-02 10:40:14,003]: *** sta3-wlan1: Scan detected ap1-ssid in range (signal: -87.0 / -82.0)
INFO     [2021-06-02 10:40:14,997]: *** sta1-wlan1: Scan detected ap1-ssid in range (signal: -89.0 / -82.0)
INFO     [2021-06-02 10:40:15,016]: *** sta3-wlan1: Scan detected ap1-ssid in range (signal: -87.0 / -82.0)
INFO     [2021-06-02 10:40:15,454]: *** sta1-wlan1: Scanning for ap1-ssid
INFO     [2021-06-02 10:40:16,012]: *** sta1-wlan1: Scan detected ap1-ssid in range (signal: -89.0 / -82.0)
INFO     [2021-06-02 10:40:16,026]: *** sta3-wlan1: Scan detected ap1-ssid in range (signal: -87.0 / -82.0)
INFO     [2021-06-02 10:40:17,018]: *** sta1-wlan1: Scan detected ap1-ssid in range (signal: -89.0 / -82.0)
INFO     [2021-06-02 10:40:17,032]: *** sta3-wlan1: Scan detected ap1-ssid in range (signal: -87.0 / -82.0)
INFO     [2021-06-02 10:40:18,026]: *** sta1-wlan1: Scan detected ap1-ssid in range (signal: -89.0 / -82.0)
INFO     [2021-06-02 10:40:18,051]: *** sta3-wlan1: Scan detected ap1-ssid in range (signal: -87.0 / -82.0)
INFO     [2021-06-02 10:40:19,032]: *** sta1-wlan1: Scan detected ap1-ssid in range (signal: -89.0 / -82.0)
INFO     [2021-06-02 10:40:19,057]: *** sta3-wlan1: Scan detected ap1-ssid in range (signal: -87.0 / -82.0)
INFO     [2021-06-02 10:40:19,090]: *** sta3-wlan1: Scanning for ap1-ssid
INFO     [2021-06-02 10:40:20,040]: *** sta1-wlan1: Scan detected ap1-ssid in range (signal: -89.0 / -82.0)
INFO     [2021-06-02 10:40:20,067]: *** sta3-wlan1: Scan detected ap1-ssid in range (signal: -87.0 / -82.0)
INFO     [2021-06-02 10:40:21,049]: *** sta1-wlan1: Scan detected ap1-ssid in range (signal: -89.0 / -82.0)
INFO     [2021-06-02 10:40:21,075]: *** sta3-wlan1: Scan detected ap1-ssid in range (signal: -87.0 / -82.0)
INFO     [2021-06-02 10:40:22,067]: *** sta1-wlan1: Scan detected ap1-ssid in range (signal: -89.0 / -82.0)
INFO     [2021-06-02 10:40:22,082]: *** sta3-wlan1: Scan detected ap1-ssid in range (signal: -87.0 / -82.0)
INFO     [2021-06-02 10:40:22,240]: *** sta1-wlan1: Scanning for ap1-ssid
INFO     [2021-06-02 10:40:23,072]: *** sta1-wlan1: Scan detected ap1-ssid in range (signal: -89.0 / -82.0)
INFO     [2021-06-02 10:40:23,091]: *** sta3-wlan1: Scan detected ap1-ssid in range (signal: -87.0 / -82.0)
INFO     [2021-06-02 10:40:24,081]: *** sta1-wlan1: Scan detected ap1-ssid in range (signal: -89.0 / -82.0)
INFO     [2021-06-02 10:40:24,097]: *** sta3-wlan1: Scan detected ap1-ssid in range (signal: -87.0 / -82.0)
INFO     [2021-06-02 10:40:25,085]: *** sta1-wlan1: Scan detected ap1-ssid in range (signal: -89.0 / -82.0)
INFO     [2021-06-02 10:40:25,109]: *** sta3-wlan1: Scan detected ap1-ssid in range (signal: -87.0 / -82.0)
INFO     [2021-06-02 10:40:25,962]: *** sta3-wlan1: Scanning for ap1-ssid
INFO     [2021-06-02 10:40:26,091]: *** sta1-wlan1: Scan detected ap1-ssid in range (signal: -89.0 / -82.0)
INFO     [2021-06-02 10:40:26,122]: *** sta3-wlan1: Scan detected ap1-ssid in range (signal: -87.0 / -82.0)
INFO     [2021-06-02 10:40:27,099]: *** sta1-wlan1: Scan detected ap1-ssid in range (signal: -89.0 / -82.0)
INFO     [2021-06-02 10:40:27,132]: *** sta3-wlan1: Scan detected ap1-ssid in range (signal: -87.0 / -82.0)
INFO     [2021-06-02 10:40:28,108]: *** sta1-wlan1: Scan detected ap1-ssid in range (signal: -89.0 / -82.0)
INFO     [2021-06-02 10:40:28,138]: *** sta3-wlan1: Scan detected ap1-ssid in range (signal: -87.0 / -82.0)
INFO     [2021-06-02 10:40:29,020]: *** sta1-wlan1: Scanning for ap1-ssid
INFO     [2021-06-02 10:40:29,118]: *** sta1-wlan1: Scan detected ap1-ssid in range (signal: -89.0 / -82.0)
INFO     [2021-06-02 10:40:30,122]: *** sta1-wlan1: Scan detected ap1-ssid in range (signal: -89.0 / -82.0)
INFO     [2021-06-02 10:40:31,132]: *** sta1-wlan1: Scan detected ap1-ssid in range (signal: -89.0 / -82.0)
INFO     [2021-06-02 10:40:32,138]: *** sta1-wlan1: Scan detected ap1-ssid in range (signal: -89.0 / -82.0)
INFO     [2021-06-02 10:40:32,779]: *** sta3-wlan1: Scanning for ap1-ssid
INFO     [2021-06-02 10:40:33,166]: *** sta3-wlan1: Scan detected ap1-ssid in range (signal: -89.0 / -82.0)
INFO     [2021-06-02 10:40:33,167]: *** sta1-wlan1: Scan detected ap1-ssid in range (signal: -89.0 / -82.0)
INFO     [2021-06-02 10:40:34,223]: *** sta1-wlan1: Scan detected ap1-ssid in range (signal: -89.0 / -82.0)
INFO     [2021-06-02 10:40:34,223]: *** sta3-wlan1: Scan detected ap1-ssid in range (signal: -89.0 / -82.0)
INFO     [2021-06-02 10:40:35,234]: *** sta1-wlan1: Scan detected ap1-ssid in range (signal: -89.0 / -82.0)
INFO     [2021-06-02 10:40:35,236]: *** sta3-wlan1: Scan detected ap1-ssid in range (signal: -89.0 / -82.0)
INFO     [2021-06-02 10:40:35,823]: *** sta1-wlan1: Scanning for ap1-ssid
INFO     [2021-06-02 10:40:36,257]: *** sta1-wlan1: Scan detected ap1-ssid in range (signal: -89.0 / -82.0)
INFO     [2021-06-02 10:40:36,260]: *** sta3-wlan1: Scan detected ap1-ssid in range (signal: -89.0 / -82.0)
INFO     [2021-06-02 10:40:37,266]: *** sta1-wlan1: Scan detected ap1-ssid in range (signal: -89.0 / -82.0)
INFO     [2021-06-02 10:40:37,269]: *** sta3-wlan1: Scan detected ap1-ssid in range (signal: -89.0 / -82.0)
INFO     [2021-06-02 10:40:38,274]: *** sta1-wlan1: Scan detected ap1-ssid in range (signal: -89.0 / -82.0)
INFO     [2021-06-02 10:40:38,274]: *** sta3-wlan1: Scan detected ap1-ssid in range (signal: -89.0 / -82.0)
INFO     [2021-06-02 10:40:39,279]: *** sta1-wlan1: Scan detected ap1-ssid in range (signal: -89.0 / -82.0)
INFO     [2021-06-02 10:40:39,280]: *** sta3-wlan1: Scan detected ap1-ssid in range (signal: -89.0 / -82.0)
INFO     [2021-06-02 10:40:39,812]: *** sta3-wlan1: Scanning for ap1-ssid
INFO     [2021-06-02 10:40:40,286]: *** sta1-wlan1: Scan detected ap1-ssid in range (signal: -89.0 / -82.0)
INFO     [2021-06-02 10:40:40,288]: *** sta3-wlan1: Scan detected ap1-ssid in range (signal: -89.0 / -82.0)
INFO     [2021-06-02 10:40:41,297]: *** sta1-wlan1: Scan detected ap1-ssid in range (signal: -89.0 / -82.0)
INFO     [2021-06-02 10:40:41,299]: *** sta3-wlan1: Scan detected ap1-ssid in range (signal: -89.0 / -82.0)
INFO     [2021-06-02 10:40:42,305]: *** sta3-wlan1: Scan detected ap1-ssid in range (signal: -89.0 / -82.0)
INFO     [2021-06-02 10:40:42,307]: *** sta1-wlan1: Scan detected ap1-ssid in range (signal: -89.0 / -82.0)
INFO     [2021-06-02 10:40:42,622]: *** sta1-wlan1: Scanning for ap1-ssid
INFO     [2021-06-02 10:40:43,310]: *** sta3-wlan1: Scan detected ap1-ssid in range (signal: -89.0 / -82.0)
INFO     [2021-06-02 10:40:43,316]: *** sta1-wlan1: Scan detected ap1-ssid in range (signal: -89.0 / -82.0)
INFO     [2021-06-02 10:40:44,334]: *** sta3-wlan1: Scan detected ap1-ssid in range (signal: -89.0 / -82.0)
INFO     [2021-06-02 10:40:44,342]: *** sta1-wlan1: Scan detected ap1-ssid in range (signal: -89.0 / -82.0)
INFO     [2021-06-02 10:40:45,340]: *** sta3-wlan1: Scan detected ap1-ssid in range (signal: -89.0 / -82.0)
INFO     [2021-06-02 10:40:45,363]: *** sta1-wlan1: Scan detected ap1-ssid in range (signal: -89.0 / -82.0)
INFO     [2021-06-02 10:40:46,346]: *** sta3-wlan1: Scan detected ap1-ssid in range (signal: -89.0 / -82.0)
INFO     [2021-06-02 10:40:46,369]: *** sta1-wlan1: Scan detected ap1-ssid in range (signal: -89.0 / -82.0)
INFO     [2021-06-02 10:40:46,737]: *** sta3-wlan1: Scanning for ap1-ssid
INFO     [2021-06-02 10:40:47,354]: *** sta3-wlan1: Scan detected ap1-ssid in range (signal: -90.0 / -82.0)
INFO     [2021-06-02 10:40:47,380]: *** sta1-wlan1: Scan detected ap1-ssid in range (signal: -89.0 / -82.0)
INFO     [2021-06-02 10:40:48,361]: *** sta3-wlan1: Scan detected ap1-ssid in range (signal: -90.0 / -82.0)
INFO     [2021-06-02 10:40:48,390]: *** sta1-wlan1: Scan detected ap1-ssid in range (signal: -89.0 / -82.0)
INFO     [2021-06-02 10:40:49,367]: *** sta3-wlan1: Scan detected ap1-ssid in range (signal: -90.0 / -82.0)
INFO     [2021-06-02 10:40:49,398]: *** sta1-wlan1: Scan detected ap1-ssid in range (signal: -89.0 / -82.0)
INFO     [2021-06-02 10:40:49,595]: *** sta1-wlan1: Scanning for ap1-ssid
INFO     [2021-06-02 10:40:50,373]: *** sta3-wlan1: Scan detected ap1-ssid in range (signal: -90.0 / -82.0)
INFO     [2021-06-02 10:40:50,403]: *** sta1-wlan1: Scan detected ap1-ssid in range (signal: -89.0 / -82.0)
INFO     [2021-06-02 10:40:51,380]: *** sta3-wlan1: Scan detected ap1-ssid in range (signal: -90.0 / -82.0)
INFO     [2021-06-02 10:40:51,410]: *** sta1-wlan1: Scan detected ap1-ssid in range (signal: -89.0 / -82.0)
INFO     [2021-06-02 10:40:52,387]: *** sta3-wlan1: Scan detected ap1-ssid in range (signal: -90.0 / -82.0)
INFO     [2021-06-02 10:40:52,415]: *** sta1-wlan1: Scan detected ap1-ssid in range (signal: -89.0 / -82.0)
INFO     [2021-06-02 10:40:53,397]: *** sta3-wlan1: Scan detected ap1-ssid in range (signal: -90.0 / -82.0)
INFO     [2021-06-02 10:40:53,420]: *** sta1-wlan1: Scan detected ap1-ssid in range (signal: -89.0 / -82.0)
INFO     [2021-06-02 10:40:53,548]: *** sta3-wlan1: Scanning for ap1-ssid
INFO     [2021-06-02 10:40:54,402]: *** sta3-wlan1: Scan detected ap1-ssid in range (signal: -89.0 / -82.0)
INFO     [2021-06-02 10:40:54,428]: *** sta1-wlan1: Scan detected ap1-ssid in range (signal: -89.0 / -82.0)
INFO     [2021-06-02 10:40:55,411]: *** sta3-wlan1: Scan detected ap1-ssid in range (signal: -89.0 / -82.0)
INFO     [2021-06-02 10:40:55,436]: *** sta1-wlan1: Scan detected ap1-ssid in range (signal: -89.0 / -82.0)
INFO     [2021-06-02 10:40:56,362]: *** sta1-wlan1: Scanning for ap1-ssid
INFO     [2021-06-02 10:40:56,418]: *** sta3-wlan1: Scan detected ap1-ssid in range (signal: -89.0 / -82.0)
INFO     [2021-06-02 10:40:56,443]: *** sta1-wlan1: Scan detected ap1-ssid in range (signal: -90.0 / -82.0)
INFO     [2021-06-02 10:40:57,425]: *** sta3-wlan1: Scan detected ap1-ssid in range (signal: -89.0 / -82.0)
INFO     [2021-06-02 10:40:57,450]: *** sta1-wlan1: Scan detected ap1-ssid in range (signal: -90.0 / -82.0)
INFO     [2021-06-02 10:40:58,433]: *** sta3-wlan1: Scan detected ap1-ssid in range (signal: -89.0 / -82.0)
INFO     [2021-06-02 10:40:58,454]: *** sta1-wlan1: Scan detected ap1-ssid in range (signal: -90.0 / -82.0)
INFO     [2021-06-02 10:40:59,441]: *** sta3-wlan1: Scan detected ap1-ssid in range (signal: -89.0 / -82.0)
INFO     [2021-06-02 10:40:59,460]: *** sta1-wlan1: Scan detected ap1-ssid in range (signal: -90.0 / -82.0)
INFO     [2021-06-02 10:41:00,371]: *** sta3-wlan1: Scanning for ap1-ssid
INFO     [2021-06-02 10:41:00,446]: *** sta3-wlan1: Scan detected ap1-ssid in range (signal: -89.0 / -82.0)
INFO     [2021-06-02 10:41:00,478]: *** sta1-wlan1: Scan detected ap1-ssid in range (signal: -90.0 / -82.0)
INFO     [2021-06-02 10:41:01,452]: *** sta3-wlan1: Scan detected ap1-ssid in range (signal: -89.0 / -82.0)
INFO     [2021-06-02 10:41:01,484]: *** sta1-wlan1: Scan detected ap1-ssid in range (signal: -90.0 / -82.0)
INFO     [2021-06-02 10:41:02,464]: *** sta3-wlan1: Scan detected ap1-ssid in range (signal: -89.0 / -82.0)
INFO     [2021-06-02 10:41:02,493]: *** sta1-wlan1: Scan detected ap1-ssid in range (signal: -90.0 / -82.0)
INFO     [2021-06-02 10:41:03,136]: *** sta1-wlan1: Scanning for ap1-ssid
INFO     [2021-06-02 10:41:03,472]: *** sta3-wlan1: Scan detected ap1-ssid in range (signal: -89.0 / -82.0)
INFO     [2021-06-02 10:41:03,501]: *** sta1-wlan1: Scan detected ap1-ssid in range (signal: -90.0 / -82.0)
INFO     [2021-06-02 10:41:04,478]: *** sta3-wlan1: Scan detected ap1-ssid in range (signal: -89.0 / -82.0)
INFO     [2021-06-02 10:41:04,510]: *** sta1-wlan1: Scan detected ap1-ssid in range (signal: -90.0 / -82.0)
INFO     [2021-06-02 10:41:05,484]: *** sta3-wlan1: Scan detected ap1-ssid in range (signal: -89.0 / -82.0)
INFO     [2021-06-02 10:41:05,516]: *** sta1-wlan1: Scan detected ap1-ssid in range (signal: -90.0 / -82.0)
INFO     [2021-06-02 10:41:06,492]: *** sta3-wlan1: Scan detected ap1-ssid in range (signal: -89.0 / -82.0)
INFO     [2021-06-02 10:41:06,520]: *** sta1-wlan1: Scan detected ap1-ssid in range (signal: -90.0 / -82.0)
INFO     [2021-06-02 10:41:07,215]: *** sta3-wlan1: Scanning for ap1-ssid
INFO     [2021-06-02 10:41:07,501]: *** sta3-wlan1: Scan detected ap1-ssid in range (signal: -89.0 / -82.0)
INFO     [2021-06-02 10:41:07,527]: *** sta1-wlan1: Scan detected ap1-ssid in range (signal: -90.0 / -82.0)
INFO     [2021-06-02 10:41:08,519]: *** sta3-wlan1: Scan detected ap1-ssid in range (signal: -89.0 / -82.0)
INFO     [2021-06-02 10:41:08,537]: *** sta1-wlan1: Scan detected ap1-ssid in range (signal: -90.0 / -82.0)
INFO     [2021-06-02 10:41:09,535]: *** sta3-wlan1: Scan detected ap1-ssid in range (signal: -89.0 / -82.0)
INFO     [2021-06-02 10:41:09,542]: *** sta1-wlan1: Scan detected ap1-ssid in range (signal: -90.0 / -82.0)
INFO     [2021-06-02 10:41:10,059]: *** sta1-wlan1: Scanning for ap1-ssid
INFO     [2021-06-02 10:41:10,559]: *** sta3-wlan1: Scan detected ap1-ssid in range (signal: -89.0 / -82.0)
INFO     [2021-06-02 10:41:10,561]: *** sta1-wlan1: Scan detected ap1-ssid in range (signal: -90.0 / -82.0)
INFO     [2021-06-02 10:41:11,567]: *** sta3-wlan1: Scan detected ap1-ssid in range (signal: -89.0 / -82.0)
INFO     [2021-06-02 10:41:11,568]: *** sta1-wlan1: Scan detected ap1-ssid in range (signal: -90.0 / -82.0)
INFO     [2021-06-02 10:41:12,572]: *** sta3-wlan1: Scan detected ap1-ssid in range (signal: -89.0 / -82.0)
INFO     [2021-06-02 10:41:12,574]: *** sta1-wlan1: Scan detected ap1-ssid in range (signal: -90.0 / -82.0)
INFO     [2021-06-02 10:41:13,586]: *** sta1-wlan1: Scan detected ap1-ssid in range (signal: -90.0 / -82.0)
INFO     [2021-06-02 10:41:13,587]: *** sta3-wlan1: Scan detected ap1-ssid in range (signal: -89.0 / -82.0)
INFO     [2021-06-02 10:41:14,047]: *** sta3-wlan1: Scanning for ap1-ssid
INFO     [2021-06-02 10:41:14,592]: *** sta1-wlan1: Scan detected ap1-ssid in range (signal: -90.0 / -82.0)
INFO     [2021-06-02 10:41:14,595]: *** sta3-wlan1: Scan detected ap1-ssid in range (signal: -89.0 / -82.0)
INFO     [2021-06-02 10:41:15,601]: *** sta1-wlan1: Scan detected ap1-ssid in range (signal: -90.0 / -82.0)
INFO     [2021-06-02 10:41:15,603]: *** sta3-wlan1: Scan detected ap1-ssid in range (signal: -89.0 / -82.0)
INFO     [2021-06-02 10:41:16,609]: *** sta1-wlan1: Scan detected ap1-ssid in range (signal: -90.0 / -82.0)
INFO     [2021-06-02 10:41:16,611]: *** sta3-wlan1: Scan detected ap1-ssid in range (signal: -89.0 / -82.0)
INFO     [2021-06-02 10:41:16,972]: *** sta1-wlan1: Scanning for ap1-ssid
INFO     [2021-06-02 10:41:17,615]: *** sta1-wlan1: Scan detected ap1-ssid in range (signal: -90.0 / -82.0)
INFO     [2021-06-02 10:41:17,621]: *** sta3-wlan1: Scan detected ap1-ssid in range (signal: -89.0 / -82.0)
INFO     [2021-06-02 10:41:18,621]: *** sta1-wlan1: Scan detected ap1-ssid in range (signal: -90.0 / -82.0)
INFO     [2021-06-02 10:41:18,628]: *** sta3-wlan1: Scan detected ap1-ssid in range (signal: -89.0 / -82.0)
INFO     [2021-06-02 10:41:19,628]: *** sta1-wlan1: Scan detected ap1-ssid in range (signal: -90.0 / -82.0)
INFO     [2021-06-02 10:41:19,633]: *** sta3-wlan1: Scan detected ap1-ssid in range (signal: -89.0 / -82.0)
INFO     [2021-06-02 10:41:20,651]: *** sta1-wlan1: Scan detected ap1-ssid in range (signal: -90.0 / -82.0)
INFO     [2021-06-02 10:41:20,655]: *** sta3-wlan1: Scan detected ap1-ssid in range (signal: -89.0 / -82.0)
INFO     [2021-06-02 10:41:20,835]: *** sta3-wlan1: Scanning for ap1-ssid
INFO     [2021-06-02 10:41:21,659]: *** sta1-wlan1: Scan detected ap1-ssid in range (signal: -90.0 / -82.0)
INFO     [2021-06-02 10:41:21,663]: *** sta3-wlan1: Scan detected ap1-ssid in range (signal: -89.0 / -82.0)
INFO     [2021-06-02 10:41:22,666]: *** sta1-wlan1: Scan detected ap1-ssid in range (signal: -90.0 / -82.0)
INFO     [2021-06-02 10:41:22,669]: *** sta3-wlan1: Scan detected ap1-ssid in range (signal: -89.0 / -82.0)
INFO     [2021-06-02 10:41:23,673]: *** sta1-wlan1: Scan detected ap1-ssid in range (signal: -90.0 / -82.0)
INFO     [2021-06-02 10:41:23,744]: *** sta1-wlan1: Scanning for ap1-ssid
INFO     [2021-06-02 10:41:24,678]: *** sta1-wlan1: Scan detected ap1-ssid in range (signal: -90.0 / -82.0)
INFO     [2021-06-02 10:41:25,683]: *** sta1-wlan1: Scan detected ap1-ssid in range (signal: -90.0 / -82.0)
INFO     [2021-06-02 10:41:26,690]: *** sta1-wlan1: Scan detected ap1-ssid in range (signal: -90.0 / -82.0)
INFO     [2021-06-02 10:41:27,615]: *** sta3-wlan1: Scanning for ap1-ssid
INFO     [2021-06-02 10:41:27,700]: *** sta1-wlan1: Scan detected ap1-ssid in range (signal: -90.0 / -82.0)
INFO     [2021-06-02 10:41:28,706]: *** sta1-wlan1: Scan detected ap1-ssid in range (signal: -90.0 / -82.0)
INFO     [2021-06-02 10:41:29,713]: *** sta1-wlan1: Scan detected ap1-ssid in range (signal: -90.0 / -82.0)
INFO     [2021-06-02 10:41:30,578]: *** sta1-wlan1: Scanning for ap1-ssid
INFO     [2021-06-02 10:41:30,719]: *** sta1-wlan1: Scan detected ap1-ssid in range (signal: -90.0 / -82.0)
INFO     [2021-06-02 10:41:31,723]: *** sta1-wlan1: Scan detected ap1-ssid in range (signal: -90.0 / -82.0)
INFO     [2021-06-02 10:41:32,730]: *** sta1-wlan1: Scan detected ap1-ssid in range (signal: -90.0 / -82.0)
INFO     [2021-06-02 10:41:33,738]: *** sta1-wlan1: Scan detected ap1-ssid in range (signal: -90.0 / -82.0)
INFO     [2021-06-02 10:41:34,401]: *** sta3-wlan1: Scanning for ap1-ssid
INFO     [2021-06-02 10:41:34,740]: *** sta3-wlan1: Scan detected ap1-ssid in range (signal: -88.0 / -82.0)
INFO     [2021-06-02 10:41:34,744]: *** sta1-wlan1: Scan detected ap1-ssid in range (signal: -90.0 / -82.0)
INFO     [2021-06-02 10:41:35,746]: *** sta3-wlan1: Scan detected ap1-ssid in range (signal: -88.0 / -82.0)
INFO     [2021-06-02 10:41:35,750]: *** sta1-wlan1: Scan detected ap1-ssid in range (signal: -90.0 / -82.0)
INFO     [2021-06-02 10:41:36,751]: *** sta3-wlan1: Scan detected ap1-ssid in range (signal: -88.0 / -82.0)
INFO     [2021-06-02 10:41:36,759]: *** sta1-wlan1: Scan detected ap1-ssid in range (signal: -90.0 / -82.0)
INFO     [2021-06-02 10:41:37,355]: *** sta1-wlan1: Scanning for ap1-ssid
INFO     [2021-06-02 10:41:37,756]: *** sta3-wlan1: Scan detected ap1-ssid in range (signal: -88.0 / -82.0)
INFO     [2021-06-02 10:41:37,764]: *** sta1-wlan1: Scan detected ap1-ssid in range (signal: -90.0 / -82.0)
INFO     [2021-06-02 10:41:38,771]: *** sta1-wlan1: Scan detected ap1-ssid in range (signal: -90.0 / -82.0)
INFO     [2021-06-02 10:41:38,772]: *** sta3-wlan1: Scan detected ap1-ssid in range (signal: -88.0 / -82.0)
INFO     [2021-06-02 10:41:39,776]: *** sta1-wlan1: Scan detected ap1-ssid in range (signal: -90.0 / -82.0)
INFO     [2021-06-02 10:41:39,777]: *** sta3-wlan1: Scan detected ap1-ssid in range (signal: -88.0 / -82.0)
INFO     [2021-06-02 10:41:40,785]: *** sta3-wlan1: Scan detected ap1-ssid in range (signal: -88.0 / -82.0)
INFO     [2021-06-02 10:41:40,787]: *** sta1-wlan1: Scan detected ap1-ssid in range (signal: -90.0 / -82.0)
INFO     [2021-06-02 10:41:41,180]: *** sta3-wlan1: Scanning for ap1-ssid
INFO     [2021-06-02 10:41:41,790]: *** sta3-wlan1: Scan detected ap1-ssid in range (signal: -88.0 / -82.0)
INFO     [2021-06-02 10:41:41,792]: *** sta1-wlan1: Scan detected ap1-ssid in range (signal: -90.0 / -82.0)
INFO     [2021-06-02 10:41:42,795]: *** sta3-wlan1: Scan detected ap1-ssid in range (signal: -88.0 / -82.0)
INFO     [2021-06-02 10:41:42,797]: *** sta1-wlan1: Scan detected ap1-ssid in range (signal: -90.0 / -82.0)
INFO     [2021-06-02 10:41:43,803]: *** sta3-wlan1: Scan detected ap1-ssid in range (signal: -88.0 / -82.0)
INFO     [2021-06-02 10:41:43,804]: *** sta1-wlan1: Scan detected ap1-ssid in range (signal: -90.0 / -82.0)
INFO     [2021-06-02 10:41:44,215]: *** sta1-wlan1: Scanning for ap1-ssid
INFO     [2021-06-02 10:41:44,809]: *** sta3-wlan1: Scan detected ap1-ssid in range (signal: -88.0 / -82.0)
INFO     [2021-06-02 10:41:44,811]: *** sta1-wlan1: Scan detected ap1-ssid in range (signal: -90.0 / -82.0)
INFO     [2021-06-02 10:41:45,814]: *** sta3-wlan1: Scan detected ap1-ssid in range (signal: -88.0 / -82.0)
INFO     [2021-06-02 10:41:45,817]: *** sta1-wlan1: Scan detected ap1-ssid in range (signal: -90.0 / -82.0)
INFO     [2021-06-02 10:41:46,820]: *** sta3-wlan1: Scan detected ap1-ssid in range (signal: -88.0 / -82.0)
INFO     [2021-06-02 10:41:46,823]: *** sta1-wlan1: Scan detected ap1-ssid in range (signal: -90.0 / -82.0)
INFO     [2021-06-02 10:41:47,831]: *** sta3-wlan1: Scan detected ap1-ssid in range (signal: -88.0 / -82.0)
INFO     [2021-06-02 10:41:47,835]: *** sta1-wlan1: Scan detected ap1-ssid in range (signal: -90.0 / -82.0)
INFO     [2021-06-02 10:41:48,009]: *** sta3-wlan1: Scanning for ap1-ssid
INFO     [2021-06-02 10:41:48,838]: *** sta3-wlan1: Scan detected ap1-ssid in range (signal: -88.0 / -82.0)
INFO     [2021-06-02 10:41:48,842]: *** sta1-wlan1: Scan detected ap1-ssid in range (signal: -90.0 / -82.0)
INFO     [2021-06-02 10:41:49,854]: *** sta1-wlan1: Scan detected ap1-ssid in range (signal: -90.0 / -82.0)
INFO     [2021-06-02 10:41:49,855]: *** sta3-wlan1: Scan detected ap1-ssid in range (signal: -88.0 / -82.0)
INFO     [2021-06-02 10:41:50,860]: *** sta1-wlan1: Scan detected ap1-ssid in range (signal: -90.0 / -82.0)
INFO     [2021-06-02 10:41:50,861]: *** sta3-wlan1: Scan detected ap1-ssid in range (signal: -88.0 / -82.0)
INFO     [2021-06-02 10:41:51,056]: *** sta1-wlan1: Scanning for ap1-ssid
INFO     [2021-06-02 10:41:51,869]: *** sta1-wlan1: Scan detected ap1-ssid in range (signal: -90.0 / -82.0)
INFO     [2021-06-02 10:41:51,872]: *** sta3-wlan1: Scan detected ap1-ssid in range (signal: -88.0 / -82.0)
INFO     [2021-06-02 10:41:52,875]: *** sta1-wlan1: Scan detected ap1-ssid in range (signal: -90.0 / -82.0)
INFO     [2021-06-02 10:41:52,877]: *** sta3-wlan1: Scan detected ap1-ssid in range (signal: -88.0 / -82.0)
INFO     [2021-06-02 10:41:53,881]: *** sta3-wlan1: Scan detected ap1-ssid in range (signal: -88.0 / -82.0)
INFO     [2021-06-02 10:41:54,886]: *** sta3-wlan1: Scan detected ap1-ssid in range (signal: -88.0 / -82.0)
INFO     [2021-06-02 10:41:55,083]: *** sta3-wlan1: Scanning for ap1-ssid
INFO     [2021-06-02 10:41:55,893]: *** sta3-wlan1: Scan detected ap1-ssid in range (signal: -88.0 / -82.0)
INFO     [2021-06-02 10:41:56,898]: *** sta3-wlan1: Scan detected ap1-ssid in range (signal: -88.0 / -82.0)
INFO     [2021-06-02 10:41:57,908]: *** sta3-wlan1: Scan detected ap1-ssid in range (signal: -88.0 / -82.0)
INFO     [2021-06-02 10:41:58,178]: *** sta1-wlan1: Scanning for ap1-ssid
INFO     [2021-06-02 10:41:58,916]: *** sta3-wlan1: Scan detected ap1-ssid in range (signal: -88.0 / -82.0)
INFO     [2021-06-02 10:41:59,924]: *** sta3-wlan1: Scan detected ap1-ssid in range (signal: -88.0 / -82.0)
INFO     [2021-06-02 10:42:00,928]: *** sta3-wlan1: Scan detected ap1-ssid in range (signal: -88.0 / -82.0)
INFO     [2021-06-02 10:42:01,884]: *** sta3-wlan1: Scanning for ap1-ssid
INFO     [2021-06-02 10:42:01,934]: *** sta3-wlan1: Scan detected ap1-ssid in range (signal: -88.0 / -82.0)
INFO     [2021-06-02 10:42:02,939]: *** sta3-wlan1: Scan detected ap1-ssid in range (signal: -88.0 / -82.0)
INFO     [2021-06-02 10:42:03,948]: *** sta3-wlan1: Scan detected ap1-ssid in range (signal: -88.0 / -82.0)
INFO     [2021-06-02 10:42:04,990]: *** sta1-wlan1: Scanning for ap1-ssid
INFO     [2021-06-02 10:42:08,752]: *** sta3-wlan1: Scanning for ap1-ssid
INFO     [2021-06-02 10:42:11,833]: *** sta1-wlan1: Scanning for ap1-ssid
INFO     [2021-06-02 10:42:15,598]: *** sta3-wlan1: Scanning for ap1-ssid
INFO     [2021-06-02 10:42:18,635]: *** sta1-wlan1: Scanning for ap1-ssid
INFO     [2021-06-02 10:42:22,403]: *** sta3-wlan1: Scanning for ap1-ssid
INFO     [2021-06-02 10:42:25,453]: *** sta1-wlan1: Scanning for ap1-ssid
INFO     [2021-06-02 10:42:29,178]: *** sta3-wlan1: Scanning for ap1-ssid
INFO     [2021-06-02 10:42:32,247]: *** sta1-wlan1: Scanning for ap1-ssid
INFO     [2021-06-02 10:42:36,011]: *** sta3-wlan1: Scanning for ap1-ssid
INFO     [2021-06-02 10:42:36,207]: *** sta3-wlan1: Scan detected ap1-ssid in range (signal: -88.0 / -82.0)
INFO     [2021-06-02 10:42:37,214]: *** sta3-wlan1: Scan detected ap1-ssid in range (signal: -88.0 / -82.0)
INFO     [2021-06-02 10:42:38,227]: *** sta3-wlan1: Scan detected ap1-ssid in range (signal: -88.0 / -82.0)
INFO     [2021-06-02 10:42:39,005]: *** sta1-wlan1: Scanning for ap1-ssid
INFO     [2021-06-02 10:42:39,233]: *** sta3-wlan1: Scan detected ap1-ssid in range (signal: -88.0 / -82.0)
INFO     [2021-06-02 10:42:40,242]: *** sta3-wlan1: Scan detected ap1-ssid in range (signal: -88.0 / -82.0)
INFO     [2021-06-02 10:42:41,247]: *** sta3-wlan1: Scan detected ap1-ssid in range (signal: -88.0 / -82.0)
INFO     [2021-06-02 10:42:42,261]: *** sta3-wlan1: Scan detected ap1-ssid in range (signal: -88.0 / -82.0)
INFO     [2021-06-02 10:42:42,781]: *** sta3-wlan1: Scanning for ap1-ssid
INFO     [2021-06-02 10:42:43,281]: *** sta3-wlan1: Scan detected ap1-ssid in range (signal: -89.0 / -82.0)
INFO     [2021-06-02 10:42:44,287]: *** sta3-wlan1: Scan detected ap1-ssid in range (signal: -89.0 / -82.0)
INFO     [2021-06-02 10:42:45,294]: *** sta3-wlan1: Scan detected ap1-ssid in range (signal: -89.0 / -82.0)
INFO     [2021-06-02 10:42:45,787]: *** sta1-wlan1: Scanning for ap1-ssid
INFO     [2021-06-02 10:42:46,304]: *** sta3-wlan1: Scan detected ap1-ssid in range (signal: -89.0 / -82.0)
INFO     [2021-06-02 10:42:47,308]: *** sta3-wlan1: Scan detected ap1-ssid in range (signal: -89.0 / -82.0)
INFO     [2021-06-02 10:42:48,317]: *** sta3-wlan1: Scan detected ap1-ssid in range (signal: -89.0 / -82.0)
INFO     [2021-06-02 10:42:49,323]: *** sta3-wlan1: Scan detected ap1-ssid in range (signal: -89.0 / -82.0)
INFO     [2021-06-02 10:42:49,604]: *** sta3-wlan1: Scanning for ap1-ssid
INFO     [2021-06-02 10:42:50,329]: *** sta3-wlan1: Scan detected ap1-ssid in range (signal: -89.0 / -82.0)
INFO     [2021-06-02 10:42:51,335]: *** sta3-wlan1: Scan detected ap1-ssid in range (signal: -89.0 / -82.0)
INFO     [2021-06-02 10:42:52,342]: *** sta3-wlan1: Scan detected ap1-ssid in range (signal: -89.0 / -82.0)
INFO     [2021-06-02 10:42:52,555]: *** sta1-wlan1: Scanning for ap1-ssid
INFO     [2021-06-02 10:42:53,346]: *** sta3-wlan1: Scan detected ap1-ssid in range (signal: -89.0 / -82.0)
INFO     [2021-06-02 10:42:54,353]: *** sta3-wlan1: Scan detected ap1-ssid in range (signal: -89.0 / -82.0)
INFO     [2021-06-02 10:42:55,359]: *** sta3-wlan1: Scan detected ap1-ssid in range (signal: -89.0 / -82.0)
INFO     [2021-06-02 10:42:56,376]: *** sta3-wlan1: Scan detected ap1-ssid in range (signal: -89.0 / -82.0)
INFO     [2021-06-02 10:42:56,447]: *** sta3-wlan1: Scanning for ap1-ssid
INFO     [2021-06-02 10:42:57,383]: *** sta3-wlan1: Scan detected ap1-ssid in range (signal: -89.0 / -82.0)
INFO     [2021-06-02 10:42:58,392]: *** sta3-wlan1: Scan detected ap1-ssid in range (signal: -89.0 / -82.0)
INFO     [2021-06-02 10:42:59,376]: *** sta1-wlan1: Scanning for ap1-ssid
INFO     [2021-06-02 10:42:59,399]: *** sta3-wlan1: Scan detected ap1-ssid in range (signal: -89.0 / -82.0)
INFO     [2021-06-02 10:43:00,410]: *** sta3-wlan1: Scan detected ap1-ssid in range (signal: -89.0 / -82.0)
INFO     [2021-06-02 10:43:01,420]: *** sta3-wlan1: Scan detected ap1-ssid in range (signal: -89.0 / -82.0)
INFO     [2021-06-02 10:43:02,426]: *** sta3-wlan1: Scan detected ap1-ssid in range (signal: -89.0 / -82.0)
INFO     [2021-06-02 10:43:03,287]: *** sta3-wlan1: Scanning for ap1-ssid
INFO     [2021-06-02 10:43:03,493]: *** sta3-wlan1: Scan detected ap1-ssid in range (signal: -89.0 / -82.0)
INFO     [2021-06-02 10:43:04,514]: *** sta3-wlan1: Scan detected ap1-ssid in range (signal: -89.0 / -82.0)
INFO     [2021-06-02 10:43:05,531]: *** sta3-wlan1: Scan detected ap1-ssid in range (signal: -89.0 / -82.0)
INFO     [2021-06-02 10:43:06,163]: *** sta1-wlan1: Scanning for ap1-ssid
INFO     [2021-06-02 10:43:06,541]: *** sta3-wlan1: Scan detected ap1-ssid in range (signal: -89.0 / -82.0)
INFO     [2021-06-02 10:43:07,547]: *** sta3-wlan1: Scan detected ap1-ssid in range (signal: -89.0 / -82.0)
INFO     [2021-06-02 10:43:08,551]: *** sta3-wlan1: Scan detected ap1-ssid in range (signal: -89.0 / -82.0)
INFO     [2021-06-02 10:43:09,554]: *** sta3-wlan1: Scan detected ap1-ssid in range (signal: -89.0 / -82.0)
INFO     [2021-06-02 10:43:10,307]: *** sta3-wlan1: Scanning for ap1-ssid
INFO     [2021-06-02 10:43:10,560]: *** sta3-wlan1: Scan detected ap1-ssid in range (signal: -89.0 / -82.0)
INFO     [2021-06-02 10:43:11,565]: *** sta3-wlan1: Scan detected ap1-ssid in range (signal: -89.0 / -82.0)
INFO     [2021-06-02 10:43:12,573]: *** sta3-wlan1: Scan detected ap1-ssid in range (signal: -89.0 / -82.0)
INFO     [2021-06-02 10:43:13,138]: *** sta1-wlan1: Scanning for ap1-ssid
INFO     [2021-06-02 10:43:17,203]: *** sta3-wlan1: Scanning for ap1-ssid
INFO     [2021-06-02 10:43:19,947]: *** sta1-wlan1: Scanning for ap1-ssid
INFO     [2021-06-02 10:43:24,176]: *** sta3-wlan1: Scanning for ap1-ssid
INFO     [2021-06-02 10:43:26,817]: *** sta1-wlan1: Scanning for ap1-ssid
INFO     [2021-06-02 10:43:31,027]: *** sta3-wlan1: Scanning for ap1-ssid
INFO     [2021-06-02 10:43:31,771]: *** sta3-wlan1: Scan detected ap1-ssid in range (signal: -87.0 / -82.0)
INFO     [2021-06-02 10:43:32,781]: *** sta3-wlan1: Scan detected ap1-ssid in range (signal: -87.0 / -82.0)
INFO     [2021-06-02 10:43:33,672]: *** sta1-wlan1: Scanning for ap1-ssid
INFO     [2021-06-02 10:43:33,789]: *** sta3-wlan1: Scan detected ap1-ssid in range (signal: -87.0 / -82.0)
INFO     [2021-06-02 10:43:34,794]: *** sta3-wlan1: Scan detected ap1-ssid in range (signal: -87.0 / -82.0)
INFO     [2021-06-02 10:43:35,801]: *** sta3-wlan1: Scan detected ap1-ssid in range (signal: -87.0 / -82.0)
INFO     [2021-06-02 10:43:36,807]: *** sta3-wlan1: Scan detected ap1-ssid in range (signal: -87.0 / -82.0)
INFO     [2021-06-02 10:43:37,813]: *** sta3-wlan1: Scan detected ap1-ssid in range (signal: -87.0 / -82.0)
INFO     [2021-06-02 10:43:37,849]: *** sta3-wlan1: Scanning for ap1-ssid
INFO     [2021-06-02 10:43:38,820]: *** sta3-wlan1: Scan detected ap1-ssid in range (signal: -87.0 / -82.0)
INFO     [2021-06-02 10:43:39,827]: *** sta3-wlan1: Scan detected ap1-ssid in range (signal: -87.0 / -82.0)
INFO     [2021-06-02 10:43:40,482]: *** sta1-wlan1: Scanning for ap1-ssid
INFO     [2021-06-02 10:43:40,834]: *** sta3-wlan1: Scan detected ap1-ssid in range (signal: -87.0 / -82.0)
INFO     [2021-06-02 10:43:41,848]: *** sta3-wlan1: Scan detected ap1-ssid in range (signal: -87.0 / -82.0)
INFO     [2021-06-02 10:43:42,854]: *** sta3-wlan1: Scan detected ap1-ssid in range (signal: -87.0 / -82.0)
INFO     [2021-06-02 10:43:43,860]: *** sta3-wlan1: Scan detected ap1-ssid in range (signal: -87.0 / -82.0)
INFO     [2021-06-02 10:43:44,650]: *** sta3-wlan1: Scanning for ap1-ssid
INFO     [2021-06-02 10:43:44,865]: *** sta3-wlan1: Scan detected ap1-ssid in range (signal: -87.0 / -82.0)
INFO     [2021-06-02 10:43:45,871]: *** sta3-wlan1: Scan detected ap1-ssid in range (signal: -87.0 / -82.0)
INFO     [2021-06-02 10:43:46,878]: *** sta3-wlan1: Scan detected ap1-ssid in range (signal: -87.0 / -82.0)
INFO     [2021-06-02 10:43:47,278]: *** sta1-wlan1: Scanning for ap1-ssid
INFO     [2021-06-02 10:43:47,883]: *** sta3-wlan1: Scan detected ap1-ssid in range (signal: -87.0 / -82.0)
INFO     [2021-06-02 10:43:48,889]: *** sta3-wlan1: Scan detected ap1-ssid in range (signal: -87.0 / -82.0)
INFO     [2021-06-02 10:43:49,896]: *** sta3-wlan1: Scan detected ap1-ssid in range (signal: -87.0 / -82.0)
INFO     [2021-06-02 10:43:50,922]: *** sta3-wlan1: Scan detected ap1-ssid in range (signal: -87.0 / -82.0)
INFO     [2021-06-02 10:43:51,437]: *** sta3-wlan1: Scanning for ap1-ssid
INFO     [2021-06-02 10:43:51,928]: *** sta3-wlan1: Scan detected ap1-ssid in range (signal: -87.0 / -82.0)
INFO     [2021-06-02 10:43:52,935]: *** sta3-wlan1: Scan detected ap1-ssid in range (signal: -87.0 / -82.0)
INFO     [2021-06-02 10:43:53,941]: *** sta3-wlan1: Scan detected ap1-ssid in range (signal: -87.0 / -82.0)
INFO     [2021-06-02 10:43:54,043]: *** sta1-wlan1: Scanning for ap1-ssid
INFO     [2021-06-02 10:43:54,955]: *** sta3-wlan1: Scan detected ap1-ssid in range (signal: -87.0 / -82.0)
INFO     [2021-06-02 10:43:55,961]: *** sta3-wlan1: Scan detected ap1-ssid in range (signal: -87.0 / -82.0)
INFO     [2021-06-02 10:43:56,980]: *** sta3-wlan1: Scan detected ap1-ssid in range (signal: -87.0 / -82.0)
INFO     [2021-06-02 10:43:57,989]: *** sta3-wlan1: Scan detected ap1-ssid in range (signal: -87.0 / -82.0)
INFO     [2021-06-02 10:43:58,298]: *** sta3-wlan1: Scanning for ap1-ssid
INFO     [2021-06-02 10:43:58,994]: *** sta3-wlan1: Scan detected ap1-ssid in range (signal: -87.0 / -82.0)
INFO     [2021-06-02 10:43:59,998]: *** sta3-wlan1: Scan detected ap1-ssid in range (signal: -87.0 / -82.0)
INFO     [2021-06-02 10:44:00,823]: *** sta1-wlan1: Scanning for ap1-ssid
INFO     [2021-06-02 10:44:01,003]: *** sta3-wlan1: Scan detected ap1-ssid in range (signal: -87.0 / -82.0)
INFO     [2021-06-02 10:44:05,048]: *** sta3-wlan1: Scanning for ap1-ssid
INFO     [2021-06-02 10:44:07,608]: *** sta1-wlan1: Scanning for ap1-ssid
INFO     [2021-06-02 10:44:11,801]: *** sta3-wlan1: Scanning for ap1-ssid
INFO     [2021-06-02 10:44:12,083]: *** sta3-wlan1: Scan detected ap1-ssid in range (signal: -88.0 / -82.0)
INFO     [2021-06-02 10:44:13,092]: *** sta3-wlan1: Scan detected ap1-ssid in range (signal: -88.0 / -82.0)
INFO     [2021-06-02 10:44:14,101]: *** sta3-wlan1: Scan detected ap1-ssid in range (signal: -88.0 / -82.0)
INFO     [2021-06-02 10:44:14,393]: *** sta1-wlan1: Scanning for ap1-ssid
INFO     [2021-06-02 10:44:15,107]: *** sta3-wlan1: Scan detected ap1-ssid in range (signal: -88.0 / -82.0)
INFO     [2021-06-02 10:44:16,114]: *** sta3-wlan1: Scan detected ap1-ssid in range (signal: -88.0 / -82.0)
INFO     [2021-06-02 10:44:17,120]: *** sta3-wlan1: Scan detected ap1-ssid in range (signal: -88.0 / -82.0)
INFO     [2021-06-02 10:44:18,127]: *** sta3-wlan1: Scan detected ap1-ssid in range (signal: -88.0 / -82.0)
INFO     [2021-06-02 10:44:18,566]: *** sta3-wlan1: Scanning for ap1-ssid
INFO     [2021-06-02 10:44:19,134]: *** sta3-wlan1: Scan detected ap1-ssid in range (signal: -88.0 / -82.0)
INFO     [2021-06-02 10:44:20,140]: *** sta3-wlan1: Scan detected ap1-ssid in range (signal: -88.0 / -82.0)
INFO     [2021-06-02 10:44:21,159]: *** sta3-wlan1: Scan detected ap1-ssid in range (signal: -88.0 / -82.0)
INFO     [2021-06-02 10:44:21,163]: *** sta1-wlan1: Scanning for ap1-ssid
INFO     [2021-06-02 10:44:22,182]: *** sta3-wlan1: Scan detected ap1-ssid in range (signal: -88.0 / -82.0)
INFO     [2021-06-02 10:44:23,208]: *** sta3-wlan1: Scan detected ap1-ssid in range (signal: -88.0 / -82.0)
INFO     [2021-06-02 10:44:24,214]: *** sta3-wlan1: Scan detected ap1-ssid in range (signal: -88.0 / -82.0)
INFO     [2021-06-02 10:44:25,224]: *** sta3-wlan1: Scan detected ap1-ssid in range (signal: -88.0 / -82.0)
INFO     [2021-06-02 10:44:25,385]: *** sta3-wlan1: Scanning for ap1-ssid
INFO     [2021-06-02 10:44:26,233]: *** sta3-wlan1: Scan detected ap1-ssid in range (signal: -88.0 / -82.0)
INFO     [2021-06-02 10:44:27,243]: *** sta3-wlan1: Scan detected ap1-ssid in range (signal: -88.0 / -82.0)
INFO     [2021-06-02 10:44:28,202]: *** sta1-wlan1: Scanning for ap1-ssid
INFO     [2021-06-02 10:44:28,250]: *** sta3-wlan1: Scan detected ap1-ssid in range (signal: -88.0 / -82.0)
INFO     [2021-06-02 10:44:28,250]: *** sta1-wlan1: Scan detected ap1-ssid in range (signal: -89.0 / -82.0)
INFO     [2021-06-02 10:44:29,254]: *** sta3-wlan1: Scan detected ap1-ssid in range (signal: -88.0 / -82.0)
INFO     [2021-06-02 10:44:29,256]: *** sta1-wlan1: Scan detected ap1-ssid in range (signal: -89.0 / -82.0)
INFO     [2021-06-02 10:44:30,262]: *** sta1-wlan1: Scan detected ap1-ssid in range (signal: -89.0 / -82.0)
INFO     [2021-06-02 10:44:30,262]: *** sta3-wlan1: Scan detected ap1-ssid in range (signal: -88.0 / -82.0)
INFO     [2021-06-02 10:44:31,268]: *** sta1-wlan1: Scan detected ap1-ssid in range (signal: -89.0 / -82.0)
INFO     [2021-06-02 10:44:31,274]: *** sta3-wlan1: Scan detected ap1-ssid in range (signal: -88.0 / -82.0)
INFO     [2021-06-02 10:44:32,274]: *** sta1-wlan1: Scan detected ap1-ssid in range (signal: -89.0 / -82.0)
INFO     [2021-06-02 10:44:32,278]: *** sta3-wlan1: Scan detected ap1-ssid in range (signal: -88.0 / -82.0)
INFO     [2021-06-02 10:44:32,311]: *** sta3-wlan1: Scanning for ap1-ssid
INFO     [2021-06-02 10:44:33,278]: *** sta1-wlan1: Scan detected ap1-ssid in range (signal: -89.0 / -82.0)
INFO     [2021-06-02 10:44:33,283]: *** sta3-wlan1: Scan detected ap1-ssid in range (signal: -88.0 / -82.0)
INFO     [2021-06-02 10:44:34,291]: *** sta1-wlan1: Scan detected ap1-ssid in range (signal: -89.0 / -82.0)
INFO     [2021-06-02 10:44:34,295]: *** sta3-wlan1: Scan detected ap1-ssid in range (signal: -88.0 / -82.0)
INFO     [2021-06-02 10:44:35,050]: *** sta1-wlan1: Scanning for ap1-ssid
INFO     [2021-06-02 10:44:35,304]: *** sta3-wlan1: Scan detected ap1-ssid in range (signal: -88.0 / -82.0)
INFO     [2021-06-02 10:44:35,305]: *** sta1-wlan1: Scan detected ap1-ssid in range (signal: -89.0 / -82.0)
INFO     [2021-06-02 10:44:36,312]: *** sta1-wlan1: Scan detected ap1-ssid in range (signal: -89.0 / -82.0)
INFO     [2021-06-02 10:44:36,314]: *** sta3-wlan1: Scan detected ap1-ssid in range (signal: -88.0 / -82.0)
INFO     [2021-06-02 10:44:37,317]: *** sta1-wlan1: Scan detected ap1-ssid in range (signal: -89.0 / -82.0)
INFO     [2021-06-02 10:44:37,321]: *** sta3-wlan1: Scan detected ap1-ssid in range (signal: -88.0 / -82.0)
INFO     [2021-06-02 10:44:38,325]: *** sta1-wlan1: Scan detected ap1-ssid in range (signal: -89.0 / -82.0)
INFO     [2021-06-02 10:44:38,328]: *** sta3-wlan1: Scan detected ap1-ssid in range (signal: -88.0 / -82.0)
INFO     [2021-06-02 10:44:39,219]: *** sta3-wlan1: Scanning for ap1-ssid
INFO     [2021-06-02 10:44:39,331]: *** sta1-wlan1: Scan detected ap1-ssid in range (signal: -89.0 / -82.0)
INFO     [2021-06-02 10:44:39,335]: *** sta3-wlan1: Scan detected ap1-ssid in range (signal: -90.0 / -82.0)
INFO     [2021-06-02 10:44:40,337]: *** sta1-wlan1: Scan detected ap1-ssid in range (signal: -89.0 / -82.0)
INFO     [2021-06-02 10:44:40,341]: *** sta3-wlan1: Scan detected ap1-ssid in range (signal: -90.0 / -82.0)
INFO     [2021-06-02 10:44:41,342]: *** sta1-wlan1: Scan detected ap1-ssid in range (signal: -89.0 / -82.0)
INFO     [2021-06-02 10:44:41,347]: *** sta3-wlan1: Scan detected ap1-ssid in range (signal: -90.0 / -82.0)
INFO     [2021-06-02 10:44:41,986]: *** sta1-wlan1: Scanning for ap1-ssid
INFO     [2021-06-02 10:44:42,347]: *** sta1-wlan1: Scan detected ap1-ssid in range (signal: -89.0 / -82.0)
INFO     [2021-06-02 10:44:42,353]: *** sta3-wlan1: Scan detected ap1-ssid in range (signal: -90.0 / -82.0)
INFO     [2021-06-02 10:44:43,356]: *** sta1-wlan1: Scan detected ap1-ssid in range (signal: -89.0 / -82.0)
INFO     [2021-06-02 10:44:43,358]: *** sta3-wlan1: Scan detected ap1-ssid in range (signal: -90.0 / -82.0)
INFO     [2021-06-02 10:44:44,365]: *** sta1-wlan1: Scan detected ap1-ssid in range (signal: -89.0 / -82.0)
INFO     [2021-06-02 10:44:44,368]: *** sta3-wlan1: Scan detected ap1-ssid in range (signal: -90.0 / -82.0)
INFO     [2021-06-02 10:44:45,376]: *** sta1-wlan1: Scan detected ap1-ssid in range (signal: -89.0 / -82.0)
INFO     [2021-06-02 10:44:45,376]: *** sta3-wlan1: Scan detected ap1-ssid in range (signal: -90.0 / -82.0)
INFO     [2021-06-02 10:44:46,023]: *** sta3-wlan1: Scanning for ap1-ssid
INFO     [2021-06-02 10:44:46,394]: *** sta3-wlan1: Scan detected ap1-ssid in range (signal: -90.0 / -82.0)
INFO     [2021-06-02 10:44:46,396]: *** sta1-wlan1: Scan detected ap1-ssid in range (signal: -89.0 / -82.0)
INFO     [2021-06-02 10:44:47,402]: *** sta1-wlan1: Scan detected ap1-ssid in range (signal: -89.0 / -82.0)
INFO     [2021-06-02 10:44:47,404]: *** sta3-wlan1: Scan detected ap1-ssid in range (signal: -90.0 / -82.0)
INFO     [2021-06-02 10:44:48,408]: *** sta1-wlan1: Scan detected ap1-ssid in range (signal: -89.0 / -82.0)
INFO     [2021-06-02 10:44:48,413]: *** sta3-wlan1: Scan detected ap1-ssid in range (signal: -90.0 / -82.0)
INFO     [2021-06-02 10:44:48,915]: *** sta1-wlan1: Scanning for ap1-ssid
INFO     [2021-06-02 10:44:49,415]: *** sta1-wlan1: Scan detected ap1-ssid in range (signal: -89.0 / -82.0)
INFO     [2021-06-02 10:44:49,431]: *** sta3-wlan1: Scan detected ap1-ssid in range (signal: -90.0 / -82.0)
INFO     [2021-06-02 10:44:50,420]: *** sta1-wlan1: Scan detected ap1-ssid in range (signal: -89.0 / -82.0)
INFO     [2021-06-02 10:44:50,439]: *** sta3-wlan1: Scan detected ap1-ssid in range (signal: -90.0 / -82.0)
INFO     [2021-06-02 10:44:51,426]: *** sta1-wlan1: Scan detected ap1-ssid in range (signal: -89.0 / -82.0)
INFO     [2021-06-02 10:44:51,445]: *** sta3-wlan1: Scan detected ap1-ssid in range (signal: -90.0 / -82.0)
INFO     [2021-06-02 10:44:52,432]: *** sta1-wlan1: Scan detected ap1-ssid in range (signal: -89.0 / -82.0)
INFO     [2021-06-02 10:44:52,450]: *** sta3-wlan1: Scan detected ap1-ssid in range (signal: -90.0 / -82.0)
INFO     [2021-06-02 10:44:52,853]: *** sta3-wlan1: Scanning for ap1-ssid
INFO     [2021-06-02 10:44:53,439]: *** sta1-wlan1: Scan detected ap1-ssid in range (signal: -89.0 / -82.0)
INFO     [2021-06-02 10:44:53,456]: *** sta3-wlan1: Scan detected ap1-ssid in range (signal: -90.0 / -82.0)
INFO     [2021-06-02 10:44:54,444]: *** sta1-wlan1: Scan detected ap1-ssid in range (signal: -89.0 / -82.0)
INFO     [2021-06-02 10:44:54,465]: *** sta3-wlan1: Scan detected ap1-ssid in range (signal: -90.0 / -82.0)
INFO     [2021-06-02 10:44:55,451]: *** sta1-wlan1: Scan detected ap1-ssid in range (signal: -89.0 / -82.0)
INFO     [2021-06-02 10:44:55,470]: *** sta3-wlan1: Scan detected ap1-ssid in range (signal: -90.0 / -82.0)
INFO     [2021-06-02 10:44:55,858]: *** sta1-wlan1: Scanning for ap1-ssid
INFO     [2021-06-02 10:44:56,458]: *** sta1-wlan1: Scan detected ap1-ssid in range (signal: -89.0 / -82.0)
INFO     [2021-06-02 10:44:56,477]: *** sta3-wlan1: Scan detected ap1-ssid in range (signal: -90.0 / -82.0)
INFO     [2021-06-02 10:44:57,464]: *** sta1-wlan1: Scan detected ap1-ssid in range (signal: -89.0 / -82.0)
INFO     [2021-06-02 10:44:57,481]: *** sta3-wlan1: Scan detected ap1-ssid in range (signal: -90.0 / -82.0)
INFO     [2021-06-02 10:44:58,468]: *** sta1-wlan1: Scan detected ap1-ssid in range (signal: -89.0 / -82.0)
INFO     [2021-06-02 10:44:58,487]: *** sta3-wlan1: Scan detected ap1-ssid in range (signal: -90.0 / -82.0)
INFO     [2021-06-02 10:44:59,475]: *** sta1-wlan1: Scan detected ap1-ssid in range (signal: -89.0 / -82.0)
INFO     [2021-06-02 10:44:59,494]: *** sta3-wlan1: Scan detected ap1-ssid in range (signal: -90.0 / -82.0)
INFO     [2021-06-02 10:44:59,639]: *** sta3-wlan1: Scanning for ap1-ssid
INFO     [2021-06-02 10:45:00,479]: *** sta1-wlan1: Scan detected ap1-ssid in range (signal: -89.0 / -82.0)
INFO     [2021-06-02 10:45:00,498]: *** sta3-wlan1: Scan detected ap1-ssid in range (signal: -90.0 / -82.0)
INFO     [2021-06-02 10:45:01,489]: *** sta1-wlan1: Scan detected ap1-ssid in range (signal: -89.0 / -82.0)
INFO     [2021-06-02 10:45:01,503]: *** sta3-wlan1: Scan detected ap1-ssid in range (signal: -90.0 / -82.0)
INFO     [2021-06-02 10:45:02,501]: *** sta1-wlan1: Scan detected ap1-ssid in range (signal: -89.0 / -82.0)
INFO     [2021-06-02 10:45:02,512]: *** sta3-wlan1: Scan detected ap1-ssid in range (signal: -90.0 / -82.0)
INFO     [2021-06-02 10:45:02,624]: *** sta1-wlan1: Scanning for ap1-ssid
INFO     [2021-06-02 10:45:03,510]: *** sta1-wlan1: Scan detected ap1-ssid in range (signal: -90.0 / -82.0)
INFO     [2021-06-02 10:45:03,519]: *** sta3-wlan1: Scan detected ap1-ssid in range (signal: -90.0 / -82.0)
INFO     [2021-06-02 10:45:04,516]: *** sta1-wlan1: Scan detected ap1-ssid in range (signal: -90.0 / -82.0)
INFO     [2021-06-02 10:45:04,527]: *** sta3-wlan1: Scan detected ap1-ssid in range (signal: -90.0 / -82.0)
INFO     [2021-06-02 10:45:05,531]: *** sta1-wlan1: Scan detected ap1-ssid in range (signal: -90.0 / -82.0)
INFO     [2021-06-02 10:45:05,540]: *** sta3-wlan1: Scan detected ap1-ssid in range (signal: -90.0 / -82.0)
INFO     [2021-06-02 10:45:06,492]: *** sta3-wlan1: Scanning for ap1-ssid
INFO     [2021-06-02 10:45:06,548]: *** sta1-wlan1: Scan detected ap1-ssid in range (signal: -90.0 / -82.0)
INFO     [2021-06-02 10:45:06,550]: *** sta3-wlan1: Scan detected ap1-ssid in range (signal: -90.0 / -82.0)
INFO     [2021-06-02 10:45:07,563]: *** sta1-wlan1: Scan detected ap1-ssid in range (signal: -90.0 / -82.0)
INFO     [2021-06-02 10:45:07,566]: *** sta3-wlan1: Scan detected ap1-ssid in range (signal: -90.0 / -82.0)
INFO     [2021-06-02 10:45:08,568]: *** sta1-wlan1: Scan detected ap1-ssid in range (signal: -90.0 / -82.0)
INFO     [2021-06-02 10:45:08,571]: *** sta3-wlan1: Scan detected ap1-ssid in range (signal: -90.0 / -82.0)
INFO     [2021-06-02 10:45:09,415]: *** sta1-wlan1: Scanning for ap1-ssid
INFO     [2021-06-02 10:45:09,575]: *** sta1-wlan1: Scan detected ap1-ssid in range (signal: -90.0 / -82.0)
INFO     [2021-06-02 10:45:09,578]: *** sta3-wlan1: Scan detected ap1-ssid in range (signal: -90.0 / -82.0)
INFO     [2021-06-02 10:45:10,582]: *** sta1-wlan1: Scan detected ap1-ssid in range (signal: -90.0 / -82.0)
INFO     [2021-06-02 10:45:10,584]: *** sta3-wlan1: Scan detected ap1-ssid in range (signal: -90.0 / -82.0)
INFO     [2021-06-02 10:45:11,589]: *** sta1-wlan1: Scan detected ap1-ssid in range (signal: -90.0 / -82.0)
INFO     [2021-06-02 10:45:11,593]: *** sta3-wlan1: Scan detected ap1-ssid in range (signal: -90.0 / -82.0)
INFO     [2021-06-02 10:45:12,593]: *** sta1-wlan1: Scan detected ap1-ssid in range (signal: -90.0 / -82.0)
INFO     [2021-06-02 10:45:12,597]: *** sta3-wlan1: Scan detected ap1-ssid in range (signal: -90.0 / -82.0)
INFO     [2021-06-02 10:45:13,335]: *** sta3-wlan1: Scanning for ap1-ssid
INFO     [2021-06-02 10:45:13,608]: *** sta1-wlan1: Scan detected ap1-ssid in range (signal: -90.0 / -82.0)
INFO     [2021-06-02 10:45:13,613]: *** sta3-wlan1: Scan detected ap1-ssid in range (signal: -90.0 / -82.0)
INFO     [2021-06-02 10:45:14,616]: *** sta1-wlan1: Scan detected ap1-ssid in range (signal: -90.0 / -82.0)
INFO     [2021-06-02 10:45:14,618]: *** sta3-wlan1: Scan detected ap1-ssid in range (signal: -90.0 / -82.0)
INFO     [2021-06-02 10:45:15,620]: *** sta1-wlan1: Scan detected ap1-ssid in range (signal: -90.0 / -82.0)
INFO     [2021-06-02 10:45:15,624]: *** sta3-wlan1: Scan detected ap1-ssid in range (signal: -90.0 / -82.0)
INFO     [2021-06-02 10:45:16,263]: *** sta1-wlan1: Scanning for ap1-ssid
INFO     [2021-06-02 10:45:16,626]: *** sta1-wlan1: Scan detected ap1-ssid in range (signal: -87.0 / -82.0)
INFO     [2021-06-02 10:45:16,630]: *** sta3-wlan1: Scan detected ap1-ssid in range (signal: -90.0 / -82.0)
INFO     [2021-06-02 10:45:17,631]: *** sta1-wlan1: Scan detected ap1-ssid in range (signal: -87.0 / -82.0)
INFO     [2021-06-02 10:45:17,638]: *** sta3-wlan1: Scan detected ap1-ssid in range (signal: -90.0 / -82.0)
INFO     [2021-06-02 10:45:18,636]: *** sta1-wlan1: Scan detected ap1-ssid in range (signal: -87.0 / -82.0)
INFO     [2021-06-02 10:45:18,643]: *** sta3-wlan1: Scan detected ap1-ssid in range (signal: -90.0 / -82.0)
INFO     [2021-06-02 10:45:19,641]: *** sta1-wlan1: Scan detected ap1-ssid in range (signal: -87.0 / -82.0)
INFO     [2021-06-02 10:45:19,649]: *** sta3-wlan1: Scan detected ap1-ssid in range (signal: -90.0 / -82.0)
INFO     [2021-06-02 10:45:20,207]: *** sta3-wlan1: Scanning for ap1-ssid
INFO     [2021-06-02 10:45:20,649]: *** sta1-wlan1: Scan detected ap1-ssid in range (signal: -87.0 / -82.0)
INFO     [2021-06-02 10:45:20,654]: *** sta3-wlan1: Scan detected ap1-ssid in range (signal: -83.0 / -82.0)
INFO     [2021-06-02 10:45:21,654]: *** sta1-wlan1: Scan detected ap1-ssid in range (signal: -87.0 / -82.0)
INFO     [2021-06-02 10:45:21,658]: *** sta3-wlan1: Scan detected ap1-ssid in range (signal: -83.0 / -82.0)
INFO     [2021-06-02 10:45:22,660]: *** sta1-wlan1: Scan detected ap1-ssid in range (signal: -87.0 / -82.0)
INFO     [2021-06-02 10:45:22,665]: *** sta3-wlan1: Scan detected ap1-ssid in range (signal: -83.0 / -82.0)
INFO     [2021-06-02 10:45:23,227]: *** sta1-wlan1: Scanning for ap1-ssid
INFO     [2021-06-02 10:45:23,681]: *** sta3-wlan1: Scan detected ap1-ssid in range (signal: -83.0 / -82.0)
INFO     [2021-06-02 10:45:23,682]: *** sta1-wlan1: Scan detected ap1-ssid in range (signal: -87.0 / -82.0)
INFO     [2021-06-02 10:45:24,688]: *** sta1-wlan1: Scan detected ap1-ssid in range (signal: -87.0 / -82.0)
INFO     [2021-06-02 10:45:24,689]: *** sta3-wlan1: Scan detected ap1-ssid in range (signal: -83.0 / -82.0)
INFO     [2021-06-02 10:45:25,697]: *** sta1-wlan1: Scan detected ap1-ssid in range (signal: -87.0 / -82.0)
INFO     [2021-06-02 10:45:25,698]: *** sta3-wlan1: Scan detected ap1-ssid in range (signal: -83.0 / -82.0)
INFO     [2021-06-02 10:45:26,707]: *** sta3-wlan1: Scan detected ap1-ssid in range (signal: -83.0 / -82.0)
INFO     [2021-06-02 10:45:26,709]: *** sta1-wlan1: Scan detected ap1-ssid in range (signal: -87.0 / -82.0)
INFO     [2021-06-02 10:45:26,984]: *** sta3-wlan1: Scanning for ap1-ssid
INFO     [2021-06-02 10:45:27,714]: *** sta3-wlan1: Scan detected ap1-ssid in range (signal: -89.0 / -82.0)
INFO     [2021-06-02 10:45:27,716]: *** sta1-wlan1: Scan detected ap1-ssid in range (signal: -87.0 / -82.0)
INFO     [2021-06-02 10:45:28,723]: *** sta3-wlan1: Scan detected ap1-ssid in range (signal: -89.0 / -82.0)
INFO     [2021-06-02 10:45:28,724]: *** sta1-wlan1: Scan detected ap1-ssid in range (signal: -87.0 / -82.0)
INFO     [2021-06-02 10:45:29,740]: *** sta3-wlan1: Scan detected ap1-ssid in range (signal: -89.0 / -82.0)
INFO     [2021-06-02 10:45:29,748]: *** sta1-wlan1: Scan detected ap1-ssid in range (signal: -87.0 / -82.0)
INFO     [2021-06-02 10:45:30,015]: *** sta1-wlan1: Scanning for ap1-ssid
INFO     [2021-06-02 10:45:30,750]: *** sta3-wlan1: Scan detected ap1-ssid in range (signal: -89.0 / -82.0)
INFO     [2021-06-02 10:45:30,754]: *** sta1-wlan1: Scan detected ap1-ssid in range (signal: -87.0 / -82.0)
INFO     [2021-06-02 10:45:31,756]: *** sta3-wlan1: Scan detected ap1-ssid in range (signal: -89.0 / -82.0)
INFO     [2021-06-02 10:45:31,758]: *** sta1-wlan1: Scan detected ap1-ssid in range (signal: -87.0 / -82.0)
INFO     [2021-06-02 10:45:32,763]: *** sta3-wlan1: Scan detected ap1-ssid in range (signal: -89.0 / -82.0)
INFO     [2021-06-02 10:45:32,765]: *** sta1-wlan1: Scan detected ap1-ssid in range (signal: -87.0 / -82.0)
INFO     [2021-06-02 10:45:33,769]: *** sta3-wlan1: Scan detected ap1-ssid in range (signal: -89.0 / -82.0)
INFO     [2021-06-02 10:45:33,771]: *** sta1-wlan1: Scan detected ap1-ssid in range (signal: -87.0 / -82.0)
INFO     [2021-06-02 10:45:33,783]: *** sta3-wlan1: Scanning for ap1-ssid
INFO     [2021-06-02 10:45:34,775]: *** sta3-wlan1: Scan detected ap1-ssid in range (signal: -90.0 / -82.0)
INFO     [2021-06-02 10:45:34,778]: *** sta1-wlan1: Scan detected ap1-ssid in range (signal: -87.0 / -82.0)
INFO     [2021-06-02 10:45:35,840]: *** sta1-wlan1: Scan detected ap1-ssid in range (signal: -87.0 / -82.0)
INFO     [2021-06-02 10:45:35,847]: *** sta3-wlan1: Scan detected ap1-ssid in range (signal: -90.0 / -82.0)
INFO     [2021-06-02 10:45:36,880]: *** sta1-wlan1: Scan detected ap1-ssid in range (signal: -87.0 / -82.0)
INFO     [2021-06-02 10:45:36,884]: *** sta3-wlan1: Scan detected ap1-ssid in range (signal: -90.0 / -82.0)
INFO     [2021-06-02 10:45:36,963]: *** sta1-wlan1: Scanning for ap1-ssid
INFO     [2021-06-02 10:45:37,888]: *** sta1-wlan1: Scan detected ap1-ssid in range (signal: -88.0 / -82.0)
INFO     [2021-06-02 10:45:37,892]: *** sta3-wlan1: Scan detected ap1-ssid in range (signal: -90.0 / -82.0)
INFO     [2021-06-02 10:45:38,905]: *** sta1-wlan1: Scan detected ap1-ssid in range (signal: -88.0 / -82.0)
INFO     [2021-06-02 10:45:38,906]: *** sta3-wlan1: Scan detected ap1-ssid in range (signal: -90.0 / -82.0)
INFO     [2021-06-02 10:45:39,910]: *** sta1-wlan1: Scan detected ap1-ssid in range (signal: -88.0 / -82.0)
INFO     [2021-06-02 10:45:39,912]: *** sta3-wlan1: Scan detected ap1-ssid in range (signal: -90.0 / -82.0)
INFO     [2021-06-02 10:45:40,699]: *** sta3-wlan1: Scanning for ap1-ssid
INFO     [2021-06-02 10:45:40,915]: *** sta1-wlan1: Scan detected ap1-ssid in range (signal: -88.0 / -82.0)
INFO     [2021-06-02 10:45:40,917]: *** sta3-wlan1: Scan detected ap1-ssid in range (signal: -90.0 / -82.0)
INFO     [2021-06-02 10:45:41,931]: *** sta1-wlan1: Scan detected ap1-ssid in range (signal: -88.0 / -82.0)
INFO     [2021-06-02 10:45:41,931]: *** sta3-wlan1: Scan detected ap1-ssid in range (signal: -90.0 / -82.0)
INFO     [2021-06-02 10:45:42,937]: *** sta3-wlan1: Scan detected ap1-ssid in range (signal: -90.0 / -82.0)
INFO     [2021-06-02 10:45:42,938]: *** sta1-wlan1: Scan detected ap1-ssid in range (signal: -88.0 / -82.0)
INFO     [2021-06-02 10:45:43,792]: *** sta1-wlan1: Scanning for ap1-ssid
INFO     [2021-06-02 10:45:43,948]: *** sta1-wlan1: Scan detected ap1-ssid in range (signal: -84.0 / -82.0)
INFO     [2021-06-02 10:45:43,948]: *** sta3-wlan1: Scan detected ap1-ssid in range (signal: -90.0 / -82.0)
INFO     [2021-06-02 10:45:44,986]: *** sta1-wlan1: Scan detected ap1-ssid in range (signal: -84.0 / -82.0)
INFO     [2021-06-02 10:45:44,989]: *** sta3-wlan1: Scan detected ap1-ssid in range (signal: -90.0 / -82.0)
INFO     [2021-06-02 10:45:45,997]: *** sta1-wlan1: Scan detected ap1-ssid in range (signal: -84.0 / -82.0)
INFO     [2021-06-02 10:45:45,998]: *** sta3-wlan1: Scan detected ap1-ssid in range (signal: -90.0 / -82.0)
INFO     [2021-06-02 10:45:47,013]: *** sta3-wlan1: Scan detected ap1-ssid in range (signal: -90.0 / -82.0)
INFO     [2021-06-02 10:45:47,013]: *** sta1-wlan1: Scan detected ap1-ssid in range (signal: -84.0 / -82.0)
INFO     [2021-06-02 10:45:47,690]: *** sta3-wlan1: Scanning for ap1-ssid
INFO     [2021-06-02 10:45:48,018]: *** sta3-wlan1: Scan detected ap1-ssid in range (signal: -85.0 / -82.0)
INFO     [2021-06-02 10:45:48,019]: *** sta1-wlan1: Scan detected ap1-ssid in range (signal: -84.0 / -82.0)
INFO     [2021-06-02 10:45:49,026]: *** sta1-wlan1: Scan detected ap1-ssid in range (signal: -84.0 / -82.0)
INFO     [2021-06-02 10:45:49,028]: *** sta3-wlan1: Scan detected ap1-ssid in range (signal: -85.0 / -82.0)
INFO     [2021-06-02 10:45:50,038]: *** sta3-wlan1: Scan detected ap1-ssid in range (signal: -85.0 / -82.0)
INFO     [2021-06-02 10:45:50,042]: *** sta1-wlan1: Scan detected ap1-ssid in range (signal: -84.0 / -82.0)
INFO     [2021-06-02 10:45:50,824]: *** sta1-wlan1: Scanning for ap1-ssid
INFO     [2021-06-02 10:45:51,049]: *** sta3-wlan1: Scan detected ap1-ssid in range (signal: -85.0 / -82.0)
INFO     [2021-06-02 10:45:51,050]: *** sta1-wlan1: Scan detected ap1-ssid in range (signal: -86.0 / -82.0)
INFO     [2021-06-02 10:45:52,056]: *** sta3-wlan1: Scan detected ap1-ssid in range (signal: -90.0 / -82.0)
INFO     [2021-06-02 10:45:52,059]: *** sta1-wlan1: Scan detected ap1-ssid in range (signal: -86.0 / -82.0)
INFO     [2021-06-02 10:45:53,064]: *** sta3-wlan1: Scan detected ap1-ssid in range (signal: -90.0 / -82.0)
INFO     [2021-06-02 10:45:53,067]: *** sta1-wlan1: Scan detected ap1-ssid in range (signal: -86.0 / -82.0)
INFO     [2021-06-02 10:45:54,069]: *** sta3-wlan1: Scan detected ap1-ssid in range (signal: -90.0 / -82.0)
INFO     [2021-06-02 10:45:54,073]: *** sta1-wlan1: Scan detected ap1-ssid in range (signal: -86.0 / -82.0)
INFO     [2021-06-02 10:45:54,499]: *** sta3-wlan1: Scanning for ap1-ssid
INFO     [2021-06-02 10:45:55,080]: *** sta3-wlan1: Scan detected ap1-ssid in range (signal: -86.0 / -82.0)
INFO     [2021-06-02 10:45:55,080]: *** sta1-wlan1: Scan detected ap1-ssid in range (signal: -86.0 / -82.0)
INFO     [2021-06-02 10:45:56,087]: *** sta3-wlan1: Scan detected ap1-ssid in range (signal: -86.0 / -82.0)
INFO     [2021-06-02 10:45:56,088]: *** sta1-wlan1: Scan detected ap1-ssid in range (signal: -86.0 / -82.0)
INFO     [2021-06-02 10:45:57,092]: *** sta3-wlan1: Scan detected ap1-ssid in range (signal: -86.0 / -82.0)
INFO     [2021-06-02 10:45:57,092]: *** sta1-wlan1: Scan detected ap1-ssid in range (signal: -86.0 / -82.0)
INFO     [2021-06-02 10:45:57,695]: *** sta1-wlan1: Scanning for ap1-ssid
INFO     [2021-06-02 10:45:58,099]: *** sta1-wlan1: Scan detected ap1-ssid in range (signal: -86.0 / -82.0)
INFO     [2021-06-02 10:45:58,103]: *** sta3-wlan1: Scan detected ap1-ssid in range (signal: -86.0 / -82.0)
INFO     [2021-06-02 10:45:59,116]: *** sta3-wlan1: Scan detected ap1-ssid in range (signal: -86.0 / -82.0)
INFO     [2021-06-02 10:45:59,118]: *** sta1-wlan1: Scan detected ap1-ssid in range (signal: -86.0 / -82.0)
INFO     [2021-06-02 10:46:00,127]: *** sta1-wlan1: Scan detected ap1-ssid in range (signal: -86.0 / -82.0)
INFO     [2021-06-02 10:46:00,132]: *** sta3-wlan1: Scan detected ap1-ssid in range (signal: -86.0 / -82.0)
INFO     [2021-06-02 10:46:01,141]: *** sta1-wlan1: Scan detected ap1-ssid in range (signal: -86.0 / -82.0)
INFO     [2021-06-02 10:46:01,142]: *** sta3-wlan1: Scan detected ap1-ssid in range (signal: -86.0 / -82.0)
INFO     [2021-06-02 10:46:01,261]: *** sta3-wlan1: Scanning for ap1-ssid
INFO     [2021-06-02 10:46:02,156]: *** sta3-wlan1: Scan detected ap1-ssid in range (signal: -86.0 / -82.0)
INFO     [2021-06-02 10:46:02,157]: *** sta1-wlan1: Scan detected ap1-ssid in range (signal: -86.0 / -82.0)
INFO     [2021-06-02 10:46:03,161]: *** sta3-wlan1: Scan detected ap1-ssid in range (signal: -86.0 / -82.0)
INFO     [2021-06-02 10:46:03,164]: *** sta1-wlan1: Scan detected ap1-ssid in range (signal: -86.0 / -82.0)
INFO     [2021-06-02 10:46:04,172]: *** sta3-wlan1: Scan detected ap1-ssid in range (signal: -86.0 / -82.0)
INFO     [2021-06-02 10:46:04,173]: *** sta1-wlan1: Scan detected ap1-ssid in range (signal: -86.0 / -82.0)
INFO     [2021-06-02 10:46:04,458]: *** sta1-wlan1: Scanning for ap1-ssid
INFO     [2021-06-02 10:46:05,177]: *** sta3-wlan1: Scan detected ap1-ssid in range (signal: -86.0 / -82.0)
INFO     [2021-06-02 10:46:05,178]: *** sta1-wlan1: Scan detected ap1-ssid in range (signal: -87.0 / -82.0)
INFO     [2021-06-02 10:46:06,188]: *** sta3-wlan1: Scan detected ap1-ssid in range (signal: -86.0 / -82.0)
INFO     [2021-06-02 10:46:06,189]: *** sta1-wlan1: Scan detected ap1-ssid in range (signal: -87.0 / -82.0)
INFO     [2021-06-02 10:46:07,216]: *** sta1-wlan1: Scan detected ap1-ssid in range (signal: -87.0 / -82.0)
INFO     [2021-06-02 10:46:07,220]: *** sta3-wlan1: Scan detected ap1-ssid in range (signal: -86.0 / -82.0)
INFO     [2021-06-02 10:46:08,075]: *** sta3-wlan1: Scanning for ap1-ssid
INFO     [2021-06-02 10:46:08,243]: *** sta1-wlan1: Scan detected ap1-ssid in range (signal: -87.0 / -82.0)
INFO     [2021-06-02 10:46:08,245]: *** sta3-wlan1: Scan detected ap1-ssid in range (signal: -89.0 / -82.0)
INFO     [2021-06-02 10:46:09,260]: *** sta1-wlan1: Scan detected ap1-ssid in range (signal: -87.0 / -82.0)
INFO     [2021-06-02 10:46:09,262]: *** sta3-wlan1: Scan detected ap1-ssid in range (signal: -89.0 / -82.0)
INFO     [2021-06-02 10:46:10,265]: *** sta1-wlan1: Scan detected ap1-ssid in range (signal: -87.0 / -82.0)
INFO     [2021-06-02 10:46:10,268]: *** sta3-wlan1: Scan detected ap1-ssid in range (signal: -89.0 / -82.0)
INFO     [2021-06-02 10:46:11,273]: *** sta1-wlan1: Scan detected ap1-ssid in range (signal: -87.0 / -82.0)
INFO     [2021-06-02 10:46:11,274]: *** sta3-wlan1: Scan detected ap1-ssid in range (signal: -89.0 / -82.0)
INFO     [2021-06-02 10:46:11,461]: *** sta1-wlan1: Scanning for ap1-ssid
INFO     [2021-06-02 10:46:12,294]: *** sta1-wlan1: Scan detected ap1-ssid in range (signal: -85.0 / -82.0)
INFO     [2021-06-02 10:46:12,298]: *** sta3-wlan1: Scan detected ap1-ssid in range (signal: -84.0 / -82.0)
INFO     [2021-06-02 10:46:13,301]: *** sta1-wlan1: Scan detected ap1-ssid in range (signal: -85.0 / -82.0)
INFO     [2021-06-02 10:46:13,304]: *** sta3-wlan1: Scan detected ap1-ssid in range (signal: -84.0 / -82.0)
INFO     [2021-06-02 10:46:14,307]: *** sta1-wlan1: Scan detected ap1-ssid in range (signal: -85.0 / -82.0)
INFO     [2021-06-02 10:46:14,308]: *** sta3-wlan1: Scan detected ap1-ssid in range (signal: -84.0 / -82.0)
INFO     [2021-06-02 10:46:15,285]: *** sta3-wlan1: Scanning for ap1-ssid
INFO     [2021-06-02 10:46:15,312]: *** sta1-wlan1: Scan detected ap1-ssid in range (signal: -85.0 / -82.0)
INFO     [2021-06-02 10:46:15,313]: *** sta3-wlan1: Scan detected ap1-ssid in range (signal: -81.0 / -82.0)
INFO     [2021-06-02 10:46:15,314]: *** sta3-wlan0: OLSR runnning: Killing olsrd process (PID: 501724)
INFO     [2021-06-02 10:46:15,314]: *** sta3-wlan0: Killed given olsrd process (PID: 501724)
INFO     [2021-06-02 10:46:15,339]: *** sta3-wlan0: IBSS leave completed
INFO     [2021-06-02 10:46:15,342]: *** sta3-wlan0: Set type to managed
INFO     [2021-06-02 10:46:16,318]: *** sta1-wlan1: Scan detected ap1-ssid in range (signal: -85.0 / -82.0)
INFO     [2021-06-02 10:46:17,326]: *** sta1-wlan1: Scan detected ap1-ssid in range (signal: -85.0 / -82.0)
INFO     [2021-06-02 10:46:18,331]: *** sta1-wlan1: Scan detected ap1-ssid in range (signal: -85.0 / -82.0)
INFO     [2021-06-02 10:46:18,614]: *** sta1-wlan1: Scanning for ap1-ssid
INFO     [2021-06-02 10:46:19,154]: *** sta3-wlan0: Connected interface to ap1-ssid
INFO     [2021-06-02 10:46:19,343]: *** sta1-wlan1: Scan detected ap1-ssid in range (signal: -83.0 / -82.0)
INFO     [2021-06-02 10:46:20,358]: *** sta1-wlan1: Scan detected ap1-ssid in range (signal: -83.0 / -82.0)
INFO     [2021-06-02 10:46:21,371]: *** sta1-wlan1: Scan detected ap1-ssid in range (signal: -83.0 / -82.0)
INFO     [2021-06-02 10:46:22,377]: *** sta1-wlan1: Scan detected ap1-ssid in range (signal: -83.0 / -82.0)
INFO     [2021-06-02 10:46:23,382]: *** sta1-wlan1: Scan detected ap1-ssid in range (signal: -80.0 / -82.0)
INFO     [2021-06-02 10:46:23,383]: *** sta1-wlan0: OLSR runnning: Killing olsrd process (PID: 505879)
INFO     [2021-06-02 10:46:23,383]: *** sta1-wlan0: Killed given olsrd process (PID: 505879)
INFO     [2021-06-02 10:46:23,403]: *** sta1-wlan0: IBSS leave completed
INFO     [2021-06-02 10:46:23,405]: *** sta1-wlan0: Set type to managed
INFO     [2021-06-02 10:46:25,406]: *** sta1-wlan1: Scanning for ap1-ssid
INFO     [2021-06-02 10:46:27,187]: *** sta1-wlan0: Connected interface to ap1-ssid
