INFO     [2021-05-31 05:52:45,936]: *** sta1-wlan0: Started flexible_sdn.py
INFO     [2021-05-31 05:52:45,942]: *** sta1: Interface: sta1-wlan0, Scan-interface: sta1-wlan1
INFO     [2021-05-31 05:52:45,963]: *** sta3-wlan0: Started flexible_sdn.py
INFO     [2021-05-31 05:52:45,965]: *** sta3: Interface: sta3-wlan0, Scan-interface: sta3-wlan1
INFO     [2021-05-31 05:54:58,798]: *** sta1-wlan1: Scanner started. Searching for ap1-ssid with interval 3.0
INFO     [2021-05-31 05:55:01,801]: *** sta1-wlan1: Scanning for ap1-ssid
INFO     [2021-05-31 05:55:02,830]: *** sta1-wlan1: Scan detected ap1-ssid in range (signal: -87.0 / -80.0)
INFO     [2021-05-31 05:55:03,872]: *** sta1-wlan1: Scan detected ap1-ssid in range (signal: -87.0 / -80.0)
INFO     [2021-05-31 05:55:04,877]: *** sta1-wlan1: Scan detected ap1-ssid in range (signal: -87.0 / -80.0)
INFO     [2021-05-31 05:55:05,882]: *** sta1-wlan1: Scan detected ap1-ssid in range (signal: -85.0 / -80.0)
INFO     [2021-05-31 05:55:06,892]: *** sta1-wlan1: Scan detected ap1-ssid in range (signal: -85.0 / -80.0)
INFO     [2021-05-31 05:55:07,910]: *** sta1-wlan1: Scan detected ap1-ssid in range (signal: -85.0 / -80.0)
INFO     [2021-05-31 05:55:08,634]: *** sta1-wlan1: Scanning for ap1-ssid
INFO     [2021-05-31 05:55:08,915]: *** sta1-wlan1: Scan detected ap1-ssid in range (signal: -90.0 / -80.0)
INFO     [2021-05-31 05:55:09,925]: *** sta1-wlan1: Scan detected ap1-ssid in range (signal: -90.0 / -80.0)
INFO     [2021-05-31 05:55:10,935]: *** sta1-wlan1: Scan detected ap1-ssid in range (signal: -90.0 / -80.0)
INFO     [2021-05-31 05:55:11,931]: *** sta3-wlan1: Scanner started. Searching for ap1-ssid with interval 3.0
INFO     [2021-05-31 05:55:11,941]: *** sta1-wlan1: Scan detected ap1-ssid in range (signal: -90.0 / -80.0)
INFO     [2021-05-31 05:55:12,945]: *** sta1-wlan1: Scan detected ap1-ssid in range (signal: -90.0 / -80.0)
INFO     [2021-05-31 05:55:13,949]: *** sta1-wlan1: Scan detected ap1-ssid in range (signal: -90.0 / -80.0)
INFO     [2021-05-31 05:55:14,936]: *** sta3-wlan1: Scanning for ap1-ssid
INFO     [2021-05-31 05:55:14,955]: *** sta1-wlan1: Scan detected ap1-ssid in range (signal: -90.0 / -80.0)
INFO     [2021-05-31 05:55:15,488]: *** sta1-wlan1: Scanning for ap1-ssid
INFO     [2021-05-31 05:55:15,950]: *** sta3-wlan1: Scan detected ap1-ssid in range (signal: -85.0 / -80.0)
INFO     [2021-05-31 05:55:15,969]: *** sta1-wlan1: Scan detected ap1-ssid in range (signal: -86.0 / -80.0)
INFO     [2021-05-31 05:55:16,955]: *** sta3-wlan1: Scan detected ap1-ssid in range (signal: -85.0 / -80.0)
INFO     [2021-05-31 05:55:16,975]: *** sta1-wlan1: Scan detected ap1-ssid in range (signal: -86.0 / -80.0)
INFO     [2021-05-31 05:55:17,961]: *** sta3-wlan1: Scan detected ap1-ssid in range (signal: -85.0 / -80.0)
INFO     [2021-05-31 05:55:17,995]: *** sta1-wlan1: Scan detected ap1-ssid in range (signal: -86.0 / -80.0)
INFO     [2021-05-31 05:55:18,965]: *** sta3-wlan1: Scan detected ap1-ssid in range (signal: -85.0 / -80.0)
INFO     [2021-05-31 05:55:19,000]: *** sta1-wlan1: Scan detected ap1-ssid in range (signal: -86.0 / -80.0)
INFO     [2021-05-31 05:55:19,970]: *** sta3-wlan1: Scan detected ap1-ssid in range (signal: -85.0 / -80.0)
INFO     [2021-05-31 05:55:20,005]: *** sta1-wlan1: Scan detected ap1-ssid in range (signal: -86.0 / -80.0)
INFO     [2021-05-31 05:55:20,980]: *** sta3-wlan1: Scan detected ap1-ssid in range (signal: -85.0 / -80.0)
INFO     [2021-05-31 05:55:21,010]: *** sta1-wlan1: Scan detected ap1-ssid in range (signal: -86.0 / -80.0)
INFO     [2021-05-31 05:55:21,705]: *** sta3-wlan1: Scanning for ap1-ssid
INFO     [2021-05-31 05:55:21,985]: *** sta3-wlan1: Scan detected ap1-ssid in range (signal: -88.0 / -80.0)
INFO     [2021-05-31 05:55:22,017]: *** sta1-wlan1: Scan detected ap1-ssid in range (signal: -86.0 / -80.0)
INFO     [2021-05-31 05:55:22,266]: *** sta1-wlan1: Scanning for ap1-ssid
INFO     [2021-05-31 05:55:22,997]: *** sta3-wlan1: Scan detected ap1-ssid in range (signal: -88.0 / -80.0)
INFO     [2021-05-31 05:55:23,030]: *** sta1-wlan1: Scan detected ap1-ssid in range (signal: -86.0 / -80.0)
INFO     [2021-05-31 05:55:24,004]: *** sta3-wlan1: Scan detected ap1-ssid in range (signal: -88.0 / -80.0)
INFO     [2021-05-31 05:55:24,061]: *** sta1-wlan1: Scan detected ap1-ssid in range (signal: -86.0 / -80.0)
INFO     [2021-05-31 05:55:25,008]: *** sta3-wlan1: Scan detected ap1-ssid in range (signal: -88.0 / -80.0)
INFO     [2021-05-31 05:55:25,069]: *** sta1-wlan1: Scan detected ap1-ssid in range (signal: -86.0 / -80.0)
INFO     [2021-05-31 05:55:26,016]: *** sta3-wlan1: Scan detected ap1-ssid in range (signal: -88.0 / -80.0)
INFO     [2021-05-31 05:55:26,076]: *** sta1-wlan1: Scan detected ap1-ssid in range (signal: -86.0 / -80.0)
INFO     [2021-05-31 05:55:27,026]: *** sta3-wlan1: Scan detected ap1-ssid in range (signal: -88.0 / -80.0)
INFO     [2021-05-31 05:55:27,081]: *** sta1-wlan1: Scan detected ap1-ssid in range (signal: -86.0 / -80.0)
INFO     [2021-05-31 05:55:28,033]: *** sta3-wlan1: Scan detected ap1-ssid in range (signal: -88.0 / -80.0)
INFO     [2021-05-31 05:55:28,085]: *** sta1-wlan1: Scan detected ap1-ssid in range (signal: -86.0 / -80.0)
INFO     [2021-05-31 05:55:28,544]: *** sta3-wlan1: Scanning for ap1-ssid
INFO     [2021-05-31 05:55:29,039]: *** sta3-wlan1: Scan detected ap1-ssid in range (signal: -89.0 / -80.0)
INFO     [2021-05-31 05:55:29,091]: *** sta1-wlan1: Scan detected ap1-ssid in range (signal: -86.0 / -80.0)
INFO     [2021-05-31 05:55:29,109]: *** sta1-wlan1: Scanning for ap1-ssid
INFO     [2021-05-31 05:55:30,046]: *** sta3-wlan1: Scan detected ap1-ssid in range (signal: -89.0 / -80.0)
INFO     [2021-05-31 05:55:30,098]: *** sta1-wlan1: Scan detected ap1-ssid in range (signal: -90.0 / -80.0)
INFO     [2021-05-31 05:55:31,064]: *** sta3-wlan1: Scan detected ap1-ssid in range (signal: -89.0 / -80.0)
INFO     [2021-05-31 05:55:31,114]: *** sta1-wlan1: Scan detected ap1-ssid in range (signal: -90.0 / -80.0)
INFO     [2021-05-31 05:55:32,069]: *** sta3-wlan1: Scan detected ap1-ssid in range (signal: -89.0 / -80.0)
INFO     [2021-05-31 05:55:32,128]: *** sta1-wlan1: Scan detected ap1-ssid in range (signal: -90.0 / -80.0)
INFO     [2021-05-31 05:55:33,075]: *** sta3-wlan1: Scan detected ap1-ssid in range (signal: -89.0 / -80.0)
INFO     [2021-05-31 05:55:33,133]: *** sta1-wlan1: Scan detected ap1-ssid in range (signal: -90.0 / -80.0)
INFO     [2021-05-31 05:55:34,081]: *** sta3-wlan1: Scan detected ap1-ssid in range (signal: -89.0 / -80.0)
INFO     [2021-05-31 05:55:34,138]: *** sta1-wlan1: Scan detected ap1-ssid in range (signal: -90.0 / -80.0)
INFO     [2021-05-31 05:55:35,087]: *** sta3-wlan1: Scan detected ap1-ssid in range (signal: -89.0 / -80.0)
INFO     [2021-05-31 05:55:35,143]: *** sta1-wlan1: Scan detected ap1-ssid in range (signal: -90.0 / -80.0)
INFO     [2021-05-31 05:55:35,318]: *** sta3-wlan1: Scanning for ap1-ssid
INFO     [2021-05-31 05:55:35,881]: *** sta1-wlan1: Scanning for ap1-ssid
INFO     [2021-05-31 05:55:36,099]: *** sta3-wlan1: Scan detected ap1-ssid in range (signal: -90.0 / -80.0)
INFO     [2021-05-31 05:55:36,152]: *** sta1-wlan1: Scan detected ap1-ssid in range (signal: -90.0 / -80.0)
INFO     [2021-05-31 05:55:37,106]: *** sta3-wlan1: Scan detected ap1-ssid in range (signal: -90.0 / -80.0)
INFO     [2021-05-31 05:55:37,156]: *** sta1-wlan1: Scan detected ap1-ssid in range (signal: -90.0 / -80.0)
INFO     [2021-05-31 05:55:38,122]: *** sta3-wlan1: Scan detected ap1-ssid in range (signal: -90.0 / -80.0)
INFO     [2021-05-31 05:55:38,162]: *** sta1-wlan1: Scan detected ap1-ssid in range (signal: -90.0 / -80.0)
INFO     [2021-05-31 05:55:39,141]: *** sta3-wlan1: Scan detected ap1-ssid in range (signal: -90.0 / -80.0)
INFO     [2021-05-31 05:55:39,167]: *** sta1-wlan1: Scan detected ap1-ssid in range (signal: -90.0 / -80.0)
INFO     [2021-05-31 05:55:40,146]: *** sta3-wlan1: Scan detected ap1-ssid in range (signal: -90.0 / -80.0)
INFO     [2021-05-31 05:55:40,172]: *** sta1-wlan1: Scan detected ap1-ssid in range (signal: -90.0 / -80.0)
INFO     [2021-05-31 05:55:41,151]: *** sta3-wlan1: Scan detected ap1-ssid in range (signal: -90.0 / -80.0)
INFO     [2021-05-31 05:55:41,177]: *** sta1-wlan1: Scan detected ap1-ssid in range (signal: -90.0 / -80.0)
INFO     [2021-05-31 05:55:42,158]: *** sta3-wlan1: Scan detected ap1-ssid in range (signal: -90.0 / -80.0)
INFO     [2021-05-31 05:55:42,164]: *** sta3-wlan1: Scanning for ap1-ssid
INFO     [2021-05-31 05:55:42,182]: *** sta1-wlan1: Scan detected ap1-ssid in range (signal: -90.0 / -80.0)
INFO     [2021-05-31 05:55:42,642]: *** sta1-wlan1: Scanning for ap1-ssid
INFO     [2021-05-31 05:55:43,163]: *** sta3-wlan1: Scan detected ap1-ssid in range (signal: -90.0 / -80.0)
INFO     [2021-05-31 05:55:43,188]: *** sta1-wlan1: Scan detected ap1-ssid in range (signal: -89.0 / -80.0)
INFO     [2021-05-31 05:55:44,167]: *** sta3-wlan1: Scan detected ap1-ssid in range (signal: -90.0 / -80.0)
INFO     [2021-05-31 05:55:44,203]: *** sta1-wlan1: Scan detected ap1-ssid in range (signal: -89.0 / -80.0)
INFO     [2021-05-31 05:55:45,173]: *** sta3-wlan1: Scan detected ap1-ssid in range (signal: -90.0 / -80.0)
INFO     [2021-05-31 05:55:45,208]: *** sta1-wlan1: Scan detected ap1-ssid in range (signal: -89.0 / -80.0)
INFO     [2021-05-31 05:55:46,178]: *** sta3-wlan1: Scan detected ap1-ssid in range (signal: -90.0 / -80.0)
INFO     [2021-05-31 05:55:46,212]: *** sta1-wlan1: Scan detected ap1-ssid in range (signal: -89.0 / -80.0)
INFO     [2021-05-31 05:55:47,183]: *** sta3-wlan1: Scan detected ap1-ssid in range (signal: -90.0 / -80.0)
INFO     [2021-05-31 05:55:47,216]: *** sta1-wlan1: Scan detected ap1-ssid in range (signal: -89.0 / -80.0)
INFO     [2021-05-31 05:55:48,188]: *** sta3-wlan1: Scan detected ap1-ssid in range (signal: -90.0 / -80.0)
INFO     [2021-05-31 05:55:48,221]: *** sta1-wlan1: Scan detected ap1-ssid in range (signal: -89.0 / -80.0)
INFO     [2021-05-31 05:55:48,956]: *** sta3-wlan1: Scanning for ap1-ssid
INFO     [2021-05-31 05:55:49,193]: *** sta3-wlan1: Scan detected ap1-ssid in range (signal: -88.0 / -80.0)
INFO     [2021-05-31 05:55:49,235]: *** sta1-wlan1: Scan detected ap1-ssid in range (signal: -89.0 / -80.0)
INFO     [2021-05-31 05:55:49,430]: *** sta1-wlan1: Scanning for ap1-ssid
INFO     [2021-05-31 05:55:50,199]: *** sta3-wlan1: Scan detected ap1-ssid in range (signal: -88.0 / -80.0)
INFO     [2021-05-31 05:55:50,244]: *** sta1-wlan1: Scan detected ap1-ssid in range (signal: -90.0 / -80.0)
INFO     [2021-05-31 05:55:51,204]: *** sta3-wlan1: Scan detected ap1-ssid in range (signal: -88.0 / -80.0)
INFO     [2021-05-31 05:55:51,249]: *** sta1-wlan1: Scan detected ap1-ssid in range (signal: -90.0 / -80.0)
INFO     [2021-05-31 05:55:52,216]: *** sta3-wlan1: Scan detected ap1-ssid in range (signal: -88.0 / -80.0)
INFO     [2021-05-31 05:55:52,256]: *** sta1-wlan1: Scan detected ap1-ssid in range (signal: -90.0 / -80.0)
INFO     [2021-05-31 05:55:53,221]: *** sta3-wlan1: Scan detected ap1-ssid in range (signal: -88.0 / -80.0)
INFO     [2021-05-31 05:55:53,265]: *** sta1-wlan1: Scan detected ap1-ssid in range (signal: -90.0 / -80.0)
INFO     [2021-05-31 05:55:54,248]: *** sta3-wlan1: Scan detected ap1-ssid in range (signal: -88.0 / -80.0)
INFO     [2021-05-31 05:55:54,273]: *** sta1-wlan1: Scan detected ap1-ssid in range (signal: -90.0 / -80.0)
INFO     [2021-05-31 05:55:55,254]: *** sta3-wlan1: Scan detected ap1-ssid in range (signal: -88.0 / -80.0)
INFO     [2021-05-31 05:55:55,279]: *** sta1-wlan1: Scan detected ap1-ssid in range (signal: -90.0 / -80.0)
INFO     [2021-05-31 05:55:55,773]: *** sta3-wlan1: Scanning for ap1-ssid
INFO     [2021-05-31 05:55:56,224]: *** sta1-wlan1: Scanning for ap1-ssid
INFO     [2021-05-31 05:55:56,260]: *** sta3-wlan1: Scan detected ap1-ssid in range (signal: -88.0 / -80.0)
INFO     [2021-05-31 05:55:56,284]: *** sta1-wlan1: Scan detected ap1-ssid in range (signal: -90.0 / -80.0)
INFO     [2021-05-31 05:55:57,265]: *** sta3-wlan1: Scan detected ap1-ssid in range (signal: -88.0 / -80.0)
INFO     [2021-05-31 05:55:57,295]: *** sta1-wlan1: Scan detected ap1-ssid in range (signal: -90.0 / -80.0)
INFO     [2021-05-31 05:55:58,270]: *** sta3-wlan1: Scan detected ap1-ssid in range (signal: -88.0 / -80.0)
INFO     [2021-05-31 05:55:58,301]: *** sta1-wlan1: Scan detected ap1-ssid in range (signal: -90.0 / -80.0)
INFO     [2021-05-31 05:55:59,282]: *** sta3-wlan1: Scan detected ap1-ssid in range (signal: -88.0 / -80.0)
INFO     [2021-05-31 05:55:59,306]: *** sta1-wlan1: Scan detected ap1-ssid in range (signal: -90.0 / -80.0)
INFO     [2021-05-31 05:56:00,288]: *** sta3-wlan1: Scan detected ap1-ssid in range (signal: -88.0 / -80.0)
INFO     [2021-05-31 05:56:00,313]: *** sta1-wlan1: Scan detected ap1-ssid in range (signal: -90.0 / -80.0)
INFO     [2021-05-31 05:56:01,293]: *** sta3-wlan1: Scan detected ap1-ssid in range (signal: -88.0 / -80.0)
INFO     [2021-05-31 05:56:01,325]: *** sta1-wlan1: Scan detected ap1-ssid in range (signal: -90.0 / -80.0)
INFO     [2021-05-31 05:56:02,308]: *** sta3-wlan1: Scan detected ap1-ssid in range (signal: -88.0 / -80.0)
INFO     [2021-05-31 05:56:02,342]: *** sta1-wlan1: Scan detected ap1-ssid in range (signal: -90.0 / -80.0)
INFO     [2021-05-31 05:56:02,557]: *** sta3-wlan1: Scanning for ap1-ssid
INFO     [2021-05-31 05:56:03,005]: *** sta1-wlan1: Scanning for ap1-ssid
INFO     [2021-05-31 05:56:03,315]: *** sta3-wlan1: Scan detected ap1-ssid in range (signal: -90.0 / -80.0)
INFO     [2021-05-31 05:56:03,349]: *** sta1-wlan1: Scan detected ap1-ssid in range (signal: -90.0 / -80.0)
INFO     [2021-05-31 05:56:04,319]: *** sta3-wlan1: Scan detected ap1-ssid in range (signal: -90.0 / -80.0)
INFO     [2021-05-31 05:56:04,353]: *** sta1-wlan1: Scan detected ap1-ssid in range (signal: -90.0 / -80.0)
INFO     [2021-05-31 05:56:05,324]: *** sta3-wlan1: Scan detected ap1-ssid in range (signal: -90.0 / -80.0)
INFO     [2021-05-31 05:56:05,357]: *** sta1-wlan1: Scan detected ap1-ssid in range (signal: -90.0 / -80.0)
INFO     [2021-05-31 05:56:06,329]: *** sta3-wlan1: Scan detected ap1-ssid in range (signal: -90.0 / -80.0)
INFO     [2021-05-31 05:56:06,361]: *** sta1-wlan1: Scan detected ap1-ssid in range (signal: -90.0 / -80.0)
INFO     [2021-05-31 05:56:07,334]: *** sta3-wlan1: Scan detected ap1-ssid in range (signal: -90.0 / -80.0)
INFO     [2021-05-31 05:56:07,370]: *** sta1-wlan1: Scan detected ap1-ssid in range (signal: -90.0 / -80.0)
INFO     [2021-05-31 05:56:08,340]: *** sta3-wlan1: Scan detected ap1-ssid in range (signal: -90.0 / -80.0)
INFO     [2021-05-31 05:56:08,376]: *** sta1-wlan1: Scan detected ap1-ssid in range (signal: -90.0 / -80.0)
INFO     [2021-05-31 05:56:09,344]: *** sta3-wlan1: Scanning for ap1-ssid
INFO     [2021-05-31 05:56:09,348]: *** sta3-wlan1: Scan detected ap1-ssid in range (signal: -90.0 / -80.0)
INFO     [2021-05-31 05:56:09,381]: *** sta1-wlan1: Scan detected ap1-ssid in range (signal: -90.0 / -80.0)
INFO     [2021-05-31 05:56:09,810]: *** sta1-wlan1: Scanning for ap1-ssid
INFO     [2021-05-31 05:56:10,354]: *** sta3-wlan1: Scan detected ap1-ssid in range (signal: -90.0 / -80.0)
INFO     [2021-05-31 05:56:10,385]: *** sta1-wlan1: Scan detected ap1-ssid in range (signal: -90.0 / -80.0)
INFO     [2021-05-31 05:56:11,359]: *** sta3-wlan1: Scan detected ap1-ssid in range (signal: -90.0 / -80.0)
INFO     [2021-05-31 05:56:11,389]: *** sta1-wlan1: Scan detected ap1-ssid in range (signal: -90.0 / -80.0)
INFO     [2021-05-31 05:56:12,367]: *** sta3-wlan1: Scan detected ap1-ssid in range (signal: -90.0 / -80.0)
INFO     [2021-05-31 05:56:12,394]: *** sta1-wlan1: Scan detected ap1-ssid in range (signal: -90.0 / -80.0)
INFO     [2021-05-31 05:56:13,372]: *** sta3-wlan1: Scan detected ap1-ssid in range (signal: -90.0 / -80.0)
INFO     [2021-05-31 05:56:13,398]: *** sta1-wlan1: Scan detected ap1-ssid in range (signal: -90.0 / -80.0)
INFO     [2021-05-31 05:56:14,376]: *** sta3-wlan1: Scan detected ap1-ssid in range (signal: -90.0 / -80.0)
INFO     [2021-05-31 05:56:14,405]: *** sta1-wlan1: Scan detected ap1-ssid in range (signal: -90.0 / -80.0)
INFO     [2021-05-31 05:56:15,392]: *** sta3-wlan1: Scan detected ap1-ssid in range (signal: -90.0 / -80.0)
INFO     [2021-05-31 05:56:15,412]: *** sta1-wlan1: Scan detected ap1-ssid in range (signal: -90.0 / -80.0)
INFO     [2021-05-31 05:56:16,237]: *** sta3-wlan1: Scanning for ap1-ssid
INFO     [2021-05-31 05:56:16,398]: *** sta3-wlan1: Scan detected ap1-ssid in range (signal: -90.0 / -80.0)
INFO     [2021-05-31 05:56:16,417]: *** sta1-wlan1: Scan detected ap1-ssid in range (signal: -90.0 / -80.0)
INFO     [2021-05-31 05:56:16,590]: *** sta1-wlan1: Scanning for ap1-ssid
INFO     [2021-05-31 05:56:17,403]: *** sta3-wlan1: Scan detected ap1-ssid in range (signal: -90.0 / -80.0)
INFO     [2021-05-31 05:56:17,422]: *** sta1-wlan1: Scan detected ap1-ssid in range (signal: -90.0 / -80.0)
INFO     [2021-05-31 05:56:18,407]: *** sta3-wlan1: Scan detected ap1-ssid in range (signal: -90.0 / -80.0)
INFO     [2021-05-31 05:56:18,428]: *** sta1-wlan1: Scan detected ap1-ssid in range (signal: -90.0 / -80.0)
INFO     [2021-05-31 05:56:19,412]: *** sta3-wlan1: Scan detected ap1-ssid in range (signal: -90.0 / -80.0)
INFO     [2021-05-31 05:56:19,432]: *** sta1-wlan1: Scan detected ap1-ssid in range (signal: -90.0 / -80.0)
INFO     [2021-05-31 05:56:20,417]: *** sta3-wlan1: Scan detected ap1-ssid in range (signal: -90.0 / -80.0)
INFO     [2021-05-31 05:56:20,437]: *** sta1-wlan1: Scan detected ap1-ssid in range (signal: -90.0 / -80.0)
INFO     [2021-05-31 05:56:21,421]: *** sta3-wlan1: Scan detected ap1-ssid in range (signal: -90.0 / -80.0)
INFO     [2021-05-31 05:56:21,441]: *** sta1-wlan1: Scan detected ap1-ssid in range (signal: -90.0 / -80.0)
INFO     [2021-05-31 05:56:22,425]: *** sta3-wlan1: Scan detected ap1-ssid in range (signal: -90.0 / -80.0)
INFO     [2021-05-31 05:56:22,445]: *** sta1-wlan1: Scan detected ap1-ssid in range (signal: -90.0 / -80.0)
INFO     [2021-05-31 05:56:22,974]: *** sta3-wlan1: Scanning for ap1-ssid
INFO     [2021-05-31 05:56:23,327]: *** sta1-wlan1: Scanning for ap1-ssid
INFO     [2021-05-31 05:56:23,431]: *** sta3-wlan1: Scan detected ap1-ssid in range (signal: -90.0 / -80.0)
INFO     [2021-05-31 05:56:24,436]: *** sta3-wlan1: Scan detected ap1-ssid in range (signal: -90.0 / -80.0)
INFO     [2021-05-31 05:56:25,440]: *** sta3-wlan1: Scan detected ap1-ssid in range (signal: -90.0 / -80.0)
INFO     [2021-05-31 05:56:26,447]: *** sta3-wlan1: Scan detected ap1-ssid in range (signal: -90.0 / -80.0)
INFO     [2021-05-31 05:56:27,470]: *** sta3-wlan1: Scan detected ap1-ssid in range (signal: -90.0 / -80.0)
INFO     [2021-05-31 05:56:28,476]: *** sta3-wlan1: Scan detected ap1-ssid in range (signal: -90.0 / -80.0)
INFO     [2021-05-31 05:56:29,487]: *** sta3-wlan1: Scan detected ap1-ssid in range (signal: -90.0 / -80.0)
INFO     [2021-05-31 05:56:29,757]: *** sta3-wlan1: Scanning for ap1-ssid
INFO     [2021-05-31 05:56:30,091]: *** sta1-wlan1: Scanning for ap1-ssid
INFO     [2021-05-31 05:56:30,491]: *** sta3-wlan1: Scan detected ap1-ssid in range (signal: -90.0 / -80.0)
INFO     [2021-05-31 05:56:31,496]: *** sta3-wlan1: Scan detected ap1-ssid in range (signal: -90.0 / -80.0)
INFO     [2021-05-31 05:56:32,505]: *** sta3-wlan1: Scan detected ap1-ssid in range (signal: -90.0 / -80.0)
INFO     [2021-05-31 05:56:36,566]: *** sta3-wlan1: Scanning for ap1-ssid
INFO     [2021-05-31 05:56:36,924]: *** sta1-wlan1: Scanning for ap1-ssid
INFO     [2021-05-31 05:56:43,373]: *** sta3-wlan1: Scanning for ap1-ssid
INFO     [2021-05-31 05:56:43,821]: *** sta1-wlan1: Scanning for ap1-ssid
INFO     [2021-05-31 05:56:50,141]: *** sta3-wlan1: Scanning for ap1-ssid
INFO     [2021-05-31 05:56:50,558]: *** sta1-wlan1: Scanning for ap1-ssid
INFO     [2021-05-31 05:56:56,930]: *** sta3-wlan1: Scanning for ap1-ssid
INFO     [2021-05-31 05:56:57,325]: *** sta1-wlan1: Scanning for ap1-ssid
INFO     [2021-05-31 05:56:57,812]: *** sta1-wlan1: Scan detected ap1-ssid in range (signal: -90.0 / -80.0)
INFO     [2021-05-31 05:56:58,816]: *** sta1-wlan1: Scan detected ap1-ssid in range (signal: -90.0 / -80.0)
INFO     [2021-05-31 05:56:59,821]: *** sta1-wlan1: Scan detected ap1-ssid in range (signal: -90.0 / -80.0)
INFO     [2021-05-31 05:57:00,835]: *** sta1-wlan1: Scan detected ap1-ssid in range (signal: -90.0 / -80.0)
INFO     [2021-05-31 05:57:01,839]: *** sta1-wlan1: Scan detected ap1-ssid in range (signal: -90.0 / -80.0)
INFO     [2021-05-31 05:57:02,843]: *** sta1-wlan1: Scan detected ap1-ssid in range (signal: -90.0 / -80.0)
INFO     [2021-05-31 05:57:03,698]: *** sta3-wlan1: Scanning for ap1-ssid
INFO     [2021-05-31 05:57:03,850]: *** sta1-wlan1: Scan detected ap1-ssid in range (signal: -90.0 / -80.0)
INFO     [2021-05-31 05:57:04,090]: *** sta1-wlan1: Scanning for ap1-ssid
INFO     [2021-05-31 05:57:04,855]: *** sta1-wlan1: Scan detected ap1-ssid in range (signal: -90.0 / -80.0)
INFO     [2021-05-31 05:57:05,863]: *** sta1-wlan1: Scan detected ap1-ssid in range (signal: -90.0 / -80.0)
INFO     [2021-05-31 05:57:06,871]: *** sta1-wlan1: Scan detected ap1-ssid in range (signal: -90.0 / -80.0)
INFO     [2021-05-31 05:57:07,876]: *** sta1-wlan1: Scan detected ap1-ssid in range (signal: -90.0 / -80.0)
INFO     [2021-05-31 05:57:08,883]: *** sta1-wlan1: Scan detected ap1-ssid in range (signal: -90.0 / -80.0)
INFO     [2021-05-31 05:57:09,889]: *** sta1-wlan1: Scan detected ap1-ssid in range (signal: -90.0 / -80.0)
INFO     [2021-05-31 05:57:10,458]: *** sta3-wlan1: Scanning for ap1-ssid
INFO     [2021-05-31 05:57:10,890]: *** sta1-wlan1: Scanning for ap1-ssid
INFO     [2021-05-31 05:57:10,894]: *** sta1-wlan1: Scan detected ap1-ssid in range (signal: -90.0 / -80.0)
INFO     [2021-05-31 05:57:11,899]: *** sta1-wlan1: Scan detected ap1-ssid in range (signal: -90.0 / -80.0)
INFO     [2021-05-31 05:57:12,908]: *** sta1-wlan1: Scan detected ap1-ssid in range (signal: -90.0 / -80.0)
INFO     [2021-05-31 05:57:13,912]: *** sta1-wlan1: Scan detected ap1-ssid in range (signal: -90.0 / -80.0)
INFO     [2021-05-31 05:57:14,917]: *** sta1-wlan1: Scan detected ap1-ssid in range (signal: -90.0 / -80.0)
INFO     [2021-05-31 05:57:15,926]: *** sta1-wlan1: Scan detected ap1-ssid in range (signal: -90.0 / -80.0)
INFO     [2021-05-31 05:57:16,944]: *** sta1-wlan1: Scan detected ap1-ssid in range (signal: -90.0 / -80.0)
INFO     [2021-05-31 05:57:17,230]: *** sta3-wlan1: Scanning for ap1-ssid
INFO     [2021-05-31 05:57:17,687]: *** sta1-wlan1: Scanning for ap1-ssid
INFO     [2021-05-31 05:57:17,949]: *** sta1-wlan1: Scan detected ap1-ssid in range (signal: -90.0 / -80.0)
INFO     [2021-05-31 05:57:18,959]: *** sta1-wlan1: Scan detected ap1-ssid in range (signal: -90.0 / -80.0)
INFO     [2021-05-31 05:57:19,964]: *** sta1-wlan1: Scan detected ap1-ssid in range (signal: -90.0 / -80.0)
INFO     [2021-05-31 05:57:21,027]: *** sta1-wlan1: Scan detected ap1-ssid in range (signal: -90.0 / -80.0)
INFO     [2021-05-31 05:57:22,032]: *** sta1-wlan1: Scan detected ap1-ssid in range (signal: -90.0 / -80.0)
INFO     [2021-05-31 05:57:23,089]: *** sta1-wlan1: Scan detected ap1-ssid in range (signal: -90.0 / -80.0)
INFO     [2021-05-31 05:57:24,096]: *** sta1-wlan1: Scan detected ap1-ssid in range (signal: -90.0 / -80.0)
INFO     [2021-05-31 05:57:24,358]: *** sta3-wlan1: Scanning for ap1-ssid
INFO     [2021-05-31 05:57:24,810]: *** sta1-wlan1: Scanning for ap1-ssid
INFO     [2021-05-31 05:57:25,000]: *** sta3-wlan1: Scan detected ap1-ssid in range (signal: -90.0 / -80.0)
INFO     [2021-05-31 05:57:25,101]: *** sta1-wlan1: Scan detected ap1-ssid in range (signal: -90.0 / -80.0)
INFO     [2021-05-31 05:57:26,004]: *** sta3-wlan1: Scan detected ap1-ssid in range (signal: -90.0 / -80.0)
INFO     [2021-05-31 05:57:26,109]: *** sta1-wlan1: Scan detected ap1-ssid in range (signal: -90.0 / -80.0)
INFO     [2021-05-31 05:57:27,009]: *** sta3-wlan1: Scan detected ap1-ssid in range (signal: -90.0 / -80.0)
INFO     [2021-05-31 05:57:27,123]: *** sta1-wlan1: Scan detected ap1-ssid in range (signal: -90.0 / -80.0)
INFO     [2021-05-31 05:57:28,016]: *** sta3-wlan1: Scan detected ap1-ssid in range (signal: -90.0 / -80.0)
INFO     [2021-05-31 05:57:28,128]: *** sta1-wlan1: Scan detected ap1-ssid in range (signal: -90.0 / -80.0)
INFO     [2021-05-31 05:57:29,023]: *** sta3-wlan1: Scan detected ap1-ssid in range (signal: -90.0 / -80.0)
INFO     [2021-05-31 05:57:29,133]: *** sta1-wlan1: Scan detected ap1-ssid in range (signal: -90.0 / -80.0)
INFO     [2021-05-31 05:57:30,028]: *** sta3-wlan1: Scan detected ap1-ssid in range (signal: -90.0 / -80.0)
INFO     [2021-05-31 05:57:30,140]: *** sta1-wlan1: Scan detected ap1-ssid in range (signal: -90.0 / -80.0)
INFO     [2021-05-31 05:57:31,047]: *** sta3-wlan1: Scan detected ap1-ssid in range (signal: -90.0 / -80.0)
INFO     [2021-05-31 05:57:31,141]: *** sta3-wlan1: Scanning for ap1-ssid
INFO     [2021-05-31 05:57:31,147]: *** sta1-wlan1: Scan detected ap1-ssid in range (signal: -90.0 / -80.0)
INFO     [2021-05-31 05:57:31,577]: *** sta1-wlan1: Scanning for ap1-ssid
INFO     [2021-05-31 05:57:32,052]: *** sta3-wlan1: Scan detected ap1-ssid in range (signal: -90.0 / -80.0)
INFO     [2021-05-31 05:57:32,155]: *** sta1-wlan1: Scan detected ap1-ssid in range (signal: -90.0 / -80.0)
INFO     [2021-05-31 05:57:33,057]: *** sta3-wlan1: Scan detected ap1-ssid in range (signal: -90.0 / -80.0)
INFO     [2021-05-31 05:57:33,159]: *** sta1-wlan1: Scan detected ap1-ssid in range (signal: -90.0 / -80.0)
INFO     [2021-05-31 05:57:34,061]: *** sta3-wlan1: Scan detected ap1-ssid in range (signal: -90.0 / -80.0)
INFO     [2021-05-31 05:57:35,065]: *** sta3-wlan1: Scan detected ap1-ssid in range (signal: -90.0 / -80.0)
INFO     [2021-05-31 05:57:36,084]: *** sta3-wlan1: Scan detected ap1-ssid in range (signal: -90.0 / -80.0)
INFO     [2021-05-31 05:57:37,092]: *** sta3-wlan1: Scan detected ap1-ssid in range (signal: -90.0 / -80.0)
INFO     [2021-05-31 05:57:37,920]: *** sta3-wlan1: Scanning for ap1-ssid
INFO     [2021-05-31 05:57:38,099]: *** sta3-wlan1: Scan detected ap1-ssid in range (signal: -90.0 / -80.0)
INFO     [2021-05-31 05:57:38,345]: *** sta1-wlan1: Scanning for ap1-ssid
INFO     [2021-05-31 05:57:39,107]: *** sta3-wlan1: Scan detected ap1-ssid in range (signal: -90.0 / -80.0)
INFO     [2021-05-31 05:57:40,112]: *** sta3-wlan1: Scan detected ap1-ssid in range (signal: -90.0 / -80.0)
INFO     [2021-05-31 05:57:41,120]: *** sta3-wlan1: Scan detected ap1-ssid in range (signal: -90.0 / -80.0)
INFO     [2021-05-31 05:57:42,153]: *** sta3-wlan1: Scan detected ap1-ssid in range (signal: -90.0 / -80.0)
INFO     [2021-05-31 05:57:43,172]: *** sta3-wlan1: Scan detected ap1-ssid in range (signal: -90.0 / -80.0)
INFO     [2021-05-31 05:57:44,176]: *** sta3-wlan1: Scan detected ap1-ssid in range (signal: -90.0 / -80.0)
INFO     [2021-05-31 05:57:44,753]: *** sta3-wlan1: Scanning for ap1-ssid
INFO     [2021-05-31 05:57:45,180]: *** sta3-wlan1: Scan detected ap1-ssid in range (signal: -90.0 / -80.0)
INFO     [2021-05-31 05:57:45,253]: *** sta1-wlan1: Scanning for ap1-ssid
INFO     [2021-05-31 05:57:46,190]: *** sta3-wlan1: Scan detected ap1-ssid in range (signal: -90.0 / -80.0)
INFO     [2021-05-31 05:57:47,196]: *** sta3-wlan1: Scan detected ap1-ssid in range (signal: -90.0 / -80.0)
INFO     [2021-05-31 05:57:48,203]: *** sta3-wlan1: Scan detected ap1-ssid in range (signal: -90.0 / -80.0)
INFO     [2021-05-31 05:57:49,208]: *** sta3-wlan1: Scan detected ap1-ssid in range (signal: -90.0 / -80.0)
INFO     [2021-05-31 05:57:50,211]: *** sta3-wlan1: Scan detected ap1-ssid in range (signal: -90.0 / -80.0)
INFO     [2021-05-31 05:57:51,216]: *** sta3-wlan1: Scan detected ap1-ssid in range (signal: -90.0 / -80.0)
INFO     [2021-05-31 05:57:51,618]: *** sta3-wlan1: Scanning for ap1-ssid
INFO     [2021-05-31 05:57:52,054]: *** sta1-wlan1: Scanning for ap1-ssid
INFO     [2021-05-31 05:57:52,222]: *** sta3-wlan1: Scan detected ap1-ssid in range (signal: -90.0 / -80.0)
INFO     [2021-05-31 05:57:53,235]: *** sta3-wlan1: Scan detected ap1-ssid in range (signal: -90.0 / -80.0)
INFO     [2021-05-31 05:57:54,240]: *** sta3-wlan1: Scan detected ap1-ssid in range (signal: -90.0 / -80.0)
INFO     [2021-05-31 05:57:58,401]: *** sta3-wlan1: Scanning for ap1-ssid
INFO     [2021-05-31 05:57:58,830]: *** sta1-wlan1: Scanning for ap1-ssid
INFO     [2021-05-31 05:58:05,157]: *** sta3-wlan1: Scanning for ap1-ssid
INFO     [2021-05-31 05:58:05,578]: *** sta1-wlan1: Scanning for ap1-ssid
INFO     [2021-05-31 05:58:11,913]: *** sta3-wlan1: Scanning for ap1-ssid
INFO     [2021-05-31 05:58:12,377]: *** sta1-wlan1: Scanning for ap1-ssid
INFO     [2021-05-31 05:58:18,654]: *** sta3-wlan1: Scanning for ap1-ssid
INFO     [2021-05-31 05:58:19,121]: *** sta1-wlan1: Scanning for ap1-ssid
INFO     [2021-05-31 05:58:25,409]: *** sta3-wlan1: Scanning for ap1-ssid
INFO     [2021-05-31 05:58:25,922]: *** sta1-wlan1: Scanning for ap1-ssid
INFO     [2021-05-31 05:58:32,170]: *** sta3-wlan1: Scanning for ap1-ssid
INFO     [2021-05-31 05:58:32,732]: *** sta1-wlan1: Scanning for ap1-ssid
INFO     [2021-05-31 05:58:38,935]: *** sta3-wlan1: Scanning for ap1-ssid
INFO     [2021-05-31 05:58:39,491]: *** sta1-wlan1: Scanning for ap1-ssid
INFO     [2021-05-31 05:58:45,859]: *** sta3-wlan1: Scanning for ap1-ssid
INFO     [2021-05-31 05:58:46,425]: *** sta1-wlan1: Scanning for ap1-ssid
INFO     [2021-05-31 05:58:52,670]: *** sta3-wlan1: Scanning for ap1-ssid
INFO     [2021-05-31 05:58:53,182]: *** sta1-wlan1: Scanning for ap1-ssid
INFO     [2021-05-31 05:58:59,454]: *** sta3-wlan1: Scanning for ap1-ssid
INFO     [2021-05-31 05:58:59,913]: *** sta1-wlan1: Scanning for ap1-ssid
INFO     [2021-05-31 05:59:00,703]: *** sta1-wlan1: Scan detected ap1-ssid in range (signal: -89.0 / -80.0)
INFO     [2021-05-31 05:59:01,710]: *** sta1-wlan1: Scan detected ap1-ssid in range (signal: -89.0 / -80.0)
INFO     [2021-05-31 05:59:02,715]: *** sta1-wlan1: Scan detected ap1-ssid in range (signal: -89.0 / -80.0)
INFO     [2021-05-31 05:59:03,720]: *** sta1-wlan1: Scan detected ap1-ssid in range (signal: -89.0 / -80.0)
INFO     [2021-05-31 05:59:04,727]: *** sta1-wlan1: Scan detected ap1-ssid in range (signal: -89.0 / -80.0)
INFO     [2021-05-31 05:59:05,732]: *** sta1-wlan1: Scan detected ap1-ssid in range (signal: -89.0 / -80.0)
INFO     [2021-05-31 05:59:06,232]: *** sta3-wlan1: Scanning for ap1-ssid
INFO     [2021-05-31 05:59:06,681]: *** sta1-wlan1: Scanning for ap1-ssid
INFO     [2021-05-31 05:59:06,740]: *** sta1-wlan1: Scan detected ap1-ssid in range (signal: -90.0 / -80.0)
INFO     [2021-05-31 05:59:07,746]: *** sta1-wlan1: Scan detected ap1-ssid in range (signal: -90.0 / -80.0)
INFO     [2021-05-31 05:59:08,751]: *** sta1-wlan1: Scan detected ap1-ssid in range (signal: -90.0 / -80.0)
INFO     [2021-05-31 05:59:09,755]: *** sta1-wlan1: Scan detected ap1-ssid in range (signal: -90.0 / -80.0)
INFO     [2021-05-31 05:59:10,767]: *** sta1-wlan1: Scan detected ap1-ssid in range (signal: -90.0 / -80.0)
INFO     [2021-05-31 05:59:11,772]: *** sta1-wlan1: Scan detected ap1-ssid in range (signal: -90.0 / -80.0)
INFO     [2021-05-31 05:59:12,780]: *** sta1-wlan1: Scan detected ap1-ssid in range (signal: -90.0 / -80.0)
INFO     [2021-05-31 05:59:13,126]: *** sta3-wlan1: Scanning for ap1-ssid
INFO     [2021-05-31 05:59:13,593]: *** sta1-wlan1: Scanning for ap1-ssid
INFO     [2021-05-31 05:59:13,799]: *** sta1-wlan1: Scan detected ap1-ssid in range (signal: -90.0 / -80.0)
INFO     [2021-05-31 05:59:14,804]: *** sta1-wlan1: Scan detected ap1-ssid in range (signal: -90.0 / -80.0)
INFO     [2021-05-31 05:59:15,809]: *** sta1-wlan1: Scan detected ap1-ssid in range (signal: -90.0 / -80.0)
INFO     [2021-05-31 05:59:16,829]: *** sta1-wlan1: Scan detected ap1-ssid in range (signal: -90.0 / -80.0)
INFO     [2021-05-31 05:59:17,835]: *** sta1-wlan1: Scan detected ap1-ssid in range (signal: -90.0 / -80.0)
INFO     [2021-05-31 05:59:18,840]: *** sta1-wlan1: Scan detected ap1-ssid in range (signal: -90.0 / -80.0)
INFO     [2021-05-31 05:59:19,845]: *** sta1-wlan1: Scan detected ap1-ssid in range (signal: -90.0 / -80.0)
INFO     [2021-05-31 05:59:19,914]: *** sta3-wlan1: Scanning for ap1-ssid
INFO     [2021-05-31 05:59:20,362]: *** sta1-wlan1: Scanning for ap1-ssid
INFO     [2021-05-31 05:59:20,850]: *** sta1-wlan1: Scan detected ap1-ssid in range (signal: -90.0 / -80.0)
INFO     [2021-05-31 05:59:21,856]: *** sta1-wlan1: Scan detected ap1-ssid in range (signal: -90.0 / -80.0)
INFO     [2021-05-31 05:59:22,860]: *** sta1-wlan1: Scan detected ap1-ssid in range (signal: -90.0 / -80.0)
INFO     [2021-05-31 05:59:23,868]: *** sta1-wlan1: Scan detected ap1-ssid in range (signal: -90.0 / -80.0)
INFO     [2021-05-31 05:59:24,878]: *** sta1-wlan1: Scan detected ap1-ssid in range (signal: -90.0 / -80.0)
INFO     [2021-05-31 05:59:25,896]: *** sta1-wlan1: Scan detected ap1-ssid in range (signal: -90.0 / -80.0)
INFO     [2021-05-31 05:59:26,668]: *** sta3-wlan1: Scanning for ap1-ssid
INFO     [2021-05-31 05:59:26,902]: *** sta1-wlan1: Scan detected ap1-ssid in range (signal: -90.0 / -80.0)
INFO     [2021-05-31 05:59:27,123]: *** sta1-wlan1: Scanning for ap1-ssid
INFO     [2021-05-31 05:59:27,909]: *** sta1-wlan1: Scan detected ap1-ssid in range (signal: -90.0 / -80.0)
INFO     [2021-05-31 05:59:28,915]: *** sta1-wlan1: Scan detected ap1-ssid in range (signal: -90.0 / -80.0)
INFO     [2021-05-31 05:59:29,921]: *** sta1-wlan1: Scan detected ap1-ssid in range (signal: -90.0 / -80.0)
INFO     [2021-05-31 05:59:30,926]: *** sta1-wlan1: Scan detected ap1-ssid in range (signal: -90.0 / -80.0)
INFO     [2021-05-31 05:59:31,997]: *** sta1-wlan1: Scan detected ap1-ssid in range (signal: -90.0 / -80.0)
INFO     [2021-05-31 05:59:33,009]: *** sta1-wlan1: Scan detected ap1-ssid in range (signal: -90.0 / -80.0)
INFO     [2021-05-31 05:59:33,482]: *** sta3-wlan1: Scanning for ap1-ssid
INFO     [2021-05-31 05:59:33,930]: *** sta1-wlan1: Scanning for ap1-ssid
INFO     [2021-05-31 05:59:34,017]: *** sta3-wlan1: Scan detected ap1-ssid in range (signal: -87.0 / -80.0)
INFO     [2021-05-31 05:59:34,018]: *** sta1-wlan1: Scan detected ap1-ssid in range (signal: -90.0 / -80.0)
INFO     [2021-05-31 05:59:35,023]: *** sta3-wlan1: Scan detected ap1-ssid in range (signal: -87.0 / -80.0)
INFO     [2021-05-31 05:59:35,027]: *** sta1-wlan1: Scan detected ap1-ssid in range (signal: -90.0 / -80.0)
INFO     [2021-05-31 05:59:36,030]: *** sta3-wlan1: Scan detected ap1-ssid in range (signal: -87.0 / -80.0)
INFO     [2021-05-31 05:59:36,031]: *** sta1-wlan1: Scan detected ap1-ssid in range (signal: -90.0 / -80.0)
INFO     [2021-05-31 05:59:37,034]: *** sta3-wlan1: Scan detected ap1-ssid in range (signal: -87.0 / -80.0)
INFO     [2021-05-31 05:59:37,038]: *** sta1-wlan1: Scan detected ap1-ssid in range (signal: -90.0 / -80.0)
INFO     [2021-05-31 05:59:38,038]: *** sta3-wlan1: Scan detected ap1-ssid in range (signal: -87.0 / -80.0)
INFO     [2021-05-31 05:59:38,044]: *** sta1-wlan1: Scan detected ap1-ssid in range (signal: -90.0 / -80.0)
INFO     [2021-05-31 05:59:39,043]: *** sta3-wlan1: Scan detected ap1-ssid in range (signal: -87.0 / -80.0)
INFO     [2021-05-31 05:59:39,049]: *** sta1-wlan1: Scan detected ap1-ssid in range (signal: -90.0 / -80.0)
INFO     [2021-05-31 05:59:40,046]: *** sta3-wlan1: Scan detected ap1-ssid in range (signal: -87.0 / -80.0)
INFO     [2021-05-31 05:59:40,052]: *** sta1-wlan1: Scan detected ap1-ssid in range (signal: -90.0 / -80.0)
INFO     [2021-05-31 05:59:40,338]: *** sta3-wlan1: Scanning for ap1-ssid
INFO     [2021-05-31 05:59:40,733]: *** sta1-wlan1: Scanning for ap1-ssid
INFO     [2021-05-31 05:59:41,051]: *** sta3-wlan1: Scan detected ap1-ssid in range (signal: -87.0 / -80.0)
INFO     [2021-05-31 05:59:41,059]: *** sta1-wlan1: Scan detected ap1-ssid in range (signal: -90.0 / -80.0)
INFO     [2021-05-31 05:59:42,059]: *** sta3-wlan1: Scan detected ap1-ssid in range (signal: -87.0 / -80.0)
INFO     [2021-05-31 05:59:42,065]: *** sta1-wlan1: Scan detected ap1-ssid in range (signal: -90.0 / -80.0)
INFO     [2021-05-31 05:59:43,064]: *** sta3-wlan1: Scan detected ap1-ssid in range (signal: -87.0 / -80.0)
INFO     [2021-05-31 05:59:43,071]: *** sta1-wlan1: Scan detected ap1-ssid in range (signal: -90.0 / -80.0)
INFO     [2021-05-31 05:59:44,077]: *** sta3-wlan1: Scan detected ap1-ssid in range (signal: -87.0 / -80.0)
INFO     [2021-05-31 05:59:44,082]: *** sta1-wlan1: Scan detected ap1-ssid in range (signal: -90.0 / -80.0)
INFO     [2021-05-31 05:59:45,082]: *** sta3-wlan1: Scan detected ap1-ssid in range (signal: -87.0 / -80.0)
INFO     [2021-05-31 05:59:45,087]: *** sta1-wlan1: Scan detected ap1-ssid in range (signal: -90.0 / -80.0)
INFO     [2021-05-31 05:59:46,087]: *** sta3-wlan1: Scan detected ap1-ssid in range (signal: -87.0 / -80.0)
INFO     [2021-05-31 05:59:46,093]: *** sta1-wlan1: Scan detected ap1-ssid in range (signal: -90.0 / -80.0)
INFO     [2021-05-31 05:59:47,074]: *** sta3-wlan1: Scanning for ap1-ssid
INFO     [2021-05-31 05:59:47,093]: *** sta3-wlan1: Scan detected ap1-ssid in range (signal: -87.0 / -80.0)
INFO     [2021-05-31 05:59:47,097]: *** sta1-wlan1: Scan detected ap1-ssid in range (signal: -90.0 / -80.0)
INFO     [2021-05-31 05:59:47,474]: *** sta1-wlan1: Scanning for ap1-ssid
INFO     [2021-05-31 05:59:48,099]: *** sta3-wlan1: Scan detected ap1-ssid in range (signal: -87.0 / -80.0)
INFO     [2021-05-31 05:59:48,102]: *** sta1-wlan1: Scan detected ap1-ssid in range (signal: -90.0 / -80.0)
INFO     [2021-05-31 05:59:49,105]: *** sta3-wlan1: Scan detected ap1-ssid in range (signal: -87.0 / -80.0)
INFO     [2021-05-31 05:59:49,109]: *** sta1-wlan1: Scan detected ap1-ssid in range (signal: -90.0 / -80.0)
INFO     [2021-05-31 05:59:50,119]: *** sta3-wlan1: Scan detected ap1-ssid in range (signal: -87.0 / -80.0)
INFO     [2021-05-31 05:59:50,120]: *** sta1-wlan1: Scan detected ap1-ssid in range (signal: -90.0 / -80.0)
INFO     [2021-05-31 05:59:51,123]: *** sta3-wlan1: Scan detected ap1-ssid in range (signal: -87.0 / -80.0)
INFO     [2021-05-31 05:59:52,131]: *** sta3-wlan1: Scan detected ap1-ssid in range (signal: -87.0 / -80.0)
INFO     [2021-05-31 05:59:53,135]: *** sta3-wlan1: Scan detected ap1-ssid in range (signal: -87.0 / -80.0)
INFO     [2021-05-31 05:59:53,874]: *** sta3-wlan1: Scanning for ap1-ssid
INFO     [2021-05-31 05:59:54,144]: *** sta3-wlan1: Scan detected ap1-ssid in range (signal: -87.0 / -80.0)
INFO     [2021-05-31 05:59:54,322]: *** sta1-wlan1: Scanning for ap1-ssid
INFO     [2021-05-31 05:59:55,149]: *** sta3-wlan1: Scan detected ap1-ssid in range (signal: -87.0 / -80.0)
INFO     [2021-05-31 05:59:56,156]: *** sta3-wlan1: Scan detected ap1-ssid in range (signal: -87.0 / -80.0)
INFO     [2021-05-31 05:59:57,163]: *** sta3-wlan1: Scan detected ap1-ssid in range (signal: -87.0 / -80.0)
INFO     [2021-05-31 05:59:58,170]: *** sta3-wlan1: Scan detected ap1-ssid in range (signal: -87.0 / -80.0)
INFO     [2021-05-31 05:59:59,174]: *** sta3-wlan1: Scan detected ap1-ssid in range (signal: -87.0 / -80.0)
INFO     [2021-05-31 06:00:00,184]: *** sta3-wlan1: Scan detected ap1-ssid in range (signal: -87.0 / -80.0)
INFO     [2021-05-31 06:00:00,670]: *** sta3-wlan1: Scanning for ap1-ssid
INFO     [2021-05-31 06:00:01,095]: *** sta1-wlan1: Scanning for ap1-ssid
INFO     [2021-05-31 06:00:01,189]: *** sta3-wlan1: Scan detected ap1-ssid in range (signal: -90.0 / -80.0)
INFO     [2021-05-31 06:00:02,193]: *** sta3-wlan1: Scan detected ap1-ssid in range (signal: -90.0 / -80.0)
INFO     [2021-05-31 06:00:03,208]: *** sta3-wlan1: Scan detected ap1-ssid in range (signal: -90.0 / -80.0)
INFO     [2021-05-31 06:00:04,213]: *** sta3-wlan1: Scan detected ap1-ssid in range (signal: -90.0 / -80.0)
INFO     [2021-05-31 06:00:05,217]: *** sta3-wlan1: Scan detected ap1-ssid in range (signal: -90.0 / -80.0)
INFO     [2021-05-31 06:00:06,229]: *** sta3-wlan1: Scan detected ap1-ssid in range (signal: -90.0 / -80.0)
INFO     [2021-05-31 06:00:07,234]: *** sta3-wlan1: Scan detected ap1-ssid in range (signal: -90.0 / -80.0)
INFO     [2021-05-31 06:00:07,471]: *** sta3-wlan1: Scanning for ap1-ssid
INFO     [2021-05-31 06:00:07,893]: *** sta1-wlan1: Scanning for ap1-ssid
INFO     [2021-05-31 06:00:08,238]: *** sta3-wlan1: Scan detected ap1-ssid in range (signal: -90.0 / -80.0)
INFO     [2021-05-31 06:00:09,245]: *** sta3-wlan1: Scan detected ap1-ssid in range (signal: -90.0 / -80.0)
INFO     [2021-05-31 06:00:10,250]: *** sta3-wlan1: Scan detected ap1-ssid in range (signal: -90.0 / -80.0)
INFO     [2021-05-31 06:00:11,260]: *** sta3-wlan1: Scan detected ap1-ssid in range (signal: -90.0 / -80.0)
INFO     [2021-05-31 06:00:12,265]: *** sta3-wlan1: Scan detected ap1-ssid in range (signal: -90.0 / -80.0)
INFO     [2021-05-31 06:00:13,269]: *** sta3-wlan1: Scan detected ap1-ssid in range (signal: -90.0 / -80.0)
INFO     [2021-05-31 06:00:14,274]: *** sta3-wlan1: Scan detected ap1-ssid in range (signal: -90.0 / -80.0)
INFO     [2021-05-31 06:00:14,301]: *** sta3-wlan1: Scanning for ap1-ssid
INFO     [2021-05-31 06:00:14,741]: *** sta1-wlan1: Scanning for ap1-ssid
INFO     [2021-05-31 06:00:15,279]: *** sta3-wlan1: Scan detected ap1-ssid in range (signal: -90.0 / -80.0)
INFO     [2021-05-31 06:00:16,284]: *** sta3-wlan1: Scan detected ap1-ssid in range (signal: -90.0 / -80.0)
INFO     [2021-05-31 06:00:17,303]: *** sta3-wlan1: Scan detected ap1-ssid in range (signal: -90.0 / -80.0)
INFO     [2021-05-31 06:00:18,317]: *** sta3-wlan1: Scan detected ap1-ssid in range (signal: -90.0 / -80.0)
INFO     [2021-05-31 06:00:19,321]: *** sta3-wlan1: Scan detected ap1-ssid in range (signal: -90.0 / -80.0)
INFO     [2021-05-31 06:00:20,328]: *** sta3-wlan1: Scan detected ap1-ssid in range (signal: -90.0 / -80.0)
INFO     [2021-05-31 06:00:21,149]: *** sta3-wlan1: Scanning for ap1-ssid
INFO     [2021-05-31 06:00:21,332]: *** sta3-wlan1: Scan detected ap1-ssid in range (signal: -90.0 / -80.0)
INFO     [2021-05-31 06:00:21,554]: *** sta1-wlan1: Scanning for ap1-ssid
INFO     [2021-05-31 06:00:22,337]: *** sta1-wlan1: Scan detected ap1-ssid in range (signal: -87.0 / -80.0)
INFO     [2021-05-31 06:00:22,337]: *** sta3-wlan1: Scan detected ap1-ssid in range (signal: -90.0 / -80.0)
INFO     [2021-05-31 06:00:23,342]: *** sta3-wlan1: Scan detected ap1-ssid in range (signal: -90.0 / -80.0)
INFO     [2021-05-31 06:00:23,346]: *** sta1-wlan1: Scan detected ap1-ssid in range (signal: -87.0 / -80.0)
INFO     [2021-05-31 06:00:24,352]: *** sta1-wlan1: Scan detected ap1-ssid in range (signal: -87.0 / -80.0)
INFO     [2021-05-31 06:00:24,353]: *** sta3-wlan1: Scan detected ap1-ssid in range (signal: -90.0 / -80.0)
INFO     [2021-05-31 06:00:25,357]: *** sta1-wlan1: Scan detected ap1-ssid in range (signal: -87.0 / -80.0)
INFO     [2021-05-31 06:00:25,358]: *** sta3-wlan1: Scan detected ap1-ssid in range (signal: -90.0 / -80.0)
INFO     [2021-05-31 06:00:26,362]: *** sta1-wlan1: Scan detected ap1-ssid in range (signal: -87.0 / -80.0)
INFO     [2021-05-31 06:00:26,364]: *** sta3-wlan1: Scan detected ap1-ssid in range (signal: -90.0 / -80.0)
INFO     [2021-05-31 06:00:27,368]: *** sta1-wlan1: Scan detected ap1-ssid in range (signal: -87.0 / -80.0)
INFO     [2021-05-31 06:00:27,369]: *** sta3-wlan1: Scan detected ap1-ssid in range (signal: -90.0 / -80.0)
INFO     [2021-05-31 06:00:27,957]: *** sta3-wlan1: Scanning for ap1-ssid
INFO     [2021-05-31 06:00:28,374]: *** sta1-wlan1: Scan detected ap1-ssid in range (signal: -87.0 / -80.0)
INFO     [2021-05-31 06:00:28,374]: *** sta3-wlan1: Scan detected ap1-ssid in range (signal: -90.0 / -80.0)
INFO     [2021-05-31 06:00:28,381]: *** sta1-wlan1: Scanning for ap1-ssid
INFO     [2021-05-31 06:00:29,379]: *** sta1-wlan1: Scan detected ap1-ssid in range (signal: -87.0 / -80.0)
INFO     [2021-05-31 06:00:29,379]: *** sta3-wlan1: Scan detected ap1-ssid in range (signal: -90.0 / -80.0)
INFO     [2021-05-31 06:00:30,384]: *** sta1-wlan1: Scan detected ap1-ssid in range (signal: -87.0 / -80.0)
INFO     [2021-05-31 06:00:30,385]: *** sta3-wlan1: Scan detected ap1-ssid in range (signal: -90.0 / -80.0)
INFO     [2021-05-31 06:00:31,389]: *** sta1-wlan1: Scan detected ap1-ssid in range (signal: -87.0 / -80.0)
INFO     [2021-05-31 06:00:31,389]: *** sta3-wlan1: Scan detected ap1-ssid in range (signal: -90.0 / -80.0)
INFO     [2021-05-31 06:00:32,393]: *** sta1-wlan1: Scan detected ap1-ssid in range (signal: -87.0 / -80.0)
INFO     [2021-05-31 06:00:32,394]: *** sta3-wlan1: Scan detected ap1-ssid in range (signal: -90.0 / -80.0)
INFO     [2021-05-31 06:00:33,403]: *** sta3-wlan1: Scan detected ap1-ssid in range (signal: -90.0 / -80.0)
INFO     [2021-05-31 06:00:33,405]: *** sta1-wlan1: Scan detected ap1-ssid in range (signal: -87.0 / -80.0)
INFO     [2021-05-31 06:00:34,411]: *** sta3-wlan1: Scan detected ap1-ssid in range (signal: -90.0 / -80.0)
INFO     [2021-05-31 06:00:34,414]: *** sta1-wlan1: Scan detected ap1-ssid in range (signal: -87.0 / -80.0)
INFO     [2021-05-31 06:00:34,710]: *** sta3-wlan1: Scanning for ap1-ssid
INFO     [2021-05-31 06:00:35,144]: *** sta1-wlan1: Scanning for ap1-ssid
INFO     [2021-05-31 06:00:35,416]: *** sta3-wlan1: Scan detected ap1-ssid in range (signal: -87.0 / -80.0)
INFO     [2021-05-31 06:00:35,419]: *** sta1-wlan1: Scan detected ap1-ssid in range (signal: -87.0 / -80.0)
INFO     [2021-05-31 06:00:36,424]: *** sta1-wlan1: Scan detected ap1-ssid in range (signal: -87.0 / -80.0)
INFO     [2021-05-31 06:00:36,424]: *** sta3-wlan1: Scan detected ap1-ssid in range (signal: -87.0 / -80.0)
INFO     [2021-05-31 06:00:37,440]: *** sta1-wlan1: Scan detected ap1-ssid in range (signal: -87.0 / -80.0)
INFO     [2021-05-31 06:00:37,440]: *** sta3-wlan1: Scan detected ap1-ssid in range (signal: -87.0 / -80.0)
INFO     [2021-05-31 06:00:38,447]: *** sta1-wlan1: Scan detected ap1-ssid in range (signal: -87.0 / -80.0)
INFO     [2021-05-31 06:00:38,448]: *** sta3-wlan1: Scan detected ap1-ssid in range (signal: -87.0 / -80.0)
INFO     [2021-05-31 06:00:39,451]: *** sta1-wlan1: Scan detected ap1-ssid in range (signal: -87.0 / -80.0)
INFO     [2021-05-31 06:00:39,453]: *** sta3-wlan1: Scan detected ap1-ssid in range (signal: -87.0 / -80.0)
INFO     [2021-05-31 06:00:40,456]: *** sta3-wlan1: Scan detected ap1-ssid in range (signal: -87.0 / -80.0)
INFO     [2021-05-31 06:00:40,458]: *** sta1-wlan1: Scan detected ap1-ssid in range (signal: -87.0 / -80.0)
INFO     [2021-05-31 06:00:41,466]: *** sta1-wlan1: Scan detected ap1-ssid in range (signal: -87.0 / -80.0)
INFO     [2021-05-31 06:00:41,467]: *** sta3-wlan1: Scan detected ap1-ssid in range (signal: -87.0 / -80.0)
INFO     [2021-05-31 06:00:41,613]: *** sta3-wlan1: Scanning for ap1-ssid
INFO     [2021-05-31 06:00:41,989]: *** sta1-wlan1: Scanning for ap1-ssid
INFO     [2021-05-31 06:00:42,471]: *** sta1-wlan1: Scan detected ap1-ssid in range (signal: -89.0 / -80.0)
INFO     [2021-05-31 06:00:42,472]: *** sta3-wlan1: Scan detected ap1-ssid in range (signal: -87.0 / -80.0)
INFO     [2021-05-31 06:00:43,475]: *** sta1-wlan1: Scan detected ap1-ssid in range (signal: -89.0 / -80.0)
INFO     [2021-05-31 06:00:43,480]: *** sta3-wlan1: Scan detected ap1-ssid in range (signal: -87.0 / -80.0)
INFO     [2021-05-31 06:00:44,481]: *** sta1-wlan1: Scan detected ap1-ssid in range (signal: -89.0 / -80.0)
INFO     [2021-05-31 06:00:44,486]: *** sta3-wlan1: Scan detected ap1-ssid in range (signal: -87.0 / -80.0)
INFO     [2021-05-31 06:00:45,497]: *** sta1-wlan1: Scan detected ap1-ssid in range (signal: -89.0 / -80.0)
INFO     [2021-05-31 06:00:45,498]: *** sta3-wlan1: Scan detected ap1-ssid in range (signal: -87.0 / -80.0)
INFO     [2021-05-31 06:00:46,503]: *** sta1-wlan1: Scan detected ap1-ssid in range (signal: -89.0 / -80.0)
INFO     [2021-05-31 06:00:46,504]: *** sta3-wlan1: Scan detected ap1-ssid in range (signal: -87.0 / -80.0)
INFO     [2021-05-31 06:00:47,522]: *** sta1-wlan1: Scan detected ap1-ssid in range (signal: -89.0 / -80.0)
INFO     [2021-05-31 06:00:47,531]: *** sta3-wlan1: Scan detected ap1-ssid in range (signal: -87.0 / -80.0)
INFO     [2021-05-31 06:00:48,414]: *** sta3-wlan1: Scanning for ap1-ssid
INFO     [2021-05-31 06:00:48,528]: *** sta1-wlan1: Scan detected ap1-ssid in range (signal: -89.0 / -80.0)
INFO     [2021-05-31 06:00:48,541]: *** sta3-wlan1: Scan detected ap1-ssid in range (signal: -89.0 / -80.0)
INFO     [2021-05-31 06:00:48,754]: *** sta1-wlan1: Scanning for ap1-ssid
INFO     [2021-05-31 06:00:49,533]: *** sta1-wlan1: Scan detected ap1-ssid in range (signal: -90.0 / -80.0)
INFO     [2021-05-31 06:00:49,547]: *** sta3-wlan1: Scan detected ap1-ssid in range (signal: -89.0 / -80.0)
INFO     [2021-05-31 06:00:50,538]: *** sta1-wlan1: Scan detected ap1-ssid in range (signal: -90.0 / -80.0)
INFO     [2021-05-31 06:00:50,554]: *** sta3-wlan1: Scan detected ap1-ssid in range (signal: -89.0 / -80.0)
INFO     [2021-05-31 06:00:51,544]: *** sta1-wlan1: Scan detected ap1-ssid in range (signal: -90.0 / -80.0)
INFO     [2021-05-31 06:00:51,559]: *** sta3-wlan1: Scan detected ap1-ssid in range (signal: -89.0 / -80.0)
INFO     [2021-05-31 06:00:52,551]: *** sta1-wlan1: Scan detected ap1-ssid in range (signal: -90.0 / -80.0)
INFO     [2021-05-31 06:00:52,570]: *** sta3-wlan1: Scan detected ap1-ssid in range (signal: -89.0 / -80.0)
INFO     [2021-05-31 06:00:53,569]: *** sta1-wlan1: Scan detected ap1-ssid in range (signal: -90.0 / -80.0)
INFO     [2021-05-31 06:00:53,574]: *** sta3-wlan1: Scan detected ap1-ssid in range (signal: -89.0 / -80.0)
INFO     [2021-05-31 06:00:54,573]: *** sta1-wlan1: Scan detected ap1-ssid in range (signal: -90.0 / -80.0)
INFO     [2021-05-31 06:00:54,579]: *** sta3-wlan1: Scan detected ap1-ssid in range (signal: -89.0 / -80.0)
INFO     [2021-05-31 06:00:54,854]: *** sta3-wlan1: Scanning for ap1-ssid
INFO     [2021-05-31 06:00:54,854]: *** sta1-wlan1: Scanning for ap1-ssid
INFO     [2021-05-31 06:00:55,578]: *** sta1-wlan1: Scan detected ap1-ssid in range (signal: -89.0 / -80.0)
INFO     [2021-05-31 06:00:55,584]: *** sta3-wlan1: Scan detected ap1-ssid in range (signal: -89.0 / -80.0)
INFO     [2021-05-31 06:00:56,583]: *** sta1-wlan1: Scan detected ap1-ssid in range (signal: -89.0 / -80.0)
INFO     [2021-05-31 06:00:56,589]: *** sta3-wlan1: Scan detected ap1-ssid in range (signal: -89.0 / -80.0)
INFO     [2021-05-31 06:00:57,589]: *** sta1-wlan1: Scan detected ap1-ssid in range (signal: -89.0 / -80.0)
INFO     [2021-05-31 06:00:57,594]: *** sta3-wlan1: Scan detected ap1-ssid in range (signal: -89.0 / -80.0)
INFO     [2021-05-31 06:00:58,595]: *** sta1-wlan1: Scan detected ap1-ssid in range (signal: -89.0 / -80.0)
INFO     [2021-05-31 06:00:58,598]: *** sta3-wlan1: Scan detected ap1-ssid in range (signal: -89.0 / -80.0)
INFO     [2021-05-31 06:00:59,601]: *** sta1-wlan1: Scan detected ap1-ssid in range (signal: -89.0 / -80.0)
INFO     [2021-05-31 06:00:59,603]: *** sta3-wlan1: Scan detected ap1-ssid in range (signal: -89.0 / -80.0)
INFO     [2021-05-31 06:01:00,608]: *** sta1-wlan1: Scan detected ap1-ssid in range (signal: -89.0 / -80.0)
INFO     [2021-05-31 06:01:00,609]: *** sta3-wlan1: Scan detected ap1-ssid in range (signal: -89.0 / -80.0)
INFO     [2021-05-31 06:01:01,613]: *** sta1-wlan1: Scan detected ap1-ssid in range (signal: -89.0 / -80.0)
INFO     [2021-05-31 06:01:01,674]: *** sta3-wlan1: Scanning for ap1-ssid
INFO     [2021-05-31 06:01:01,675]: *** sta1-wlan1: Scanning for ap1-ssid
INFO     [2021-05-31 06:01:02,622]: *** sta1-wlan1: Scan detected ap1-ssid in range (signal: -85.0 / -80.0)
INFO     [2021-05-31 06:01:02,622]: *** sta3-wlan1: Scan detected ap1-ssid in range (signal: -89.0 / -80.0)
INFO     [2021-05-31 06:01:03,628]: *** sta1-wlan1: Scan detected ap1-ssid in range (signal: -85.0 / -80.0)
INFO     [2021-05-31 06:01:04,633]: *** sta1-wlan1: Scan detected ap1-ssid in range (signal: -85.0 / -80.0)
INFO     [2021-05-31 06:01:05,637]: *** sta1-wlan1: Scan detected ap1-ssid in range (signal: -85.0 / -80.0)
INFO     [2021-05-31 06:01:06,641]: *** sta1-wlan1: Scan detected ap1-ssid in range (signal: -85.0 / -80.0)
INFO     [2021-05-31 06:01:07,645]: *** sta1-wlan1: Scan detected ap1-ssid in range (signal: -85.0 / -80.0)
INFO     [2021-05-31 06:01:08,440]: *** sta3-wlan1: Scanning for ap1-ssid
INFO     [2021-05-31 06:01:08,440]: *** sta1-wlan1: Scanning for ap1-ssid
INFO     [2021-05-31 06:01:08,652]: *** sta1-wlan1: Scan detected ap1-ssid in range (signal: -90.0 / -80.0)
INFO     [2021-05-31 06:01:09,646]: *** sta3-wlan1: Scan detected ap1-ssid in range (signal: -90.0 / -80.0)
INFO     [2021-05-31 06:01:09,658]: *** sta1-wlan1: Scan detected ap1-ssid in range (signal: -90.0 / -80.0)
INFO     [2021-05-31 06:01:10,660]: *** sta3-wlan1: Scan detected ap1-ssid in range (signal: -90.0 / -80.0)
INFO     [2021-05-31 06:01:10,663]: *** sta1-wlan1: Scan detected ap1-ssid in range (signal: -90.0 / -80.0)
INFO     [2021-05-31 06:01:11,665]: *** sta3-wlan1: Scan detected ap1-ssid in range (signal: -90.0 / -80.0)
INFO     [2021-05-31 06:01:11,668]: *** sta1-wlan1: Scan detected ap1-ssid in range (signal: -90.0 / -80.0)
INFO     [2021-05-31 06:01:12,669]: *** sta3-wlan1: Scan detected ap1-ssid in range (signal: -90.0 / -80.0)
INFO     [2021-05-31 06:01:12,675]: *** sta1-wlan1: Scan detected ap1-ssid in range (signal: -90.0 / -80.0)
INFO     [2021-05-31 06:01:13,675]: *** sta3-wlan1: Scan detected ap1-ssid in range (signal: -90.0 / -80.0)
INFO     [2021-05-31 06:01:13,683]: *** sta1-wlan1: Scan detected ap1-ssid in range (signal: -90.0 / -80.0)
INFO     [2021-05-31 06:01:14,682]: *** sta3-wlan1: Scan detected ap1-ssid in range (signal: -90.0 / -80.0)
INFO     [2021-05-31 06:01:14,689]: *** sta1-wlan1: Scan detected ap1-ssid in range (signal: -90.0 / -80.0)
INFO     [2021-05-31 06:01:15,265]: *** sta3-wlan1: Scanning for ap1-ssid
INFO     [2021-05-31 06:01:15,266]: *** sta1-wlan1: Scanning for ap1-ssid
INFO     [2021-05-31 06:01:15,688]: *** sta3-wlan1: Scan detected ap1-ssid in range (signal: -90.0 / -80.0)
INFO     [2021-05-31 06:01:15,693]: *** sta1-wlan1: Scan detected ap1-ssid in range (signal: -87.0 / -80.0)
INFO     [2021-05-31 06:01:16,696]: *** sta3-wlan1: Scan detected ap1-ssid in range (signal: -90.0 / -80.0)
INFO     [2021-05-31 06:01:16,705]: *** sta1-wlan1: Scan detected ap1-ssid in range (signal: -87.0 / -80.0)
INFO     [2021-05-31 06:01:17,721]: *** sta1-wlan1: Scan detected ap1-ssid in range (signal: -87.0 / -80.0)
INFO     [2021-05-31 06:01:18,735]: *** sta1-wlan1: Scan detected ap1-ssid in range (signal: -87.0 / -80.0)
INFO     [2021-05-31 06:01:19,719]: *** sta3-wlan1: Scan detected ap1-ssid in range (signal: -90.0 / -80.0)
INFO     [2021-05-31 06:01:19,741]: *** sta1-wlan1: Scan detected ap1-ssid in range (signal: -87.0 / -80.0)
INFO     [2021-05-31 06:01:20,737]: *** sta3-wlan1: Scan detected ap1-ssid in range (signal: -90.0 / -80.0)
INFO     [2021-05-31 06:01:20,750]: *** sta1-wlan1: Scan detected ap1-ssid in range (signal: -87.0 / -80.0)
INFO     [2021-05-31 06:01:21,743]: *** sta3-wlan1: Scan detected ap1-ssid in range (signal: -90.0 / -80.0)
INFO     [2021-05-31 06:01:21,759]: *** sta1-wlan1: Scan detected ap1-ssid in range (signal: -87.0 / -80.0)
INFO     [2021-05-31 06:01:22,041]: *** sta3-wlan1: Scanning for ap1-ssid
INFO     [2021-05-31 06:01:22,041]: *** sta1-wlan1: Scanning for ap1-ssid
INFO     [2021-05-31 06:01:22,752]: *** sta3-wlan1: Scan detected ap1-ssid in range (signal: -89.0 / -80.0)
INFO     [2021-05-31 06:01:22,765]: *** sta1-wlan1: Scan detected ap1-ssid in range (signal: -85.0 / -80.0)
INFO     [2021-05-31 06:01:23,757]: *** sta3-wlan1: Scan detected ap1-ssid in range (signal: -89.0 / -80.0)
INFO     [2021-05-31 06:01:23,769]: *** sta1-wlan1: Scan detected ap1-ssid in range (signal: -85.0 / -80.0)
INFO     [2021-05-31 06:01:24,773]: *** sta1-wlan1: Scan detected ap1-ssid in range (signal: -85.0 / -80.0)
INFO     [2021-05-31 06:01:25,776]: *** sta1-wlan1: Scan detected ap1-ssid in range (signal: -85.0 / -80.0)
INFO     [2021-05-31 06:01:26,781]: *** sta1-wlan1: Scan detected ap1-ssid in range (signal: -85.0 / -80.0)
INFO     [2021-05-31 06:01:27,788]: *** sta1-wlan1: Scan detected ap1-ssid in range (signal: -85.0 / -80.0)
INFO     [2021-05-31 06:01:28,793]: *** sta1-wlan1: Scan detected ap1-ssid in range (signal: -85.0 / -80.0)
INFO     [2021-05-31 06:01:28,906]: *** sta1-wlan1: Scanning for ap1-ssid
INFO     [2021-05-31 06:01:28,907]: *** sta3-wlan1: Scanning for ap1-ssid
INFO     [2021-05-31 06:01:29,805]: *** sta1-wlan1: Scan detected ap1-ssid in range (signal: -90.0 / -80.0)
INFO     [2021-05-31 06:01:30,814]: *** sta1-wlan1: Scan detected ap1-ssid in range (signal: -90.0 / -80.0)
INFO     [2021-05-31 06:01:31,820]: *** sta1-wlan1: Scan detected ap1-ssid in range (signal: -90.0 / -80.0)
INFO     [2021-05-31 06:01:32,828]: *** sta1-wlan1: Scan detected ap1-ssid in range (signal: -90.0 / -80.0)
INFO     [2021-05-31 06:01:33,836]: *** sta1-wlan1: Scan detected ap1-ssid in range (signal: -90.0 / -80.0)
INFO     [2021-05-31 06:01:34,841]: *** sta1-wlan1: Scan detected ap1-ssid in range (signal: -90.0 / -80.0)
INFO     [2021-05-31 06:01:35,678]: *** sta1-wlan1: Scanning for ap1-ssid
INFO     [2021-05-31 06:01:35,692]: *** sta3-wlan1: Scanning for ap1-ssid
INFO     [2021-05-31 06:01:35,847]: *** sta1-wlan1: Scan detected ap1-ssid in range (signal: -85.0 / -80.0)
INFO     [2021-05-31 06:01:36,853]: *** sta1-wlan1: Scan detected ap1-ssid in range (signal: -85.0 / -80.0)
INFO     [2021-05-31 06:01:37,822]: *** sta3-wlan1: Scan detected ap1-ssid in range (signal: -86.0 / -80.0)
INFO     [2021-05-31 06:01:37,858]: *** sta1-wlan1: Scan detected ap1-ssid in range (signal: -85.0 / -80.0)
INFO     [2021-05-31 06:01:38,866]: *** sta1-wlan1: Scan detected ap1-ssid in range (signal: -85.0 / -80.0)
INFO     [2021-05-31 06:01:39,875]: *** sta1-wlan1: Scan detected ap1-ssid in range (signal: -85.0 / -80.0)
INFO     [2021-05-31 06:01:40,882]: *** sta1-wlan1: Scan detected ap1-ssid in range (signal: -85.0 / -80.0)
INFO     [2021-05-31 06:01:41,888]: *** sta1-wlan1: Scan detected ap1-ssid in range (signal: -85.0 / -80.0)
INFO     [2021-05-31 06:01:42,686]: *** sta1-wlan1: Scanning for ap1-ssid
INFO     [2021-05-31 06:01:42,688]: *** sta3-wlan1: Scanning for ap1-ssid
INFO     [2021-05-31 06:01:42,895]: *** sta1-wlan1: Scan detected ap1-ssid in range (signal: -84.0 / -80.0)
INFO     [2021-05-31 06:01:43,902]: *** sta1-wlan1: Scan detected ap1-ssid in range (signal: -84.0 / -80.0)
INFO     [2021-05-31 06:01:44,908]: *** sta1-wlan1: Scan detected ap1-ssid in range (signal: -84.0 / -80.0)
INFO     [2021-05-31 06:01:45,918]: *** sta1-wlan1: Scan detected ap1-ssid in range (signal: -84.0 / -80.0)
INFO     [2021-05-31 06:01:46,924]: *** sta1-wlan1: Scan detected ap1-ssid in range (signal: -84.0 / -80.0)
INFO     [2021-05-31 06:01:47,930]: *** sta1-wlan1: Scan detected ap1-ssid in range (signal: -84.0 / -80.0)
INFO     [2021-05-31 06:01:48,935]: *** sta1-wlan1: Scan detected ap1-ssid in range (signal: -84.0 / -80.0)
INFO     [2021-05-31 06:01:49,429]: *** sta1-wlan1: Scanning for ap1-ssid
INFO     [2021-05-31 06:01:49,456]: *** sta3-wlan1: Scanning for ap1-ssid
INFO     [2021-05-31 06:01:49,944]: *** sta1-wlan1: Scan detected ap1-ssid in range (signal: -87.0 / -80.0)
INFO     [2021-05-31 06:01:50,949]: *** sta1-wlan1: Scan detected ap1-ssid in range (signal: -87.0 / -80.0)
INFO     [2021-05-31 06:01:51,953]: *** sta1-wlan1: Scan detected ap1-ssid in range (signal: -87.0 / -80.0)
INFO     [2021-05-31 06:01:52,970]: *** sta1-wlan1: Scan detected ap1-ssid in range (signal: -87.0 / -80.0)
INFO     [2021-05-31 06:01:53,976]: *** sta1-wlan1: Scan detected ap1-ssid in range (signal: -87.0 / -80.0)
INFO     [2021-05-31 06:01:54,983]: *** sta1-wlan1: Scan detected ap1-ssid in range (signal: -87.0 / -80.0)
INFO     [2021-05-31 06:01:55,990]: *** sta1-wlan1: Scan detected ap1-ssid in range (signal: -87.0 / -80.0)
INFO     [2021-05-31 06:01:56,241]: *** sta1-wlan1: Scanning for ap1-ssid
INFO     [2021-05-31 06:01:56,254]: *** sta3-wlan1: Scanning for ap1-ssid
INFO     [2021-05-31 06:01:56,995]: *** sta1-wlan1: Scan detected ap1-ssid in range (signal: -77.0 / -80.0)
INFO     [2021-05-31 06:02:00,765]: *** sta1-wlan0: Connected interface to ap1-ssid
INFO     [2021-05-31 06:02:03,005]: *** sta3-wlan1: Scanning for ap1-ssid
INFO     [2021-05-31 06:02:09,790]: *** sta3-wlan1: Scanning for ap1-ssid
INFO     [2021-05-31 06:02:16,578]: *** sta3-wlan1: Scanning for ap1-ssid
INFO     [2021-05-31 06:02:23,334]: *** sta3-wlan1: Scanning for ap1-ssid
INFO     [2021-05-31 06:02:30,122]: *** sta3-wlan1: Scanning for ap1-ssid
INFO     [2021-05-31 06:02:36,918]: *** sta3-wlan1: Scanning for ap1-ssid
INFO     [2021-05-31 06:02:44,084]: *** sta3-wlan1: Scanning for ap1-ssid
INFO     [2021-05-31 06:02:51,040]: *** sta3-wlan1: Scanning for ap1-ssid
INFO     [2021-05-31 06:02:57,900]: *** sta3-wlan1: Scanning for ap1-ssid
INFO     [2021-05-31 06:03:05,082]: *** sta3-wlan1: Scanning for ap1-ssid
INFO     [2021-05-31 06:03:12,081]: *** sta3-wlan1: Scanning for ap1-ssid
INFO     [2021-05-31 06:03:19,131]: *** sta3-wlan1: Scanning for ap1-ssid
INFO     [2021-05-31 06:03:25,741]: *** sta3-wlan1: Scan detected ap1-ssid in range (signal: -76.0 / -80.0)
