INFO     [2021-05-31 03:53:24,319]: *** sta1-wlan0: Started flexible_sdn.py
INFO     [2021-05-31 03:53:24,323]: *** sta1: Interface: sta1-wlan0, Scan-interface: sta1-wlan1
INFO     [2021-05-31 03:53:24,332]: *** sta3-wlan0: Started flexible_sdn.py
INFO     [2021-05-31 03:53:24,334]: *** sta3: Interface: sta3-wlan0, Scan-interface: sta3-wlan1
INFO     [2021-05-31 03:55:26,323]: *** sta1-wlan1: Scanner started. Searching for ap1-ssid with interval 2.0
INFO     [2021-05-31 03:55:26,328]: *** sta1-wlan0: Set type to ibss
INFO     [2021-05-31 03:55:26,330]: *** sta1-wlan0: Set ip link up
INFO     [2021-05-31 03:55:26,332]: *** sta1-wlan0: Join ibss adhocNet
INFO     [2021-05-31 03:55:28,325]: *** sta1-wlan1: Scanning for ap1-ssid
INFO     [2021-05-31 03:55:34,088]: *** sta1-wlan1: Scanning for ap1-ssid
INFO     [2021-05-31 03:55:35,487]: *** sta1-wlan0: Starting OLSR
INFO     [2021-05-31 03:55:35,497]: *** sta1-wlan0: Started olsrd in the background (PID: )
INFO     [2021-05-31 03:55:36,501]: *** sta1-wlan1: Scan detected ap1-ssid in range (signal: -84.0 / -80.0)
INFO     [2021-05-31 03:55:37,509]: *** sta1-wlan1: Scan detected ap1-ssid in range (signal: -84.0 / -80.0)
INFO     [2021-05-31 03:55:38,380]: *** sta3-wlan1: Scanner started. Searching for ap1-ssid with interval 2.0
INFO     [2021-05-31 03:55:38,387]: *** sta3-wlan0: Set type to ibss
INFO     [2021-05-31 03:55:38,391]: *** sta3-wlan0: Set ip link up
INFO     [2021-05-31 03:55:38,393]: *** sta3-wlan0: Join ibss adhocNet
INFO     [2021-05-31 03:55:38,514]: *** sta1-wlan1: Scan detected ap1-ssid in range (signal: -84.0 / -80.0)
INFO     [2021-05-31 03:55:39,519]: *** sta1-wlan1: Scan detected ap1-ssid in range (signal: -84.0 / -80.0)
INFO     [2021-05-31 03:55:39,874]: *** sta1-wlan1: Scanning for ap1-ssid
INFO     [2021-05-31 03:55:40,382]: *** sta3-wlan1: Scanning for ap1-ssid
INFO     [2021-05-31 03:55:40,525]: *** sta1-wlan1: Scan detected ap1-ssid in range (signal: -86.0 / -80.0)
INFO     [2021-05-31 03:55:41,529]: *** sta1-wlan1: Scan detected ap1-ssid in range (signal: -86.0 / -80.0)
INFO     [2021-05-31 03:55:42,534]: *** sta1-wlan1: Scan detected ap1-ssid in range (signal: -86.0 / -80.0)
INFO     [2021-05-31 03:55:43,543]: *** sta1-wlan1: Scan detected ap1-ssid in range (signal: -86.0 / -80.0)
INFO     [2021-05-31 03:55:44,454]: *** sta3-wlan0: Starting OLSR
INFO     [2021-05-31 03:55:44,467]: *** sta3-wlan0: Started olsrd in the background (PID: )
INFO     [2021-05-31 03:55:44,551]: *** sta1-wlan1: Scan detected ap1-ssid in range (signal: -86.0 / -80.0)
INFO     [2021-05-31 03:55:45,472]: *** sta3-wlan1: Scan detected ap1-ssid in range (signal: -84.0 / -80.0)
INFO     [2021-05-31 03:55:45,560]: *** sta1-wlan1: Scan detected ap1-ssid in range (signal: -86.0 / -80.0)
INFO     [2021-05-31 03:55:45,669]: *** sta1-wlan1: Scanning for ap1-ssid
INFO     [2021-05-31 03:55:46,164]: *** sta3-wlan1: Scanning for ap1-ssid
INFO     [2021-05-31 03:55:46,487]: *** sta3-wlan1: Scan detected ap1-ssid in range (signal: -90.0 / -80.0)
INFO     [2021-05-31 03:55:46,566]: *** sta1-wlan1: Scan detected ap1-ssid in range (signal: -87.0 / -80.0)
INFO     [2021-05-31 03:55:47,500]: *** sta3-wlan1: Scan detected ap1-ssid in range (signal: -90.0 / -80.0)
INFO     [2021-05-31 03:55:47,589]: *** sta1-wlan1: Scan detected ap1-ssid in range (signal: -87.0 / -80.0)
INFO     [2021-05-31 03:55:48,508]: *** sta3-wlan1: Scan detected ap1-ssid in range (signal: -90.0 / -80.0)
INFO     [2021-05-31 03:55:48,628]: *** sta1-wlan1: Scan detected ap1-ssid in range (signal: -87.0 / -80.0)
INFO     [2021-05-31 03:55:49,520]: *** sta3-wlan1: Scan detected ap1-ssid in range (signal: -90.0 / -80.0)
INFO     [2021-05-31 03:55:49,634]: *** sta1-wlan1: Scan detected ap1-ssid in range (signal: -87.0 / -80.0)
INFO     [2021-05-31 03:55:50,532]: *** sta3-wlan1: Scan detected ap1-ssid in range (signal: -90.0 / -80.0)
INFO     [2021-05-31 03:55:50,639]: *** sta1-wlan1: Scan detected ap1-ssid in range (signal: -87.0 / -80.0)
INFO     [2021-05-31 03:55:51,538]: *** sta3-wlan1: Scan detected ap1-ssid in range (signal: -90.0 / -80.0)
INFO     [2021-05-31 03:55:51,650]: *** sta1-wlan1: Scan detected ap1-ssid in range (signal: -87.0 / -80.0)
INFO     [2021-05-31 03:55:51,672]: *** sta1-wlan1: Scanning for ap1-ssid
INFO     [2021-05-31 03:55:52,124]: *** sta3-wlan1: Scanning for ap1-ssid
INFO     [2021-05-31 03:55:52,543]: *** sta3-wlan1: Scan detected ap1-ssid in range (signal: -90.0 / -80.0)
INFO     [2021-05-31 03:55:52,655]: *** sta1-wlan1: Scan detected ap1-ssid in range (signal: -88.0 / -80.0)
INFO     [2021-05-31 03:55:53,561]: *** sta3-wlan1: Scan detected ap1-ssid in range (signal: -90.0 / -80.0)
INFO     [2021-05-31 03:55:53,668]: *** sta1-wlan1: Scan detected ap1-ssid in range (signal: -88.0 / -80.0)
INFO     [2021-05-31 03:55:54,566]: *** sta3-wlan1: Scan detected ap1-ssid in range (signal: -90.0 / -80.0)
INFO     [2021-05-31 03:55:54,673]: *** sta1-wlan1: Scan detected ap1-ssid in range (signal: -88.0 / -80.0)
INFO     [2021-05-31 03:55:55,570]: *** sta3-wlan1: Scan detected ap1-ssid in range (signal: -90.0 / -80.0)
INFO     [2021-05-31 03:55:55,677]: *** sta1-wlan1: Scan detected ap1-ssid in range (signal: -88.0 / -80.0)
INFO     [2021-05-31 03:55:56,578]: *** sta3-wlan1: Scan detected ap1-ssid in range (signal: -90.0 / -80.0)
INFO     [2021-05-31 03:55:56,682]: *** sta1-wlan1: Scan detected ap1-ssid in range (signal: -88.0 / -80.0)
INFO     [2021-05-31 03:55:57,452]: *** sta1-wlan1: Scanning for ap1-ssid
INFO     [2021-05-31 03:55:57,583]: *** sta3-wlan1: Scan detected ap1-ssid in range (signal: -90.0 / -80.0)
INFO     [2021-05-31 03:55:57,686]: *** sta1-wlan1: Scan detected ap1-ssid in range (signal: -85.0 / -80.0)
INFO     [2021-05-31 03:55:57,902]: *** sta3-wlan1: Scanning for ap1-ssid
INFO     [2021-05-31 03:55:58,589]: *** sta3-wlan1: Scan detected ap1-ssid in range (signal: -83.0 / -80.0)
INFO     [2021-05-31 03:55:58,691]: *** sta1-wlan1: Scan detected ap1-ssid in range (signal: -85.0 / -80.0)
INFO     [2021-05-31 03:55:59,597]: *** sta3-wlan1: Scan detected ap1-ssid in range (signal: -83.0 / -80.0)
INFO     [2021-05-31 03:55:59,696]: *** sta1-wlan1: Scan detected ap1-ssid in range (signal: -85.0 / -80.0)
INFO     [2021-05-31 03:56:00,603]: *** sta3-wlan1: Scan detected ap1-ssid in range (signal: -83.0 / -80.0)
INFO     [2021-05-31 03:56:00,706]: *** sta1-wlan1: Scan detected ap1-ssid in range (signal: -85.0 / -80.0)
INFO     [2021-05-31 03:56:01,608]: *** sta3-wlan1: Scan detected ap1-ssid in range (signal: -83.0 / -80.0)
INFO     [2021-05-31 03:56:01,710]: *** sta1-wlan1: Scan detected ap1-ssid in range (signal: -85.0 / -80.0)
INFO     [2021-05-31 03:56:02,623]: *** sta3-wlan1: Scan detected ap1-ssid in range (signal: -83.0 / -80.0)
INFO     [2021-05-31 03:56:02,717]: *** sta1-wlan1: Scan detected ap1-ssid in range (signal: -85.0 / -80.0)
INFO     [2021-05-31 03:56:03,220]: *** sta1-wlan1: Scanning for ap1-ssid
INFO     [2021-05-31 03:56:03,629]: *** sta3-wlan1: Scan detected ap1-ssid in range (signal: -83.0 / -80.0)
INFO     [2021-05-31 03:56:03,672]: *** sta3-wlan1: Scanning for ap1-ssid
INFO     [2021-05-31 03:56:03,725]: *** sta1-wlan1: Scan detected ap1-ssid in range (signal: -85.0 / -80.0)
INFO     [2021-05-31 03:56:04,643]: *** sta3-wlan1: Scan detected ap1-ssid in range (signal: -89.0 / -80.0)
INFO     [2021-05-31 03:56:04,730]: *** sta1-wlan1: Scan detected ap1-ssid in range (signal: -85.0 / -80.0)
INFO     [2021-05-31 03:56:05,649]: *** sta3-wlan1: Scan detected ap1-ssid in range (signal: -89.0 / -80.0)
INFO     [2021-05-31 03:56:05,737]: *** sta1-wlan1: Scan detected ap1-ssid in range (signal: -85.0 / -80.0)
INFO     [2021-05-31 03:56:06,656]: *** sta3-wlan1: Scan detected ap1-ssid in range (signal: -89.0 / -80.0)
INFO     [2021-05-31 03:56:06,742]: *** sta1-wlan1: Scan detected ap1-ssid in range (signal: -85.0 / -80.0)
INFO     [2021-05-31 03:56:07,661]: *** sta3-wlan1: Scan detected ap1-ssid in range (signal: -89.0 / -80.0)
INFO     [2021-05-31 03:56:07,747]: *** sta1-wlan1: Scan detected ap1-ssid in range (signal: -85.0 / -80.0)
INFO     [2021-05-31 03:56:08,665]: *** sta3-wlan1: Scan detected ap1-ssid in range (signal: -89.0 / -80.0)
INFO     [2021-05-31 03:56:08,756]: *** sta1-wlan1: Scan detected ap1-ssid in range (signal: -85.0 / -80.0)
INFO     [2021-05-31 03:56:09,009]: *** sta1-wlan1: Scanning for ap1-ssid
INFO     [2021-05-31 03:56:09,531]: *** sta3-wlan1: Scanning for ap1-ssid
INFO     [2021-05-31 03:56:09,669]: *** sta3-wlan1: Scan detected ap1-ssid in range (signal: -89.0 / -80.0)
INFO     [2021-05-31 03:56:09,762]: *** sta1-wlan1: Scan detected ap1-ssid in range (signal: -85.0 / -80.0)
INFO     [2021-05-31 03:56:10,673]: *** sta3-wlan1: Scan detected ap1-ssid in range (signal: -89.0 / -80.0)
INFO     [2021-05-31 03:56:10,767]: *** sta1-wlan1: Scan detected ap1-ssid in range (signal: -85.0 / -80.0)
INFO     [2021-05-31 03:56:11,678]: *** sta3-wlan1: Scan detected ap1-ssid in range (signal: -89.0 / -80.0)
INFO     [2021-05-31 03:56:11,772]: *** sta1-wlan1: Scan detected ap1-ssid in range (signal: -85.0 / -80.0)
INFO     [2021-05-31 03:56:12,681]: *** sta3-wlan1: Scan detected ap1-ssid in range (signal: -89.0 / -80.0)
INFO     [2021-05-31 03:56:12,776]: *** sta1-wlan1: Scan detected ap1-ssid in range (signal: -85.0 / -80.0)
INFO     [2021-05-31 03:56:13,687]: *** sta3-wlan1: Scan detected ap1-ssid in range (signal: -89.0 / -80.0)
INFO     [2021-05-31 03:56:13,780]: *** sta1-wlan1: Scan detected ap1-ssid in range (signal: -85.0 / -80.0)
INFO     [2021-05-31 03:56:14,694]: *** sta3-wlan1: Scan detected ap1-ssid in range (signal: -89.0 / -80.0)
INFO     [2021-05-31 03:56:14,790]: *** sta1-wlan1: Scan detected ap1-ssid in range (signal: -85.0 / -80.0)
INFO     [2021-05-31 03:56:14,872]: *** sta1-wlan1: Scanning for ap1-ssid
INFO     [2021-05-31 03:56:15,329]: *** sta3-wlan1: Scanning for ap1-ssid
INFO     [2021-05-31 03:56:15,709]: *** sta3-wlan1: Scan detected ap1-ssid in range (signal: -90.0 / -80.0)
INFO     [2021-05-31 03:56:15,797]: *** sta1-wlan1: Scan detected ap1-ssid in range (signal: -89.0 / -80.0)
INFO     [2021-05-31 03:56:16,713]: *** sta3-wlan1: Scan detected ap1-ssid in range (signal: -90.0 / -80.0)
INFO     [2021-05-31 03:56:16,806]: *** sta1-wlan1: Scan detected ap1-ssid in range (signal: -89.0 / -80.0)
INFO     [2021-05-31 03:56:17,718]: *** sta3-wlan1: Scan detected ap1-ssid in range (signal: -90.0 / -80.0)
INFO     [2021-05-31 03:56:17,810]: *** sta1-wlan1: Scan detected ap1-ssid in range (signal: -89.0 / -80.0)
INFO     [2021-05-31 03:56:18,722]: *** sta3-wlan1: Scan detected ap1-ssid in range (signal: -90.0 / -80.0)
INFO     [2021-05-31 03:56:18,815]: *** sta1-wlan1: Scan detected ap1-ssid in range (signal: -89.0 / -80.0)
INFO     [2021-05-31 03:56:19,727]: *** sta3-wlan1: Scan detected ap1-ssid in range (signal: -90.0 / -80.0)
INFO     [2021-05-31 03:56:19,821]: *** sta1-wlan1: Scan detected ap1-ssid in range (signal: -89.0 / -80.0)
INFO     [2021-05-31 03:56:20,700]: *** sta1-wlan1: Scanning for ap1-ssid
INFO     [2021-05-31 03:56:20,754]: *** sta3-wlan1: Scan detected ap1-ssid in range (signal: -90.0 / -80.0)
INFO     [2021-05-31 03:56:20,825]: *** sta1-wlan1: Scan detected ap1-ssid in range (signal: -89.0 / -80.0)
INFO     [2021-05-31 03:56:21,220]: *** sta3-wlan1: Scanning for ap1-ssid
INFO     [2021-05-31 03:56:21,760]: *** sta3-wlan1: Scan detected ap1-ssid in range (signal: -90.0 / -80.0)
INFO     [2021-05-31 03:56:21,830]: *** sta1-wlan1: Scan detected ap1-ssid in range (signal: -89.0 / -80.0)
INFO     [2021-05-31 03:56:22,766]: *** sta3-wlan1: Scan detected ap1-ssid in range (signal: -90.0 / -80.0)
INFO     [2021-05-31 03:56:22,848]: *** sta1-wlan1: Scan detected ap1-ssid in range (signal: -89.0 / -80.0)
INFO     [2021-05-31 03:56:23,772]: *** sta3-wlan1: Scan detected ap1-ssid in range (signal: -90.0 / -80.0)
INFO     [2021-05-31 03:56:23,854]: *** sta1-wlan1: Scan detected ap1-ssid in range (signal: -89.0 / -80.0)
INFO     [2021-05-31 03:56:24,776]: *** sta3-wlan1: Scan detected ap1-ssid in range (signal: -90.0 / -80.0)
INFO     [2021-05-31 03:56:24,861]: *** sta1-wlan1: Scan detected ap1-ssid in range (signal: -89.0 / -80.0)
INFO     [2021-05-31 03:56:25,781]: *** sta3-wlan1: Scan detected ap1-ssid in range (signal: -90.0 / -80.0)
INFO     [2021-05-31 03:56:25,869]: *** sta1-wlan1: Scan detected ap1-ssid in range (signal: -89.0 / -80.0)
INFO     [2021-05-31 03:56:26,503]: *** sta1-wlan1: Scanning for ap1-ssid
INFO     [2021-05-31 03:56:26,786]: *** sta3-wlan1: Scan detected ap1-ssid in range (signal: -90.0 / -80.0)
INFO     [2021-05-31 03:56:26,874]: *** sta1-wlan1: Scan detected ap1-ssid in range (signal: -89.0 / -80.0)
INFO     [2021-05-31 03:56:26,989]: *** sta3-wlan1: Scanning for ap1-ssid
INFO     [2021-05-31 03:56:27,793]: *** sta3-wlan1: Scan detected ap1-ssid in range (signal: -90.0 / -80.0)
INFO     [2021-05-31 03:56:27,892]: *** sta1-wlan1: Scan detected ap1-ssid in range (signal: -89.0 / -80.0)
INFO     [2021-05-31 03:56:28,799]: *** sta3-wlan1: Scan detected ap1-ssid in range (signal: -90.0 / -80.0)
INFO     [2021-05-31 03:56:28,898]: *** sta1-wlan1: Scan detected ap1-ssid in range (signal: -89.0 / -80.0)
INFO     [2021-05-31 03:56:29,808]: *** sta3-wlan1: Scan detected ap1-ssid in range (signal: -90.0 / -80.0)
INFO     [2021-05-31 03:56:29,902]: *** sta1-wlan1: Scan detected ap1-ssid in range (signal: -89.0 / -80.0)
INFO     [2021-05-31 03:56:30,820]: *** sta3-wlan1: Scan detected ap1-ssid in range (signal: -90.0 / -80.0)
INFO     [2021-05-31 03:56:30,907]: *** sta1-wlan1: Scan detected ap1-ssid in range (signal: -89.0 / -80.0)
INFO     [2021-05-31 03:56:31,826]: *** sta3-wlan1: Scan detected ap1-ssid in range (signal: -90.0 / -80.0)
INFO     [2021-05-31 03:56:31,917]: *** sta1-wlan1: Scan detected ap1-ssid in range (signal: -89.0 / -80.0)
INFO     [2021-05-31 03:56:32,322]: *** sta1-wlan1: Scanning for ap1-ssid
INFO     [2021-05-31 03:56:32,800]: *** sta3-wlan1: Scanning for ap1-ssid
INFO     [2021-05-31 03:56:32,833]: *** sta3-wlan1: Scan detected ap1-ssid in range (signal: -90.0 / -80.0)
INFO     [2021-05-31 03:56:32,922]: *** sta1-wlan1: Scan detected ap1-ssid in range (signal: -89.0 / -80.0)
INFO     [2021-05-31 03:56:33,842]: *** sta3-wlan1: Scan detected ap1-ssid in range (signal: -90.0 / -80.0)
INFO     [2021-05-31 03:56:33,926]: *** sta1-wlan1: Scan detected ap1-ssid in range (signal: -89.0 / -80.0)
INFO     [2021-05-31 03:56:34,848]: *** sta3-wlan1: Scan detected ap1-ssid in range (signal: -90.0 / -80.0)
INFO     [2021-05-31 03:56:34,937]: *** sta1-wlan1: Scan detected ap1-ssid in range (signal: -89.0 / -80.0)
INFO     [2021-05-31 03:56:35,852]: *** sta3-wlan1: Scan detected ap1-ssid in range (signal: -90.0 / -80.0)
INFO     [2021-05-31 03:56:35,941]: *** sta1-wlan1: Scan detected ap1-ssid in range (signal: -89.0 / -80.0)
INFO     [2021-05-31 03:56:36,857]: *** sta3-wlan1: Scan detected ap1-ssid in range (signal: -90.0 / -80.0)
INFO     [2021-05-31 03:56:36,947]: *** sta1-wlan1: Scan detected ap1-ssid in range (signal: -89.0 / -80.0)
INFO     [2021-05-31 03:56:37,862]: *** sta3-wlan1: Scan detected ap1-ssid in range (signal: -90.0 / -80.0)
INFO     [2021-05-31 03:56:37,953]: *** sta1-wlan1: Scan detected ap1-ssid in range (signal: -89.0 / -80.0)
INFO     [2021-05-31 03:56:38,092]: *** sta1-wlan1: Scanning for ap1-ssid
INFO     [2021-05-31 03:56:38,642]: *** sta3-wlan1: Scanning for ap1-ssid
INFO     [2021-05-31 03:56:38,870]: *** sta3-wlan1: Scan detected ap1-ssid in range (signal: -90.0 / -80.0)
INFO     [2021-05-31 03:56:38,959]: *** sta1-wlan1: Scan detected ap1-ssid in range (signal: -89.0 / -80.0)
INFO     [2021-05-31 03:56:39,875]: *** sta3-wlan1: Scan detected ap1-ssid in range (signal: -90.0 / -80.0)
INFO     [2021-05-31 03:56:39,964]: *** sta1-wlan1: Scan detected ap1-ssid in range (signal: -89.0 / -80.0)
INFO     [2021-05-31 03:56:40,879]: *** sta3-wlan1: Scan detected ap1-ssid in range (signal: -90.0 / -80.0)
INFO     [2021-05-31 03:56:40,968]: *** sta1-wlan1: Scan detected ap1-ssid in range (signal: -89.0 / -80.0)
INFO     [2021-05-31 03:56:41,884]: *** sta3-wlan1: Scan detected ap1-ssid in range (signal: -90.0 / -80.0)
INFO     [2021-05-31 03:56:41,976]: *** sta1-wlan1: Scan detected ap1-ssid in range (signal: -89.0 / -80.0)
INFO     [2021-05-31 03:56:42,889]: *** sta3-wlan1: Scan detected ap1-ssid in range (signal: -90.0 / -80.0)
INFO     [2021-05-31 03:56:42,983]: *** sta1-wlan1: Scan detected ap1-ssid in range (signal: -89.0 / -80.0)
INFO     [2021-05-31 03:56:43,893]: *** sta1-wlan1: Scanning for ap1-ssid
INFO     [2021-05-31 03:56:43,894]: *** sta3-wlan1: Scan detected ap1-ssid in range (signal: -90.0 / -80.0)
INFO     [2021-05-31 03:56:43,988]: *** sta1-wlan1: Scan detected ap1-ssid in range (signal: -89.0 / -80.0)
INFO     [2021-05-31 03:56:44,458]: *** sta3-wlan1: Scanning for ap1-ssid
INFO     [2021-05-31 03:56:44,899]: *** sta3-wlan1: Scan detected ap1-ssid in range (signal: -90.0 / -80.0)
INFO     [2021-05-31 03:56:44,993]: *** sta1-wlan1: Scan detected ap1-ssid in range (signal: -89.0 / -80.0)
INFO     [2021-05-31 03:56:45,904]: *** sta3-wlan1: Scan detected ap1-ssid in range (signal: -90.0 / -80.0)
INFO     [2021-05-31 03:56:45,997]: *** sta1-wlan1: Scan detected ap1-ssid in range (signal: -89.0 / -80.0)
INFO     [2021-05-31 03:56:46,911]: *** sta3-wlan1: Scan detected ap1-ssid in range (signal: -90.0 / -80.0)
INFO     [2021-05-31 03:56:47,001]: *** sta1-wlan1: Scan detected ap1-ssid in range (signal: -89.0 / -80.0)
INFO     [2021-05-31 03:56:47,915]: *** sta3-wlan1: Scan detected ap1-ssid in range (signal: -90.0 / -80.0)
INFO     [2021-05-31 03:56:48,007]: *** sta1-wlan1: Scan detected ap1-ssid in range (signal: -89.0 / -80.0)
INFO     [2021-05-31 03:56:48,920]: *** sta3-wlan1: Scan detected ap1-ssid in range (signal: -90.0 / -80.0)
INFO     [2021-05-31 03:56:49,011]: *** sta1-wlan1: Scan detected ap1-ssid in range (signal: -89.0 / -80.0)
INFO     [2021-05-31 03:56:49,710]: *** sta1-wlan1: Scanning for ap1-ssid
INFO     [2021-05-31 03:56:49,925]: *** sta3-wlan1: Scan detected ap1-ssid in range (signal: -90.0 / -80.0)
INFO     [2021-05-31 03:56:50,016]: *** sta1-wlan1: Scan detected ap1-ssid in range (signal: -89.0 / -80.0)
INFO     [2021-05-31 03:56:50,248]: *** sta3-wlan1: Scanning for ap1-ssid
INFO     [2021-05-31 03:56:50,930]: *** sta3-wlan1: Scan detected ap1-ssid in range (signal: -90.0 / -80.0)
INFO     [2021-05-31 03:56:51,936]: *** sta3-wlan1: Scan detected ap1-ssid in range (signal: -90.0 / -80.0)
INFO     [2021-05-31 03:56:52,943]: *** sta3-wlan1: Scan detected ap1-ssid in range (signal: -90.0 / -80.0)
INFO     [2021-05-31 03:56:53,949]: *** sta3-wlan1: Scan detected ap1-ssid in range (signal: -90.0 / -80.0)
INFO     [2021-05-31 03:56:54,953]: *** sta3-wlan1: Scan detected ap1-ssid in range (signal: -90.0 / -80.0)
INFO     [2021-05-31 03:56:55,501]: *** sta1-wlan1: Scanning for ap1-ssid
INFO     [2021-05-31 03:56:55,960]: *** sta3-wlan1: Scan detected ap1-ssid in range (signal: -90.0 / -80.0)
INFO     [2021-05-31 03:56:56,029]: *** sta3-wlan1: Scanning for ap1-ssid
INFO     [2021-05-31 03:56:56,965]: *** sta3-wlan1: Scan detected ap1-ssid in range (signal: -90.0 / -80.0)
INFO     [2021-05-31 03:56:57,970]: *** sta3-wlan1: Scan detected ap1-ssid in range (signal: -90.0 / -80.0)
INFO     [2021-05-31 03:56:58,975]: *** sta3-wlan1: Scan detected ap1-ssid in range (signal: -90.0 / -80.0)
INFO     [2021-05-31 03:56:59,981]: *** sta3-wlan1: Scan detected ap1-ssid in range (signal: -90.0 / -80.0)
INFO     [2021-05-31 03:57:00,996]: *** sta3-wlan1: Scan detected ap1-ssid in range (signal: -90.0 / -80.0)
INFO     [2021-05-31 03:57:01,252]: *** sta1-wlan1: Scanning for ap1-ssid
INFO     [2021-05-31 03:57:01,792]: *** sta3-wlan1: Scanning for ap1-ssid
INFO     [2021-05-31 03:57:02,003]: *** sta3-wlan1: Scan detected ap1-ssid in range (signal: -90.0 / -80.0)
INFO     [2021-05-31 03:57:03,007]: *** sta3-wlan1: Scan detected ap1-ssid in range (signal: -90.0 / -80.0)
INFO     [2021-05-31 03:57:04,011]: *** sta3-wlan1: Scan detected ap1-ssid in range (signal: -90.0 / -80.0)
INFO     [2021-05-31 03:57:05,017]: *** sta3-wlan1: Scan detected ap1-ssid in range (signal: -90.0 / -80.0)
INFO     [2021-05-31 03:57:06,032]: *** sta3-wlan1: Scan detected ap1-ssid in range (signal: -90.0 / -80.0)
INFO     [2021-05-31 03:57:07,020]: *** sta1-wlan1: Scanning for ap1-ssid
INFO     [2021-05-31 03:57:07,035]: *** sta3-wlan1: Scan detected ap1-ssid in range (signal: -90.0 / -80.0)
INFO     [2021-05-31 03:57:07,126]: *** sta1-wlan1: Scan detected ap1-ssid in range (signal: -90.0 / -80.0)
INFO     [2021-05-31 03:57:07,560]: *** sta3-wlan1: Scanning for ap1-ssid
INFO     [2021-05-31 03:57:08,040]: *** sta3-wlan1: Scan detected ap1-ssid in range (signal: -90.0 / -80.0)
INFO     [2021-05-31 03:57:08,132]: *** sta1-wlan1: Scan detected ap1-ssid in range (signal: -90.0 / -80.0)
INFO     [2021-05-31 03:57:09,058]: *** sta3-wlan1: Scan detected ap1-ssid in range (signal: -90.0 / -80.0)
INFO     [2021-05-31 03:57:09,136]: *** sta1-wlan1: Scan detected ap1-ssid in range (signal: -90.0 / -80.0)
INFO     [2021-05-31 03:57:10,063]: *** sta3-wlan1: Scan detected ap1-ssid in range (signal: -90.0 / -80.0)
INFO     [2021-05-31 03:57:10,140]: *** sta1-wlan1: Scan detected ap1-ssid in range (signal: -90.0 / -80.0)
INFO     [2021-05-31 03:57:11,068]: *** sta3-wlan1: Scan detected ap1-ssid in range (signal: -90.0 / -80.0)
INFO     [2021-05-31 03:57:11,146]: *** sta1-wlan1: Scan detected ap1-ssid in range (signal: -90.0 / -80.0)
INFO     [2021-05-31 03:57:12,073]: *** sta3-wlan1: Scan detected ap1-ssid in range (signal: -90.0 / -80.0)
INFO     [2021-05-31 03:57:12,152]: *** sta1-wlan1: Scan detected ap1-ssid in range (signal: -90.0 / -80.0)
INFO     [2021-05-31 03:57:12,829]: *** sta1-wlan1: Scanning for ap1-ssid
INFO     [2021-05-31 03:57:13,076]: *** sta3-wlan1: Scan detected ap1-ssid in range (signal: -90.0 / -80.0)
INFO     [2021-05-31 03:57:13,156]: *** sta1-wlan1: Scan detected ap1-ssid in range (signal: -90.0 / -80.0)
INFO     [2021-05-31 03:57:13,338]: *** sta3-wlan1: Scanning for ap1-ssid
INFO     [2021-05-31 03:57:14,084]: *** sta3-wlan1: Scan detected ap1-ssid in range (signal: -88.0 / -80.0)
INFO     [2021-05-31 03:57:14,162]: *** sta1-wlan1: Scan detected ap1-ssid in range (signal: -90.0 / -80.0)
INFO     [2021-05-31 03:57:15,089]: *** sta3-wlan1: Scan detected ap1-ssid in range (signal: -88.0 / -80.0)
INFO     [2021-05-31 03:57:15,167]: *** sta1-wlan1: Scan detected ap1-ssid in range (signal: -90.0 / -80.0)
INFO     [2021-05-31 03:57:16,093]: *** sta3-wlan1: Scan detected ap1-ssid in range (signal: -88.0 / -80.0)
INFO     [2021-05-31 03:57:16,172]: *** sta1-wlan1: Scan detected ap1-ssid in range (signal: -90.0 / -80.0)
INFO     [2021-05-31 03:57:17,096]: *** sta3-wlan1: Scan detected ap1-ssid in range (signal: -88.0 / -80.0)
INFO     [2021-05-31 03:57:17,176]: *** sta1-wlan1: Scan detected ap1-ssid in range (signal: -90.0 / -80.0)
INFO     [2021-05-31 03:57:18,100]: *** sta3-wlan1: Scan detected ap1-ssid in range (signal: -88.0 / -80.0)
INFO     [2021-05-31 03:57:18,180]: *** sta1-wlan1: Scan detected ap1-ssid in range (signal: -90.0 / -80.0)
INFO     [2021-05-31 03:57:18,600]: *** sta1-wlan1: Scanning for ap1-ssid
INFO     [2021-05-31 03:57:19,108]: *** sta3-wlan1: Scan detected ap1-ssid in range (signal: -88.0 / -80.0)
INFO     [2021-05-31 03:57:19,152]: *** sta3-wlan1: Scanning for ap1-ssid
INFO     [2021-05-31 03:57:19,187]: *** sta1-wlan1: Scan detected ap1-ssid in range (signal: -90.0 / -80.0)
INFO     [2021-05-31 03:57:20,113]: *** sta3-wlan1: Scan detected ap1-ssid in range (signal: -88.0 / -80.0)
INFO     [2021-05-31 03:57:20,192]: *** sta1-wlan1: Scan detected ap1-ssid in range (signal: -90.0 / -80.0)
INFO     [2021-05-31 03:57:21,119]: *** sta3-wlan1: Scan detected ap1-ssid in range (signal: -88.0 / -80.0)
INFO     [2021-05-31 03:57:21,200]: *** sta1-wlan1: Scan detected ap1-ssid in range (signal: -90.0 / -80.0)
INFO     [2021-05-31 03:57:22,127]: *** sta3-wlan1: Scan detected ap1-ssid in range (signal: -88.0 / -80.0)
INFO     [2021-05-31 03:57:22,213]: *** sta1-wlan1: Scan detected ap1-ssid in range (signal: -90.0 / -80.0)
INFO     [2021-05-31 03:57:23,132]: *** sta3-wlan1: Scan detected ap1-ssid in range (signal: -88.0 / -80.0)
INFO     [2021-05-31 03:57:23,219]: *** sta1-wlan1: Scan detected ap1-ssid in range (signal: -90.0 / -80.0)
INFO     [2021-05-31 03:57:24,138]: *** sta3-wlan1: Scan detected ap1-ssid in range (signal: -88.0 / -80.0)
INFO     [2021-05-31 03:57:24,225]: *** sta1-wlan1: Scan detected ap1-ssid in range (signal: -90.0 / -80.0)
INFO     [2021-05-31 03:57:24,346]: *** sta1-wlan1: Scanning for ap1-ssid
INFO     [2021-05-31 03:57:24,912]: *** sta3-wlan1: Scanning for ap1-ssid
INFO     [2021-05-31 03:57:25,145]: *** sta3-wlan1: Scan detected ap1-ssid in range (signal: -88.0 / -80.0)
INFO     [2021-05-31 03:57:25,229]: *** sta1-wlan1: Scan detected ap1-ssid in range (signal: -90.0 / -80.0)
INFO     [2021-05-31 03:57:26,150]: *** sta3-wlan1: Scan detected ap1-ssid in range (signal: -88.0 / -80.0)
INFO     [2021-05-31 03:57:26,236]: *** sta1-wlan1: Scan detected ap1-ssid in range (signal: -90.0 / -80.0)
INFO     [2021-05-31 03:57:27,155]: *** sta3-wlan1: Scan detected ap1-ssid in range (signal: -88.0 / -80.0)
INFO     [2021-05-31 03:57:27,242]: *** sta1-wlan1: Scan detected ap1-ssid in range (signal: -90.0 / -80.0)
INFO     [2021-05-31 03:57:28,161]: *** sta3-wlan1: Scan detected ap1-ssid in range (signal: -88.0 / -80.0)
INFO     [2021-05-31 03:57:28,247]: *** sta1-wlan1: Scan detected ap1-ssid in range (signal: -90.0 / -80.0)
INFO     [2021-05-31 03:57:29,166]: *** sta3-wlan1: Scan detected ap1-ssid in range (signal: -88.0 / -80.0)
INFO     [2021-05-31 03:57:29,253]: *** sta1-wlan1: Scan detected ap1-ssid in range (signal: -90.0 / -80.0)
INFO     [2021-05-31 03:57:30,124]: *** sta1-wlan1: Scanning for ap1-ssid
INFO     [2021-05-31 03:57:30,171]: *** sta3-wlan1: Scan detected ap1-ssid in range (signal: -88.0 / -80.0)
INFO     [2021-05-31 03:57:30,262]: *** sta1-wlan1: Scan detected ap1-ssid in range (signal: -90.0 / -80.0)
INFO     [2021-05-31 03:57:30,692]: *** sta3-wlan1: Scanning for ap1-ssid
INFO     [2021-05-31 03:57:31,177]: *** sta3-wlan1: Scan detected ap1-ssid in range (signal: -88.0 / -80.0)
INFO     [2021-05-31 03:57:31,267]: *** sta1-wlan1: Scan detected ap1-ssid in range (signal: -90.0 / -80.0)
INFO     [2021-05-31 03:57:32,194]: *** sta3-wlan1: Scan detected ap1-ssid in range (signal: -88.0 / -80.0)
INFO     [2021-05-31 03:57:32,272]: *** sta1-wlan1: Scan detected ap1-ssid in range (signal: -90.0 / -80.0)
INFO     [2021-05-31 03:57:33,216]: *** sta3-wlan1: Scan detected ap1-ssid in range (signal: -88.0 / -80.0)
INFO     [2021-05-31 03:57:33,280]: *** sta1-wlan1: Scan detected ap1-ssid in range (signal: -90.0 / -80.0)
INFO     [2021-05-31 03:57:34,222]: *** sta3-wlan1: Scan detected ap1-ssid in range (signal: -88.0 / -80.0)
INFO     [2021-05-31 03:57:34,295]: *** sta1-wlan1: Scan detected ap1-ssid in range (signal: -90.0 / -80.0)
INFO     [2021-05-31 03:57:35,231]: *** sta3-wlan1: Scan detected ap1-ssid in range (signal: -88.0 / -80.0)
INFO     [2021-05-31 03:57:35,311]: *** sta1-wlan1: Scan detected ap1-ssid in range (signal: -90.0 / -80.0)
INFO     [2021-05-31 03:57:36,054]: *** sta1-wlan1: Scanning for ap1-ssid
INFO     [2021-05-31 03:57:36,236]: *** sta3-wlan1: Scan detected ap1-ssid in range (signal: -88.0 / -80.0)
INFO     [2021-05-31 03:57:36,327]: *** sta1-wlan1: Scan detected ap1-ssid in range (signal: -90.0 / -80.0)
INFO     [2021-05-31 03:57:36,617]: *** sta3-wlan1: Scanning for ap1-ssid
INFO     [2021-05-31 03:57:37,244]: *** sta3-wlan1: Scan detected ap1-ssid in range (signal: -89.0 / -80.0)
INFO     [2021-05-31 03:57:38,258]: *** sta3-wlan1: Scan detected ap1-ssid in range (signal: -89.0 / -80.0)
INFO     [2021-05-31 03:57:39,273]: *** sta3-wlan1: Scan detected ap1-ssid in range (signal: -89.0 / -80.0)
INFO     [2021-05-31 03:57:40,279]: *** sta3-wlan1: Scan detected ap1-ssid in range (signal: -89.0 / -80.0)
INFO     [2021-05-31 03:57:41,284]: *** sta3-wlan1: Scan detected ap1-ssid in range (signal: -89.0 / -80.0)
INFO     [2021-05-31 03:57:41,895]: *** sta1-wlan1: Scanning for ap1-ssid
INFO     [2021-05-31 03:57:42,290]: *** sta3-wlan1: Scan detected ap1-ssid in range (signal: -89.0 / -80.0)
INFO     [2021-05-31 03:57:42,404]: *** sta3-wlan1: Scanning for ap1-ssid
INFO     [2021-05-31 03:57:43,296]: *** sta3-wlan1: Scan detected ap1-ssid in range (signal: -89.0 / -80.0)
INFO     [2021-05-31 03:57:44,304]: *** sta3-wlan1: Scan detected ap1-ssid in range (signal: -89.0 / -80.0)
INFO     [2021-05-31 03:57:45,309]: *** sta3-wlan1: Scan detected ap1-ssid in range (signal: -89.0 / -80.0)
INFO     [2021-05-31 03:57:46,314]: *** sta3-wlan1: Scan detected ap1-ssid in range (signal: -89.0 / -80.0)
INFO     [2021-05-31 03:57:47,320]: *** sta3-wlan1: Scan detected ap1-ssid in range (signal: -89.0 / -80.0)
INFO     [2021-05-31 03:57:47,720]: *** sta1-wlan1: Scanning for ap1-ssid
INFO     [2021-05-31 03:57:48,208]: *** sta3-wlan1: Scanning for ap1-ssid
INFO     [2021-05-31 03:57:48,325]: *** sta3-wlan1: Scan detected ap1-ssid in range (signal: -89.0 / -80.0)
INFO     [2021-05-31 03:57:49,339]: *** sta3-wlan1: Scan detected ap1-ssid in range (signal: -89.0 / -80.0)
INFO     [2021-05-31 03:57:50,344]: *** sta3-wlan1: Scan detected ap1-ssid in range (signal: -89.0 / -80.0)
INFO     [2021-05-31 03:57:51,350]: *** sta3-wlan1: Scan detected ap1-ssid in range (signal: -89.0 / -80.0)
INFO     [2021-05-31 03:57:52,357]: *** sta3-wlan1: Scan detected ap1-ssid in range (signal: -89.0 / -80.0)
INFO     [2021-05-31 03:57:53,365]: *** sta3-wlan1: Scan detected ap1-ssid in range (signal: -89.0 / -80.0)
INFO     [2021-05-31 03:57:53,504]: *** sta1-wlan1: Scanning for ap1-ssid
INFO     [2021-05-31 03:57:54,025]: *** sta3-wlan1: Scanning for ap1-ssid
INFO     [2021-05-31 03:57:54,370]: *** sta3-wlan1: Scan detected ap1-ssid in range (signal: -89.0 / -80.0)
INFO     [2021-05-31 03:57:55,377]: *** sta3-wlan1: Scan detected ap1-ssid in range (signal: -89.0 / -80.0)
INFO     [2021-05-31 03:57:56,381]: *** sta3-wlan1: Scan detected ap1-ssid in range (signal: -89.0 / -80.0)
INFO     [2021-05-31 03:57:57,386]: *** sta3-wlan1: Scan detected ap1-ssid in range (signal: -89.0 / -80.0)
INFO     [2021-05-31 03:57:58,392]: *** sta3-wlan1: Scan detected ap1-ssid in range (signal: -89.0 / -80.0)
INFO     [2021-05-31 03:57:59,281]: *** sta1-wlan1: Scanning for ap1-ssid
INFO     [2021-05-31 03:57:59,397]: *** sta3-wlan1: Scan detected ap1-ssid in range (signal: -89.0 / -80.0)
INFO     [2021-05-31 03:57:59,816]: *** sta3-wlan1: Scanning for ap1-ssid
INFO     [2021-05-31 03:58:00,402]: *** sta3-wlan1: Scan detected ap1-ssid in range (signal: -89.0 / -80.0)
INFO     [2021-05-31 03:58:01,408]: *** sta3-wlan1: Scan detected ap1-ssid in range (signal: -89.0 / -80.0)
INFO     [2021-05-31 03:58:02,413]: *** sta3-wlan1: Scan detected ap1-ssid in range (signal: -89.0 / -80.0)
INFO     [2021-05-31 03:58:03,418]: *** sta3-wlan1: Scan detected ap1-ssid in range (signal: -89.0 / -80.0)
INFO     [2021-05-31 03:58:04,436]: *** sta3-wlan1: Scan detected ap1-ssid in range (signal: -89.0 / -80.0)
INFO     [2021-05-31 03:58:05,110]: *** sta1-wlan1: Scanning for ap1-ssid
INFO     [2021-05-31 03:58:05,462]: *** sta3-wlan1: Scan detected ap1-ssid in range (signal: -89.0 / -80.0)
INFO     [2021-05-31 03:58:05,682]: *** sta3-wlan1: Scanning for ap1-ssid
INFO     [2021-05-31 03:58:06,472]: *** sta3-wlan1: Scan detected ap1-ssid in range (signal: -89.0 / -80.0)
INFO     [2021-05-31 03:58:10,943]: *** sta1-wlan1: Scanning for ap1-ssid
INFO     [2021-05-31 03:58:11,540]: *** sta3-wlan1: Scanning for ap1-ssid
INFO     [2021-05-31 03:58:16,748]: *** sta1-wlan1: Scanning for ap1-ssid
INFO     [2021-05-31 03:58:17,417]: *** sta3-wlan1: Scanning for ap1-ssid
INFO     [2021-05-31 03:58:22,545]: *** sta1-wlan1: Scanning for ap1-ssid
INFO     [2021-05-31 03:58:23,224]: *** sta3-wlan1: Scanning for ap1-ssid
INFO     [2021-05-31 03:58:28,335]: *** sta1-wlan1: Scanning for ap1-ssid
INFO     [2021-05-31 03:58:28,977]: *** sta3-wlan1: Scanning for ap1-ssid
INFO     [2021-05-31 03:58:34,107]: *** sta1-wlan1: Scanning for ap1-ssid
INFO     [2021-05-31 03:58:34,754]: *** sta3-wlan1: Scanning for ap1-ssid
INFO     [2021-05-31 03:58:39,885]: *** sta1-wlan1: Scanning for ap1-ssid
INFO     [2021-05-31 03:58:40,521]: *** sta3-wlan1: Scanning for ap1-ssid
INFO     [2021-05-31 03:58:45,675]: *** sta1-wlan1: Scanning for ap1-ssid
INFO     [2021-05-31 03:58:46,308]: *** sta3-wlan1: Scanning for ap1-ssid
INFO     [2021-05-31 03:58:51,521]: *** sta1-wlan1: Scanning for ap1-ssid
INFO     [2021-05-31 03:58:52,093]: *** sta3-wlan1: Scanning for ap1-ssid
INFO     [2021-05-31 03:58:57,293]: *** sta1-wlan1: Scanning for ap1-ssid
INFO     [2021-05-31 03:58:57,860]: *** sta3-wlan1: Scanning for ap1-ssid
INFO     [2021-05-31 03:59:03,125]: *** sta1-wlan1: Scanning for ap1-ssid
INFO     [2021-05-31 03:59:03,665]: *** sta3-wlan1: Scanning for ap1-ssid
INFO     [2021-05-31 03:59:03,830]: *** sta1-wlan1: Scan detected ap1-ssid in range (signal: -89.0 / -80.0)
INFO     [2021-05-31 03:59:04,834]: *** sta1-wlan1: Scan detected ap1-ssid in range (signal: -89.0 / -80.0)
INFO     [2021-05-31 03:59:05,838]: *** sta1-wlan1: Scan detected ap1-ssid in range (signal: -89.0 / -80.0)
INFO     [2021-05-31 03:59:06,844]: *** sta1-wlan1: Scan detected ap1-ssid in range (signal: -89.0 / -80.0)
INFO     [2021-05-31 03:59:07,848]: *** sta1-wlan1: Scan detected ap1-ssid in range (signal: -89.0 / -80.0)
INFO     [2021-05-31 03:59:08,854]: *** sta1-wlan1: Scan detected ap1-ssid in range (signal: -89.0 / -80.0)
INFO     [2021-05-31 03:59:08,888]: *** sta1-wlan1: Scanning for ap1-ssid
INFO     [2021-05-31 03:59:09,452]: *** sta3-wlan1: Scanning for ap1-ssid
INFO     [2021-05-31 03:59:09,861]: *** sta1-wlan1: Scan detected ap1-ssid in range (signal: -90.0 / -80.0)
INFO     [2021-05-31 03:59:10,865]: *** sta1-wlan1: Scan detected ap1-ssid in range (signal: -90.0 / -80.0)
INFO     [2021-05-31 03:59:11,870]: *** sta1-wlan1: Scan detected ap1-ssid in range (signal: -90.0 / -80.0)
INFO     [2021-05-31 03:59:12,874]: *** sta1-wlan1: Scan detected ap1-ssid in range (signal: -90.0 / -80.0)
INFO     [2021-05-31 03:59:13,883]: *** sta1-wlan1: Scan detected ap1-ssid in range (signal: -90.0 / -80.0)
INFO     [2021-05-31 03:59:14,630]: *** sta1-wlan1: Scanning for ap1-ssid
INFO     [2021-05-31 03:59:14,889]: *** sta1-wlan1: Scan detected ap1-ssid in range (signal: -88.0 / -80.0)
INFO     [2021-05-31 03:59:15,233]: *** sta3-wlan1: Scanning for ap1-ssid
INFO     [2021-05-31 03:59:15,895]: *** sta1-wlan1: Scan detected ap1-ssid in range (signal: -88.0 / -80.0)
INFO     [2021-05-31 03:59:16,899]: *** sta1-wlan1: Scan detected ap1-ssid in range (signal: -88.0 / -80.0)
INFO     [2021-05-31 03:59:17,911]: *** sta1-wlan1: Scan detected ap1-ssid in range (signal: -88.0 / -80.0)
INFO     [2021-05-31 03:59:18,925]: *** sta1-wlan1: Scan detected ap1-ssid in range (signal: -88.0 / -80.0)
INFO     [2021-05-31 03:59:19,929]: *** sta1-wlan1: Scan detected ap1-ssid in range (signal: -88.0 / -80.0)
INFO     [2021-05-31 03:59:20,464]: *** sta1-wlan1: Scanning for ap1-ssid
INFO     [2021-05-31 03:59:20,935]: *** sta1-wlan1: Scan detected ap1-ssid in range (signal: -88.0 / -80.0)
INFO     [2021-05-31 03:59:21,082]: *** sta3-wlan1: Scanning for ap1-ssid
INFO     [2021-05-31 03:59:21,939]: *** sta3-wlan1: Scan detected ap1-ssid in range (signal: -90.0 / -80.0)
INFO     [2021-05-31 03:59:21,940]: *** sta1-wlan1: Scan detected ap1-ssid in range (signal: -88.0 / -80.0)
INFO     [2021-05-31 03:59:22,944]: *** sta3-wlan1: Scan detected ap1-ssid in range (signal: -90.0 / -80.0)
INFO     [2021-05-31 03:59:22,946]: *** sta1-wlan1: Scan detected ap1-ssid in range (signal: -88.0 / -80.0)
INFO     [2021-05-31 03:59:23,949]: *** sta3-wlan1: Scan detected ap1-ssid in range (signal: -90.0 / -80.0)
INFO     [2021-05-31 03:59:23,952]: *** sta1-wlan1: Scan detected ap1-ssid in range (signal: -88.0 / -80.0)
INFO     [2021-05-31 03:59:24,957]: *** sta3-wlan1: Scan detected ap1-ssid in range (signal: -90.0 / -80.0)
INFO     [2021-05-31 03:59:24,961]: *** sta1-wlan1: Scan detected ap1-ssid in range (signal: -88.0 / -80.0)
INFO     [2021-05-31 03:59:25,962]: *** sta3-wlan1: Scan detected ap1-ssid in range (signal: -90.0 / -80.0)
INFO     [2021-05-31 03:59:25,964]: *** sta1-wlan1: Scan detected ap1-ssid in range (signal: -88.0 / -80.0)
INFO     [2021-05-31 03:59:26,256]: *** sta1-wlan1: Scanning for ap1-ssid
INFO     [2021-05-31 03:59:26,862]: *** sta3-wlan1: Scanning for ap1-ssid
INFO     [2021-05-31 03:59:26,968]: *** sta3-wlan1: Scan detected ap1-ssid in range (signal: -90.0 / -80.0)
INFO     [2021-05-31 03:59:26,972]: *** sta1-wlan1: Scan detected ap1-ssid in range (signal: -88.0 / -80.0)
INFO     [2021-05-31 03:59:27,977]: *** sta3-wlan1: Scan detected ap1-ssid in range (signal: -90.0 / -80.0)
INFO     [2021-05-31 03:59:27,981]: *** sta1-wlan1: Scan detected ap1-ssid in range (signal: -88.0 / -80.0)
INFO     [2021-05-31 03:59:28,983]: *** sta3-wlan1: Scan detected ap1-ssid in range (signal: -90.0 / -80.0)
INFO     [2021-05-31 03:59:28,987]: *** sta1-wlan1: Scan detected ap1-ssid in range (signal: -88.0 / -80.0)
INFO     [2021-05-31 03:59:29,991]: *** sta3-wlan1: Scan detected ap1-ssid in range (signal: -90.0 / -80.0)
INFO     [2021-05-31 03:59:29,992]: *** sta1-wlan1: Scan detected ap1-ssid in range (signal: -88.0 / -80.0)
INFO     [2021-05-31 03:59:30,999]: *** sta3-wlan1: Scan detected ap1-ssid in range (signal: -90.0 / -80.0)
INFO     [2021-05-31 03:59:31,000]: *** sta1-wlan1: Scan detected ap1-ssid in range (signal: -88.0 / -80.0)
INFO     [2021-05-31 03:59:32,005]: *** sta3-wlan1: Scan detected ap1-ssid in range (signal: -90.0 / -80.0)
INFO     [2021-05-31 03:59:32,006]: *** sta1-wlan1: Scan detected ap1-ssid in range (signal: -88.0 / -80.0)
INFO     [2021-05-31 03:59:32,072]: *** sta1-wlan1: Scanning for ap1-ssid
INFO     [2021-05-31 03:59:32,680]: *** sta3-wlan1: Scanning for ap1-ssid
INFO     [2021-05-31 03:59:33,009]: *** sta3-wlan1: Scan detected ap1-ssid in range (signal: -90.0 / -80.0)
INFO     [2021-05-31 03:59:33,013]: *** sta1-wlan1: Scan detected ap1-ssid in range (signal: -88.0 / -80.0)
INFO     [2021-05-31 03:59:34,014]: *** sta3-wlan1: Scan detected ap1-ssid in range (signal: -90.0 / -80.0)
INFO     [2021-05-31 03:59:34,018]: *** sta1-wlan1: Scan detected ap1-ssid in range (signal: -88.0 / -80.0)
INFO     [2021-05-31 03:59:35,019]: *** sta3-wlan1: Scan detected ap1-ssid in range (signal: -90.0 / -80.0)
INFO     [2021-05-31 03:59:35,024]: *** sta1-wlan1: Scan detected ap1-ssid in range (signal: -88.0 / -80.0)
INFO     [2021-05-31 03:59:36,024]: *** sta3-wlan1: Scan detected ap1-ssid in range (signal: -90.0 / -80.0)
INFO     [2021-05-31 03:59:36,029]: *** sta1-wlan1: Scan detected ap1-ssid in range (signal: -88.0 / -80.0)
INFO     [2021-05-31 03:59:37,029]: *** sta3-wlan1: Scan detected ap1-ssid in range (signal: -90.0 / -80.0)
INFO     [2021-05-31 03:59:37,032]: *** sta1-wlan1: Scan detected ap1-ssid in range (signal: -88.0 / -80.0)
INFO     [2021-05-31 03:59:37,892]: *** sta1-wlan1: Scanning for ap1-ssid
INFO     [2021-05-31 03:59:38,033]: *** sta3-wlan1: Scan detected ap1-ssid in range (signal: -90.0 / -80.0)
INFO     [2021-05-31 03:59:38,037]: *** sta1-wlan1: Scan detected ap1-ssid in range (signal: -88.0 / -80.0)
INFO     [2021-05-31 03:59:38,455]: *** sta3-wlan1: Scanning for ap1-ssid
INFO     [2021-05-31 03:59:39,038]: *** sta3-wlan1: Scan detected ap1-ssid in range (signal: -90.0 / -80.0)
INFO     [2021-05-31 03:59:39,041]: *** sta1-wlan1: Scan detected ap1-ssid in range (signal: -88.0 / -80.0)
INFO     [2021-05-31 03:59:40,043]: *** sta3-wlan1: Scan detected ap1-ssid in range (signal: -90.0 / -80.0)
INFO     [2021-05-31 03:59:40,047]: *** sta1-wlan1: Scan detected ap1-ssid in range (signal: -88.0 / -80.0)
INFO     [2021-05-31 03:59:41,049]: *** sta3-wlan1: Scan detected ap1-ssid in range (signal: -90.0 / -80.0)
INFO     [2021-05-31 03:59:41,053]: *** sta1-wlan1: Scan detected ap1-ssid in range (signal: -88.0 / -80.0)
INFO     [2021-05-31 03:59:42,058]: *** sta3-wlan1: Scan detected ap1-ssid in range (signal: -90.0 / -80.0)
INFO     [2021-05-31 03:59:42,059]: *** sta1-wlan1: Scan detected ap1-ssid in range (signal: -88.0 / -80.0)
INFO     [2021-05-31 03:59:43,064]: *** sta1-wlan1: Scan detected ap1-ssid in range (signal: -88.0 / -80.0)
INFO     [2021-05-31 03:59:43,066]: *** sta3-wlan1: Scan detected ap1-ssid in range (signal: -90.0 / -80.0)
INFO     [2021-05-31 03:59:43,652]: *** sta1-wlan1: Scanning for ap1-ssid
INFO     [2021-05-31 03:59:44,070]: *** sta1-wlan1: Scan detected ap1-ssid in range (signal: -88.0 / -80.0)
INFO     [2021-05-31 03:59:44,073]: *** sta3-wlan1: Scan detected ap1-ssid in range (signal: -90.0 / -80.0)
INFO     [2021-05-31 03:59:44,214]: *** sta3-wlan1: Scanning for ap1-ssid
INFO     [2021-05-31 03:59:45,079]: *** sta1-wlan1: Scan detected ap1-ssid in range (signal: -88.0 / -80.0)
INFO     [2021-05-31 03:59:45,081]: *** sta3-wlan1: Scan detected ap1-ssid in range (signal: -90.0 / -80.0)
INFO     [2021-05-31 03:59:46,085]: *** sta1-wlan1: Scan detected ap1-ssid in range (signal: -88.0 / -80.0)
INFO     [2021-05-31 03:59:46,086]: *** sta3-wlan1: Scan detected ap1-ssid in range (signal: -90.0 / -80.0)
INFO     [2021-05-31 03:59:47,091]: *** sta1-wlan1: Scan detected ap1-ssid in range (signal: -88.0 / -80.0)
INFO     [2021-05-31 03:59:47,092]: *** sta3-wlan1: Scan detected ap1-ssid in range (signal: -90.0 / -80.0)
INFO     [2021-05-31 03:59:48,096]: *** sta1-wlan1: Scan detected ap1-ssid in range (signal: -88.0 / -80.0)
INFO     [2021-05-31 03:59:48,098]: *** sta3-wlan1: Scan detected ap1-ssid in range (signal: -90.0 / -80.0)
INFO     [2021-05-31 03:59:49,102]: *** sta1-wlan1: Scan detected ap1-ssid in range (signal: -88.0 / -80.0)
INFO     [2021-05-31 03:59:49,105]: *** sta3-wlan1: Scan detected ap1-ssid in range (signal: -90.0 / -80.0)
INFO     [2021-05-31 03:59:49,476]: *** sta1-wlan1: Scanning for ap1-ssid
INFO     [2021-05-31 03:59:50,019]: *** sta3-wlan1: Scanning for ap1-ssid
INFO     [2021-05-31 03:59:50,110]: *** sta1-wlan1: Scan detected ap1-ssid in range (signal: -88.0 / -80.0)
INFO     [2021-05-31 03:59:50,111]: *** sta3-wlan1: Scan detected ap1-ssid in range (signal: -90.0 / -80.0)
INFO     [2021-05-31 03:59:51,115]: *** sta3-wlan1: Scan detected ap1-ssid in range (signal: -90.0 / -80.0)
INFO     [2021-05-31 03:59:52,122]: *** sta3-wlan1: Scan detected ap1-ssid in range (signal: -90.0 / -80.0)
INFO     [2021-05-31 03:59:53,127]: *** sta3-wlan1: Scan detected ap1-ssid in range (signal: -90.0 / -80.0)
INFO     [2021-05-31 03:59:54,131]: *** sta3-wlan1: Scan detected ap1-ssid in range (signal: -90.0 / -80.0)
INFO     [2021-05-31 03:59:55,300]: *** sta1-wlan1: Scanning for ap1-ssid
INFO     [2021-05-31 03:59:55,822]: *** sta3-wlan1: Scanning for ap1-ssid
INFO     [2021-05-31 04:00:01,130]: *** sta1-wlan1: Scanning for ap1-ssid
INFO     [2021-05-31 04:00:01,596]: *** sta3-wlan1: Scanning for ap1-ssid
INFO     [2021-05-31 04:00:02,180]: *** sta3-wlan1: Scan detected ap1-ssid in range (signal: -89.0 / -80.0)
INFO     [2021-05-31 04:00:03,194]: *** sta3-wlan1: Scan detected ap1-ssid in range (signal: -89.0 / -80.0)
INFO     [2021-05-31 04:00:04,200]: *** sta3-wlan1: Scan detected ap1-ssid in range (signal: -89.0 / -80.0)
INFO     [2021-05-31 04:00:05,205]: *** sta3-wlan1: Scan detected ap1-ssid in range (signal: -89.0 / -80.0)
INFO     [2021-05-31 04:00:06,210]: *** sta3-wlan1: Scan detected ap1-ssid in range (signal: -89.0 / -80.0)
INFO     [2021-05-31 04:00:07,216]: *** sta3-wlan1: Scan detected ap1-ssid in range (signal: -89.0 / -80.0)
INFO     [2021-05-31 04:00:07,243]: *** sta1-wlan1: Scanning for ap1-ssid
INFO     [2021-05-31 04:00:07,579]: *** sta3-wlan1: Scanning for ap1-ssid
INFO     [2021-05-31 04:00:08,221]: *** sta3-wlan1: Scan detected ap1-ssid in range (signal: -90.0 / -80.0)
INFO     [2021-05-31 04:00:09,225]: *** sta3-wlan1: Scan detected ap1-ssid in range (signal: -90.0 / -80.0)
INFO     [2021-05-31 04:00:10,230]: *** sta3-wlan1: Scan detected ap1-ssid in range (signal: -90.0 / -80.0)
INFO     [2021-05-31 04:00:11,236]: *** sta3-wlan1: Scan detected ap1-ssid in range (signal: -90.0 / -80.0)
INFO     [2021-05-31 04:00:12,242]: *** sta3-wlan1: Scan detected ap1-ssid in range (signal: -90.0 / -80.0)
INFO     [2021-05-31 04:00:13,030]: *** sta1-wlan1: Scanning for ap1-ssid
INFO     [2021-05-31 04:00:13,246]: *** sta3-wlan1: Scan detected ap1-ssid in range (signal: -90.0 / -80.0)
INFO     [2021-05-31 04:00:13,368]: *** sta3-wlan1: Scanning for ap1-ssid
INFO     [2021-05-31 04:00:14,252]: *** sta3-wlan1: Scan detected ap1-ssid in range (signal: -89.0 / -80.0)
INFO     [2021-05-31 04:00:15,257]: *** sta3-wlan1: Scan detected ap1-ssid in range (signal: -89.0 / -80.0)
INFO     [2021-05-31 04:00:16,263]: *** sta3-wlan1: Scan detected ap1-ssid in range (signal: -89.0 / -80.0)
INFO     [2021-05-31 04:00:17,269]: *** sta3-wlan1: Scan detected ap1-ssid in range (signal: -89.0 / -80.0)
INFO     [2021-05-31 04:00:18,273]: *** sta3-wlan1: Scan detected ap1-ssid in range (signal: -89.0 / -80.0)
INFO     [2021-05-31 04:00:18,841]: *** sta1-wlan1: Scanning for ap1-ssid
INFO     [2021-05-31 04:00:19,166]: *** sta3-wlan1: Scanning for ap1-ssid
INFO     [2021-05-31 04:00:19,277]: *** sta3-wlan1: Scan detected ap1-ssid in range (signal: -89.0 / -80.0)
INFO     [2021-05-31 04:00:20,285]: *** sta3-wlan1: Scan detected ap1-ssid in range (signal: -89.0 / -80.0)
INFO     [2021-05-31 04:00:21,291]: *** sta3-wlan1: Scan detected ap1-ssid in range (signal: -89.0 / -80.0)
INFO     [2021-05-31 04:00:22,295]: *** sta3-wlan1: Scan detected ap1-ssid in range (signal: -89.0 / -80.0)
INFO     [2021-05-31 04:00:23,303]: *** sta3-wlan1: Scan detected ap1-ssid in range (signal: -89.0 / -80.0)
INFO     [2021-05-31 04:00:24,319]: *** sta3-wlan1: Scan detected ap1-ssid in range (signal: -89.0 / -80.0)
INFO     [2021-05-31 04:00:24,655]: *** sta1-wlan1: Scanning for ap1-ssid
INFO     [2021-05-31 04:00:25,076]: *** sta3-wlan1: Scanning for ap1-ssid
INFO     [2021-05-31 04:00:25,334]: *** sta3-wlan1: Scan detected ap1-ssid in range (signal: -89.0 / -80.0)
INFO     [2021-05-31 04:00:26,344]: *** sta3-wlan1: Scan detected ap1-ssid in range (signal: -89.0 / -80.0)
INFO     [2021-05-31 04:00:27,355]: *** sta3-wlan1: Scan detected ap1-ssid in range (signal: -89.0 / -80.0)
INFO     [2021-05-31 04:00:28,359]: *** sta3-wlan1: Scan detected ap1-ssid in range (signal: -89.0 / -80.0)
INFO     [2021-05-31 04:00:29,365]: *** sta3-wlan1: Scan detected ap1-ssid in range (signal: -89.0 / -80.0)
INFO     [2021-05-31 04:00:30,370]: *** sta3-wlan1: Scan detected ap1-ssid in range (signal: -89.0 / -80.0)
INFO     [2021-05-31 04:00:30,515]: *** sta1-wlan1: Scanning for ap1-ssid
INFO     [2021-05-31 04:00:30,877]: *** sta3-wlan1: Scanning for ap1-ssid
INFO     [2021-05-31 04:00:31,391]: *** sta3-wlan1: Scan detected ap1-ssid in range (signal: -89.0 / -80.0)
INFO     [2021-05-31 04:00:32,398]: *** sta3-wlan1: Scan detected ap1-ssid in range (signal: -89.0 / -80.0)
INFO     [2021-05-31 04:00:33,404]: *** sta3-wlan1: Scan detected ap1-ssid in range (signal: -89.0 / -80.0)
INFO     [2021-05-31 04:00:34,413]: *** sta3-wlan1: Scan detected ap1-ssid in range (signal: -89.0 / -80.0)
INFO     [2021-05-31 04:00:35,445]: *** sta3-wlan1: Scan detected ap1-ssid in range (signal: -89.0 / -80.0)
INFO     [2021-05-31 04:00:36,450]: *** sta3-wlan1: Scan detected ap1-ssid in range (signal: -89.0 / -80.0)
INFO     [2021-05-31 04:00:36,476]: *** sta1-wlan1: Scanning for ap1-ssid
INFO     [2021-05-31 04:00:36,761]: *** sta3-wlan1: Scanning for ap1-ssid
INFO     [2021-05-31 04:00:37,455]: *** sta3-wlan1: Scan detected ap1-ssid in range (signal: -89.0 / -80.0)
INFO     [2021-05-31 04:00:38,462]: *** sta3-wlan1: Scan detected ap1-ssid in range (signal: -89.0 / -80.0)
INFO     [2021-05-31 04:00:39,469]: *** sta3-wlan1: Scan detected ap1-ssid in range (signal: -89.0 / -80.0)
INFO     [2021-05-31 04:00:40,477]: *** sta3-wlan1: Scan detected ap1-ssid in range (signal: -89.0 / -80.0)
INFO     [2021-05-31 04:00:41,485]: *** sta3-wlan1: Scan detected ap1-ssid in range (signal: -89.0 / -80.0)
INFO     [2021-05-31 04:00:42,429]: *** sta1-wlan1: Scanning for ap1-ssid
INFO     [2021-05-31 04:00:42,493]: *** sta3-wlan1: Scan detected ap1-ssid in range (signal: -89.0 / -80.0)
INFO     [2021-05-31 04:00:42,630]: *** sta3-wlan1: Scanning for ap1-ssid
INFO     [2021-05-31 04:00:48,207]: *** sta1-wlan1: Scanning for ap1-ssid
INFO     [2021-05-31 04:00:48,414]: *** sta3-wlan1: Scanning for ap1-ssid
INFO     [2021-05-31 04:00:53,973]: *** sta1-wlan1: Scanning for ap1-ssid
INFO     [2021-05-31 04:00:54,201]: *** sta3-wlan1: Scanning for ap1-ssid
INFO     [2021-05-31 04:00:59,748]: *** sta1-wlan1: Scanning for ap1-ssid
INFO     [2021-05-31 04:00:59,998]: *** sta3-wlan1: Scanning for ap1-ssid
INFO     [2021-05-31 04:01:00,581]: *** sta3-wlan1: Scan detected ap1-ssid in range (signal: -90.0 / -80.0)
INFO     [2021-05-31 04:01:01,587]: *** sta3-wlan1: Scan detected ap1-ssid in range (signal: -90.0 / -80.0)
INFO     [2021-05-31 04:01:02,592]: *** sta3-wlan1: Scan detected ap1-ssid in range (signal: -90.0 / -80.0)
INFO     [2021-05-31 04:01:03,597]: *** sta3-wlan1: Scan detected ap1-ssid in range (signal: -90.0 / -80.0)
INFO     [2021-05-31 04:01:04,601]: *** sta3-wlan1: Scan detected ap1-ssid in range (signal: -90.0 / -80.0)
INFO     [2021-05-31 04:01:05,577]: *** sta1-wlan1: Scanning for ap1-ssid
INFO     [2021-05-31 04:01:05,606]: *** sta3-wlan1: Scan detected ap1-ssid in range (signal: -90.0 / -80.0)
INFO     [2021-05-31 04:01:05,818]: *** sta3-wlan1: Scanning for ap1-ssid
INFO     [2021-05-31 04:01:06,611]: *** sta3-wlan1: Scan detected ap1-ssid in range (signal: -90.0 / -80.0)
INFO     [2021-05-31 04:01:07,616]: *** sta3-wlan1: Scan detected ap1-ssid in range (signal: -90.0 / -80.0)
INFO     [2021-05-31 04:01:08,621]: *** sta3-wlan1: Scan detected ap1-ssid in range (signal: -90.0 / -80.0)
INFO     [2021-05-31 04:01:09,627]: *** sta3-wlan1: Scan detected ap1-ssid in range (signal: -90.0 / -80.0)
INFO     [2021-05-31 04:01:10,632]: *** sta3-wlan1: Scan detected ap1-ssid in range (signal: -90.0 / -80.0)
INFO     [2021-05-31 04:01:11,577]: *** sta1-wlan1: Scanning for ap1-ssid
INFO     [2021-05-31 04:01:11,637]: *** sta3-wlan1: Scan detected ap1-ssid in range (signal: -90.0 / -80.0)
INFO     [2021-05-31 04:01:11,783]: *** sta3-wlan1: Scanning for ap1-ssid
INFO     [2021-05-31 04:01:12,656]: *** sta3-wlan1: Scan detected ap1-ssid in range (signal: -90.0 / -80.0)
INFO     [2021-05-31 04:01:13,661]: *** sta3-wlan1: Scan detected ap1-ssid in range (signal: -90.0 / -80.0)
INFO     [2021-05-31 04:01:14,665]: *** sta3-wlan1: Scan detected ap1-ssid in range (signal: -90.0 / -80.0)
INFO     [2021-05-31 04:01:15,674]: *** sta3-wlan1: Scan detected ap1-ssid in range (signal: -90.0 / -80.0)
INFO     [2021-05-31 04:01:16,681]: *** sta3-wlan1: Scan detected ap1-ssid in range (signal: -90.0 / -80.0)
INFO     [2021-05-31 04:01:17,484]: *** sta1-wlan1: Scanning for ap1-ssid
INFO     [2021-05-31 04:01:17,632]: *** sta3-wlan1: Scanning for ap1-ssid
INFO     [2021-05-31 04:01:17,687]: *** sta3-wlan1: Scan detected ap1-ssid in range (signal: -89.0 / -80.0)
INFO     [2021-05-31 04:01:18,692]: *** sta3-wlan1: Scan detected ap1-ssid in range (signal: -89.0 / -80.0)
INFO     [2021-05-31 04:01:19,697]: *** sta3-wlan1: Scan detected ap1-ssid in range (signal: -89.0 / -80.0)
INFO     [2021-05-31 04:01:20,703]: *** sta3-wlan1: Scan detected ap1-ssid in range (signal: -89.0 / -80.0)
INFO     [2021-05-31 04:01:21,708]: *** sta3-wlan1: Scan detected ap1-ssid in range (signal: -89.0 / -80.0)
INFO     [2021-05-31 04:01:22,714]: *** sta3-wlan1: Scan detected ap1-ssid in range (signal: -89.0 / -80.0)
INFO     [2021-05-31 04:01:23,273]: *** sta1-wlan1: Scanning for ap1-ssid
INFO     [2021-05-31 04:01:23,436]: *** sta3-wlan1: Scanning for ap1-ssid
INFO     [2021-05-31 04:01:23,719]: *** sta3-wlan1: Scan detected ap1-ssid in range (signal: -89.0 / -80.0)
INFO     [2021-05-31 04:01:24,725]: *** sta3-wlan1: Scan detected ap1-ssid in range (signal: -89.0 / -80.0)
INFO     [2021-05-31 04:01:25,729]: *** sta3-wlan1: Scan detected ap1-ssid in range (signal: -89.0 / -80.0)
INFO     [2021-05-31 04:01:26,735]: *** sta3-wlan1: Scan detected ap1-ssid in range (signal: -89.0 / -80.0)
INFO     [2021-05-31 04:01:27,740]: *** sta3-wlan1: Scan detected ap1-ssid in range (signal: -89.0 / -80.0)
INFO     [2021-05-31 04:01:28,747]: *** sta3-wlan1: Scan detected ap1-ssid in range (signal: -89.0 / -80.0)
INFO     [2021-05-31 04:01:29,278]: *** sta1-wlan1: Scanning for ap1-ssid
INFO     [2021-05-31 04:01:29,500]: *** sta3-wlan1: Scanning for ap1-ssid
INFO     [2021-05-31 04:01:29,752]: *** sta3-wlan1: Scan detected ap1-ssid in range (signal: -90.0 / -80.0)
INFO     [2021-05-31 04:01:30,758]: *** sta3-wlan1: Scan detected ap1-ssid in range (signal: -90.0 / -80.0)
INFO     [2021-05-31 04:01:31,763]: *** sta3-wlan1: Scan detected ap1-ssid in range (signal: -90.0 / -80.0)
INFO     [2021-05-31 04:01:32,769]: *** sta3-wlan1: Scan detected ap1-ssid in range (signal: -90.0 / -80.0)
INFO     [2021-05-31 04:01:33,773]: *** sta3-wlan1: Scan detected ap1-ssid in range (signal: -90.0 / -80.0)
INFO     [2021-05-31 04:01:34,776]: *** sta3-wlan1: Scan detected ap1-ssid in range (signal: -90.0 / -80.0)
INFO     [2021-05-31 04:01:35,080]: *** sta1-wlan1: Scanning for ap1-ssid
INFO     [2021-05-31 04:01:35,306]: *** sta3-wlan1: Scanning for ap1-ssid
INFO     [2021-05-31 04:01:35,751]: *** sta1-wlan1: Scan detected ap1-ssid in range (signal: -88.0 / -80.0)
INFO     [2021-05-31 04:01:35,781]: *** sta3-wlan1: Scan detected ap1-ssid in range (signal: -87.0 / -80.0)
INFO     [2021-05-31 04:01:36,756]: *** sta1-wlan1: Scan detected ap1-ssid in range (signal: -88.0 / -80.0)
INFO     [2021-05-31 04:01:36,785]: *** sta3-wlan1: Scan detected ap1-ssid in range (signal: -87.0 / -80.0)
INFO     [2021-05-31 04:01:37,761]: *** sta1-wlan1: Scan detected ap1-ssid in range (signal: -88.0 / -80.0)
INFO     [2021-05-31 04:01:37,789]: *** sta3-wlan1: Scan detected ap1-ssid in range (signal: -87.0 / -80.0)
INFO     [2021-05-31 04:01:38,766]: *** sta1-wlan1: Scan detected ap1-ssid in range (signal: -88.0 / -80.0)
INFO     [2021-05-31 04:01:38,794]: *** sta3-wlan1: Scan detected ap1-ssid in range (signal: -87.0 / -80.0)
INFO     [2021-05-31 04:01:39,772]: *** sta1-wlan1: Scan detected ap1-ssid in range (signal: -88.0 / -80.0)
INFO     [2021-05-31 04:01:39,805]: *** sta3-wlan1: Scan detected ap1-ssid in range (signal: -87.0 / -80.0)
INFO     [2021-05-31 04:01:40,779]: *** sta1-wlan1: Scan detected ap1-ssid in range (signal: -88.0 / -80.0)
INFO     [2021-05-31 04:01:40,814]: *** sta3-wlan1: Scan detected ap1-ssid in range (signal: -87.0 / -80.0)
INFO     [2021-05-31 04:01:40,836]: *** sta1-wlan1: Scanning for ap1-ssid
INFO     [2021-05-31 04:01:41,069]: *** sta3-wlan1: Scanning for ap1-ssid
INFO     [2021-05-31 04:01:41,784]: *** sta1-wlan1: Scan detected ap1-ssid in range (signal: -85.0 / -80.0)
INFO     [2021-05-31 04:01:41,828]: *** sta3-wlan1: Scan detected ap1-ssid in range (signal: -86.0 / -80.0)
INFO     [2021-05-31 04:01:42,788]: *** sta1-wlan1: Scan detected ap1-ssid in range (signal: -85.0 / -80.0)
INFO     [2021-05-31 04:01:42,838]: *** sta3-wlan1: Scan detected ap1-ssid in range (signal: -86.0 / -80.0)
INFO     [2021-05-31 04:01:43,793]: *** sta1-wlan1: Scan detected ap1-ssid in range (signal: -85.0 / -80.0)
INFO     [2021-05-31 04:01:43,845]: *** sta3-wlan1: Scan detected ap1-ssid in range (signal: -86.0 / -80.0)
INFO     [2021-05-31 04:01:44,797]: *** sta1-wlan1: Scan detected ap1-ssid in range (signal: -85.0 / -80.0)
INFO     [2021-05-31 04:01:44,850]: *** sta3-wlan1: Scan detected ap1-ssid in range (signal: -86.0 / -80.0)
INFO     [2021-05-31 04:01:45,802]: *** sta1-wlan1: Scan detected ap1-ssid in range (signal: -85.0 / -80.0)
INFO     [2021-05-31 04:01:45,859]: *** sta3-wlan1: Scan detected ap1-ssid in range (signal: -86.0 / -80.0)
INFO     [2021-05-31 04:01:46,600]: *** sta1-wlan1: Scanning for ap1-ssid
INFO     [2021-05-31 04:01:46,806]: *** sta1-wlan1: Scan detected ap1-ssid in range (signal: -85.0 / -80.0)
INFO     [2021-05-31 04:01:46,833]: *** sta3-wlan1: Scanning for ap1-ssid
INFO     [2021-05-31 04:01:46,872]: *** sta3-wlan1: Scan detected ap1-ssid in range (signal: -86.0 / -80.0)
INFO     [2021-05-31 04:01:47,813]: *** sta1-wlan1: Scan detected ap1-ssid in range (signal: -85.0 / -80.0)
INFO     [2021-05-31 04:01:47,877]: *** sta3-wlan1: Scan detected ap1-ssid in range (signal: -86.0 / -80.0)
INFO     [2021-05-31 04:01:48,819]: *** sta1-wlan1: Scan detected ap1-ssid in range (signal: -85.0 / -80.0)
INFO     [2021-05-31 04:01:48,881]: *** sta3-wlan1: Scan detected ap1-ssid in range (signal: -86.0 / -80.0)
INFO     [2021-05-31 04:01:49,826]: *** sta1-wlan1: Scan detected ap1-ssid in range (signal: -85.0 / -80.0)
INFO     [2021-05-31 04:01:49,887]: *** sta3-wlan1: Scan detected ap1-ssid in range (signal: -86.0 / -80.0)
INFO     [2021-05-31 04:01:50,832]: *** sta1-wlan1: Scan detected ap1-ssid in range (signal: -85.0 / -80.0)
INFO     [2021-05-31 04:01:50,898]: *** sta3-wlan1: Scan detected ap1-ssid in range (signal: -86.0 / -80.0)
INFO     [2021-05-31 04:01:51,839]: *** sta1-wlan1: Scan detected ap1-ssid in range (signal: -85.0 / -80.0)
INFO     [2021-05-31 04:01:51,907]: *** sta3-wlan1: Scan detected ap1-ssid in range (signal: -86.0 / -80.0)
INFO     [2021-05-31 04:01:52,377]: *** sta1-wlan1: Scanning for ap1-ssid
INFO     [2021-05-31 04:01:52,644]: *** sta3-wlan1: Scanning for ap1-ssid
INFO     [2021-05-31 04:01:52,851]: *** sta1-wlan1: Scan detected ap1-ssid in range (signal: -84.0 / -80.0)
INFO     [2021-05-31 04:01:52,913]: *** sta3-wlan1: Scan detected ap1-ssid in range (signal: -88.0 / -80.0)
INFO     [2021-05-31 04:01:53,856]: *** sta1-wlan1: Scan detected ap1-ssid in range (signal: -84.0 / -80.0)
INFO     [2021-05-31 04:01:53,921]: *** sta3-wlan1: Scan detected ap1-ssid in range (signal: -88.0 / -80.0)
INFO     [2021-05-31 04:01:54,861]: *** sta1-wlan1: Scan detected ap1-ssid in range (signal: -84.0 / -80.0)
INFO     [2021-05-31 04:01:54,926]: *** sta3-wlan1: Scan detected ap1-ssid in range (signal: -88.0 / -80.0)
INFO     [2021-05-31 04:01:55,868]: *** sta1-wlan1: Scan detected ap1-ssid in range (signal: -84.0 / -80.0)
INFO     [2021-05-31 04:01:55,970]: *** sta3-wlan1: Scan detected ap1-ssid in range (signal: -88.0 / -80.0)
INFO     [2021-05-31 04:01:56,872]: *** sta1-wlan1: Scan detected ap1-ssid in range (signal: -87.0 / -80.0)
INFO     [2021-05-31 04:01:56,975]: *** sta3-wlan1: Scan detected ap1-ssid in range (signal: -88.0 / -80.0)
INFO     [2021-05-31 04:01:57,877]: *** sta1-wlan1: Scan detected ap1-ssid in range (signal: -87.0 / -80.0)
INFO     [2021-05-31 04:01:57,981]: *** sta3-wlan1: Scan detected ap1-ssid in range (signal: -88.0 / -80.0)
INFO     [2021-05-31 04:01:58,303]: *** sta1-wlan1: Scanning for ap1-ssid
INFO     [2021-05-31 04:01:58,653]: *** sta3-wlan1: Scanning for ap1-ssid
INFO     [2021-05-31 04:01:58,885]: *** sta1-wlan1: Scan detected ap1-ssid in range (signal: -87.0 / -80.0)
INFO     [2021-05-31 04:01:58,986]: *** sta3-wlan1: Scan detected ap1-ssid in range (signal: -86.0 / -80.0)
INFO     [2021-05-31 04:01:59,890]: *** sta1-wlan1: Scan detected ap1-ssid in range (signal: -87.0 / -80.0)
INFO     [2021-05-31 04:01:59,997]: *** sta3-wlan1: Scan detected ap1-ssid in range (signal: -86.0 / -80.0)
INFO     [2021-05-31 04:02:00,895]: *** sta1-wlan1: Scan detected ap1-ssid in range (signal: -87.0 / -80.0)
INFO     [2021-05-31 04:02:01,003]: *** sta3-wlan1: Scan detected ap1-ssid in range (signal: -86.0 / -80.0)
INFO     [2021-05-31 04:02:01,900]: *** sta1-wlan1: Scan detected ap1-ssid in range (signal: -87.0 / -80.0)
INFO     [2021-05-31 04:02:02,010]: *** sta3-wlan1: Scan detected ap1-ssid in range (signal: -86.0 / -80.0)
INFO     [2021-05-31 04:02:02,905]: *** sta1-wlan1: Scan detected ap1-ssid in range (signal: -87.0 / -80.0)
INFO     [2021-05-31 04:02:03,014]: *** sta3-wlan1: Scan detected ap1-ssid in range (signal: -86.0 / -80.0)
INFO     [2021-05-31 04:02:03,916]: *** sta1-wlan1: Scan detected ap1-ssid in range (signal: -87.0 / -80.0)
INFO     [2021-05-31 04:02:04,024]: *** sta3-wlan1: Scan detected ap1-ssid in range (signal: -86.0 / -80.0)
INFO     [2021-05-31 04:02:04,108]: *** sta1-wlan1: Scanning for ap1-ssid
INFO     [2021-05-31 04:02:04,500]: *** sta3-wlan1: Scanning for ap1-ssid
INFO     [2021-05-31 04:02:04,930]: *** sta1-wlan1: Scan detected ap1-ssid in range (signal: -84.0 / -80.0)
INFO     [2021-05-31 04:02:05,030]: *** sta3-wlan1: Scan detected ap1-ssid in range (signal: -86.0 / -80.0)
INFO     [2021-05-31 04:02:05,934]: *** sta1-wlan1: Scan detected ap1-ssid in range (signal: -84.0 / -80.0)
INFO     [2021-05-31 04:02:06,039]: *** sta3-wlan1: Scan detected ap1-ssid in range (signal: -86.0 / -80.0)
INFO     [2021-05-31 04:02:06,940]: *** sta1-wlan1: Scan detected ap1-ssid in range (signal: -84.0 / -80.0)
INFO     [2021-05-31 04:02:07,048]: *** sta3-wlan1: Scan detected ap1-ssid in range (signal: -86.0 / -80.0)
INFO     [2021-05-31 04:02:07,945]: *** sta1-wlan1: Scan detected ap1-ssid in range (signal: -84.0 / -80.0)
INFO     [2021-05-31 04:02:08,053]: *** sta3-wlan1: Scan detected ap1-ssid in range (signal: -86.0 / -80.0)
INFO     [2021-05-31 04:02:08,949]: *** sta1-wlan1: Scan detected ap1-ssid in range (signal: -84.0 / -80.0)
INFO     [2021-05-31 04:02:09,059]: *** sta3-wlan1: Scan detected ap1-ssid in range (signal: -86.0 / -80.0)
INFO     [2021-05-31 04:02:09,928]: *** sta1-wlan1: Scanning for ap1-ssid
INFO     [2021-05-31 04:02:09,957]: *** sta1-wlan1: Scan detected ap1-ssid in range (signal: -84.0 / -80.0)
INFO     [2021-05-31 04:02:10,065]: *** sta3-wlan1: Scan detected ap1-ssid in range (signal: -86.0 / -80.0)
INFO     [2021-05-31 04:02:10,308]: *** sta3-wlan1: Scanning for ap1-ssid
INFO     [2021-05-31 04:02:10,963]: *** sta1-wlan1: Scan detected ap1-ssid in range (signal: -82.0 / -80.0)
INFO     [2021-05-31 04:02:11,227]: *** sta3-wlan1: Scan detected ap1-ssid in range (signal: -86.0 / -80.0)
INFO     [2021-05-31 04:02:11,968]: *** sta1-wlan1: Scan detected ap1-ssid in range (signal: -82.0 / -80.0)
INFO     [2021-05-31 04:02:12,233]: *** sta3-wlan1: Scan detected ap1-ssid in range (signal: -86.0 / -80.0)
INFO     [2021-05-31 04:02:12,974]: *** sta1-wlan1: Scan detected ap1-ssid in range (signal: -82.0 / -80.0)
INFO     [2021-05-31 04:02:13,242]: *** sta3-wlan1: Scan detected ap1-ssid in range (signal: -86.0 / -80.0)
INFO     [2021-05-31 04:02:13,980]: *** sta1-wlan1: Scan detected ap1-ssid in range (signal: -82.0 / -80.0)
INFO     [2021-05-31 04:02:14,248]: *** sta3-wlan1: Scan detected ap1-ssid in range (signal: -86.0 / -80.0)
INFO     [2021-05-31 04:02:14,985]: *** sta1-wlan1: Scan detected ap1-ssid in range (signal: -82.0 / -80.0)
INFO     [2021-05-31 04:02:15,259]: *** sta3-wlan1: Scan detected ap1-ssid in range (signal: -86.0 / -80.0)
INFO     [2021-05-31 04:02:15,992]: *** sta1-wlan1: Scan detected ap1-ssid in range (signal: -82.0 / -80.0)
INFO     [2021-05-31 04:02:16,118]: *** sta1-wlan1: Scanning for ap1-ssid
INFO     [2021-05-31 04:02:16,263]: *** sta3-wlan1: Scan detected ap1-ssid in range (signal: -86.0 / -80.0)
INFO     [2021-05-31 04:02:16,476]: *** sta3-wlan1: Scanning for ap1-ssid
INFO     [2021-05-31 04:02:17,000]: *** sta1-wlan1: Scan detected ap1-ssid in range (signal: -88.0 / -80.0)
INFO     [2021-05-31 04:02:17,273]: *** sta3-wlan1: Scan detected ap1-ssid in range (signal: -85.0 / -80.0)
INFO     [2021-05-31 04:02:18,006]: *** sta1-wlan1: Scan detected ap1-ssid in range (signal: -88.0 / -80.0)
INFO     [2021-05-31 04:02:18,285]: *** sta3-wlan1: Scan detected ap1-ssid in range (signal: -85.0 / -80.0)
INFO     [2021-05-31 04:02:19,011]: *** sta1-wlan1: Scan detected ap1-ssid in range (signal: -88.0 / -80.0)
INFO     [2021-05-31 04:02:19,291]: *** sta3-wlan1: Scan detected ap1-ssid in range (signal: -85.0 / -80.0)
INFO     [2021-05-31 04:02:20,016]: *** sta1-wlan1: Scan detected ap1-ssid in range (signal: -88.0 / -80.0)
INFO     [2021-05-31 04:02:20,297]: *** sta3-wlan1: Scan detected ap1-ssid in range (signal: -85.0 / -80.0)
INFO     [2021-05-31 04:02:21,023]: *** sta1-wlan1: Scan detected ap1-ssid in range (signal: -88.0 / -80.0)
INFO     [2021-05-31 04:02:21,302]: *** sta3-wlan1: Scan detected ap1-ssid in range (signal: -85.0 / -80.0)
INFO     [2021-05-31 04:02:21,976]: *** sta1-wlan1: Scanning for ap1-ssid
INFO     [2021-05-31 04:02:22,027]: *** sta1-wlan1: Scan detected ap1-ssid in range (signal: -86.0 / -80.0)
INFO     [2021-05-31 04:02:22,307]: *** sta3-wlan1: Scan detected ap1-ssid in range (signal: -85.0 / -80.0)
INFO     [2021-05-31 04:02:22,312]: *** sta3-wlan1: Scanning for ap1-ssid
INFO     [2021-05-31 04:02:23,049]: *** sta1-wlan1: Scan detected ap1-ssid in range (signal: -82.0 / -80.0)
INFO     [2021-05-31 04:02:23,321]: *** sta3-wlan1: Scan detected ap1-ssid in range (signal: -83.0 / -80.0)
INFO     [2021-05-31 04:02:24,119]: *** sta1-wlan1: Scan detected ap1-ssid in range (signal: -82.0 / -80.0)
INFO     [2021-05-31 04:02:24,325]: *** sta3-wlan1: Scan detected ap1-ssid in range (signal: -83.0 / -80.0)
INFO     [2021-05-31 04:02:25,124]: *** sta1-wlan1: Scan detected ap1-ssid in range (signal: -82.0 / -80.0)
INFO     [2021-05-31 04:02:25,333]: *** sta3-wlan1: Scan detected ap1-ssid in range (signal: -83.0 / -80.0)
INFO     [2021-05-31 04:02:26,138]: *** sta1-wlan1: Scan detected ap1-ssid in range (signal: -86.0 / -80.0)
INFO     [2021-05-31 04:02:26,337]: *** sta3-wlan1: Scan detected ap1-ssid in range (signal: -83.0 / -80.0)
INFO     [2021-05-31 04:02:27,145]: *** sta1-wlan1: Scan detected ap1-ssid in range (signal: -86.0 / -80.0)
INFO     [2021-05-31 04:02:27,342]: *** sta3-wlan1: Scan detected ap1-ssid in range (signal: -83.0 / -80.0)
INFO     [2021-05-31 04:02:27,820]: *** sta1-wlan1: Scanning for ap1-ssid
INFO     [2021-05-31 04:02:28,151]: *** sta1-wlan1: Scan detected ap1-ssid in range (signal: -84.0 / -80.0)
INFO     [2021-05-31 04:02:28,168]: *** sta3-wlan1: Scanning for ap1-ssid
INFO     [2021-05-31 04:02:28,347]: *** sta3-wlan1: Scan detected ap1-ssid in range (signal: -86.0 / -80.0)
INFO     [2021-05-31 04:02:29,157]: *** sta1-wlan1: Scan detected ap1-ssid in range (signal: -84.0 / -80.0)
INFO     [2021-05-31 04:02:29,406]: *** sta3-wlan1: Scan detected ap1-ssid in range (signal: -86.0 / -80.0)
INFO     [2021-05-31 04:02:30,163]: *** sta1-wlan1: Scan detected ap1-ssid in range (signal: -84.0 / -80.0)
INFO     [2021-05-31 04:02:30,411]: *** sta3-wlan1: Scan detected ap1-ssid in range (signal: -86.0 / -80.0)
INFO     [2021-05-31 04:02:31,178]: *** sta1-wlan1: Scan detected ap1-ssid in range (signal: -84.0 / -80.0)
INFO     [2021-05-31 04:02:31,415]: *** sta3-wlan1: Scan detected ap1-ssid in range (signal: -86.0 / -80.0)
INFO     [2021-05-31 04:02:32,186]: *** sta1-wlan1: Scan detected ap1-ssid in range (signal: -90.0 / -80.0)
INFO     [2021-05-31 04:02:32,420]: *** sta3-wlan1: Scan detected ap1-ssid in range (signal: -86.0 / -80.0)
INFO     [2021-05-31 04:02:33,193]: *** sta1-wlan1: Scan detected ap1-ssid in range (signal: -90.0 / -80.0)
INFO     [2021-05-31 04:02:33,434]: *** sta3-wlan1: Scan detected ap1-ssid in range (signal: -86.0 / -80.0)
INFO     [2021-05-31 04:02:33,661]: *** sta1-wlan1: Scanning for ap1-ssid
INFO     [2021-05-31 04:02:33,992]: *** sta3-wlan1: Scanning for ap1-ssid
INFO     [2021-05-31 04:02:34,198]: *** sta1-wlan1: Scan detected ap1-ssid in range (signal: -87.0 / -80.0)
INFO     [2021-05-31 04:02:34,442]: *** sta3-wlan1: Scan detected ap1-ssid in range (signal: -83.0 / -80.0)
INFO     [2021-05-31 04:02:35,205]: *** sta1-wlan1: Scan detected ap1-ssid in range (signal: -87.0 / -80.0)
INFO     [2021-05-31 04:02:35,458]: *** sta3-wlan1: Scan detected ap1-ssid in range (signal: -83.0 / -80.0)
INFO     [2021-05-31 04:02:36,211]: *** sta1-wlan1: Scan detected ap1-ssid in range (signal: -87.0 / -80.0)
INFO     [2021-05-31 04:02:36,467]: *** sta3-wlan1: Scan detected ap1-ssid in range (signal: -83.0 / -80.0)
INFO     [2021-05-31 04:02:37,217]: *** sta1-wlan1: Scan detected ap1-ssid in range (signal: -87.0 / -80.0)
INFO     [2021-05-31 04:02:37,475]: *** sta3-wlan1: Scan detected ap1-ssid in range (signal: -83.0 / -80.0)
INFO     [2021-05-31 04:02:38,222]: *** sta1-wlan1: Scan detected ap1-ssid in range (signal: -87.0 / -80.0)
INFO     [2021-05-31 04:02:38,493]: *** sta3-wlan1: Scan detected ap1-ssid in range (signal: -83.0 / -80.0)
INFO     [2021-05-31 04:02:39,227]: *** sta1-wlan1: Scan detected ap1-ssid in range (signal: -87.0 / -80.0)
INFO     [2021-05-31 04:02:39,503]: *** sta3-wlan1: Scan detected ap1-ssid in range (signal: -83.0 / -80.0)
INFO     [2021-05-31 04:02:39,701]: *** sta1-wlan1: Scanning for ap1-ssid
INFO     [2021-05-31 04:02:40,035]: *** sta3-wlan1: Scanning for ap1-ssid
INFO     [2021-05-31 04:02:40,234]: *** sta1-wlan1: Scan detected ap1-ssid in range (signal: -83.0 / -80.0)
INFO     [2021-05-31 04:02:40,514]: *** sta3-wlan1: Scan detected ap1-ssid in range (signal: -86.0 / -80.0)
INFO     [2021-05-31 04:02:41,241]: *** sta1-wlan1: Scan detected ap1-ssid in range (signal: -83.0 / -80.0)
INFO     [2021-05-31 04:02:41,519]: *** sta3-wlan1: Scan detected ap1-ssid in range (signal: -86.0 / -80.0)
INFO     [2021-05-31 04:02:42,245]: *** sta1-wlan1: Scan detected ap1-ssid in range (signal: -83.0 / -80.0)
INFO     [2021-05-31 04:02:42,525]: *** sta3-wlan1: Scan detected ap1-ssid in range (signal: -86.0 / -80.0)
INFO     [2021-05-31 04:02:43,260]: *** sta1-wlan1: Scan detected ap1-ssid in range (signal: -83.0 / -80.0)
INFO     [2021-05-31 04:02:43,531]: *** sta3-wlan1: Scan detected ap1-ssid in range (signal: -86.0 / -80.0)
INFO     [2021-05-31 04:02:44,266]: *** sta1-wlan1: Scan detected ap1-ssid in range (signal: -80.0 / -80.0)
INFO     [2021-05-31 04:02:44,266]: *** sta1-wlan0: OLSR runnning: Killing olsrd process (PID: 82402)
INFO     [2021-05-31 04:02:44,266]: *** sta1-wlan0: Killed given olsrd process (PID: 82402)
INFO     [2021-05-31 04:02:44,284]: *** sta1-wlan0: IBSS leave completed
INFO     [2021-05-31 04:02:44,287]: *** sta1-wlan0: Set type to managed
INFO     [2021-05-31 04:02:44,535]: *** sta3-wlan1: Scan detected ap1-ssid in range (signal: -86.0 / -80.0)
INFO     [2021-05-31 04:02:45,465]: *** sta1-wlan1: Scanning for ap1-ssid
INFO     [2021-05-31 04:02:45,540]: *** sta3-wlan1: Scan detected ap1-ssid in range (signal: -86.0 / -80.0)
INFO     [2021-05-31 04:02:45,809]: *** sta3-wlan1: Scanning for ap1-ssid
INFO     [2021-05-31 04:02:46,546]: *** sta3-wlan1: Scan detected ap1-ssid in range (signal: -79.0 / -80.0)
INFO     [2021-05-31 04:02:46,546]: *** sta3-wlan0: OLSR runnning: Killing olsrd process (PID: 85783)
INFO     [2021-05-31 04:02:46,546]: *** sta3-wlan0: Killed given olsrd process (PID: 85783)
INFO     [2021-05-31 04:02:46,566]: *** sta3-wlan0: IBSS leave completed
INFO     [2021-05-31 04:02:46,568]: *** sta3-wlan0: Set type to managed
INFO     [2021-05-31 04:02:48,037]: *** sta1-wlan0: Connected interface to ap1-ssid
INFO     [2021-05-31 04:02:50,357]: *** sta3-wlan0: Connected interface to ap1-ssid
INFO     [2021-05-31 04:02:54,921]: *** sta3-wlan1: Scanner started. Searching for ap1-ssid with interval 2.0
INFO     [2021-05-31 04:02:54,924]: *** sta3-wlan1: Scan detected ap1-ssid in range (signal: -79.0 / -80.0)
INFO     [2021-05-31 04:02:54,929]: *** sta3-wlan0: Connected interface to ap1-ssid
INFO     [2021-05-31 04:04:04,398]: *** sta1-wlan1: Scanner started. Searching for ap1-ssid with interval 2.0
INFO     [2021-05-31 04:04:04,413]: *** sta1-wlan0: Set type to ibss
INFO     [2021-05-31 04:04:04,420]: *** sta1-wlan0: Set ip link up
INFO     [2021-05-31 04:04:04,426]: *** sta1-wlan0: Join ibss adhocNet
INFO     [2021-05-31 04:04:04,442]: *** sta1-wlan0: Starting OLSR
